/projects/qmchamm/shared/mick/ilp_fitting
   basis  method  registry  distance    energy  energy_err     d     a
0     bn  DFT-D2   0.00000       2.6 -6.979231         0.0   2.6  2.46
1     bn  DFT-D2   0.00000       2.7 -7.009996         0.0   2.7  2.46
2     bn  DFT-D2   0.00000       2.8 -7.030781         0.0   2.8  2.46
3     bn  DFT-D2   0.00000       2.9 -7.044043         0.0   2.9  2.46
4     bn  DFT-D2   0.00000       3.0 -7.051914         0.0   3.0  2.46
..   ...     ...       ...       ...       ...         ...   ...   ...
95    bn  DFT-D2   0.66667       6.5 -7.034724         0.0   6.5  2.46
96    bn  DFT-D2   0.66667       7.0 -7.034068         0.0   7.0  2.46
97    bn  DFT-D2   0.66667       8.0 -7.033297         0.0   8.0  2.46
98    bn  DFT-D2   0.66667       9.0 -7.032887         0.0   9.0  2.46
99    bn  DFT-D2   0.66667      11.0 -7.032515         0.0  11.0  2.46

[100 rows x 8 columns]
[7, 16]
mask [ True  True  True  True  True  True  True  True  True  True  True  True
  True  True  True  True  True  True  True]
exclude_idxs [7, 16]
[3.30682872e+00 7.88620464e+00 2.92807729e+00 1.67315846e+01
 3.57433294e-01 1.53052540e+01 7.00158100e-01 3.09732700e+00
 3.55424572e+04 3.25321930e+00 1.23212042e+01 1.06038996e+00
 1.83541243e+01 2.18970322e+01 1.50000000e+01 7.23498300e-01
 3.01311700e+00 2.43271842e+04 1.12816459e-02]
[3.30682872e+00 7.88620464e+00 2.92807729e+00 1.67315846e+01
 3.57433294e-01 1.53052540e+01 7.00158100e-01 3.55424572e+04
 3.25321930e+00 1.23212042e+01 1.06038996e+00 1.83541243e+01
 2.18970322e+01 1.50000000e+01 7.23498300e-01 2.43271842e+04
 1.12816459e-02]
params_e0 (3.306828717577226, 7.886204644643075, 2.9280772909859185, 16.731584598538927, 0.3574332941798213, 15.305254, 0.7001581, 35542.457151735165, 3.2532192957063657, 12.321204159893965, 1.0603899640891814, 18.354124272810072, 21.897032242244514, 15.0, 0.7234983, 24327.1841904431, 0.011281645859339665)
reconstructed_params [3.30682872e+00 7.88620464e+00 2.92807729e+00 1.67315846e+01
 3.57433294e-01 1.53052540e+01 7.00158100e-01 3.09732700e+00
 3.55424572e+04 3.25321930e+00 1.23212042e+01 1.06038996e+00
 1.83541243e+01 2.18970322e+01 1.50000000e+01 7.23498300e-01
 3.01311700e+00 2.43271842e+04 1.12816459e-02]
saving params.txt: (3.306828717577226, 7.886204644643075, 2.9280772909859185, 16.731584598538927, 0.3574332941798213, 15.305254, 0.7001581, 3.097327, 35542.457151735165, 3.2532192957063657, 12.321204159893965, 1.0603899640891814, 18.354124272810072, 21.897032242244514, 15.0, 0.7234983, 3.013117, 24327.1841904431, 0.011281645859339665)
saving energy.txt: [-6.89056427 -6.95307728 -6.99411397 -7.02057915 -7.03717475 -7.047115
 -7.05260093 -7.05513934 -7.05575975 -7.05516306 -7.05382388 -7.05206111
 -7.05008673 -7.04803948 -7.04600817 -7.04219006 -7.03735637 -7.03164628
 -7.02810052 -7.0259116  -7.02455005 -7.02369475 -7.02280769 -7.0224468
 -7.02224654 -6.96131878 -7.00030544 -7.02566067 -7.04166458 -7.05127586
 -7.05654996 -7.05891661 -7.0593687  -7.05859302 -7.0570617  -7.05509658
 -7.05291445 -7.05065901 -7.04842335 -7.04626569 -7.04230601 -7.03739141
 -7.03165104 -7.02810117 -7.02591169 -7.02455006 -7.02369475 -7.02280769
 -7.0224468  -7.02224654 -7.01977077 -7.03999091 -7.0525632  -7.05988294
 -7.06360478 -7.06488924 -7.06455525 -7.06318019 -7.06116881 -7.05880204
 -7.05627221 -7.05370846 -7.05119519 -7.04878535 -7.04651005 -7.04241728
 -7.03742555 -7.03165578 -7.02810182 -7.02591178 -7.02455007 -7.02369475
 -7.02280769 -7.0224468  -7.02224654 -6.89032651 -6.95311234 -6.99418684
 -7.02062881 -7.03719622 -7.04711691 -7.05259223 -7.05512629 -7.05574602
 -7.05515052 -7.05381326 -7.05205253 -7.05008003 -7.04803437 -7.04600434
 -7.042188   -7.03735561 -7.03164616 -7.0281005  -7.0259116  -7.02455005
 -7.02369475 -7.02280769 -7.0224468  -7.02224654]
params_e0 (3.3068287668528136, 7.886204644643075, 2.9280772909859185, 16.731584598538927, 0.3574332941798213, 15.305254, 0.7001581, 35542.457151735165, 3.2532192957063657, 12.321204159893965, 1.0603899640891814, 18.354124272810072, 21.897032242244514, 15.0, 0.7234983, 24327.1841904431, 0.011281645859339665)
reconstructed_params [3.30682877e+00 7.88620464e+00 2.92807729e+00 1.67315846e+01
 3.57433294e-01 1.53052540e+01 7.00158100e-01 3.09732700e+00
 3.55424572e+04 3.25321930e+00 1.23212042e+01 1.06038996e+00
 1.83541243e+01 2.18970322e+01 1.50000000e+01 7.23498300e-01
 3.01311700e+00 2.43271842e+04 1.12816459e-02]
saving params.txt: (3.3068287668528136, 7.886204644643075, 2.9280772909859185, 16.731584598538927, 0.3574332941798213, 15.305254, 0.7001581, 3.097327, 35542.457151735165, 3.2532192957063657, 12.321204159893965, 1.0603899640891814, 18.354124272810072, 21.897032242244514, 15.0, 0.7234983, 3.013117, 24327.1841904431, 0.011281645859339665)
saving energy.txt: [-6.89056426 -6.95307727 -6.99411396 -7.02057915 -7.03717474 -7.047115
 -7.05260093 -7.05513934 -7.05575975 -7.05516306 -7.05382388 -7.05206111
 -7.05008673 -7.04803948 -7.04600817 -7.04219006 -7.03735637 -7.03164628
 -7.02810052 -7.0259116  -7.02455005 -7.02369475 -7.02280769 -7.0224468
 -7.02224654 -6.96131877 -7.00030543 -7.02566066 -7.04166458 -7.05127586
 -7.05654996 -7.05891661 -7.0593687  -7.05859302 -7.0570617  -7.05509658
 -7.05291445 -7.05065901 -7.04842335 -7.04626569 -7.04230601 -7.03739141
 -7.03165104 -7.02810117 -7.02591169 -7.02455006 -7.02369475 -7.02280769
 -7.0224468  -7.02224654 -7.01977077 -7.0399909  -7.0525632  -7.05988293
 -7.06360477 -7.06488924 -7.06455525 -7.06318019 -7.06116881 -7.05880204
 -7.05627221 -7.05370846 -7.05119519 -7.04878535 -7.04651005 -7.04241728
 -7.03742555 -7.03165578 -7.02810182 -7.02591178 -7.02455007 -7.02369475
 -7.02280769 -7.0224468  -7.02224654 -6.8903265  -6.95311233 -6.99418684
 -7.0206288  -7.03719621 -7.04711691 -7.05259223 -7.05512629 -7.05574602
 -7.05515052 -7.05381325 -7.05205253 -7.05008003 -7.04803437 -7.04600434
 -7.042188   -7.03735561 -7.03164616 -7.0281005  -7.0259116  -7.02455005
 -7.02369475 -7.02280769 -7.0224468  -7.02224654]
params_e0 (3.306828717577226, 7.886204762156682, 2.9280772909859185, 16.731584598538927, 0.3574332941798213, 15.305254, 0.7001581, 35542.457151735165, 3.2532192957063657, 12.321204159893965, 1.0603899640891814, 18.354124272810072, 21.897032242244514, 15.0, 0.7234983, 24327.1841904431, 0.011281645859339665)
reconstructed_params [3.30682872e+00 7.88620476e+00 2.92807729e+00 1.67315846e+01
 3.57433294e-01 1.53052540e+01 7.00158100e-01 3.09732700e+00
 3.55424572e+04 3.25321930e+00 1.23212042e+01 1.06038996e+00
 1.83541243e+01 2.18970322e+01 1.50000000e+01 7.23498300e-01
 3.01311700e+00 2.43271842e+04 1.12816459e-02]
saving params.txt: (3.306828717577226, 7.886204762156682, 2.9280772909859185, 16.731584598538927, 0.3574332941798213, 15.305254, 0.7001581, 3.097327, 35542.457151735165, 3.2532192957063657, 12.321204159893965, 1.0603899640891814, 18.354124272810072, 21.897032242244514, 15.0, 0.7234983, 3.013117, 24327.1841904431, 0.011281645859339665)
saving energy.txt: [-6.89056427 -6.95307728 -6.99411397 -7.02057915 -7.03717475 -7.047115
 -7.05260093 -7.05513934 -7.05575975 -7.05516306 -7.05382388 -7.05206111
 -7.05008673 -7.04803948 -7.04600817 -7.04219006 -7.03735637 -7.03164628
 -7.02810052 -7.0259116  -7.02455005 -7.02369475 -7.02280769 -7.0224468
 -7.02224654 -6.96131878 -7.00030544 -7.02566067 -7.04166458 -7.05127586
 -7.05654996 -7.05891661 -7.0593687  -7.05859302 -7.0570617  -7.05509658
 -7.05291445 -7.05065901 -7.04842335 -7.04626569 -7.04230601 -7.03739141
 -7.03165104 -7.02810117 -7.02591169 -7.02455006 -7.02369475 -7.02280769
 -7.0224468  -7.02224654 -7.01977077 -7.03999091 -7.0525632  -7.05988294
 -7.06360478 -7.06488924 -7.06455525 -7.06318019 -7.06116881 -7.05880204
 -7.05627221 -7.05370846 -7.05119519 -7.04878535 -7.04651005 -7.04241728
 -7.03742555 -7.03165578 -7.02810182 -7.02591178 -7.02455007 -7.02369475
 -7.02280769 -7.0224468  -7.02224654 -6.89032651 -6.95311234 -6.99418684
 -7.02062881 -7.03719622 -7.04711691 -7.05259223 -7.05512629 -7.05574602
 -7.05515052 -7.05381326 -7.05205253 -7.05008003 -7.04803437 -7.04600434
 -7.042188   -7.03735561 -7.03164616 -7.0281005  -7.0259116  -7.02455005
 -7.02369475 -7.02280769 -7.0224468  -7.02224654]
params_e0 (3.306828717577226, 7.886204644643075, 2.92807733461767, 16.731584598538927, 0.3574332941798213, 15.305254, 0.7001581, 35542.457151735165, 3.2532192957063657, 12.321204159893965, 1.0603899640891814, 18.354124272810072, 21.897032242244514, 15.0, 0.7234983, 24327.1841904431, 0.011281645859339665)
reconstructed_params [3.30682872e+00 7.88620464e+00 2.92807733e+00 1.67315846e+01
 3.57433294e-01 1.53052540e+01 7.00158100e-01 3.09732700e+00
 3.55424572e+04 3.25321930e+00 1.23212042e+01 1.06038996e+00
 1.83541243e+01 2.18970322e+01 1.50000000e+01 7.23498300e-01
 3.01311700e+00 2.43271842e+04 1.12816459e-02]
saving params.txt: (3.306828717577226, 7.886204644643075, 2.92807733461767, 16.731584598538927, 0.3574332941798213, 15.305254, 0.7001581, 3.097327, 35542.457151735165, 3.2532192957063657, 12.321204159893965, 1.0603899640891814, 18.354124272810072, 21.897032242244514, 15.0, 0.7234983, 3.013117, 24327.1841904431, 0.011281645859339665)
saving energy.txt: [-6.89056427 -6.95307728 -6.99411397 -7.02057915 -7.03717475 -7.047115
 -7.05260093 -7.05513934 -7.05575975 -7.05516306 -7.05382388 -7.05206111
 -7.05008673 -7.04803948 -7.04600817 -7.04219006 -7.03735637 -7.03164628
 -7.02810052 -7.0259116  -7.02455005 -7.02369475 -7.02280769 -7.0224468
 -7.02224654 -6.96131878 -7.00030544 -7.02566067 -7.04166458 -7.05127586
 -7.05654996 -7.05891661 -7.0593687  -7.05859302 -7.0570617  -7.05509658
 -7.05291445 -7.05065901 -7.04842335 -7.04626569 -7.04230601 -7.03739141
 -7.03165104 -7.02810117 -7.02591169 -7.02455006 -7.02369475 -7.02280769
 -7.0224468  -7.02224654 -7.01977077 -7.03999091 -7.0525632  -7.05988294
 -7.06360478 -7.06488924 -7.06455525 -7.06318019 -7.06116881 -7.05880204
 -7.05627221 -7.05370846 -7.05119519 -7.04878535 -7.04651005 -7.04241728
 -7.03742555 -7.03165578 -7.02810182 -7.02591178 -7.02455007 -7.02369475
 -7.02280769 -7.0224468  -7.02224654 -6.89032651 -6.95311234 -6.99418684
 -7.02062881 -7.03719622 -7.04711691 -7.05259223 -7.05512629 -7.05574602
 -7.05515052 -7.05381326 -7.05205253 -7.05008003 -7.04803437 -7.04600434
 -7.042188   -7.03735561 -7.03164616 -7.0281005  -7.0259116  -7.02455005
 -7.02369475 -7.02280769 -7.0224468  -7.02224654]
params_e0 (3.306828717577226, 7.886204644643075, 2.9280772909859185, 16.731584847858965, 0.3574332941798213, 15.305254, 0.7001581, 35542.457151735165, 3.2532192957063657, 12.321204159893965, 1.0603899640891814, 18.354124272810072, 21.897032242244514, 15.0, 0.7234983, 24327.1841904431, 0.011281645859339665)
reconstructed_params [3.30682872e+00 7.88620464e+00 2.92807729e+00 1.67315848e+01
 3.57433294e-01 1.53052540e+01 7.00158100e-01 3.09732700e+00
 3.55424572e+04 3.25321930e+00 1.23212042e+01 1.06038996e+00
 1.83541243e+01 2.18970322e+01 1.50000000e+01 7.23498300e-01
 3.01311700e+00 2.43271842e+04 1.12816459e-02]
saving params.txt: (3.306828717577226, 7.886204644643075, 2.9280772909859185, 16.731584847858965, 0.3574332941798213, 15.305254, 0.7001581, 3.097327, 35542.457151735165, 3.2532192957063657, 12.321204159893965, 1.0603899640891814, 18.354124272810072, 21.897032242244514, 15.0, 0.7234983, 3.013117, 24327.1841904431, 0.011281645859339665)
saving energy.txt: [-6.89056427 -6.95307728 -6.99411397 -7.02057915 -7.03717474 -7.047115
 -7.05260093 -7.05513934 -7.05575975 -7.05516306 -7.05382388 -7.05206111
 -7.05008673 -7.04803948 -7.04600817 -7.04219006 -7.03735637 -7.03164628
 -7.02810052 -7.0259116  -7.02455005 -7.02369475 -7.02280769 -7.0224468
 -7.02224654 -6.96131878 -7.00030544 -7.02566067 -7.04166458 -7.05127586
 -7.05654996 -7.05891661 -7.0593687  -7.05859302 -7.0570617  -7.05509658
 -7.05291445 -7.05065901 -7.04842335 -7.04626569 -7.04230601 -7.03739141
 -7.03165104 -7.02810117 -7.02591169 -7.02455006 -7.02369475 -7.02280769
 -7.0224468  -7.02224654 -7.01977077 -7.03999091 -7.0525632  -7.05988294
 -7.06360478 -7.06488924 -7.06455525 -7.06318019 -7.06116881 -7.05880204
 -7.05627221 -7.05370846 -7.05119519 -7.04878535 -7.04651005 -7.04241728
 -7.03742555 -7.03165578 -7.02810182 -7.02591178 -7.02455007 -7.02369475
 -7.02280769 -7.0224468  -7.02224654 -6.89032651 -6.95311234 -6.99418684
 -7.02062881 -7.03719622 -7.04711691 -7.05259223 -7.05512629 -7.05574602
 -7.05515052 -7.05381326 -7.05205253 -7.05008003 -7.04803437 -7.04600434
 -7.042188   -7.03735561 -7.03164616 -7.0281005  -7.0259116  -7.02455005
 -7.02369475 -7.02280769 -7.0224468  -7.02224654]
params_e0 (3.306828717577226, 7.886204644643075, 2.9280772909859185, 16.731584598538927, 0.3574333090809825, 15.305254, 0.7001581, 35542.457151735165, 3.2532192957063657, 12.321204159893965, 1.0603899640891814, 18.354124272810072, 21.897032242244514, 15.0, 0.7234983, 24327.1841904431, 0.011281645859339665)
reconstructed_params [3.30682872e+00 7.88620464e+00 2.92807729e+00 1.67315846e+01
 3.57433309e-01 1.53052540e+01 7.00158100e-01 3.09732700e+00
 3.55424572e+04 3.25321930e+00 1.23212042e+01 1.06038996e+00
 1.83541243e+01 2.18970322e+01 1.50000000e+01 7.23498300e-01
 3.01311700e+00 2.43271842e+04 1.12816459e-02]
saving params.txt: (3.306828717577226, 7.886204644643075, 2.9280772909859185, 16.731584598538927, 0.3574333090809825, 15.305254, 0.7001581, 3.097327, 35542.457151735165, 3.2532192957063657, 12.321204159893965, 1.0603899640891814, 18.354124272810072, 21.897032242244514, 15.0, 0.7234983, 3.013117, 24327.1841904431, 0.011281645859339665)
saving energy.txt: [-6.89056427 -6.95307728 -6.99411397 -7.02057915 -7.03717475 -7.047115
 -7.05260093 -7.05513934 -7.05575975 -7.05516306 -7.05382388 -7.05206111
 -7.05008673 -7.04803948 -7.04600817 -7.04219006 -7.03735637 -7.03164628
 -7.02810052 -7.0259116  -7.02455005 -7.02369475 -7.02280769 -7.0224468
 -7.02224654 -6.96131878 -7.00030544 -7.02566067 -7.04166458 -7.05127586
 -7.05654996 -7.05891661 -7.0593687  -7.05859302 -7.0570617  -7.05509658
 -7.05291445 -7.05065901 -7.04842335 -7.04626569 -7.04230601 -7.03739141
 -7.03165104 -7.02810117 -7.02591169 -7.02455006 -7.02369475 -7.02280769
 -7.0224468  -7.02224654 -7.01977077 -7.03999091 -7.0525632  -7.05988294
 -7.06360478 -7.06488924 -7.06455525 -7.06318019 -7.06116881 -7.05880204
 -7.05627221 -7.05370846 -7.05119519 -7.04878535 -7.04651005 -7.04241728
 -7.03742555 -7.03165578 -7.02810182 -7.02591178 -7.02455007 -7.02369475
 -7.02280769 -7.0224468  -7.02224654 -6.89032651 -6.95311234 -6.99418684
 -7.02062881 -7.03719622 -7.04711691 -7.05259223 -7.05512629 -7.05574602
 -7.05515052 -7.05381326 -7.05205253 -7.05008003 -7.04803437 -7.04600434
 -7.042188   -7.03735561 -7.03164616 -7.0281005  -7.0259116  -7.02455005
 -7.02369475 -7.02280769 -7.0224468  -7.02224654]
params_e0 (3.306828717577226, 7.886204644643075, 2.9280772909859185, 16.731584598538927, 0.3574332941798213, 15.305254228066056, 0.7001581, 35542.457151735165, 3.2532192957063657, 12.321204159893965, 1.0603899640891814, 18.354124272810072, 21.897032242244514, 15.0, 0.7234983, 24327.1841904431, 0.011281645859339665)
reconstructed_params [3.30682872e+00 7.88620464e+00 2.92807729e+00 1.67315846e+01
 3.57433294e-01 1.53052542e+01 7.00158100e-01 3.09732700e+00
 3.55424572e+04 3.25321930e+00 1.23212042e+01 1.06038996e+00
 1.83541243e+01 2.18970322e+01 1.50000000e+01 7.23498300e-01
 3.01311700e+00 2.43271842e+04 1.12816459e-02]
saving params.txt: (3.306828717577226, 7.886204644643075, 2.9280772909859185, 16.731584598538927, 0.3574332941798213, 15.305254228066056, 0.7001581, 3.097327, 35542.457151735165, 3.2532192957063657, 12.321204159893965, 1.0603899640891814, 18.354124272810072, 21.897032242244514, 15.0, 0.7234983, 3.013117, 24327.1841904431, 0.011281645859339665)
saving energy.txt: [-6.89056427 -6.95307728 -6.99411397 -7.02057915 -7.03717475 -7.047115
 -7.05260093 -7.05513934 -7.05575975 -7.05516306 -7.05382388 -7.05206111
 -7.05008673 -7.04803948 -7.04600817 -7.04219006 -7.03735637 -7.03164628
 -7.02810052 -7.0259116  -7.02455005 -7.02369475 -7.02280769 -7.0224468
 -7.02224654 -6.96131878 -7.00030544 -7.02566067 -7.04166458 -7.05127586
 -7.05654996 -7.05891661 -7.0593687  -7.05859302 -7.0570617  -7.05509658
 -7.05291445 -7.05065901 -7.04842335 -7.04626569 -7.04230601 -7.03739141
 -7.03165104 -7.02810117 -7.02591169 -7.02455006 -7.02369475 -7.02280769
 -7.0224468  -7.02224654 -7.01977077 -7.03999091 -7.0525632  -7.05988294
 -7.06360478 -7.06488924 -7.06455525 -7.06318019 -7.06116881 -7.05880204
 -7.05627221 -7.05370846 -7.05119519 -7.04878535 -7.04651005 -7.04241728
 -7.03742555 -7.03165578 -7.02810182 -7.02591178 -7.02455007 -7.02369475
 -7.02280769 -7.0224468  -7.02224654 -6.89032651 -6.95311234 -6.99418684
 -7.02062881 -7.03719622 -7.04711691 -7.05259223 -7.05512629 -7.05574602
 -7.05515052 -7.05381326 -7.05205253 -7.05008003 -7.04803437 -7.04600434
 -7.042188   -7.03735561 -7.03164616 -7.0281005  -7.0259116  -7.02455005
 -7.02369475 -7.02280769 -7.0224468  -7.02224654]
params_e0 (3.306828717577226, 7.886204644643075, 2.9280772909859185, 16.731584598538927, 0.3574332941798213, 15.305254, 0.7001581149011612, 35542.457151735165, 3.2532192957063657, 12.321204159893965, 1.0603899640891814, 18.354124272810072, 21.897032242244514, 15.0, 0.7234983, 24327.1841904431, 0.011281645859339665)
reconstructed_params [3.30682872e+00 7.88620464e+00 2.92807729e+00 1.67315846e+01
 3.57433294e-01 1.53052540e+01 7.00158115e-01 3.09732700e+00
 3.55424572e+04 3.25321930e+00 1.23212042e+01 1.06038996e+00
 1.83541243e+01 2.18970322e+01 1.50000000e+01 7.23498300e-01
 3.01311700e+00 2.43271842e+04 1.12816459e-02]
saving params.txt: (3.306828717577226, 7.886204644643075, 2.9280772909859185, 16.731584598538927, 0.3574332941798213, 15.305254, 0.7001581149011612, 3.097327, 35542.457151735165, 3.2532192957063657, 12.321204159893965, 1.0603899640891814, 18.354124272810072, 21.897032242244514, 15.0, 0.7234983, 3.013117, 24327.1841904431, 0.011281645859339665)
saving energy.txt: [-6.89056427 -6.95307728 -6.99411397 -7.02057915 -7.03717475 -7.047115
 -7.05260093 -7.05513934 -7.05575975 -7.05516306 -7.05382388 -7.05206111
 -7.05008673 -7.04803948 -7.04600817 -7.04219006 -7.03735637 -7.03164628
 -7.02810052 -7.0259116  -7.02455005 -7.02369475 -7.02280769 -7.0224468
 -7.02224654 -6.96131878 -7.00030544 -7.02566067 -7.04166458 -7.05127586
 -7.05654996 -7.05891661 -7.0593687  -7.05859302 -7.0570617  -7.05509658
 -7.05291445 -7.05065901 -7.04842335 -7.04626569 -7.04230601 -7.03739141
 -7.03165104 -7.02810117 -7.02591169 -7.02455006 -7.02369475 -7.02280769
 -7.0224468  -7.02224654 -7.01977077 -7.03999091 -7.0525632  -7.05988294
 -7.06360478 -7.06488924 -7.06455525 -7.06318019 -7.06116881 -7.05880204
 -7.05627221 -7.05370846 -7.05119519 -7.04878535 -7.04651005 -7.04241728
 -7.03742555 -7.03165578 -7.02810182 -7.02591178 -7.02455007 -7.02369475
 -7.02280769 -7.0224468  -7.02224654 -6.89032651 -6.95311234 -6.99418684
 -7.02062881 -7.03719622 -7.04711691 -7.05259223 -7.05512629 -7.05574602
 -7.05515052 -7.05381326 -7.05205253 -7.05008003 -7.04803437 -7.04600434
 -7.042188   -7.03735561 -7.03164616 -7.0281005  -7.0259116  -7.02455005
 -7.02369475 -7.02280769 -7.0224468  -7.02224654]
params_e0 (3.306828717577226, 7.886204644643075, 2.9280772909859185, 16.731584598538927, 0.3574332941798213, 15.305254, 0.7001581, 35542.45768135905, 3.2532192957063657, 12.321204159893965, 1.0603899640891814, 18.354124272810072, 21.897032242244514, 15.0, 0.7234983, 24327.1841904431, 0.011281645859339665)
reconstructed_params [3.30682872e+00 7.88620464e+00 2.92807729e+00 1.67315846e+01
 3.57433294e-01 1.53052540e+01 7.00158100e-01 3.09732700e+00
 3.55424577e+04 3.25321930e+00 1.23212042e+01 1.06038996e+00
 1.83541243e+01 2.18970322e+01 1.50000000e+01 7.23498300e-01
 3.01311700e+00 2.43271842e+04 1.12816459e-02]
saving params.txt: (3.306828717577226, 7.886204644643075, 2.9280772909859185, 16.731584598538927, 0.3574332941798213, 15.305254, 0.7001581, 3.097327, 35542.45768135905, 3.2532192957063657, 12.321204159893965, 1.0603899640891814, 18.354124272810072, 21.897032242244514, 15.0, 0.7234983, 3.013117, 24327.1841904431, 0.011281645859339665)
saving energy.txt: [-6.89056427 -6.95307728 -6.99411397 -7.02057915 -7.03717475 -7.047115
 -7.05260093 -7.05513934 -7.05575975 -7.05516306 -7.05382388 -7.05206111
 -7.05008673 -7.04803948 -7.04600817 -7.04219006 -7.03735637 -7.03164628
 -7.02810052 -7.0259116  -7.02455005 -7.02369475 -7.02280769 -7.0224468
 -7.02224654 -6.96131878 -7.00030544 -7.02566067 -7.04166458 -7.05127586
 -7.05654996 -7.05891661 -7.0593687  -7.05859302 -7.0570617  -7.05509658
 -7.05291445 -7.05065901 -7.04842335 -7.04626569 -7.04230601 -7.03739141
 -7.03165104 -7.02810117 -7.02591169 -7.02455006 -7.02369475 -7.02280769
 -7.0224468  -7.02224654 -7.01977077 -7.03999091 -7.0525632  -7.05988294
 -7.06360478 -7.06488924 -7.06455525 -7.06318019 -7.06116881 -7.05880204
 -7.05627221 -7.05370846 -7.05119519 -7.04878535 -7.04651005 -7.04241728
 -7.03742555 -7.03165578 -7.02810182 -7.02591178 -7.02455007 -7.02369475
 -7.02280769 -7.0224468  -7.02224654 -6.89032651 -6.95311234 -6.99418684
 -7.02062881 -7.03719622 -7.04711691 -7.05259223 -7.05512629 -7.05574603
 -7.05515052 -7.05381326 -7.05205253 -7.05008003 -7.04803437 -7.04600434
 -7.042188   -7.03735561 -7.03164616 -7.0281005  -7.0259116  -7.02455005
 -7.02369475 -7.02280769 -7.0224468  -7.02224654]
params_e0 (3.306828717577226, 7.886204644643075, 2.9280772909859185, 16.731584598538927, 0.3574332941798213, 15.305254, 0.7001581, 35542.457151735165, 3.253219344183111, 12.321204159893965, 1.0603899640891814, 18.354124272810072, 21.897032242244514, 15.0, 0.7234983, 24327.1841904431, 0.011281645859339665)
reconstructed_params [3.30682872e+00 7.88620464e+00 2.92807729e+00 1.67315846e+01
 3.57433294e-01 1.53052540e+01 7.00158100e-01 3.09732700e+00
 3.55424572e+04 3.25321934e+00 1.23212042e+01 1.06038996e+00
 1.83541243e+01 2.18970322e+01 1.50000000e+01 7.23498300e-01
 3.01311700e+00 2.43271842e+04 1.12816459e-02]
saving params.txt: (3.306828717577226, 7.886204644643075, 2.9280772909859185, 16.731584598538927, 0.3574332941798213, 15.305254, 0.7001581, 3.097327, 35542.457151735165, 3.253219344183111, 12.321204159893965, 1.0603899640891814, 18.354124272810072, 21.897032242244514, 15.0, 0.7234983, 3.013117, 24327.1841904431, 0.011281645859339665)
saving energy.txt: [-6.89056424 -6.95307726 -6.99411395 -7.02057914 -7.03717474 -7.04711499
 -7.05260093 -7.05513934 -7.05575975 -7.05516306 -7.05382388 -7.05206111
 -7.05008673 -7.04803948 -7.04600817 -7.04219006 -7.03735637 -7.03164628
 -7.02810052 -7.0259116  -7.02455005 -7.02369475 -7.02280769 -7.0224468
 -7.02224654 -6.96131875 -7.00030542 -7.02566065 -7.04166457 -7.05127586
 -7.05654995 -7.05891661 -7.0593687  -7.05859302 -7.0570617  -7.05509658
 -7.05291445 -7.05065901 -7.04842335 -7.04626569 -7.04230601 -7.03739141
 -7.03165104 -7.02810117 -7.02591169 -7.02455006 -7.02369475 -7.02280769
 -7.0224468  -7.02224654 -7.01977076 -7.0399909  -7.05256319 -7.05988293
 -7.06360477 -7.06488924 -7.06455525 -7.06318019 -7.06116881 -7.05880204
 -7.05627221 -7.05370846 -7.05119519 -7.04878535 -7.04651005 -7.04241728
 -7.03742555 -7.03165578 -7.02810182 -7.02591178 -7.02455007 -7.02369475
 -7.02280769 -7.0224468  -7.02224654 -6.89032648 -6.95311231 -6.99418683
 -7.0206288  -7.03719621 -7.0471169  -7.05259222 -7.05512629 -7.05574602
 -7.05515052 -7.05381325 -7.05205253 -7.05008003 -7.04803437 -7.04600434
 -7.042188   -7.03735561 -7.03164616 -7.0281005  -7.0259116  -7.02455005
 -7.02369475 -7.02280769 -7.0224468  -7.02224654]
params_e0 (3.306828717577226, 7.886204644643075, 2.9280772909859185, 16.731584598538927, 0.3574332941798213, 15.305254, 0.7001581, 35542.457151735165, 3.2532192957063657, 12.321204343494214, 1.0603899640891814, 18.354124272810072, 21.897032242244514, 15.0, 0.7234983, 24327.1841904431, 0.011281645859339665)
reconstructed_params [3.30682872e+00 7.88620464e+00 2.92807729e+00 1.67315846e+01
 3.57433294e-01 1.53052540e+01 7.00158100e-01 3.09732700e+00
 3.55424572e+04 3.25321930e+00 1.23212043e+01 1.06038996e+00
 1.83541243e+01 2.18970322e+01 1.50000000e+01 7.23498300e-01
 3.01311700e+00 2.43271842e+04 1.12816459e-02]
saving params.txt: (3.306828717577226, 7.886204644643075, 2.9280772909859185, 16.731584598538927, 0.3574332941798213, 15.305254, 0.7001581, 3.097327, 35542.457151735165, 3.2532192957063657, 12.321204343494214, 1.0603899640891814, 18.354124272810072, 21.897032242244514, 15.0, 0.7234983, 3.013117, 24327.1841904431, 0.011281645859339665)
saving energy.txt: [-6.89056426 -6.95307728 -6.99411396 -7.02057915 -7.03717474 -7.047115
 -7.05260093 -7.05513934 -7.05575975 -7.05516306 -7.05382388 -7.05206111
 -7.05008673 -7.04803948 -7.04600817 -7.04219006 -7.03735637 -7.03164628
 -7.02810052 -7.0259116  -7.02455005 -7.02369475 -7.02280769 -7.0224468
 -7.02224654 -6.96131877 -7.00030544 -7.02566066 -7.04166458 -7.05127586
 -7.05654996 -7.05891661 -7.0593687  -7.05859302 -7.0570617  -7.05509658
 -7.05291445 -7.05065901 -7.04842335 -7.04626569 -7.04230601 -7.03739141
 -7.03165104 -7.02810117 -7.02591169 -7.02455006 -7.02369475 -7.02280769
 -7.0224468  -7.02224654 -7.01977077 -7.03999091 -7.0525632  -7.05988294
 -7.06360478 -7.06488924 -7.06455525 -7.06318019 -7.06116881 -7.05880204
 -7.05627221 -7.05370846 -7.05119519 -7.04878535 -7.04651005 -7.04241728
 -7.03742555 -7.03165578 -7.02810182 -7.02591178 -7.02455007 -7.02369475
 -7.02280769 -7.0224468  -7.02224654 -6.8903265  -6.95311233 -6.99418684
 -7.02062881 -7.03719622 -7.04711691 -7.05259223 -7.05512629 -7.05574602
 -7.05515052 -7.05381326 -7.05205253 -7.05008003 -7.04803437 -7.04600434
 -7.042188   -7.03735561 -7.03164616 -7.0281005  -7.0259116  -7.02455005
 -7.02369475 -7.02280769 -7.0224468  -7.02224654]
params_e0 (3.306828717577226, 7.886204644643075, 2.9280772909859185, 16.731584598538927, 0.3574332941798213, 15.305254, 0.7001581, 35542.457151735165, 3.2532192957063657, 12.321204159893965, 1.0603899798902232, 18.354124272810072, 21.897032242244514, 15.0, 0.7234983, 24327.1841904431, 0.011281645859339665)
reconstructed_params [3.30682872e+00 7.88620464e+00 2.92807729e+00 1.67315846e+01
 3.57433294e-01 1.53052540e+01 7.00158100e-01 3.09732700e+00
 3.55424572e+04 3.25321930e+00 1.23212042e+01 1.06038998e+00
 1.83541243e+01 2.18970322e+01 1.50000000e+01 7.23498300e-01
 3.01311700e+00 2.43271842e+04 1.12816459e-02]
saving params.txt: (3.306828717577226, 7.886204644643075, 2.9280772909859185, 16.731584598538927, 0.3574332941798213, 15.305254, 0.7001581, 3.097327, 35542.457151735165, 3.2532192957063657, 12.321204159893965, 1.0603899798902232, 18.354124272810072, 21.897032242244514, 15.0, 0.7234983, 3.013117, 24327.1841904431, 0.011281645859339665)
saving energy.txt: [-6.89056427 -6.95307728 -6.99411397 -7.02057915 -7.03717475 -7.047115
 -7.05260093 -7.05513934 -7.05575975 -7.05516306 -7.05382388 -7.05206111
 -7.05008673 -7.04803948 -7.04600817 -7.04219006 -7.03735637 -7.03164628
 -7.02810052 -7.0259116  -7.02455005 -7.02369475 -7.02280769 -7.0224468
 -7.02224654 -6.96131878 -7.00030544 -7.02566066 -7.04166458 -7.05127586
 -7.05654996 -7.05891661 -7.0593687  -7.05859302 -7.0570617  -7.05509658
 -7.05291445 -7.05065901 -7.04842335 -7.04626569 -7.04230601 -7.03739141
 -7.03165104 -7.02810117 -7.02591169 -7.02455006 -7.02369475 -7.02280769
 -7.0224468  -7.02224654 -7.01977077 -7.03999091 -7.0525632  -7.05988294
 -7.06360478 -7.06488924 -7.06455525 -7.06318019 -7.06116881 -7.05880204
 -7.05627221 -7.05370846 -7.05119519 -7.04878535 -7.04651005 -7.04241728
 -7.03742555 -7.03165578 -7.02810182 -7.02591178 -7.02455007 -7.02369475
 -7.02280769 -7.0224468  -7.02224654 -6.89032651 -6.95311234 -6.99418684
 -7.02062881 -7.03719622 -7.04711691 -7.05259223 -7.05512629 -7.05574602
 -7.05515052 -7.05381326 -7.05205253 -7.05008003 -7.04803437 -7.04600434
 -7.042188   -7.03735561 -7.03164616 -7.0281005  -7.0259116  -7.02455005
 -7.02369475 -7.02280769 -7.0224468  -7.02224654]
params_e0 (3.306828717577226, 7.886204644643075, 2.9280772909859185, 16.731584598538927, 0.3574332941798213, 15.305254, 0.7001581, 35542.457151735165, 3.2532192957063657, 12.321204159893965, 1.0603899640891814, 18.354124546307837, 21.897032242244514, 15.0, 0.7234983, 24327.1841904431, 0.011281645859339665)
reconstructed_params [3.30682872e+00 7.88620464e+00 2.92807729e+00 1.67315846e+01
 3.57433294e-01 1.53052540e+01 7.00158100e-01 3.09732700e+00
 3.55424572e+04 3.25321930e+00 1.23212042e+01 1.06038996e+00
 1.83541245e+01 2.18970322e+01 1.50000000e+01 7.23498300e-01
 3.01311700e+00 2.43271842e+04 1.12816459e-02]
saving params.txt: (3.306828717577226, 7.886204644643075, 2.9280772909859185, 16.731584598538927, 0.3574332941798213, 15.305254, 0.7001581, 3.097327, 35542.457151735165, 3.2532192957063657, 12.321204159893965, 1.0603899640891814, 18.354124546307837, 21.897032242244514, 15.0, 0.7234983, 3.013117, 24327.1841904431, 0.011281645859339665)
saving energy.txt: [-6.89056427 -6.95307728 -6.99411397 -7.02057915 -7.03717474 -7.047115
 -7.05260093 -7.05513934 -7.05575975 -7.05516306 -7.05382388 -7.05206111
 -7.05008673 -7.04803948 -7.04600817 -7.04219006 -7.03735637 -7.03164628
 -7.02810052 -7.0259116  -7.02455005 -7.02369475 -7.02280769 -7.0224468
 -7.02224654 -6.96131878 -7.00030544 -7.02566067 -7.04166458 -7.05127586
 -7.05654996 -7.05891661 -7.0593687  -7.05859302 -7.0570617  -7.05509658
 -7.05291445 -7.05065901 -7.04842335 -7.04626569 -7.04230601 -7.03739141
 -7.03165104 -7.02810117 -7.02591169 -7.02455006 -7.02369475 -7.02280769
 -7.0224468  -7.02224654 -7.01977077 -7.03999091 -7.0525632  -7.05988294
 -7.06360478 -7.06488924 -7.06455525 -7.06318019 -7.06116881 -7.05880204
 -7.05627221 -7.05370846 -7.05119519 -7.04878535 -7.04651005 -7.04241728
 -7.03742555 -7.03165578 -7.02810182 -7.02591178 -7.02455007 -7.02369475
 -7.02280769 -7.0224468  -7.02224654 -6.89032651 -6.95311234 -6.99418684
 -7.02062881 -7.03719622 -7.04711691 -7.05259223 -7.05512629 -7.05574602
 -7.05515052 -7.05381326 -7.05205253 -7.05008003 -7.04803437 -7.04600434
 -7.042188   -7.03735561 -7.03164616 -7.0281005  -7.0259116  -7.02455005
 -7.02369475 -7.02280769 -7.0224468  -7.02224654]
params_e0 (3.306828717577226, 7.886204644643075, 2.9280772909859185, 16.731584598538927, 0.3574332941798213, 15.305254, 0.7001581, 35542.457151735165, 3.2532192957063657, 12.321204159893965, 1.0603899640891814, 18.354124272810072, 21.89703256853572, 15.0, 0.7234983, 24327.1841904431, 0.011281645859339665)
reconstructed_params [3.30682872e+00 7.88620464e+00 2.92807729e+00 1.67315846e+01
 3.57433294e-01 1.53052540e+01 7.00158100e-01 3.09732700e+00
 3.55424572e+04 3.25321930e+00 1.23212042e+01 1.06038996e+00
 1.83541243e+01 2.18970326e+01 1.50000000e+01 7.23498300e-01
 3.01311700e+00 2.43271842e+04 1.12816459e-02]
saving params.txt: (3.306828717577226, 7.886204644643075, 2.9280772909859185, 16.731584598538927, 0.3574332941798213, 15.305254, 0.7001581, 3.097327, 35542.457151735165, 3.2532192957063657, 12.321204159893965, 1.0603899640891814, 18.354124272810072, 21.89703256853572, 15.0, 0.7234983, 3.013117, 24327.1841904431, 0.011281645859339665)
saving energy.txt: [-6.89056427 -6.95307728 -6.99411396 -7.02057915 -7.03717474 -7.047115
 -7.05260093 -7.05513934 -7.05575975 -7.05516306 -7.05382388 -7.05206111
 -7.05008673 -7.04803948 -7.04600817 -7.04219006 -7.03735637 -7.03164628
 -7.02810052 -7.0259116  -7.02455005 -7.02369475 -7.02280769 -7.0224468
 -7.02224654 -6.96131878 -7.00030544 -7.02566067 -7.04166458 -7.05127586
 -7.05654996 -7.05891661 -7.0593687  -7.05859302 -7.0570617  -7.05509658
 -7.05291445 -7.05065901 -7.04842335 -7.04626569 -7.04230601 -7.03739141
 -7.03165104 -7.02810117 -7.02591169 -7.02455006 -7.02369475 -7.02280769
 -7.0224468  -7.02224654 -7.01977077 -7.03999091 -7.0525632  -7.05988294
 -7.06360478 -7.06488924 -7.06455525 -7.06318019 -7.06116881 -7.05880204
 -7.05627221 -7.05370846 -7.05119519 -7.04878535 -7.04651005 -7.04241728
 -7.03742555 -7.03165578 -7.02810182 -7.02591178 -7.02455007 -7.02369475
 -7.02280769 -7.0224468  -7.02224654 -6.89032651 -6.95311234 -6.99418684
 -7.02062881 -7.03719622 -7.04711691 -7.05259223 -7.05512629 -7.05574602
 -7.05515052 -7.05381326 -7.05205253 -7.05008003 -7.04803437 -7.04600434
 -7.042188   -7.03735561 -7.03164616 -7.0281005  -7.0259116  -7.02455005
 -7.02369475 -7.02280769 -7.0224468  -7.02224654]
params_e0 (3.306828717577226, 7.886204644643075, 2.9280772909859185, 16.731584598538927, 0.3574332941798213, 15.305254, 0.7001581, 35542.457151735165, 3.2532192957063657, 12.321204159893965, 1.0603899640891814, 18.354124272810072, 21.897032242244514, 15.000000223517418, 0.7234983, 24327.1841904431, 0.011281645859339665)
reconstructed_params [3.30682872e+00 7.88620464e+00 2.92807729e+00 1.67315846e+01
 3.57433294e-01 1.53052540e+01 7.00158100e-01 3.09732700e+00
 3.55424572e+04 3.25321930e+00 1.23212042e+01 1.06038996e+00
 1.83541243e+01 2.18970322e+01 1.50000002e+01 7.23498300e-01
 3.01311700e+00 2.43271842e+04 1.12816459e-02]
saving params.txt: (3.306828717577226, 7.886204644643075, 2.9280772909859185, 16.731584598538927, 0.3574332941798213, 15.305254, 0.7001581, 3.097327, 35542.457151735165, 3.2532192957063657, 12.321204159893965, 1.0603899640891814, 18.354124272810072, 21.897032242244514, 15.000000223517418, 0.7234983, 3.013117, 24327.1841904431, 0.011281645859339665)
saving energy.txt: [-6.89056427 -6.95307728 -6.99411397 -7.02057915 -7.03717475 -7.047115
 -7.05260093 -7.05513934 -7.05575975 -7.05516306 -7.05382388 -7.05206111
 -7.05008673 -7.04803948 -7.04600817 -7.04219006 -7.03735637 -7.03164628
 -7.02810052 -7.0259116  -7.02455005 -7.02369475 -7.02280769 -7.0224468
 -7.02224654 -6.96131878 -7.00030544 -7.02566067 -7.04166458 -7.05127586
 -7.05654996 -7.05891661 -7.0593687  -7.05859302 -7.0570617  -7.05509658
 -7.05291445 -7.05065901 -7.04842335 -7.04626569 -7.04230601 -7.03739141
 -7.03165104 -7.02810117 -7.02591169 -7.02455006 -7.02369475 -7.02280769
 -7.0224468  -7.02224654 -7.01977077 -7.03999091 -7.0525632  -7.05988294
 -7.06360478 -7.06488924 -7.06455525 -7.06318019 -7.06116881 -7.05880204
 -7.05627221 -7.05370846 -7.05119519 -7.04878535 -7.04651005 -7.04241728
 -7.03742555 -7.03165578 -7.02810182 -7.02591178 -7.02455007 -7.02369475
 -7.02280769 -7.0224468  -7.02224654 -6.89032651 -6.95311234 -6.99418684
 -7.02062881 -7.03719622 -7.04711691 -7.05259223 -7.05512629 -7.05574602
 -7.05515052 -7.05381326 -7.05205253 -7.05008003 -7.04803437 -7.04600434
 -7.042188   -7.03735561 -7.03164616 -7.0281005  -7.0259116  -7.02455005
 -7.02369475 -7.02280769 -7.0224468  -7.02224654]
params_e0 (3.306828717577226, 7.886204644643075, 2.9280772909859185, 16.731584598538927, 0.3574332941798213, 15.305254, 0.7001581, 35542.457151735165, 3.2532192957063657, 12.321204159893965, 1.0603899640891814, 18.354124272810072, 21.897032242244514, 15.0, 0.7234983149011612, 24327.1841904431, 0.011281645859339665)
reconstructed_params [3.30682872e+00 7.88620464e+00 2.92807729e+00 1.67315846e+01
 3.57433294e-01 1.53052540e+01 7.00158100e-01 3.09732700e+00
 3.55424572e+04 3.25321930e+00 1.23212042e+01 1.06038996e+00
 1.83541243e+01 2.18970322e+01 1.50000000e+01 7.23498315e-01
 3.01311700e+00 2.43271842e+04 1.12816459e-02]
saving params.txt: (3.306828717577226, 7.886204644643075, 2.9280772909859185, 16.731584598538927, 0.3574332941798213, 15.305254, 0.7001581, 3.097327, 35542.457151735165, 3.2532192957063657, 12.321204159893965, 1.0603899640891814, 18.354124272810072, 21.897032242244514, 15.0, 0.7234983149011612, 3.013117, 24327.1841904431, 0.011281645859339665)
saving energy.txt: [-6.89056427 -6.95307728 -6.99411397 -7.02057915 -7.03717475 -7.047115
 -7.05260093 -7.05513934 -7.05575975 -7.05516306 -7.05382388 -7.05206111
 -7.05008673 -7.04803948 -7.04600817 -7.04219006 -7.03735637 -7.03164628
 -7.02810052 -7.0259116  -7.02455005 -7.02369475 -7.02280769 -7.0224468
 -7.02224654 -6.96131878 -7.00030544 -7.02566067 -7.04166458 -7.05127586
 -7.05654996 -7.05891661 -7.0593687  -7.05859302 -7.0570617  -7.05509658
 -7.05291445 -7.05065901 -7.04842335 -7.04626569 -7.04230601 -7.03739141
 -7.03165104 -7.02810117 -7.02591169 -7.02455006 -7.02369475 -7.02280769
 -7.0224468  -7.02224654 -7.01977077 -7.03999091 -7.0525632  -7.05988294
 -7.06360478 -7.06488924 -7.06455525 -7.06318019 -7.06116881 -7.05880204
 -7.05627221 -7.05370846 -7.05119519 -7.04878535 -7.04651005 -7.04241728
 -7.03742555 -7.03165578 -7.02810182 -7.02591178 -7.02455007 -7.02369475
 -7.02280769 -7.0224468  -7.02224654 -6.89032651 -6.95311234 -6.99418684
 -7.02062881 -7.03719622 -7.04711691 -7.05259223 -7.05512629 -7.05574602
 -7.05515052 -7.05381326 -7.05205253 -7.05008003 -7.04803437 -7.04600434
 -7.042188   -7.03735561 -7.03164616 -7.0281005  -7.0259116  -7.02455005
 -7.02369475 -7.02280769 -7.0224468  -7.02224654]
params_e0 (3.306828717577226, 7.886204644643075, 2.9280772909859185, 16.731584598538927, 0.3574332941798213, 15.305254, 0.7001581, 35542.457151735165, 3.2532192957063657, 12.321204159893965, 1.0603899640891814, 18.354124272810072, 21.897032242244514, 15.0, 0.7234983, 24327.18455294639, 0.011281645859339665)
reconstructed_params [3.30682872e+00 7.88620464e+00 2.92807729e+00 1.67315846e+01
 3.57433294e-01 1.53052540e+01 7.00158100e-01 3.09732700e+00
 3.55424572e+04 3.25321930e+00 1.23212042e+01 1.06038996e+00
 1.83541243e+01 2.18970322e+01 1.50000000e+01 7.23498300e-01
 3.01311700e+00 2.43271846e+04 1.12816459e-02]
saving params.txt: (3.306828717577226, 7.886204644643075, 2.9280772909859185, 16.731584598538927, 0.3574332941798213, 15.305254, 0.7001581, 3.097327, 35542.457151735165, 3.2532192957063657, 12.321204159893965, 1.0603899640891814, 18.354124272810072, 21.897032242244514, 15.0, 0.7234983, 3.013117, 24327.18455294639, 0.011281645859339665)
saving energy.txt: [-6.89056427 -6.95307728 -6.99411397 -7.02057915 -7.03717475 -7.047115
 -7.05260093 -7.05513934 -7.05575975 -7.05516306 -7.05382388 -7.05206111
 -7.05008673 -7.04803948 -7.04600817 -7.04219006 -7.03735637 -7.03164628
 -7.02810052 -7.0259116  -7.02455005 -7.02369475 -7.02280769 -7.0224468
 -7.02224654 -6.96131878 -7.00030544 -7.02566067 -7.04166458 -7.05127586
 -7.05654996 -7.05891661 -7.0593687  -7.05859302 -7.0570617  -7.05509658
 -7.05291445 -7.05065901 -7.04842335 -7.04626569 -7.04230601 -7.03739141
 -7.03165104 -7.02810117 -7.02591169 -7.02455006 -7.02369475 -7.02280769
 -7.0224468  -7.02224654 -7.01977077 -7.03999091 -7.0525632  -7.05988294
 -7.06360478 -7.06488924 -7.06455525 -7.06318019 -7.06116881 -7.05880204
 -7.05627221 -7.05370846 -7.05119519 -7.04878535 -7.04651005 -7.04241728
 -7.03742555 -7.03165578 -7.02810182 -7.02591178 -7.02455007 -7.02369475
 -7.02280769 -7.0224468  -7.02224654 -6.89032651 -6.95311234 -6.99418684
 -7.02062881 -7.03719622 -7.04711691 -7.05259223 -7.05512629 -7.05574603
 -7.05515052 -7.05381326 -7.05205253 -7.05008003 -7.04803437 -7.04600434
 -7.042188   -7.03735561 -7.03164616 -7.0281005  -7.0259116  -7.02455005
 -7.02369475 -7.02280769 -7.0224468  -7.02224654]
params_e0 (3.306828717577226, 7.886204644643075, 2.9280772909859185, 16.731584598538927, 0.3574332941798213, 15.305254, 0.7001581, 35542.457151735165, 3.2532192957063657, 12.321204159893965, 1.0603899640891814, 18.354124272810072, 21.897032242244514, 15.0, 0.7234983, 24327.1841904431, 0.011281660760500859)
reconstructed_params [3.30682872e+00 7.88620464e+00 2.92807729e+00 1.67315846e+01
 3.57433294e-01 1.53052540e+01 7.00158100e-01 3.09732700e+00
 3.55424572e+04 3.25321930e+00 1.23212042e+01 1.06038996e+00
 1.83541243e+01 2.18970322e+01 1.50000000e+01 7.23498300e-01
 3.01311700e+00 2.43271842e+04 1.12816608e-02]
saving params.txt: (3.306828717577226, 7.886204644643075, 2.9280772909859185, 16.731584598538927, 0.3574332941798213, 15.305254, 0.7001581, 3.097327, 35542.457151735165, 3.2532192957063657, 12.321204159893965, 1.0603899640891814, 18.354124272810072, 21.897032242244514, 15.0, 0.7234983, 3.013117, 24327.1841904431, 0.011281660760500859)
saving energy.txt: [-6.89056425 -6.95307727 -6.99411395 -7.02057914 -7.03717473 -7.04711499
 -7.05260092 -7.05513933 -7.05575974 -7.05516305 -7.05382387 -7.0520611
 -7.05008672 -7.04803947 -7.04600815 -7.04219005 -7.03735635 -7.03164627
 -7.02810051 -7.02591159 -7.02455003 -7.02369473 -7.02280767 -7.02244679
 -7.02224653 -6.96131876 -7.00030543 -7.02566065 -7.04166457 -7.05127585
 -7.05654994 -7.0589166  -7.05936869 -7.058593   -7.05706169 -7.05509656
 -7.05291443 -7.050659   -7.04842334 -7.04626568 -7.04230599 -7.03739139
 -7.03165103 -7.02810115 -7.02591167 -7.02455005 -7.02369473 -7.02280767
 -7.02244679 -7.02224653 -7.01977076 -7.0399909  -7.05256319 -7.05988292
 -7.06360476 -7.06488923 -7.06455524 -7.06318018 -7.06116879 -7.05880203
 -7.0562722  -7.05370845 -7.05119518 -7.04878534 -7.04651004 -7.04241727
 -7.03742553 -7.03165577 -7.0281018  -7.02591176 -7.02455006 -7.02369473
 -7.02280767 -7.02244679 -7.02224653 -6.89032649 -6.95311232 -6.99418683
 -7.02062879 -7.0371962  -7.04711689 -7.05259221 -7.05512627 -7.05574601
 -7.0551505  -7.05381324 -7.05205252 -7.05008001 -7.04803436 -7.04600433
 -7.04218799 -7.0373556  -7.03164614 -7.02810049 -7.02591159 -7.02455003
 -7.02369473 -7.02280767 -7.02244679 -7.02224653]
params_e0 (3.3068037953474794, 4.6894558053291355, 2.9277961932059235, 16.731439384743236, 0.3574362332397271, 15.304054953232413, 0.7019248109482857, 3670.4477514736973, 3.251972589703064, 14.691701842143726, 1.0604004612312998, 18.35271143266798, 21.8688939931503, 14.999328778003687, 0.7241272664738663, 53297.06505766909, 0.00403032231185017)
reconstructed_params [3.30680380e+00 4.68945581e+00 2.92779619e+00 1.67314394e+01
 3.57436233e-01 1.53040550e+01 7.01924811e-01 3.09732700e+00
 3.67044775e+03 3.25197259e+00 1.46917018e+01 1.06040046e+00
 1.83527114e+01 2.18688940e+01 1.49993288e+01 7.24127266e-01
 3.01311700e+00 5.32970651e+04 4.03032231e-03]
saving params.txt: (3.3068037953474794, 4.6894558053291355, 2.9277961932059235, 16.731439384743236, 0.3574362332397271, 15.304054953232413, 0.7019248109482857, 3.097327, 3670.4477514736973, 3.251972589703064, 14.691701842143726, 1.0604004612312998, 18.35271143266798, 21.8688939931503, 14.999328778003687, 0.7241272664738663, 3.013117, 53297.06505766909, 0.00403032231185017)
saving energy.txt: [-6.77630765 -6.88907607 -6.95825313 -7.00008221 -7.0248141  -7.03892147
 -7.04648742 -7.05008062 -7.05130947 -7.05117415 -7.05029057 -7.0490328
 -7.04762354 -7.04619151 -7.04480767 -7.04230757 -7.03930542 -7.03588938
 -7.03373054 -7.03231279 -7.03136183 -7.03071992 -7.02999836 -7.02968111
 -7.02949645 -6.90185731 -6.96668148 -7.00628433 -7.0298354  -7.04325466
 -7.05035366 -7.05357513 -7.05447425 -7.05403222 -7.05286063 -7.0513345
 -7.04967842 -7.04802239 -7.04643757 -7.04495921 -7.04236466 -7.03931828
 -7.03589029 -7.03373056 -7.03231278 -7.03136183 -7.03071992 -7.02999836
 -7.02968111 -7.02949645 -6.99841478 -7.02742088 -7.04447752 -7.0538366
 -7.05832561 -7.05980854 -7.05950082 -7.05818403 -7.05635198 -7.05430933
 -7.0522379  -7.05024088 -7.04837194 -7.04665436 -7.04509333 -7.04241555
 -7.03932979 -7.03589109 -7.03373057 -7.03231276 -7.03136183 -7.03071992
 -7.02999836 -7.02968111 -7.02949645 -6.77618736 -6.88899653 -6.95818976
 -7.00002791 -7.02476723 -7.03888163 -7.0464542  -7.05005341 -7.0512875
 -7.05115663 -7.05027673 -7.04902194 -7.04761508 -7.04618495 -7.0448026
 -7.04230457 -7.03930407 -7.03588903 -7.03373045 -7.03231277 -7.03136183
 -7.03071992 -7.02999836 -7.02968111 -7.02949645]
params_e0 (3.306805506808697, 4.833579712707094, 2.9277675484398302, 16.73144755351764, 0.3574371235163593, 15.303916897905012, 0.7021279616570916, 26445.72501686251, 3.2518332793595275, 14.701308602733985, 1.0604036271643076, 18.352580179172705, 21.86566530565656, 14.99924919288548, 0.724201476128461, 30088.424227513056, 0.004034983906595823)
reconstructed_params [3.30680551e+00 4.83357971e+00 2.92776755e+00 1.67314476e+01
 3.57437124e-01 1.53039169e+01 7.02127962e-01 3.09732700e+00
 2.64457250e+04 3.25183328e+00 1.47013086e+01 1.06040363e+00
 1.83525802e+01 2.18656653e+01 1.49992492e+01 7.24201476e-01
 3.01311700e+00 3.00884242e+04 4.03498391e-03]
saving params.txt: (3.306805506808697, 4.833579712707094, 2.9277675484398302, 16.73144755351764, 0.3574371235163593, 15.303916897905012, 0.7021279616570916, 3.097327, 26445.72501686251, 3.2518332793595275, 14.701308602733985, 1.0604036271643076, 18.352580179172705, 21.86566530565656, 14.99924919288548, 0.724201476128461, 3.013117, 30088.424227513056, 0.004034983906595823)
saving energy.txt: [-6.77309889 -6.88679777 -6.95675086 -6.99917369 -7.02434136 -7.03876142
 -7.04654817 -7.05029463 -7.05162727 -7.05155945 -7.05071664 -7.04947994
 -7.04807724 -7.04664117 -7.04524559 -7.04270749 -7.03963236 -7.03609815
 -7.03385102 -7.03237628 -7.03139177 -7.03073149 -7.02999609 -7.02967624
 -7.02949164 -6.90066613 -6.96594316 -7.00588945 -7.02969996 -7.04331393
 -7.05055745 -7.05388425 -7.05485791 -7.05446611 -7.05332557 -7.05181535
 -7.05016335 -7.04850223 -7.04690535 -7.04540973 -7.04277071 -7.03964733
 -7.03609943 -7.0338511  -7.03237627 -7.03139176 -7.03073149 -7.02999609
 -7.02967624 -7.02949164 -6.99917795 -7.0281913  -7.04517495 -7.05446741
 -7.05891416 -7.0603754  -7.06005839 -7.05873773 -7.05690242 -7.05485431
 -7.05277387 -7.05076386 -7.04887811 -7.0471404  -7.04555656 -7.04282778
 -7.03966096 -7.0361006  -7.03385118 -7.03237627 -7.03139176 -7.03073149
 -7.02999609 -7.02967624 -7.02949164 -6.77478486 -6.8881402  -6.95773023
 -6.99985808 -7.02480889 -7.03907685 -7.04675947 -7.05043555 -7.05172097
 -7.0516216  -7.05075776 -7.04950707 -7.04809509 -7.04665285 -7.0452532
 -7.04271065 -7.03963312 -7.03609816 -7.03385099 -7.03237626 -7.03139176
 -7.03073149 -7.02999609 -7.02967624 -7.02949164]
params_e0 (3.3068538607188884, 4.8826821090441035, 2.9278026545304083, 16.731710077196944, 0.35744302268283373, 15.303818540707857, 0.7022678299933972, 33007.57887521966, 3.251856575872668, 14.696782323094535, 1.0604264265951413, 18.352919012629773, 21.865199363546733, 14.999154956278351, 0.7242823195496966, 23421.21521264172, 0.004060068566411501)
reconstructed_params [3.30685386e+00 4.88268211e+00 2.92780265e+00 1.67317101e+01
 3.57443023e-01 1.53038185e+01 7.02267830e-01 3.09732700e+00
 3.30075789e+04 3.25185658e+00 1.46967823e+01 1.06042643e+00
 1.83529190e+01 2.18651994e+01 1.49991550e+01 7.24282320e-01
 3.01311700e+00 2.34212152e+04 4.06006857e-03]
saving params.txt: (3.3068538607188884, 4.8826821090441035, 2.9278026545304083, 16.731710077196944, 0.35744302268283373, 15.303818540707857, 0.7022678299933972, 3.097327, 33007.57887521966, 3.251856575872668, 14.696782323094535, 1.0604264265951413, 18.352919012629773, 21.865199363546733, 14.999154956278351, 0.7242823195496966, 3.013117, 23421.21521264172, 0.004060068566411501)
saving energy.txt: [-6.77257034 -6.88635391 -6.95643215 -6.99897493 -7.02424273 -7.03874088
 -7.04658587 -7.05037407 -7.05173529 -7.05168578 -7.05085339 -7.04962114
 -7.04821843 -7.04677908 -7.04537788 -7.04282425 -7.03972168 -7.03614532
 -7.03386777 -7.03237381 -7.03137816 -7.03071184 -7.02997191 -7.02965117
 -7.02946652 -6.90051897 -6.96583712 -7.00583531 -7.02969709 -7.04335624
 -7.05063675 -7.05399208 -7.05498638 -7.05460832 -7.05347571 -7.05196867
 -7.05031608 -7.04865144 -7.04704885 -7.04554592 -7.04288936 -7.0397373
 -7.03614671 -7.03386787 -7.03237382 -7.03137816 -7.03071184 -7.02997191
 -7.02965117 -7.02946652 -6.99946206 -7.02845061 -7.04540054 -7.05466878
 -7.05910203 -7.06055714 -7.06023783 -7.05891608 -7.05707931 -7.05502855
 -7.05294394 -7.05092823 -7.04903543 -7.04728954 -7.04569667 -7.04294834
 -7.03975159 -7.03614799 -7.03386797 -7.03237382 -7.03137816 -7.03071184
 -7.02997191 -7.02965117 -7.02946652 -6.77476945 -6.88810183 -6.95770937
 -6.99987049 -7.02485735 -7.0391579  -7.04686706 -7.05056305 -7.05186204
 -7.05177068 -7.05091021 -7.04965911 -7.04824378 -7.04679596 -7.04538911
 -7.04282916 -7.03972304 -7.03614544 -7.03386776 -7.0323738  -7.03137816
 -7.03071184 -7.02997191 -7.02965117 -7.02946652]
params_e0 (3.313092651315501, 5.871647065278454, 2.9334507077316574, 16.765623829298878, 0.3581786490194933, 15.296164355487427, 0.7128968321747354, 35060.2078368333, 3.26010696194707, 13.75630813240774, 1.063279809213939, 18.40199760872169, 21.925298953674403, 14.989849692213951, 0.7320429781030289, 23857.79136444855, 0.00712649640989452)
reconstructed_params [3.31309265e+00 5.87164707e+00 2.93345071e+00 1.67656238e+01
 3.58178649e-01 1.52961644e+01 7.12896832e-01 3.09732700e+00
 3.50602078e+04 3.26010696e+00 1.37563081e+01 1.06327981e+00
 1.84019976e+01 2.19252990e+01 1.49898497e+01 7.32042978e-01
 3.01311700e+00 2.38577914e+04 7.12649641e-03]
saving params.txt: (3.313092651315501, 5.871647065278454, 2.9334507077316574, 16.765623829298878, 0.3581786490194933, 15.296164355487427, 0.7128968321747354, 3.097327, 35060.2078368333, 3.26010696194707, 13.75630813240774, 1.063279809213939, 18.40199760872169, 21.925298953674403, 14.989849692213951, 0.7320429781030289, 3.013117, 23857.79136444855, 0.00712649640989452)
saving energy.txt: [-6.82050409 -6.91263918 -6.97090642 -7.00721254 -7.02932138 -7.04229885
 -7.0494487  -7.0529214  -7.05411209 -7.05392144 -7.05292693 -7.05149535
 -7.04985665 -7.04815228 -7.04646684 -7.04332358 -7.03938081 -7.03470763
 -7.03172676 -7.02981759 -7.02858809 -7.02779389 -7.02694857 -7.02659768
 -7.02640127 -6.92495954 -6.97948831 -7.01370832 -7.0346298  -7.04689085
 -7.0535616  -7.05667075 -7.05755359 -7.05708376 -7.05582813 -7.05415043
 -7.05228049 -7.05036047 -7.04847555 -7.04667423 -7.04340886 -7.03940321
 -7.03471    -7.031727   -7.02981761 -7.02858809 -7.02779389 -7.02694857
 -7.02659768 -7.02640127 -7.00818081 -7.03370963 -7.04897718 -7.05754183
 -7.06176092 -7.06320492 -7.06292047 -7.06160167 -7.05970444 -7.0575239
 -7.05524718 -7.05298948 -7.05081857 -7.04877138 -7.04686516 -7.04348825
 -7.03942437 -7.03471227 -7.03172723 -7.02981763 -7.02858809 -7.02779389
 -7.02694857 -7.02659768 -7.02640127 -6.82202963 -6.91400971 -6.97195638
 -7.00796141 -7.02983628 -7.0426458  -7.04967976 -7.05307417 -7.05421261
 -7.05398732 -7.05296997 -7.05152338 -7.04987482 -7.048164   -7.04647436
 -7.04332661 -7.0393815  -7.03470764 -7.03172674 -7.02981758 -7.02858808
 -7.02779389 -7.02694857 -7.02659768 -7.02640127]
params_e0 (3.3148707403254436, 6.1521463199379065, 2.935060727851731, 16.77528942228093, 0.3583882991043708, 15.293984140240914, 0.7159243455703547, 35422.007933995046, 3.2624597552379493, 13.488132628700548, 1.0640930111253795, 18.415986637210576, 21.942459736803915, 14.987198386378658, 0.7342542013722487, 24209.73686182194, 0.008000523924485494)
reconstructed_params [3.31487074e+00 6.15214632e+00 2.93506073e+00 1.67752894e+01
 3.58388299e-01 1.52939841e+01 7.15924346e-01 3.09732700e+00
 3.54220079e+04 3.26245976e+00 1.34881326e+01 1.06409301e+00
 1.84159866e+01 2.19424597e+01 1.49871984e+01 7.34254201e-01
 3.01311700e+00 2.42097369e+04 8.00052392e-03]
saving params.txt: (3.3148707403254436, 6.1521463199379065, 2.935060727851731, 16.77528942228093, 0.3583882991043708, 15.293984140240914, 0.7159243455703547, 3.097327, 35422.007933995046, 3.2624597552379493, 13.488132628700548, 1.0640930111253795, 18.415986637210576, 21.942459736803915, 14.987198386378658, 0.7342542013722487, 3.013117, 24209.73686182194, 0.008000523924485494)
saving energy.txt: [-6.83275571 -6.91940959 -6.97461296 -7.00925748 -7.03049815 -7.0430413
 -7.04998264 -7.05335554 -7.05449171 -7.05425947 -7.05322142 -7.05173892
 -7.05004124 -7.04827138 -7.04651622 -7.04322983 -7.03908719 -7.0341638
 -7.03103228 -7.02903959 -7.02776551 -7.02694781 -7.02608334 -7.02572663
 -7.02552756 -6.93115003 -6.98291337 -7.01561652 -7.03574446 -7.04761463
 -7.05410619 -7.05713766 -7.05798346 -7.05748571 -7.05619674 -7.05447507
 -7.05255023 -7.05056629 -7.04861115 -7.04673608 -7.04332182 -7.03911201
 -7.03416656 -7.03103258 -7.02903962 -7.02776551 -7.02694781 -7.02608334
 -7.02572663 -7.02552756 -7.01018828 -7.03483986 -7.04967305 -7.05805183
 -7.06221189 -7.06365092 -7.0633748  -7.06205703 -7.06014495 -7.05793191
 -7.05560679 -7.05328803 -7.05104708 -7.0489243  -7.04693994 -7.04340807
 -7.03913563 -7.03416923 -7.03103287 -7.02903965 -7.02776551 -7.02694781
 -7.02608334 -7.02572663 -7.02552756 -6.83399608 -6.92061007 -6.97555641
 -7.00993657 -7.03096578 -7.04335556 -7.05019082 -7.0534922  -7.05458085
 -7.05431732 -7.05325879 -7.05176294 -7.0500566  -7.04828113 -7.04652237
 -7.04323219 -7.03908766 -7.03416378 -7.03103226 -7.02903958 -7.0277655
 -7.02694781 -7.02608334 -7.02572663 -7.02552756]
params_e0 (3.3153151346854823, 6.222343049301003, 2.9354631007365874, 16.77770504174371, 0.35844069417819296, 15.293438937579584, 0.716681694915216, 35512.38124445808, 3.2630477401657303, 13.421035336916917, 1.0642962371031768, 18.419482618128733, 21.946748664137548, 14.986535680782739, 0.7348072782794783, 24297.848181632944, 0.00821918546192953)
reconstructed_params [3.31531513e+00 6.22234305e+00 2.93546310e+00 1.67777050e+01
 3.58440694e-01 1.52934389e+01 7.16681695e-01 3.09732700e+00
 3.55123812e+04 3.26304774e+00 1.34210353e+01 1.06429624e+00
 1.84194826e+01 2.19467487e+01 1.49865357e+01 7.34807278e-01
 3.01311700e+00 2.42978482e+04 8.21918546e-03]
saving params.txt: (3.3153151346854823, 6.222343049301003, 2.9354631007365874, 16.77770504174371, 0.35844069417819296, 15.293438937579584, 0.716681694915216, 3.097327, 35512.38124445808, 3.2630477401657303, 13.421035336916917, 1.0642962371031768, 18.419482618128733, 21.946748664137548, 14.986535680782739, 0.7348072782794783, 3.013117, 24297.848181632944, 0.00821918546192953)
saving energy.txt: [-6.83572756 -6.92105629 -6.97551409 -7.00975136 -7.03077747 -7.04321218
 -7.05010081 -7.05344814 -7.0545703  -7.05432757 -7.05327881 -7.05178395
 -7.05007207 -7.04828649 -7.04651463 -7.04319402 -7.03900379 -7.03402137
 -7.03085477 -7.02884289 -7.02755865 -7.02673562 -7.02586677 -7.02550869
 -7.02530897 -6.93264744 -6.98374073 -7.01607393 -7.03600688 -7.04778008
 -7.0542266  -7.05723819 -7.05807438 -7.05756954 -7.05627233 -7.05453997
 -7.05260186 -7.05060253 -7.04863049 -7.0467377  -7.04328776 -7.03902925
 -7.03402422 -7.03085508 -7.02884292 -7.02755865 -7.02673562 -7.02586677
 -7.02550869 -7.02530897 -7.0106599  -7.03510052 -7.0498287  -7.05816228
 -7.06230783 -7.06374552 -7.06347137 -7.06215385 -7.06023819 -7.0580173
 -7.05568049 -7.05334699 -7.05108912 -7.04894811 -7.04694492 -7.04337582
 -7.03905353 -7.03402701 -7.03085539 -7.02884295 -7.02755865 -7.02673562
 -7.02586677 -7.02550869 -7.02530897 -6.83689042 -6.92221026 -6.97642834
 -7.01041132 -7.03123218 -7.04351754 -7.05030279 -7.05358045 -7.05465638
 -7.05438328 -7.05331467 -7.05180692 -7.05008669 -7.04829573 -7.04652042
 -7.04319621 -7.03900421 -7.03402134 -7.03085475 -7.02884288 -7.02755864
 -7.02673562 -7.02586677 -7.02550869 -7.02530897]
params_e0 (3.315425696926726, 6.2401870966426385, 2.935563140885471, 16.778305689001943, 0.35845372002782677, 15.2933020412013, 0.7168729415520129, 35535.06335479683, 3.2631938434093284, 13.404044512755336, 1.064346732820767, 18.420351285947262, 21.94781552210147, 14.986370517042415, 0.7349466422609504, 24319.971727833577, 0.008274477566345211)
reconstructed_params [3.31542570e+00 6.24018710e+00 2.93556314e+00 1.67783057e+01
 3.58453720e-01 1.52933020e+01 7.16872942e-01 3.09732700e+00
 3.55350634e+04 3.26319384e+00 1.34040445e+01 1.06434673e+00
 1.84203513e+01 2.19478155e+01 1.49863705e+01 7.34946642e-01
 3.01311700e+00 2.43199717e+04 8.27447757e-03]
saving params.txt: (3.315425696926726, 6.2401870966426385, 2.935563140885471, 16.778305689001943, 0.35845372002782677, 15.2933020412013, 0.7168729415520129, 3.097327, 35535.06335479683, 3.2631938434093284, 13.404044512755336, 1.064346732820767, 18.420351285947262, 21.94781552210147, 14.986370517042415, 0.7349466422609504, 3.013117, 24319.971727833577, 0.008274477566345211)
saving energy.txt: [-6.83647654 -6.92147187 -6.97574171 -7.00987607 -7.03084779 -7.04325493
 -7.05013008 -7.05347084 -7.05458939 -7.05434397 -7.05329249 -7.05179452
 -7.05007907 -7.04828954 -7.04651349 -7.0431843  -7.03898216 -7.03398499
 -7.03080967 -7.02879303 -7.02750628 -7.02668193 -7.025812   -7.02545358
 -7.0252537  -6.93302481 -6.98394935 -7.01618919 -7.0360728  -7.04782136
 -7.05425638 -7.05726286 -7.05809657 -7.0575899  -7.0562906  -7.05455554
 -7.0526141  -7.05061089 -7.04863462 -7.04673738 -7.04327849 -7.03900779
 -7.03398788 -7.03080999 -7.02879306 -7.02750628 -7.02668193 -7.025812
 -7.02545358 -7.0252537  -7.01077803 -7.03516557 -7.04986728 -7.05818942
 -7.06233126 -7.06376859 -7.06349491 -7.06217744 -7.06026088 -7.05803803
 -7.05569827 -7.05336107 -7.05109895 -7.04895337 -7.04694545 -7.04336702
 -7.03903224 -7.03399069 -7.0308103  -7.02879309 -7.02750628 -7.02668193
 -7.025812   -7.02545358 -7.0252537  -6.83761933 -6.92261376 -6.97664836
 -7.01053105 -7.03129915 -7.04355798 -7.05033045 -7.05360203 -7.05467469
 -7.05439912 -7.05332797 -7.05181722 -7.0500935  -7.04829865 -7.04651919
 -7.04318645 -7.03898257 -7.03398497 -7.03080965 -7.02879302 -7.02750627
 -7.02668193 -7.025812   -7.02545358 -7.0252537 ]
params_e0 (3.3154489787292696, 6.246503838898407, 2.935583757961697, 16.778429883092006, 0.35845639816918945, 15.293264843119738, 0.7169320809380554, 35541.20496622033, 3.2632233925975602, 13.398460975891272, 1.0643569278267477, 18.4205268061865, 21.94803907219416, 14.986333826870819, 0.7349877689401207, 24325.96268691338, 0.0082921263112978)
reconstructed_params [3.31544898e+00 6.24650384e+00 2.93558376e+00 1.67784299e+01
 3.58456398e-01 1.52932648e+01 7.16932081e-01 3.09732700e+00
 3.55412050e+04 3.26322339e+00 1.33984610e+01 1.06435693e+00
 1.84205268e+01 2.19480391e+01 1.49863338e+01 7.34987769e-01
 3.01311700e+00 2.43259627e+04 8.29212631e-03]
saving params.txt: (3.3154489787292696, 6.246503838898407, 2.935583757961697, 16.778429883092006, 0.35845639816918945, 15.293264843119738, 0.7169320809380554, 3.097327, 35541.20496622033, 3.2632233925975602, 13.398460975891272, 1.0643569278267477, 18.4205268061865, 21.94803907219416, 14.986333826870819, 0.7349877689401207, 3.013117, 24325.96268691338, 0.0082921263112978)
saving energy.txt: [-6.83673749 -6.92161849 -6.97582337 -7.00992178 -7.03087423 -7.04327136
 -7.05014147 -7.05347967 -7.05459677 -7.0543503  -7.0532978  -7.05179872
 -7.05008204 -7.04829116 -7.0465137  -7.04318164 -7.03897552 -7.03397346
 -7.03079527 -7.02877707 -7.02748951 -7.02666476 -7.0257945  -7.02543598
 -7.02523606 -6.93315809 -6.98402418 -7.01623136 -7.03609744 -7.04783707
 -7.05426776 -7.05727221 -7.05810487 -7.05759745 -7.05629737 -7.05456137
 -7.05261878 -7.05061426 -7.04863657 -7.04673784 -7.04327597 -7.03900121
 -7.03397636 -7.03079558 -7.0287771  -7.02748952 -7.02666476 -7.0257945
 -7.02543598 -7.02523606 -7.01082094 -7.03518965 -7.04988181 -7.05819966
 -7.06233998 -7.06377699 -7.06350337 -7.06218586 -7.06026897 -7.05804545
 -7.05570472 -7.05336628 -7.05110276 -7.04895566 -7.04694618 -7.04336463
 -7.03902571 -7.03397918 -7.03079589 -7.02877713 -7.02748952 -7.02666476
 -7.0257945  -7.02543598 -7.02523606 -6.83787335 -6.92275614 -6.97672731
 -7.01057496 -7.03132436 -7.04357357 -7.05034126 -7.05361045 -7.05468178
 -7.05440525 -7.05333314 -7.05182132 -7.0500964  -7.04830023 -7.04651937
 -7.04318377 -7.03897593 -7.03397343 -7.03079524 -7.02877706 -7.02748951
 -7.02666476 -7.0257945  -7.02543598 -7.02523606]
params_e0 (3.3105912472666166, 7.335302159906466, 2.930845329413812, 16.750334295212614, 0.35783601674616844, 15.296313101266522, 0.7221991915970912, 35542.456793891455, 3.255890481032207, 12.677948507576893, 1.0618111912610741, 18.376824689173812, 21.900334221878285, 14.994277920071788, 0.7370853413256137, 24327.183840164005, 0.010256136718660276)
reconstructed_params [3.31059125e+00 7.33530216e+00 2.93084533e+00 1.67503343e+01
 3.57836017e-01 1.52963131e+01 7.22199192e-01 3.09732700e+00
 3.55424568e+04 3.25589048e+00 1.26779485e+01 1.06181119e+00
 1.83768247e+01 2.19003342e+01 1.49942779e+01 7.37085341e-01
 3.01311700e+00 2.43271838e+04 1.02561367e-02]
saving params.txt: (3.3105912472666166, 7.335302159906466, 2.930845329413812, 16.750334295212614, 0.35783601674616844, 15.296313101266522, 0.7221991915970912, 3.097327, 35542.456793891455, 3.255890481032207, 12.677948507576893, 1.0618111912610741, 18.376824689173812, 21.900334221878285, 14.994277920071788, 0.7370853413256137, 3.013117, 24327.183840164005, 0.010256136718660276)
saving energy.txt: [-6.87487251 -6.94399479 -6.98891166 -7.01762607 -7.03550999 -7.04618243
 -7.05208621 -7.05487034 -7.05564614 -7.05516005 -7.05391084 -7.05222931
 -7.05033255 -7.04836082 -7.0464028  -7.04272136 -7.03805728 -7.03252731
 -7.02906745 -7.02691484 -7.0255675  -7.02471745 -7.02383289 -7.02347228
 -7.02327205 -6.95306595 -6.99568305 -7.02309112 -7.04023653 -7.05047303
 -7.05608818 -7.05864615 -7.0592159  -7.0585256  -7.0570685  -7.05517599
 -7.05306815 -7.0508888  -7.04872972 -7.04664746 -7.04282898 -7.03808866
 -7.03253131 -7.02906796 -7.02691491 -7.0255675  -7.02471745 -7.02383289
 -7.02347228 -7.02327205 -7.01702246 -7.03871814 -7.05199122 -7.05961615
 -7.06345523 -7.06477847 -7.06446028 -7.0631041  -7.0611249  -7.0588056
 -7.05633655 -7.05384331 -7.0514064  -7.04907525 -7.04687805 -7.04293158
 -7.03811903 -7.03253527 -7.02906847 -7.02691497 -7.02556751 -7.02471745
 -7.02383289 -7.02347228 -7.02327205 -6.87467056 -6.94424872 -6.98922245
 -7.01787601 -7.03568371 -7.04629431 -7.0521547  -7.05491053 -7.05566871
 -7.05517203 -7.05391667 -7.05223171 -7.05033311 -7.0483605  -7.0464021
 -7.0427206  -7.03805684 -7.0325272  -7.02906743 -7.02691484 -7.02556749
 -7.02471745 -7.02383289 -7.02347228 -7.02327205]
params_e0 (3.3087678346973664, 7.749037096464082, 2.929009211306339, 16.73968985107711, 0.35760151658562056, 15.301871179160747, 0.7227358901037172, 35542.45711161557, 3.2530969569203076, 12.406155732224029, 1.0608376037049319, 18.36010736436327, 21.883417019636077, 14.998486435592566, 0.7355362898244492, 24327.18415099635, 0.011003253164082159)
reconstructed_params [3.30876783e+00 7.74903710e+00 2.92900921e+00 1.67396899e+01
 3.57601517e-01 1.53018712e+01 7.22735890e-01 3.09732700e+00
 3.55424571e+04 3.25309696e+00 1.24061557e+01 1.06083760e+00
 1.83601074e+01 2.18834170e+01 1.49984864e+01 7.35536290e-01
 3.01311700e+00 2.43271842e+04 1.10032532e-02]
saving params.txt: (3.3087678346973664, 7.749037096464082, 2.929009211306339, 16.73968985107711, 0.35760151658562056, 15.301871179160747, 0.7227358901037172, 3.097327, 35542.45711161557, 3.2530969569203076, 12.406155732224029, 1.0608376037049319, 18.36010736436327, 21.883417019636077, 14.998486435592566, 0.7355362898244492, 3.013117, 24327.18415099635, 0.011003253164082159)
saving energy.txt: [-6.88710011 -6.95118681 -6.99309916 -7.02004584 -7.03690321 -7.04698477
 -7.05254764 -7.05512996 -7.05577838 -7.05520279 -7.05388222 -7.05213747
 -7.05018111 -7.04815185 -7.04613821 -7.04235319 -7.03756027 -7.03189252
 -7.0283663  -7.02618536 -7.02482682 -7.0239726  -7.02308603 -7.02272519
 -7.02252494 -6.95920449 -6.99923854 -7.0251321  -7.04140832 -7.05115524
 -7.05649668 -7.05889828 -7.05937143 -7.05861208 -7.05709653 -7.05514812
 -7.05298387 -7.05074714 -7.04853045 -7.04639147 -7.04246655 -7.03759422
 -7.03189707 -7.02836691 -7.02618544 -7.02482683 -7.0239726  -7.02308603
 -7.02272519 -7.02252494 -7.01852183 -7.03948079 -7.05237584 -7.05982429
 -7.06359109 -7.06488837 -7.06455811 -7.06318729 -7.06118395 -7.05882951
 -7.05631556 -7.05377017 -7.05127662 -7.04888692 -7.04663141 -7.04257519
 -7.03762725 -7.03190158 -7.02836752 -7.02618553 -7.02482684 -7.0239726
 -7.02308603 -7.02272519 -7.02252494 -6.88628504 -6.95102376 -6.99312592
 -7.02010219 -7.03694506 -7.04700695 -7.05255524 -7.05512892 -7.05577311
 -7.05519605 -7.0538755  -7.05213149 -7.05017611 -7.04814785 -7.0461351
 -7.04235142 -7.03755957 -7.0318924  -7.02836628 -7.02618536 -7.02482682
 -7.0239726  -7.02308603 -7.02272519 -7.02252494]
params_e0 (3.3082936391156212, 7.857395822930646, 2.9284019373210386, 16.73665634609469, 0.3575381156600956, 15.304431700850735, 0.7179888325135383, 35542.45714504496, 3.2523917073730457, 12.33936679960545, 1.0605938409779323, 18.355857126303384, 21.883834743990768, 14.999673125163456, 0.73017188564306, 24327.184183852234, 0.011203068201531104)
reconstructed_params [3.30829364e+00 7.85739582e+00 2.92840194e+00 1.67366563e+01
 3.57538116e-01 1.53044317e+01 7.17988833e-01 3.09732700e+00
 3.55424571e+04 3.25239171e+00 1.23393668e+01 1.06059384e+00
 1.83558571e+01 2.18838347e+01 1.49996731e+01 7.30171886e-01
 3.01311700e+00 2.43271842e+04 1.12030682e-02]
saving params.txt: (3.3082936391156212, 7.857395822930646, 2.9284019373210386, 16.73665634609469, 0.3575381156600956, 15.304431700850735, 0.7179888325135383, 3.097327, 35542.45714504496, 3.2523917073730457, 12.33936679960545, 1.0605938409779323, 18.355857126303384, 21.883834743990768, 14.999673125163456, 0.73017188564306, 3.013117, 24327.184183852234, 0.011203068201531104)
saving energy.txt: [-6.89011406 -6.95293038 -6.99409937 -7.02061489 -7.0372239  -7.0471627
 -7.05264269 -7.05517524 -7.05579163 -7.05519313 -7.05385413 -7.0520931
 -7.05012156 -7.04807785 -7.0460504  -7.04224015 -7.03741658 -7.03171706
 -7.0281761  -7.0259891  -7.02462826 -7.0237732  -7.02288625 -7.02252538
 -7.02232512 -6.96080995 -7.0001322  -7.02562647 -7.04168117 -7.0513061
 -7.05658001 -7.05894281 -7.05939152 -7.05861426 -7.05708335 -7.0551203
 -7.05294146 -7.0506901  -7.04845893 -7.04630588 -7.042355   -7.03745121
 -7.03172175 -7.02817673 -7.02598918 -7.02462827 -7.0237732  -7.02288625
 -7.02252538 -7.02232512 -7.01908142 -7.03973405 -7.05248444 -7.05986989
 -7.06361186 -7.06490007 -7.06456544 -7.0631899  -7.06117954 -7.05881542
 -7.05628955 -7.05373061 -7.05122261 -7.0488182  -7.04654821 -7.04246519
 -7.03748494 -7.03172642 -7.02817737 -7.02598927 -7.02462828 -7.0237732
 -7.02288625 -7.02252538 -7.02232512 -6.88932128 -6.95273593 -6.99408282
 -7.02063218 -7.03723518 -7.0471625  -7.05263449 -7.0551633  -7.05577894
 -7.05518138 -7.05384407 -7.0520849  -7.05011511 -7.04807289 -7.04604667
 -7.04223812 -7.03741583 -7.03171694 -7.02817608 -7.0259891  -7.02462825
 -7.0237732  -7.02288625 -7.02252538 -7.02232512]
params_e0 (3.3077977076867735, 7.88309450212734, 2.9281067706429913, 16.73368940016573, 0.3574843280218504, 15.305118175804932, 0.7073108131317334, 35542.45715099469, 3.2524672863158384, 12.325339495079579, 1.0606871824230113, 18.35588509265144, 21.89307842013351, 14.9999471952325, 0.7251732954379067, 24327.184189719374, 0.011259243232090939)
reconstructed_params [3.30779771e+00 7.88309450e+00 2.92810677e+00 1.67336894e+01
 3.57484328e-01 1.53051182e+01 7.07310813e-01 3.09732700e+00
 3.55424572e+04 3.25246729e+00 1.23253395e+01 1.06068718e+00
 1.83558851e+01 2.18930784e+01 1.49999472e+01 7.25173295e-01
 3.01311700e+00 2.43271842e+04 1.12592432e-02]
saving params.txt: (3.3077977076867735, 7.88309450212734, 2.9281067706429913, 16.73368940016573, 0.3574843280218504, 15.305118175804932, 0.7073108131317334, 3.097327, 35542.45715099469, 3.2524672863158384, 12.325339495079579, 1.0606871824230113, 18.35588509265144, 21.89307842013351, 14.9999471952325, 0.7251732954379067, 3.013117, 24327.184189719374, 0.011259243232090939)
saving energy.txt: [-6.89075502 -6.95325474 -6.99426029 -7.02069255 -7.03725962 -7.04717738
 -7.05264657 -7.05517307 -7.05578536 -7.05518341 -7.05384103 -7.05207652
 -7.05010139 -7.04805406 -7.04602306 -7.04220619 -7.0373746  -7.03166692
 -7.02812226 -7.02593377 -7.02457237 -7.02371712 -7.02283009 -7.02246921
 -7.02226895 -6.96132648 -7.00036807 -7.0257308  -7.04172545 -7.05132368
 -7.05658589 -7.05894329 -7.05938882 -7.05860887 -7.05707507 -7.05510874
 -7.0529263  -7.05067115 -7.04843614 -7.04627933 -7.04232152 -7.03740942
 -7.03167165 -7.0281229  -7.02593386 -7.02457239 -7.02371712 -7.02283009
 -7.02246921 -7.02226895 -7.01959005 -7.03994343 -7.05256447 -7.05989794
 -7.06362072 -7.06490248 -7.06456558 -7.06318849 -7.06117611 -7.05880923
 -7.05627993 -7.05371713 -7.05120505 -7.04879651 -7.04652253 -7.04243221
 -7.03744336 -7.03167635 -7.02812355 -7.02593395 -7.0245724  -7.02371713
 -7.02283009 -7.02246921 -7.02226895 -6.89030314 -6.95319879 -6.9942953
 -7.02072655 -7.03727459 -7.04717654 -7.05263666 -7.05515946 -7.05577135
 -7.0551707  -7.0538303  -7.05206787 -7.05009464 -7.04804891 -7.04601921
 -7.04220412 -7.03737384 -7.0316668  -7.02812224 -7.02593377 -7.02457237
 -7.02371712 -7.02283009 -7.02246921 -7.02226895]
params_e0 (3.3074061486720328, 7.885802698865505, 2.9280763076641385, 16.732046999660156, 0.35744802021684674, 15.305226095605773, 0.7019832502915762, 35542.45715162617, 3.2527094668235286, 12.32224198098676, 1.0607725293570889, 18.355029993038674, 21.896288778721857, 14.999989136131111, 0.7238697733376745, 24327.184190337888, 0.011269549316410457)
reconstructed_params [3.30740615e+00 7.88580270e+00 2.92807631e+00 1.67320470e+01
 3.57448020e-01 1.53052261e+01 7.01983250e-01 3.09732700e+00
 3.55424572e+04 3.25270947e+00 1.23222420e+01 1.06077253e+00
 1.83550300e+01 2.18962888e+01 1.49999891e+01 7.23869773e-01
 3.01311700e+00 2.43271842e+04 1.12695493e-02]
saving params.txt: (3.3074061486720328, 7.885802698865505, 2.9280763076641385, 16.732046999660156, 0.35744802021684674, 15.305226095605773, 0.7019832502915762, 3.097327, 35542.45715162617, 3.2527094668235286, 12.32224198098676, 1.0607725293570889, 18.355029993038674, 21.896288778721857, 14.999989136131111, 0.7238697733376745, 3.013117, 24327.184190337888, 0.011269549316410457)
saving energy.txt: [-6.8908     -6.9532528  -6.99424185 -7.02067102 -7.03724021 -7.04716158
 -7.05263427 -7.0551636  -7.05577793 -7.05517729 -7.05383564 -7.05207141
 -7.05009626 -7.04804869 -7.04601733 -7.04219958 -7.03736671 -7.03165764
 -7.02811234 -7.02592361 -7.02456211 -7.02370683 -7.02281978 -7.0224589
 -7.02225864 -6.961425   -7.00039391 -7.02572891 -7.0417151  -7.05131248
 -7.05657633 -7.05893579 -7.05938304 -7.05860424 -7.05707106 -7.05510493
 -7.05292236 -7.05066688 -7.0484314  -7.04627405 -7.04231514 -7.03740162
 -7.03166238 -7.02811299 -7.02592369 -7.02456213 -7.02370683 -7.02281978
 -7.0224589  -7.02225864 -7.01977558 -7.04001318 -7.05258672 -7.05990247
 -7.0636196  -7.06490018 -7.06456346 -7.06318673 -7.06117449 -7.05880747
 -7.05627778 -7.05371442 -7.05120167 -7.04879242 -7.04651772 -7.04242607
 -7.03743564 -7.0316671  -7.02811363 -7.02592378 -7.02456214 -7.02370684
 -7.02281978 -7.0224589  -7.02225864 -6.89050862 -6.95326466 -6.99430472
 -7.02071626 -7.03725965 -7.04716248 -7.05262503 -7.05515024 -7.05576401
 -7.05516461 -7.05382492 -7.05206277 -7.05008951 -7.04804354 -7.04601348
 -7.04219751 -7.03736595 -7.03165751 -7.02811233 -7.0259236  -7.02456211
 -7.02370683 -7.02281978 -7.0224589  -7.02225864]
params_e0 (3.3072291233704636, 7.886135303339155, 2.9280768651830833, 16.73168369753689, 0.35743699535348167, 15.305248454074574, 0.7005378665901338, 35542.45715171502, 3.252883980788304, 12.321418345874765, 1.0606421460913233, 18.35435128214135, 21.896892079399304, 14.999997839548099, 0.7235732336436306, 24327.184190423726, 0.011272587340829563)
reconstructed_params [3.30722912e+00 7.88613530e+00 2.92807687e+00 1.67316837e+01
 3.57436995e-01 1.53052485e+01 7.00537867e-01 3.09732700e+00
 3.55424572e+04 3.25288398e+00 1.23214183e+01 1.06064215e+00
 1.83543513e+01 2.18968921e+01 1.49999978e+01 7.23573234e-01
 3.01311700e+00 2.43271842e+04 1.12725873e-02]
saving params.txt: (3.3072291233704636, 7.886135303339155, 2.9280768651830833, 16.73168369753689, 0.35743699535348167, 15.305248454074574, 0.7005378665901338, 3.097327, 35542.45715171502, 3.252883980788304, 12.321418345874765, 1.0606421460913233, 18.35435128214135, 21.896892079399304, 14.999997839548099, 0.7235732336436306, 3.013117, 24327.184190423726, 0.011272587340829563)
saving energy.txt: [-6.89074783 -6.9532074  -6.99420549 -7.02064323 -7.03721957 -7.04714651
 -7.05262337 -7.05515572 -7.05577216 -7.05517297 -7.05383227 -7.05206864
 -7.05009384 -7.04804645 -7.04601516 -7.04219737 -7.03736427 -7.03165486
 -7.02810941 -7.0259206  -7.02455909 -7.0237038  -7.02281675 -7.02245586
 -7.0222556  -6.96141784 -7.00037739 -7.02571193 -7.04170071 -7.05130125
 -7.05656795 -7.05892965 -7.05937854 -7.05860089 -7.05706845 -7.05510277
 -7.05292046 -7.05066507 -7.04842959 -7.04627219 -7.04231307 -7.03739923
 -7.03165961 -7.02811005 -7.02592069 -7.0245591  -7.0237038  -7.02281675
 -7.02245586 -7.0222556  -7.01980905 -7.0400209  -7.05258519 -7.05989849
 -7.06361566 -7.064897   -7.06456107 -7.06318494 -7.06117309 -7.05880627
 -7.05627664 -7.05371323 -7.05120038 -7.04879098 -7.04651612 -7.04242414
 -7.0374333  -7.03166434 -7.0281107  -7.02592078 -7.02455911 -7.0237038
 -7.02281675 -7.02245586 -7.0222556  -6.89049802 -6.95323693 -6.99427575
 -7.02069156 -7.03724032 -7.04714799 -7.05261439 -7.05514248 -7.05575831
 -7.05516033 -7.05382157 -7.05206001 -7.0500871  -7.04804132 -7.04601132
 -7.0421953  -7.03736351 -7.03165474 -7.02810939 -7.0259206  -7.02455909
 -7.0237038  -7.02281675 -7.02245586 -7.0222556 ]
params_e0 (3.3070216908105357, 7.886192951975624, 2.9280773234496023, 16.731605117474334, 0.3574340979319823, 15.305253230200371, 0.7002115729024533, 35542.45715173192, 3.2530793158133595, 12.321232066612545, 1.0604481013337619, 18.354154758869633, 21.89701072749786, 14.99999970063029, 0.7235087274491415, 24327.18419043996, 0.011276810015074237)
reconstructed_params [3.30702169e+00 7.88619295e+00 2.92807732e+00 1.67316051e+01
 3.57434098e-01 1.53052532e+01 7.00211573e-01 3.09732700e+00
 3.55424572e+04 3.25307932e+00 1.23212321e+01 1.06044810e+00
 1.83541548e+01 2.18970107e+01 1.49999997e+01 7.23508727e-01
 3.01311700e+00 2.43271842e+04 1.12768100e-02]
saving params.txt: (3.3070216908105357, 7.886192951975624, 2.9280773234496023, 16.731605117474334, 0.3574340979319823, 15.305253230200371, 0.7002115729024533, 3.097327, 35542.45715173192, 3.2530793158133595, 12.321232066612545, 1.0604481013337619, 18.354154758869633, 21.89701072749786, 14.99999970063029, 0.7235087274491415, 3.013117, 24327.18419043996, 0.011276810015074237)
saving energy.txt: [-6.8906448  -6.95313348 -6.99415302 -7.02060625 -7.0371936  -7.04712826
 -7.05261045 -7.05514641 -7.05576527 -7.05516763 -7.05382791 -7.05206487
 -7.05009039 -7.04804314 -7.04601189 -7.042194   -7.03736063 -7.03165089
 -7.02810527 -7.02591641 -7.02455488 -7.02369958 -7.02281252 -7.02245164
 -7.02225138 -6.96136685 -7.00033914 -7.02568409 -7.04168082 -7.05128718
 -7.05655798 -7.05892249 -7.05937325 -7.05859678 -7.05706506 -7.05509977
 -7.05291762 -7.05066226 -7.04842673 -7.04626923 -7.04230985 -7.03739564
 -7.03165565 -7.02810592 -7.0259165  -7.02455489 -7.02369958 -7.02281252
 -7.02245164 -7.02225138 -7.01979378 -7.04000705 -7.05257429 -7.0598905
 -7.06360999 -7.06489297 -7.06455812 -7.06318263 -7.06117109 -7.05880436
 -7.05627467 -7.05371113 -7.05119809 -7.04878849 -7.04651341 -7.04242105
 -7.03742975 -7.03166038 -7.02810657 -7.02591659 -7.0245549  -7.02369958
 -7.02281252 -7.02245164 -7.02225138 -6.89040485 -6.95316739 -6.99422526
 -7.02065552 -7.03721483 -7.04713    -7.05260163 -7.05513328 -7.05575148
 -7.05515504 -7.05381725 -7.05205627 -7.05008367 -7.04803802 -7.04600806
 -7.04219194 -7.03735988 -7.03165076 -7.02810526 -7.02591641 -7.02455488
 -7.02369958 -7.02281252 -7.02245164 -7.02225138]
