/projects/qmchamm/shared/mick/ilp_fitting
    basis method  registry  distance    energy  energy_err     d     a
767    c2    QMC   0.00000      3.00 -7.402388    0.000328  3.00  2.46
768    c2    QMC   0.00000      3.20 -7.412796    0.000278  3.20  2.46
769    c2    QMC   0.00000      3.35 -7.416119    0.000264  3.35  2.46
770    c2    QMC   0.00000      3.50 -7.416772    0.000282  3.50  2.46
771    c2    QMC   0.00000      3.65 -7.415003    0.000374  3.65  2.46
772    c2    QMC   0.00000      3.80 -7.412760    0.000230  3.80  2.46
773    c2    QMC   0.00000      4.00 -7.410565    0.000278  4.00  2.46
774    c2    QMC   0.00000      4.50 -7.404000    0.000256  4.50  2.46
775    c2    QMC   0.00000      5.00 -7.400149    0.000235  5.00  2.46
776    c2    QMC   0.00000      6.00 -7.397333    0.000217  6.00  2.46
777    c2    QMC   0.00000      7.00 -7.396415    0.000221  7.00  2.46
778    c2    QMC   0.16667      3.00 -7.399188    0.000145  3.00  2.46
779    c2    QMC   0.16667      3.20 -7.411959    0.000175  3.20  2.46
780    c2    QMC   0.16667      3.35 -7.415276    0.000147  3.35  2.46
781    c2    QMC   0.16667      3.50 -7.416259    0.000164  3.50  2.46
782    c2    QMC   0.16667      3.65 -7.415209    0.000194  3.65  2.46
783    c2    QMC   0.16667      3.80 -7.412987    0.000262  3.80  2.46
784    c2    QMC   0.16667      4.00 -7.410067    0.000152  4.00  2.46
785    c2    QMC   0.16667      4.50 -7.403974    0.000197  4.50  2.46
786    c2    QMC   0.16667      5.00 -7.399793    0.000181  5.00  2.46
787    c2    QMC   0.16667      6.00 -7.397039    0.000171  6.00  2.46
788    c2    QMC   0.16667      7.00 -7.395969    0.000152  7.00  2.46
789    c2    QMC   0.50000      3.00 -7.390987    0.000284  3.00  2.46
790    c2    QMC   0.50000      3.20 -7.406952    0.000212  3.20  2.46
791    c2    QMC   0.50000      3.35 -7.411909    0.000274  3.35  2.46
792    c2    QMC   0.50000      3.50 -7.413657    0.000271  3.50  2.46
793    c2    QMC   0.50000      3.65 -7.413999    0.000274  3.65  2.46
794    c2    QMC   0.50000      3.80 -7.412379    0.000217  3.80  2.46
795    c2    QMC   0.50000      4.00 -7.409976    0.000229  4.00  2.46
796    c2    QMC   0.50000      4.50 -7.403725    0.000239  4.50  2.46
797    c2    QMC   0.50000      5.00 -7.400076    0.000332  5.00  2.46
798    c2    QMC   0.50000      6.00 -7.397094    0.000206  6.00  2.46
799    c2    QMC   0.50000      7.00 -7.396256    0.000215  7.00  2.46
800    c2    QMC   0.66667      3.00 -7.374165    0.000203  3.00  2.46
801    c2    QMC   0.66667      3.20 -7.398436    0.000406  3.20  2.46
802    c2    QMC   0.66667      3.35 -7.407410    0.000244  3.35  2.46
803    c2    QMC   0.66667      3.50 -7.411002    0.000288  3.50  2.46
804    c2    QMC   0.66667      3.65 -7.412222    0.000304  3.65  2.46
805    c2    QMC   0.66667      3.80 -7.411072    0.000225  3.80  2.46
806    c2    QMC   0.66667      4.00 -7.409340    0.000371  4.00  2.46
807    c2    QMC   0.66667      4.50 -7.404098    0.000251  4.50  2.46
808    c2    QMC   0.66667      5.00 -7.399931    0.000278  5.00  2.46
809    c2    QMC   0.66667      6.00 -7.397270    0.000237  6.00  2.46
810    c2    QMC   0.66667      7.00 -7.395750    0.000319  7.00  2.46
[7]
mask [ True  True  True  True  True  True  True  True  True  True]
exclude_idxs [7]
[3.04437135e+00 7.42830448e+00 1.37341181e+00 1.86542837e-02
 5.42414174e+01 1.54999470e+01 7.95444300e-01 3.68144000e+00
 2.57145346e+04 2.37837972e-04]
[3.04437135e+00 7.42830448e+00 1.37341181e+00 1.86542837e-02
 5.42414174e+01 1.54999470e+01 7.95444300e-01 2.57145346e+04
 2.37837972e-04]
params_e0 (3.044371354872578, 7.428304482220809, 1.373411809631826, 0.018654283684654455, 54.241417414838494, 15.499947, 0.7954443, 25714.53464439797, 0.00023783797161188372)
reconstructed_params [3.04437135e+00 7.42830448e+00 1.37341181e+00 1.86542837e-02
 5.42414174e+01 1.54999470e+01 7.95444300e-01 3.68144000e+00
 2.57145346e+04 2.37837972e-04]
saving params.txt: (3.044371354872578, 7.428304482220809, 1.373411809631826, 0.018654283684654455, 54.241417414838494, 15.499947, 0.7954443, 3.68144, 25714.53464439797, 0.00023783797161188372)
saving energy.txt: [-7.4014255  -7.41304855 -7.41613551 -7.4167701  -7.41609845 -7.41475359
 -7.41250948 -7.40687122 -7.40259302 -7.39791076 -7.39602448 -7.4000882
 -7.4123193  -7.41564076 -7.41642755 -7.41586063 -7.4145888  -7.4124089
 -7.40684256 -7.40258504 -7.39791018 -7.39602444 -7.39418186 -7.40898281
 -7.41344996 -7.4149728  -7.41488697 -7.41393427 -7.41202227 -7.40673858
 -7.40255717 -7.39790821 -7.39602431 -7.38364655 -7.40298947 -7.40953102
 -7.41238701 -7.41316658 -7.41278364 -7.41134644 -7.40655871 -7.40250928
 -7.39790486 -7.39602408]
params_e0 (3.0443714002372464, 7.428304482220809, 1.373411809631826, 0.018654283684654455, 54.241417414838494, 15.499947, 0.7954443, 25714.53464439797, 0.00023783797161188372)
reconstructed_params [3.04437140e+00 7.42830448e+00 1.37341181e+00 1.86542837e-02
 5.42414174e+01 1.54999470e+01 7.95444300e-01 3.68144000e+00
 2.57145346e+04 2.37837972e-04]
saving params.txt: (3.0443714002372464, 7.428304482220809, 1.373411809631826, 0.018654283684654455, 54.241417414838494, 15.499947, 0.7954443, 3.68144, 25714.53464439797, 0.00023783797161188372)
saving energy.txt: [-7.40142549 -7.41304854 -7.41613551 -7.41677009 -7.41609845 -7.41475359
 -7.41250948 -7.40687122 -7.40259302 -7.39791076 -7.39602448 -7.40008819
 -7.41231929 -7.41564076 -7.41642755 -7.41586062 -7.41458879 -7.4124089
 -7.40684256 -7.40258504 -7.39791018 -7.39602444 -7.39418185 -7.4089828
 -7.41344995 -7.4149728  -7.41488697 -7.41393426 -7.41202227 -7.40673858
 -7.40255717 -7.39790821 -7.39602431 -7.38364654 -7.40298946 -7.40953102
 -7.41238701 -7.41316658 -7.41278363 -7.41134644 -7.40655871 -7.40250928
 -7.39790486 -7.39602408]
params_e0 (3.044371354872578, 7.4283045929111715, 1.373411809631826, 0.018654283684654455, 54.241417414838494, 15.499947, 0.7954443, 25714.53464439797, 0.00023783797161188372)
reconstructed_params [3.04437135e+00 7.42830459e+00 1.37341181e+00 1.86542837e-02
 5.42414174e+01 1.54999470e+01 7.95444300e-01 3.68144000e+00
 2.57145346e+04 2.37837972e-04]
saving params.txt: (3.044371354872578, 7.4283045929111715, 1.373411809631826, 0.018654283684654455, 54.241417414838494, 15.499947, 0.7954443, 3.68144, 25714.53464439797, 0.00023783797161188372)
saving energy.txt: [-7.4014255  -7.41304855 -7.41613551 -7.4167701  -7.41609845 -7.41475359
 -7.41250948 -7.40687122 -7.40259302 -7.39791076 -7.39602448 -7.4000882
 -7.4123193  -7.41564076 -7.41642755 -7.41586063 -7.4145888  -7.4124089
 -7.40684256 -7.40258504 -7.39791018 -7.39602444 -7.39418186 -7.40898281
 -7.41344996 -7.4149728  -7.41488697 -7.41393427 -7.41202227 -7.40673858
 -7.40255717 -7.39790821 -7.39602431 -7.38364655 -7.40298947 -7.40953102
 -7.41238701 -7.41316658 -7.41278364 -7.41134644 -7.40655871 -7.40250928
 -7.39790486 -7.39602408]
params_e0 (3.044371354872578, 7.428304482220809, 1.3734118300972566, 0.018654283684654455, 54.241417414838494, 15.499947, 0.7954443, 25714.53464439797, 0.00023783797161188372)
reconstructed_params [3.04437135e+00 7.42830448e+00 1.37341183e+00 1.86542837e-02
 5.42414174e+01 1.54999470e+01 7.95444300e-01 3.68144000e+00
 2.57145346e+04 2.37837972e-04]
saving params.txt: (3.044371354872578, 7.428304482220809, 1.3734118300972566, 0.018654283684654455, 54.241417414838494, 15.499947, 0.7954443, 3.68144, 25714.53464439797, 0.00023783797161188372)
saving energy.txt: [-7.4014255  -7.41304855 -7.41613551 -7.41677009 -7.41609845 -7.41475359
 -7.41250948 -7.40687122 -7.40259302 -7.39791076 -7.39602448 -7.4000882
 -7.4123193  -7.41564076 -7.41642755 -7.41586063 -7.4145888  -7.4124089
 -7.40684256 -7.40258504 -7.39791018 -7.39602444 -7.39418186 -7.40898281
 -7.41344996 -7.4149728  -7.41488697 -7.41393427 -7.41202227 -7.40673858
 -7.40255717 -7.39790821 -7.39602431 -7.38364655 -7.40298947 -7.40953102
 -7.41238701 -7.41316658 -7.41278364 -7.41134644 -7.40655871 -7.40250928
 -7.39790486 -7.39602408]
params_e0 (3.044371354872578, 7.428304482220809, 1.373411809631826, 0.01865429858581565, 54.241417414838494, 15.499947, 0.7954443, 25714.53464439797, 0.00023783797161188372)
reconstructed_params [3.04437135e+00 7.42830448e+00 1.37341181e+00 1.86542986e-02
 5.42414174e+01 1.54999470e+01 7.95444300e-01 3.68144000e+00
 2.57145346e+04 2.37837972e-04]
saving params.txt: (3.044371354872578, 7.428304482220809, 1.373411809631826, 0.01865429858581565, 54.241417414838494, 15.499947, 0.7954443, 3.68144, 25714.53464439797, 0.00023783797161188372)
saving energy.txt: [-7.4014255  -7.41304855 -7.41613551 -7.4167701  -7.41609845 -7.41475359
 -7.41250948 -7.40687122 -7.40259302 -7.39791076 -7.39602448 -7.4000882
 -7.4123193  -7.41564076 -7.41642755 -7.41586063 -7.4145888  -7.4124089
 -7.40684256 -7.40258504 -7.39791018 -7.39602444 -7.39418186 -7.40898281
 -7.41344996 -7.4149728  -7.41488697 -7.41393427 -7.41202227 -7.40673858
 -7.40255717 -7.39790821 -7.39602431 -7.38364655 -7.40298947 -7.40953102
 -7.41238701 -7.41316658 -7.41278364 -7.41134644 -7.40655871 -7.40250928
 -7.39790486 -7.39602408]
params_e0 (3.044371354872578, 7.428304482220809, 1.373411809631826, 0.018654283684654455, 54.2414182230986, 15.499947, 0.7954443, 25714.53464439797, 0.00023783797161188372)
reconstructed_params [3.04437135e+00 7.42830448e+00 1.37341181e+00 1.86542837e-02
 5.42414182e+01 1.54999470e+01 7.95444300e-01 3.68144000e+00
 2.57145346e+04 2.37837972e-04]
saving params.txt: (3.044371354872578, 7.428304482220809, 1.373411809631826, 0.018654283684654455, 54.2414182230986, 15.499947, 0.7954443, 3.68144, 25714.53464439797, 0.00023783797161188372)
saving energy.txt: [-7.4014255  -7.41304855 -7.41613551 -7.41677009 -7.41609845 -7.41475359
 -7.41250948 -7.40687122 -7.40259302 -7.39791076 -7.39602448 -7.4000882
 -7.4123193  -7.41564076 -7.41642755 -7.41586063 -7.4145888  -7.4124089
 -7.40684256 -7.40258504 -7.39791018 -7.39602444 -7.39418186 -7.40898281
 -7.41344996 -7.4149728  -7.41488697 -7.41393427 -7.41202227 -7.40673858
 -7.40255717 -7.39790821 -7.39602431 -7.38364655 -7.40298947 -7.40953102
 -7.41238701 -7.41316658 -7.41278364 -7.41134644 -7.40655871 -7.40250928
 -7.39790486 -7.39602408]
params_e0 (3.044371354872578, 7.428304482220809, 1.373411809631826, 0.018654283684654455, 54.241417414838494, 15.499947230967209, 0.7954443, 25714.53464439797, 0.00023783797161188372)
reconstructed_params [3.04437135e+00 7.42830448e+00 1.37341181e+00 1.86542837e-02
 5.42414174e+01 1.54999472e+01 7.95444300e-01 3.68144000e+00
 2.57145346e+04 2.37837972e-04]
saving params.txt: (3.044371354872578, 7.428304482220809, 1.373411809631826, 0.018654283684654455, 54.241417414838494, 15.499947230967209, 0.7954443, 3.68144, 25714.53464439797, 0.00023783797161188372)
saving energy.txt: [-7.4014255  -7.41304855 -7.41613551 -7.4167701  -7.41609845 -7.41475359
 -7.41250948 -7.40687122 -7.40259302 -7.39791076 -7.39602448 -7.4000882
 -7.4123193  -7.41564076 -7.41642755 -7.41586063 -7.4145888  -7.4124089
 -7.40684256 -7.40258504 -7.39791018 -7.39602444 -7.39418186 -7.40898281
 -7.41344996 -7.4149728  -7.41488697 -7.41393427 -7.41202227 -7.40673858
 -7.40255717 -7.39790821 -7.39602431 -7.38364655 -7.40298947 -7.40953102
 -7.41238701 -7.41316658 -7.41278364 -7.41134644 -7.40655871 -7.40250928
 -7.39790486 -7.39602408]
params_e0 (3.044371354872578, 7.428304482220809, 1.373411809631826, 0.018654283684654455, 54.241417414838494, 15.499947, 0.7954443149011612, 25714.53464439797, 0.00023783797161188372)
reconstructed_params [3.04437135e+00 7.42830448e+00 1.37341181e+00 1.86542837e-02
 5.42414174e+01 1.54999470e+01 7.95444315e-01 3.68144000e+00
 2.57145346e+04 2.37837972e-04]
saving params.txt: (3.044371354872578, 7.428304482220809, 1.373411809631826, 0.018654283684654455, 54.241417414838494, 15.499947, 0.7954443149011612, 3.68144, 25714.53464439797, 0.00023783797161188372)
saving energy.txt: [-7.4014255  -7.41304855 -7.41613551 -7.41677009 -7.41609845 -7.41475359
 -7.41250948 -7.40687122 -7.40259302 -7.39791076 -7.39602448 -7.4000882
 -7.4123193  -7.41564076 -7.41642755 -7.41586063 -7.4145888  -7.4124089
 -7.40684256 -7.40258504 -7.39791018 -7.39602444 -7.39418186 -7.40898281
 -7.41344996 -7.4149728  -7.41488697 -7.41393427 -7.41202227 -7.40673858
 -7.40255717 -7.39790821 -7.39602431 -7.38364655 -7.40298947 -7.40953102
 -7.41238701 -7.41316658 -7.41278364 -7.41134644 -7.40655871 -7.40250928
 -7.39790486 -7.39602408]
params_e0 (3.044371354872578, 7.428304482220809, 1.373411809631826, 0.018654283684654455, 54.241417414838494, 15.499947, 0.7954443, 25714.535027574395, 0.00023783797161188372)
reconstructed_params [3.04437135e+00 7.42830448e+00 1.37341181e+00 1.86542837e-02
 5.42414174e+01 1.54999470e+01 7.95444300e-01 3.68144000e+00
 2.57145350e+04 2.37837972e-04]
saving params.txt: (3.044371354872578, 7.428304482220809, 1.373411809631826, 0.018654283684654455, 54.241417414838494, 15.499947, 0.7954443, 3.68144, 25714.535027574395, 0.00023783797161188372)
saving energy.txt: [-7.4014255  -7.41304855 -7.41613551 -7.4167701  -7.41609845 -7.41475359
 -7.41250948 -7.40687122 -7.40259302 -7.39791076 -7.39602448 -7.4000882
 -7.4123193  -7.41564076 -7.41642755 -7.41586063 -7.4145888  -7.4124089
 -7.40684256 -7.40258504 -7.39791018 -7.39602444 -7.39418186 -7.40898281
 -7.41344996 -7.4149728  -7.41488697 -7.41393427 -7.41202227 -7.40673858
 -7.40255717 -7.39790821 -7.39602431 -7.38364655 -7.40298947 -7.40953102
 -7.41238701 -7.41316658 -7.41278364 -7.41134644 -7.40655871 -7.40250928
 -7.39790486 -7.39602408]
params_e0 (3.044371354872578, 7.428304482220809, 1.373411809631826, 0.018654283684654455, 54.241417414838494, 15.499947, 0.7954443, 25714.53464439797, 0.00023785287277307756)
reconstructed_params [3.04437135e+00 7.42830448e+00 1.37341181e+00 1.86542837e-02
 5.42414174e+01 1.54999470e+01 7.95444300e-01 3.68144000e+00
 2.57145346e+04 2.37852873e-04]
saving params.txt: (3.044371354872578, 7.428304482220809, 1.373411809631826, 0.018654283684654455, 54.241417414838494, 15.499947, 0.7954443, 3.68144, 25714.53464439797, 0.00023785287277307756)
saving energy.txt: [-7.40142548 -7.41304853 -7.4161355  -7.41677008 -7.41609844 -7.41475357
 -7.41250947 -7.4068712  -7.40259301 -7.39791075 -7.39602447 -7.40008818
 -7.41231928 -7.41564074 -7.41642754 -7.41586061 -7.41458878 -7.41240889
 -7.40684254 -7.40258503 -7.39791016 -7.39602442 -7.39418184 -7.4089828
 -7.41344994 -7.41497279 -7.41488695 -7.41393425 -7.41202226 -7.40673857
 -7.40255715 -7.39790819 -7.39602429 -7.38364654 -7.40298945 -7.40953101
 -7.412387   -7.41316657 -7.41278362 -7.41134642 -7.4065587  -7.40250927
 -7.39790484 -7.39602406]
params_e0 (3.044497629698047, 4.443054834308683, 1.373438857058455, 0.018654632706190177, 54.2441463882559, 15.499858521251726, 0.7956792269474061, 29714.751664273135, -0.006607549312853126)
reconstructed_params [ 3.04449763e+00  4.44305483e+00  1.37343886e+00  1.86546327e-02
  5.42441464e+01  1.54998585e+01  7.95679227e-01  3.68144000e+00
  2.97147517e+04 -6.60754931e-03]
saving params.txt: (3.044497629698047, 4.443054834308683, 1.373438857058455, 0.018654632706190177, 54.2441463882559, 15.499858521251726, 0.7956792269474061, 3.68144, 29714.751664273135, -0.006607549312853126)
saving energy.txt: [-7.40742802 -7.41062457 -7.41099051 -7.41079261 -7.41044155 -7.41006444
 -7.40955653 -7.40820003 -7.40676119 -7.40433189 -7.40287754 -7.40607091
 -7.40979538 -7.41035839 -7.41029644 -7.4100494  -7.40975426 -7.40932992
 -7.40809757 -7.40671537 -7.40432298 -7.40287587 -7.40160231 -7.40682963
 -7.40812429 -7.40857921 -7.40871443 -7.40871118 -7.40857717 -7.40776423
 -7.4065683  -7.40429484 -7.40287067 -7.39405948 -7.40171817 -7.40427767
 -7.40563371 -7.406432   -7.4069321  -7.40729642 -7.40719944 -7.40631978
 -7.40424745 -7.40286193]
params_e0 (3.0231825326171506, 4.353448071732299, 1.3582402396140167, 0.018452901274968653, 53.78368333410591, 15.513346437663099, 0.7643478120760181, 26714.584447790978, -0.009926307593497222)
reconstructed_params [ 3.02318253e+00  4.35344807e+00  1.35824024e+00  1.84529013e-02
  5.37836833e+01  1.55133464e+01  7.64347812e-01  3.68144000e+00
  2.67145844e+04 -9.92630759e-03]
saving params.txt: (3.0231825326171506, 4.353448071732299, 1.3582402396140167, 0.018452901274968653, 53.78368333410591, 15.513346437663099, 0.7643478120760181, 3.68144, 26714.584447790978, -0.009926307593497222)
saving energy.txt: [-7.40968887 -7.41096707 -7.41104944 -7.41099192 -7.41092749 -7.41086309
 -7.41074289 -7.41012893 -7.40917746 -7.40727648 -7.40604439 -7.40856964
 -7.41019892 -7.41044002 -7.41050587 -7.41054022 -7.41055508 -7.41051652
 -7.41002525 -7.40913053 -7.40726713 -7.40604261 -7.40442365 -7.40738643
 -7.40827458 -7.40881629 -7.40921446 -7.40951274 -7.40975969 -7.40968591
 -7.40897904 -7.40723748 -7.406037   -7.39724611 -7.40251183 -7.4045414
 -7.40591578 -7.40694537 -7.40773279 -7.40847038 -7.40911026 -7.40872277
 -7.40718748 -7.40602757]
params_e0 (3.017853743511559, 4.331051474712015, 1.3544405128109482, 0.01840246746621099, 53.668567027470665, 15.51671845768022, 0.7565148327083415, 25964.529073846865, -0.010755993453549268)
reconstructed_params [ 3.01785374e+00  4.33105147e+00  1.35444051e+00  1.84024675e-02
  5.36685670e+01  1.55167185e+01  7.56514833e-01  3.68144000e+00
  2.59645291e+04 -1.07559935e-02]
saving params.txt: (3.017853743511559, 4.331051474712015, 1.3544405128109482, 0.01840246746621099, 53.668567027470665, 15.51671845768022, 0.7565148327083415, 3.68144, 25964.529073846865, -0.010755993453549268)
saving energy.txt: [-7.40987296 -7.41088316 -7.4109803  -7.41100005 -7.41102691 -7.41104999
 -7.41103249 -7.41060895 -7.4097807  -7.40801244 -7.40683604 -7.40879646
 -7.41012449 -7.41037485 -7.410516   -7.41064066 -7.41074243 -7.41080615
 -7.41050496 -7.40973348 -7.40800299 -7.40683423 -7.40473022 -7.40734211
 -7.40822204 -7.4088313  -7.40931631 -7.40969986 -7.4100481  -7.41016403
 -7.40958083 -7.40797294 -7.40682852 -7.39765977 -7.40251746 -7.40451012
 -7.4059385  -7.40704894 -7.40791892 -7.40875627 -7.4095855  -7.40932252
 -7.40792225 -7.4068189 ]
params_e0 (3.01652148711593, 4.325472734223871, 1.3534902911029745, 0.018389855207103737, 53.639785781789286, 15.517561626403626, 0.7545560849259729, 25776.96090826949, -0.010963400004397033)
reconstructed_params [ 3.01652149e+00  4.32547273e+00  1.35349029e+00  1.83898552e-02
  5.36397858e+01  1.55175616e+01  7.54556085e-01  3.68144000e+00
  2.57769609e+04 -1.09634000e-02]
saving params.txt: (3.01652148711593, 4.325472734223871, 1.3534902911029745, 0.018389855207103737, 53.639785781789286, 15.517561626403626, 0.7545560849259729, 3.68144, 25776.96090826949, -0.010963400004397033)
saving energy.txt: [-7.40989815 -7.4108536  -7.41095889 -7.41100006 -7.4110507  -7.41109612
 -7.41110458 -7.41072889 -7.40993149 -7.40819642 -7.40703394 -7.40883116
 -7.41009704 -7.41035437 -7.41051649 -7.4106647  -7.41078867 -7.41087825
 -7.41062482 -7.4098842  -7.40818694 -7.40703212 -7.40478425 -7.40732168
 -7.40820448 -7.40883291 -7.40934066 -7.40974601 -7.41011988 -7.41028349
 -7.40973126 -7.40815679 -7.40702638 -7.39774078 -7.40250881 -7.40449747
 -7.40594186 -7.40707365 -7.40796479 -7.40882741 -7.40970423 -7.40947244
 -7.40810593 -7.40701672]
params_e0 (3.016188201088152, 4.324161943832146, 1.3532515596475543, 0.018386686706807504, 53.632582013637865, 15.517773077693453, 0.754064363333898, 25729.848730827664, -0.01101518715289431)
reconstructed_params [ 3.01618820e+00  4.32416194e+00  1.35325156e+00  1.83866867e-02
  5.36325820e+01  1.55177731e+01  7.54064363e-01  3.68144000e+00
  2.57298487e+04 -1.10151872e-02]
saving params.txt: (3.016188201088152, 4.324161943832146, 1.3532515596475543, 0.018386686706807504, 53.632582013637865, 15.517773077693453, 0.754064363333898, 3.68144, 25729.848730827664, -0.01101518715289431)
saving energy.txt: [-7.4099032  -7.41084592 -7.41095362 -7.41100033 -7.41105701 -7.41110803
 -7.41112298 -7.41075913 -7.40996932 -7.40824241 -7.40708336 -7.40883851
 -7.41008987 -7.41034933 -7.41051689 -7.41067107 -7.41080062 -7.41089665
 -7.41065504 -7.40992202 -7.40823292 -7.40708154 -7.40479636 -7.40731622
 -7.40820015 -7.40883358 -7.40934711 -7.40975795 -7.41013821 -7.41031362
 -7.40976901 -7.40820275 -7.40707579 -7.39775958 -7.40250623 -7.40449433
 -7.40594296 -7.40708019 -7.40797666 -7.4088456  -7.4097342  -7.40951007
 -7.40815185 -7.40706612]
params_e0 (3.016107870656476, 4.32461419088877, 1.3531864422387951, 0.018385823743416532, 53.63081844483092, 15.51782790597518, 0.7539331201504677, 25716.904705510187, -0.011026617869067796)
reconstructed_params [ 3.01610787e+00  4.32461419e+00  1.35318644e+00  1.83858237e-02
  5.36308184e+01  1.55178279e+01  7.53933120e-01  3.68144000e+00
  2.57169047e+04 -1.10266179e-02]
saving params.txt: (3.016107870656476, 4.32461419088877, 1.3531864422387951, 0.018385823743416532, 53.63081844483092, 15.51782790597518, 0.7539331201504677, 3.68144, 25716.904705510187, -0.011026617869067796)
saving energy.txt: [-7.40990419 -7.410846   -7.41095532 -7.41100393 -7.41106227 -7.41111461
 -7.4111308  -7.41076853 -7.40997935 -7.40825303 -7.40709435 -7.40884006
 -7.41009009 -7.4103511  -7.41052055 -7.4106764  -7.41080724 -7.41090452
 -7.41066447 -7.40993206 -7.40824354 -7.40709253 -7.40479874 -7.40731672
 -7.40820206 -7.40883735 -7.40935253 -7.40976467 -7.41014618 -7.41032312
 -7.40977909 -7.40821338 -7.40708679 -7.39776291 -7.40250715 -7.40449644
 -7.40594687 -7.40708576 -7.40798354 -7.40885371 -7.40974383 -7.40952024
 -7.40816251 -7.40707713]
params_e0 (3.047690662329622, 6.452755315296631, 1.351778970553134, 0.01838127671563339, 54.20951342519223, 15.508543385588569, 0.760319737437732, 25714.534962536967, -0.0037810868535185916)
reconstructed_params [ 3.04769066e+00  6.45275532e+00  1.35177897e+00  1.83812767e-02
  5.42095134e+01  1.55085434e+01  7.60319737e-01  3.68144000e+00
  2.57145350e+04 -3.78108685e-03]
saving params.txt: (3.047690662329622, 6.452755315296631, 1.351778970553134, 0.01838127671563339, 54.20951342519223, 15.508543385588569, 0.760319737437732, 3.68144, 25714.534962536967, -0.0037810868535185916)
saving energy.txt: [-7.40676772 -7.41385115 -7.41585315 -7.41639046 -7.41607992 -7.41527192
 -7.41378284 -7.40959824 -7.40607191 -7.4018521  -7.40003397 -7.40557792
 -7.41310155 -7.41530543 -7.41599011 -7.41578833 -7.41506033 -7.41364556
 -7.40955258 -7.40605702 -7.40185058 -7.40003383 -7.40018774 -7.40984415
 -7.41303194 -7.41438867 -7.41465526 -7.41425717 -7.41313754 -7.40939113
 -7.40600594 -7.40184556 -7.40003335 -7.39052922 -7.40403326 -7.40900515
 -7.41156967 -7.41267068 -7.41285625 -7.41225546 -7.40911315 -7.40591848
 -7.40183703 -7.40003254]
params_e0 (3.058642794916301, 7.188106138268713, 1.3514620466436966, 0.018427866933371336, 54.344543495846864, 15.502924646472895, 0.7635430323533762, 25714.534704419624, -0.0012623464516385422)
reconstructed_params [ 3.05864279e+00  7.18810614e+00  1.35146205e+00  1.84278669e-02
  5.43445435e+01  1.55029246e+01  7.63543032e-01  3.68144000e+00
  2.57145347e+04 -1.26234645e-03]
saving params.txt: (3.058642794916301, 7.188106138268713, 1.3514620466436966, 0.018427866933371336, 54.344543495846864, 15.502924646472895, 0.7635430323533762, 3.68144, 25714.534704419624, -0.0012623464516385422)
saving energy.txt: [-7.40452432 -7.41376636 -7.41629996 -7.4168756  -7.41634579 -7.4152025
 -7.41322239 -7.40803776 -7.40396572 -7.39939536 -7.39752304 -7.40332248
 -7.41303778 -7.41578218 -7.41650762 -7.41608543 -7.41501912 -7.41310817
 -7.4080036  -7.40395574 -7.39939455 -7.39752298 -7.39740474 -7.40961323
 -7.41347493 -7.41493957 -7.41501495 -7.41428685 -7.41266635 -7.40787876
 -7.40392062 -7.39939182 -7.39752278 -7.38667309 -7.40343271 -7.4093429
 -7.41215091 -7.41312223 -7.41299844 -7.41189322 -7.40766251 -7.4038602
 -7.39938717 -7.39752243]
params_e0 (3.060723214242287, 7.380193199571695, 1.351867091027012, 0.018538567662889548, 54.29025004639078, 15.500654170444157, 0.7681157777576723, 25714.534655958338, -0.0005445590362971744)
reconstructed_params [ 3.06072321e+00  7.38019320e+00  1.35186709e+00  1.85385677e-02
  5.42902500e+01  1.55006542e+01  7.68115778e-01  3.68144000e+00
  2.57145347e+04 -5.44559036e-04]
saving params.txt: (3.060723214242287, 7.380193199571695, 1.351867091027012, 0.018538567662889548, 54.29025004639078, 15.500654170444157, 0.7681157777576723, 3.68144, 25714.534655958338, -0.0005445590362971744)
saving energy.txt: [-7.40366666 -7.4136415  -7.41633778 -7.41691659 -7.4163165  -7.41507547
 -7.41296115 -7.40752559 -7.4033296  -7.39868804 -7.39680638 -7.40245115
 -7.41291941 -7.41582955 -7.4165583  -7.41606497 -7.41489969 -7.41285283
 -7.40749408 -7.40332066 -7.39868735 -7.39680633 -7.39638698 -7.40945465
 -7.41351951 -7.41500427 -7.41501443 -7.41418791 -7.41242873 -7.4073779
 -7.40328897 -7.39868504 -7.39680616 -7.38537189 -7.40318373 -7.40937028
 -7.41223288 -7.41315225 -7.41293264 -7.41168506 -7.40717633 -7.40323438
 -7.39868109 -7.39680589]
params_e0 (3.052786569074984, 7.42570458955991, 1.360380343223628, 0.0186427850813235, 54.24282427071107, 15.500000464144481, 0.7875142579091843, 25714.53464512734, -4.7255993720981296e-05)
reconstructed_params [ 3.05278657e+00  7.42570459e+00  1.36038034e+00  1.86427851e-02
  5.42428243e+01  1.55000005e+01  7.87514258e-01  3.68144000e+00
  2.57145346e+04 -4.72559937e-05]
saving params.txt: (3.052786569074984, 7.42570458955991, 1.360380343223628, 0.0186427850813235, 54.24282427071107, 15.500000464144481, 0.7875142579091843, 3.68144, 25714.53464512734, -4.7255993720981296e-05)
saving energy.txt: [-7.40209471 -7.41325472 -7.41623088 -7.41685387 -7.41620835 -7.41489816
 -7.41269577 -7.40711969 -7.40286542 -7.3981945  -7.39630945 -7.40079142
 -7.41252621 -7.41572972 -7.41650434 -7.41596456 -7.41472866 -7.41259192
 -7.40708987 -7.40285706 -7.39819387 -7.3963094  -7.39474375 -7.40910067
 -7.41346917 -7.41499652 -7.41495188 -7.41404605 -7.41218752 -7.40698046
 -7.40282756 -7.39819177 -7.39630926 -7.38387649 -7.40292135 -7.40941394
 -7.41230984 -7.41315833 -7.41284331 -7.41147907 -7.4067908  -7.4027768
 -7.39818818 -7.39630901]
params_e0 (3.0475324788947953, 7.427913708618504, 1.3700164689483578, 0.018652458677364304, 54.241577493157905, 15.499955406456957, 0.7939781901151873, 25714.53464451059, 9.129633202364172e-05)
reconstructed_params [3.04753248e+00 7.42791371e+00 1.37001647e+00 1.86524587e-02
 5.42415775e+01 1.54999554e+01 7.93978190e-01 3.68144000e+00
 2.57145346e+04 9.12963320e-05]
saving params.txt: (3.0475324788947953, 7.427913708618504, 1.3700164689483578, 0.018652458677364304, 54.241577493157905, 15.499955406456957, 0.7939781901151873, 3.68144, 25714.53464451059, 9.129633202364172e-05)
saving energy.txt: [-7.40142221 -7.41303161 -7.41613636 -7.41679766 -7.41615253 -7.41483023
 -7.41260902 -7.4070013  -7.40273404 -7.39805674 -7.39617097 -7.40008727
 -7.41229988 -7.41563837 -7.41645227 -7.41591244 -7.41466371 -7.41250728
 -7.40697224 -7.40272594 -7.39805614 -7.39617093 -7.39412923 -7.40893122
 -7.41342362 -7.41497989 -7.41492606 -7.41400012 -7.41211495 -7.40686653
 -7.40269755 -7.39805413 -7.39617079 -7.38348479 -7.40287427 -7.40945917
 -7.41236125 -7.41318221 -7.41283292 -7.4114288  -7.40668358 -7.40264876
 -7.3980507  -7.39617056]
params_e0 (3.045885519505241, 7.428242797213701, 1.3730076302278187, 0.018654087485825206, 54.241552038602684, 15.499947637647828, 0.7953079306068589, 25714.53464441029, 0.0001376648737345899)
reconstructed_params [3.04588552e+00 7.42824280e+00 1.37300763e+00 1.86540875e-02
 5.42415520e+01 1.54999476e+01 7.95307931e-01 3.68144000e+00
 2.57145346e+04 1.37664874e-04]
saving params.txt: (3.045885519505241, 7.428242797213701, 1.3730076302278187, 0.018654087485825206, 54.241552038602684, 15.499947637647828, 0.7953079306068589, 3.68144, 25714.53464441029, 0.0001376648737345899)
saving energy.txt: [-7.40129326 -7.41298821 -7.41611558 -7.41678135 -7.41613333 -7.4148061
 -7.41257856 -7.40696098 -7.40268981 -7.39801061 -7.39612462 -7.39995277
 -7.41225646 -7.41561887 -7.41643733 -7.41589442 -7.41464053 -7.41247747
 -7.40693215 -7.40268178 -7.39801001 -7.39612458 -7.39402634 -7.40890731
 -7.413419   -7.41497611 -7.41491617 -7.41398276 -7.41208882 -7.40682756
 -7.40265372 -7.39800803 -7.39612445 -7.38345349 -7.40289087 -7.40948373
 -7.41237876 -7.41318764 -7.4128264  -7.41140942 -7.40664662 -7.40260552
 -7.39800465 -7.39612422]
params_e0 (3.044782127894478, 7.428298275073817, 1.3734253913168244, 0.018654290090749936, 54.24146165747005, 15.499946870467184, 0.7954591889409924, 25714.534644397674, 0.00020722903972528956)
reconstructed_params [3.04478213e+00 7.42829828e+00 1.37342539e+00 1.86542901e-02
 5.42414617e+01 1.54999469e+01 7.95459189e-01 3.68144000e+00
 2.57145346e+04 2.07229040e-04]
saving params.txt: (3.044782127894478, 7.428298275073817, 1.3734253913168244, 0.018654290090749936, 54.24146165747005, 15.499946870467184, 0.7954591889409924, 3.68144, 25714.534644397674, 0.00020722903972528956)
saving energy.txt: [-7.40137758 -7.4130276  -7.4161286  -7.41677342 -7.41610926 -7.41476986
 -7.4125308  -7.40689875 -7.40262264 -7.39794128 -7.39605508 -7.40003901
 -7.41229755 -7.41563327 -7.41643047 -7.41587114 -7.41460486 -7.41243009
 -7.40687005 -7.40261465 -7.39794069 -7.39605504 -7.39412771 -7.40895792
 -7.41344026 -7.41497417 -7.41489639 -7.41394956 -7.41204298 -7.40676593
 -7.40258673 -7.39793872 -7.39605491 -7.38358372 -7.40295907 -7.40951745
 -7.41238566 -7.4131741  -7.4127976  -7.41136632 -7.40658581 -7.40253877
 -7.39793536 -7.39605468]
params_e0 (3.044473557054955, 7.428303135366086, 1.373417540359923, 0.018654286396192942, 54.24142857542323, 15.499946962052691, 0.7954489881175598, 25714.534644397827, 0.00022968756136196653)
reconstructed_params [3.04447356e+00 7.42830314e+00 1.37341754e+00 1.86542864e-02
 5.42414286e+01 1.54999470e+01 7.95448988e-01 3.68144000e+00
 2.57145346e+04 2.29687561e-04]
saving params.txt: (3.044473557054955, 7.428303135366086, 1.373417540359923, 0.018654286396192942, 54.24142857542323, 15.499946962052691, 0.7954489881175598, 3.68144, 25714.534644397827, 0.00022968756136196653)
saving energy.txt: [-7.40141382 -7.41304372 -7.41613423 -7.4167714  -7.41610164 -7.41475815
 -7.41251531 -7.4068786  -7.40260092 -7.39791889 -7.39603263 -7.4000762
 -7.41231427 -7.41563934 -7.41642876 -7.41586374 -7.4145933  -7.41241469
 -7.40684993 -7.40259294 -7.3979183  -7.39603259 -7.39416863 -7.40897701
 -7.41344799 -7.41497362 -7.41488981 -7.41393858 -7.41202794 -7.40674592
 -7.40256506 -7.39791633 -7.39603245 -7.38363119 -7.40298231 -7.4095281
 -7.41238716 -7.41316896 -7.41278762 -7.41135191 -7.40656599 -7.40251715
 -7.39791298 -7.39603223]
params_e0 (3.0444736024211463, 7.428303135366086, 1.373417540359923, 0.018654286396192942, 54.24142857542323, 15.499946962052691, 0.7954489881175598, 25714.534644397827, 0.00022968756136196653)
reconstructed_params [3.04447360e+00 7.42830314e+00 1.37341754e+00 1.86542864e-02
 5.42414286e+01 1.54999470e+01 7.95448988e-01 3.68144000e+00
 2.57145346e+04 2.29687561e-04]
saving params.txt: (3.0444736024211463, 7.428303135366086, 1.373417540359923, 0.018654286396192942, 54.24142857542323, 15.499946962052691, 0.7954489881175598, 3.68144, 25714.534644397827, 0.00022968756136196653)
saving energy.txt: [-7.40141381 -7.41304372 -7.41613423 -7.4167714  -7.41610164 -7.41475814
 -7.41251531 -7.4068786  -7.40260092 -7.39791889 -7.39603263 -7.40007619
 -7.41231426 -7.41563933 -7.41642875 -7.41586374 -7.4145933  -7.41241469
 -7.40684993 -7.40259294 -7.3979183  -7.39603259 -7.39416862 -7.408977
 -7.41344799 -7.41497362 -7.41488981 -7.41393858 -7.41202794 -7.40674592
 -7.40256506 -7.39791633 -7.39603245 -7.38363119 -7.4029823  -7.4095281
 -7.41238716 -7.41316896 -7.41278762 -7.41135191 -7.40656599 -7.40251715
 -7.39791298 -7.39603223]
params_e0 (3.044473557054955, 7.428303246056428, 1.373417540359923, 0.018654286396192942, 54.24142857542323, 15.499946962052691, 0.7954489881175598, 25714.534644397827, 0.00022968756136196653)
reconstructed_params [3.04447356e+00 7.42830325e+00 1.37341754e+00 1.86542864e-02
 5.42414286e+01 1.54999470e+01 7.95448988e-01 3.68144000e+00
 2.57145346e+04 2.29687561e-04]
saving params.txt: (3.044473557054955, 7.428303246056428, 1.373417540359923, 0.018654286396192942, 54.24142857542323, 15.499946962052691, 0.7954489881175598, 3.68144, 25714.534644397827, 0.00022968756136196653)
saving energy.txt: [-7.40141382 -7.41304372 -7.41613423 -7.4167714  -7.41610164 -7.41475815
 -7.41251531 -7.4068786  -7.40260092 -7.39791889 -7.39603263 -7.4000762
 -7.41231427 -7.41563934 -7.41642876 -7.41586374 -7.4145933  -7.41241469
 -7.40684993 -7.40259294 -7.3979183  -7.39603259 -7.39416863 -7.40897701
 -7.41344799 -7.41497362 -7.41488981 -7.41393858 -7.41202794 -7.40674592
 -7.40256506 -7.39791633 -7.39603245 -7.38363119 -7.40298231 -7.4095281
 -7.41238716 -7.41316896 -7.41278762 -7.41135191 -7.40656599 -7.40251715
 -7.39791298 -7.39603223]
params_e0 (3.044473557054955, 7.428303135366086, 1.373417560825439, 0.018654286396192942, 54.24142857542323, 15.499946962052691, 0.7954489881175598, 25714.534644397827, 0.00022968756136196653)
reconstructed_params [3.04447356e+00 7.42830314e+00 1.37341756e+00 1.86542864e-02
 5.42414286e+01 1.54999470e+01 7.95448988e-01 3.68144000e+00
 2.57145346e+04 2.29687561e-04]
saving params.txt: (3.044473557054955, 7.428303135366086, 1.373417560825439, 0.018654286396192942, 54.24142857542323, 15.499946962052691, 0.7954489881175598, 3.68144, 25714.534644397827, 0.00022968756136196653)
saving energy.txt: [-7.40141382 -7.41304372 -7.41613423 -7.4167714  -7.41610164 -7.41475814
 -7.41251531 -7.4068786  -7.40260092 -7.39791889 -7.39603263 -7.40007619
 -7.41231427 -7.41563934 -7.41642876 -7.41586374 -7.4145933  -7.41241469
 -7.40684993 -7.40259294 -7.3979183  -7.39603259 -7.39416863 -7.40897701
 -7.41344799 -7.41497362 -7.41488981 -7.41393858 -7.41202794 -7.40674592
 -7.40256506 -7.39791633 -7.39603245 -7.38363119 -7.4029823  -7.4095281
 -7.41238716 -7.41316896 -7.41278762 -7.41135191 -7.40656599 -7.40251715
 -7.39791298 -7.39603223]
params_e0 (3.044473557054955, 7.428303135366086, 1.373417540359923, 0.018654301297354136, 54.24142857542323, 15.499946962052691, 0.7954489881175598, 25714.534644397827, 0.00022968756136196653)
reconstructed_params [3.04447356e+00 7.42830314e+00 1.37341754e+00 1.86543013e-02
 5.42414286e+01 1.54999470e+01 7.95448988e-01 3.68144000e+00
 2.57145346e+04 2.29687561e-04]
saving params.txt: (3.044473557054955, 7.428303135366086, 1.373417540359923, 0.018654301297354136, 54.24142857542323, 15.499946962052691, 0.7954489881175598, 3.68144, 25714.534644397827, 0.00022968756136196653)
saving energy.txt: [-7.40141382 -7.41304372 -7.41613423 -7.4167714  -7.41610164 -7.41475815
 -7.41251531 -7.4068786  -7.40260092 -7.39791889 -7.39603263 -7.4000762
 -7.41231427 -7.41563934 -7.41642876 -7.41586374 -7.4145933  -7.41241469
 -7.40684993 -7.40259294 -7.3979183  -7.39603259 -7.39416863 -7.40897701
 -7.41344799 -7.41497362 -7.41488981 -7.41393858 -7.41202794 -7.40674592
 -7.40256506 -7.39791633 -7.39603245 -7.38363119 -7.40298231 -7.4095281
 -7.41238716 -7.41316896 -7.41278762 -7.41135191 -7.40656599 -7.40251715
 -7.39791298 -7.39603223]
params_e0 (3.044473557054955, 7.428303135366086, 1.373417540359923, 0.018654286396192942, 54.241429383683496, 15.499946962052691, 0.7954489881175598, 25714.534644397827, 0.00022968756136196653)
reconstructed_params [3.04447356e+00 7.42830314e+00 1.37341754e+00 1.86542864e-02
 5.42414294e+01 1.54999470e+01 7.95448988e-01 3.68144000e+00
 2.57145346e+04 2.29687561e-04]
saving params.txt: (3.044473557054955, 7.428303135366086, 1.373417540359923, 0.018654286396192942, 54.241429383683496, 15.499946962052691, 0.7954489881175598, 3.68144, 25714.534644397827, 0.00022968756136196653)
saving energy.txt: [-7.40141382 -7.41304372 -7.41613423 -7.4167714  -7.41610164 -7.41475814
 -7.41251531 -7.4068786  -7.40260092 -7.39791889 -7.39603263 -7.4000762
 -7.41231427 -7.41563934 -7.41642876 -7.41586374 -7.4145933  -7.41241469
 -7.40684993 -7.40259294 -7.3979183  -7.39603259 -7.39416863 -7.40897701
 -7.41344799 -7.41497362 -7.41488981 -7.41393858 -7.41202794 -7.40674592
 -7.40256506 -7.39791633 -7.39603245 -7.38363119 -7.4029823  -7.4095281
 -7.41238716 -7.41316896 -7.41278762 -7.41135191 -7.40656599 -7.40251715
 -7.39791298 -7.39603223]
params_e0 (3.044473557054955, 7.428303135366086, 1.373417540359923, 0.018654286396192942, 54.24142857542323, 15.4999471930199, 0.7954489881175598, 25714.534644397827, 0.00022968756136196653)
reconstructed_params [3.04447356e+00 7.42830314e+00 1.37341754e+00 1.86542864e-02
 5.42414286e+01 1.54999472e+01 7.95448988e-01 3.68144000e+00
 2.57145346e+04 2.29687561e-04]
saving params.txt: (3.044473557054955, 7.428303135366086, 1.373417540359923, 0.018654286396192942, 54.24142857542323, 15.4999471930199, 0.7954489881175598, 3.68144, 25714.534644397827, 0.00022968756136196653)
saving energy.txt: [-7.40141382 -7.41304372 -7.41613423 -7.4167714  -7.41610164 -7.41475815
 -7.41251531 -7.4068786  -7.40260092 -7.39791889 -7.39603263 -7.4000762
 -7.41231427 -7.41563934 -7.41642876 -7.41586374 -7.4145933  -7.41241469
 -7.40684993 -7.40259294 -7.3979183  -7.39603259 -7.39416863 -7.40897701
 -7.41344799 -7.41497362 -7.41488981 -7.41393858 -7.41202794 -7.40674592
 -7.40256506 -7.39791633 -7.39603245 -7.38363119 -7.40298231 -7.4095281
 -7.41238716 -7.41316896 -7.41278762 -7.41135191 -7.40656599 -7.40251715
 -7.39791298 -7.39603223]
params_e0 (3.044473557054955, 7.428303135366086, 1.373417540359923, 0.018654286396192942, 54.24142857542323, 15.499946962052691, 0.795449003018721, 25714.534644397827, 0.00022968756136196653)
reconstructed_params [3.04447356e+00 7.42830314e+00 1.37341754e+00 1.86542864e-02
 5.42414286e+01 1.54999470e+01 7.95449003e-01 3.68144000e+00
 2.57145346e+04 2.29687561e-04]
saving params.txt: (3.044473557054955, 7.428303135366086, 1.373417540359923, 0.018654286396192942, 54.24142857542323, 15.499946962052691, 0.795449003018721, 3.68144, 25714.534644397827, 0.00022968756136196653)
saving energy.txt: [-7.40141382 -7.41304372 -7.41613423 -7.4167714  -7.41610164 -7.41475815
 -7.41251531 -7.4068786  -7.40260092 -7.39791889 -7.39603263 -7.40007619
 -7.41231427 -7.41563934 -7.41642876 -7.41586374 -7.4145933  -7.41241469
 -7.40684993 -7.40259294 -7.3979183  -7.39603259 -7.39416863 -7.40897701
 -7.41344799 -7.41497362 -7.41488981 -7.41393858 -7.41202794 -7.40674592
 -7.40256506 -7.39791633 -7.39603245 -7.38363119 -7.4029823  -7.4095281
 -7.41238716 -7.41316896 -7.41278762 -7.41135191 -7.40656599 -7.40251715
 -7.39791298 -7.39603223]
params_e0 (3.044473557054955, 7.428303135366086, 1.373417540359923, 0.018654286396192942, 54.24142857542323, 15.499946962052691, 0.7954489881175598, 25714.535027574253, 0.00022968756136196653)
reconstructed_params [3.04447356e+00 7.42830314e+00 1.37341754e+00 1.86542864e-02
 5.42414286e+01 1.54999470e+01 7.95448988e-01 3.68144000e+00
 2.57145350e+04 2.29687561e-04]
saving params.txt: (3.044473557054955, 7.428303135366086, 1.373417540359923, 0.018654286396192942, 54.24142857542323, 15.499946962052691, 0.7954489881175598, 3.68144, 25714.535027574253, 0.00022968756136196653)
saving energy.txt: [-7.40141382 -7.41304372 -7.41613424 -7.4167714  -7.41610164 -7.41475815
 -7.41251531 -7.4068786  -7.40260092 -7.39791889 -7.39603263 -7.4000762
 -7.41231427 -7.41563934 -7.41642876 -7.41586374 -7.4145933  -7.41241469
 -7.40684993 -7.40259294 -7.3979183  -7.39603259 -7.39416863 -7.40897701
 -7.41344799 -7.41497362 -7.41488981 -7.41393858 -7.41202794 -7.40674592
 -7.40256506 -7.39791633 -7.39603245 -7.38363119 -7.40298231 -7.4095281
 -7.41238716 -7.41316896 -7.41278762 -7.41135191 -7.40656599 -7.40251715
 -7.39791298 -7.39603223]
params_e0 (3.044473557054955, 7.428303135366086, 1.373417540359923, 0.018654286396192942, 54.24142857542323, 15.499946962052691, 0.7954489881175598, 25714.534644397827, 0.00022970246252316037)
reconstructed_params [3.04447356e+00 7.42830314e+00 1.37341754e+00 1.86542864e-02
 5.42414286e+01 1.54999470e+01 7.95448988e-01 3.68144000e+00
 2.57145346e+04 2.29702463e-04]
saving params.txt: (3.044473557054955, 7.428303135366086, 1.373417540359923, 0.018654286396192942, 54.24142857542323, 15.499946962052691, 0.7954489881175598, 3.68144, 25714.534644397827, 0.00022970246252316037)
saving energy.txt: [-7.4014138  -7.41304371 -7.41613422 -7.41677138 -7.41610162 -7.41475813
 -7.41251529 -7.40687858 -7.40260091 -7.39791888 -7.39603261 -7.40007618
 -7.41231425 -7.41563932 -7.41642874 -7.41586373 -7.41459329 -7.41241468
 -7.40684991 -7.40259293 -7.39791829 -7.39603257 -7.39416862 -7.40897699
 -7.41344798 -7.41497361 -7.4148898  -7.41393857 -7.41202793 -7.4067459
 -7.40256504 -7.39791632 -7.39603244 -7.38363118 -7.40298229 -7.40952809
 -7.41238715 -7.41316894 -7.41278761 -7.41135189 -7.40656597 -7.40251714
 -7.39791297 -7.39603221]
