/projects/qmchamm/shared/mick/ilp_fitting
    basis  method  registry  distance    energy  energy_err     d     a
231    c2  DFT-D2   0.00000      3.00 -7.414703         0.0  3.00  2.46
232    c2  DFT-D2   0.00000      3.20 -7.419444         0.0  3.20  2.46
233    c2  DFT-D2   0.00000      3.21 -7.419504         0.0  3.21  2.46
234    c2  DFT-D2   0.00000      3.22 -7.419547         0.0  3.22  2.46
235    c2  DFT-D2   0.00000      3.23 -7.419575         0.0  3.23  2.46
..    ...     ...       ...       ...       ...         ...   ...   ...
494    c2  DFT-D2   0.66667      4.00 -7.409670         0.0  4.00  2.46
495    c2  DFT-D2   0.66667      4.50 -7.404751         0.0  4.50  2.46
496    c2  DFT-D2   0.66667      5.00 -7.401265         0.0  5.00  2.46
497    c2  DFT-D2   0.66667      6.00 -7.397754         0.0  6.00  2.46
498    c2  DFT-D2   0.66667      7.00 -7.396615         0.0  7.00  2.46

[268 rows x 8 columns]
[7]
mask [ True  True  True  True  True  True  True  True  True  True]
exclude_idxs [7]
[3.20675681e+00 6.53950017e+00 1.23620298e+00 6.32132700e-05
 3.75343608e+01 1.54999470e+01 7.95444300e-01 3.68144000e+00
 2.80435411e+04 1.94791931e-03]
[3.20675681e+00 6.53950017e+00 1.23620298e+00 6.32132700e-05
 3.75343608e+01 1.54999470e+01 7.95444300e-01 2.80435411e+04
 1.94791931e-03]
params_e0 (3.206756814697934, 6.539500169992314, 1.2362029750313532, 6.321326999730773e-05, 37.534360815826716, 15.499947, 0.7954443, 28043.541125789197, 0.0019479193084128738)
reconstructed_params [3.20675681e+00 6.53950017e+00 1.23620298e+00 6.32132700e-05
 3.75343608e+01 1.54999470e+01 7.95444300e-01 3.68144000e+00
 2.80435411e+04 1.94791931e-03]
saving params.txt: (3.206756814697934, 6.539500169992314, 1.2362029750313532, 6.321326999730773e-05, 37.534360815826716, 15.499947, 0.7954443, 3.68144, 28043.541125789197, 0.0019479193084128738)
saving energy.txt: [-7.41551249 -7.41947031 -7.41951063 -7.41954057 -7.41956065 -7.41957136
 -7.41957317 -7.41956652 -7.41955187 -7.4195296  -7.41950014 -7.41946385
 -7.4194211  -7.41937224 -7.4193176  -7.41925748 -7.41919221 -7.41912206
 -7.4190473  -7.4189682  -7.418885   -7.41879795 -7.41870726 -7.41861315
 -7.41851582 -7.41841546 -7.41831226 -7.41820639 -7.41809802 -7.41798729
 -7.41787437 -7.4177594  -7.4176425  -7.4175238  -7.41740343 -7.41728149
 -7.41715811 -7.41703338 -7.41690739 -7.41678025 -7.41665205 -7.41652285
 -7.41639275 -7.41626183 -7.41613014 -7.41599777 -7.41586477 -7.41573121
 -7.41559715 -7.41546264 -7.41532774 -7.41519249 -7.41505695 -7.41492116
 -7.41478516 -7.414649   -7.41451271 -7.41437634 -7.41423992 -7.41410348
 -7.41396706 -7.41383068 -7.41115077 -7.40535237 -7.4011382  -7.39640754
 -7.39441833 -7.41426418 -7.41874748 -7.41880431 -7.41885017 -7.41888562
 -7.41891117 -7.41892732 -7.41893457 -7.41893337 -7.41892415 -7.41890735
 -7.41888336 -7.41885256 -7.41881533 -7.418772   -7.41872292 -7.41866839
 -7.41860871 -7.41854418 -7.41847507 -7.41840163 -7.4183241  -7.41824273
 -7.41815773 -7.41806932 -7.41797769 -7.41788303 -7.41778552 -7.41768534
 -7.41758264 -7.41747759 -7.41737031 -7.41726096 -7.41714967 -7.41703656
 -7.41692174 -7.41680533 -7.41668744 -7.41656817 -7.41644762 -7.41632587
 -7.41620301 -7.41607912 -7.41595429 -7.41582859 -7.41570208 -7.41557484
 -7.41544693 -7.41531841 -7.41518933 -7.41505977 -7.41492975 -7.41479935
 -7.41466859 -7.41453754 -7.41440623 -7.4142747  -7.414143   -7.41401116
 -7.41387921 -7.4137472  -7.41361515 -7.41100641 -7.40530066 -7.40112018
 -7.39640547 -7.3944181  -7.40818941 -7.41501581 -7.41516115 -7.41529321
 -7.41541259 -7.41551987 -7.41561563 -7.41570039 -7.41577468 -7.415839
 -7.41589383 -7.41593961 -7.41597679 -7.41600578 -7.41602699 -7.41604079
 -7.41604756 -7.41604763 -7.41604134 -7.41602901 -7.41601093 -7.4159874
 -7.41595868 -7.41592504 -7.41588673 -7.41584398 -7.41579702 -7.41574605
 -7.4156913  -7.41563294 -7.41557116 -7.41550613 -7.41543804 -7.41536702
 -7.41529324 -7.41521684 -7.41513796 -7.41505672 -7.41497325 -7.41488768
 -7.4148001  -7.41471063 -7.41461938 -7.41452644 -7.4144319  -7.41433585
 -7.41423838 -7.41413957 -7.4140395  -7.41393824 -7.41383586 -7.41373243
 -7.41362802 -7.41352268 -7.41341647 -7.41330946 -7.4132017  -7.41309324
 -7.41298412 -7.4128744  -7.41276413 -7.41265334 -7.41038476 -7.40509193
 -7.40105048 -7.39639788 -7.39441731 -7.39720313 -7.40820164 -7.40850891
 -7.40879887 -7.40907223 -7.40932965 -7.40957176 -7.4097992  -7.41001257
 -7.41021245 -7.4103994  -7.41057395 -7.41073665 -7.41088797 -7.41102841
 -7.41115842 -7.41127846 -7.41138895 -7.4114903  -7.4115829  -7.41166713
 -7.41174334 -7.41181189 -7.4118731  -7.41192728 -7.41197474 -7.41201577
 -7.41205064 -7.41207962 -7.41210296 -7.4121209  -7.41213367 -7.41214149
 -7.41214457 -7.41214311 -7.41213731 -7.41212734 -7.4121134  -7.41209563
 -7.41207421 -7.41204928 -7.41202101 -7.41198951 -7.41195494 -7.41191743
 -7.41187708 -7.41183403 -7.41178839 -7.41174027 -7.41168977 -7.411637
 -7.41158204 -7.411525   -7.41146596 -7.41140501 -7.41134222 -7.41127769
 -7.41121149 -7.41114369 -7.41107435 -7.41100356 -7.41093137 -7.4092779
 -7.40472414 -7.40092859 -7.39638473 -7.39441594]
params_e0 (3.206756862482334, 6.539500169992314, 1.2362029750313532, 6.321326999730773e-05, 37.534360815826716, 15.499947, 0.7954443, 28043.541125789197, 0.0019479193084128738)
reconstructed_params [3.20675686e+00 6.53950017e+00 1.23620298e+00 6.32132700e-05
 3.75343608e+01 1.54999470e+01 7.95444300e-01 3.68144000e+00
 2.80435411e+04 1.94791931e-03]
saving params.txt: (3.206756862482334, 6.539500169992314, 1.2362029750313532, 6.321326999730773e-05, 37.534360815826716, 15.499947, 0.7954443, 3.68144, 28043.541125789197, 0.0019479193084128738)
saving energy.txt: [-7.41551248 -7.4194703  -7.41951062 -7.41954057 -7.41956065 -7.41957136
 -7.41957316 -7.41956652 -7.41955186 -7.4195296  -7.41950014 -7.41946385
 -7.4194211  -7.41937224 -7.41931759 -7.41925748 -7.41919221 -7.41912205
 -7.4190473  -7.4189682  -7.418885   -7.41879794 -7.41870725 -7.41861314
 -7.41851581 -7.41841546 -7.41831226 -7.41820639 -7.41809801 -7.41798729
 -7.41787437 -7.41775939 -7.41764249 -7.4175238  -7.41740342 -7.41728149
 -7.41715811 -7.41703338 -7.41690739 -7.41678025 -7.41665204 -7.41652285
 -7.41639275 -7.41626182 -7.41613014 -7.41599777 -7.41586477 -7.41573121
 -7.41559715 -7.41546264 -7.41532773 -7.41519249 -7.41505694 -7.41492115
 -7.41478516 -7.414649   -7.41451271 -7.41437634 -7.41423992 -7.41410348
 -7.41396705 -7.41383068 -7.41115076 -7.40535237 -7.4011382  -7.39640754
 -7.39441833 -7.41426417 -7.41874747 -7.4188043  -7.41885017 -7.41888561
 -7.41891116 -7.41892732 -7.41893457 -7.41893336 -7.41892415 -7.41890735
 -7.41888336 -7.41885256 -7.41881533 -7.418772   -7.41872291 -7.41866838
 -7.41860871 -7.41854418 -7.41847507 -7.41840162 -7.4183241  -7.41824273
 -7.41815773 -7.41806931 -7.41797768 -7.41788302 -7.41778552 -7.41768534
 -7.41758264 -7.41747758 -7.41737031 -7.41726096 -7.41714967 -7.41703655
 -7.41692174 -7.41680533 -7.41668744 -7.41656817 -7.41644761 -7.41632586
 -7.416203   -7.41607912 -7.41595429 -7.41582858 -7.41570208 -7.41557484
 -7.41544693 -7.4153184  -7.41518933 -7.41505976 -7.41492975 -7.41479934
 -7.41466859 -7.41453754 -7.41440623 -7.4142747  -7.414143   -7.41401116
 -7.41387921 -7.4137472  -7.41361515 -7.41100641 -7.40530066 -7.40112018
 -7.39640547 -7.3944181  -7.40818941 -7.41501581 -7.41516115 -7.4152932
 -7.41541258 -7.41551987 -7.41561562 -7.41570039 -7.41577468 -7.415839
 -7.41589382 -7.41593961 -7.41597678 -7.41600578 -7.41602699 -7.41604079
 -7.41604755 -7.41604763 -7.41604134 -7.416029   -7.41601093 -7.41598739
 -7.41595868 -7.41592504 -7.41588673 -7.41584398 -7.41579701 -7.41574605
 -7.41569129 -7.41563293 -7.41557115 -7.41550613 -7.41543803 -7.41536702
 -7.41529324 -7.41521684 -7.41513796 -7.41505672 -7.41497325 -7.41488767
 -7.4148001  -7.41471063 -7.41461938 -7.41452644 -7.4144319  -7.41433585
 -7.41423838 -7.41413957 -7.4140395  -7.41393824 -7.41383586 -7.41373243
 -7.41362801 -7.41352268 -7.41341647 -7.41330946 -7.4132017  -7.41309323
 -7.41298412 -7.4128744  -7.41276413 -7.41265334 -7.41038476 -7.40509193
 -7.40105048 -7.39639788 -7.39441731 -7.39720313 -7.40820164 -7.4085089
 -7.40879887 -7.40907222 -7.40932964 -7.40957176 -7.4097992  -7.41001257
 -7.41021244 -7.41039939 -7.41057395 -7.41073664 -7.41088796 -7.4110284
 -7.41115842 -7.41127846 -7.41138895 -7.4114903  -7.4115829  -7.41166713
 -7.41174334 -7.41181188 -7.41187309 -7.41192728 -7.41197474 -7.41201577
 -7.41205064 -7.41207962 -7.41210296 -7.4121209  -7.41213366 -7.41214148
 -7.41214456 -7.41214311 -7.4121373  -7.41212734 -7.41211339 -7.41209563
 -7.41207421 -7.41204928 -7.412021   -7.41198951 -7.41195494 -7.41191742
 -7.41187708 -7.41183403 -7.41178839 -7.41174027 -7.41168977 -7.41163699
 -7.41158204 -7.41152499 -7.41146595 -7.411405   -7.41134222 -7.41127769
 -7.41121149 -7.41114368 -7.41107435 -7.41100356 -7.41093137 -7.4092779
 -7.40472414 -7.40092859 -7.39638473 -7.39441594]
params_e0 (3.206756814697934, 6.53950026743846, 1.2362029750313532, 6.321326999730773e-05, 37.534360815826716, 15.499947, 0.7954443, 28043.541125789197, 0.0019479193084128738)
reconstructed_params [3.20675681e+00 6.53950027e+00 1.23620298e+00 6.32132700e-05
 3.75343608e+01 1.54999470e+01 7.95444300e-01 3.68144000e+00
 2.80435411e+04 1.94791931e-03]
saving params.txt: (3.206756814697934, 6.53950026743846, 1.2362029750313532, 6.321326999730773e-05, 37.534360815826716, 15.499947, 0.7954443, 3.68144, 28043.541125789197, 0.0019479193084128738)
saving energy.txt: [-7.41551249 -7.41947031 -7.41951063 -7.41954057 -7.41956065 -7.41957136
 -7.41957317 -7.41956653 -7.41955187 -7.41952961 -7.41950014 -7.41946385
 -7.4194211  -7.41937224 -7.4193176  -7.41925749 -7.41919221 -7.41912206
 -7.4190473  -7.4189682  -7.418885   -7.41879795 -7.41870726 -7.41861315
 -7.41851582 -7.41841546 -7.41831226 -7.41820639 -7.41809802 -7.41798729
 -7.41787437 -7.4177594  -7.4176425  -7.4175238  -7.41740343 -7.4172815
 -7.41715811 -7.41703338 -7.4169074  -7.41678026 -7.41665205 -7.41652285
 -7.41639275 -7.41626183 -7.41613014 -7.41599777 -7.41586477 -7.41573121
 -7.41559715 -7.41546264 -7.41532774 -7.41519249 -7.41505695 -7.41492116
 -7.41478516 -7.414649   -7.41451271 -7.41437634 -7.41423992 -7.41410348
 -7.41396706 -7.41383068 -7.41115077 -7.40535237 -7.4011382  -7.39640754
 -7.39441833 -7.41426418 -7.41874748 -7.41880431 -7.41885017 -7.41888562
 -7.41891117 -7.41892732 -7.41893457 -7.41893337 -7.41892415 -7.41890735
 -7.41888336 -7.41885256 -7.41881533 -7.418772   -7.41872292 -7.41866839
 -7.41860871 -7.41854418 -7.41847507 -7.41840163 -7.4183241  -7.41824273
 -7.41815773 -7.41806932 -7.41797769 -7.41788303 -7.41778552 -7.41768534
 -7.41758264 -7.41747759 -7.41737031 -7.41726096 -7.41714967 -7.41703656
 -7.41692174 -7.41680533 -7.41668744 -7.41656817 -7.41644762 -7.41632587
 -7.41620301 -7.41607912 -7.41595429 -7.41582859 -7.41570208 -7.41557484
 -7.41544693 -7.41531841 -7.41518933 -7.41505977 -7.41492975 -7.41479935
 -7.41466859 -7.41453754 -7.41440623 -7.4142747  -7.414143   -7.41401116
 -7.41387921 -7.4137472  -7.41361515 -7.41100641 -7.40530066 -7.40112018
 -7.39640547 -7.3944181  -7.40818941 -7.41501581 -7.41516115 -7.41529321
 -7.41541259 -7.41551987 -7.41561563 -7.41570039 -7.41577469 -7.415839
 -7.41589383 -7.41593961 -7.41597679 -7.41600578 -7.41602699 -7.41604079
 -7.41604756 -7.41604763 -7.41604134 -7.41602901 -7.41601093 -7.4159874
 -7.41595868 -7.41592504 -7.41588673 -7.41584398 -7.41579702 -7.41574606
 -7.4156913  -7.41563294 -7.41557116 -7.41550613 -7.41543804 -7.41536702
 -7.41529325 -7.41521685 -7.41513796 -7.41505672 -7.41497325 -7.41488768
 -7.4148001  -7.41471063 -7.41461938 -7.41452644 -7.4144319  -7.41433585
 -7.41423838 -7.41413958 -7.4140395  -7.41393824 -7.41383586 -7.41373243
 -7.41362802 -7.41352268 -7.41341647 -7.41330946 -7.4132017  -7.41309324
 -7.41298412 -7.4128744  -7.41276413 -7.41265334 -7.41038476 -7.40509193
 -7.40105048 -7.39639788 -7.39441731 -7.39720313 -7.40820165 -7.40850891
 -7.40879887 -7.40907223 -7.40932965 -7.40957176 -7.4097992  -7.41001257
 -7.41021245 -7.4103994  -7.41057396 -7.41073665 -7.41088797 -7.41102841
 -7.41115842 -7.41127846 -7.41138895 -7.4114903  -7.4115829  -7.41166713
 -7.41174334 -7.41181189 -7.4118731  -7.41192728 -7.41197474 -7.41201577
 -7.41205064 -7.41207962 -7.41210296 -7.4121209  -7.41213367 -7.41214149
 -7.41214457 -7.41214311 -7.41213731 -7.41212734 -7.4121134  -7.41209563
 -7.41207421 -7.41204928 -7.41202101 -7.41198951 -7.41195494 -7.41191743
 -7.41187708 -7.41183403 -7.41178839 -7.41174027 -7.41168977 -7.411637
 -7.41158204 -7.411525   -7.41146596 -7.41140501 -7.41134223 -7.41127769
 -7.41121149 -7.41114369 -7.41107435 -7.41100356 -7.41093137 -7.4092779
 -7.40472414 -7.40092859 -7.39638473 -7.39441594]
params_e0 (3.206756814697934, 6.539500169992314, 1.236202993452213, 6.321326999730773e-05, 37.534360815826716, 15.499947, 0.7954443, 28043.541125789197, 0.0019479193084128738)
reconstructed_params [3.20675681e+00 6.53950017e+00 1.23620299e+00 6.32132700e-05
 3.75343608e+01 1.54999470e+01 7.95444300e-01 3.68144000e+00
 2.80435411e+04 1.94791931e-03]
saving params.txt: (3.206756814697934, 6.539500169992314, 1.236202993452213, 6.321326999730773e-05, 37.534360815826716, 15.499947, 0.7954443, 3.68144, 28043.541125789197, 0.0019479193084128738)
saving energy.txt: [-7.41551249 -7.41947031 -7.41951063 -7.41954057 -7.41956065 -7.41957136
 -7.41957317 -7.41956652 -7.41955187 -7.4195296  -7.41950014 -7.41946385
 -7.4194211  -7.41937224 -7.4193176  -7.41925748 -7.41919221 -7.41912206
 -7.4190473  -7.4189682  -7.418885   -7.41879795 -7.41870726 -7.41861315
 -7.41851582 -7.41841546 -7.41831226 -7.41820639 -7.41809802 -7.41798729
 -7.41787437 -7.4177594  -7.4176425  -7.4175238  -7.41740343 -7.41728149
 -7.41715811 -7.41703338 -7.41690739 -7.41678025 -7.41665205 -7.41652285
 -7.41639275 -7.41626183 -7.41613014 -7.41599777 -7.41586477 -7.41573121
 -7.41559715 -7.41546264 -7.41532774 -7.41519249 -7.41505695 -7.41492116
 -7.41478516 -7.414649   -7.41451271 -7.41437634 -7.41423992 -7.41410348
 -7.41396706 -7.41383068 -7.41115077 -7.40535237 -7.4011382  -7.39640754
 -7.39441833 -7.41426418 -7.41874748 -7.41880431 -7.41885017 -7.41888561
 -7.41891117 -7.41892732 -7.41893457 -7.41893337 -7.41892415 -7.41890735
 -7.41888336 -7.41885256 -7.41881533 -7.418772   -7.41872292 -7.41866839
 -7.41860871 -7.41854418 -7.41847507 -7.41840163 -7.4183241  -7.41824273
 -7.41815773 -7.41806932 -7.41797769 -7.41788303 -7.41778552 -7.41768534
 -7.41758264 -7.41747758 -7.41737031 -7.41726096 -7.41714967 -7.41703656
 -7.41692174 -7.41680533 -7.41668744 -7.41656817 -7.41644762 -7.41632587
 -7.41620301 -7.41607912 -7.41595429 -7.41582859 -7.41570208 -7.41557484
 -7.41544693 -7.41531841 -7.41518933 -7.41505976 -7.41492975 -7.41479935
 -7.41466859 -7.41453754 -7.41440623 -7.4142747  -7.414143   -7.41401116
 -7.41387921 -7.4137472  -7.41361515 -7.41100641 -7.40530066 -7.40112018
 -7.39640547 -7.3944181  -7.40818941 -7.41501581 -7.41516115 -7.41529321
 -7.41541259 -7.41551987 -7.41561563 -7.41570039 -7.41577468 -7.415839
 -7.41589383 -7.41593961 -7.41597679 -7.41600578 -7.41602699 -7.41604079
 -7.41604756 -7.41604763 -7.41604134 -7.41602901 -7.41601093 -7.4159874
 -7.41595868 -7.41592504 -7.41588673 -7.41584398 -7.41579702 -7.41574605
 -7.4156913  -7.41563293 -7.41557116 -7.41550613 -7.41543804 -7.41536702
 -7.41529324 -7.41521684 -7.41513796 -7.41505672 -7.41497325 -7.41488768
 -7.4148001  -7.41471063 -7.41461938 -7.41452644 -7.4144319  -7.41433585
 -7.41423838 -7.41413957 -7.4140395  -7.41393824 -7.41383586 -7.41373243
 -7.41362802 -7.41352268 -7.41341647 -7.41330946 -7.4132017  -7.41309324
 -7.41298412 -7.4128744  -7.41276413 -7.41265334 -7.41038476 -7.40509193
 -7.40105048 -7.39639788 -7.39441731 -7.39720313 -7.40820164 -7.4085089
 -7.40879887 -7.40907223 -7.40932965 -7.40957176 -7.4097992  -7.41001257
 -7.41021245 -7.4103994  -7.41057395 -7.41073664 -7.41088797 -7.41102841
 -7.41115842 -7.41127846 -7.41138895 -7.4114903  -7.4115829  -7.41166713
 -7.41174334 -7.41181189 -7.4118731  -7.41192728 -7.41197474 -7.41201577
 -7.41205064 -7.41207962 -7.41210296 -7.4121209  -7.41213367 -7.41214149
 -7.41214457 -7.41214311 -7.41213731 -7.41212734 -7.4121134  -7.41209563
 -7.41207421 -7.41204928 -7.41202101 -7.41198951 -7.41195494 -7.41191743
 -7.41187708 -7.41183403 -7.41178839 -7.41174027 -7.41168977 -7.411637
 -7.41158204 -7.411525   -7.41146596 -7.41140501 -7.41134222 -7.41127769
 -7.41121149 -7.41114369 -7.41107435 -7.41100356 -7.41093137 -7.4092779
 -7.40472414 -7.40092859 -7.39638473 -7.39441594]
params_e0 (3.206756814697934, 6.539500169992314, 1.2362029750313532, 6.322817115850158e-05, 37.534360815826716, 15.499947, 0.7954443, 28043.541125789197, 0.0019479193084128738)
reconstructed_params [3.20675681e+00 6.53950017e+00 1.23620298e+00 6.32281712e-05
 3.75343608e+01 1.54999470e+01 7.95444300e-01 3.68144000e+00
 2.80435411e+04 1.94791931e-03]
saving params.txt: (3.206756814697934, 6.539500169992314, 1.2362029750313532, 6.322817115850158e-05, 37.534360815826716, 15.499947, 0.7954443, 3.68144, 28043.541125789197, 0.0019479193084128738)
saving energy.txt: [-7.41551249 -7.41947031 -7.41951063 -7.41954057 -7.41956065 -7.41957136
 -7.41957317 -7.41956652 -7.41955187 -7.4195296  -7.41950014 -7.41946385
 -7.4194211  -7.41937224 -7.4193176  -7.41925748 -7.41919221 -7.41912206
 -7.4190473  -7.4189682  -7.418885   -7.41879795 -7.41870726 -7.41861315
 -7.41851582 -7.41841546 -7.41831226 -7.41820639 -7.41809802 -7.41798729
 -7.41787437 -7.4177594  -7.4176425  -7.4175238  -7.41740343 -7.41728149
 -7.41715811 -7.41703338 -7.41690739 -7.41678025 -7.41665205 -7.41652285
 -7.41639275 -7.41626183 -7.41613014 -7.41599777 -7.41586477 -7.41573121
 -7.41559715 -7.41546264 -7.41532774 -7.41519249 -7.41505695 -7.41492116
 -7.41478516 -7.414649   -7.41451271 -7.41437634 -7.41423992 -7.41410348
 -7.41396706 -7.41383068 -7.41115077 -7.40535237 -7.4011382  -7.39640754
 -7.39441833 -7.41426418 -7.41874748 -7.41880431 -7.41885017 -7.41888562
 -7.41891117 -7.41892732 -7.41893457 -7.41893337 -7.41892415 -7.41890735
 -7.41888336 -7.41885256 -7.41881533 -7.418772   -7.41872292 -7.41866839
 -7.41860871 -7.41854418 -7.41847507 -7.41840163 -7.4183241  -7.41824273
 -7.41815773 -7.41806932 -7.41797769 -7.41788303 -7.41778552 -7.41768534
 -7.41758264 -7.41747758 -7.41737031 -7.41726096 -7.41714967 -7.41703656
 -7.41692174 -7.41680533 -7.41668744 -7.41656817 -7.41644762 -7.41632587
 -7.41620301 -7.41607912 -7.41595429 -7.41582859 -7.41570208 -7.41557484
 -7.41544693 -7.41531841 -7.41518933 -7.41505977 -7.41492975 -7.41479935
 -7.41466859 -7.41453754 -7.41440623 -7.4142747  -7.414143   -7.41401116
 -7.41387921 -7.4137472  -7.41361515 -7.41100641 -7.40530066 -7.40112018
 -7.39640547 -7.3944181  -7.40818941 -7.41501581 -7.41516115 -7.41529321
 -7.41541259 -7.41551987 -7.41561563 -7.41570039 -7.41577468 -7.415839
 -7.41589383 -7.41593961 -7.41597679 -7.41600578 -7.41602699 -7.41604079
 -7.41604756 -7.41604763 -7.41604134 -7.41602901 -7.41601093 -7.4159874
 -7.41595868 -7.41592504 -7.41588673 -7.41584398 -7.41579702 -7.41574605
 -7.4156913  -7.41563293 -7.41557116 -7.41550613 -7.41543804 -7.41536702
 -7.41529324 -7.41521684 -7.41513796 -7.41505672 -7.41497325 -7.41488768
 -7.4148001  -7.41471063 -7.41461938 -7.41452644 -7.4144319  -7.41433585
 -7.41423838 -7.41413957 -7.4140395  -7.41393824 -7.41383586 -7.41373243
 -7.41362802 -7.41352268 -7.41341647 -7.41330946 -7.4132017  -7.41309324
 -7.41298412 -7.4128744  -7.41276413 -7.41265334 -7.41038476 -7.40509193
 -7.40105048 -7.39639788 -7.39441731 -7.39720313 -7.40820164 -7.4085089
 -7.40879887 -7.40907223 -7.40932965 -7.40957176 -7.4097992  -7.41001257
 -7.41021245 -7.4103994  -7.41057395 -7.41073665 -7.41088797 -7.41102841
 -7.41115842 -7.41127846 -7.41138895 -7.4114903  -7.4115829  -7.41166713
 -7.41174334 -7.41181189 -7.4118731  -7.41192728 -7.41197474 -7.41201577
 -7.41205064 -7.41207962 -7.41210296 -7.4121209  -7.41213367 -7.41214149
 -7.41214457 -7.41214311 -7.41213731 -7.41212734 -7.4121134  -7.41209563
 -7.41207421 -7.41204928 -7.41202101 -7.41198951 -7.41195494 -7.41191743
 -7.41187708 -7.41183403 -7.41178839 -7.41174027 -7.41168977 -7.411637
 -7.41158204 -7.411525   -7.41146596 -7.41140501 -7.41134222 -7.41127769
 -7.41121149 -7.41114369 -7.41107435 -7.41100356 -7.41093137 -7.4092779
 -7.40472414 -7.40092859 -7.39638473 -7.39441594]
params_e0 (3.206756814697934, 6.539500169992314, 1.2362029750313532, 6.321326999730773e-05, 37.53436137513228, 15.499947, 0.7954443, 28043.541125789197, 0.0019479193084128738)
reconstructed_params [3.20675681e+00 6.53950017e+00 1.23620298e+00 6.32132700e-05
 3.75343614e+01 1.54999470e+01 7.95444300e-01 3.68144000e+00
 2.80435411e+04 1.94791931e-03]
saving params.txt: (3.206756814697934, 6.539500169992314, 1.2362029750313532, 6.321326999730773e-05, 37.53436137513228, 15.499947, 0.7954443, 3.68144, 28043.541125789197, 0.0019479193084128738)
saving energy.txt: [-7.41551249 -7.41947031 -7.41951063 -7.41954057 -7.41956065 -7.41957136
 -7.41957317 -7.41956652 -7.41955186 -7.4195296  -7.41950014 -7.41946385
 -7.4194211  -7.41937224 -7.4193176  -7.41925748 -7.41919221 -7.41912206
 -7.4190473  -7.4189682  -7.418885   -7.41879795 -7.41870726 -7.41861315
 -7.41851582 -7.41841546 -7.41831226 -7.41820639 -7.41809801 -7.41798729
 -7.41787437 -7.4177594  -7.4176425  -7.4175238  -7.41740343 -7.41728149
 -7.41715811 -7.41703338 -7.41690739 -7.41678025 -7.41665205 -7.41652285
 -7.41639275 -7.41626183 -7.41613014 -7.41599777 -7.41586477 -7.41573121
 -7.41559715 -7.41546264 -7.41532774 -7.41519249 -7.41505695 -7.41492116
 -7.41478516 -7.414649   -7.41451271 -7.41437634 -7.41423992 -7.41410348
 -7.41396706 -7.41383068 -7.41115077 -7.40535237 -7.4011382  -7.39640754
 -7.39441833 -7.41426418 -7.41874748 -7.41880431 -7.41885017 -7.41888561
 -7.41891116 -7.41892732 -7.41893457 -7.41893337 -7.41892415 -7.41890735
 -7.41888336 -7.41885256 -7.41881533 -7.418772   -7.41872292 -7.41866839
 -7.41860871 -7.41854418 -7.41847507 -7.41840163 -7.4183241  -7.41824273
 -7.41815773 -7.41806932 -7.41797769 -7.41788303 -7.41778552 -7.41768534
 -7.41758264 -7.41747758 -7.41737031 -7.41726096 -7.41714967 -7.41703656
 -7.41692174 -7.41680533 -7.41668744 -7.41656817 -7.41644762 -7.41632587
 -7.41620301 -7.41607912 -7.41595429 -7.41582859 -7.41570208 -7.41557484
 -7.41544693 -7.41531841 -7.41518933 -7.41505976 -7.41492975 -7.41479935
 -7.41466859 -7.41453754 -7.41440623 -7.4142747  -7.414143   -7.41401116
 -7.41387921 -7.4137472  -7.41361515 -7.41100641 -7.40530066 -7.40112018
 -7.39640547 -7.3944181  -7.40818941 -7.41501581 -7.41516115 -7.41529321
 -7.41541258 -7.41551987 -7.41561563 -7.41570039 -7.41577468 -7.415839
 -7.41589383 -7.41593961 -7.41597679 -7.41600578 -7.41602699 -7.41604079
 -7.41604756 -7.41604763 -7.41604134 -7.41602901 -7.41601093 -7.4159874
 -7.41595868 -7.41592504 -7.41588673 -7.41584398 -7.41579702 -7.41574605
 -7.4156913  -7.41563293 -7.41557116 -7.41550613 -7.41543804 -7.41536702
 -7.41529324 -7.41521684 -7.41513796 -7.41505672 -7.41497325 -7.41488768
 -7.4148001  -7.41471063 -7.41461938 -7.41452644 -7.4144319  -7.41433585
 -7.41423838 -7.41413957 -7.4140395  -7.41393824 -7.41383586 -7.41373243
 -7.41362802 -7.41352268 -7.41341647 -7.41330946 -7.4132017  -7.41309324
 -7.41298412 -7.4128744  -7.41276413 -7.41265334 -7.41038476 -7.40509193
 -7.40105048 -7.39639788 -7.39441731 -7.39720313 -7.40820164 -7.4085089
 -7.40879887 -7.40907223 -7.40932964 -7.40957176 -7.4097992  -7.41001257
 -7.41021245 -7.4103994  -7.41057395 -7.41073664 -7.41088797 -7.41102841
 -7.41115842 -7.41127846 -7.41138895 -7.4114903  -7.4115829  -7.41166713
 -7.41174334 -7.41181189 -7.41187309 -7.41192728 -7.41197474 -7.41201577
 -7.41205064 -7.41207962 -7.41210296 -7.4121209  -7.41213367 -7.41214149
 -7.41214457 -7.41214311 -7.41213731 -7.41212734 -7.4121134  -7.41209563
 -7.41207421 -7.41204928 -7.41202101 -7.41198951 -7.41195494 -7.41191743
 -7.41187708 -7.41183403 -7.41178839 -7.41174027 -7.41168977 -7.411637
 -7.41158204 -7.411525   -7.41146596 -7.41140501 -7.41134222 -7.41127769
 -7.41121149 -7.41114369 -7.41107435 -7.41100356 -7.41093137 -7.4092779
 -7.40472414 -7.40092859 -7.39638473 -7.39441594]
params_e0 (3.206756814697934, 6.539500169992314, 1.2362029750313532, 6.321326999730773e-05, 37.534360815826716, 15.499947230967209, 0.7954443, 28043.541125789197, 0.0019479193084128738)
reconstructed_params [3.20675681e+00 6.53950017e+00 1.23620298e+00 6.32132700e-05
 3.75343608e+01 1.54999472e+01 7.95444300e-01 3.68144000e+00
 2.80435411e+04 1.94791931e-03]
saving params.txt: (3.206756814697934, 6.539500169992314, 1.2362029750313532, 6.321326999730773e-05, 37.534360815826716, 15.499947230967209, 0.7954443, 3.68144, 28043.541125789197, 0.0019479193084128738)
saving energy.txt: [-7.41551249 -7.41947031 -7.41951063 -7.41954057 -7.41956065 -7.41957136
 -7.41957317 -7.41956652 -7.41955187 -7.4195296  -7.41950014 -7.41946385
 -7.4194211  -7.41937224 -7.4193176  -7.41925748 -7.41919221 -7.41912206
 -7.4190473  -7.4189682  -7.418885   -7.41879795 -7.41870726 -7.41861315
 -7.41851582 -7.41841546 -7.41831226 -7.41820639 -7.41809802 -7.41798729
 -7.41787437 -7.4177594  -7.4176425  -7.4175238  -7.41740343 -7.41728149
 -7.41715811 -7.41703338 -7.41690739 -7.41678025 -7.41665205 -7.41652285
 -7.41639275 -7.41626183 -7.41613014 -7.41599777 -7.41586477 -7.41573121
 -7.41559715 -7.41546264 -7.41532774 -7.41519249 -7.41505695 -7.41492116
 -7.41478516 -7.414649   -7.41451271 -7.41437634 -7.41423992 -7.41410348
 -7.41396706 -7.41383068 -7.41115077 -7.40535237 -7.4011382  -7.39640754
 -7.39441833 -7.41426418 -7.41874748 -7.41880431 -7.41885017 -7.41888562
 -7.41891117 -7.41892732 -7.41893457 -7.41893337 -7.41892415 -7.41890735
 -7.41888336 -7.41885256 -7.41881533 -7.418772   -7.41872292 -7.41866839
 -7.41860871 -7.41854418 -7.41847507 -7.41840163 -7.4183241  -7.41824273
 -7.41815773 -7.41806932 -7.41797769 -7.41788303 -7.41778552 -7.41768534
 -7.41758264 -7.41747759 -7.41737031 -7.41726096 -7.41714967 -7.41703656
 -7.41692174 -7.41680533 -7.41668744 -7.41656817 -7.41644762 -7.41632587
 -7.41620301 -7.41607912 -7.41595429 -7.41582859 -7.41570208 -7.41557484
 -7.41544693 -7.41531841 -7.41518933 -7.41505977 -7.41492975 -7.41479935
 -7.41466859 -7.41453754 -7.41440623 -7.4142747  -7.414143   -7.41401116
 -7.41387921 -7.4137472  -7.41361515 -7.41100641 -7.40530066 -7.40112018
 -7.39640547 -7.3944181  -7.40818941 -7.41501581 -7.41516115 -7.41529321
 -7.41541259 -7.41551987 -7.41561563 -7.41570039 -7.41577468 -7.415839
 -7.41589383 -7.41593961 -7.41597679 -7.41600578 -7.41602699 -7.41604079
 -7.41604756 -7.41604763 -7.41604134 -7.41602901 -7.41601093 -7.4159874
 -7.41595868 -7.41592504 -7.41588673 -7.41584398 -7.41579702 -7.41574605
 -7.4156913  -7.41563294 -7.41557116 -7.41550613 -7.41543804 -7.41536702
 -7.41529325 -7.41521684 -7.41513796 -7.41505672 -7.41497325 -7.41488768
 -7.4148001  -7.41471063 -7.41461938 -7.41452644 -7.4144319  -7.41433585
 -7.41423838 -7.41413957 -7.4140395  -7.41393824 -7.41383586 -7.41373243
 -7.41362802 -7.41352268 -7.41341647 -7.41330946 -7.4132017  -7.41309324
 -7.41298412 -7.4128744  -7.41276413 -7.41265334 -7.41038476 -7.40509193
 -7.40105048 -7.39639788 -7.39441731 -7.39720313 -7.40820165 -7.40850891
 -7.40879887 -7.40907223 -7.40932965 -7.40957176 -7.4097992  -7.41001257
 -7.41021245 -7.4103994  -7.41057396 -7.41073665 -7.41088797 -7.41102841
 -7.41115842 -7.41127846 -7.41138895 -7.4114903  -7.4115829  -7.41166713
 -7.41174334 -7.41181189 -7.4118731  -7.41192728 -7.41197474 -7.41201577
 -7.41205064 -7.41207962 -7.41210296 -7.4121209  -7.41213367 -7.41214149
 -7.41214457 -7.41214311 -7.41213731 -7.41212734 -7.4121134  -7.41209563
 -7.41207421 -7.41204928 -7.41202101 -7.41198951 -7.41195494 -7.41191743
 -7.41187708 -7.41183403 -7.41178839 -7.41174027 -7.41168977 -7.411637
 -7.41158204 -7.411525   -7.41146596 -7.41140501 -7.41134222 -7.41127769
 -7.41121149 -7.41114369 -7.41107435 -7.41100356 -7.41093137 -7.4092779
 -7.40472414 -7.40092859 -7.39638473 -7.39441594]
params_e0 (3.206756814697934, 6.539500169992314, 1.2362029750313532, 6.321326999730773e-05, 37.534360815826716, 15.499947, 0.7954443149011612, 28043.541125789197, 0.0019479193084128738)
reconstructed_params [3.20675681e+00 6.53950017e+00 1.23620298e+00 6.32132700e-05
 3.75343608e+01 1.54999470e+01 7.95444315e-01 3.68144000e+00
 2.80435411e+04 1.94791931e-03]
saving params.txt: (3.206756814697934, 6.539500169992314, 1.2362029750313532, 6.321326999730773e-05, 37.534360815826716, 15.499947, 0.7954443149011612, 3.68144, 28043.541125789197, 0.0019479193084128738)
saving energy.txt: [-7.41551249 -7.41947031 -7.41951063 -7.41954057 -7.41956065 -7.41957136
 -7.41957317 -7.41956652 -7.41955187 -7.4195296  -7.41950014 -7.41946385
 -7.4194211  -7.41937224 -7.4193176  -7.41925748 -7.41919221 -7.41912206
 -7.4190473  -7.4189682  -7.418885   -7.41879795 -7.41870726 -7.41861315
 -7.41851582 -7.41841546 -7.41831226 -7.41820639 -7.41809802 -7.41798729
 -7.41787437 -7.4177594  -7.4176425  -7.4175238  -7.41740343 -7.41728149
 -7.41715811 -7.41703338 -7.41690739 -7.41678025 -7.41665205 -7.41652285
 -7.41639275 -7.41626183 -7.41613014 -7.41599777 -7.41586477 -7.41573121
 -7.41559715 -7.41546264 -7.41532774 -7.41519249 -7.41505695 -7.41492116
 -7.41478516 -7.414649   -7.41451271 -7.41437634 -7.41423992 -7.41410348
 -7.41396706 -7.41383068 -7.41115077 -7.40535237 -7.4011382  -7.39640754
 -7.39441833 -7.41426418 -7.41874748 -7.41880431 -7.41885017 -7.41888561
 -7.41891117 -7.41892732 -7.41893457 -7.41893337 -7.41892415 -7.41890735
 -7.41888336 -7.41885256 -7.41881533 -7.418772   -7.41872292 -7.41866839
 -7.41860871 -7.41854418 -7.41847507 -7.41840163 -7.4183241  -7.41824273
 -7.41815773 -7.41806932 -7.41797769 -7.41788303 -7.41778552 -7.41768534
 -7.41758264 -7.41747758 -7.41737031 -7.41726096 -7.41714967 -7.41703656
 -7.41692174 -7.41680533 -7.41668744 -7.41656817 -7.41644762 -7.41632587
 -7.41620301 -7.41607912 -7.41595429 -7.41582859 -7.41570208 -7.41557484
 -7.41544693 -7.41531841 -7.41518933 -7.41505977 -7.41492975 -7.41479935
 -7.41466859 -7.41453754 -7.41440623 -7.4142747  -7.414143   -7.41401116
 -7.41387921 -7.4137472  -7.41361515 -7.41100641 -7.40530066 -7.40112018
 -7.39640547 -7.3944181  -7.40818941 -7.41501581 -7.41516115 -7.41529321
 -7.41541259 -7.41551987 -7.41561563 -7.41570039 -7.41577468 -7.415839
 -7.41589383 -7.41593961 -7.41597679 -7.41600578 -7.41602699 -7.41604079
 -7.41604756 -7.41604763 -7.41604134 -7.41602901 -7.41601093 -7.4159874
 -7.41595868 -7.41592504 -7.41588673 -7.41584398 -7.41579702 -7.41574605
 -7.4156913  -7.41563293 -7.41557116 -7.41550613 -7.41543804 -7.41536702
 -7.41529324 -7.41521684 -7.41513796 -7.41505672 -7.41497325 -7.41488768
 -7.4148001  -7.41471063 -7.41461938 -7.41452644 -7.4144319  -7.41433585
 -7.41423838 -7.41413957 -7.4140395  -7.41393824 -7.41383586 -7.41373243
 -7.41362802 -7.41352268 -7.41341647 -7.41330946 -7.4132017  -7.41309324
 -7.41298412 -7.4128744  -7.41276413 -7.41265334 -7.41038476 -7.40509193
 -7.40105048 -7.39639788 -7.39441731 -7.39720313 -7.40820164 -7.4085089
 -7.40879887 -7.40907223 -7.40932965 -7.40957176 -7.4097992  -7.41001257
 -7.41021245 -7.4103994  -7.41057395 -7.41073664 -7.41088797 -7.41102841
 -7.41115842 -7.41127846 -7.41138895 -7.4114903  -7.4115829  -7.41166713
 -7.41174334 -7.41181189 -7.4118731  -7.41192728 -7.41197474 -7.41201577
 -7.41205064 -7.41207962 -7.41210296 -7.4121209  -7.41213367 -7.41214149
 -7.41214457 -7.41214311 -7.41213731 -7.41212734 -7.4121134  -7.41209563
 -7.41207421 -7.41204928 -7.41202101 -7.41198951 -7.41195494 -7.41191743
 -7.41187708 -7.41183403 -7.41178839 -7.41174027 -7.41168977 -7.411637
 -7.41158204 -7.411525   -7.41146596 -7.41140501 -7.41134222 -7.41127769
 -7.41121149 -7.41114369 -7.41107435 -7.41100356 -7.41093137 -7.4092779
 -7.40472414 -7.40092859 -7.39638473 -7.39441594]
params_e0 (3.206756814697934, 6.539500169992314, 1.2362029750313532, 6.321326999730773e-05, 37.534360815826716, 15.499947, 0.7954443, 28043.541543670523, 0.0019479193084128738)
reconstructed_params [3.20675681e+00 6.53950017e+00 1.23620298e+00 6.32132700e-05
 3.75343608e+01 1.54999470e+01 7.95444300e-01 3.68144000e+00
 2.80435415e+04 1.94791931e-03]
saving params.txt: (3.206756814697934, 6.539500169992314, 1.2362029750313532, 6.321326999730773e-05, 37.534360815826716, 15.499947, 0.7954443, 3.68144, 28043.541543670523, 0.0019479193084128738)
saving energy.txt: [-7.41551249 -7.41947031 -7.41951063 -7.41954057 -7.41956065 -7.41957136
 -7.41957317 -7.41956653 -7.41955187 -7.41952961 -7.41950014 -7.41946385
 -7.4194211  -7.41937224 -7.4193176  -7.41925749 -7.41919221 -7.41912206
 -7.4190473  -7.4189682  -7.418885   -7.41879795 -7.41870726 -7.41861315
 -7.41851582 -7.41841546 -7.41831226 -7.41820639 -7.41809802 -7.41798729
 -7.41787437 -7.4177594  -7.4176425  -7.4175238  -7.41740343 -7.4172815
 -7.41715811 -7.41703338 -7.4169074  -7.41678026 -7.41665205 -7.41652285
 -7.41639275 -7.41626183 -7.41613014 -7.41599777 -7.41586477 -7.41573121
 -7.41559715 -7.41546264 -7.41532774 -7.41519249 -7.41505695 -7.41492116
 -7.41478516 -7.414649   -7.41451271 -7.41437634 -7.41423992 -7.41410348
 -7.41396706 -7.41383068 -7.41115077 -7.40535237 -7.4011382  -7.39640754
 -7.39441833 -7.41426418 -7.41874748 -7.41880431 -7.41885017 -7.41888562
 -7.41891117 -7.41892732 -7.41893457 -7.41893337 -7.41892416 -7.41890735
 -7.41888336 -7.41885257 -7.41881533 -7.418772   -7.41872292 -7.41866839
 -7.41860871 -7.41854419 -7.41847507 -7.41840163 -7.4183241  -7.41824273
 -7.41815773 -7.41806932 -7.41797769 -7.41788303 -7.41778552 -7.41768534
 -7.41758264 -7.41747759 -7.41737031 -7.41726096 -7.41714967 -7.41703656
 -7.41692174 -7.41680533 -7.41668745 -7.41656817 -7.41644762 -7.41632587
 -7.41620301 -7.41607912 -7.41595429 -7.41582859 -7.41570208 -7.41557484
 -7.41544693 -7.41531841 -7.41518933 -7.41505977 -7.41492975 -7.41479935
 -7.41466859 -7.41453754 -7.41440623 -7.4142747  -7.414143   -7.41401116
 -7.41387921 -7.4137472  -7.41361515 -7.41100641 -7.40530066 -7.40112018
 -7.39640547 -7.3944181  -7.40818941 -7.41501581 -7.41516115 -7.41529321
 -7.41541259 -7.41551987 -7.41561563 -7.41570039 -7.41577469 -7.41583901
 -7.41589383 -7.41593961 -7.41597679 -7.41600578 -7.41602699 -7.41604079
 -7.41604756 -7.41604763 -7.41604134 -7.41602901 -7.41601093 -7.4159874
 -7.41595868 -7.41592504 -7.41588673 -7.41584398 -7.41579702 -7.41574606
 -7.4156913  -7.41563294 -7.41557116 -7.41550614 -7.41543804 -7.41536702
 -7.41529325 -7.41521685 -7.41513796 -7.41505672 -7.41497326 -7.41488768
 -7.4148001  -7.41471064 -7.41461938 -7.41452644 -7.4144319  -7.41433585
 -7.41423838 -7.41413958 -7.4140395  -7.41393824 -7.41383586 -7.41373243
 -7.41362802 -7.41352268 -7.41341647 -7.41330946 -7.4132017  -7.41309324
 -7.41298412 -7.4128744  -7.41276413 -7.41265334 -7.41038476 -7.40509193
 -7.40105048 -7.39639788 -7.39441731 -7.39720314 -7.40820165 -7.40850891
 -7.40879887 -7.40907223 -7.40932965 -7.40957176 -7.4097992  -7.41001257
 -7.41021245 -7.4103994  -7.41057396 -7.41073665 -7.41088797 -7.41102841
 -7.41115843 -7.41127847 -7.41138895 -7.4114903  -7.4115829  -7.41166713
 -7.41174334 -7.41181189 -7.4118731  -7.41192728 -7.41197474 -7.41201577
 -7.41205064 -7.41207962 -7.41210296 -7.4121209  -7.41213367 -7.41214149
 -7.41214457 -7.41214311 -7.41213731 -7.41212735 -7.4121134  -7.41209563
 -7.41207421 -7.41204928 -7.41202101 -7.41198951 -7.41195494 -7.41191743
 -7.41187708 -7.41183403 -7.41178839 -7.41174027 -7.41168977 -7.411637
 -7.41158204 -7.411525   -7.41146596 -7.41140501 -7.41134223 -7.41127769
 -7.41121149 -7.41114369 -7.41107435 -7.41100356 -7.41093137 -7.4092779
 -7.40472414 -7.40092859 -7.39638473 -7.39441594]
params_e0 (3.206756814697934, 6.539500169992314, 1.2362029750313532, 6.321326999730773e-05, 37.534360815826716, 15.499947, 0.7954443, 28043.541125789197, 0.0019479342095740676)
reconstructed_params [3.20675681e+00 6.53950017e+00 1.23620298e+00 6.32132700e-05
 3.75343608e+01 1.54999470e+01 7.95444300e-01 3.68144000e+00
 2.80435411e+04 1.94793421e-03]
saving params.txt: (3.206756814697934, 6.539500169992314, 1.2362029750313532, 6.321326999730773e-05, 37.534360815826716, 15.499947, 0.7954443, 3.68144, 28043.541125789197, 0.0019479342095740676)
saving energy.txt: [-7.41551247 -7.41947029 -7.41951061 -7.41954056 -7.41956064 -7.41957135
 -7.41957315 -7.41956651 -7.41955185 -7.41952959 -7.41950013 -7.41946384
 -7.41942109 -7.41937223 -7.41931758 -7.41925747 -7.41919219 -7.41912204
 -7.41904728 -7.41896818 -7.41888499 -7.41879793 -7.41870724 -7.41861313
 -7.4185158  -7.41841544 -7.41831224 -7.41820637 -7.418098   -7.41798728
 -7.41787436 -7.41775938 -7.41764248 -7.41752378 -7.41740341 -7.41728148
 -7.4171581  -7.41703336 -7.41690738 -7.41678024 -7.41665203 -7.41652284
 -7.41639274 -7.41626181 -7.41613013 -7.41599775 -7.41586476 -7.4157312
 -7.41559713 -7.41546262 -7.41532772 -7.41519247 -7.41505693 -7.41492114
 -7.41478514 -7.41464898 -7.4145127  -7.41437632 -7.4142399  -7.41410346
 -7.41396704 -7.41383067 -7.41115075 -7.40535235 -7.40113819 -7.39640752
 -7.39441831 -7.41426416 -7.41874746 -7.41880429 -7.41885016 -7.4188856
 -7.41891115 -7.41892731 -7.41893456 -7.41893335 -7.41892414 -7.41890734
 -7.41888335 -7.41885255 -7.41881531 -7.41877199 -7.4187229  -7.41866837
 -7.4186087  -7.41854417 -7.41847505 -7.41840161 -7.41832409 -7.41824272
 -7.41815772 -7.4180693  -7.41797767 -7.41788301 -7.41778551 -7.41768532
 -7.41758263 -7.41747757 -7.4173703  -7.41726095 -7.41714966 -7.41703654
 -7.41692172 -7.41680532 -7.41668743 -7.41656816 -7.4164476  -7.41632585
 -7.41620299 -7.41607911 -7.41595428 -7.41582857 -7.41570206 -7.41557482
 -7.41544691 -7.41531839 -7.41518932 -7.41505975 -7.41492974 -7.41479933
 -7.41466858 -7.41453752 -7.41440621 -7.41427469 -7.41414298 -7.41401114
 -7.4138792  -7.41374719 -7.41361514 -7.4110064  -7.40530065 -7.40112016
 -7.39640545 -7.39441809 -7.4081894  -7.4150158  -7.41516114 -7.41529319
 -7.41541257 -7.41551986 -7.41561561 -7.41570038 -7.41577467 -7.41583899
 -7.41589381 -7.41593959 -7.41597677 -7.41600577 -7.41602698 -7.41604078
 -7.41604754 -7.41604761 -7.41604132 -7.41602899 -7.41601091 -7.41598738
 -7.41595867 -7.41592503 -7.41588672 -7.41584397 -7.415797   -7.41574604
 -7.41569128 -7.41563292 -7.41557114 -7.41550612 -7.41543802 -7.41536701
 -7.41529323 -7.41521683 -7.41513795 -7.41505671 -7.41497324 -7.41488766
 -7.41480009 -7.41471062 -7.41461937 -7.41452642 -7.41443188 -7.41433584
 -7.41423837 -7.41413956 -7.41403949 -7.41393823 -7.41383585 -7.41373242
 -7.413628   -7.41352266 -7.41341646 -7.41330945 -7.41320169 -7.41309322
 -7.41298411 -7.41287439 -7.41276412 -7.41265333 -7.41038475 -7.40509191
 -7.40105047 -7.39639786 -7.39441729 -7.39720312 -7.40820163 -7.40850889
 -7.40879886 -7.40907222 -7.40932963 -7.40957175 -7.40979919 -7.41001256
 -7.41021243 -7.41039938 -7.41057394 -7.41073663 -7.41088795 -7.41102839
 -7.41115841 -7.41127845 -7.41138894 -7.41149029 -7.41158289 -7.41166711
 -7.41174333 -7.41181187 -7.41187308 -7.41192726 -7.41197473 -7.41201576
 -7.41205063 -7.41207961 -7.41210295 -7.41212088 -7.41213365 -7.41214147
 -7.41214455 -7.4121431  -7.41213729 -7.41212733 -7.41211338 -7.41209561
 -7.41207419 -7.41204927 -7.41202099 -7.4119895  -7.41195493 -7.41191741
 -7.41187707 -7.41183402 -7.41178838 -7.41174026 -7.41168976 -7.41163698
 -7.41158202 -7.41152498 -7.41146594 -7.41140499 -7.41134221 -7.41127768
 -7.41121148 -7.41114367 -7.41107434 -7.41100355 -7.41093136 -7.40927789
 -7.40472413 -7.40092857 -7.39638471 -7.39441592]
params_e0 (3.2067552133637567, 6.539500172737366, 1.2362202775977051, 9.065183348005617e-06, 37.53421569044699, 15.499947069745886, 0.7954442750345572, 28043.540086422305, 0.0019479316111552971)
reconstructed_params [3.20675521e+00 6.53950017e+00 1.23622028e+00 9.06518335e-06
 3.75342157e+01 1.54999471e+01 7.95444275e-01 3.68144000e+00
 2.80435401e+04 1.94793161e-03]
saving params.txt: (3.2067552133637567, 6.539500172737366, 1.2362202775977051, 9.065183348005617e-06, 37.53421569044699, 15.499947069745886, 0.7954442750345572, 3.68144, 28043.540086422305, 0.0019479316111552971)
saving energy.txt: [-7.41551173 -7.41946979 -7.41951012 -7.41954007 -7.41956016 -7.41957088
 -7.4195727  -7.41956606 -7.41955141 -7.41952916 -7.4194997  -7.41946342
 -7.41942068 -7.41937183 -7.41931719 -7.41925709 -7.41919182 -7.41912167
 -7.41904692 -7.41896783 -7.41888464 -7.41879759 -7.41870691 -7.4186128
 -7.41851548 -7.41841513 -7.41831193 -7.41820607 -7.4180977  -7.41798699
 -7.41787407 -7.4177591  -7.41764221 -7.41752352 -7.41740315 -7.41728122
 -7.41715784 -7.41703311 -7.41690714 -7.41678    -7.4166518  -7.41652261
 -7.41639251 -7.41626159 -7.41612991 -7.41599754 -7.41586455 -7.41573099
 -7.41559693 -7.41546243 -7.41532753 -7.41519229 -7.41505675 -7.41492096
 -7.41478497 -7.41464881 -7.41451253 -7.41437616 -7.41423974 -7.4141033
 -7.41396689 -7.41383051 -7.41115065 -7.40535232 -7.40113818 -7.39640752
 -7.39441831 -7.4142634  -7.41874695 -7.41880378 -7.41884966 -7.41888511
 -7.41891067 -7.41892684 -7.4189341  -7.4189329  -7.4189237  -7.4189069
 -7.41888292 -7.41885213 -7.41881491 -7.41877159 -7.41872251 -7.41866799
 -7.41860832 -7.4185438  -7.41847469 -7.41840126 -7.41832374 -7.41824238
 -7.41815738 -7.41806898 -7.41797735 -7.4178827  -7.4177852  -7.41768502
 -7.41758233 -7.41747728 -7.41737001 -7.41726067 -7.41714938 -7.41703627
 -7.41692146 -7.41680506 -7.41668718 -7.41656791 -7.41644736 -7.41632561
 -7.41620276 -7.41607888 -7.41595405 -7.41582835 -7.41570185 -7.41557461
 -7.41544671 -7.41531819 -7.41518912 -7.41505956 -7.41492955 -7.41479915
 -7.4146684  -7.41453735 -7.41440604 -7.41427452 -7.41414282 -7.41401098
 -7.41387904 -7.41374703 -7.41361499 -7.41100629 -7.40530061 -7.40112015
 -7.39640545 -7.39441809 -7.40818879 -7.41501539 -7.41516073 -7.4152928
 -7.41541218 -7.41551948 -7.41561524 -7.41570001 -7.41577431 -7.41583864
 -7.41589347 -7.41593926 -7.41597644 -7.41600544 -7.41602666 -7.41604047
 -7.41604724 -7.41604732 -7.41604103 -7.4160287  -7.41601063 -7.41598711
 -7.4159584  -7.41592476 -7.41588646 -7.41584371 -7.41579675 -7.4157458
 -7.41569104 -7.41563269 -7.41557091 -7.4155059  -7.4154378  -7.41536679
 -7.41529302 -7.41521662 -7.41513774 -7.41505651 -7.41497305 -7.41488747
 -7.4147999  -7.41471044 -7.41461919 -7.41452625 -7.41443171 -7.41433567
 -7.4142382  -7.4141394  -7.41403933 -7.41393807 -7.41383569 -7.41373227
 -7.41362786 -7.41352252 -7.41341632 -7.41330931 -7.41320155 -7.41309309
 -7.41298398 -7.41287426 -7.41276399 -7.41265321 -7.41038467 -7.40509189
 -7.40105046 -7.39639786 -7.3944173  -7.39720287 -7.40820146 -7.40850872
 -7.40879869 -7.40907205 -7.40932947 -7.40957159 -7.40979903 -7.41001241
 -7.41021229 -7.41039924 -7.4105738  -7.41073649 -7.41088782 -7.41102826
 -7.41115828 -7.41127832 -7.41138881 -7.41149016 -7.41158276 -7.41166699
 -7.41174321 -7.41181176 -7.41187297 -7.41192715 -7.41197462 -7.41201565
 -7.41205052 -7.4120795  -7.41210284 -7.41212078 -7.41213356 -7.41214138
 -7.41214446 -7.412143   -7.4121372  -7.41212724 -7.41211329 -7.41209553
 -7.41207411 -7.41204919 -7.41202091 -7.41198942 -7.41195485 -7.41191734
 -7.41187699 -7.41183395 -7.41178831 -7.41174019 -7.41168969 -7.41163691
 -7.41158196 -7.41152492 -7.41146588 -7.41140493 -7.41134215 -7.41127762
 -7.41121142 -7.41114362 -7.41107428 -7.41100349 -7.4109313  -7.40927785
 -7.40472412 -7.40092857 -7.39638471 -7.39441593]
params_e0 (3.2067522855621258, 6.53942318451682, 1.2362022052419335, 5.585386872783242e-05, 37.53436045286798, 15.499947486226652, 0.7954547921294329, 28043.54127955224, 0.001947916048820891)
reconstructed_params [3.20675229e+00 6.53942318e+00 1.23620221e+00 5.58538687e-05
 3.75343605e+01 1.54999475e+01 7.95454792e-01 3.68144000e+00
 2.80435413e+04 1.94791605e-03]
saving params.txt: (3.2067522855621258, 6.53942318451682, 1.2362022052419335, 5.585386872783242e-05, 37.53436045286798, 15.499947486226652, 0.7954547921294329, 3.68144, 28043.54127955224, 0.001947916048820891)
saving energy.txt: [-7.41551164 -7.41947003 -7.41951036 -7.41954032 -7.41956042 -7.41957114
 -7.41957296 -7.41956633 -7.41955168 -7.41952943 -7.41949998 -7.4194637
 -7.41942096 -7.4193721  -7.41931746 -7.41925736 -7.41919209 -7.41912194
 -7.41904719 -7.41896809 -7.4188849  -7.41879785 -7.41870716 -7.41861306
 -7.41851573 -7.41841537 -7.41831217 -7.41820631 -7.41809794 -7.41798722
 -7.4178743  -7.41775932 -7.41764242 -7.41752372 -7.41740335 -7.41728142
 -7.41715804 -7.4170333  -7.41690732 -7.41678018 -7.41665197 -7.41652278
 -7.41639268 -7.41626175 -7.41613007 -7.41599769 -7.4158647  -7.41573114
 -7.41559707 -7.41546256 -7.41532766 -7.41519241 -7.41505687 -7.41492108
 -7.41478508 -7.41464892 -7.41451263 -7.41437626 -7.41423984 -7.4141034
 -7.41396698 -7.4138306  -7.41115069 -7.40535231 -7.40113818 -7.39640753
 -7.39441833 -7.41426327 -7.41874718 -7.41880403 -7.41884991 -7.41888537
 -7.41891093 -7.41892711 -7.41893437 -7.41893317 -7.41892397 -7.41890718
 -7.4188832  -7.41885241 -7.41881518 -7.41877186 -7.41872279 -7.41866826
 -7.4186086  -7.41854407 -7.41847496 -7.41840152 -7.418324   -7.41824263
 -7.41815764 -7.41806923 -7.4179776  -7.41788294 -7.41778544 -7.41768526
 -7.41758256 -7.41747751 -7.41737023 -7.41726089 -7.41714959 -7.41703648
 -7.41692166 -7.41680526 -7.41668737 -7.4165681  -7.41644754 -7.41632579
 -7.41620293 -7.41607905 -7.41595422 -7.41582851 -7.415702   -7.41557476
 -7.41544685 -7.41531833 -7.41518926 -7.41505969 -7.41492968 -7.41479927
 -7.41466851 -7.41453746 -7.41440615 -7.41427462 -7.41414292 -7.41401108
 -7.41387913 -7.41374712 -7.41361507 -7.41100633 -7.4053006  -7.40112015
 -7.39640546 -7.3944181  -7.40818855 -7.41501552 -7.41516088 -7.41529295
 -7.41541235 -7.41551965 -7.41561541 -7.41570019 -7.4157745  -7.41583883
 -7.41589366 -7.41593945 -7.41597664 -7.41600564 -7.41602686 -7.41604067
 -7.41604744 -7.41604752 -7.41604123 -7.4160289  -7.41601083 -7.4159873
 -7.41595859 -7.41592495 -7.41588665 -7.4158439  -7.41579694 -7.41574598
 -7.41569122 -7.41563286 -7.41557108 -7.41550606 -7.41543796 -7.41536695
 -7.41529317 -7.41521677 -7.41513789 -7.41505665 -7.41497318 -7.4148876
 -7.41480003 -7.41471056 -7.41461931 -7.41452637 -7.41443183 -7.41433578
 -7.41423831 -7.4141395  -7.41403943 -7.41393817 -7.41383579 -7.41373235
 -7.41362794 -7.4135226  -7.4134164  -7.41330938 -7.41320162 -7.41309316
 -7.41298404 -7.41287432 -7.41276405 -7.41265326 -7.41038467 -7.40509187
 -7.40105045 -7.39639787 -7.39441731 -7.39720242 -7.40820139 -7.40850867
 -7.40879865 -7.40907202 -7.40932945 -7.40957158 -7.40979903 -7.41001241
 -7.4102123  -7.41039925 -7.41057382 -7.41073652 -7.41088785 -7.41102829
 -7.41115832 -7.41127836 -7.41138886 -7.41149021 -7.41158282 -7.41166705
 -7.41174326 -7.41181181 -7.41187302 -7.41192721 -7.41197467 -7.4120157
 -7.41205058 -7.41207956 -7.4121029  -7.41212083 -7.4121336  -7.41214142
 -7.4121445  -7.41214305 -7.41213724 -7.41212728 -7.41211333 -7.41209557
 -7.41207414 -7.41204922 -7.41202094 -7.41198945 -7.41195488 -7.41191736
 -7.41187701 -7.41183396 -7.41178832 -7.4117402  -7.4116897  -7.41163692
 -7.41158196 -7.41152492 -7.41146588 -7.41140493 -7.41134215 -7.41127761
 -7.41121141 -7.41114361 -7.41107427 -7.41100348 -7.41093129 -7.40927781
 -7.40472408 -7.40092855 -7.39638472 -7.39441594]
params_e0 (3.2067523333464587, 6.53942318451682, 1.2362022052419335, 5.585386872783242e-05, 37.53436045286798, 15.499947486226652, 0.7954547921294329, 28043.54127955224, 0.001947916048820891)
reconstructed_params [3.20675233e+00 6.53942318e+00 1.23620221e+00 5.58538687e-05
 3.75343605e+01 1.54999475e+01 7.95454792e-01 3.68144000e+00
 2.80435413e+04 1.94791605e-03]
saving params.txt: (3.2067523333464587, 6.53942318451682, 1.2362022052419335, 5.585386872783242e-05, 37.53436045286798, 15.499947486226652, 0.7954547921294329, 3.68144, 28043.54127955224, 0.001947916048820891)
saving energy.txt: [-7.41551163 -7.41947002 -7.41951036 -7.41954032 -7.41956042 -7.41957114
 -7.41957296 -7.41956633 -7.41955168 -7.41952943 -7.41949997 -7.41946369
 -7.41942095 -7.4193721  -7.41931746 -7.41925736 -7.41919209 -7.41912194
 -7.41904719 -7.41896809 -7.4188849  -7.41879785 -7.41870716 -7.41861305
 -7.41851572 -7.41841537 -7.41831217 -7.4182063  -7.41809793 -7.41798721
 -7.41787429 -7.41775932 -7.41764242 -7.41752372 -7.41740335 -7.41728142
 -7.41715804 -7.4170333  -7.41690732 -7.41678018 -7.41665197 -7.41652278
 -7.41639268 -7.41626175 -7.41613007 -7.41599769 -7.41586469 -7.41573114
 -7.41559707 -7.41546256 -7.41532766 -7.41519241 -7.41505687 -7.41492108
 -7.41478508 -7.41464892 -7.41451263 -7.41437626 -7.41423984 -7.4141034
 -7.41396698 -7.4138306  -7.41115068 -7.40535231 -7.40113818 -7.39640753
 -7.39441833 -7.41426326 -7.41874718 -7.41880402 -7.4188499  -7.41888537
 -7.41891093 -7.4189271  -7.41893436 -7.41893317 -7.41892397 -7.41890718
 -7.41888319 -7.41885241 -7.41881518 -7.41877186 -7.41872278 -7.41866826
 -7.41860859 -7.41854407 -7.41847496 -7.41840152 -7.418324   -7.41824263
 -7.41815764 -7.41806922 -7.4179776  -7.41788294 -7.41778544 -7.41768525
 -7.41758256 -7.4174775  -7.41737023 -7.41726088 -7.41714959 -7.41703648
 -7.41692166 -7.41680526 -7.41668737 -7.4165681  -7.41644754 -7.41632579
 -7.41620293 -7.41607905 -7.41595421 -7.41582851 -7.415702   -7.41557476
 -7.41544685 -7.41531833 -7.41518926 -7.41505969 -7.41492967 -7.41479927
 -7.41466851 -7.41453746 -7.41440615 -7.41427462 -7.41414292 -7.41401108
 -7.41387913 -7.41374712 -7.41361507 -7.41100633 -7.4053006  -7.40112015
 -7.39640546 -7.3944181  -7.40818854 -7.41501552 -7.41516088 -7.41529295
 -7.41541234 -7.41551964 -7.41561541 -7.41570019 -7.41577449 -7.41583882
 -7.41589366 -7.41593945 -7.41597664 -7.41600564 -7.41602685 -7.41604067
 -7.41604744 -7.41604751 -7.41604123 -7.4160289  -7.41601083 -7.4159873
 -7.41595859 -7.41592495 -7.41588664 -7.4158439  -7.41579693 -7.41574597
 -7.41569122 -7.41563286 -7.41557108 -7.41550606 -7.41543796 -7.41536695
 -7.41529317 -7.41521677 -7.41513789 -7.41505665 -7.41497318 -7.4148876
 -7.41480003 -7.41471056 -7.41461931 -7.41452636 -7.41443182 -7.41433578
 -7.41423831 -7.4141395  -7.41403943 -7.41393816 -7.41383578 -7.41373235
 -7.41362794 -7.4135226  -7.41341639 -7.41330938 -7.41320162 -7.41309315
 -7.41298404 -7.41287432 -7.41276405 -7.41265326 -7.41038467 -7.40509187
 -7.40105045 -7.39639787 -7.39441731 -7.39720242 -7.40820139 -7.40850866
 -7.40879864 -7.40907202 -7.40932945 -7.40957157 -7.40979903 -7.41001241
 -7.41021229 -7.41039925 -7.41057382 -7.41073652 -7.41088785 -7.41102829
 -7.41115831 -7.41127836 -7.41138886 -7.41149021 -7.41158281 -7.41166704
 -7.41174326 -7.41181181 -7.41187302 -7.4119272  -7.41197467 -7.4120157
 -7.41205057 -7.41207955 -7.41210289 -7.41212083 -7.4121336  -7.41214142
 -7.4121445  -7.41214304 -7.41213724 -7.41212728 -7.41211333 -7.41209556
 -7.41207414 -7.41204922 -7.41202094 -7.41198944 -7.41195487 -7.41191735
 -7.41187701 -7.41183396 -7.41178832 -7.4117402  -7.4116897  -7.41163692
 -7.41158196 -7.41152492 -7.41146588 -7.41140493 -7.41134214 -7.41127761
 -7.41121141 -7.4111436  -7.41107427 -7.41100348 -7.41093129 -7.40927781
 -7.40472408 -7.40092855 -7.39638472 -7.39441594]
params_e0 (3.2067522855621258, 6.5394232819618185, 1.2362022052419335, 5.585386872783242e-05, 37.53436045286798, 15.499947486226652, 0.7954547921294329, 28043.54127955224, 0.001947916048820891)
reconstructed_params [3.20675229e+00 6.53942328e+00 1.23620221e+00 5.58538687e-05
 3.75343605e+01 1.54999475e+01 7.95454792e-01 3.68144000e+00
 2.80435413e+04 1.94791605e-03]
saving params.txt: (3.2067522855621258, 6.5394232819618185, 1.2362022052419335, 5.585386872783242e-05, 37.53436045286798, 15.499947486226652, 0.7954547921294329, 3.68144, 28043.54127955224, 0.001947916048820891)
saving energy.txt: [-7.41551164 -7.41947003 -7.41951036 -7.41954032 -7.41956042 -7.41957114
 -7.41957296 -7.41956633 -7.41955168 -7.41952943 -7.41949998 -7.4194637
 -7.41942096 -7.4193721  -7.41931746 -7.41925736 -7.41919209 -7.41912194
 -7.41904719 -7.41896809 -7.4188849  -7.41879785 -7.41870716 -7.41861306
 -7.41851573 -7.41841537 -7.41831218 -7.41820631 -7.41809794 -7.41798722
 -7.4178743  -7.41775932 -7.41764242 -7.41752372 -7.41740335 -7.41728142
 -7.41715804 -7.41703331 -7.41690732 -7.41678018 -7.41665197 -7.41652278
 -7.41639268 -7.41626175 -7.41613007 -7.41599769 -7.4158647  -7.41573114
 -7.41559707 -7.41546256 -7.41532766 -7.41519241 -7.41505687 -7.41492108
 -7.41478508 -7.41464892 -7.41451263 -7.41437626 -7.41423984 -7.4141034
 -7.41396698 -7.4138306  -7.41115069 -7.40535231 -7.40113818 -7.39640753
 -7.39441833 -7.41426327 -7.41874718 -7.41880403 -7.41884991 -7.41888537
 -7.41891093 -7.41892711 -7.41893437 -7.41893317 -7.41892397 -7.41890718
 -7.4188832  -7.41885241 -7.41881518 -7.41877186 -7.41872279 -7.41866826
 -7.4186086  -7.41854407 -7.41847496 -7.41840152 -7.418324   -7.41824263
 -7.41815764 -7.41806923 -7.4179776  -7.41788294 -7.41778544 -7.41768526
 -7.41758256 -7.41747751 -7.41737023 -7.41726089 -7.41714959 -7.41703648
 -7.41692166 -7.41680526 -7.41668737 -7.4165681  -7.41644754 -7.41632579
 -7.41620293 -7.41607905 -7.41595422 -7.41582851 -7.41570201 -7.41557476
 -7.41544685 -7.41531833 -7.41518926 -7.41505969 -7.41492968 -7.41479927
 -7.41466852 -7.41453746 -7.41440615 -7.41427462 -7.41414292 -7.41401108
 -7.41387913 -7.41374712 -7.41361507 -7.41100633 -7.4053006  -7.40112015
 -7.39640546 -7.3944181  -7.40818855 -7.41501552 -7.41516088 -7.41529295
 -7.41541235 -7.41551965 -7.41561541 -7.41570019 -7.4157745  -7.41583883
 -7.41589366 -7.41593945 -7.41597664 -7.41600564 -7.41602686 -7.41604067
 -7.41604744 -7.41604752 -7.41604123 -7.4160289  -7.41601083 -7.4159873
 -7.41595859 -7.41592495 -7.41588665 -7.4158439  -7.41579694 -7.41574598
 -7.41569122 -7.41563286 -7.41557108 -7.41550606 -7.41543796 -7.41536695
 -7.41529317 -7.41521677 -7.41513789 -7.41505665 -7.41497318 -7.4148876
 -7.41480003 -7.41471056 -7.41461931 -7.41452637 -7.41443183 -7.41433578
 -7.41423831 -7.4141395  -7.41403943 -7.41393817 -7.41383579 -7.41373236
 -7.41362794 -7.4135226  -7.4134164  -7.41330938 -7.41320162 -7.41309316
 -7.41298404 -7.41287432 -7.41276405 -7.41265326 -7.41038467 -7.40509187
 -7.40105045 -7.39639787 -7.39441731 -7.39720242 -7.40820139 -7.40850867
 -7.40879865 -7.40907202 -7.40932945 -7.40957158 -7.40979903 -7.41001241
 -7.4102123  -7.41039925 -7.41057382 -7.41073652 -7.41088785 -7.4110283
 -7.41115832 -7.41127836 -7.41138886 -7.41149021 -7.41158282 -7.41166705
 -7.41174326 -7.41181181 -7.41187302 -7.41192721 -7.41197467 -7.4120157
 -7.41205058 -7.41207956 -7.4121029  -7.41212083 -7.4121336  -7.41214142
 -7.4121445  -7.41214305 -7.41213724 -7.41212728 -7.41211333 -7.41209557
 -7.41207414 -7.41204922 -7.41202094 -7.41198945 -7.41195488 -7.41191736
 -7.41187701 -7.41183396 -7.41178832 -7.4117402  -7.4116897  -7.41163692
 -7.41158196 -7.41152492 -7.41146588 -7.41140493 -7.41134215 -7.41127762
 -7.41121141 -7.41114361 -7.41107427 -7.41100348 -7.41093129 -7.40927781
 -7.40472408 -7.40092856 -7.39638472 -7.39441594]
params_e0 (3.2067522855621258, 6.53942318451682, 1.2362022236627819, 5.585386872783242e-05, 37.53436045286798, 15.499947486226652, 0.7954547921294329, 28043.54127955224, 0.001947916048820891)
reconstructed_params [3.20675229e+00 6.53942318e+00 1.23620222e+00 5.58538687e-05
 3.75343605e+01 1.54999475e+01 7.95454792e-01 3.68144000e+00
 2.80435413e+04 1.94791605e-03]
saving params.txt: (3.2067522855621258, 6.53942318451682, 1.2362022236627819, 5.585386872783242e-05, 37.53436045286798, 15.499947486226652, 0.7954547921294329, 3.68144, 28043.54127955224, 0.001947916048820891)
saving energy.txt: [-7.41551164 -7.41947003 -7.41951036 -7.41954032 -7.41956042 -7.41957114
 -7.41957296 -7.41956633 -7.41955168 -7.41952943 -7.41949998 -7.4194637
 -7.41942096 -7.4193721  -7.41931746 -7.41925736 -7.41919209 -7.41912194
 -7.41904719 -7.41896809 -7.4188849  -7.41879785 -7.41870716 -7.41861305
 -7.41851573 -7.41841537 -7.41831217 -7.41820631 -7.41809793 -7.41798722
 -7.4178743  -7.41775932 -7.41764242 -7.41752372 -7.41740335 -7.41728142
 -7.41715804 -7.4170333  -7.41690732 -7.41678018 -7.41665197 -7.41652278
 -7.41639268 -7.41626175 -7.41613007 -7.41599769 -7.4158647  -7.41573114
 -7.41559707 -7.41546256 -7.41532766 -7.41519241 -7.41505687 -7.41492108
 -7.41478508 -7.41464892 -7.41451263 -7.41437626 -7.41423984 -7.4141034
 -7.41396698 -7.4138306  -7.41115069 -7.40535231 -7.40113818 -7.39640753
 -7.39441833 -7.41426327 -7.41874718 -7.41880403 -7.41884991 -7.41888537
 -7.41891093 -7.41892711 -7.41893437 -7.41893317 -7.41892397 -7.41890718
 -7.4188832  -7.41885241 -7.41881518 -7.41877186 -7.41872278 -7.41866826
 -7.41860859 -7.41854407 -7.41847496 -7.41840152 -7.418324   -7.41824263
 -7.41815764 -7.41806923 -7.4179776  -7.41788294 -7.41778544 -7.41768526
 -7.41758256 -7.41747751 -7.41737023 -7.41726089 -7.41714959 -7.41703648
 -7.41692166 -7.41680526 -7.41668737 -7.4165681  -7.41644754 -7.41632579
 -7.41620293 -7.41607905 -7.41595422 -7.41582851 -7.415702   -7.41557476
 -7.41544685 -7.41531833 -7.41518926 -7.41505969 -7.41492967 -7.41479927
 -7.41466851 -7.41453746 -7.41440615 -7.41427462 -7.41414292 -7.41401108
 -7.41387913 -7.41374712 -7.41361507 -7.41100633 -7.4053006  -7.40112015
 -7.39640546 -7.3944181  -7.40818855 -7.41501552 -7.41516088 -7.41529295
 -7.41541235 -7.41551965 -7.41561541 -7.41570019 -7.4157745  -7.41583883
 -7.41589366 -7.41593945 -7.41597664 -7.41600564 -7.41602686 -7.41604067
 -7.41604744 -7.41604752 -7.41604123 -7.4160289  -7.41601083 -7.4159873
 -7.41595859 -7.41592495 -7.41588664 -7.4158439  -7.41579694 -7.41574598
 -7.41569122 -7.41563286 -7.41557108 -7.41550606 -7.41543796 -7.41536695
 -7.41529317 -7.41521677 -7.41513789 -7.41505665 -7.41497318 -7.4148876
 -7.41480003 -7.41471056 -7.41461931 -7.41452636 -7.41443183 -7.41433578
 -7.41423831 -7.4141395  -7.41403943 -7.41393817 -7.41383579 -7.41373235
 -7.41362794 -7.4135226  -7.4134164  -7.41330938 -7.41320162 -7.41309316
 -7.41298404 -7.41287432 -7.41276405 -7.41265326 -7.41038467 -7.40509187
 -7.40105045 -7.39639787 -7.39441731 -7.39720242 -7.40820139 -7.40850867
 -7.40879865 -7.40907202 -7.40932945 -7.40957158 -7.40979903 -7.41001241
 -7.4102123  -7.41039925 -7.41057382 -7.41073652 -7.41088785 -7.41102829
 -7.41115832 -7.41127836 -7.41138886 -7.41149021 -7.41158282 -7.41166705
 -7.41174326 -7.41181181 -7.41187302 -7.41192721 -7.41197467 -7.4120157
 -7.41205058 -7.41207956 -7.41210289 -7.41212083 -7.4121336  -7.41214142
 -7.4121445  -7.41214305 -7.41213724 -7.41212728 -7.41211333 -7.41209557
 -7.41207414 -7.41204922 -7.41202094 -7.41198945 -7.41195488 -7.41191736
 -7.41187701 -7.41183396 -7.41178832 -7.4117402  -7.4116897  -7.41163692
 -7.41158196 -7.41152492 -7.41146588 -7.41140493 -7.41134215 -7.41127761
 -7.41121141 -7.41114361 -7.41107427 -7.41100348 -7.41093129 -7.40927781
 -7.40472408 -7.40092855 -7.39638472 -7.39441594]
params_e0 (3.2067522855621258, 6.53942318451682, 1.2362022052419335, 5.586876988902627e-05, 37.53436045286798, 15.499947486226652, 0.7954547921294329, 28043.54127955224, 0.001947916048820891)
reconstructed_params [3.20675229e+00 6.53942318e+00 1.23620221e+00 5.58687699e-05
 3.75343605e+01 1.54999475e+01 7.95454792e-01 3.68144000e+00
 2.80435413e+04 1.94791605e-03]
saving params.txt: (3.2067522855621258, 6.53942318451682, 1.2362022052419335, 5.586876988902627e-05, 37.53436045286798, 15.499947486226652, 0.7954547921294329, 3.68144, 28043.54127955224, 0.001947916048820891)
saving energy.txt: [-7.41551164 -7.41947003 -7.41951036 -7.41954032 -7.41956042 -7.41957114
 -7.41957296 -7.41956633 -7.41955168 -7.41952943 -7.41949998 -7.4194637
 -7.41942096 -7.4193721  -7.41931746 -7.41925736 -7.41919209 -7.41912194
 -7.41904719 -7.41896809 -7.4188849  -7.41879785 -7.41870716 -7.41861306
 -7.41851573 -7.41841537 -7.41831217 -7.41820631 -7.41809794 -7.41798722
 -7.4178743  -7.41775932 -7.41764242 -7.41752372 -7.41740335 -7.41728142
 -7.41715804 -7.4170333  -7.41690732 -7.41678018 -7.41665197 -7.41652278
 -7.41639268 -7.41626175 -7.41613007 -7.41599769 -7.4158647  -7.41573114
 -7.41559707 -7.41546256 -7.41532766 -7.41519241 -7.41505687 -7.41492108
 -7.41478508 -7.41464892 -7.41451263 -7.41437626 -7.41423984 -7.4141034
 -7.41396698 -7.4138306  -7.41115069 -7.40535231 -7.40113818 -7.39640753
 -7.39441833 -7.41426327 -7.41874718 -7.41880403 -7.41884991 -7.41888537
 -7.41891093 -7.41892711 -7.41893437 -7.41893317 -7.41892397 -7.41890718
 -7.4188832  -7.41885241 -7.41881518 -7.41877186 -7.41872279 -7.41866826
 -7.41860859 -7.41854407 -7.41847496 -7.41840152 -7.418324   -7.41824263
 -7.41815764 -7.41806923 -7.4179776  -7.41788294 -7.41778544 -7.41768526
 -7.41758256 -7.41747751 -7.41737023 -7.41726089 -7.41714959 -7.41703648
 -7.41692166 -7.41680526 -7.41668737 -7.4165681  -7.41644754 -7.41632579
 -7.41620293 -7.41607905 -7.41595422 -7.41582851 -7.415702   -7.41557476
 -7.41544685 -7.41531833 -7.41518926 -7.41505969 -7.41492968 -7.41479927
 -7.41466851 -7.41453746 -7.41440615 -7.41427462 -7.41414292 -7.41401108
 -7.41387913 -7.41374712 -7.41361507 -7.41100633 -7.4053006  -7.40112015
 -7.39640546 -7.3944181  -7.40818855 -7.41501552 -7.41516088 -7.41529295
 -7.41541235 -7.41551965 -7.41561541 -7.41570019 -7.4157745  -7.41583883
 -7.41589366 -7.41593945 -7.41597664 -7.41600564 -7.41602686 -7.41604067
 -7.41604744 -7.41604752 -7.41604123 -7.4160289  -7.41601083 -7.4159873
 -7.41595859 -7.41592495 -7.41588665 -7.4158439  -7.41579694 -7.41574598
 -7.41569122 -7.41563286 -7.41557108 -7.41550606 -7.41543796 -7.41536695
 -7.41529317 -7.41521677 -7.41513789 -7.41505665 -7.41497318 -7.4148876
 -7.41480003 -7.41471056 -7.41461931 -7.41452637 -7.41443183 -7.41433578
 -7.41423831 -7.4141395  -7.41403943 -7.41393817 -7.41383579 -7.41373235
 -7.41362794 -7.4135226  -7.4134164  -7.41330938 -7.41320162 -7.41309316
 -7.41298404 -7.41287432 -7.41276405 -7.41265326 -7.41038467 -7.40509187
 -7.40105045 -7.39639787 -7.39441731 -7.39720242 -7.40820139 -7.40850867
 -7.40879865 -7.40907202 -7.40932945 -7.40957158 -7.40979903 -7.41001241
 -7.4102123  -7.41039925 -7.41057382 -7.41073652 -7.41088785 -7.41102829
 -7.41115832 -7.41127836 -7.41138886 -7.41149021 -7.41158282 -7.41166705
 -7.41174326 -7.41181181 -7.41187302 -7.41192721 -7.41197467 -7.4120157
 -7.41205058 -7.41207956 -7.4121029  -7.41212083 -7.4121336  -7.41214142
 -7.4121445  -7.41214305 -7.41213724 -7.41212728 -7.41211333 -7.41209557
 -7.41207414 -7.41204922 -7.41202094 -7.41198945 -7.41195488 -7.41191736
 -7.41187701 -7.41183396 -7.41178832 -7.4117402  -7.4116897  -7.41163692
 -7.41158196 -7.41152492 -7.41146588 -7.41140493 -7.41134215 -7.41127761
 -7.41121141 -7.41114361 -7.41107427 -7.41100348 -7.41093129 -7.40927781
 -7.40472408 -7.40092855 -7.39638472 -7.39441594]
params_e0 (3.2067522855621258, 6.53942318451682, 1.2362022052419335, 5.585386872783242e-05, 37.534361012173534, 15.499947486226652, 0.7954547921294329, 28043.54127955224, 0.001947916048820891)
reconstructed_params [3.20675229e+00 6.53942318e+00 1.23620221e+00 5.58538687e-05
 3.75343610e+01 1.54999475e+01 7.95454792e-01 3.68144000e+00
 2.80435413e+04 1.94791605e-03]
saving params.txt: (3.2067522855621258, 6.53942318451682, 1.2362022052419335, 5.585386872783242e-05, 37.534361012173534, 15.499947486226652, 0.7954547921294329, 3.68144, 28043.54127955224, 0.001947916048820891)
saving energy.txt: [-7.41551164 -7.41947003 -7.41951036 -7.41954032 -7.41956042 -7.41957114
 -7.41957296 -7.41956633 -7.41955168 -7.41952943 -7.41949998 -7.4194637
 -7.41942096 -7.4193721  -7.41931746 -7.41925736 -7.41919209 -7.41912194
 -7.41904719 -7.41896809 -7.4188849  -7.41879785 -7.41870716 -7.41861305
 -7.41851573 -7.41841537 -7.41831217 -7.41820631 -7.41809793 -7.41798722
 -7.4178743  -7.41775932 -7.41764242 -7.41752372 -7.41740335 -7.41728142
 -7.41715804 -7.4170333  -7.41690732 -7.41678018 -7.41665197 -7.41652278
 -7.41639268 -7.41626175 -7.41613007 -7.41599769 -7.4158647  -7.41573114
 -7.41559707 -7.41546256 -7.41532766 -7.41519241 -7.41505687 -7.41492108
 -7.41478508 -7.41464892 -7.41451263 -7.41437626 -7.41423984 -7.4141034
 -7.41396698 -7.4138306  -7.41115069 -7.40535231 -7.40113818 -7.39640753
 -7.39441833 -7.41426327 -7.41874718 -7.41880403 -7.41884991 -7.41888537
 -7.41891093 -7.4189271  -7.41893437 -7.41893317 -7.41892397 -7.41890718
 -7.4188832  -7.41885241 -7.41881518 -7.41877186 -7.41872278 -7.41866826
 -7.41860859 -7.41854407 -7.41847496 -7.41840152 -7.418324   -7.41824263
 -7.41815764 -7.41806923 -7.4179776  -7.41788294 -7.41778544 -7.41768526
 -7.41758256 -7.41747751 -7.41737023 -7.41726089 -7.41714959 -7.41703648
 -7.41692166 -7.41680526 -7.41668737 -7.4165681  -7.41644754 -7.41632579
 -7.41620293 -7.41607905 -7.41595422 -7.41582851 -7.415702   -7.41557476
 -7.41544685 -7.41531833 -7.41518926 -7.41505969 -7.41492967 -7.41479927
 -7.41466851 -7.41453746 -7.41440615 -7.41427462 -7.41414292 -7.41401108
 -7.41387913 -7.41374712 -7.41361507 -7.41100633 -7.4053006  -7.40112015
 -7.39640546 -7.3944181  -7.40818855 -7.41501552 -7.41516088 -7.41529295
 -7.41541234 -7.41551964 -7.41561541 -7.41570019 -7.4157745  -7.41583883
 -7.41589366 -7.41593945 -7.41597664 -7.41600564 -7.41602686 -7.41604067
 -7.41604744 -7.41604752 -7.41604123 -7.4160289  -7.41601083 -7.4159873
 -7.41595859 -7.41592495 -7.41588664 -7.4158439  -7.41579694 -7.41574598
 -7.41569122 -7.41563286 -7.41557108 -7.41550606 -7.41543796 -7.41536695
 -7.41529317 -7.41521677 -7.41513789 -7.41505665 -7.41497318 -7.4148876
 -7.41480003 -7.41471056 -7.41461931 -7.41452636 -7.41443183 -7.41433578
 -7.41423831 -7.4141395  -7.41403943 -7.41393817 -7.41383579 -7.41373235
 -7.41362794 -7.4135226  -7.4134164  -7.41330938 -7.41320162 -7.41309316
 -7.41298404 -7.41287432 -7.41276405 -7.41265326 -7.41038467 -7.40509187
 -7.40105045 -7.39639787 -7.39441731 -7.39720242 -7.40820139 -7.40850867
 -7.40879865 -7.40907202 -7.40932945 -7.40957158 -7.40979903 -7.41001241
 -7.4102123  -7.41039925 -7.41057382 -7.41073652 -7.41088785 -7.41102829
 -7.41115832 -7.41127836 -7.41138886 -7.41149021 -7.41158282 -7.41166705
 -7.41174326 -7.41181181 -7.41187302 -7.41192721 -7.41197467 -7.4120157
 -7.41205058 -7.41207956 -7.41210289 -7.41212083 -7.4121336  -7.41214142
 -7.4121445  -7.41214305 -7.41213724 -7.41212728 -7.41211333 -7.41209556
 -7.41207414 -7.41204922 -7.41202094 -7.41198945 -7.41195488 -7.41191736
 -7.41187701 -7.41183396 -7.41178832 -7.4117402  -7.4116897  -7.41163692
 -7.41158196 -7.41152492 -7.41146588 -7.41140493 -7.41134215 -7.41127761
 -7.41121141 -7.41114361 -7.41107427 -7.41100348 -7.41093129 -7.40927781
 -7.40472408 -7.40092855 -7.39638472 -7.39441594]
params_e0 (3.2067522855621258, 6.53942318451682, 1.2362022052419335, 5.585386872783242e-05, 37.53436045286798, 15.499947717193868, 0.7954547921294329, 28043.54127955224, 0.001947916048820891)
reconstructed_params [3.20675229e+00 6.53942318e+00 1.23620221e+00 5.58538687e-05
 3.75343605e+01 1.54999477e+01 7.95454792e-01 3.68144000e+00
 2.80435413e+04 1.94791605e-03]
saving params.txt: (3.2067522855621258, 6.53942318451682, 1.2362022052419335, 5.585386872783242e-05, 37.53436045286798, 15.499947717193868, 0.7954547921294329, 3.68144, 28043.54127955224, 0.001947916048820891)
saving energy.txt: [-7.41551164 -7.41947003 -7.41951036 -7.41954032 -7.41956042 -7.41957114
 -7.41957296 -7.41956633 -7.41955168 -7.41952943 -7.41949998 -7.4194637
 -7.41942096 -7.4193721  -7.41931746 -7.41925736 -7.41919209 -7.41912194
 -7.41904719 -7.41896809 -7.4188849  -7.41879785 -7.41870716 -7.41861306
 -7.41851573 -7.41841537 -7.41831217 -7.41820631 -7.41809794 -7.41798722
 -7.4178743  -7.41775932 -7.41764242 -7.41752372 -7.41740335 -7.41728142
 -7.41715804 -7.4170333  -7.41690732 -7.41678018 -7.41665197 -7.41652278
 -7.41639268 -7.41626175 -7.41613007 -7.41599769 -7.4158647  -7.41573114
 -7.41559707 -7.41546256 -7.41532766 -7.41519241 -7.41505687 -7.41492108
 -7.41478508 -7.41464892 -7.41451263 -7.41437626 -7.41423984 -7.4141034
 -7.41396698 -7.4138306  -7.41115069 -7.40535231 -7.40113818 -7.39640753
 -7.39441833 -7.41426327 -7.41874718 -7.41880403 -7.41884991 -7.41888537
 -7.41891093 -7.41892711 -7.41893437 -7.41893317 -7.41892397 -7.41890718
 -7.4188832  -7.41885241 -7.41881518 -7.41877186 -7.41872279 -7.41866826
 -7.4186086  -7.41854407 -7.41847496 -7.41840152 -7.418324   -7.41824263
 -7.41815764 -7.41806923 -7.4179776  -7.41788294 -7.41778544 -7.41768526
 -7.41758256 -7.41747751 -7.41737023 -7.41726089 -7.41714959 -7.41703648
 -7.41692166 -7.41680526 -7.41668737 -7.4165681  -7.41644754 -7.41632579
 -7.41620293 -7.41607905 -7.41595422 -7.41582851 -7.415702   -7.41557476
 -7.41544685 -7.41531833 -7.41518926 -7.41505969 -7.41492968 -7.41479927
 -7.41466851 -7.41453746 -7.41440615 -7.41427462 -7.41414292 -7.41401108
 -7.41387913 -7.41374712 -7.41361507 -7.41100633 -7.4053006  -7.40112015
 -7.39640546 -7.3944181  -7.40818855 -7.41501552 -7.41516088 -7.41529295
 -7.41541235 -7.41551965 -7.41561541 -7.41570019 -7.4157745  -7.41583883
 -7.41589366 -7.41593945 -7.41597664 -7.41600564 -7.41602686 -7.41604067
 -7.41604744 -7.41604752 -7.41604123 -7.4160289  -7.41601083 -7.4159873
 -7.41595859 -7.41592495 -7.41588665 -7.4158439  -7.41579694 -7.41574598
 -7.41569122 -7.41563286 -7.41557108 -7.41550606 -7.41543796 -7.41536695
 -7.41529317 -7.41521677 -7.41513789 -7.41505665 -7.41497318 -7.4148876
 -7.41480003 -7.41471056 -7.41461931 -7.41452637 -7.41443183 -7.41433578
 -7.41423831 -7.4141395  -7.41403943 -7.41393817 -7.41383579 -7.41373235
 -7.41362794 -7.4135226  -7.4134164  -7.41330938 -7.41320162 -7.41309316
 -7.41298404 -7.41287432 -7.41276405 -7.41265326 -7.41038467 -7.40509187
 -7.40105045 -7.39639787 -7.39441731 -7.39720242 -7.40820139 -7.40850867
 -7.40879865 -7.40907202 -7.40932945 -7.40957158 -7.40979903 -7.41001241
 -7.4102123  -7.41039925 -7.41057382 -7.41073652 -7.41088785 -7.41102829
 -7.41115832 -7.41127836 -7.41138886 -7.41149021 -7.41158282 -7.41166705
 -7.41174326 -7.41181181 -7.41187302 -7.41192721 -7.41197467 -7.4120157
 -7.41205058 -7.41207956 -7.4121029  -7.41212083 -7.4121336  -7.41214142
 -7.4121445  -7.41214305 -7.41213724 -7.41212728 -7.41211333 -7.41209557
 -7.41207414 -7.41204922 -7.41202094 -7.41198945 -7.41195488 -7.41191736
 -7.41187701 -7.41183396 -7.41178832 -7.4117402  -7.4116897  -7.41163692
 -7.41158196 -7.41152492 -7.41146588 -7.41140493 -7.41134215 -7.41127761
 -7.41121141 -7.41114361 -7.41107427 -7.41100348 -7.41093129 -7.40927781
 -7.40472408 -7.40092855 -7.39638472 -7.39441594]
params_e0 (3.2067522855621258, 6.53942318451682, 1.2362022052419335, 5.585386872783242e-05, 37.53436045286798, 15.499947486226652, 0.7954548070305941, 28043.54127955224, 0.001947916048820891)
reconstructed_params [3.20675229e+00 6.53942318e+00 1.23620221e+00 5.58538687e-05
 3.75343605e+01 1.54999475e+01 7.95454807e-01 3.68144000e+00
 2.80435413e+04 1.94791605e-03]
saving params.txt: (3.2067522855621258, 6.53942318451682, 1.2362022052419335, 5.585386872783242e-05, 37.53436045286798, 15.499947486226652, 0.7954548070305941, 3.68144, 28043.54127955224, 0.001947916048820891)
saving energy.txt: [-7.41551163 -7.41947003 -7.41951036 -7.41954032 -7.41956042 -7.41957114
 -7.41957296 -7.41956633 -7.41955168 -7.41952943 -7.41949998 -7.4194637
 -7.41942095 -7.4193721  -7.41931746 -7.41925736 -7.41919209 -7.41912194
 -7.41904719 -7.41896809 -7.4188849  -7.41879785 -7.41870716 -7.41861305
 -7.41851573 -7.41841537 -7.41831217 -7.41820631 -7.41809793 -7.41798722
 -7.4178743  -7.41775932 -7.41764242 -7.41752372 -7.41740335 -7.41728142
 -7.41715804 -7.4170333  -7.41690732 -7.41678018 -7.41665197 -7.41652278
 -7.41639268 -7.41626175 -7.41613007 -7.41599769 -7.4158647  -7.41573114
 -7.41559707 -7.41546256 -7.41532766 -7.41519241 -7.41505687 -7.41492108
 -7.41478508 -7.41464892 -7.41451263 -7.41437626 -7.41423984 -7.4141034
 -7.41396698 -7.4138306  -7.41115069 -7.40535231 -7.40113818 -7.39640753
 -7.39441833 -7.41426327 -7.41874718 -7.41880403 -7.41884991 -7.41888537
 -7.41891093 -7.4189271  -7.41893436 -7.41893317 -7.41892397 -7.41890718
 -7.4188832  -7.41885241 -7.41881518 -7.41877186 -7.41872278 -7.41866826
 -7.41860859 -7.41854407 -7.41847496 -7.41840152 -7.418324   -7.41824263
 -7.41815764 -7.41806923 -7.4179776  -7.41788294 -7.41778544 -7.41768526
 -7.41758256 -7.41747751 -7.41737023 -7.41726089 -7.41714959 -7.41703648
 -7.41692166 -7.41680526 -7.41668737 -7.4165681  -7.41644754 -7.41632579
 -7.41620293 -7.41607905 -7.41595422 -7.41582851 -7.415702   -7.41557476
 -7.41544685 -7.41531833 -7.41518926 -7.41505969 -7.41492968 -7.41479927
 -7.41466851 -7.41453746 -7.41440615 -7.41427462 -7.41414292 -7.41401108
 -7.41387913 -7.41374712 -7.41361507 -7.41100633 -7.4053006  -7.40112015
 -7.39640546 -7.3944181  -7.40818854 -7.41501552 -7.41516088 -7.41529295
 -7.41541234 -7.41551964 -7.41561541 -7.41570019 -7.4157745  -7.41583883
 -7.41589366 -7.41593945 -7.41597664 -7.41600564 -7.41602686 -7.41604067
 -7.41604744 -7.41604752 -7.41604123 -7.4160289  -7.41601083 -7.4159873
 -7.41595859 -7.41592495 -7.41588664 -7.4158439  -7.41579694 -7.41574598
 -7.41569122 -7.41563286 -7.41557108 -7.41550606 -7.41543796 -7.41536695
 -7.41529317 -7.41521677 -7.41513789 -7.41505665 -7.41497318 -7.4148876
 -7.41480003 -7.41471056 -7.41461931 -7.41452637 -7.41443183 -7.41433578
 -7.41423831 -7.4141395  -7.41403943 -7.41393817 -7.41383579 -7.41373235
 -7.41362794 -7.4135226  -7.4134164  -7.41330938 -7.41320162 -7.41309316
 -7.41298404 -7.41287432 -7.41276405 -7.41265326 -7.41038467 -7.40509187
 -7.40105045 -7.39639787 -7.39441731 -7.39720242 -7.40820139 -7.40850867
 -7.40879865 -7.40907202 -7.40932945 -7.40957158 -7.40979903 -7.41001241
 -7.4102123  -7.41039925 -7.41057382 -7.41073652 -7.41088785 -7.41102829
 -7.41115832 -7.41127836 -7.41138886 -7.41149021 -7.41158282 -7.41166705
 -7.41174326 -7.41181181 -7.41187302 -7.41192721 -7.41197467 -7.4120157
 -7.41205058 -7.41207956 -7.41210289 -7.41212083 -7.4121336  -7.41214142
 -7.4121445  -7.41214305 -7.41213724 -7.41212728 -7.41211333 -7.41209557
 -7.41207414 -7.41204922 -7.41202094 -7.41198945 -7.41195488 -7.41191736
 -7.41187701 -7.41183396 -7.41178832 -7.4117402  -7.4116897  -7.41163692
 -7.41158196 -7.41152492 -7.41146588 -7.41140493 -7.41134215 -7.41127761
 -7.41121141 -7.41114361 -7.41107427 -7.41100348 -7.41093129 -7.40927781
 -7.40472408 -7.40092855 -7.39638472 -7.39441594]
params_e0 (3.2067522855621258, 6.53942318451682, 1.2362022052419335, 5.585386872783242e-05, 37.53436045286798, 15.499947486226652, 0.7954547921294329, 28043.541697433568, 0.001947916048820891)
reconstructed_params [3.20675229e+00 6.53942318e+00 1.23620221e+00 5.58538687e-05
 3.75343605e+01 1.54999475e+01 7.95454792e-01 3.68144000e+00
 2.80435417e+04 1.94791605e-03]
saving params.txt: (3.2067522855621258, 6.53942318451682, 1.2362022052419335, 5.585386872783242e-05, 37.53436045286798, 15.499947486226652, 0.7954547921294329, 3.68144, 28043.541697433568, 0.001947916048820891)
saving energy.txt: [-7.41551164 -7.41947003 -7.41951036 -7.41954032 -7.41956042 -7.41957114
 -7.41957296 -7.41956633 -7.41955168 -7.41952943 -7.41949998 -7.4194637
 -7.41942096 -7.4193721  -7.41931746 -7.41925736 -7.41919209 -7.41912194
 -7.41904719 -7.41896809 -7.4188849  -7.41879785 -7.41870716 -7.41861306
 -7.41851573 -7.41841537 -7.41831218 -7.41820631 -7.41809794 -7.41798722
 -7.4178743  -7.41775932 -7.41764242 -7.41752373 -7.41740335 -7.41728142
 -7.41715804 -7.41703331 -7.41690732 -7.41678018 -7.41665197 -7.41652278
 -7.41639268 -7.41626175 -7.41613007 -7.41599769 -7.4158647  -7.41573114
 -7.41559707 -7.41546257 -7.41532766 -7.41519241 -7.41505687 -7.41492108
 -7.41478508 -7.41464892 -7.41451263 -7.41437626 -7.41423984 -7.4141034
 -7.41396698 -7.4138306  -7.41115069 -7.40535231 -7.40113818 -7.39640753
 -7.39441833 -7.41426327 -7.41874718 -7.41880403 -7.41884991 -7.41888537
 -7.41891093 -7.41892711 -7.41893437 -7.41893318 -7.41892397 -7.41890718
 -7.4188832  -7.41885241 -7.41881518 -7.41877187 -7.41872279 -7.41866826
 -7.4186086  -7.41854407 -7.41847496 -7.41840152 -7.418324   -7.41824264
 -7.41815764 -7.41806923 -7.4179776  -7.41788294 -7.41778544 -7.41768526
 -7.41758256 -7.41747751 -7.41737024 -7.41726089 -7.41714959 -7.41703648
 -7.41692167 -7.41680526 -7.41668737 -7.4165681  -7.41644754 -7.41632579
 -7.41620293 -7.41607905 -7.41595422 -7.41582851 -7.41570201 -7.41557476
 -7.41544685 -7.41531833 -7.41518926 -7.41505969 -7.41492968 -7.41479927
 -7.41466852 -7.41453746 -7.41440615 -7.41427462 -7.41414292 -7.41401108
 -7.41387913 -7.41374712 -7.41361507 -7.41100633 -7.4053006  -7.40112015
 -7.39640546 -7.3944181  -7.40818855 -7.41501552 -7.41516088 -7.41529295
 -7.41541235 -7.41551965 -7.41561542 -7.41570019 -7.4157745  -7.41583883
 -7.41589366 -7.41593945 -7.41597664 -7.41600564 -7.41602686 -7.41604067
 -7.41604744 -7.41604752 -7.41604123 -7.4160289  -7.41601083 -7.4159873
 -7.41595859 -7.41592496 -7.41588665 -7.4158439  -7.41579694 -7.41574598
 -7.41569122 -7.41563286 -7.41557108 -7.41550606 -7.41543796 -7.41536695
 -7.41529317 -7.41521677 -7.41513789 -7.41505665 -7.41497318 -7.41488761
 -7.41480003 -7.41471056 -7.41461931 -7.41452637 -7.41443183 -7.41433578
 -7.41423831 -7.4141395  -7.41403943 -7.41393817 -7.41383579 -7.41373236
 -7.41362794 -7.4135226  -7.4134164  -7.41330938 -7.41320162 -7.41309316
 -7.41298404 -7.41287432 -7.41276405 -7.41265326 -7.41038468 -7.40509187
 -7.40105045 -7.39639787 -7.39441731 -7.39720243 -7.40820139 -7.40850867
 -7.40879865 -7.40907202 -7.40932945 -7.40957158 -7.40979903 -7.41001241
 -7.4102123  -7.41039925 -7.41057382 -7.41073652 -7.41088785 -7.4110283
 -7.41115832 -7.41127836 -7.41138886 -7.41149021 -7.41158282 -7.41166705
 -7.41174326 -7.41181181 -7.41187302 -7.41192721 -7.41197467 -7.4120157
 -7.41205058 -7.41207956 -7.4121029  -7.41212083 -7.4121336  -7.41214142
 -7.4121445  -7.41214305 -7.41213725 -7.41212728 -7.41211333 -7.41209557
 -7.41207414 -7.41204922 -7.41202094 -7.41198945 -7.41195488 -7.41191736
 -7.41187701 -7.41183396 -7.41178832 -7.4117402  -7.4116897  -7.41163692
 -7.41158196 -7.41152492 -7.41146588 -7.41140493 -7.41134215 -7.41127762
 -7.41121141 -7.41114361 -7.41107427 -7.41100348 -7.41093129 -7.40927781
 -7.40472408 -7.40092856 -7.39638472 -7.39441594]
params_e0 (3.2067522855621258, 6.53942318451682, 1.2362022052419335, 5.585386872783242e-05, 37.53436045286798, 15.499947486226652, 0.7954547921294329, 28043.54127955224, 0.0019479309499820848)
reconstructed_params [3.20675229e+00 6.53942318e+00 1.23620221e+00 5.58538687e-05
 3.75343605e+01 1.54999475e+01 7.95454792e-01 3.68144000e+00
 2.80435413e+04 1.94793095e-03]
saving params.txt: (3.2067522855621258, 6.53942318451682, 1.2362022052419335, 5.585386872783242e-05, 37.53436045286798, 15.499947486226652, 0.7954547921294329, 3.68144, 28043.54127955224, 0.0019479309499820848)
saving energy.txt: [-7.41551162 -7.41947001 -7.41951035 -7.41954031 -7.4195604  -7.41957113
 -7.41957295 -7.41956631 -7.41955167 -7.41952942 -7.41949996 -7.41946368
 -7.41942094 -7.41937209 -7.41931745 -7.41925734 -7.41919207 -7.41912193
 -7.41904717 -7.41896808 -7.41888489 -7.41879784 -7.41870715 -7.41861304
 -7.41851571 -7.41841536 -7.41831216 -7.41820629 -7.41809792 -7.4179872
 -7.41787428 -7.41775931 -7.41764241 -7.41752371 -7.41740334 -7.41728141
 -7.41715802 -7.41703329 -7.41690731 -7.41678017 -7.41665196 -7.41652276
 -7.41639267 -7.41626174 -7.41613005 -7.41599768 -7.41586468 -7.41573112
 -7.41559706 -7.41546255 -7.41532765 -7.4151924  -7.41505686 -7.41492106
 -7.41478507 -7.41464891 -7.41451262 -7.41437625 -7.41423982 -7.41410338
 -7.41396696 -7.41383059 -7.41115067 -7.40535229 -7.40113816 -7.39640752
 -7.39441831 -7.41426325 -7.41874717 -7.41880401 -7.41884989 -7.41888535
 -7.41891092 -7.41892709 -7.41893435 -7.41893316 -7.41892396 -7.41890716
 -7.41888318 -7.4188524  -7.41881517 -7.41877185 -7.41872277 -7.41866825
 -7.41860858 -7.41854406 -7.41847495 -7.41840151 -7.41832399 -7.41824262
 -7.41815762 -7.41806921 -7.41797758 -7.41788293 -7.41778542 -7.41768524
 -7.41758255 -7.41747749 -7.41737022 -7.41726087 -7.41714958 -7.41703647
 -7.41692165 -7.41680524 -7.41668736 -7.41656808 -7.41644753 -7.41632578
 -7.41620292 -7.41607903 -7.4159542  -7.4158285  -7.41570199 -7.41557475
 -7.41544684 -7.41531832 -7.41518924 -7.41505967 -7.41492966 -7.41479925
 -7.4146685  -7.41453745 -7.41440614 -7.41427461 -7.41414291 -7.41401106
 -7.41387912 -7.41374711 -7.41361506 -7.41100631 -7.40530059 -7.40112013
 -7.39640545 -7.39441809 -7.40818853 -7.41501551 -7.41516086 -7.41529294
 -7.41541233 -7.41551963 -7.4156154  -7.41570018 -7.41577448 -7.41583881
 -7.41589365 -7.41593944 -7.41597663 -7.41600563 -7.41602684 -7.41604065
 -7.41604742 -7.4160475  -7.41604122 -7.41602889 -7.41601082 -7.41598729
 -7.41595857 -7.41592494 -7.41588663 -7.41584388 -7.41579692 -7.41574596
 -7.4156912  -7.41563284 -7.41557107 -7.41550605 -7.41543795 -7.41536694
 -7.41529316 -7.41521676 -7.41513787 -7.41505664 -7.41497317 -7.41488759
 -7.41480001 -7.41471055 -7.41461929 -7.41452635 -7.41443181 -7.41433576
 -7.41423829 -7.41413949 -7.41403941 -7.41393815 -7.41383577 -7.41373234
 -7.41362792 -7.41352258 -7.41341638 -7.41330937 -7.41320161 -7.41309314
 -7.41298403 -7.41287431 -7.41276403 -7.41265325 -7.41038466 -7.40509185
 -7.40105044 -7.39639786 -7.39441729 -7.39720241 -7.40820138 -7.40850865
 -7.40879863 -7.40907201 -7.40932943 -7.40957156 -7.40979902 -7.4100124
 -7.41021228 -7.41039924 -7.41057381 -7.4107365  -7.41088783 -7.41102828
 -7.4111583  -7.41127835 -7.41138884 -7.4114902  -7.4115828  -7.41166703
 -7.41174325 -7.4118118  -7.41187301 -7.41192719 -7.41197466 -7.41201569
 -7.41205056 -7.41207954 -7.41210288 -7.41212082 -7.41213359 -7.41214141
 -7.41214449 -7.41214303 -7.41213723 -7.41212727 -7.41211332 -7.41209555
 -7.41207413 -7.4120492  -7.41202092 -7.41198943 -7.41195486 -7.41191734
 -7.411877   -7.41183395 -7.41178831 -7.41174018 -7.41168968 -7.41163691
 -7.41158195 -7.41152491 -7.41146587 -7.41140491 -7.41134213 -7.4112776
 -7.4112114  -7.41114359 -7.41107426 -7.41100346 -7.41093127 -7.4092778
 -7.40472406 -7.40092854 -7.39638471 -7.39441593]
