/projects/qmchamm/shared/mick/ilp_fitting
   basis  method  registry  distance    energy  energy_err     d     a
0     bn  DFT-D2   0.00000       2.6 -6.979231         0.0   2.6  2.46
1     bn  DFT-D2   0.00000       2.7 -7.009996         0.0   2.7  2.46
2     bn  DFT-D2   0.00000       2.8 -7.030781         0.0   2.8  2.46
3     bn  DFT-D2   0.00000       2.9 -7.044043         0.0   2.9  2.46
4     bn  DFT-D2   0.00000       3.0 -7.051914         0.0   3.0  2.46
..   ...     ...       ...       ...       ...         ...   ...   ...
95    bn  DFT-D2   0.66667       6.5 -7.034724         0.0   6.5  2.46
96    bn  DFT-D2   0.66667       7.0 -7.034068         0.0   7.0  2.46
97    bn  DFT-D2   0.66667       8.0 -7.033297         0.0   8.0  2.46
98    bn  DFT-D2   0.66667       9.0 -7.032887         0.0   9.0  2.46
99    bn  DFT-D2   0.66667      11.0 -7.032515         0.0  11.0  2.46

[100 rows x 8 columns]
[7, 16]
mask [ True  True  True  True  True  True  True  True  True  True  True  True
  True  True  True  True  True  True  True]
exclude_idxs [7, 16]
[3.30194960e+00 1.15977869e+01 2.92396739e+00 1.67164084e+01
 3.57176043e-01 1.53052540e+01 7.00158100e-01 3.09732700e+00
 2.43789424e+04 3.24935543e+00 8.49716903e+00 1.06013801e+00
 1.83376952e+01 2.18176684e+01 1.50000000e+01 7.23498300e-01
 3.01311700e+00 3.84099986e+04 1.33458407e-02]
[3.30194960e+00 1.15977869e+01 2.92396739e+00 1.67164084e+01
 3.57176043e-01 1.53052540e+01 7.00158100e-01 2.43789424e+04
 3.24935543e+00 8.49716903e+00 1.06013801e+00 1.83376952e+01
 2.18176684e+01 1.50000000e+01 7.23498300e-01 3.84099986e+04
 1.33458407e-02]
params_e0 (3.3019495972375417, 11.59778693092585, 2.9239673859067628, 16.716408447248952, 0.35717604307372847, 15.305254, 0.7001581, 24378.94238201342, 3.2493554347122147, 8.49716903260915, 1.060138006750374, 18.337695246291254, 21.817668365917932, 15.0, 0.7234983, 38409.998551045916, 0.01334584071774235)
reconstructed_params [3.30194960e+00 1.15977869e+01 2.92396739e+00 1.67164084e+01
 3.57176043e-01 1.53052540e+01 7.00158100e-01 3.09732700e+00
 2.43789424e+04 3.24935543e+00 8.49716903e+00 1.06013801e+00
 1.83376952e+01 2.18176684e+01 1.50000000e+01 7.23498300e-01
 3.01311700e+00 3.84099986e+04 1.33458407e-02]
saving params.txt: (3.3019495972375417, 11.59778693092585, 2.9239673859067628, 16.716408447248952, 0.35717604307372847, 15.305254, 0.7001581, 3.097327, 24378.94238201342, 3.2493554347122147, 8.49716903260915, 1.060138006750374, 18.337695246291254, 21.817668365917932, 15.0, 0.7234983, 3.013117, 38409.998551045916, 0.01334584071774235)
saving energy.txt: [-6.98671129 -7.01291408 -7.03069402 -7.04243381 -7.0498254  -7.0540973
 -7.05615205 -7.0566551  -7.05609636 -7.0548346  -7.0531306  -7.05117189
 -7.04909156 -7.04698239 -7.04490751 -7.04101094 -7.03603749 -7.03008021
 -7.02634663 -7.02403782 -7.02260342 -7.02170382 -7.02077228 -7.02039367
 -7.02018363 -7.00466995 -7.0271693  -7.04197199 -7.05131506 -7.05678535
 -7.05952689 -7.06037077 -7.05992164 -7.05861812 -7.05677649 -7.05462274
 -7.05231636 -7.04996799 -7.04765265 -7.04541951 -7.04130884 -7.03616895
 -7.03011347 -7.02635495 -7.02403989 -7.02260392 -7.02170395 -7.02077228
 -7.02039367 -7.02018363 -7.0212727  -7.04066825 -7.05281916 -7.05995092
 -7.06360983 -7.0648875  -7.06456076 -7.06318327 -7.06114846 -7.05873392
 -7.05613334 -7.05347974 -7.05086241 -7.04833927 -7.04594591 -7.04161722
 -7.03630633 -7.0301487  -7.02636387 -7.02404212 -7.02260448 -7.02170408
 -7.02077229 -7.02039367 -7.02018363 -6.97261303 -7.00393597 -7.02494314
 -7.03873962 -7.04745051 -7.05257143 -7.05517312 -7.05602837 -7.05569614
 -7.05457979 -7.05296891 -7.05106968 -7.04902723 -7.04694211 -7.04488243
 -7.04100142 -7.03603544 -7.03008013 -7.02634665 -7.02403783 -7.02260342
 -7.02170382 -7.02077228 -7.02039367 -7.02018363]
params_e0 (3.3019496464404248, 11.59778693092585, 2.9239673859067628, 16.716408447248952, 0.35717604307372847, 15.305254, 0.7001581, 24378.94238201342, 3.2493554347122147, 8.49716903260915, 1.060138006750374, 18.337695246291254, 21.817668365917932, 15.0, 0.7234983, 38409.998551045916, 0.01334584071774235)
reconstructed_params [3.30194965e+00 1.15977869e+01 2.92396739e+00 1.67164084e+01
 3.57176043e-01 1.53052540e+01 7.00158100e-01 3.09732700e+00
 2.43789424e+04 3.24935543e+00 8.49716903e+00 1.06013801e+00
 1.83376952e+01 2.18176684e+01 1.50000000e+01 7.23498300e-01
 3.01311700e+00 3.84099986e+04 1.33458407e-02]
saving params.txt: (3.3019496464404248, 11.59778693092585, 2.9239673859067628, 16.716408447248952, 0.35717604307372847, 15.305254, 0.7001581, 3.097327, 24378.94238201342, 3.2493554347122147, 8.49716903260915, 1.060138006750374, 18.337695246291254, 21.817668365917932, 15.0, 0.7234983, 3.013117, 38409.998551045916, 0.01334584071774235)
saving energy.txt: [-6.98671127 -7.01291407 -7.03069401 -7.04243381 -7.04982539 -7.0540973
 -7.05615204 -7.0566551  -7.05609636 -7.0548346  -7.0531306  -7.05117189
 -7.04909156 -7.04698239 -7.04490751 -7.04101094 -7.03603749 -7.03008021
 -7.02634663 -7.02403782 -7.02260342 -7.02170382 -7.02077228 -7.02039367
 -7.02018363 -7.00466993 -7.02716929 -7.04197198 -7.05131506 -7.05678534
 -7.05952688 -7.06037077 -7.05992163 -7.05861811 -7.05677649 -7.05462274
 -7.05231635 -7.04996799 -7.04765265 -7.04541951 -7.04130884 -7.03616895
 -7.03011347 -7.02635495 -7.02403989 -7.02260392 -7.02170395 -7.02077228
 -7.02039367 -7.02018363 -7.02127268 -7.04066823 -7.05281915 -7.05995091
 -7.06360982 -7.0648875  -7.06456076 -7.06318327 -7.06114846 -7.05873392
 -7.05613334 -7.05347974 -7.05086241 -7.04833926 -7.04594591 -7.04161722
 -7.03630633 -7.0301487  -7.02636387 -7.02404212 -7.02260448 -7.02170408
 -7.02077229 -7.02039367 -7.02018363 -6.97261301 -7.00393596 -7.02494314
 -7.03873961 -7.0474505  -7.05257143 -7.05517311 -7.05602837 -7.05569614
 -7.05457979 -7.05296891 -7.05106968 -7.04902723 -7.0469421  -7.04488243
 -7.04100142 -7.03603544 -7.03008013 -7.02634665 -7.02403783 -7.02260342
 -7.02170382 -7.02077228 -7.02039367 -7.02018363]
params_e0 (3.3019495972375417, 11.597787103746342, 2.9239673859067628, 16.716408447248952, 0.35717604307372847, 15.305254, 0.7001581, 24378.94238201342, 3.2493554347122147, 8.49716903260915, 1.060138006750374, 18.337695246291254, 21.817668365917932, 15.0, 0.7234983, 38409.998551045916, 0.01334584071774235)
reconstructed_params [3.30194960e+00 1.15977871e+01 2.92396739e+00 1.67164084e+01
 3.57176043e-01 1.53052540e+01 7.00158100e-01 3.09732700e+00
 2.43789424e+04 3.24935543e+00 8.49716903e+00 1.06013801e+00
 1.83376952e+01 2.18176684e+01 1.50000000e+01 7.23498300e-01
 3.01311700e+00 3.84099986e+04 1.33458407e-02]
saving params.txt: (3.3019495972375417, 11.597787103746342, 2.9239673859067628, 16.716408447248952, 0.35717604307372847, 15.305254, 0.7001581, 3.097327, 24378.94238201342, 3.2493554347122147, 8.49716903260915, 1.060138006750374, 18.337695246291254, 21.817668365917932, 15.0, 0.7234983, 3.013117, 38409.998551045916, 0.01334584071774235)
saving energy.txt: [-6.98671129 -7.01291408 -7.03069402 -7.04243381 -7.0498254  -7.0540973
 -7.05615205 -7.0566551  -7.05609636 -7.0548346  -7.0531306  -7.05117189
 -7.04909156 -7.04698239 -7.04490751 -7.04101094 -7.03603749 -7.03008021
 -7.02634663 -7.02403782 -7.02260342 -7.02170382 -7.02077228 -7.02039367
 -7.02018363 -7.00466995 -7.0271693  -7.04197199 -7.05131506 -7.05678535
 -7.05952689 -7.06037077 -7.05992164 -7.05861812 -7.05677649 -7.05462274
 -7.05231636 -7.04996799 -7.04765265 -7.04541951 -7.04130884 -7.03616895
 -7.03011347 -7.02635495 -7.02403989 -7.02260392 -7.02170395 -7.02077228
 -7.02039367 -7.02018363 -7.02127269 -7.04066824 -7.05281916 -7.05995092
 -7.06360983 -7.06488751 -7.06456076 -7.06318327 -7.06114846 -7.05873392
 -7.05613334 -7.05347974 -7.05086241 -7.04833927 -7.04594591 -7.04161722
 -7.03630633 -7.0301487  -7.02636387 -7.02404212 -7.02260448 -7.02170408
 -7.02077229 -7.02039367 -7.02018363 -6.97261303 -7.00393597 -7.02494314
 -7.03873962 -7.04745051 -7.05257143 -7.05517312 -7.05602837 -7.05569614
 -7.05457979 -7.05296891 -7.05106968 -7.04902723 -7.04694211 -7.04488243
 -7.04100142 -7.03603544 -7.03008013 -7.02634665 -7.02403783 -7.02260342
 -7.02170382 -7.02077228 -7.02039367 -7.02018363]
params_e0 (3.3019495972375417, 11.59778693092585, 2.923967429477272, 16.716408447248952, 0.35717604307372847, 15.305254, 0.7001581, 24378.94238201342, 3.2493554347122147, 8.49716903260915, 1.060138006750374, 18.337695246291254, 21.817668365917932, 15.0, 0.7234983, 38409.998551045916, 0.01334584071774235)
reconstructed_params [3.30194960e+00 1.15977869e+01 2.92396743e+00 1.67164084e+01
 3.57176043e-01 1.53052540e+01 7.00158100e-01 3.09732700e+00
 2.43789424e+04 3.24935543e+00 8.49716903e+00 1.06013801e+00
 1.83376952e+01 2.18176684e+01 1.50000000e+01 7.23498300e-01
 3.01311700e+00 3.84099986e+04 1.33458407e-02]
saving params.txt: (3.3019495972375417, 11.59778693092585, 2.923967429477272, 16.716408447248952, 0.35717604307372847, 15.305254, 0.7001581, 3.097327, 24378.94238201342, 3.2493554347122147, 8.49716903260915, 1.060138006750374, 18.337695246291254, 21.817668365917932, 15.0, 0.7234983, 3.013117, 38409.998551045916, 0.01334584071774235)
saving energy.txt: [-6.98671129 -7.01291408 -7.03069402 -7.04243381 -7.0498254  -7.0540973
 -7.05615205 -7.0566551  -7.05609636 -7.0548346  -7.0531306  -7.05117189
 -7.04909156 -7.04698239 -7.04490751 -7.04101094 -7.03603749 -7.03008021
 -7.02634663 -7.02403782 -7.02260342 -7.02170382 -7.02077228 -7.02039367
 -7.02018363 -7.00466995 -7.0271693  -7.04197199 -7.05131506 -7.05678535
 -7.05952689 -7.06037077 -7.05992164 -7.05861812 -7.05677649 -7.05462274
 -7.05231636 -7.04996799 -7.04765265 -7.04541951 -7.04130884 -7.03616895
 -7.03011347 -7.02635495 -7.02403989 -7.02260392 -7.02170395 -7.02077228
 -7.02039367 -7.02018363 -7.0212727  -7.04066825 -7.05281916 -7.05995092
 -7.06360983 -7.0648875  -7.06456076 -7.06318327 -7.06114846 -7.05873392
 -7.05613334 -7.05347974 -7.05086241 -7.04833927 -7.04594591 -7.04161722
 -7.03630633 -7.0301487  -7.02636387 -7.02404212 -7.02260448 -7.02170408
 -7.02077229 -7.02039367 -7.02018363 -6.97261303 -7.00393597 -7.02494314
 -7.03873962 -7.04745051 -7.05257143 -7.05517312 -7.05602837 -7.05569614
 -7.05457979 -7.05296891 -7.05106968 -7.04902723 -7.04694211 -7.04488243
 -7.04100142 -7.03603544 -7.03008013 -7.02634665 -7.02403783 -7.02260342
 -7.02170382 -7.02077228 -7.02039367 -7.02018363]
params_e0 (3.3019495972375417, 11.59778693092585, 2.9239673859067628, 16.71640869634285, 0.35717604307372847, 15.305254, 0.7001581, 24378.94238201342, 3.2493554347122147, 8.49716903260915, 1.060138006750374, 18.337695246291254, 21.817668365917932, 15.0, 0.7234983, 38409.998551045916, 0.01334584071774235)
reconstructed_params [3.30194960e+00 1.15977869e+01 2.92396739e+00 1.67164087e+01
 3.57176043e-01 1.53052540e+01 7.00158100e-01 3.09732700e+00
 2.43789424e+04 3.24935543e+00 8.49716903e+00 1.06013801e+00
 1.83376952e+01 2.18176684e+01 1.50000000e+01 7.23498300e-01
 3.01311700e+00 3.84099986e+04 1.33458407e-02]
saving params.txt: (3.3019495972375417, 11.59778693092585, 2.9239673859067628, 16.71640869634285, 0.35717604307372847, 15.305254, 0.7001581, 3.097327, 24378.94238201342, 3.2493554347122147, 8.49716903260915, 1.060138006750374, 18.337695246291254, 21.817668365917932, 15.0, 0.7234983, 3.013117, 38409.998551045916, 0.01334584071774235)
saving energy.txt: [-6.98671129 -7.01291408 -7.03069402 -7.04243381 -7.0498254  -7.0540973
 -7.05615205 -7.0566551  -7.05609636 -7.0548346  -7.0531306  -7.05117189
 -7.04909156 -7.04698239 -7.04490751 -7.04101094 -7.03603749 -7.03008021
 -7.02634663 -7.02403782 -7.02260342 -7.02170382 -7.02077228 -7.02039367
 -7.02018363 -7.00466995 -7.0271693  -7.04197199 -7.05131506 -7.05678535
 -7.05952689 -7.06037077 -7.05992164 -7.05861812 -7.05677649 -7.05462274
 -7.05231636 -7.04996799 -7.04765265 -7.04541951 -7.04130884 -7.03616895
 -7.03011347 -7.02635495 -7.02403989 -7.02260392 -7.02170395 -7.02077228
 -7.02039367 -7.02018363 -7.02127269 -7.04066824 -7.05281916 -7.05995092
 -7.06360983 -7.0648875  -7.06456076 -7.06318327 -7.06114846 -7.05873392
 -7.05613334 -7.05347974 -7.05086241 -7.04833927 -7.04594591 -7.04161722
 -7.03630633 -7.0301487  -7.02636387 -7.02404212 -7.02260448 -7.02170408
 -7.02077229 -7.02039367 -7.02018363 -6.97261303 -7.00393597 -7.02494314
 -7.03873961 -7.04745051 -7.05257143 -7.05517312 -7.05602837 -7.05569614
 -7.05457979 -7.05296891 -7.05106968 -7.04902723 -7.04694211 -7.04488243
 -7.04100142 -7.03603544 -7.03008013 -7.02634665 -7.02403783 -7.02260342
 -7.02170382 -7.02077228 -7.02039367 -7.02018363]
params_e0 (3.3019495972375417, 11.59778693092585, 2.9239673859067628, 16.716408447248952, 0.35717605797488966, 15.305254, 0.7001581, 24378.94238201342, 3.2493554347122147, 8.49716903260915, 1.060138006750374, 18.337695246291254, 21.817668365917932, 15.0, 0.7234983, 38409.998551045916, 0.01334584071774235)
reconstructed_params [3.30194960e+00 1.15977869e+01 2.92396739e+00 1.67164084e+01
 3.57176058e-01 1.53052540e+01 7.00158100e-01 3.09732700e+00
 2.43789424e+04 3.24935543e+00 8.49716903e+00 1.06013801e+00
 1.83376952e+01 2.18176684e+01 1.50000000e+01 7.23498300e-01
 3.01311700e+00 3.84099986e+04 1.33458407e-02]
saving params.txt: (3.3019495972375417, 11.59778693092585, 2.9239673859067628, 16.716408447248952, 0.35717605797488966, 15.305254, 0.7001581, 3.097327, 24378.94238201342, 3.2493554347122147, 8.49716903260915, 1.060138006750374, 18.337695246291254, 21.817668365917932, 15.0, 0.7234983, 3.013117, 38409.998551045916, 0.01334584071774235)
saving energy.txt: [-6.98671129 -7.01291408 -7.03069402 -7.04243381 -7.0498254  -7.0540973
 -7.05615205 -7.0566551  -7.05609636 -7.0548346  -7.0531306  -7.05117189
 -7.04909156 -7.04698239 -7.04490751 -7.04101094 -7.03603749 -7.03008021
 -7.02634663 -7.02403782 -7.02260342 -7.02170382 -7.02077228 -7.02039367
 -7.02018363 -7.00466995 -7.0271693  -7.04197199 -7.05131506 -7.05678535
 -7.05952689 -7.06037077 -7.05992164 -7.05861812 -7.05677649 -7.05462274
 -7.05231636 -7.04996799 -7.04765265 -7.04541951 -7.04130884 -7.03616895
 -7.03011347 -7.02635495 -7.02403989 -7.02260392 -7.02170395 -7.02077228
 -7.02039367 -7.02018363 -7.0212727  -7.04066824 -7.05281916 -7.05995092
 -7.06360983 -7.0648875  -7.06456076 -7.06318327 -7.06114846 -7.05873392
 -7.05613334 -7.05347974 -7.05086241 -7.04833927 -7.04594591 -7.04161722
 -7.03630633 -7.0301487  -7.02636387 -7.02404212 -7.02260448 -7.02170408
 -7.02077229 -7.02039367 -7.02018363 -6.97261303 -7.00393597 -7.02494314
 -7.03873962 -7.04745051 -7.05257143 -7.05517312 -7.05602837 -7.05569614
 -7.05457979 -7.05296891 -7.05106968 -7.04902723 -7.04694211 -7.04488243
 -7.04100142 -7.03603544 -7.03008013 -7.02634665 -7.02403783 -7.02260342
 -7.02170382 -7.02077228 -7.02039367 -7.02018363]
params_e0 (3.3019495972375417, 11.59778693092585, 2.9239673859067628, 16.716408447248952, 0.35717604307372847, 15.305254228066056, 0.7001581, 24378.94238201342, 3.2493554347122147, 8.49716903260915, 1.060138006750374, 18.337695246291254, 21.817668365917932, 15.0, 0.7234983, 38409.998551045916, 0.01334584071774235)
reconstructed_params [3.30194960e+00 1.15977869e+01 2.92396739e+00 1.67164084e+01
 3.57176043e-01 1.53052542e+01 7.00158100e-01 3.09732700e+00
 2.43789424e+04 3.24935543e+00 8.49716903e+00 1.06013801e+00
 1.83376952e+01 2.18176684e+01 1.50000000e+01 7.23498300e-01
 3.01311700e+00 3.84099986e+04 1.33458407e-02]
saving params.txt: (3.3019495972375417, 11.59778693092585, 2.9239673859067628, 16.716408447248952, 0.35717604307372847, 15.305254228066056, 0.7001581, 3.097327, 24378.94238201342, 3.2493554347122147, 8.49716903260915, 1.060138006750374, 18.337695246291254, 21.817668365917932, 15.0, 0.7234983, 3.013117, 38409.998551045916, 0.01334584071774235)
saving energy.txt: [-6.98671129 -7.01291408 -7.03069402 -7.04243381 -7.0498254  -7.0540973
 -7.05615205 -7.0566551  -7.05609636 -7.0548346  -7.0531306  -7.05117189
 -7.04909156 -7.04698239 -7.04490751 -7.04101094 -7.03603749 -7.03008021
 -7.02634663 -7.02403782 -7.02260342 -7.02170382 -7.02077228 -7.02039367
 -7.02018363 -7.00466995 -7.0271693  -7.04197199 -7.05131506 -7.05678535
 -7.05952689 -7.06037077 -7.05992164 -7.05861812 -7.05677649 -7.05462274
 -7.05231636 -7.04996799 -7.04765265 -7.04541951 -7.04130884 -7.03616895
 -7.03011347 -7.02635495 -7.02403989 -7.02260392 -7.02170395 -7.02077228
 -7.02039367 -7.02018363 -7.0212727  -7.04066825 -7.05281916 -7.05995092
 -7.06360983 -7.0648875  -7.06456076 -7.06318327 -7.06114846 -7.05873392
 -7.05613334 -7.05347974 -7.05086241 -7.04833927 -7.04594591 -7.04161722
 -7.03630633 -7.0301487  -7.02636387 -7.02404212 -7.02260448 -7.02170408
 -7.02077229 -7.02039367 -7.02018363 -6.97261303 -7.00393597 -7.02494314
 -7.03873962 -7.04745051 -7.05257143 -7.05517312 -7.05602837 -7.05569614
 -7.05457979 -7.05296891 -7.05106968 -7.04902723 -7.04694211 -7.04488243
 -7.04100142 -7.03603544 -7.03008013 -7.02634665 -7.02403783 -7.02260342
 -7.02170382 -7.02077228 -7.02039367 -7.02018363]
params_e0 (3.3019495972375417, 11.59778693092585, 2.9239673859067628, 16.716408447248952, 0.35717604307372847, 15.305254, 0.7001581149011612, 24378.94238201342, 3.2493554347122147, 8.49716903260915, 1.060138006750374, 18.337695246291254, 21.817668365917932, 15.0, 0.7234983, 38409.998551045916, 0.01334584071774235)
reconstructed_params [3.30194960e+00 1.15977869e+01 2.92396739e+00 1.67164084e+01
 3.57176043e-01 1.53052540e+01 7.00158115e-01 3.09732700e+00
 2.43789424e+04 3.24935543e+00 8.49716903e+00 1.06013801e+00
 1.83376952e+01 2.18176684e+01 1.50000000e+01 7.23498300e-01
 3.01311700e+00 3.84099986e+04 1.33458407e-02]
saving params.txt: (3.3019495972375417, 11.59778693092585, 2.9239673859067628, 16.716408447248952, 0.35717604307372847, 15.305254, 0.7001581149011612, 3.097327, 24378.94238201342, 3.2493554347122147, 8.49716903260915, 1.060138006750374, 18.337695246291254, 21.817668365917932, 15.0, 0.7234983, 3.013117, 38409.998551045916, 0.01334584071774235)
saving energy.txt: [-6.98671129 -7.01291408 -7.03069402 -7.04243381 -7.0498254  -7.0540973
 -7.05615205 -7.0566551  -7.05609636 -7.0548346  -7.0531306  -7.05117189
 -7.04909156 -7.04698239 -7.04490751 -7.04101094 -7.03603749 -7.03008021
 -7.02634663 -7.02403782 -7.02260342 -7.02170382 -7.02077228 -7.02039367
 -7.02018363 -7.00466995 -7.0271693  -7.04197199 -7.05131506 -7.05678535
 -7.05952689 -7.06037077 -7.05992164 -7.05861812 -7.05677649 -7.05462274
 -7.05231636 -7.04996799 -7.04765265 -7.04541951 -7.04130884 -7.03616895
 -7.03011347 -7.02635495 -7.02403989 -7.02260392 -7.02170395 -7.02077228
 -7.02039367 -7.02018363 -7.0212727  -7.04066825 -7.05281916 -7.05995092
 -7.06360983 -7.0648875  -7.06456076 -7.06318327 -7.06114846 -7.05873392
 -7.05613334 -7.05347974 -7.05086241 -7.04833927 -7.04594591 -7.04161722
 -7.03630633 -7.0301487  -7.02636387 -7.02404212 -7.02260448 -7.02170408
 -7.02077229 -7.02039367 -7.02018363 -6.97261303 -7.00393597 -7.02494314
 -7.03873962 -7.04745051 -7.05257143 -7.05517312 -7.05602837 -7.05569614
 -7.05457979 -7.05296891 -7.05106968 -7.04902723 -7.04694211 -7.04488243
 -7.04100142 -7.03603544 -7.03008013 -7.02634665 -7.02403783 -7.02260342
 -7.02170382 -7.02077228 -7.02039367 -7.02018363]
params_e0 (3.3019495972375417, 11.59778693092585, 2.9239673859067628, 16.716408447248952, 0.35717604307372847, 15.305254, 0.7001581, 24378.94274528797, 3.2493554347122147, 8.49716903260915, 1.060138006750374, 18.337695246291254, 21.817668365917932, 15.0, 0.7234983, 38409.998551045916, 0.01334584071774235)
reconstructed_params [3.30194960e+00 1.15977869e+01 2.92396739e+00 1.67164084e+01
 3.57176043e-01 1.53052540e+01 7.00158100e-01 3.09732700e+00
 2.43789427e+04 3.24935543e+00 8.49716903e+00 1.06013801e+00
 1.83376952e+01 2.18176684e+01 1.50000000e+01 7.23498300e-01
 3.01311700e+00 3.84099986e+04 1.33458407e-02]
saving params.txt: (3.3019495972375417, 11.59778693092585, 2.9239673859067628, 16.716408447248952, 0.35717604307372847, 15.305254, 0.7001581, 3.097327, 24378.94274528797, 3.2493554347122147, 8.49716903260915, 1.060138006750374, 18.337695246291254, 21.817668365917932, 15.0, 0.7234983, 3.013117, 38409.998551045916, 0.01334584071774235)
saving energy.txt: [-6.98671129 -7.01291408 -7.03069402 -7.04243381 -7.0498254  -7.0540973
 -7.05615205 -7.0566551  -7.05609636 -7.0548346  -7.0531306  -7.05117189
 -7.04909156 -7.04698239 -7.04490751 -7.04101094 -7.03603749 -7.03008021
 -7.02634663 -7.02403782 -7.02260342 -7.02170382 -7.02077228 -7.02039367
 -7.02018363 -7.00466995 -7.0271693  -7.04197199 -7.05131506 -7.05678535
 -7.05952689 -7.06037077 -7.05992164 -7.05861812 -7.05677649 -7.05462274
 -7.05231636 -7.04996799 -7.04765265 -7.04541951 -7.04130884 -7.03616895
 -7.03011347 -7.02635495 -7.02403989 -7.02260392 -7.02170395 -7.02077228
 -7.02039367 -7.02018363 -7.0212727  -7.04066825 -7.05281916 -7.05995092
 -7.06360983 -7.06488751 -7.06456076 -7.06318327 -7.06114846 -7.05873392
 -7.05613334 -7.05347974 -7.05086241 -7.04833927 -7.04594591 -7.04161722
 -7.03630633 -7.0301487  -7.02636387 -7.02404212 -7.02260448 -7.02170408
 -7.02077229 -7.02039367 -7.02018363 -6.97261303 -7.00393597 -7.02494315
 -7.03873962 -7.04745051 -7.05257143 -7.05517312 -7.05602838 -7.05569614
 -7.05457979 -7.05296891 -7.05106968 -7.04902723 -7.04694211 -7.04488243
 -7.04100143 -7.03603544 -7.03008013 -7.02634665 -7.02403783 -7.02260342
 -7.02170382 -7.02077228 -7.02039367 -7.02018363]
params_e0 (3.3019495972375417, 11.59778693092585, 2.9239673859067628, 16.716408447248952, 0.35717604307372847, 15.305254, 0.7001581, 24378.94238201342, 3.249355483131384, 8.49716903260915, 1.060138006750374, 18.337695246291254, 21.817668365917932, 15.0, 0.7234983, 38409.998551045916, 0.01334584071774235)
reconstructed_params [3.30194960e+00 1.15977869e+01 2.92396739e+00 1.67164084e+01
 3.57176043e-01 1.53052540e+01 7.00158100e-01 3.09732700e+00
 2.43789424e+04 3.24935548e+00 8.49716903e+00 1.06013801e+00
 1.83376952e+01 2.18176684e+01 1.50000000e+01 7.23498300e-01
 3.01311700e+00 3.84099986e+04 1.33458407e-02]
saving params.txt: (3.3019495972375417, 11.59778693092585, 2.9239673859067628, 16.716408447248952, 0.35717604307372847, 15.305254, 0.7001581, 3.097327, 24378.94238201342, 3.249355483131384, 8.49716903260915, 1.060138006750374, 18.337695246291254, 21.817668365917932, 15.0, 0.7234983, 3.013117, 38409.998551045916, 0.01334584071774235)
saving energy.txt: [-6.98671127 -7.01291407 -7.03069401 -7.04243381 -7.04982539 -7.0540973
 -7.05615204 -7.0566551  -7.05609635 -7.0548346  -7.0531306  -7.05117189
 -7.04909156 -7.04698239 -7.04490751 -7.04101094 -7.03603749 -7.03008021
 -7.02634663 -7.02403782 -7.02260342 -7.02170382 -7.02077228 -7.02039367
 -7.02018363 -7.00466993 -7.02716929 -7.04197198 -7.05131506 -7.05678534
 -7.05952688 -7.06037077 -7.05992163 -7.05861811 -7.05677649 -7.05462274
 -7.05231635 -7.04996799 -7.04765265 -7.04541951 -7.04130884 -7.03616895
 -7.03011347 -7.02635495 -7.02403989 -7.02260392 -7.02170395 -7.02077228
 -7.02039367 -7.02018363 -7.02127269 -7.04066824 -7.05281915 -7.05995092
 -7.06360982 -7.0648875  -7.06456076 -7.06318327 -7.06114846 -7.05873392
 -7.05613334 -7.05347974 -7.05086241 -7.04833926 -7.04594591 -7.04161722
 -7.03630633 -7.0301487  -7.02636387 -7.02404212 -7.02260448 -7.02170408
 -7.02077229 -7.02039367 -7.02018363 -6.97261301 -7.00393596 -7.02494313
 -7.03873961 -7.0474505  -7.05257143 -7.05517311 -7.05602837 -7.05569613
 -7.05457979 -7.05296891 -7.05106968 -7.04902723 -7.0469421  -7.04488243
 -7.04100142 -7.03603544 -7.03008013 -7.02634665 -7.02403783 -7.02260342
 -7.02170382 -7.02077228 -7.02039367 -7.02018363]
params_e0 (3.3019495972375417, 11.59778693092585, 2.9239673859067628, 16.716408447248952, 0.35717604307372847, 15.305254, 0.7001581, 24378.94238201342, 3.2493554347122147, 8.497169159226836, 1.060138006750374, 18.337695246291254, 21.817668365917932, 15.0, 0.7234983, 38409.998551045916, 0.01334584071774235)
reconstructed_params [3.30194960e+00 1.15977869e+01 2.92396739e+00 1.67164084e+01
 3.57176043e-01 1.53052540e+01 7.00158100e-01 3.09732700e+00
 2.43789424e+04 3.24935543e+00 8.49716916e+00 1.06013801e+00
 1.83376952e+01 2.18176684e+01 1.50000000e+01 7.23498300e-01
 3.01311700e+00 3.84099986e+04 1.33458407e-02]
saving params.txt: (3.3019495972375417, 11.59778693092585, 2.9239673859067628, 16.716408447248952, 0.35717604307372847, 15.305254, 0.7001581, 3.097327, 24378.94238201342, 3.2493554347122147, 8.497169159226836, 1.060138006750374, 18.337695246291254, 21.817668365917932, 15.0, 0.7234983, 3.013117, 38409.998551045916, 0.01334584071774235)
saving energy.txt: [-6.98671128 -7.01291408 -7.03069402 -7.04243381 -7.0498254  -7.0540973
 -7.05615205 -7.0566551  -7.05609636 -7.0548346  -7.0531306  -7.05117189
 -7.04909156 -7.04698239 -7.04490751 -7.04101094 -7.03603749 -7.03008021
 -7.02634663 -7.02403782 -7.02260342 -7.02170382 -7.02077228 -7.02039367
 -7.02018363 -7.00466995 -7.0271693  -7.04197199 -7.05131506 -7.05678535
 -7.05952689 -7.06037077 -7.05992164 -7.05861812 -7.05677649 -7.05462274
 -7.05231636 -7.04996799 -7.04765265 -7.04541951 -7.04130884 -7.03616895
 -7.03011347 -7.02635495 -7.02403989 -7.02260392 -7.02170395 -7.02077228
 -7.02039367 -7.02018363 -7.0212727  -7.04066824 -7.05281916 -7.05995092
 -7.06360983 -7.06488751 -7.06456076 -7.06318327 -7.06114846 -7.05873392
 -7.05613334 -7.05347974 -7.05086241 -7.04833927 -7.04594591 -7.04161722
 -7.03630633 -7.0301487  -7.02636387 -7.02404212 -7.02260448 -7.02170408
 -7.02077229 -7.02039367 -7.02018363 -6.97261303 -7.00393597 -7.02494314
 -7.03873962 -7.04745051 -7.05257143 -7.05517312 -7.05602838 -7.05569614
 -7.05457979 -7.05296891 -7.05106968 -7.04902723 -7.04694211 -7.04488243
 -7.04100142 -7.03603544 -7.03008013 -7.02634665 -7.02403783 -7.02260342
 -7.02170382 -7.02077228 -7.02039367 -7.02018363]
params_e0 (3.3019495972375417, 11.59778693092585, 2.9239673859067628, 16.716408447248952, 0.35717604307372847, 15.305254, 0.7001581, 24378.94238201342, 3.2493554347122147, 8.49716903260915, 1.0601380225476613, 18.337695246291254, 21.817668365917932, 15.0, 0.7234983, 38409.998551045916, 0.01334584071774235)
reconstructed_params [3.30194960e+00 1.15977869e+01 2.92396739e+00 1.67164084e+01
 3.57176043e-01 1.53052540e+01 7.00158100e-01 3.09732700e+00
 2.43789424e+04 3.24935543e+00 8.49716903e+00 1.06013802e+00
 1.83376952e+01 2.18176684e+01 1.50000000e+01 7.23498300e-01
 3.01311700e+00 3.84099986e+04 1.33458407e-02]
saving params.txt: (3.3019495972375417, 11.59778693092585, 2.9239673859067628, 16.716408447248952, 0.35717604307372847, 15.305254, 0.7001581, 3.097327, 24378.94238201342, 3.2493554347122147, 8.49716903260915, 1.0601380225476613, 18.337695246291254, 21.817668365917932, 15.0, 0.7234983, 3.013117, 38409.998551045916, 0.01334584071774235)
saving energy.txt: [-6.98671129 -7.01291408 -7.03069402 -7.04243381 -7.0498254  -7.0540973
 -7.05615205 -7.0566551  -7.05609636 -7.0548346  -7.0531306  -7.05117189
 -7.04909156 -7.04698239 -7.04490751 -7.04101094 -7.03603749 -7.03008021
 -7.02634663 -7.02403782 -7.02260342 -7.02170382 -7.02077228 -7.02039367
 -7.02018363 -7.00466995 -7.0271693  -7.04197199 -7.05131506 -7.05678535
 -7.05952689 -7.06037077 -7.05992164 -7.05861812 -7.05677649 -7.05462274
 -7.05231636 -7.04996799 -7.04765265 -7.04541951 -7.04130884 -7.03616895
 -7.03011347 -7.02635495 -7.02403989 -7.02260392 -7.02170395 -7.02077228
 -7.02039367 -7.02018363 -7.0212727  -7.04066824 -7.05281916 -7.05995092
 -7.06360983 -7.0648875  -7.06456076 -7.06318327 -7.06114846 -7.05873392
 -7.05613334 -7.05347974 -7.05086241 -7.04833927 -7.04594591 -7.04161722
 -7.03630633 -7.0301487  -7.02636387 -7.02404212 -7.02260448 -7.02170408
 -7.02077229 -7.02039367 -7.02018363 -6.97261303 -7.00393597 -7.02494314
 -7.03873962 -7.04745051 -7.05257143 -7.05517312 -7.05602837 -7.05569614
 -7.05457979 -7.05296891 -7.05106968 -7.04902723 -7.04694211 -7.04488243
 -7.04100142 -7.03603544 -7.03008013 -7.02634665 -7.02403783 -7.02260342
 -7.02170382 -7.02077228 -7.02039367 -7.02018363]
params_e0 (3.3019495972375417, 11.59778693092585, 2.9239673859067628, 16.716408447248952, 0.35717604307372847, 15.305254, 0.7001581, 24378.94238201342, 3.2493554347122147, 8.49716903260915, 1.060138006750374, 18.33769551954421, 21.817668365917932, 15.0, 0.7234983, 38409.998551045916, 0.01334584071774235)
reconstructed_params [3.30194960e+00 1.15977869e+01 2.92396739e+00 1.67164084e+01
 3.57176043e-01 1.53052540e+01 7.00158100e-01 3.09732700e+00
 2.43789424e+04 3.24935543e+00 8.49716903e+00 1.06013801e+00
 1.83376955e+01 2.18176684e+01 1.50000000e+01 7.23498300e-01
 3.01311700e+00 3.84099986e+04 1.33458407e-02]
saving params.txt: (3.3019495972375417, 11.59778693092585, 2.9239673859067628, 16.716408447248952, 0.35717604307372847, 15.305254, 0.7001581, 3.097327, 24378.94238201342, 3.2493554347122147, 8.49716903260915, 1.060138006750374, 18.33769551954421, 21.817668365917932, 15.0, 0.7234983, 3.013117, 38409.998551045916, 0.01334584071774235)
saving energy.txt: [-6.98671129 -7.01291408 -7.03069402 -7.04243381 -7.0498254  -7.0540973
 -7.05615205 -7.0566551  -7.05609636 -7.0548346  -7.0531306  -7.05117189
 -7.04909156 -7.04698239 -7.04490751 -7.04101094 -7.03603749 -7.03008021
 -7.02634663 -7.02403782 -7.02260342 -7.02170382 -7.02077228 -7.02039367
 -7.02018363 -7.00466995 -7.0271693  -7.04197199 -7.05131506 -7.05678535
 -7.05952689 -7.06037077 -7.05992164 -7.05861812 -7.05677649 -7.05462274
 -7.05231636 -7.04996799 -7.04765265 -7.04541951 -7.04130884 -7.03616895
 -7.03011347 -7.02635495 -7.02403989 -7.02260392 -7.02170395 -7.02077228
 -7.02039367 -7.02018363 -7.02127269 -7.04066824 -7.05281916 -7.05995092
 -7.06360983 -7.0648875  -7.06456076 -7.06318327 -7.06114846 -7.05873392
 -7.05613334 -7.05347974 -7.05086241 -7.04833927 -7.04594591 -7.04161722
 -7.03630633 -7.0301487  -7.02636387 -7.02404212 -7.02260448 -7.02170408
 -7.02077229 -7.02039367 -7.02018363 -6.97261303 -7.00393597 -7.02494314
 -7.03873962 -7.04745051 -7.05257143 -7.05517312 -7.05602837 -7.05569614
 -7.05457979 -7.05296891 -7.05106968 -7.04902723 -7.04694211 -7.04488243
 -7.04100142 -7.03603544 -7.03008013 -7.02634665 -7.02403783 -7.02260342
 -7.02170382 -7.02077228 -7.02039367 -7.02018363]
params_e0 (3.3019495972375417, 11.59778693092585, 2.9239673859067628, 16.716408447248952, 0.35717604307372847, 15.305254, 0.7001581, 24378.94238201342, 3.2493554347122147, 8.49716903260915, 1.060138006750374, 18.337695246291254, 21.817668691026526, 15.0, 0.7234983, 38409.998551045916, 0.01334584071774235)
reconstructed_params [3.30194960e+00 1.15977869e+01 2.92396739e+00 1.67164084e+01
 3.57176043e-01 1.53052540e+01 7.00158100e-01 3.09732700e+00
 2.43789424e+04 3.24935543e+00 8.49716903e+00 1.06013801e+00
 1.83376952e+01 2.18176687e+01 1.50000000e+01 7.23498300e-01
 3.01311700e+00 3.84099986e+04 1.33458407e-02]
saving params.txt: (3.3019495972375417, 11.59778693092585, 2.9239673859067628, 16.716408447248952, 0.35717604307372847, 15.305254, 0.7001581, 3.097327, 24378.94238201342, 3.2493554347122147, 8.49716903260915, 1.060138006750374, 18.337695246291254, 21.817668691026526, 15.0, 0.7234983, 3.013117, 38409.998551045916, 0.01334584071774235)
saving energy.txt: [-6.98671129 -7.01291408 -7.03069402 -7.04243381 -7.0498254  -7.0540973
 -7.05615205 -7.0566551  -7.05609636 -7.0548346  -7.0531306  -7.05117189
 -7.04909156 -7.04698239 -7.04490751 -7.04101094 -7.03603749 -7.03008021
 -7.02634663 -7.02403782 -7.02260342 -7.02170382 -7.02077228 -7.02039367
 -7.02018363 -7.00466995 -7.0271693  -7.04197199 -7.05131506 -7.05678535
 -7.05952689 -7.06037077 -7.05992164 -7.05861812 -7.05677649 -7.05462274
 -7.05231636 -7.04996799 -7.04765265 -7.04541951 -7.04130884 -7.03616895
 -7.03011347 -7.02635495 -7.02403989 -7.02260392 -7.02170395 -7.02077228
 -7.02039367 -7.02018363 -7.0212727  -7.04066824 -7.05281916 -7.05995092
 -7.06360983 -7.0648875  -7.06456076 -7.06318327 -7.06114846 -7.05873392
 -7.05613334 -7.05347974 -7.05086241 -7.04833927 -7.04594591 -7.04161722
 -7.03630633 -7.0301487  -7.02636387 -7.02404212 -7.02260448 -7.02170408
 -7.02077229 -7.02039367 -7.02018363 -6.97261303 -7.00393597 -7.02494314
 -7.03873962 -7.04745051 -7.05257143 -7.05517312 -7.05602837 -7.05569614
 -7.05457979 -7.05296891 -7.05106968 -7.04902723 -7.04694211 -7.04488243
 -7.04100142 -7.03603544 -7.03008013 -7.02634665 -7.02403783 -7.02260342
 -7.02170382 -7.02077228 -7.02039367 -7.02018363]
params_e0 (3.3019495972375417, 11.59778693092585, 2.9239673859067628, 16.716408447248952, 0.35717604307372847, 15.305254, 0.7001581, 24378.94238201342, 3.2493554347122147, 8.49716903260915, 1.060138006750374, 18.337695246291254, 21.817668365917932, 15.000000223517418, 0.7234983, 38409.998551045916, 0.01334584071774235)
reconstructed_params [3.30194960e+00 1.15977869e+01 2.92396739e+00 1.67164084e+01
 3.57176043e-01 1.53052540e+01 7.00158100e-01 3.09732700e+00
 2.43789424e+04 3.24935543e+00 8.49716903e+00 1.06013801e+00
 1.83376952e+01 2.18176684e+01 1.50000002e+01 7.23498300e-01
 3.01311700e+00 3.84099986e+04 1.33458407e-02]
saving params.txt: (3.3019495972375417, 11.59778693092585, 2.9239673859067628, 16.716408447248952, 0.35717604307372847, 15.305254, 0.7001581, 3.097327, 24378.94238201342, 3.2493554347122147, 8.49716903260915, 1.060138006750374, 18.337695246291254, 21.817668365917932, 15.000000223517418, 0.7234983, 3.013117, 38409.998551045916, 0.01334584071774235)
saving energy.txt: [-6.98671129 -7.01291408 -7.03069402 -7.04243381 -7.0498254  -7.0540973
 -7.05615205 -7.0566551  -7.05609636 -7.0548346  -7.0531306  -7.05117189
 -7.04909156 -7.04698239 -7.04490751 -7.04101094 -7.03603749 -7.03008021
 -7.02634663 -7.02403782 -7.02260342 -7.02170382 -7.02077228 -7.02039367
 -7.02018363 -7.00466995 -7.0271693  -7.04197199 -7.05131506 -7.05678535
 -7.05952689 -7.06037077 -7.05992164 -7.05861812 -7.05677649 -7.05462274
 -7.05231636 -7.04996799 -7.04765265 -7.04541951 -7.04130884 -7.03616895
 -7.03011347 -7.02635495 -7.02403989 -7.02260392 -7.02170395 -7.02077228
 -7.02039367 -7.02018363 -7.0212727  -7.04066825 -7.05281916 -7.05995092
 -7.06360983 -7.0648875  -7.06456076 -7.06318327 -7.06114846 -7.05873392
 -7.05613334 -7.05347974 -7.05086241 -7.04833927 -7.04594591 -7.04161722
 -7.03630633 -7.0301487  -7.02636387 -7.02404212 -7.02260448 -7.02170408
 -7.02077229 -7.02039367 -7.02018363 -6.97261303 -7.00393597 -7.02494314
 -7.03873962 -7.04745051 -7.05257143 -7.05517312 -7.05602837 -7.05569614
 -7.05457979 -7.05296891 -7.05106968 -7.04902723 -7.04694211 -7.04488243
 -7.04100142 -7.03603544 -7.03008013 -7.02634665 -7.02403783 -7.02260342
 -7.02170382 -7.02077228 -7.02039367 -7.02018363]
params_e0 (3.3019495972375417, 11.59778693092585, 2.9239673859067628, 16.716408447248952, 0.35717604307372847, 15.305254, 0.7001581, 24378.94238201342, 3.2493554347122147, 8.49716903260915, 1.060138006750374, 18.337695246291254, 21.817668365917932, 15.0, 0.7234983149011612, 38409.998551045916, 0.01334584071774235)
reconstructed_params [3.30194960e+00 1.15977869e+01 2.92396739e+00 1.67164084e+01
 3.57176043e-01 1.53052540e+01 7.00158100e-01 3.09732700e+00
 2.43789424e+04 3.24935543e+00 8.49716903e+00 1.06013801e+00
 1.83376952e+01 2.18176684e+01 1.50000000e+01 7.23498315e-01
 3.01311700e+00 3.84099986e+04 1.33458407e-02]
saving params.txt: (3.3019495972375417, 11.59778693092585, 2.9239673859067628, 16.716408447248952, 0.35717604307372847, 15.305254, 0.7001581, 3.097327, 24378.94238201342, 3.2493554347122147, 8.49716903260915, 1.060138006750374, 18.337695246291254, 21.817668365917932, 15.0, 0.7234983149011612, 3.013117, 38409.998551045916, 0.01334584071774235)
saving energy.txt: [-6.98671129 -7.01291408 -7.03069402 -7.04243381 -7.0498254  -7.0540973
 -7.05615205 -7.0566551  -7.05609636 -7.0548346  -7.0531306  -7.05117189
 -7.04909156 -7.04698239 -7.04490751 -7.04101094 -7.03603749 -7.03008021
 -7.02634663 -7.02403782 -7.02260342 -7.02170382 -7.02077228 -7.02039367
 -7.02018363 -7.00466995 -7.0271693  -7.04197199 -7.05131506 -7.05678535
 -7.05952689 -7.06037077 -7.05992164 -7.05861812 -7.05677649 -7.05462274
 -7.05231636 -7.04996799 -7.04765265 -7.04541951 -7.04130884 -7.03616895
 -7.03011347 -7.02635495 -7.02403989 -7.02260392 -7.02170395 -7.02077228
 -7.02039367 -7.02018363 -7.0212727  -7.04066825 -7.05281916 -7.05995092
 -7.06360983 -7.0648875  -7.06456076 -7.06318327 -7.06114846 -7.05873392
 -7.05613334 -7.05347974 -7.05086241 -7.04833927 -7.04594591 -7.04161722
 -7.03630633 -7.0301487  -7.02636387 -7.02404212 -7.02260448 -7.02170408
 -7.02077229 -7.02039367 -7.02018363 -6.97261303 -7.00393597 -7.02494314
 -7.03873962 -7.04745051 -7.05257143 -7.05517312 -7.05602837 -7.05569614
 -7.05457979 -7.05296891 -7.05106968 -7.04902723 -7.04694211 -7.04488243
 -7.04100142 -7.03603544 -7.03008013 -7.02634665 -7.02403783 -7.02260342
 -7.02170382 -7.02077228 -7.02039367 -7.02018363]
params_e0 (3.3019495972375417, 11.59778693092585, 2.9239673859067628, 16.716408447248952, 0.35717604307372847, 15.305254, 0.7001581, 24378.94238201342, 3.2493554347122147, 8.49716903260915, 1.060138006750374, 18.337695246291254, 21.817668365917932, 15.0, 0.7234983, 38409.999123399495, 0.01334584071774235)
reconstructed_params [3.30194960e+00 1.15977869e+01 2.92396739e+00 1.67164084e+01
 3.57176043e-01 1.53052540e+01 7.00158100e-01 3.09732700e+00
 2.43789424e+04 3.24935543e+00 8.49716903e+00 1.06013801e+00
 1.83376952e+01 2.18176684e+01 1.50000000e+01 7.23498300e-01
 3.01311700e+00 3.84099991e+04 1.33458407e-02]
saving params.txt: (3.3019495972375417, 11.59778693092585, 2.9239673859067628, 16.716408447248952, 0.35717604307372847, 15.305254, 0.7001581, 3.097327, 24378.94238201342, 3.2493554347122147, 8.49716903260915, 1.060138006750374, 18.337695246291254, 21.817668365917932, 15.0, 0.7234983, 3.013117, 38409.999123399495, 0.01334584071774235)
saving energy.txt: [-6.98671129 -7.01291409 -7.03069402 -7.04243381 -7.0498254  -7.0540973
 -7.05615205 -7.05665511 -7.05609636 -7.0548346  -7.0531306  -7.05117189
 -7.04909156 -7.04698239 -7.04490751 -7.04101094 -7.03603749 -7.03008021
 -7.02634663 -7.02403782 -7.02260342 -7.02170382 -7.02077228 -7.02039367
 -7.02018363 -7.00466995 -7.0271693  -7.04197199 -7.05131506 -7.05678535
 -7.05952689 -7.06037077 -7.05992164 -7.05861812 -7.05677649 -7.05462274
 -7.05231636 -7.04996799 -7.04765265 -7.04541951 -7.04130884 -7.03616895
 -7.03011347 -7.02635495 -7.02403989 -7.02260392 -7.02170395 -7.02077228
 -7.02039367 -7.02018363 -7.0212727  -7.04066825 -7.05281916 -7.05995092
 -7.06360983 -7.06488751 -7.06456076 -7.06318327 -7.06114846 -7.05873392
 -7.05613334 -7.05347974 -7.05086241 -7.04833927 -7.04594591 -7.04161722
 -7.03630633 -7.0301487  -7.02636387 -7.02404212 -7.02260448 -7.02170408
 -7.02077229 -7.02039367 -7.02018363 -6.97261303 -7.00393597 -7.02494315
 -7.03873962 -7.04745051 -7.05257143 -7.05517312 -7.05602838 -7.05569614
 -7.05457979 -7.05296891 -7.05106968 -7.04902723 -7.04694211 -7.04488243
 -7.04100143 -7.03603544 -7.03008013 -7.02634665 -7.02403783 -7.02260342
 -7.02170382 -7.02077228 -7.02039367 -7.02018363]
params_e0 (3.3019495972375417, 11.59778693092585, 2.9239673859067628, 16.716408447248952, 0.35717604307372847, 15.305254, 0.7001581, 24378.94238201342, 3.2493554347122147, 8.49716903260915, 1.060138006750374, 18.337695246291254, 21.817668365917932, 15.0, 0.7234983, 38409.998551045916, 0.013345855618903543)
reconstructed_params [3.30194960e+00 1.15977869e+01 2.92396739e+00 1.67164084e+01
 3.57176043e-01 1.53052540e+01 7.00158100e-01 3.09732700e+00
 2.43789424e+04 3.24935543e+00 8.49716903e+00 1.06013801e+00
 1.83376952e+01 2.18176684e+01 1.50000000e+01 7.23498300e-01
 3.01311700e+00 3.84099986e+04 1.33458556e-02]
saving params.txt: (3.3019495972375417, 11.59778693092585, 2.9239673859067628, 16.716408447248952, 0.35717604307372847, 15.305254, 0.7001581, 3.097327, 24378.94238201342, 3.2493554347122147, 8.49716903260915, 1.060138006750374, 18.337695246291254, 21.817668365917932, 15.0, 0.7234983, 3.013117, 38409.998551045916, 0.013345855618903543)
saving energy.txt: [-6.98671127 -7.01291407 -7.030694   -7.0424338  -7.04982538 -7.05409729
 -7.05615203 -7.05665509 -7.05609634 -7.05483459 -7.05313058 -7.05117187
 -7.04909155 -7.04698238 -7.0449075  -7.04101093 -7.03603748 -7.03008019
 -7.02634661 -7.02403781 -7.0226034  -7.02170381 -7.02077226 -7.02039365
 -7.02018362 -7.00466993 -7.02716928 -7.04197198 -7.05131505 -7.05678533
 -7.05952687 -7.06037076 -7.05992162 -7.0586181  -7.05677647 -7.05462273
 -7.05231634 -7.04996797 -7.04765264 -7.0454195  -7.04130882 -7.03616894
 -7.03011345 -7.02635494 -7.02403987 -7.02260391 -7.02170393 -7.02077227
 -7.02039365 -7.02018362 -7.02127268 -7.04066823 -7.05281914 -7.05995091
 -7.06360981 -7.06488749 -7.06456074 -7.06318325 -7.06114845 -7.0587339
 -7.05613332 -7.05347973 -7.0508624  -7.04833925 -7.0459459  -7.04161721
 -7.03630632 -7.03014869 -7.02636386 -7.0240421  -7.02260446 -7.02170406
 -7.02077228 -7.02039365 -7.02018362 -6.97261302 -7.00393596 -7.02494313
 -7.0387396  -7.04745049 -7.05257142 -7.0551731  -7.05602836 -7.05569612
 -7.05457977 -7.05296889 -7.05106967 -7.04902722 -7.04694209 -7.04488241
 -7.04100141 -7.03603543 -7.03008011 -7.02634663 -7.02403782 -7.0226034
 -7.02170381 -7.02077226 -7.02039365 -7.02018362]
params_e0 (3.297573529874685, 14.69429583480497, 2.925806802727549, 16.6938591612032, 0.35659040686217575, 15.288611491373908, 0.7289865218257445, 57098.67002077481, 3.253829277323944, 4.645551906342393, 1.0582193836019627, 18.32762592594098, 21.980554360010707, 14.97632571457478, 0.7474849298602791, 6801.75504957834, 0.008105096953044604)
reconstructed_params [3.29757353e+00 1.46942958e+01 2.92580680e+00 1.66938592e+01
 3.56590407e-01 1.52886115e+01 7.28986522e-01 3.09732700e+00
 5.70986700e+04 3.25382928e+00 4.64555191e+00 1.05821938e+00
 1.83276259e+01 2.19805544e+01 1.49763257e+01 7.47484930e-01
 3.01311700e+00 6.80175505e+03 8.10509695e-03]
saving params.txt: (3.297573529874685, 14.69429583480497, 2.925806802727549, 16.6938591612032, 0.35659040686217575, 15.288611491373908, 0.7289865218257445, 3.097327, 57098.67002077481, 3.253829277323944, 4.645551906342393, 1.0582193836019627, 18.32762592594098, 21.980554360010707, 14.97632571457478, 0.7474849298602791, 3.013117, 6801.75504957834, 0.008105096953044604)
saving energy.txt: [-7.00559547 -7.0276799  -7.04053316 -7.04749687 -7.05076266 -7.05176032
 -7.05141487 -7.05031749 -7.04883954 -7.04720885 -7.04556043 -7.04397017
 -7.04247701 -7.04109733 -7.03983428 -7.03763749 -7.03503098 -7.03196303
 -7.02989729 -7.0284653  -7.02746741 -7.02677667 -7.02598449 -7.02563138
 -7.0254247  -6.99311058 -7.02291095 -7.03994127 -7.04905748 -7.05332617
 -7.05468448 -7.05435173 -7.05308903 -7.05136474 -7.04946088 -7.04754167
 -7.04569774 -7.0439745  -7.04239024 -7.04094756 -7.03845884 -7.03554818
 -7.03220045 -7.03000546 -7.02851416 -7.02748923 -7.0267863  -7.02598629
 -7.02563169 -7.0254247  -6.98268703 -7.01978239 -7.04059422 -7.05154731
 -7.05658716 -7.05814214 -7.05770709 -7.05619757 -7.0541678  -7.05194645
 -7.04972206 -7.04759686 -7.04562076 -7.04381267 -7.04217385 -7.03936638
 -7.03612252 -7.03246604 -7.03012717 -7.02856936 -7.02751398 -7.02679726
 -7.02598834 -7.02563205 -7.02542471 -6.9630184  -7.00296449 -7.02615775
 -7.03913481 -7.04590956 -7.04895703 -7.04980743 -7.04940522 -7.04832908
 -7.04692873 -7.04541092 -7.04389362 -7.04244039 -7.04108195 -7.03982971
 -7.03764015 -7.03503367 -7.03196378 -7.02989744 -7.02846533 -7.02746741
 -7.02677667 -7.0259845  -7.02563138 -7.0254247 ]
params_e0 (3.296272908705593, 14.453027878260684, 2.926880231258709, 16.68717246606034, 0.3564069371274822, 15.28371903365313, 0.7374603667094674, 33158.95882588237, 3.2560143866795856, 4.826486496325207, 1.0574809895751378, 18.325093543278218, 22.05176081106074, 14.96932781069493, 0.754503599909675, 31180.534998096526, 0.00858355671138917)
reconstructed_params [3.29627291e+00 1.44530279e+01 2.92688023e+00 1.66871725e+01
 3.56406937e-01 1.52837190e+01 7.37460367e-01 3.09732700e+00
 3.31589588e+04 3.25601439e+00 4.82648650e+00 1.05748099e+00
 1.83250935e+01 2.20517608e+01 1.49693278e+01 7.54503600e-01
 3.01311700e+00 3.11805350e+04 8.58355671e-03]
saving params.txt: (3.296272908705593, 14.453027878260684, 2.926880231258709, 16.68717246606034, 0.3564069371274822, 15.28371903365313, 0.7374603667094674, 3.097327, 33158.95882588237, 3.2560143866795856, 4.826486496325207, 1.0574809895751378, 18.325093543278218, 22.05176081106074, 14.96932781069493, 0.754503599909675, 3.013117, 31180.534998096526, 0.00858355671138917)
saving energy.txt: [-7.00926781 -7.0305025  -7.04269906 -7.0492202  -7.05221235 -7.0530483
 -7.05260614 -7.05144457 -7.04991492 -7.04823386 -7.04653105 -7.04488057
 -7.04332143 -7.0418711  -7.0405342  -7.03818598 -7.03536073 -7.03199244
 -7.02972005 -7.02815821 -7.0270834  -7.02634902 -7.02552001 -7.02515664
 -7.02494649 -6.99783499 -7.02593325 -7.04199787 -7.05058923 -7.05458657
 -7.05581086 -7.05541181 -7.05411067 -7.05235435 -7.05041445 -7.04845108
 -7.04655423 -7.04477036 -7.04311955 -7.04160632 -7.03897158 -7.03584913
 -7.03221114 -7.02981707 -7.02820084 -7.02710193 -7.02635697 -7.02552142
 -7.02515687 -7.02494649 -6.98827282 -7.02286856 -7.04245253 -7.05282935
 -7.05761918 -7.05907941 -7.05861554 -7.0570977  -7.05505835 -7.05281712
 -7.05056009 -7.04839025 -7.04635965 -7.04448976 -7.04278429 -7.03983727
 -7.03638997 -7.03245512 -7.02992594 -7.02824891 -7.0271229  -7.026366
 -7.02552302 -7.02515713 -7.0249465  -6.96852329 -7.00633865 -7.02834493
 -7.04068757 -7.04714363 -7.05004333 -7.05083048 -7.05040006 -7.04930411
 -7.04787934 -7.04632725 -7.04476484 -7.04325678 -7.04183578 -7.04051551
 -7.03818161 -7.03536098 -7.03199277 -7.02972013 -7.02815823 -7.02708341
 -7.02634902 -7.02552001 -7.02515664 -7.02494649]
params_e0 (3.2957749305924913, 14.388248712989709, 2.9270030994819245, 16.684603616875457, 0.35634168412094175, 15.282433272570191, 0.7397088049823559, 27032.387879684302, 3.256435533151312, 4.879914905246371, 1.057245705062835, 18.323639854397424, 22.068842077298584, 14.967532256384626, 0.7563231007667609, 37388.32249456924, 0.008701278518829021)
reconstructed_params [3.29577493e+00 1.43882487e+01 2.92700310e+00 1.66846036e+01
 3.56341684e-01 1.52824333e+01 7.39708805e-01 3.09732700e+00
 2.70323879e+04 3.25643553e+00 4.87991491e+00 1.05724571e+00
 1.83236399e+01 2.20688421e+01 1.49675323e+01 7.56323101e-01
 3.01311700e+00 3.73883225e+04 8.70127852e-03]
saving params.txt: (3.2957749305924913, 14.388248712989709, 2.9270030994819245, 16.684603616875457, 0.35634168412094175, 15.282433272570191, 0.7397088049823559, 3.097327, 27032.387879684302, 3.256435533151312, 4.879914905246371, 1.057245705062835, 18.323639854397424, 22.068842077298584, 14.967532256384626, 0.7563231007667609, 3.013117, 37388.32249456924, 0.008701278518829021)
saving energy.txt: [-7.01008669 -7.03115649 -7.04321638 -7.04964358 -7.05257843 -7.05338191
 -7.0529214  -7.05174799 -7.05020825 -7.04851629 -7.04680064 -7.04513507
 -7.04355882 -7.04208976 -7.04073301 -7.03834364 -7.03545855 -7.03200826
 -7.02968012 -7.02808384 -7.02698904 -7.02624355 -7.02540548 -7.02503972
 -7.02482882 -6.99904055 -7.02670296 -7.04252309 -7.05098396 -7.05491597
 -7.05610983 -7.05569714 -7.05438878 -7.05262615 -7.0506782  -7.04870409
 -7.04679372 -7.04499394 -7.04332537 -7.04179314 -7.03911875 -7.03593853
 -7.03222159 -7.02977401 -7.02812477 -7.02700668 -7.02625106 -7.02540678
 -7.02503993 -7.02482882 -6.98981355 -7.02371608 -7.04296015 -7.0531784
 -7.05790022 -7.05933539 -7.05886465 -7.05734553 -7.05530449 -7.05305864
 -7.05079338 -7.0486119  -7.04656684 -7.0446804  -7.04295698 -7.03997215
 -7.03646959 -7.03245939 -7.02987929 -7.02817088 -7.02702663 -7.02625958
 -7.02540827 -7.02504017 -7.02482883 -6.9699165  -7.00718774 -7.02889543
 -7.04108194 -7.04746252 -7.05032981 -7.05110527 -7.05067113 -7.04957264
 -7.04814325 -7.04658325 -7.0450095  -7.0434871  -7.0420494  -7.04071074
 -7.03833749 -7.03545817 -7.03200848 -7.02968018 -7.02808386 -7.02698904
 -7.02624355 -7.02540548 -7.02503972 -7.02482882]
params_e0 (3.2920836733061773, 14.301741805689076, 2.9238073848543413, 16.66543853350022, 0.3559291649511413, 15.281274844860032, 0.7421804052930538, 24946.96899962997, 3.2536355896816698, 5.049686863865734, 1.056177678205277, 18.30596493434505, 22.050335692756754, 14.9668183326812, 0.7574425264662185, 38837.333369648724, 0.008640192292159593)
reconstructed_params [3.29208367e+00 1.43017418e+01 2.92380738e+00 1.66654385e+01
 3.55929165e-01 1.52812748e+01 7.42180405e-01 3.09732700e+00
 2.49469690e+04 3.25363559e+00 5.04968686e+00 1.05617768e+00
 1.83059649e+01 2.20503357e+01 1.49668183e+01 7.57442526e-01
 3.01311700e+00 3.88373334e+04 8.64019229e-03]
saving params.txt: (3.2920836733061773, 14.301741805689076, 2.9238073848543413, 16.66543853350022, 0.3559291649511413, 15.281274844860032, 0.7421804052930538, 3.097327, 24946.96899962997, 3.2536355896816698, 5.049686863865734, 1.056177678205277, 18.30596493434505, 22.050335692756754, 14.9668183326812, 0.7574425264662185, 3.013117, 38837.333369648724, 0.008640192292159593)
saving energy.txt: [-7.01045173 -7.03138984 -7.04345618 -7.04996248 -7.05300584 -7.05392026
 -7.05355785 -7.0524624  -7.05097824 -7.0493202  -7.04761912 -7.04595177
 -7.04436053 -7.04286628 -7.04147681 -7.03900823 -7.03599362 -7.0323544
 -7.02989672 -7.02822294 -7.02708585 -7.02631907 -7.02546708 -7.02509973
 -7.02488966 -7.00061626 -7.02768095 -7.04322385 -7.05158738 -7.05551555
 -7.05674723 -7.05638425 -7.05512148 -7.05339273 -7.05146427 -7.04949536
 -7.04757743 -7.04575943 -7.04406427 -7.04249921 -7.03974787 -7.03644439
 -7.03254943 -7.02998027 -7.02825838 -7.02710073 -7.02632523 -7.0254681
 -7.02509988 -7.02488966 -6.99248118 -7.02534957 -7.04405715 -7.05401894
 -7.05863629 -7.06004409 -7.05958007 -7.05807794 -7.05605179 -7.05381304
 -7.05154521 -7.04935167 -7.04728626 -7.04537277 -7.04361726 -7.04055921
 -7.03694138 -7.03276614 -7.03007368 -7.02829821 -7.0271175  -7.02633221
 -7.02546925 -7.02510006 -7.02488966 -6.9716977  -7.00821181 -7.02957506
 -7.04164338 -7.04802183 -7.05093845 -7.05177808 -7.05140352 -7.05035087
 -7.04895041 -7.04740255 -7.04582594 -7.04428815 -7.04282518 -7.04145386
 -7.03900163 -7.03599306 -7.03235459 -7.02989678 -7.02822295 -7.02708586
 -7.02631907 -7.02546708 -7.02509973 -7.02488966]
params_e0 (3.2880681354103936, 14.224286010401872, 2.9201569230696873, 16.64458457087483, 0.3554834218957262, 15.280369300654383, 0.7442679366378128, 24513.46140696958, 3.250338755523582, 5.224820397057856, 1.0550444685537046, 18.28644491550913, 22.024054326179115, 14.96657535633639, 0.7581363965255213, 38526.048311361774, 0.0085342275151978)
reconstructed_params [3.28806814e+00 1.42242860e+01 2.92015692e+00 1.66445846e+01
 3.55483422e-01 1.52803693e+01 7.44267937e-01 3.09732700e+00
 2.45134614e+04 3.25033876e+00 5.22482040e+00 1.05504447e+00
 1.82864449e+01 2.20240543e+01 1.49665754e+01 7.58136397e-01
 3.01311700e+00 3.85260483e+04 8.53422752e-03]
saving params.txt: (3.2880681354103936, 14.224286010401872, 2.9201569230696873, 16.64458457087483, 0.3554834218957262, 15.280369300654383, 0.7442679366378128, 3.097327, 24513.46140696958, 3.250338755523582, 5.224820397057856, 1.0550444685537046, 18.28644491550913, 22.024054326179115, 14.96657535633639, 0.7581363965255213, 3.013117, 38526.048311361774, 0.0085342275151978)
saving energy.txt: [-7.01045641 -7.03133462 -7.04347355 -7.05011129 -7.05330141 -7.05435352
 -7.05410757 -7.0531026  -7.05168268 -7.05006475 -7.04838291 -7.04671758
 -7.04511469 -7.04359839 -7.04217928 -7.03963792 -7.03650424 -7.03269422
 -7.03012321 -7.02838445 -7.02721383 -7.0264314  -7.025571   -7.02520386
 -7.02499532 -7.0018495  -7.02842104 -7.04375379 -7.05206265 -7.05601394
 -7.05730053 -7.05699823 -7.05578832 -7.05409852 -7.05219342 -7.05023296
 -7.04831043 -7.04647714 -7.04475837 -7.0431636  -7.04034201 -7.03692616
 -7.03287171 -7.03019714 -7.02841494 -7.02722627 -7.02643642 -7.02557178
 -7.02520398 -7.02499532 -6.99482174 -7.02679363 -7.0450326  -7.05477099
 -7.05929984 -7.06068798 -7.06023459 -7.05875174 -7.05674223 -7.05451233
 -7.05224391 -7.05004061 -7.04795748 -7.04601988 -7.04423549 -7.04111128
 -7.03738964 -7.03306828 -7.03027955 -7.02844911 -7.02724027 -7.02644208
 -7.02557266 -7.0252041  -7.02499532 -6.97306493 -7.00895667 -7.03006114
 -7.04206546 -7.04847578 -7.05146291 -7.05237992 -7.05207328 -7.05107191
 -7.04970418 -7.04817139 -7.04659446 -7.04504374 -7.04355801 -7.04215669
 -7.03963138 -7.03650366 -7.0326944  -7.03012327 -7.02838446 -7.02721383
 -7.02643141 -7.025571   -7.02520386 -7.02499532]
params_e0 (3.2870551169689954, 14.20479407777066, 2.919235142485397, 16.63932373445774, 0.35537099066589584, 15.280142071953838, 0.7447929556534582, 24412.221385493634, 3.2495058067339326, 5.268992972338342, 1.0547587378355583, 18.281519127208686, 22.017393057652157, 14.966516389461335, 0.7583096408520037, 38439.13726151675, 0.008507356343698109)
reconstructed_params [3.28705512e+00 1.42047941e+01 2.91923514e+00 1.66393237e+01
 3.55370991e-01 1.52801421e+01 7.44792956e-01 3.09732700e+00
 2.44122214e+04 3.24950581e+00 5.26899297e+00 1.05475874e+00
 1.82815191e+01 2.20173931e+01 1.49665164e+01 7.58309641e-01
 3.01311700e+00 3.84391373e+04 8.50735634e-03]
saving params.txt: (3.2870551169689954, 14.20479407777066, 2.919235142485397, 16.63932373445774, 0.35537099066589584, 15.280142071953838, 0.7447929556534582, 3.097327, 24412.221385493634, 3.2495058067339326, 5.268992972338342, 1.0547587378355583, 18.281519127208686, 22.017393057652157, 14.966516389461335, 0.7583096408520037, 3.013117, 38439.13726151675, 0.008507356343698109)
saving energy.txt: [-7.01043052 -7.03130076 -7.04346233 -7.05013566 -7.05336401 -7.05445133
 -7.05423479 -7.05325248 -7.05184851 -7.05024046 -7.0485633  -7.04689838
 -7.04529257 -7.04377082 -7.04234446 -7.03978541 -7.03662315 -7.03277285
 -7.03017577 -7.02842247 -7.02724462 -7.026459   -7.02559713 -7.02523022
 -7.02502211 -7.00213151 -7.02858682 -7.04387129 -7.05216893 -7.05612732
 -7.05742826 -7.05714134 -7.05594464 -7.05426447 -7.05236509 -7.05040664
 -7.04848294 -7.04664587 -7.04492131 -7.04331931 -7.04048074 -7.03703805
 -7.03294615 -7.03024744 -7.02845183 -7.02725651 -7.02646376 -7.02559786
 -7.02523032 -7.02502211 -6.99538056 -7.02713558 -7.04526159 -7.05494643
 -7.05945433 -7.0608381  -7.06038753 -7.0589095  -7.05690408 -7.05467632
 -7.05240772 -7.05020202 -7.04811456 -7.04617111 -7.04437976 -7.04123967
 -7.03749338 -7.03313792 -7.03032727 -7.0284847  -7.02726988 -7.02646912
 -7.02559868 -7.02523044 -7.02502211 -6.97337377 -7.00911968 -7.03016545
 -7.04215731 -7.04857757 -7.05158332 -7.05252009 -7.05223052 -7.05124189
 -7.0498822  -7.04835304 -7.04677595 -7.04522198 -7.04373063 -7.04232195
 -7.03977888 -7.03662256 -7.03277303 -7.03017582 -7.02842248 -7.02724462
 -7.026459   -7.02559713 -7.02523022 -7.02502211]
params_e0 (3.2867980338325435, 14.199734687999166, 2.9190007903644153, 16.637989139974657, 0.355342480756125, 15.28008289512805, 0.744930744637756, 24386.686023613027, 3.249293817346898, 5.280350543457082, 1.0546863279484087, 18.280268639886344, 22.015684542512794, 14.966501348261254, 0.7583558232996829, 38416.80078222689, 0.00850069477474726)
reconstructed_params [3.28679803e+00 1.41997347e+01 2.91900079e+00 1.66379891e+01
 3.55342481e-01 1.52800829e+01 7.44930745e-01 3.09732700e+00
 2.43866860e+04 3.24929382e+00 5.28035054e+00 1.05468633e+00
 1.82802686e+01 2.20156845e+01 1.49665013e+01 7.58355823e-01
 3.01311700e+00 3.84168008e+04 8.50069477e-03]
saving params.txt: (3.2867980338325435, 14.199734687999166, 2.9190007903644153, 16.637989139974657, 0.355342480756125, 15.28008289512805, 0.744930744637756, 3.097327, 24386.686023613027, 3.249293817346898, 5.280350543457082, 1.0546863279484087, 18.280268639886344, 22.015684542512794, 14.966501348261254, 0.7583558232996829, 3.013117, 38416.80078222689, 0.00850069477474726)
saving energy.txt: [-7.01042183 -7.03129062 -7.04345836 -7.05014105 -7.05337934 -7.05447576
 -7.05426679 -7.05329029 -7.0518904  -7.05028486 -7.04860887 -7.04694405
 -7.04533747 -7.04381431 -7.04238609 -7.03982251 -7.03665296 -7.03279245
 -7.03018879 -7.02843186 -7.02725221 -7.0264658  -7.02560359 -7.02523675
 -7.02502875 -7.00220196 -7.02862798 -7.0439004  -7.05219536 -7.05615568
 -7.05746036 -7.0571774  -7.05598408 -7.05430637 -7.05240844 -7.05045049
 -7.04852647 -7.04668842 -7.04496237 -7.04335851 -7.0405156  -7.03706607
 -7.03296469 -7.03025989 -7.02846093 -7.02726396 -7.0264705  -7.02560431
 -7.02523685 -7.02502875 -6.99552211 -7.02722199 -7.04531932 -7.05499061
 -7.05949323 -7.06087592 -7.0604261  -7.0589493  -7.05694491 -7.05471769
 -7.05244904 -7.0502427  -7.04815413 -7.04620917 -7.04441603 -7.04127189
 -7.03751933 -7.03315524 -7.03033907 -7.02849347 -7.02727718 -7.0264758
 -7.02560512 -7.02523697 -7.02502875 -6.97345064 -7.00915986 -7.03019101
 -7.04217995 -7.04860291 -7.05161352 -7.0525554  -7.0522702  -7.05128483
 -7.04992718 -7.04839894 -7.04682179 -7.04526697 -7.04377417 -7.0423636
 -7.03981599 -7.03665237 -7.03279262 -7.03018884 -7.02843187 -7.02725221
 -7.0264658  -7.02560359 -7.02523675 -7.02502875]
params_e0 (3.2920971289100796, 13.319299612076351, 2.9203749930642955, 16.669763052662496, 0.35612334703464443, 15.276188078906634, 0.7815892450220701, 24378.94249978395, 3.2487397092973036, 6.322207389399862, 1.0570425579668705, 18.30280972968288, 21.902234191596097, 14.970888472746214, 0.7766909874328348, 38409.99861484649, 0.01003369397002914)
reconstructed_params [3.29209713e+00 1.33192996e+01 2.92037499e+00 1.66697631e+01
 3.56123347e-01 1.52761881e+01 7.81589245e-01 3.09732700e+00
 2.43789425e+04 3.24873971e+00 6.32220739e+00 1.05704256e+00
 1.83028097e+01 2.19022342e+01 1.49708885e+01 7.76690987e-01
 3.01311700e+00 3.84099986e+04 1.00336940e-02]
saving params.txt: (3.2920971289100796, 13.319299612076351, 2.9203749930642955, 16.669763052662496, 0.35612334703464443, 15.276188078906634, 0.7815892450220701, 3.097327, 24378.94249978395, 3.2487397092973036, 6.322207389399862, 1.0570425579668705, 18.30280972968288, 21.902234191596097, 14.970888472746214, 0.7766909874328348, 3.013117, 38409.99861484649, 0.01003369397002914)
saving energy.txt: [-7.00390338 -7.02665553 -7.04061946 -7.04888797 -7.05344795 -7.0555849
 -7.05614393 -7.05568863 -7.05459816 -7.05312832 -7.05145133 -7.04968226
 -7.04789702 -7.0461447  -7.04445604 -7.04133423 -7.03736361 -7.03248936
 -7.02928103 -7.02720032 -7.02585861 -7.02499499 -7.02408181 -7.02370552
 -7.02349578 -7.00348746 -7.02900704 -7.04426186 -7.05295885 -7.05746415
 -7.05929728 -7.05944388 -7.05854848 -7.05703413 -7.05517815 -7.05316116
 -7.05109934 -7.04906588 -7.04710536 -7.04524344 -7.04186016 -7.0376481
 -7.0325902  -7.0293164  -7.02721261 -7.02586284 -7.02499642 -7.02408196
 -7.02370554 -7.02349578 -7.00399612 -7.0320837  -7.0484999  -7.05750672
 -7.0618554  -7.06330427 -7.06297771 -7.06159684 -7.05962437 -7.05735581
 -7.05497791 -7.05260641 -7.05031074 -7.04813031 -7.04608521 -7.04242486
 -7.03795561 -7.03270031 -7.02935534 -7.02722623 -7.02586754 -7.02499803
 -7.02408214 -7.02370556 -7.02349578 -6.97399702 -7.00860778 -7.02972332
 -7.04228931 -7.04943967 -7.05314563 -7.05465891 -7.05478545 -7.05405005
 -7.0527968  -7.0512517  -7.04956273 -7.04782596 -7.04610284 -7.04443165
 -7.04132635 -7.03736249 -7.03248946 -7.02928107 -7.02720034 -7.02585861
 -7.02499499 -7.02408181 -7.02370552 -7.02349578]
params_e0 (3.3002300117224377, 11.96996689887912, 2.9226069203128855, 16.717198102884733, 0.3572933590470749, 15.295066745164712, 0.8197677885669936, 24378.94228507149, 3.248178606554896, 7.934990061800916, 1.060777399806077, 18.33888679416402, 21.736216908826915, 14.991570576303763, 0.7913133871828187, 38409.99845563419, 0.012430464622414325)
reconstructed_params [3.30023001e+00 1.19699669e+01 2.92260692e+00 1.67171981e+01
 3.57293359e-01 1.52950667e+01 8.19767789e-01 3.09732700e+00
 2.43789423e+04 3.24817861e+00 7.93499006e+00 1.06077740e+00
 1.83388868e+01 2.17362169e+01 1.49915706e+01 7.91313387e-01
 3.01311700e+00 3.84099985e+04 1.24304646e-02]
saving params.txt: (3.3002300117224377, 11.96996689887912, 2.9226069203128855, 16.717198102884733, 0.3572933590470749, 15.295066745164712, 0.8197677885669936, 3.097327, 24378.94228507149, 3.248178606554896, 7.934990061800916, 1.060777399806077, 18.33888679416402, 21.736216908826915, 14.991570576303763, 0.7913133871828187, 3.013117, 38409.99845563419, 0.012430464622414325)
saving energy.txt: [-6.986013   -7.01418776 -7.03239018 -7.04389075 -7.0508562  -7.05472538
 -7.05647344 -7.05677604 -7.0561089  -7.05480989 -7.05311945 -7.05120802
 -7.04919536 -7.04716435 -7.04517114 -7.0414311  -7.03664685 -7.03087385
 -7.02721804 -7.02493834 -7.02351402 -7.02261772 -7.02168753 -7.02130904
 -7.02109901 -6.9979401  -7.02456154 -7.04121504 -7.05125122 -7.05689559
 -7.05961748 -7.06039729 -7.05989956 -7.05858085 -7.05675727 -7.05464804
 -7.05240441 -7.05012955 -7.0478924  -7.04573762 -7.04177278 -7.0368058
 -7.03091772 -7.02723001 -7.02494157 -7.02351488 -7.02261795 -7.02168754
 -7.02130904 -7.02109901 -7.00982148 -7.03474159 -7.04992041 -7.05857567
 -7.06294957 -7.06454873 -7.06437003 -7.06307409 -7.06110205 -7.05875021
 -7.05621762 -7.05363693 -7.05109507 -7.04864729 -7.04632686 -7.04213036
 -7.03697359 -7.03096461 -7.02724295 -7.0249451  -7.02351583 -7.02261821
 -7.02168756 -7.02130904 -7.02109901 -6.96432554 -7.00082093 -7.02425897
 -7.03894978 -7.04783657 -7.05286596 -7.05532093 -7.05605846 -7.05566104
 -7.05453023 -7.05294499 -7.05109945 -7.04912803 -7.0471228  -7.04514564
 -7.04142174 -7.03664496 -7.03087381 -7.02721807 -7.02493835 -7.02351402
 -7.02261773 -7.02168753 -7.02130904 -7.02109901]
params_e0 (3.301814105922251, 11.651301458376276, 2.923373205245195, 16.722888074423295, 0.3574491659571527, 15.303200256831458, 0.7753534764144776, 24378.94235865251, 3.2485303092722364, 8.367247735578365, 1.0618858426834488, 18.348777535111303, 21.729677944654448, 14.998372123734354, 0.7607895640782688, 38409.99852820592, 0.013108095594250836)
reconstructed_params [3.30181411e+00 1.16513015e+01 2.92337321e+00 1.67228881e+01
 3.57449166e-01 1.53032003e+01 7.75353476e-01 3.09732700e+00
 2.43789424e+04 3.24853031e+00 8.36724774e+00 1.06188584e+00
 1.83487775e+01 2.17296779e+01 1.49983721e+01 7.60789564e-01
 3.01311700e+00 3.84099985e+04 1.31080956e-02]
saving params.txt: (3.301814105922251, 11.651301458376276, 2.923373205245195, 16.722888074423295, 0.3574491659571527, 15.303200256831458, 0.7753534764144776, 3.097327, 24378.94235865251, 3.2485303092722364, 8.367247735578365, 1.0618858426834488, 18.348777535111303, 21.729677944654448, 14.998372123734354, 0.7607895640782688, 3.013117, 38409.99852820592, 0.013108095594250836)
saving energy.txt: [-6.98569331 -7.01295791 -7.03105987 -7.04281483 -7.05012282 -7.0542996
 -7.05627822 -7.05673061 -7.05614402 -7.05487208 -7.05317033 -7.05122197
 -7.04915673 -7.047065   -7.04500824 -7.04114599 -7.03621314 -7.03029413
 -7.02657607 -7.02427286 -7.02284032 -7.02194132 -7.02101    -7.02063141
 -7.02042138 -7.00191798 -7.0261381  -7.0416655  -7.05127465 -7.05681978
 -7.05956722 -7.06039976 -7.05994148 -7.05863654 -7.05680127 -7.05465986
 -7.05236967 -7.05003953 -7.04774304 -7.04552837 -7.04145111 -7.03634942
 -7.0303293  -7.02658505 -7.02427513 -7.02284089 -7.02194146 -7.02101001
 -7.02063141 -7.02042138 -7.01687529 -7.03859676 -7.0518869  -7.05953828
 -7.06342364 -7.06479891 -7.06451719 -7.06316552 -7.06115088 -7.05875576
 -7.05617509 -7.05354175 -7.05094448 -7.04844062 -7.04606535 -7.04176823
 -7.03649237 -7.03036668 -7.0265947  -7.02427759 -7.02284151 -7.02194161
 -7.02101002 -7.02063141 -7.02042138 -6.96848922 -7.00242648 -7.02456703
 -7.03877207 -7.04758385 -7.0526955  -7.05526132 -7.05608511 -7.05573438
 -7.05461249 -7.05300621 -7.05111854 -7.04909181 -7.04702444 -7.04498304
 -7.04113647 -7.03621111 -7.03029405 -7.02657609 -7.02427287 -7.02284032
 -7.02194132 -7.02101    -7.02063141 -7.02042138]
params_e0 (3.3018630829685307, 11.605381646873468, 2.9237918219728876, 16.71950074466031, 0.35736182239934533, 15.304862492241815, 0.7239362196625555, 24378.942377080166, 3.248837137946887, 8.469112601749838, 1.0621377223523076, 18.346628441969237, 21.77988279749688, 14.99969483779336, 0.7340992325801932, 38409.99854621995, 0.013293516778819762)
reconstructed_params [3.30186308e+00 1.16053816e+01 2.92379182e+00 1.67195007e+01
 3.57361822e-01 1.53048625e+01 7.23936220e-01 3.09732700e+00
 2.43789424e+04 3.24883714e+00 8.46911260e+00 1.06213772e+00
 1.83466284e+01 2.17798828e+01 1.49996948e+01 7.34099233e-01
 3.01311700e+00 3.84099985e+04 1.32935168e-02]
saving params.txt: (3.3018630829685307, 11.605381646873468, 2.9237918219728876, 16.71950074466031, 0.35736182239934533, 15.304862492241815, 0.7239362196625555, 3.097327, 24378.942377080166, 3.248837137946887, 8.469112601749838, 1.0621377223523076, 18.346628441969237, 21.77988279749688, 14.99969483779336, 0.7340992325801932, 3.013117, 38409.99854621995, 0.013293516778819762)
saving energy.txt: [-6.98668766 -7.01305979 -7.03086431 -7.04257748 -7.04993179 -7.05417078
 -7.05620098 -7.05668767 -7.05611917 -7.05485258 -7.05314715 -7.05118925
 -7.0491111  -7.04700486 -7.04493323 -7.04104311 -7.03607755 -7.03012782
 -7.02639731 -7.02408962 -7.02265558 -7.0217561  -7.0208246  -7.02044599
 -7.02023596 -7.00424495 -7.02704933 -7.04196257 -7.05133623 -7.05680813
 -7.05954342 -7.06038114 -7.0599283  -7.05862374 -7.05678325 -7.05463215
 -7.05232931 -7.04998495 -7.04767374 -7.04544462 -7.04134115 -7.0362094
 -7.03016131 -7.02640573 -7.02409171 -7.02265609 -7.02175622 -7.0208246
 -7.02044599 -7.02023596 -7.02044439 -7.04030564 -7.05266021 -7.05987721
 -7.06357123 -7.06486408 -7.06454524 -7.06317343 -7.06114387 -7.05873464
 -7.05613945 -7.05349118 -7.05087897 -7.04836062 -7.04597165 -7.0416504
 -7.03634749 -7.03019687 -7.02641477 -7.02409398 -7.02265666 -7.02175636
 -7.02082461 -7.02044599 -7.02023596 -6.97196565 -7.00380183 -7.02498977
 -7.03882841 -7.04753217 -7.05263351 -7.05521667 -7.05605833 -7.05571767
 -7.05459712 -7.05298514 -7.05108688 -7.0490467  -7.04696454 -7.04490813
 -7.04103359 -7.0360755  -7.03012774 -7.02639733 -7.02408962 -7.02265558
 -7.0217561  -7.0208246  -7.02044599 -7.02023596]
params_e0 (3.3019445520360997, 11.599405565154346, 2.923924340110606, 16.717625450229555, 0.3572726791606509, 15.305165074152452, 0.7062924832763565, 24378.942380868568, 3.2489057681734126, 8.490650651128101, 1.0618680173173891, 18.3413269435265, 21.80683724004373, 14.999930945359623, 0.7261444595217963, 38409.99854992614, 0.01333721985968153)
reconstructed_params [3.30194455e+00 1.15994056e+01 2.92392434e+00 1.67176255e+01
 3.57272679e-01 1.53051651e+01 7.06292483e-01 3.09732700e+00
 2.43789424e+04 3.24890577e+00 8.49065065e+00 1.06186802e+00
 1.83413269e+01 2.18068372e+01 1.49999309e+01 7.26144460e-01
 3.01311700e+00 3.84099985e+04 1.33372199e-02]
saving params.txt: (3.3019445520360997, 11.599405565154346, 2.923924340110606, 16.717625450229555, 0.3572726791606509, 15.305165074152452, 0.7062924832763565, 3.097327, 24378.942380868568, 3.2489057681734126, 8.490650651128101, 1.0618680173173891, 18.3413269435265, 21.80683724004373, 14.999930945359623, 0.7261444595217963, 3.013117, 38409.99854992614, 0.01333721985968153)
saving energy.txt: [-6.9867576  -7.01298828 -7.03076506 -7.04249183 -7.0498694  -7.05412939
 -7.056175   -7.05667145 -7.05610816 -7.05484341 -7.05313755 -7.05117777
 -7.04909693 -7.0469876  -7.0449128  -7.04101673 -7.03604422 -7.03008804
 -7.02635496 -7.02404635 -7.02261201 -7.02171243 -7.0207809  -7.02040229
 -7.02019225 -7.00456964 -7.02713857 -7.0419669  -7.05131755 -7.05678876
 -7.05952926 -7.06037195 -7.05992203 -7.05861822 -7.05677673 -7.05462342
 -7.05231765 -7.04997    -7.04765542 -7.04542302 -7.04131368 -7.03617532
 -7.03012123 -7.02636328 -7.02404841 -7.02261252 -7.02171256 -7.0207809
 -7.02040229 -7.02019225 -7.02105602 -7.04056224 -7.05276336 -7.0599181
 -7.06358812 -7.06487182 -7.06454888 -7.0631742  -7.06114172 -7.0587292
 -7.05613044 -7.05347847 -7.05086258 -7.04834072 -7.04594848 -7.0416216
 -7.03631255 -7.03015645 -7.0263722  -7.02405065 -7.02261307 -7.02171269
 -7.02078091 -7.02040229 -7.02019225 -6.97252298 -7.0039501  -7.02498786
 -7.03878596 -7.04748921 -7.05260105 -7.05519487 -7.05604413 -7.05570763
 -7.05458844 -7.05297577 -7.05107552 -7.04903258 -7.04694731 -7.04488771
 -7.04100721 -7.03604217 -7.03008796 -7.02635498 -7.02404636 -7.02261201
 -7.02171243 -7.0207809  -7.02040229 -7.02019225]
params_e0 (3.3020386705942224, 11.5981586108578, 2.9239575346428093, 16.716777118117346, 0.35720885301854854, 15.305233527237176, 0.7016145115437209, 24378.942381748184, 3.248993217331531, 8.495665310120202, 1.0611437447088898, 18.33871415766892, 21.81501754490828, 14.999984115465018, 0.7241212913718061, 38409.99855078656, 0.013347719749348202)
reconstructed_params [3.30203867e+00 1.15981586e+01 2.92395753e+00 1.67167771e+01
 3.57208853e-01 1.53052335e+01 7.01614512e-01 3.09732700e+00
 2.43789424e+04 3.24899322e+00 8.49566531e+00 1.06114374e+00
 1.83387142e+01 2.18150175e+01 1.49999841e+01 7.24121291e-01
 3.01311700e+00 3.84099986e+04 1.33477197e-02]
saving params.txt: (3.3020386705942224, 11.5981586108578, 2.9239575346428093, 16.716777118117346, 0.35720885301854854, 15.305233527237176, 0.7016145115437209, 3.097327, 24378.942381748184, 3.248993217331531, 8.495665310120202, 1.0611437447088898, 18.33871415766892, 21.81501754490828, 14.999984115465018, 0.7241212913718061, 3.013117, 38409.99855078656, 0.013347719749348202)
saving energy.txt: [-6.98674972 -7.01295463 -7.03072992 -7.04246322 -7.04984851 -7.05411498
 -7.05616531 -7.05666486 -7.05610337 -7.0548395  -7.05313387 -7.05117391
 -7.04909263 -7.04698273 -7.04490731 -7.04101    -7.036036   -7.03007841
 -7.02634476 -7.02403595 -7.02260154 -7.02170194 -7.0207704  -7.02039179
 -7.02018175 -7.0046407  -7.02715931 -7.04196989 -7.05131582 -7.05678681
 -7.05952821 -7.06037165 -7.05992201 -7.05861802 -7.056776   -7.05462193
 -7.05231528 -7.04996671 -7.04765121 -7.04541796 -7.04130712 -7.03616712
 -7.03011159 -7.02635307 -7.024038   -7.02260204 -7.02170207 -7.0207704
 -7.02039179 -7.02018175 -7.02119874 -7.04062658 -7.05279391 -7.0599344
 -7.06359823 -7.06487888 -7.06455404 -7.06317784 -7.06114392 -7.05873002
 -7.05612992 -7.05347667 -7.0508596  -7.04833666 -7.04594346 -7.04161498
 -7.03630427 -7.03014676 -7.02636197 -7.02404023 -7.02260259 -7.0217022
 -7.02077041 -7.02039179 -7.02018175 -6.97261724 -7.00396071 -7.0249716
 -7.03876537 -7.04747173 -7.05258809 -7.05518579 -7.05603778 -7.05570294
 -7.05458455 -7.05297209 -7.05107165 -7.04902827 -7.04694243 -7.04488221
 -7.04100048 -7.03603395 -7.03007833 -7.02634478 -7.02403595 -7.02260154
 -7.02170194 -7.0207704  -7.02039179 -7.02018175]
params_e0 (3.3020733050320126, 11.597875848045248, 2.9239652576873185, 16.716511199214242, 0.3571849840058989, 15.305249378615972, 0.7004888537090858, 24378.94238195419, 3.249106060592803, 8.49683607534301, 1.0604829861281273, 18.33793507243825, 21.817062325022874, 14.999996410655013, 0.723639675340207, 38409.998550988035, 0.013349460276753683)
reconstructed_params [3.30207331e+00 1.15978758e+01 2.92396526e+00 1.67165112e+01
 3.57184984e-01 1.53052494e+01 7.00488854e-01 3.09732700e+00
 2.43789424e+04 3.24910606e+00 8.49683608e+00 1.06048299e+00
 1.83379351e+01 2.18170623e+01 1.49999964e+01 7.23639675e-01
 3.01311700e+00 3.84099986e+04 1.33494603e-02]
saving params.txt: (3.3020733050320126, 11.597875848045248, 2.9239652576873185, 16.716511199214242, 0.3571849840058989, 15.305249378615972, 0.7004888537090858, 3.097327, 24378.94238195419, 3.249106060592803, 8.49683607534301, 1.0604829861281273, 18.33793507243825, 21.817062325022874, 14.999996410655013, 0.723639675340207, 3.013117, 38409.998550988035, 0.013349460276753683)
saving energy.txt: [-6.98673548 -7.01293685 -7.03071379 -7.04245023 -7.04983861 -7.05410767
 -7.05615996 -7.05666094 -7.05610046 -7.05483726 -7.05313207 -7.05117238
 -7.04909126 -7.04698144 -7.04490603 -7.04100869 -7.03603456 -7.0300768
 -7.02634307 -7.02403422 -7.0225998  -7.0217002  -7.02076866 -7.02039005
 -7.02018001 -7.00466455 -7.02716965 -7.04197471 -7.05131848 -7.05678864
 -7.05952967 -7.06037289 -7.05992303 -7.05861882 -7.05677654 -7.05462222
 -7.05231532 -7.04996651 -7.0476508  -7.04541734 -7.04130618 -7.03616584
 -7.03011001 -7.02635138 -7.02403628 -7.02260031 -7.02170033 -7.02076866
 -7.02039005 -7.02018001 -7.02124648 -7.04065308 -7.05281011 -7.05994533
 -7.06360618 -7.06488492 -7.06455872 -7.06318145 -7.06114666 -7.05873204
 -7.05613131 -7.05347754 -7.05086003 -7.04833671 -7.0459432  -7.04161424
 -7.03630307 -7.03014521 -7.02636029 -7.02403851 -7.02260086 -7.02170046
 -7.02076867 -7.02039005 -7.02018001 -6.97262581 -7.00395266 -7.02495953
 -7.03875405 -7.04746252 -7.05258104 -7.05518055 -7.0560339  -7.05570003
 -7.05458231 -7.05297029 -7.05107012 -7.04902689 -7.04694113 -7.04488093
 -7.04099917 -7.03603251 -7.03007672 -7.02634309 -7.02403423 -7.02259981
 -7.0217002  -7.02076866 -7.02039005 -7.02018001]
params_e0 (3.30202782321366, 11.59780960618202, 2.923966962796103, 16.71643778367051, 0.3571783810140442, 15.305252985972029, 0.7002305520932417, 24378.94238200098, 3.2492246172185935, 8.497100263902796, 1.0602211313766048, 18.337745357707647, 21.817536413503333, 14.999999209319014, 0.7235293778506211, 38409.99855103377, 0.013348119897819229)
reconstructed_params [3.30202782e+00 1.15978096e+01 2.92396696e+00 1.67164378e+01
 3.57178381e-01 1.53052530e+01 7.00230552e-01 3.09732700e+00
 2.43789424e+04 3.24922462e+00 8.49710026e+00 1.06022113e+00
 1.83377454e+01 2.18175364e+01 1.49999992e+01 7.23529378e-01
 3.01311700e+00 3.84099986e+04 1.33481199e-02]
saving params.txt: (3.30202782321366, 11.59780960618202, 2.923966962796103, 16.71643778367051, 0.3571783810140442, 15.305252985972029, 0.7002305520932417, 3.097327, 24378.94238200098, 3.2492246172185935, 8.497100263902796, 1.0602211313766048, 18.337745357707647, 21.817536413503333, 14.999999209319014, 0.7235293778506211, 3.013117, 38409.99855103377, 0.013348119897819229)
saving energy.txt: [-6.98672428 -7.01292581 -7.03070412 -7.04244224 -7.04983225 -7.05410273
 -7.05615623 -7.0566582  -7.05609853 -7.05483599 -7.05313133 -7.05117207
 -7.04909128 -7.04698174 -7.04490655 -7.04100952 -7.03603565 -7.03007807
 -7.02634439 -7.02403556 -7.02260114 -7.02170154 -7.02077    -7.02039139
 -7.02018135 -7.00467132 -7.02717218 -7.04197533 -7.05131832 -7.05678824
 -7.05952928 -7.06037262 -7.05992294 -7.05861891 -7.05677682 -7.05462266
 -7.05231591 -7.04996723 -7.04765163 -7.04541826 -7.04130724 -7.03616703
 -7.0301113  -7.02635271 -7.02403762 -7.02260165 -7.02170167 -7.02077
 -7.02039139 -7.02018135 -7.02126483 -7.0406641  -7.05281712 -7.05995003
 -7.06360951 -7.06488741 -7.06456067 -7.06318307 -7.06114809 -7.05873334
 -7.05613255 -7.05347875 -7.05086122 -7.04833791 -7.0459444  -7.04161547
 -7.03630434 -7.03014652 -7.02636162 -7.02403985 -7.0226022  -7.0217018
 -7.02077001 -7.02039139 -7.02018135 -6.97262169 -7.00394512 -7.02495166
 -7.03874704 -7.04745671 -7.05257644 -7.05517702 -7.05603129 -7.05569819
 -7.0545811  -7.05296958 -7.05106983 -7.04902693 -7.04694144 -7.04488145
 -7.04099999 -7.0360336  -7.03007799 -7.02634441 -7.02403556 -7.02260114
 -7.02170154 -7.02077    -7.02039139 -7.02018135]
