/projects/qmchamm/shared/mick/ilp_fitting
    basis method  registry  distance    energy  energy_err     d     a
767    c2    QMC   0.00000      3.00 -7.402388    0.000328  3.00  2.46
768    c2    QMC   0.00000      3.20 -7.412796    0.000278  3.20  2.46
769    c2    QMC   0.00000      3.35 -7.416119    0.000264  3.35  2.46
770    c2    QMC   0.00000      3.50 -7.416772    0.000282  3.50  2.46
771    c2    QMC   0.00000      3.65 -7.415003    0.000374  3.65  2.46
772    c2    QMC   0.00000      3.80 -7.412760    0.000230  3.80  2.46
773    c2    QMC   0.00000      4.00 -7.410565    0.000278  4.00  2.46
774    c2    QMC   0.00000      4.50 -7.404000    0.000256  4.50  2.46
775    c2    QMC   0.00000      5.00 -7.400149    0.000235  5.00  2.46
776    c2    QMC   0.00000      6.00 -7.397333    0.000217  6.00  2.46
777    c2    QMC   0.00000      7.00 -7.396415    0.000221  7.00  2.46
778    c2    QMC   0.16667      3.00 -7.399188    0.000145  3.00  2.46
779    c2    QMC   0.16667      3.20 -7.411959    0.000175  3.20  2.46
780    c2    QMC   0.16667      3.35 -7.415276    0.000147  3.35  2.46
781    c2    QMC   0.16667      3.50 -7.416259    0.000164  3.50  2.46
782    c2    QMC   0.16667      3.65 -7.415209    0.000194  3.65  2.46
783    c2    QMC   0.16667      3.80 -7.412987    0.000262  3.80  2.46
784    c2    QMC   0.16667      4.00 -7.410067    0.000152  4.00  2.46
785    c2    QMC   0.16667      4.50 -7.403974    0.000197  4.50  2.46
786    c2    QMC   0.16667      5.00 -7.399793    0.000181  5.00  2.46
787    c2    QMC   0.16667      6.00 -7.397039    0.000171  6.00  2.46
788    c2    QMC   0.16667      7.00 -7.395969    0.000152  7.00  2.46
789    c2    QMC   0.50000      3.00 -7.390987    0.000284  3.00  2.46
790    c2    QMC   0.50000      3.20 -7.406952    0.000212  3.20  2.46
791    c2    QMC   0.50000      3.35 -7.411909    0.000274  3.35  2.46
792    c2    QMC   0.50000      3.50 -7.413657    0.000271  3.50  2.46
793    c2    QMC   0.50000      3.65 -7.413999    0.000274  3.65  2.46
794    c2    QMC   0.50000      3.80 -7.412379    0.000217  3.80  2.46
795    c2    QMC   0.50000      4.00 -7.409976    0.000229  4.00  2.46
796    c2    QMC   0.50000      4.50 -7.403725    0.000239  4.50  2.46
797    c2    QMC   0.50000      5.00 -7.400076    0.000332  5.00  2.46
798    c2    QMC   0.50000      6.00 -7.397094    0.000206  6.00  2.46
799    c2    QMC   0.50000      7.00 -7.396256    0.000215  7.00  2.46
800    c2    QMC   0.66667      3.00 -7.374165    0.000203  3.00  2.46
801    c2    QMC   0.66667      3.20 -7.398436    0.000406  3.20  2.46
802    c2    QMC   0.66667      3.35 -7.407410    0.000244  3.35  2.46
803    c2    QMC   0.66667      3.50 -7.411002    0.000288  3.50  2.46
804    c2    QMC   0.66667      3.65 -7.412222    0.000304  3.65  2.46
805    c2    QMC   0.66667      3.80 -7.411072    0.000225  3.80  2.46
806    c2    QMC   0.66667      4.00 -7.409340    0.000371  4.00  2.46
807    c2    QMC   0.66667      4.50 -7.404098    0.000251  4.50  2.46
808    c2    QMC   0.66667      5.00 -7.399931    0.000278  5.00  2.46
809    c2    QMC   0.66667      6.00 -7.397270    0.000237  6.00  2.46
810    c2    QMC   0.66667      7.00 -7.395750    0.000319  7.00  2.46
[7]
mask [ True  True  True  True  True  True  True  True  True  True]
exclude_idxs [7]
[3.07395791e+00 7.50563724e+00 1.31377700e+00 3.84909900e-01
 5.31824332e+01 1.54999470e+01 7.95444300e-01 3.68144000e+00
 2.57145368e+04 2.73461685e-04]
[3.07395791e+00 7.50563724e+00 1.31377700e+00 3.84909900e-01
 5.31824332e+01 1.54999470e+01 7.95444300e-01 2.57145368e+04
 2.73461685e-04]
params_e0 (3.073957913497955, 7.505637244453877, 1.3137769990200665, 0.3849098995541668, 53.18243320881243, 15.499947, 0.7954443, 25714.536846764706, 0.0002734616849542139)
reconstructed_params [3.07395791e+00 7.50563724e+00 1.31377700e+00 3.84909900e-01
 5.31824332e+01 1.54999470e+01 7.95444300e-01 3.68144000e+00
 2.57145368e+04 2.73461685e-04]
saving params.txt: (3.073957913497955, 7.505637244453877, 1.3137769990200665, 0.3849098995541668, 53.18243320881243, 15.499947, 0.7954443, 3.68144, 25714.536846764706, 0.0002734616849542139)
saving energy.txt: [-7.40124439 -7.41298258 -7.41610812 -7.41675965 -7.41609321 -7.41474759
 -7.41249865 -7.40684721 -7.40256185 -7.39787564 -7.3959889  -7.39992095
 -7.41224741 -7.41560278 -7.41640581 -7.41584513 -7.41457421 -7.41239178
 -7.40681615 -7.40255307 -7.39787498 -7.39598886 -7.3933377  -7.40849598
 -7.41312498 -7.41475281 -7.41473471 -7.41382544 -7.41194789 -7.40669584
 -7.40252059 -7.39787266 -7.3959887  -7.38138642 -7.40165377 -7.40862741
 -7.41177248 -7.41274527 -7.41249134 -7.41116195 -7.40648533 -7.40246423
 -7.39786868 -7.39598842]
params_e0 (3.0739579593034976, 7.505637244453877, 1.3137769990200665, 0.3849098995541668, 53.18243320881243, 15.499947, 0.7954443, 25714.536846764706, 0.0002734616849542139)
reconstructed_params [3.07395796e+00 7.50563724e+00 1.31377700e+00 3.84909900e-01
 5.31824332e+01 1.54999470e+01 7.95444300e-01 3.68144000e+00
 2.57145368e+04 2.73461685e-04]
saving params.txt: (3.0739579593034976, 7.505637244453877, 1.3137769990200665, 0.3849098995541668, 53.18243320881243, 15.499947, 0.7954443, 3.68144, 25714.536846764706, 0.0002734616849542139)
saving energy.txt: [-7.40124438 -7.41298257 -7.41610812 -7.41675965 -7.41609321 -7.41474758
 -7.41249865 -7.40684721 -7.40256185 -7.39787564 -7.3959889  -7.39992094
 -7.4122474  -7.41560278 -7.4164058  -7.41584513 -7.41457421 -7.41239177
 -7.40681615 -7.40255307 -7.39787498 -7.39598886 -7.39333769 -7.40849597
 -7.41312498 -7.41475281 -7.4147347  -7.41382544 -7.41194789 -7.40669584
 -7.40252059 -7.39787266 -7.3959887  -7.38138641 -7.40165377 -7.40862741
 -7.41177248 -7.41274527 -7.41249134 -7.41116195 -7.40648533 -7.40246423
 -7.39786868 -7.39598842]
params_e0 (3.073957913497955, 7.505637356296587, 1.3137769990200665, 0.3849098995541668, 53.18243320881243, 15.499947, 0.7954443, 25714.536846764706, 0.0002734616849542139)
reconstructed_params [3.07395791e+00 7.50563736e+00 1.31377700e+00 3.84909900e-01
 5.31824332e+01 1.54999470e+01 7.95444300e-01 3.68144000e+00
 2.57145368e+04 2.73461685e-04]
saving params.txt: (3.073957913497955, 7.505637356296587, 1.3137769990200665, 0.3849098995541668, 53.18243320881243, 15.499947, 0.7954443, 3.68144, 25714.536846764706, 0.0002734616849542139)
saving energy.txt: [-7.40124439 -7.41298258 -7.41610812 -7.41675965 -7.41609321 -7.41474759
 -7.41249865 -7.40684721 -7.40256185 -7.39787564 -7.3959889  -7.39992095
 -7.41224741 -7.41560278 -7.41640581 -7.41584513 -7.41457421 -7.41239178
 -7.40681615 -7.40255307 -7.39787498 -7.39598886 -7.3933377  -7.40849598
 -7.41312498 -7.41475281 -7.41473471 -7.41382544 -7.41194789 -7.40669584
 -7.40252059 -7.39787266 -7.3959887  -7.38138642 -7.40165377 -7.40862741
 -7.41177248 -7.41274527 -7.41249134 -7.41116195 -7.40648533 -7.40246423
 -7.39786868 -7.39598842]
params_e0 (3.073957913497955, 7.505637244453877, 1.3137770185968694, 0.3849098995541668, 53.18243320881243, 15.499947, 0.7954443, 25714.536846764706, 0.0002734616849542139)
reconstructed_params [3.07395791e+00 7.50563724e+00 1.31377702e+00 3.84909900e-01
 5.31824332e+01 1.54999470e+01 7.95444300e-01 3.68144000e+00
 2.57145368e+04 2.73461685e-04]
saving params.txt: (3.073957913497955, 7.505637244453877, 1.3137770185968694, 0.3849098995541668, 53.18243320881243, 15.499947, 0.7954443, 3.68144, 25714.536846764706, 0.0002734616849542139)
saving energy.txt: [-7.40124438 -7.41298258 -7.41610812 -7.41675965 -7.41609321 -7.41474758
 -7.41249865 -7.40684721 -7.40256185 -7.39787564 -7.3959889  -7.39992095
 -7.41224741 -7.41560278 -7.41640581 -7.41584513 -7.41457421 -7.41239178
 -7.40681615 -7.40255307 -7.39787498 -7.39598886 -7.3933377  -7.40849598
 -7.41312498 -7.41475281 -7.41473471 -7.41382544 -7.41194789 -7.40669584
 -7.40252059 -7.39787266 -7.3959887  -7.38138642 -7.40165377 -7.40862741
 -7.41177248 -7.41274527 -7.41249134 -7.41116195 -7.40648533 -7.40246423
 -7.39786868 -7.39598842]
params_e0 (3.073957913497955, 7.505637244453877, 1.3137769990200665, 0.384909914455328, 53.18243320881243, 15.499947, 0.7954443, 25714.536846764706, 0.0002734616849542139)
reconstructed_params [3.07395791e+00 7.50563724e+00 1.31377700e+00 3.84909914e-01
 5.31824332e+01 1.54999470e+01 7.95444300e-01 3.68144000e+00
 2.57145368e+04 2.73461685e-04]
saving params.txt: (3.073957913497955, 7.505637244453877, 1.3137769990200665, 0.384909914455328, 53.18243320881243, 15.499947, 0.7954443, 3.68144, 25714.536846764706, 0.0002734616849542139)
saving energy.txt: [-7.40124439 -7.41298258 -7.41610812 -7.41675965 -7.41609321 -7.41474759
 -7.41249865 -7.40684721 -7.40256185 -7.39787564 -7.3959889  -7.39992095
 -7.41224741 -7.41560278 -7.41640581 -7.41584513 -7.41457421 -7.41239178
 -7.40681615 -7.40255307 -7.39787498 -7.39598886 -7.3933377  -7.40849598
 -7.41312498 -7.41475281 -7.41473471 -7.41382544 -7.41194789 -7.40669584
 -7.40252059 -7.39787266 -7.3959887  -7.38138642 -7.40165377 -7.40862741
 -7.41177248 -7.41274527 -7.41249134 -7.41116195 -7.40648533 -7.40246423
 -7.39786868 -7.39598842]
params_e0 (3.073957913497955, 7.505637244453877, 1.3137769990200665, 0.3849098995541668, 53.182434001292435, 15.499947, 0.7954443, 25714.536846764706, 0.0002734616849542139)
reconstructed_params [3.07395791e+00 7.50563724e+00 1.31377700e+00 3.84909900e-01
 5.31824340e+01 1.54999470e+01 7.95444300e-01 3.68144000e+00
 2.57145368e+04 2.73461685e-04]
saving params.txt: (3.073957913497955, 7.505637244453877, 1.3137769990200665, 0.3849098995541668, 53.182434001292435, 15.499947, 0.7954443, 3.68144, 25714.536846764706, 0.0002734616849542139)
saving energy.txt: [-7.40124438 -7.41298258 -7.41610812 -7.41675965 -7.41609321 -7.41474758
 -7.41249865 -7.40684721 -7.40256185 -7.39787564 -7.3959889  -7.39992095
 -7.41224741 -7.41560278 -7.41640581 -7.41584513 -7.41457421 -7.41239178
 -7.40681615 -7.40255307 -7.39787498 -7.39598886 -7.3933377  -7.40849598
 -7.41312498 -7.41475281 -7.41473471 -7.41382544 -7.41194789 -7.40669584
 -7.40252059 -7.39787266 -7.3959887  -7.38138642 -7.40165377 -7.40862741
 -7.41177248 -7.41274527 -7.41249134 -7.41116195 -7.40648533 -7.40246423
 -7.39786868 -7.39598842]
params_e0 (3.073957913497955, 7.505637244453877, 1.3137769990200665, 0.3849098995541668, 53.18243320881243, 15.499947230967209, 0.7954443, 25714.536846764706, 0.0002734616849542139)
reconstructed_params [3.07395791e+00 7.50563724e+00 1.31377700e+00 3.84909900e-01
 5.31824332e+01 1.54999472e+01 7.95444300e-01 3.68144000e+00
 2.57145368e+04 2.73461685e-04]
saving params.txt: (3.073957913497955, 7.505637244453877, 1.3137769990200665, 0.3849098995541668, 53.18243320881243, 15.499947230967209, 0.7954443, 3.68144, 25714.536846764706, 0.0002734616849542139)
saving energy.txt: [-7.40124439 -7.41298258 -7.41610812 -7.41675965 -7.41609321 -7.41474759
 -7.41249865 -7.40684721 -7.40256185 -7.39787564 -7.3959889  -7.39992095
 -7.41224741 -7.41560278 -7.41640581 -7.41584513 -7.41457421 -7.41239178
 -7.40681615 -7.40255307 -7.39787498 -7.39598886 -7.3933377  -7.40849598
 -7.41312498 -7.41475281 -7.41473471 -7.41382544 -7.41194789 -7.40669584
 -7.40252059 -7.39787266 -7.3959887  -7.38138642 -7.40165377 -7.40862741
 -7.41177248 -7.41274527 -7.41249134 -7.41116195 -7.40648533 -7.40246423
 -7.39786868 -7.39598842]
params_e0 (3.073957913497955, 7.505637244453877, 1.3137769990200665, 0.3849098995541668, 53.18243320881243, 15.499947, 0.7954443149011612, 25714.536846764706, 0.0002734616849542139)
reconstructed_params [3.07395791e+00 7.50563724e+00 1.31377700e+00 3.84909900e-01
 5.31824332e+01 1.54999470e+01 7.95444315e-01 3.68144000e+00
 2.57145368e+04 2.73461685e-04]
saving params.txt: (3.073957913497955, 7.505637244453877, 1.3137769990200665, 0.3849098995541668, 53.18243320881243, 15.499947, 0.7954443149011612, 3.68144, 25714.536846764706, 0.0002734616849542139)
saving energy.txt: [-7.40124438 -7.41298258 -7.41610812 -7.41675965 -7.41609321 -7.41474759
 -7.41249865 -7.40684721 -7.40256185 -7.39787564 -7.3959889  -7.39992095
 -7.41224741 -7.41560278 -7.41640581 -7.41584513 -7.41457421 -7.41239178
 -7.40681615 -7.40255307 -7.39787498 -7.39598886 -7.3933377  -7.40849598
 -7.41312498 -7.41475281 -7.41473471 -7.41382544 -7.41194789 -7.40669584
 -7.40252059 -7.39787266 -7.3959887  -7.38138642 -7.40165377 -7.40862741
 -7.41177248 -7.41274527 -7.41249134 -7.41116195 -7.40648533 -7.40246423
 -7.39786868 -7.39598842]
params_e0 (3.073957913497955, 7.505637244453877, 1.3137769990200665, 0.3849098995541668, 53.18243320881243, 15.499947, 0.7954443, 25714.537229941165, 0.0002734616849542139)
reconstructed_params [3.07395791e+00 7.50563724e+00 1.31377700e+00 3.84909900e-01
 5.31824332e+01 1.54999470e+01 7.95444300e-01 3.68144000e+00
 2.57145372e+04 2.73461685e-04]
saving params.txt: (3.073957913497955, 7.505637244453877, 1.3137769990200665, 0.3849098995541668, 53.18243320881243, 15.499947, 0.7954443, 3.68144, 25714.537229941165, 0.0002734616849542139)
saving energy.txt: [-7.40124439 -7.41298258 -7.41610812 -7.41675965 -7.41609321 -7.41474759
 -7.41249865 -7.40684721 -7.40256185 -7.39787564 -7.3959889  -7.39992095
 -7.41224741 -7.41560278 -7.41640581 -7.41584513 -7.41457422 -7.41239178
 -7.40681615 -7.40255307 -7.39787498 -7.39598886 -7.3933377  -7.40849598
 -7.41312499 -7.41475281 -7.41473471 -7.41382544 -7.41194789 -7.40669584
 -7.40252059 -7.39787266 -7.3959887  -7.38138642 -7.40165378 -7.40862741
 -7.41177248 -7.41274527 -7.41249134 -7.41116195 -7.40648533 -7.40246423
 -7.39786868 -7.39598842]
params_e0 (3.073957913497955, 7.505637244453877, 1.3137769990200665, 0.3849098995541668, 53.18243320881243, 15.499947, 0.7954443, 25714.536846764706, 0.00027347658611540776)
reconstructed_params [3.07395791e+00 7.50563724e+00 1.31377700e+00 3.84909900e-01
 5.31824332e+01 1.54999470e+01 7.95444300e-01 3.68144000e+00
 2.57145368e+04 2.73476586e-04]
saving params.txt: (3.073957913497955, 7.505637244453877, 1.3137769990200665, 0.3849098995541668, 53.18243320881243, 15.499947, 0.7954443, 3.68144, 25714.536846764706, 0.00027347658611540776)
saving energy.txt: [-7.40124437 -7.41298257 -7.41610811 -7.41675963 -7.41609319 -7.41474757
 -7.41249864 -7.4068472  -7.40256183 -7.39787563 -7.39598889 -7.39992093
 -7.41224739 -7.41560277 -7.41640579 -7.41584512 -7.4145742  -7.41239176
 -7.40681613 -7.40255305 -7.39787497 -7.39598884 -7.39333769 -7.40849596
 -7.41312497 -7.4147528  -7.41473469 -7.41382543 -7.41194788 -7.40669583
 -7.40252058 -7.39787265 -7.39598868 -7.3813864  -7.40165376 -7.4086274
 -7.41177247 -7.41274526 -7.41249132 -7.41116194 -7.40648532 -7.40246421
 -7.39786866 -7.39598841]
params_e0 (3.1518182362291083, 6.94883997777648, 1.339281214205019, 0.3883633915946458, 54.74857079019328, 15.46225308626818, 0.8825046961003093, 36038.25887315466, 0.008139822019517544)
reconstructed_params [3.15181824e+00 6.94883998e+00 1.33928121e+00 3.88363392e-01
 5.47485708e+01 1.54622531e+01 8.82504696e-01 3.68144000e+00
 3.60382589e+04 8.13982202e-03]
saving params.txt: (3.1518182362291083, 6.94883997777648, 1.339281214205019, 0.3883633915946458, 54.74857079019328, 15.46225308626818, 0.8825046961003093, 3.68144, 36038.25887315466, 0.008139822019517544)
saving energy.txt: [-7.38097003 -7.40355714 -7.41122891 -7.41404626 -7.41411217 -7.41278112
 -7.41010457 -7.40299596 -7.3974659  -7.39121919 -7.38862397 -7.37944354
 -7.40236118 -7.41041028 -7.41350084 -7.41373943 -7.4125206  -7.40994054
 -7.40294388 -7.39744958 -7.39121765 -7.38862383 -7.37242524 -7.39778472
 -7.40722326 -7.41132574 -7.41225611 -7.41150137 -7.40931552 -7.40275534
 -7.39739246 -7.3912125  -7.38862339 -7.35964776 -7.38976237 -7.40164126
 -7.40750175 -7.40964839 -7.40971443 -7.40822469 -7.40242932 -7.39729432
 -7.39120372 -7.38862263]
params_e0 (3.06925166413486, 5.729513206582133, 1.2736406354102743, 0.3612837080145464, 53.13091590886524, 15.478662935786867, 0.8816835333365014, 28295.46674419764, -0.002677786201762132)
reconstructed_params [ 3.06925166e+00  5.72951321e+00  1.27364064e+00  3.61283708e-01
  5.31309159e+01  1.54786629e+01  8.81683533e-01  3.68144000e+00
  2.82954667e+04 -2.67778620e-03]
saving params.txt: (3.06925166413486, 5.729513206582133, 1.2736406354102743, 0.3612837080145464, 53.13091590886524, 15.478662935786867, 0.8816835333365014, 3.68144, 28295.46674419764, -0.002677786201762132)
saving energy.txt: [-7.39319786 -7.40773623 -7.41276175 -7.4146856  -7.41486871 -7.41418086
 -7.41269906 -7.40858082 -7.40515849 -7.40094238 -7.3990374  -7.39195828
 -7.40672612 -7.41203952 -7.41417692 -7.41450024 -7.41390832 -7.41251446
 -7.4085108  -7.4051323  -7.40093888 -7.39903696 -7.38636652 -7.40283298
 -7.40918873 -7.41212207 -7.41301607 -7.41282779 -7.4117997  -7.40825187
 -7.40503845 -7.4009268  -7.39903546 -7.37621712 -7.39600364 -7.40418445
 -7.40850176 -7.41040172 -7.41092926 -7.4105489  -7.40780246 -7.40487647
 -7.40090609 -7.39903291]
params_e0 (3.0486100518661226, 5.424682450805906, 1.2572304469228397, 0.3545137684398648, 52.72650233786402, 15.482765463758483, 0.8814781363552059, 26359.766104230614, -0.005382188905772219)
reconstructed_params [ 3.04861005e+00  5.42468245e+00  1.25723045e+00  3.54513768e-01
  5.27265023e+01  1.54827655e+01  8.81478136e-01  3.68144000e+00
  2.63597661e+04 -5.38218891e-03]
saving params.txt: (3.0486100518661226, 5.424682450805906, 1.2572304469228397, 0.3545137684398648, 52.72650233786402, 15.482765463758483, 0.8814781363552059, 3.68144, 26359.766104230614, -0.005382188905772219)
saving energy.txt: [-7.39502827 -7.40812413 -7.41272184 -7.41455887 -7.41484932 -7.41436643
 -7.41321487 -7.40988089 -7.4070147  -7.40335033 -7.40163517 -7.39384387
 -7.40715076 -7.41201701 -7.41405458 -7.41447825 -7.41408786 -7.4130226
 -7.40980454 -7.40698482 -7.40334595 -7.40163457 -7.3885123  -7.40337784
 -7.40921718 -7.41200663 -7.41297633 -7.41297777 -7.41227377 -7.40952019
 -7.40687687 -7.40333071 -7.4016325  -7.37884101 -7.39675406 -7.40429721
 -7.40839528 -7.41032863 -7.41102565 -7.41096206 -7.40902602 -7.4066903
 -7.40330457 -7.40162896]
params_e0 (3.0434497718396782, 5.348478510493345, 1.2531277246311627, 0.3528212088213459, 52.625399542642576, 15.483791358147043, 0.8814263618989421, 25875.830512772915, -0.006058292175911781)
reconstructed_params [ 3.04344977e+00  5.34847851e+00  1.25312772e+00  3.52821209e-01
  5.26253995e+01  1.54837914e+01  8.81426362e-01  3.68144000e+00
  2.58758305e+04 -6.05829218e-03]
saving params.txt: (3.0434497718396782, 5.348478510493345, 1.2531277246311627, 0.3528212088213459, 52.625399542642576, 15.483791358147043, 0.8814263618989421, 3.68144, 25875.830512772915, -0.006058292175911781)
saving energy.txt: [-7.39542203 -7.40818557 -7.41268799 -7.41451011 -7.41483122 -7.41440171
 -7.41333421 -7.41019825 -7.4074731  -7.40395016 -7.40228403 -7.39425056
 -7.40722086 -7.41198712 -7.41400663 -7.41445926 -7.41412143 -7.41313984
 -7.41012017 -7.40744219 -7.40394552 -7.40228337 -7.38897898 -7.40347517
 -7.40919808 -7.41195892 -7.41295172 -7.41300291 -7.4123816  -7.40982881
 -7.40733029 -7.40392936 -7.40228113 -7.37941784 -7.39689761 -7.40429561
 -7.40834713 -7.41029351 -7.41103553 -7.41105305 -7.40932229 -7.40713681
 -7.40390161 -7.40227729]
params_e0 (3.042160195373566, 5.329442555071397, 1.25210134238406, 0.35239776959095015, 52.60012624701666, 15.484048883227503, 0.8814117141900197, 25754.804850008844, -0.006227328332809106)
reconstructed_params [ 3.04216020e+00  5.32944256e+00  1.25210134e+00  3.52397770e-01
  5.26001262e+01  1.54840489e+01  8.81411714e-01  3.68144000e+00
  2.57548049e+04 -6.22732833e-03]
saving params.txt: (3.042160195373566, 5.329442555071397, 1.25210134238406, 0.35239776959095015, 52.60012624701666, 15.484048883227503, 0.8814117141900197, 3.68144, 25754.804850008844, -0.006227328332809106)
saving energy.txt: [-7.39551697 -7.408199   -7.41267821 -7.41449695 -7.41482593 -7.41440986
 -7.41336346 -7.4102771  -7.40758734 -7.40409998 -7.40244621 -7.39434866
 -7.40723642 -7.41197831 -7.41399365 -7.41445373 -7.41412914 -7.41316855
 -7.41019858 -7.40755616 -7.40409528 -7.40244554 -7.38909175 -7.40349736
 -7.40919184 -7.41194592 -7.4129447  -7.41300845 -7.41240789 -7.40990543
 -7.40744324 -7.40407887 -7.40244325 -7.37955754 -7.39693102 -7.40429352
 -7.40833385 -7.41028373 -7.41103714 -7.41107504 -7.40939574 -7.40724798
 -7.40405071 -7.40243933]
params_e0 (3.041839867242732, 5.324746028107697, 1.251841873634623, 0.3522906838433672, 52.59381840761728, 15.484117598394173, 0.8814010188799023, 25724.37875854367, -0.0062696262620037906)
reconstructed_params [ 3.04183987e+00  5.32474603e+00  1.25184187e+00  3.52290684e-01
  5.25938184e+01  1.54841176e+01  8.81401019e-01  3.68144000e+00
  2.57243788e+04 -6.26962626e-03]
saving params.txt: (3.041839867242732, 5.324746028107697, 1.251841873634623, 0.3522906838433672, 52.59381840761728, 15.484117598394173, 0.8814010188799023, 3.68144, 25724.37875854367, -0.0062696262620037906)
saving energy.txt: [-7.39554184 -7.40820314 -7.41267628 -7.41449398 -7.41482482 -7.41441206
 -7.4133709  -7.41029689 -7.40761594 -7.40413746 -7.40248679 -7.39437425
 -7.40724108 -7.41197663 -7.41399074 -7.41445257 -7.41413124 -7.41317585
 -7.41021826 -7.4075847  -7.40413274 -7.40248611 -7.38912086 -7.40350363
 -7.40919079 -7.41194299 -7.41294317 -7.41301    -7.4124146  -7.40992466
 -7.40747152 -7.40411628 -7.40248381 -7.37959316 -7.39693999 -7.40429345
 -7.40833083 -7.4102815  -7.41103771 -7.41108066 -7.40941419 -7.40727582
 -7.40408801 -7.40247987]
params_e0 (3.0417857316142327, 5.3242574862163075, 1.2517553151377616, 0.3522545969447257, 52.59246823272769, 15.48417414857983, 0.8813322794863228, 25715.790563627546, -0.006279702734776902)
reconstructed_params [ 3.04178573e+00  5.32425749e+00  1.25175532e+00  3.52254597e-01
  5.25924682e+01  1.54841741e+01  8.81332279e-01  3.68144000e+00
  2.57157906e+04 -6.27970273e-03]
saving params.txt: (3.0417857316142327, 5.3242574862163075, 1.2517553151377616, 0.3522545969447257, 52.59246823272769, 15.48417414857983, 0.8813322794863228, 3.68144, 25715.790563627546, -0.006279702734776902)
saving energy.txt: [-7.3955605  -7.40821271 -7.41268151 -7.41449699 -7.41482713 -7.41441453
 -7.41337415 -7.41030243 -7.40762314 -7.40414642 -7.40249642 -7.39439236
 -7.40725076 -7.41198202 -7.41399384 -7.41445491 -7.41413371 -7.4131791
 -7.41022379 -7.4075919  -7.4041417  -7.40249575 -7.38913855 -7.40351324
 -7.40919622 -7.4119461  -7.41294546 -7.4130124  -7.41241776 -7.40993013
 -7.40747869 -7.40412523 -7.40249345 -7.37961063 -7.39694943 -7.4042988
 -7.40833384 -7.41028363 -7.41103992 -7.41108364 -7.40941954 -7.40728293
 -7.40409694 -7.40248951]
params_e0 (3.109791609281446, 6.8830017052770796, 1.2277185509885997, 0.3594255696830582, 53.16864503248416, 15.505391295480457, 0.760342301866378, 25714.537168276558, -0.00279170848811272)
reconstructed_params [ 3.10979161e+00  6.88300171e+00  1.22771855e+00  3.59425570e-01
  5.31686450e+01  1.55053913e+01  7.60342302e-01  3.68144000e+00
  2.57145372e+04 -2.79170849e-03]
saving params.txt: (3.109791609281446, 6.8830017052770796, 1.2277185509885997, 0.3594255696830582, 53.16864503248416, 15.505391295480457, 0.760342301866378, 3.68144, 25714.537168276558, -0.00279170848811272)
saving energy.txt: [-7.40763745 -7.41509838 -7.41704521 -7.41738805 -7.41682351 -7.41574906
 -7.41392826 -7.4091438  -7.40531063 -7.4008974  -7.39904908 -7.40652852
 -7.41437637 -7.4165073  -7.41698917 -7.41652996 -7.41553448 -7.4137882
 -7.40909713 -7.40529558 -7.40089593 -7.39904895 -7.39940088 -7.41006485
 -7.41351059 -7.41489241 -7.41505831 -7.41450036 -7.41314198 -7.40889819
 -7.4052347  -7.40089036 -7.39904846 -7.38605203 -7.40204531 -7.40798129
 -7.41105178 -7.41237958 -7.41262827 -7.41197941 -7.40854457 -7.40512742
 -7.40088065 -7.39904761]
params_e0 (3.1266922258808285, 7.39181663278612, 1.2268594270333035, 0.3783645607290189, 53.18495686569129, 15.501371064651412, 0.7318370870066687, 25714.536893856362, -0.0014534859548449445)
reconstructed_params [ 3.12669223e+00  7.39181663e+00  1.22685943e+00  3.78364561e-01
  5.31849569e+01  1.55013711e+01  7.31837087e-01  3.68144000e+00
  2.57145369e+04 -1.45348595e-03]
saving params.txt: (3.1266922258808285, 7.39181663278612, 1.2268594270333035, 0.3783645607290189, 53.18495686569129, 15.501371064651412, 0.7318370870066687, 3.68144, 25714.536893856362, -0.0014534859548449445)
saving energy.txt: [-7.40611444 -7.41433734 -7.4166631  -7.41718834 -7.41664992 -7.41550223
 -7.41350993 -7.40828167 -7.40417962 -7.3995896  -7.39771452 -7.40512856
 -7.41365854 -7.41615683 -7.41681633 -7.41637972 -7.41530774 -7.41338582
 -7.40824284 -7.40416791 -7.39958861 -7.39771444 -7.3975928  -7.40917413
 -7.41309008 -7.41471171 -7.41493345 -7.41431359 -7.4127829  -7.40807076
 -7.40411911 -7.39958477 -7.39771415 -7.38322827 -7.40074087 -7.40737641
 -7.41082167 -7.41227852 -7.41249951 -7.41169032 -7.40776305 -7.40403266
 -7.39957806 -7.39771365]
params_e0 (3.0932595590501784, 7.496870321520405, 1.2806598151148871, 0.3844033353542739, 53.179218161646105, 15.500097553945592, 0.7751661389964856, 25714.536849893677, -0.00019154563014527114)
reconstructed_params [ 3.09325956e+00  7.49687032e+00  1.28065982e+00  3.84403335e-01
  5.31792182e+01  1.55000976e+01  7.75166139e-01  3.68144000e+00
  2.57145368e+04 -1.91545630e-04]
saving params.txt: (3.0932595590501784, 7.496870321520405, 1.2806598151148871, 0.3844033353542739, 53.179218161646105, 15.500097553945592, 0.7751661389964856, 3.68144, 25714.536849893677, -0.00019154563014527114)
saving energy.txt: [-7.40316965 -7.41357977 -7.41634926 -7.41690952 -7.4162588  -7.41496172
 -7.41278097 -7.40724094 -7.4030013  -7.39833778 -7.39645363 -7.40197372
 -7.41286693 -7.41584217 -7.41654775 -7.41600203 -7.41478054 -7.41266808
 -7.4072074  -7.40299164 -7.39833703 -7.39645358 -7.39501048 -7.4088633
 -7.41316698 -7.41474529 -7.41478189 -7.41395279 -7.41217407 -7.40707158
 -7.40295449 -7.39833431 -7.39645338 -7.38211517 -7.40146954 -7.40826356
 -7.41146636 -7.41257696 -7.41246548 -7.41129222 -7.40683215 -7.40288957
 -7.39832961 -7.39645305]
params_e0 (3.078831469868119, 7.503820629644893, 1.3052534529089124, 0.38480619968099905, 53.18157385795717, 15.499980121177531, 0.7905146784761266, 25714.53684739402, 0.00016035373069716924)
reconstructed_params [3.07883147e+00 7.50382063e+00 1.30525345e+00 3.84806200e-01
 5.31815739e+01 1.54999801e+01 7.90514678e-01 3.68144000e+00
 2.57145368e+04 1.60353731e-04]
saving params.txt: (3.078831469868119, 7.503820629644893, 1.3052534529089124, 0.38480619968099905, 53.18157385795717, 15.499980121177531, 0.7905146784761266, 3.68144, 25714.53684739402, 0.00016035373069716924)
saving energy.txt: [-7.40175536 -7.41314872 -7.41617566 -7.4167989  -7.41613384 -7.41479926
 -7.4125668  -7.40694281 -7.40266871 -7.39798806 -7.39610194 -7.40046196
 -7.41241921 -7.4156696  -7.41644276 -7.41588335 -7.41462378 -7.41245833
 -7.40691111 -7.40265971 -7.39798737 -7.3961019  -7.39377984 -7.40860579
 -7.41314364 -7.41475325 -7.41474609 -7.41385568 -7.41200221 -7.40678704
 -7.40262611 -7.39798496 -7.39610173 -7.38158859 -7.40162779 -7.40854739
 -7.41170042 -7.41270429 -7.41248435 -7.41119299 -7.40656954 -7.40256769
 -7.3979808  -7.39610144]
params_e0 (3.075173747490282, 7.505200376213687, 1.311633078962267, 0.3848850261055597, 53.18221551875516, 15.499955071269222, 0.7942199416375086, 25714.53684691508, 0.00024532365547376)
reconstructed_params [3.07517375e+00 7.50520038e+00 1.31163308e+00 3.84885026e-01
 5.31822155e+01 1.54999551e+01 7.94219942e-01 3.68144000e+00
 2.57145368e+04 2.45323655e-04]
saving params.txt: (3.075173747490282, 7.505200376213687, 1.311633078962267, 0.3848850261055597, 53.18221551875516, 15.499955071269222, 0.7942199416375086, 3.68144, 25714.53684691508, 0.00024532365547376)
saving energy.txt: [-7.40137472 -7.41302576 -7.41612592 -7.41676992 -7.41610358 -7.41476059
 -7.41251568 -7.40687102 -7.40258844 -7.39790361 -7.39601703 -7.40005862
 -7.41229202 -7.41562039 -7.41641549 -7.41585489 -7.41458668 -7.41240841
 -7.40683979 -7.40257961 -7.39790294 -7.39601698 -7.39345047 -7.4085252
 -7.41313067 -7.41475345 -7.41473781 -7.41383312 -7.41196149 -7.40671856
 -7.40254685 -7.3979006  -7.39601682 -7.38143916 -7.40164927 -7.40860868
 -7.41175518 -7.41273542 -7.4124898  -7.41116979 -7.40650632 -7.40248998
 -7.39789657 -7.39601654]
params_e0 (3.07425749112909, 7.505529058604549, 1.3132395592973332, 0.3849037392700242, 53.18237813386125, 15.499949008074426, 0.7951383512707444, 25714.53684680191, 0.000266380846990535)
reconstructed_params [3.07425749e+00 7.50552906e+00 1.31323956e+00 3.84903739e-01
 5.31823781e+01 1.54999490e+01 7.95138351e-01 3.68144000e+00
 2.57145368e+04 2.66380847e-04]
saving params.txt: (3.07425749112909, 7.505529058604549, 1.3132395592973332, 0.3849037392700242, 53.18237813386125, 15.499949008074426, 0.7951383512707444, 3.68144, 25714.53684680191, 0.000266380846990535)
saving energy.txt: [-7.40127805 -7.41299409 -7.41611309 -7.41676259 -7.41609608 -7.41475105
 -7.41250306 -7.40685325 -7.40256855 -7.39788268 -7.39599598 -7.39995645
 -7.41225929 -7.4156077  -7.41640861 -7.41584785 -7.41457754 -7.41239609
 -7.40682214 -7.40255976 -7.39788202 -7.39599593 -7.39336702 -7.40850405
 -7.41312696 -7.41475337 -7.41473578 -7.41382759 -7.41195145 -7.40670161
 -7.40252722 -7.39787969 -7.39599577 -7.38140082 -7.40165349 -7.40862334
 -7.4117686  -7.41274313 -7.4124912  -7.41116409 -7.40649067 -7.40247073
 -7.3978757  -7.3959955 ]
params_e0 (3.0740290740902925, 7.505610283164641, 1.313642007847754, 0.384908360564202, 53.182419002640685, 15.499947503397072, 0.7953675431860032, 25714.536846773997, 0.0002715764388404154)
reconstructed_params [3.07402907e+00 7.50561028e+00 1.31364201e+00 3.84908361e-01
 5.31824190e+01 1.54999475e+01 7.95367543e-01 3.68144000e+00
 2.57145368e+04 2.71576439e-04]
saving params.txt: (3.0740290740902925, 7.505610283164641, 1.313642007847754, 0.384908360564202, 53.182419002640685, 15.499947503397072, 0.7953675431860032, 3.68144, 25714.536846773997, 0.0002715764388404154)
saving energy.txt: [-7.40125369 -7.41298607 -7.41610984 -7.41676076 -7.41609423 -7.4147487
 -7.41249996 -7.40684886 -7.40256365 -7.39787752 -7.39599079 -7.39993073
 -7.412251   -7.41560449 -7.41640689 -7.41584612 -7.4145753  -7.41239306
 -7.40681779 -7.40255486 -7.39787686 -7.39599074 -7.39334598 -7.40849865
 -7.41312598 -7.41475335 -7.41473529 -7.41382624 -7.41194899 -7.40669743
 -7.40252237 -7.39787454 -7.39599058 -7.38139105 -7.40165441 -7.40862694
 -7.41177193 -7.41274507 -7.41249158 -7.4111627  -7.40648681 -7.40246598
 -7.39787055 -7.39599031]
params_e0 (3.0740291198968954, 7.505610283164641, 1.313642007847754, 0.384908360564202, 53.182419002640685, 15.499947503397072, 0.7953675431860032, 25714.536846773997, 0.0002715764388404154)
reconstructed_params [3.07402912e+00 7.50561028e+00 1.31364201e+00 3.84908361e-01
 5.31824190e+01 1.54999475e+01 7.95367543e-01 3.68144000e+00
 2.57145368e+04 2.71576439e-04]
saving params.txt: (3.0740291198968954, 7.505610283164641, 1.313642007847754, 0.384908360564202, 53.182419002640685, 15.499947503397072, 0.7953675431860032, 3.68144, 25714.536846773997, 0.0002715764388404154)
saving energy.txt: [-7.40125368 -7.41298607 -7.41610983 -7.41676076 -7.41609423 -7.4147487
 -7.41249996 -7.40684886 -7.40256365 -7.39787752 -7.39599079 -7.39993072
 -7.41225099 -7.41560449 -7.41640688 -7.41584611 -7.4145753  -7.41239306
 -7.40681779 -7.40255486 -7.39787686 -7.39599074 -7.39334597 -7.40849865
 -7.41312598 -7.41475334 -7.41473529 -7.41382624 -7.41194899 -7.40669743
 -7.40252237 -7.39787454 -7.39599058 -7.38139104 -7.40165441 -7.40862693
 -7.41177193 -7.41274507 -7.41249158 -7.4111627  -7.40648681 -7.40246598
 -7.39787055 -7.39599031]
params_e0 (3.0740290740902925, 7.50561039500695, 1.313642007847754, 0.384908360564202, 53.182419002640685, 15.499947503397072, 0.7953675431860032, 25714.536846773997, 0.0002715764388404154)
reconstructed_params [3.07402907e+00 7.50561040e+00 1.31364201e+00 3.84908361e-01
 5.31824190e+01 1.54999475e+01 7.95367543e-01 3.68144000e+00
 2.57145368e+04 2.71576439e-04]
saving params.txt: (3.0740290740902925, 7.50561039500695, 1.313642007847754, 0.384908360564202, 53.182419002640685, 15.499947503397072, 0.7953675431860032, 3.68144, 25714.536846773997, 0.0002715764388404154)
saving energy.txt: [-7.40125369 -7.41298607 -7.41610984 -7.41676076 -7.41609423 -7.4147487
 -7.41249996 -7.40684886 -7.40256365 -7.39787752 -7.39599079 -7.39993073
 -7.412251   -7.41560449 -7.41640689 -7.41584612 -7.4145753  -7.41239306
 -7.40681779 -7.40255487 -7.39787686 -7.39599074 -7.39334598 -7.40849865
 -7.41312598 -7.41475335 -7.41473529 -7.41382624 -7.41194899 -7.40669743
 -7.40252237 -7.39787454 -7.39599058 -7.38139105 -7.40165441 -7.40862694
 -7.41177193 -7.41274507 -7.41249158 -7.4111627  -7.40648681 -7.40246598
 -7.39787055 -7.39599031]
params_e0 (3.0740290740902925, 7.505610283164641, 1.3136420274225453, 0.384908360564202, 53.182419002640685, 15.499947503397072, 0.7953675431860032, 25714.536846773997, 0.0002715764388404154)
reconstructed_params [3.07402907e+00 7.50561028e+00 1.31364203e+00 3.84908361e-01
 5.31824190e+01 1.54999475e+01 7.95367543e-01 3.68144000e+00
 2.57145368e+04 2.71576439e-04]
saving params.txt: (3.0740290740902925, 7.505610283164641, 1.3136420274225453, 0.384908360564202, 53.182419002640685, 15.499947503397072, 0.7953675431860032, 3.68144, 25714.536846773997, 0.0002715764388404154)
saving energy.txt: [-7.40125369 -7.41298607 -7.41610984 -7.41676076 -7.41609423 -7.4147487
 -7.41249996 -7.40684886 -7.40256365 -7.39787752 -7.39599079 -7.39993072
 -7.412251   -7.41560449 -7.41640688 -7.41584612 -7.4145753  -7.41239306
 -7.40681779 -7.40255486 -7.39787686 -7.39599074 -7.39334598 -7.40849865
 -7.41312598 -7.41475335 -7.41473529 -7.41382624 -7.41194899 -7.40669743
 -7.40252237 -7.39787454 -7.39599058 -7.38139105 -7.40165441 -7.40862694
 -7.41177193 -7.41274507 -7.41249158 -7.4111627  -7.40648681 -7.40246598
 -7.39787055 -7.39599031]
params_e0 (3.0740290740902925, 7.505610283164641, 1.313642007847754, 0.3849083754653632, 53.182419002640685, 15.499947503397072, 0.7953675431860032, 25714.536846773997, 0.0002715764388404154)
reconstructed_params [3.07402907e+00 7.50561028e+00 1.31364201e+00 3.84908375e-01
 5.31824190e+01 1.54999475e+01 7.95367543e-01 3.68144000e+00
 2.57145368e+04 2.71576439e-04]
saving params.txt: (3.0740290740902925, 7.505610283164641, 1.313642007847754, 0.3849083754653632, 53.182419002640685, 15.499947503397072, 0.7953675431860032, 3.68144, 25714.536846773997, 0.0002715764388404154)
saving energy.txt: [-7.40125369 -7.41298607 -7.41610984 -7.41676076 -7.41609423 -7.4147487
 -7.41249996 -7.40684886 -7.40256365 -7.39787752 -7.39599079 -7.39993073
 -7.412251   -7.41560449 -7.41640688 -7.41584612 -7.4145753  -7.41239306
 -7.40681779 -7.40255486 -7.39787686 -7.39599074 -7.39334598 -7.40849865
 -7.41312598 -7.41475335 -7.41473529 -7.41382624 -7.41194899 -7.40669743
 -7.40252237 -7.39787454 -7.39599058 -7.38139105 -7.40165441 -7.40862694
 -7.41177193 -7.41274507 -7.41249158 -7.4111627  -7.40648681 -7.40246598
 -7.39787055 -7.39599031]
params_e0 (3.0740290740902925, 7.505610283164641, 1.313642007847754, 0.384908360564202, 53.18241979512048, 15.499947503397072, 0.7953675431860032, 25714.536846773997, 0.0002715764388404154)
reconstructed_params [3.07402907e+00 7.50561028e+00 1.31364201e+00 3.84908361e-01
 5.31824198e+01 1.54999475e+01 7.95367543e-01 3.68144000e+00
 2.57145368e+04 2.71576439e-04]
saving params.txt: (3.0740290740902925, 7.505610283164641, 1.313642007847754, 0.384908360564202, 53.18241979512048, 15.499947503397072, 0.7953675431860032, 3.68144, 25714.536846773997, 0.0002715764388404154)
saving energy.txt: [-7.40125369 -7.41298607 -7.41610984 -7.41676076 -7.41609423 -7.4147487
 -7.41249996 -7.40684886 -7.40256365 -7.39787752 -7.39599079 -7.39993072
 -7.412251   -7.41560449 -7.41640688 -7.41584612 -7.4145753  -7.41239306
 -7.40681779 -7.40255486 -7.39787686 -7.39599074 -7.39334598 -7.40849865
 -7.41312598 -7.41475335 -7.41473529 -7.41382624 -7.41194899 -7.40669743
 -7.40252237 -7.39787454 -7.39599058 -7.38139105 -7.40165441 -7.40862694
 -7.41177193 -7.41274507 -7.41249158 -7.4111627  -7.40648681 -7.40246598
 -7.39787055 -7.39599031]
params_e0 (3.0740290740902925, 7.505610283164641, 1.313642007847754, 0.384908360564202, 53.182419002640685, 15.499947734364289, 0.7953675431860032, 25714.536846773997, 0.0002715764388404154)
reconstructed_params [3.07402907e+00 7.50561028e+00 1.31364201e+00 3.84908361e-01
 5.31824190e+01 1.54999477e+01 7.95367543e-01 3.68144000e+00
 2.57145368e+04 2.71576439e-04]
saving params.txt: (3.0740290740902925, 7.505610283164641, 1.313642007847754, 0.384908360564202, 53.182419002640685, 15.499947734364289, 0.7953675431860032, 3.68144, 25714.536846773997, 0.0002715764388404154)
saving energy.txt: [-7.40125369 -7.41298607 -7.41610984 -7.41676076 -7.41609423 -7.4147487
 -7.41249996 -7.40684886 -7.40256365 -7.39787752 -7.39599079 -7.39993073
 -7.412251   -7.41560449 -7.41640689 -7.41584612 -7.4145753  -7.41239306
 -7.40681779 -7.40255486 -7.39787686 -7.39599074 -7.39334598 -7.40849865
 -7.41312598 -7.41475335 -7.41473529 -7.41382624 -7.41194899 -7.40669743
 -7.40252237 -7.39787454 -7.39599058 -7.38139105 -7.40165441 -7.40862694
 -7.41177193 -7.41274507 -7.41249158 -7.4111627  -7.40648681 -7.40246598
 -7.39787055 -7.39599031]
params_e0 (3.0740290740902925, 7.505610283164641, 1.313642007847754, 0.384908360564202, 53.182419002640685, 15.499947503397072, 0.7953675580871644, 25714.536846773997, 0.0002715764388404154)
reconstructed_params [3.07402907e+00 7.50561028e+00 1.31364201e+00 3.84908361e-01
 5.31824190e+01 1.54999475e+01 7.95367558e-01 3.68144000e+00
 2.57145368e+04 2.71576439e-04]
saving params.txt: (3.0740290740902925, 7.505610283164641, 1.313642007847754, 0.384908360564202, 53.182419002640685, 15.499947503397072, 0.7953675580871644, 3.68144, 25714.536846773997, 0.0002715764388404154)
saving energy.txt: [-7.40125369 -7.41298607 -7.41610984 -7.41676076 -7.41609423 -7.4147487
 -7.41249996 -7.40684886 -7.40256365 -7.39787752 -7.39599079 -7.39993072
 -7.412251   -7.41560449 -7.41640688 -7.41584612 -7.4145753  -7.41239306
 -7.40681779 -7.40255486 -7.39787686 -7.39599074 -7.39334598 -7.40849865
 -7.41312598 -7.41475335 -7.41473529 -7.41382624 -7.41194899 -7.40669743
 -7.40252237 -7.39787454 -7.39599058 -7.38139105 -7.40165441 -7.40862694
 -7.41177193 -7.41274507 -7.41249158 -7.4111627  -7.40648681 -7.40246598
 -7.39787055 -7.39599031]
params_e0 (3.0740290740902925, 7.505610283164641, 1.313642007847754, 0.384908360564202, 53.182419002640685, 15.499947503397072, 0.7953675431860032, 25714.537229950456, 0.0002715764388404154)
reconstructed_params [3.07402907e+00 7.50561028e+00 1.31364201e+00 3.84908361e-01
 5.31824190e+01 1.54999475e+01 7.95367543e-01 3.68144000e+00
 2.57145372e+04 2.71576439e-04]
saving params.txt: (3.0740290740902925, 7.505610283164641, 1.313642007847754, 0.384908360564202, 53.182419002640685, 15.499947503397072, 0.7953675431860032, 3.68144, 25714.537229950456, 0.0002715764388404154)
saving energy.txt: [-7.40125369 -7.41298607 -7.41610984 -7.41676076 -7.41609423 -7.4147487
 -7.41249996 -7.40684886 -7.40256365 -7.39787752 -7.39599079 -7.39993073
 -7.412251   -7.41560449 -7.41640689 -7.41584612 -7.4145753  -7.41239306
 -7.40681779 -7.40255487 -7.39787686 -7.39599074 -7.39334598 -7.40849865
 -7.41312598 -7.41475335 -7.41473529 -7.41382624 -7.41194899 -7.40669743
 -7.40252237 -7.39787454 -7.39599058 -7.38139105 -7.40165441 -7.40862694
 -7.41177193 -7.41274507 -7.41249158 -7.4111627  -7.40648681 -7.40246598
 -7.39787055 -7.39599031]
params_e0 (3.0740290740902925, 7.505610283164641, 1.313642007847754, 0.384908360564202, 53.182419002640685, 15.499947503397072, 0.7953675431860032, 25714.536846773997, 0.00027159134000160923)
reconstructed_params [3.07402907e+00 7.50561028e+00 1.31364201e+00 3.84908361e-01
 5.31824190e+01 1.54999475e+01 7.95367543e-01 3.68144000e+00
 2.57145368e+04 2.71591340e-04]
saving params.txt: (3.0740290740902925, 7.505610283164641, 1.313642007847754, 0.384908360564202, 53.182419002640685, 15.499947503397072, 0.7953675431860032, 3.68144, 25714.536846773997, 0.00027159134000160923)
saving energy.txt: [-7.40125367 -7.41298606 -7.41610982 -7.41676074 -7.41609421 -7.41474869
 -7.41249994 -7.40684885 -7.40256363 -7.3978775  -7.39599077 -7.39993071
 -7.41225099 -7.41560448 -7.41640687 -7.4158461  -7.41457528 -7.41239304
 -7.40681777 -7.40255485 -7.39787684 -7.39599073 -7.39334596 -7.40849864
 -7.41312597 -7.41475333 -7.41473528 -7.41382622 -7.41194898 -7.40669742
 -7.40252236 -7.39787452 -7.39599057 -7.38139104 -7.4016544  -7.40862692
 -7.41177192 -7.41274506 -7.41249156 -7.41116269 -7.4064868  -7.40246596
 -7.39787053 -7.39599029]
