/projects/qmchamm/shared/mick/ilp_fitting
    basis method  registry  distance    energy  energy_err     d     a
767    c2    QMC   0.00000      3.00 -7.402388    0.000328  3.00  2.46
768    c2    QMC   0.00000      3.20 -7.412796    0.000278  3.20  2.46
769    c2    QMC   0.00000      3.35 -7.416119    0.000264  3.35  2.46
770    c2    QMC   0.00000      3.50 -7.416772    0.000282  3.50  2.46
771    c2    QMC   0.00000      3.65 -7.415003    0.000374  3.65  2.46
772    c2    QMC   0.00000      3.80 -7.412760    0.000230  3.80  2.46
773    c2    QMC   0.00000      4.00 -7.410565    0.000278  4.00  2.46
774    c2    QMC   0.00000      4.50 -7.404000    0.000256  4.50  2.46
775    c2    QMC   0.00000      5.00 -7.400149    0.000235  5.00  2.46
776    c2    QMC   0.00000      6.00 -7.397333    0.000217  6.00  2.46
777    c2    QMC   0.00000      7.00 -7.396415    0.000221  7.00  2.46
778    c2    QMC   0.16667      3.00 -7.399188    0.000145  3.00  2.46
779    c2    QMC   0.16667      3.20 -7.411959    0.000175  3.20  2.46
780    c2    QMC   0.16667      3.35 -7.415276    0.000147  3.35  2.46
781    c2    QMC   0.16667      3.50 -7.416259    0.000164  3.50  2.46
782    c2    QMC   0.16667      3.65 -7.415209    0.000194  3.65  2.46
783    c2    QMC   0.16667      3.80 -7.412987    0.000262  3.80  2.46
784    c2    QMC   0.16667      4.00 -7.410067    0.000152  4.00  2.46
785    c2    QMC   0.16667      4.50 -7.403974    0.000197  4.50  2.46
786    c2    QMC   0.16667      5.00 -7.399793    0.000181  5.00  2.46
787    c2    QMC   0.16667      6.00 -7.397039    0.000171  6.00  2.46
788    c2    QMC   0.16667      7.00 -7.395969    0.000152  7.00  2.46
789    c2    QMC   0.50000      3.00 -7.390987    0.000284  3.00  2.46
790    c2    QMC   0.50000      3.20 -7.406952    0.000212  3.20  2.46
791    c2    QMC   0.50000      3.35 -7.411909    0.000274  3.35  2.46
792    c2    QMC   0.50000      3.50 -7.413657    0.000271  3.50  2.46
793    c2    QMC   0.50000      3.65 -7.413999    0.000274  3.65  2.46
794    c2    QMC   0.50000      3.80 -7.412379    0.000217  3.80  2.46
795    c2    QMC   0.50000      4.00 -7.409976    0.000229  4.00  2.46
796    c2    QMC   0.50000      4.50 -7.403725    0.000239  4.50  2.46
797    c2    QMC   0.50000      5.00 -7.400076    0.000332  5.00  2.46
798    c2    QMC   0.50000      6.00 -7.397094    0.000206  6.00  2.46
799    c2    QMC   0.50000      7.00 -7.396256    0.000215  7.00  2.46
800    c2    QMC   0.66667      3.00 -7.374165    0.000203  3.00  2.46
801    c2    QMC   0.66667      3.20 -7.398436    0.000406  3.20  2.46
802    c2    QMC   0.66667      3.35 -7.407410    0.000244  3.35  2.46
803    c2    QMC   0.66667      3.50 -7.411002    0.000288  3.50  2.46
804    c2    QMC   0.66667      3.65 -7.412222    0.000304  3.65  2.46
805    c2    QMC   0.66667      3.80 -7.411072    0.000225  3.80  2.46
806    c2    QMC   0.66667      4.00 -7.409340    0.000371  4.00  2.46
807    c2    QMC   0.66667      4.50 -7.404098    0.000251  4.50  2.46
808    c2    QMC   0.66667      5.00 -7.399931    0.000278  5.00  2.46
809    c2    QMC   0.66667      6.00 -7.397270    0.000237  6.00  2.46
810    c2    QMC   0.66667      7.00 -7.395750    0.000319  7.00  2.46
[7]
mask [ True  True  True  True  True  True  True  True  True  True]
exclude_idxs [7]
[3.17533930e+00 8.88229751e+00 1.23347790e+00 4.52265066e-12
 4.50770781e+01 1.54999470e+01 7.95444300e-01 3.68144000e+00
 2.57418982e+04 4.48391948e-03]
[3.17533930e+00 8.88229751e+00 1.23347790e+00 4.52265066e-12
 4.50770781e+01 1.54999470e+01 7.95444300e-01 2.57418982e+04
 4.48391948e-03]
params_e0 (3.175339304541804, 8.882297505332877, 1.2334779025311873, 1e-10, 45.077078091969305, 15.499947, 0.7954443, 25741.898194185815, 0.0044839194775836075)
reconstructed_params [3.17533930e+00 8.88229751e+00 1.23347790e+00 1.00000000e-10
 4.50770781e+01 1.54999470e+01 7.95444300e-01 3.68144000e+00
 2.57418982e+04 4.48391948e-03]
saving params.txt: (3.175339304541804, 8.882297505332877, 1.2334779025311873, 1e-10, 45.077078091969305, 15.499947, 0.7954443, 3.68144, 25741.898194185815, 0.0044839194775836075)
saving energy.txt: [-7.39807581 -7.41249673 -7.41602968 -7.41645208 -7.4152812  -7.41335344
 -7.41037276 -7.4034836  -7.39865689 -7.39369933 -7.39178248 -7.39711087
 -7.41195757 -7.41565614 -7.41619027 -7.41509912 -7.41322817 -7.41029782
 -7.40346397 -7.39865201 -7.39369905 -7.39178247 -7.38857535 -7.40734551
 -7.41274021 -7.4143341  -7.41391152 -7.41246612 -7.40987523 -7.40336714
 -7.39862993 -7.39369793 -7.39178241 -7.37211824 -7.3984747  -7.4071722
 -7.41082031 -7.41168194 -7.41104617 -7.4090947  -7.40319136 -7.39859035
 -7.39369595 -7.39178232]
params_e0 (3.175339351858047, 8.882297505332877, 1.2334779025311873, 1e-10, 45.077078091969305, 15.499947, 0.7954443, 25741.898194185815, 0.0044839194775836075)
reconstructed_params [3.17533935e+00 8.88229751e+00 1.23347790e+00 1.00000000e-10
 4.50770781e+01 1.54999470e+01 7.95444300e-01 3.68144000e+00
 2.57418982e+04 4.48391948e-03]
saving params.txt: (3.175339351858047, 8.882297505332877, 1.2334779025311873, 1e-10, 45.077078091969305, 15.499947, 0.7954443, 3.68144, 25741.898194185815, 0.0044839194775836075)
saving energy.txt: [-7.3980758  -7.41249672 -7.41602968 -7.41645207 -7.4152812  -7.41335343
 -7.41037276 -7.4034836  -7.39865689 -7.39369933 -7.39178248 -7.39711086
 -7.41195756 -7.41565614 -7.41619027 -7.41509912 -7.41322817 -7.41029782
 -7.40346397 -7.39865201 -7.39369905 -7.39178247 -7.38857534 -7.4073455
 -7.41274021 -7.4143341  -7.41391152 -7.41246612 -7.40987523 -7.40336714
 -7.39862993 -7.39369793 -7.39178241 -7.37211823 -7.3984747  -7.4071722
 -7.41082031 -7.41168194 -7.41104616 -7.4090947  -7.40319136 -7.39859035
 -7.39369595 -7.39178232]
params_e0 (3.175339304541804, 8.882297637689424, 1.2334779025311873, 1e-10, 45.077078091969305, 15.499947, 0.7954443, 25741.898194185815, 0.0044839194775836075)
reconstructed_params [3.17533930e+00 8.88229764e+00 1.23347790e+00 1.00000000e-10
 4.50770781e+01 1.54999470e+01 7.95444300e-01 3.68144000e+00
 2.57418982e+04 4.48391948e-03]
saving params.txt: (3.175339304541804, 8.882297637689424, 1.2334779025311873, 1e-10, 45.077078091969305, 15.499947, 0.7954443, 3.68144, 25741.898194185815, 0.0044839194775836075)
saving energy.txt: [-7.39807581 -7.41249673 -7.41602968 -7.41645208 -7.4152812  -7.41335344
 -7.41037276 -7.4034836  -7.39865689 -7.39369933 -7.39178248 -7.39711087
 -7.41195757 -7.41565614 -7.41619027 -7.41509912 -7.41322817 -7.41029782
 -7.40346397 -7.39865201 -7.39369905 -7.39178247 -7.38857535 -7.40734551
 -7.41274021 -7.4143341  -7.41391152 -7.41246612 -7.40987523 -7.40336714
 -7.39862993 -7.39369793 -7.39178241 -7.37211824 -7.3984747  -7.4071722
 -7.41082031 -7.41168194 -7.41104617 -7.4090947  -7.40319136 -7.39859035
 -7.39369595 -7.39178232]
params_e0 (3.175339304541804, 8.882297505332877, 1.2334779209114404, 1e-10, 45.077078091969305, 15.499947, 0.7954443, 25741.898194185815, 0.0044839194775836075)
reconstructed_params [3.17533930e+00 8.88229751e+00 1.23347792e+00 1.00000000e-10
 4.50770781e+01 1.54999470e+01 7.95444300e-01 3.68144000e+00
 2.57418982e+04 4.48391948e-03]
saving params.txt: (3.175339304541804, 8.882297505332877, 1.2334779209114404, 1e-10, 45.077078091969305, 15.499947, 0.7954443, 3.68144, 25741.898194185815, 0.0044839194775836075)
saving energy.txt: [-7.39807581 -7.41249673 -7.41602968 -7.41645208 -7.4152812  -7.41335344
 -7.41037276 -7.4034836  -7.39865689 -7.39369933 -7.39178248 -7.39711087
 -7.41195756 -7.41565614 -7.41619027 -7.41509912 -7.41322817 -7.41029782
 -7.40346397 -7.39865201 -7.39369905 -7.39178247 -7.38857535 -7.40734551
 -7.41274021 -7.4143341  -7.41391152 -7.41246612 -7.40987523 -7.40336714
 -7.39862993 -7.39369793 -7.39178241 -7.37211824 -7.3984747  -7.4071722
 -7.41082031 -7.41168194 -7.41104617 -7.4090947  -7.40319136 -7.39859035
 -7.39369595 -7.39178232]
params_e0 (3.175339304541804, 8.882297505332877, 1.2334779025311873, 1.5001161193847657e-08, 45.077078091969305, 15.499947, 0.7954443, 25741.898194185815, 0.0044839194775836075)
reconstructed_params [3.17533930e+00 8.88229751e+00 1.23347790e+00 1.50011612e-08
 4.50770781e+01 1.54999470e+01 7.95444300e-01 3.68144000e+00
 2.57418982e+04 4.48391948e-03]
saving params.txt: (3.175339304541804, 8.882297505332877, 1.2334779025311873, 1.5001161193847657e-08, 45.077078091969305, 15.499947, 0.7954443, 3.68144, 25741.898194185815, 0.0044839194775836075)
saving energy.txt: [-7.39807581 -7.41249673 -7.41602968 -7.41645208 -7.4152812  -7.41335344
 -7.41037276 -7.4034836  -7.39865689 -7.39369933 -7.39178248 -7.39711087
 -7.41195757 -7.41565614 -7.41619027 -7.41509912 -7.41322817 -7.41029782
 -7.40346397 -7.39865201 -7.39369905 -7.39178247 -7.38857535 -7.40734551
 -7.41274021 -7.4143341  -7.41391152 -7.41246612 -7.40987523 -7.40336714
 -7.39862993 -7.39369793 -7.39178241 -7.37211824 -7.3984747  -7.4071722
 -7.41082031 -7.41168194 -7.41104617 -7.4090947  -7.40319136 -7.39859035
 -7.39369595 -7.39178232]
params_e0 (3.175339304541804, 8.882297505332877, 1.2334779025311873, 1e-10, 45.07707876367011, 15.499947, 0.7954443, 25741.898194185815, 0.0044839194775836075)
reconstructed_params [3.17533930e+00 8.88229751e+00 1.23347790e+00 1.00000000e-10
 4.50770788e+01 1.54999470e+01 7.95444300e-01 3.68144000e+00
 2.57418982e+04 4.48391948e-03]
saving params.txt: (3.175339304541804, 8.882297505332877, 1.2334779025311873, 1e-10, 45.07707876367011, 15.499947, 0.7954443, 3.68144, 25741.898194185815, 0.0044839194775836075)
saving energy.txt: [-7.39807581 -7.41249673 -7.41602968 -7.41645208 -7.4152812  -7.41335344
 -7.41037276 -7.4034836  -7.39865689 -7.39369933 -7.39178248 -7.39711087
 -7.41195756 -7.41565614 -7.41619027 -7.41509912 -7.41322817 -7.41029782
 -7.40346397 -7.39865201 -7.39369905 -7.39178247 -7.38857535 -7.40734551
 -7.41274021 -7.4143341  -7.41391152 -7.41246612 -7.40987523 -7.40336714
 -7.39862993 -7.39369793 -7.39178241 -7.37211824 -7.3984747  -7.4071722
 -7.41082031 -7.41168194 -7.41104617 -7.4090947  -7.40319136 -7.39859035
 -7.39369595 -7.39178232]
params_e0 (3.175339304541804, 8.882297505332877, 1.2334779025311873, 1e-10, 45.077078091969305, 15.499947230967209, 0.7954443, 25741.898194185815, 0.0044839194775836075)
reconstructed_params [3.17533930e+00 8.88229751e+00 1.23347790e+00 1.00000000e-10
 4.50770781e+01 1.54999472e+01 7.95444300e-01 3.68144000e+00
 2.57418982e+04 4.48391948e-03]
saving params.txt: (3.175339304541804, 8.882297505332877, 1.2334779025311873, 1e-10, 45.077078091969305, 15.499947230967209, 0.7954443, 3.68144, 25741.898194185815, 0.0044839194775836075)
saving energy.txt: [-7.39807581 -7.41249673 -7.41602968 -7.41645208 -7.4152812  -7.41335344
 -7.41037276 -7.4034836  -7.39865689 -7.39369933 -7.39178248 -7.39711087
 -7.41195757 -7.41565614 -7.41619027 -7.41509912 -7.41322817 -7.41029782
 -7.40346397 -7.39865201 -7.39369905 -7.39178247 -7.38857535 -7.40734551
 -7.41274021 -7.4143341  -7.41391152 -7.41246612 -7.40987523 -7.40336714
 -7.39862993 -7.39369793 -7.39178241 -7.37211824 -7.3984747  -7.4071722
 -7.41082031 -7.41168194 -7.41104617 -7.4090947  -7.40319136 -7.39859035
 -7.39369595 -7.39178232]
params_e0 (3.175339304541804, 8.882297505332877, 1.2334779025311873, 1e-10, 45.077078091969305, 15.499947, 0.7954443149011612, 25741.898194185815, 0.0044839194775836075)
reconstructed_params [3.17533930e+00 8.88229751e+00 1.23347790e+00 1.00000000e-10
 4.50770781e+01 1.54999470e+01 7.95444315e-01 3.68144000e+00
 2.57418982e+04 4.48391948e-03]
saving params.txt: (3.175339304541804, 8.882297505332877, 1.2334779025311873, 1e-10, 45.077078091969305, 15.499947, 0.7954443149011612, 3.68144, 25741.898194185815, 0.0044839194775836075)
saving energy.txt: [-7.39807581 -7.41249673 -7.41602968 -7.41645208 -7.4152812  -7.41335344
 -7.41037276 -7.4034836  -7.39865689 -7.39369933 -7.39178248 -7.39711087
 -7.41195756 -7.41565614 -7.41619027 -7.41509912 -7.41322817 -7.41029782
 -7.40346397 -7.39865201 -7.39369905 -7.39178247 -7.38857535 -7.40734551
 -7.41274021 -7.4143341  -7.41391152 -7.41246612 -7.40987523 -7.40336714
 -7.39862993 -7.39369793 -7.39178241 -7.37211824 -7.3984747  -7.4071722
 -7.41082031 -7.41168194 -7.41104617 -7.4090947  -7.40319136 -7.39859035
 -7.39369595 -7.39178232]
params_e0 (3.175339304541804, 8.882297505332877, 1.2334779025311873, 1e-10, 45.077078091969305, 15.499947, 0.7954443, 25741.89857776999, 0.0044839194775836075)
reconstructed_params [3.17533930e+00 8.88229751e+00 1.23347790e+00 1.00000000e-10
 4.50770781e+01 1.54999470e+01 7.95444300e-01 3.68144000e+00
 2.57418986e+04 4.48391948e-03]
saving params.txt: (3.175339304541804, 8.882297505332877, 1.2334779025311873, 1e-10, 45.077078091969305, 15.499947, 0.7954443, 3.68144, 25741.89857776999, 0.0044839194775836075)
saving energy.txt: [-7.39807581 -7.41249673 -7.41602968 -7.41645208 -7.4152812  -7.41335344
 -7.41037276 -7.4034836  -7.39865689 -7.39369933 -7.39178248 -7.39711087
 -7.41195757 -7.41565614 -7.41619027 -7.41509912 -7.41322817 -7.41029782
 -7.40346397 -7.39865201 -7.39369905 -7.39178247 -7.38857536 -7.40734551
 -7.41274021 -7.4143341  -7.41391152 -7.41246612 -7.40987523 -7.40336714
 -7.39862993 -7.39369793 -7.39178241 -7.37211825 -7.3984747  -7.4071722
 -7.41082031 -7.41168194 -7.41104617 -7.4090947  -7.40319136 -7.39859035
 -7.39369595 -7.39178232]
params_e0 (3.175339304541804, 8.882297505332877, 1.2334779025311873, 1e-10, 45.077078091969305, 15.499947, 0.7954443, 25741.898194185815, 0.004483934378744801)
reconstructed_params [3.17533930e+00 8.88229751e+00 1.23347790e+00 1.00000000e-10
 4.50770781e+01 1.54999470e+01 7.95444300e-01 3.68144000e+00
 2.57418982e+04 4.48393438e-03]
saving params.txt: (3.175339304541804, 8.882297505332877, 1.2334779025311873, 1e-10, 45.077078091969305, 15.499947, 0.7954443, 3.68144, 25741.898194185815, 0.004483934378744801)
saving energy.txt: [-7.3980758  -7.41249671 -7.41602967 -7.41645206 -7.41528118 -7.41335342
 -7.41037275 -7.40348358 -7.39865687 -7.39369931 -7.39178247 -7.39711086
 -7.41195755 -7.41565613 -7.41619026 -7.41509911 -7.41322815 -7.4102978
 -7.40346395 -7.39865199 -7.39369904 -7.39178245 -7.38857534 -7.4073455
 -7.4127402  -7.41433409 -7.41391151 -7.41246611 -7.40987522 -7.40336713
 -7.39862992 -7.39369792 -7.3917824  -7.37211823 -7.39847469 -7.40717219
 -7.4108203  -7.41168192 -7.41104615 -7.40909469 -7.40319134 -7.39859034
 -7.39369594 -7.3917823 ]
params_e0 (3.2220103375396776, 8.720350451731724, 1.3492229024258893, 6.032973667618137e-11, 45.769737243104565, 15.000345649637747, 0.6973076945319387, 31247.829758126973, 0.00809788098464428)
reconstructed_params [3.22201034e+00 8.72035045e+00 1.34922290e+00 6.03297367e-11
 4.57697372e+01 1.50003456e+01 6.97307695e-01 3.68144000e+00
 3.12478298e+04 8.09788098e-03]
saving params.txt: (3.2220103375396776, 8.720350451731724, 1.3492229024258893, 6.032973667618137e-11, 45.769737243104565, 15.000345649637747, 0.6973076945319387, 3.68144, 31247.829758126973, 0.00809788098464428)
saving energy.txt: [-7.39885249 -7.41179373 -7.4153739  -7.41604636 -7.41504542 -7.41314279
 -7.41000658 -7.40231027 -7.3966825  -7.39075859 -7.38843948 -7.39757486
 -7.41097718 -7.4148039  -7.41565405 -7.41477818 -7.41296218 -7.40990049
 -7.40228315 -7.39667578 -7.3907582  -7.38843946 -7.38952909 -7.40650043
 -7.41190424 -7.41377244 -7.4135564  -7.41216877 -7.40945444 -7.40217772
 -7.39665099 -7.39075686 -7.38843939 -7.37446247 -7.3982514  -7.40661297
 -7.41036682 -7.41136043 -7.41075135 -7.40866308 -7.40199311 -7.39660795
 -7.39075455 -7.38843927]
params_e0 (3.1928394280250716, 9.034355602589999, 1.2639110103301876, 1.3371787273874802e-11, 45.242755892615335, 14.294975857679832, 0.7426157493103009, 27118.380728498218, 0.005579850582158629)
reconstructed_params [3.19283943e+00 9.03435560e+00 1.26391101e+00 1.33717873e-11
 4.52427559e+01 1.42949759e+01 7.42615749e-01 3.68144000e+00
 2.71183807e+04 5.57985058e-03]
saving params.txt: (3.1928394280250716, 9.034355602589999, 1.2639110103301876, 1.3371787273874802e-11, 45.242755892615335, 14.294975857679832, 0.7426157493103009, 3.68144, 27118.380728498218, 0.005579850582158629)
saving energy.txt: [-7.39969935 -7.41291273 -7.41621225 -7.41658901 -7.41539294 -7.41341194
 -7.41031799 -7.4030916  -7.39800315 -7.39277464 -7.39075451 -7.39878936
 -7.41232619 -7.41579441 -7.41629671 -7.41519162 -7.41327499 -7.41023726
 -7.40307115 -7.39799821 -7.39277437 -7.3907545  -7.39025318 -7.40771312
 -7.41286604 -7.41443045 -7.41399975 -7.41251312 -7.40981759 -7.40297684
 -7.39797713 -7.39277335 -7.39075445 -7.37371556 -7.39889554 -7.40732711
 -7.41093374 -7.41178519 -7.41110791 -7.40905016 -7.40280721 -7.39793967
 -7.39277154 -7.39075436]
params_e0 (3.1855462703767072, 9.112857160015553, 1.2425831102085796, 1.6325429172227949e-12, 45.111078502107794, 14.11867603933703, 0.7539428396308164, 26086.016989482487, 0.0049503422405431)
reconstructed_params [3.18554627e+00 9.11285716e+00 1.24258311e+00 1.63254292e-12
 4.51110785e+01 1.41186760e+01 7.53942840e-01 3.68144000e+00
 2.60860170e+04 4.95034224e-03]
saving params.txt: (3.1855462703767072, 9.112857160015553, 1.2425831102085796, 1.6325429172227949e-12, 45.111078502107794, 14.11867603933703, 0.7539428396308164, 3.68144, 26086.016989482487, 0.0049503422405431)
saving energy.txt: [-7.39942173 -7.41287172 -7.41619293 -7.41655722 -7.41535462 -7.41338467
 -7.41033074 -7.40326252 -7.39832487 -7.39327782 -7.3913332  -7.39862459
 -7.41235711 -7.4158229  -7.41629609 -7.41517356 -7.4132609  -7.41025747
 -7.4032439  -7.39832039 -7.39327758 -7.39133319 -7.38999425 -7.40771983
 -7.41289422 -7.41443866 -7.41399263 -7.41250918 -7.40984562 -7.40315254
 -7.39830024 -7.39327663 -7.39133314 -7.37311702 -7.39876095 -7.40729435
 -7.41092119 -7.41177552 -7.41110871 -7.40908518 -7.4029868  -7.39826414
 -7.39327494 -7.39133307]
params_e0 (3.183721262420093, 9.132483635177495, 1.2372514267966874, 1.3012960585534884e-12, 45.078430602598516, 14.07477159651899, 0.7567749187224182, 25827.920129798058, 0.00479296219176941)
reconstructed_params [3.18372126e+00 9.13248364e+00 1.23725143e+00 1.30129606e-12
 4.50784306e+01 1.40747716e+01 7.56774919e-01 3.68144000e+00
 2.58279201e+04 4.79296219e-03]
saving params.txt: (3.183721262420093, 9.132483635177495, 1.2372514267966874, 1.3012960585534884e-12, 45.078430602598516, 14.07477159651899, 0.7567749187224182, 3.68144, 25827.920129798058, 0.00479296219176941)
saving energy.txt: [-7.39932275 -7.41284037 -7.41617308 -7.41653857 -7.41533728 -7.41337214
 -7.41033012 -7.40330389 -7.39840485 -7.39340358 -7.39147787 -7.3985558
 -7.41234469 -7.41581565 -7.41628563 -7.41516152 -7.41325181 -7.41025878
 -7.40328573 -7.39840048 -7.39340335 -7.39147786 -7.38990489 -7.40770221
 -7.41288736 -7.41443072 -7.41398354 -7.41250277 -7.40984896 -7.40319513
 -7.39838056 -7.39340241 -7.39147782 -7.3729458  -7.39870841 -7.40727233
 -7.41090815 -7.41176589 -7.41110356 -7.40909031 -7.40303035 -7.3983448
 -7.39340075 -7.39147774]
params_e0 (3.18325816625399, 9.137394713523337, 1.2359196747361516, 2.0308589522236666e-12, 45.071350660824784, 14.064478475534035, 0.7574841663520355, 25763.372221043348, 0.004753605328702169)
reconstructed_params [3.18325817e+00 9.13739471e+00 1.23591967e+00 2.03085895e-12
 4.50713507e+01 1.40644785e+01 7.57484166e-01 3.68144000e+00
 2.57633722e+04 4.75360533e-03]
saving params.txt: (3.18325816625399, 9.137394713523337, 1.2359196747361516, 2.0308589522236666e-12, 45.071350660824784, 14.064478475534035, 0.7574841663520355, 3.68144, 25763.372221043348, 0.004753605328702169)
saving energy.txt: [-7.39929604 -7.41283115 -7.41616713 -7.4165332  -7.41533244 -7.41336865
 -7.41032972 -7.40331415 -7.39842482 -7.39343502 -7.39151405 -7.39853678
 -7.41234026 -7.41581288 -7.41628234 -7.41515803 -7.41324918 -7.41025888
 -7.40329611 -7.39842048 -7.39343479 -7.39151404 -7.38988087 -7.40769652
 -7.41288472 -7.41442807 -7.41398079 -7.41250082 -7.40984956 -7.4032057
 -7.39840062 -7.39343386 -7.391514   -7.37290141 -7.39869399 -7.4072659
 -7.41090423 -7.41176301 -7.41110194 -7.40909137 -7.40304117 -7.39836494
 -7.3934322  -7.39151392]
params_e0 (3.1831148256490276, 9.138642603532604, 1.235591594165353, 2.197112804570422e-12, 45.07395661050516, 14.06472229559492, 0.7576665310975774, 25747.139385018378, 0.0047437182941387985)
reconstructed_params [3.18311483e+00 9.13864260e+00 1.23559159e+00 2.19711280e-12
 4.50739566e+01 1.40647223e+01 7.57666531e-01 3.68144000e+00
 2.57471394e+04 4.74371829e-03]
saving params.txt: (3.1831148256490276, 9.138642603532604, 1.235591594165353, 2.197112804570422e-12, 45.07395661050516, 14.06472229559492, 0.7576665310975774, 3.68144, 25747.139385018378, 0.0047437182941387985)
saving energy.txt: [-7.39928857 -7.41282849 -7.41616541 -7.41653171 -7.41533114 -7.41336772
 -7.4103296  -7.40331673 -7.39842984 -7.39344292 -7.39152314 -7.39853125
 -7.41233881 -7.41581197 -7.41628137 -7.41515706 -7.41324847 -7.41025888
 -7.40329872 -7.39842551 -7.39344269 -7.39152313 -7.38987387 -7.4076947
 -7.41288381 -7.41442726 -7.41398001 -7.41250029 -7.4098497  -7.40320835
 -7.39840566 -7.39344176 -7.39152308 -7.37288882 -7.39868984 -7.40726399
 -7.41090309 -7.4117622  -7.41110149 -7.40909163 -7.40304389 -7.39837
 -7.39344011 -7.39152301]
params_e0 (3.182860989855826, 9.139238859608826, 1.2355636128141316, 2.0768015000493718e-12, 45.110718669269026, 14.091729437876241, 0.7577569873465905, 25742.54393627208, 0.0047410139050641925)
reconstructed_params [3.18286099e+00 9.13923886e+00 1.23556361e+00 2.07680150e-12
 4.51107187e+01 1.40917294e+01 7.57756987e-01 3.68144000e+00
 2.57425439e+04 4.74101391e-03]
saving params.txt: (3.182860989855826, 9.139238859608826, 1.2355636128141316, 2.0768015000493718e-12, 45.110718669269026, 14.091729437876241, 0.7577569873465905, 3.68144, 25742.54393627208, 0.0047410139050641925)
saving energy.txt: [-7.3992806  -7.41282551 -7.41616352 -7.41653041 -7.41533029 -7.41336725
 -7.41032955 -7.4033175  -7.39843123 -7.39344507 -7.39152562 -7.39852381
 -7.41233618 -7.41581027 -7.41628018 -7.41515629 -7.41324805 -7.41025887
 -7.4032995  -7.3984269  -7.39344484 -7.39152561 -7.38986381 -7.40769138
 -7.41288191 -7.41442605 -7.41397929 -7.41249994 -7.40984975 -7.40320917
 -7.39840706 -7.39344391 -7.39152556 -7.37287277 -7.39868464 -7.40726139
 -7.41090168 -7.41176149 -7.41110123 -7.4090918  -7.40304476 -7.39837143
 -7.39344226 -7.39152549]
params_e0 (3.181979648772555, 9.128687168611075, 1.237513163875328, 2.6421812585250624e-11, 45.32158583451594, 15.226961896081793, 0.764821236927564, 25741.901465810955, 0.004699430771031221)
reconstructed_params [3.18197965e+00 9.12868717e+00 1.23751316e+00 2.64218126e-11
 4.53215858e+01 1.52269619e+01 7.64821237e-01 3.68144000e+00
 2.57419015e+04 4.69943077e-03]
saving params.txt: (3.181979648772555, 9.128687168611075, 1.237513163875328, 2.6421812585250624e-11, 45.32158583451594, 15.226961896081793, 0.764821236927564, 3.68144, 25741.901465810955, 0.004699430771031221)
saving energy.txt: [-7.39903882 -7.41276078 -7.4161261  -7.41650565 -7.41531773 -7.41336685
 -7.410343   -7.40335025 -7.39847025 -7.39348641 -7.39156716 -7.39825716
 -7.41226645 -7.41576948 -7.41625296 -7.41514202 -7.4132465  -7.41027165
 -7.4033321  -7.39846588 -7.39348618 -7.39156715 -7.38955047 -7.40761438
 -7.41283988 -7.41439837 -7.41396444 -7.41249774 -7.40986197 -7.40324153
 -7.39844597 -7.39348524 -7.3915671  -7.37250142 -7.39859947 -7.40722115
 -7.41087617 -7.41174758 -7.4110991  -7.40910364 -7.40307684 -7.39841023
 -7.39348358 -7.39156703]
params_e0 (3.177685779640031, 8.960680372672368, 1.2353107945662305, 8.264641170951465e-11, 45.156611388237785, 15.469339281713808, 0.7847040955999138, 25741.898463080244, 0.0045375269971852745)
reconstructed_params [3.17768578e+00 8.96068037e+00 1.23531079e+00 8.26464117e-11
 4.51566114e+01 1.54693393e+01 7.84704096e-01 3.68144000e+00
 2.57418985e+04 4.53752700e-03]
saving params.txt: (3.177685779640031, 8.960680372672368, 1.2353107945662305, 8.264641170951465e-11, 45.156611388237785, 15.469339281713808, 0.7847040955999138, 3.68144, 25741.898463080244, 0.0045375269971852745)
saving energy.txt: [-7.39861186 -7.41267097 -7.41609733 -7.41648424 -7.4153016  -7.41336613
 -7.41037365 -7.40345512 -7.39861237 -7.39364657 -7.39172894 -7.39771254
 -7.41214903 -7.41572945 -7.41622504 -7.41512124 -7.4132422  -7.41029972
 -7.40343594 -7.39860765 -7.39364631 -7.39172893 -7.38912108 -7.4075303
 -7.41281255 -7.41437076 -7.41393733 -7.41248456 -7.4098813  -7.40334115
 -7.39858629 -7.39364525 -7.39172888 -7.3724675  -7.39862223 -7.40723494
 -7.41085754 -7.41171323 -7.41107204 -7.40910812 -7.40316899 -7.39854798
 -7.39364338 -7.39172879]
params_e0 (3.1761448785569684, 8.901839606518754, 1.2344196412199888, 9.596891693257246e-11, 45.096960148783026, 15.493415177606341, 0.7913463337597386, 25741.898248653604, 0.004482889394739452)
reconstructed_params [3.17614488e+00 8.90183961e+00 1.23441964e+00 9.59689169e-11
 4.50969601e+01 1.54934152e+01 7.91346334e-01 3.68144000e+00
 2.57418982e+04 4.48288939e-03]
saving params.txt: (3.1761448785569684, 8.901839606518754, 1.2344196412199888, 9.596891693257246e-11, 45.096960148783026, 15.493415177606341, 0.7913463337597386, 3.68144, 25741.898248653604, 0.004482889394739452)
saving energy.txt: [-7.3983453  -7.4125823  -7.41606036 -7.41646494 -7.41529034 -7.41336246
 -7.41038168 -7.40348927 -7.39865977 -7.39370054 -7.39178353 -7.39740203
 -7.41204838 -7.41568794 -7.41620334 -7.41510834 -7.41323729 -7.41030686
 -7.40346972 -7.39865492 -7.39370027 -7.39178351 -7.38885715 -7.40743884
 -7.41277366 -7.4143483  -7.41392183 -7.41247634 -7.40988527 -7.40337339
 -7.39863302 -7.39369917 -7.39178346 -7.37235509 -7.39856603 -7.40720749
 -7.41083654 -7.41169438 -7.41105854 -7.40910667 -7.40319852 -7.39859376
 -7.39369722 -7.39178337]
params_e0 (3.1757383407618485, 8.886616177660928, 1.2341477088893757, 9.908827221636276e-11, 45.08149626254417, 15.498506266036582, 0.7931375360909403, 25741.898206117578, 0.004469555033987553)
reconstructed_params [3.17573834e+00 8.88661618e+00 1.23414771e+00 9.90882722e-11
 4.50814963e+01 1.54985063e+01 7.93137536e-01 3.68144000e+00
 2.57418982e+04 4.46955503e-03]
saving params.txt: (3.1757383407618485, 8.886616177660928, 1.2341477088893757, 9.908827221636276e-11, 45.08149626254417, 15.498506266036582, 0.7931375360909403, 3.68144, 25741.898206117578, 0.004469555033987553)
saving energy.txt: [-7.39825866 -7.41255182 -7.41604745 -7.41645848 -7.41528664 -7.41336089
 -7.41038312 -7.40349732 -7.39867122 -7.3937137  -7.39179685 -7.39730375
 -7.41201456 -7.41567381 -7.41619628 -7.41510424 -7.41323541 -7.41030806
 -7.40347768 -7.39866634 -7.39371343 -7.39179684 -7.38877107 -7.40740689
 -7.41275988 -7.41434088 -7.41391697 -7.41247357 -7.40988564 -7.40338094
 -7.3986443  -7.39371231 -7.39179678 -7.37230847 -7.39854245 -7.40719606
 -7.41082915 -7.41168847 -7.4110543  -7.40910558 -7.40320535 -7.39860479
 -7.39371034 -7.39179669]
params_e0 (3.1755518537744893, 8.88250833952681, 1.233760113930461, 9.992813288533514e-11, 45.07731400877603, 15.499843103483492, 0.7943191832447771, 25741.89819509358, 0.0044728117307161145)
reconstructed_params [3.17555185e+00 8.88250834e+00 1.23376011e+00 9.99281329e-11
 4.50773140e+01 1.54998431e+01 7.94319183e-01 3.68144000e+00
 2.57418982e+04 4.47281173e-03]
saving params.txt: (3.1755518537744893, 8.88250833952681, 1.233760113930461, 9.992813288533514e-11, 45.07731400877603, 15.499843103483492, 0.7943191832447771, 3.68144, 25741.89819509358, 0.0044728117307161145)
saving energy.txt: [-7.39817399 -7.41252562 -7.41603851 -7.41645499 -7.41528398 -7.41335781
 -7.41037943 -7.40349344 -7.39866766 -7.39371041 -7.39179359 -7.39721367
 -7.41198725 -7.41566481 -7.41619289 -7.41510167 -7.41323238 -7.41030438
 -7.40347378 -7.39866277 -7.39371014 -7.39179358 -7.38868055 -7.40737741
 -7.41274965 -7.41433679 -7.41391391 -7.41247016 -7.40988167 -7.40337692
 -7.39864069 -7.39370902 -7.39179352 -7.37222327 -7.39851005 -7.40718339
 -7.41082349 -7.41168431 -7.41105005 -7.409101   -7.40320109 -7.3986011
 -7.39370704 -7.39179343]
params_e0 (3.1754089127621627, 8.88230472615222, 1.233510676571903, 9.999072613358705e-11, 45.07709271921287, 15.4999351576061, 0.7951550989821039, 25741.898194298974, 0.004480905324837884)
reconstructed_params [3.17540891e+00 8.88230473e+00 1.23351068e+00 9.99907261e-11
 4.50770927e+01 1.54999352e+01 7.95155099e-01 3.68144000e+00
 2.57418982e+04 4.48090532e-03]
saving params.txt: (3.1754089127621627, 8.88230472615222, 1.233510676571903, 9.999072613358705e-11, 45.07709271921287, 15.4999351576061, 0.7951550989821039, 3.68144, 25741.898194298974, 0.004480905324837884)
saving energy.txt: [-7.3981016  -7.41250436 -7.41603204 -7.41645286 -7.41528194 -7.41335461
 -7.41037455 -7.40348625 -7.3986598  -7.39370233 -7.3917855  -7.397138
 -7.41196548 -7.41565849 -7.416191   -7.41509982 -7.4132293  -7.41029958
 -7.40346661 -7.39865492 -7.39370206 -7.39178548 -7.38860254 -7.40735366
 -7.41274253 -7.41433469 -7.41391207 -7.41246713 -7.40987692 -7.40336977
 -7.39863284 -7.39370094 -7.39178543 -7.37214404 -7.39848294 -7.40717444
 -7.41082067 -7.41168224 -7.41104697 -7.40909625 -7.40319394 -7.39859325
 -7.39369896 -7.39178533]
params_e0 (3.1754089600794426, 8.88230472615222, 1.233510676571903, 9.999072613358705e-11, 45.07709271921287, 15.4999351576061, 0.7951550989821039, 25741.898194298974, 0.004480905324837884)
reconstructed_params [3.17540896e+00 8.88230473e+00 1.23351068e+00 9.99907261e-11
 4.50770927e+01 1.54999352e+01 7.95155099e-01 3.68144000e+00
 2.57418982e+04 4.48090532e-03]
saving params.txt: (3.1754089600794426, 8.88230472615222, 1.233510676571903, 9.999072613358705e-11, 45.07709271921287, 15.4999351576061, 0.7951550989821039, 3.68144, 25741.898194298974, 0.004480905324837884)
saving energy.txt: [-7.39810159 -7.41250435 -7.41603203 -7.41645286 -7.41528194 -7.4133546
 -7.41037455 -7.40348625 -7.3986598  -7.39370233 -7.3917855  -7.39713799
 -7.41196547 -7.41565849 -7.416191   -7.41509981 -7.4132293  -7.41029958
 -7.40346661 -7.39865492 -7.39370206 -7.39178548 -7.38860253 -7.40735365
 -7.41274253 -7.41433469 -7.41391206 -7.41246713 -7.40987691 -7.40336977
 -7.39863284 -7.39370094 -7.39178543 -7.37214403 -7.39848293 -7.40717443
 -7.41082066 -7.41168223 -7.41104697 -7.40909625 -7.40319394 -7.39859325
 -7.39369896 -7.39178533]
params_e0 (3.1754089127621627, 8.882304858508874, 1.233510676571903, 9.999072613358705e-11, 45.07709271921287, 15.4999351576061, 0.7951550989821039, 25741.898194298974, 0.004480905324837884)
reconstructed_params [3.17540891e+00 8.88230486e+00 1.23351068e+00 9.99907261e-11
 4.50770927e+01 1.54999352e+01 7.95155099e-01 3.68144000e+00
 2.57418982e+04 4.48090532e-03]
saving params.txt: (3.1754089127621627, 8.882304858508874, 1.233510676571903, 9.999072613358705e-11, 45.07709271921287, 15.4999351576061, 0.7951550989821039, 3.68144, 25741.898194298974, 0.004480905324837884)
saving energy.txt: [-7.3981016  -7.41250436 -7.41603204 -7.41645286 -7.41528195 -7.41335461
 -7.41037455 -7.40348625 -7.3986598  -7.39370233 -7.3917855  -7.397138
 -7.41196548 -7.41565849 -7.416191   -7.41509982 -7.4132293  -7.41029958
 -7.40346661 -7.39865492 -7.39370206 -7.39178548 -7.38860254 -7.40735366
 -7.41274253 -7.41433469 -7.41391207 -7.41246713 -7.40987692 -7.40336977
 -7.39863284 -7.39370094 -7.39178543 -7.37214404 -7.39848294 -7.40717444
 -7.41082067 -7.41168224 -7.41104697 -7.40909625 -7.40319394 -7.39859325
 -7.39369896 -7.39178533]
params_e0 (3.1754089127621627, 8.88230472615222, 1.2335106949526444, 9.999072613358705e-11, 45.07709271921287, 15.4999351576061, 0.7951550989821039, 25741.898194298974, 0.004480905324837884)
reconstructed_params [3.17540891e+00 8.88230473e+00 1.23351069e+00 9.99907261e-11
 4.50770927e+01 1.54999352e+01 7.95155099e-01 3.68144000e+00
 2.57418982e+04 4.48090532e-03]
saving params.txt: (3.1754089127621627, 8.88230472615222, 1.2335106949526444, 9.999072613358705e-11, 45.07709271921287, 15.4999351576061, 0.7951550989821039, 3.68144, 25741.898194298974, 0.004480905324837884)
saving energy.txt: [-7.39810159 -7.41250436 -7.41603203 -7.41645286 -7.41528194 -7.41335461
 -7.41037455 -7.40348625 -7.3986598  -7.39370233 -7.3917855  -7.397138
 -7.41196548 -7.41565849 -7.416191   -7.41509982 -7.4132293  -7.41029958
 -7.40346661 -7.39865492 -7.39370206 -7.39178548 -7.38860254 -7.40735366
 -7.41274253 -7.41433469 -7.41391207 -7.41246713 -7.40987692 -7.40336977
 -7.39863284 -7.39370094 -7.39178543 -7.37214404 -7.39848294 -7.40717444
 -7.41082067 -7.41168224 -7.41104697 -7.40909625 -7.40319394 -7.39859325
 -7.39369896 -7.39178533]
params_e0 (3.1754089127621627, 8.88230472615222, 1.233510676571903, 1.5001151919981243e-08, 45.07709271921287, 15.4999351576061, 0.7951550989821039, 25741.898194298974, 0.004480905324837884)
reconstructed_params [3.17540891e+00 8.88230473e+00 1.23351068e+00 1.50011519e-08
 4.50770927e+01 1.54999352e+01 7.95155099e-01 3.68144000e+00
 2.57418982e+04 4.48090532e-03]
saving params.txt: (3.1754089127621627, 8.88230472615222, 1.233510676571903, 1.5001151919981243e-08, 45.07709271921287, 15.4999351576061, 0.7951550989821039, 3.68144, 25741.898194298974, 0.004480905324837884)
saving energy.txt: [-7.3981016  -7.41250436 -7.41603204 -7.41645286 -7.41528194 -7.41335461
 -7.41037455 -7.40348625 -7.3986598  -7.39370233 -7.3917855  -7.397138
 -7.41196548 -7.41565849 -7.416191   -7.41509982 -7.4132293  -7.41029958
 -7.40346661 -7.39865492 -7.39370206 -7.39178548 -7.38860254 -7.40735366
 -7.41274253 -7.41433469 -7.41391207 -7.41246713 -7.40987692 -7.40336977
 -7.39863284 -7.39370094 -7.39178543 -7.37214404 -7.39848294 -7.40717444
 -7.41082067 -7.41168224 -7.41104697 -7.40909625 -7.40319394 -7.39859325
 -7.39369896 -7.39178533]
params_e0 (3.1754089127621627, 8.88230472615222, 1.233510676571903, 9.999072613358705e-11, 45.077093390913895, 15.4999351576061, 0.7951550989821039, 25741.898194298974, 0.004480905324837884)
reconstructed_params [3.17540891e+00 8.88230473e+00 1.23351068e+00 9.99907261e-11
 4.50770934e+01 1.54999352e+01 7.95155099e-01 3.68144000e+00
 2.57418982e+04 4.48090532e-03]
saving params.txt: (3.1754089127621627, 8.88230472615222, 1.233510676571903, 9.999072613358705e-11, 45.077093390913895, 15.4999351576061, 0.7951550989821039, 3.68144, 25741.898194298974, 0.004480905324837884)
saving energy.txt: [-7.39810159 -7.41250436 -7.41603203 -7.41645286 -7.41528194 -7.41335461
 -7.41037455 -7.40348625 -7.3986598  -7.39370233 -7.3917855  -7.397138
 -7.41196548 -7.41565849 -7.416191   -7.41509982 -7.4132293  -7.41029958
 -7.40346661 -7.39865492 -7.39370206 -7.39178548 -7.38860254 -7.40735366
 -7.41274253 -7.41433469 -7.41391207 -7.41246713 -7.40987692 -7.40336977
 -7.39863284 -7.39370094 -7.39178543 -7.37214404 -7.39848294 -7.40717444
 -7.41082067 -7.41168224 -7.41104697 -7.40909625 -7.40319394 -7.39859325
 -7.39369896 -7.39178533]
params_e0 (3.1754089127621627, 8.88230472615222, 1.233510676571903, 9.999072613358705e-11, 45.07709271921287, 15.499935388573132, 0.7951550989821039, 25741.898194298974, 0.004480905324837884)
reconstructed_params [3.17540891e+00 8.88230473e+00 1.23351068e+00 9.99907261e-11
 4.50770927e+01 1.54999354e+01 7.95155099e-01 3.68144000e+00
 2.57418982e+04 4.48090532e-03]
saving params.txt: (3.1754089127621627, 8.88230472615222, 1.233510676571903, 9.999072613358705e-11, 45.07709271921287, 15.499935388573132, 0.7951550989821039, 3.68144, 25741.898194298974, 0.004480905324837884)
saving energy.txt: [-7.3981016  -7.41250436 -7.41603204 -7.41645286 -7.41528194 -7.41335461
 -7.41037455 -7.40348625 -7.3986598  -7.39370233 -7.3917855  -7.397138
 -7.41196548 -7.41565849 -7.416191   -7.41509982 -7.4132293  -7.41029958
 -7.40346661 -7.39865492 -7.39370206 -7.39178548 -7.38860254 -7.40735366
 -7.41274253 -7.41433469 -7.41391207 -7.41246713 -7.40987692 -7.40336977
 -7.39863284 -7.39370094 -7.39178543 -7.37214404 -7.39848294 -7.40717444
 -7.41082067 -7.41168224 -7.41104697 -7.40909625 -7.40319394 -7.39859325
 -7.39369896 -7.39178533]
params_e0 (3.1754089127621627, 8.88230472615222, 1.233510676571903, 9.999072613358705e-11, 45.07709271921287, 15.4999351576061, 0.7951551138832651, 25741.898194298974, 0.004480905324837884)
reconstructed_params [3.17540891e+00 8.88230473e+00 1.23351068e+00 9.99907261e-11
 4.50770927e+01 1.54999352e+01 7.95155114e-01 3.68144000e+00
 2.57418982e+04 4.48090532e-03]
saving params.txt: (3.1754089127621627, 8.88230472615222, 1.233510676571903, 9.999072613358705e-11, 45.07709271921287, 15.4999351576061, 0.7951551138832651, 3.68144, 25741.898194298974, 0.004480905324837884)
saving energy.txt: [-7.39810159 -7.41250436 -7.41603203 -7.41645286 -7.41528194 -7.41335461
 -7.41037455 -7.40348625 -7.3986598  -7.39370233 -7.3917855  -7.397138
 -7.41196548 -7.41565849 -7.416191   -7.41509982 -7.4132293  -7.41029958
 -7.40346661 -7.39865492 -7.39370206 -7.39178548 -7.38860254 -7.40735366
 -7.41274253 -7.41433469 -7.41391207 -7.41246713 -7.40987692 -7.40336977
 -7.39863284 -7.39370094 -7.39178543 -7.37214404 -7.39848294 -7.40717444
 -7.41082067 -7.41168224 -7.41104697 -7.40909625 -7.40319394 -7.39859325
 -7.39369896 -7.39178533]
params_e0 (3.1754089127621627, 8.88230472615222, 1.233510676571903, 9.999072613358705e-11, 45.07709271921287, 15.4999351576061, 0.7951550989821039, 25741.89857788315, 0.004480905324837884)
reconstructed_params [3.17540891e+00 8.88230473e+00 1.23351068e+00 9.99907261e-11
 4.50770927e+01 1.54999352e+01 7.95155099e-01 3.68144000e+00
 2.57418986e+04 4.48090532e-03]
saving params.txt: (3.1754089127621627, 8.88230472615222, 1.233510676571903, 9.999072613358705e-11, 45.07709271921287, 15.4999351576061, 0.7951550989821039, 3.68144, 25741.89857788315, 0.004480905324837884)
saving energy.txt: [-7.3981016  -7.41250436 -7.41603204 -7.41645286 -7.41528195 -7.41335461
 -7.41037455 -7.40348625 -7.3986598  -7.39370233 -7.3917855  -7.397138
 -7.41196548 -7.41565849 -7.416191   -7.41509982 -7.4132293  -7.41029958
 -7.40346661 -7.39865492 -7.39370206 -7.39178548 -7.38860254 -7.40735366
 -7.41274253 -7.41433469 -7.41391207 -7.41246714 -7.40987692 -7.40336977
 -7.39863284 -7.39370094 -7.39178543 -7.37214404 -7.39848294 -7.40717444
 -7.41082067 -7.41168224 -7.41104697 -7.40909625 -7.40319394 -7.39859325
 -7.39369896 -7.39178533]
params_e0 (3.1754089127621627, 8.88230472615222, 1.233510676571903, 9.999072613358705e-11, 45.07709271921287, 15.4999351576061, 0.7951550989821039, 25741.898194298974, 0.004480920225999078)
reconstructed_params [3.17540891e+00 8.88230473e+00 1.23351068e+00 9.99907261e-11
 4.50770927e+01 1.54999352e+01 7.95155099e-01 3.68144000e+00
 2.57418982e+04 4.48092023e-03]
saving params.txt: (3.1754089127621627, 8.88230472615222, 1.233510676571903, 9.999072613358705e-11, 45.07709271921287, 15.4999351576061, 0.7951550989821039, 3.68144, 25741.898194298974, 0.004480920225999078)
saving energy.txt: [-7.39810158 -7.41250434 -7.41603202 -7.41645285 -7.41528193 -7.41335459
 -7.41037453 -7.40348624 -7.39865979 -7.39370232 -7.39178548 -7.39713798
 -7.41196546 -7.41565848 -7.41619099 -7.4150998  -7.41322929 -7.41029956
 -7.4034666  -7.39865491 -7.39370204 -7.39178547 -7.38860253 -7.40735364
 -7.41274252 -7.41433468 -7.41391205 -7.41246712 -7.4098769  -7.40336975
 -7.39863283 -7.39370092 -7.39178541 -7.37214403 -7.39848293 -7.40717442
 -7.41082065 -7.41168222 -7.41104696 -7.40909624 -7.40319393 -7.39859324
 -7.39369894 -7.39178532]
params_e0 (3.175516609420076, 8.882943613305882, 1.2336151257643932, 9.994840524215851e-11, 45.07709515229846, 15.499877742681107, 0.7948861617276788, 25741.91166409279, 0.004477895951438325)
reconstructed_params [3.17551661e+00 8.88294361e+00 1.23361513e+00 9.99484052e-11
 4.50770952e+01 1.54998777e+01 7.94886162e-01 3.68144000e+00
 2.57419117e+04 4.47789595e-03]
saving params.txt: (3.175516609420076, 8.882943613305882, 1.2336151257643932, 9.994840524215851e-11, 45.07709515229846, 15.499877742681107, 0.7948861617276788, 3.68144, 25741.91166409279, 0.004477895951438325)
saving energy.txt: [-7.3981113  -7.41250445 -7.41603026 -7.41645145 -7.41528156 -7.41335523
 -7.41037617 -7.40348895 -7.39866275 -7.39370534 -7.39178851 -7.3971486
 -7.41196564 -7.4156566  -7.41618947 -7.41509935 -7.41322987 -7.41030117
 -7.40346931 -7.39865787 -7.39370507 -7.39178849 -7.38861237 -7.40735373
 -7.41274049 -7.414333   -7.41391148 -7.41246763 -7.40987847 -7.40337246
 -7.39863579 -7.39370395 -7.39178844 -7.37215129 -7.39848271 -7.40717222
 -7.41081879 -7.4116815  -7.41104737 -7.40909776 -7.40319664 -7.39859621
 -7.39370197 -7.39178834]
params_e0 (3.175516656738961, 8.882943613305882, 1.2336151257643932, 9.994840524215851e-11, 45.07709515229846, 15.499877742681107, 0.7948861617276788, 25741.91166409279, 0.004477895951438325)
reconstructed_params [3.17551666e+00 8.88294361e+00 1.23361513e+00 9.99484052e-11
 4.50770952e+01 1.54998777e+01 7.94886162e-01 3.68144000e+00
 2.57419117e+04 4.47789595e-03]
saving params.txt: (3.175516656738961, 8.882943613305882, 1.2336151257643932, 9.994840524215851e-11, 45.07709515229846, 15.499877742681107, 0.7948861617276788, 3.68144, 25741.91166409279, 0.004477895951438325)
saving energy.txt: [-7.39811129 -7.41250444 -7.41603025 -7.41645144 -7.41528156 -7.41335523
 -7.41037617 -7.40348895 -7.39866275 -7.39370534 -7.39178851 -7.39714859
 -7.41196563 -7.4156566  -7.41618947 -7.41509935 -7.41322987 -7.41030117
 -7.40346931 -7.39865787 -7.39370507 -7.39178849 -7.38861236 -7.40735372
 -7.41274048 -7.414333   -7.41391148 -7.41246763 -7.40987847 -7.40337246
 -7.39863579 -7.39370395 -7.39178844 -7.37215128 -7.3984827  -7.40717221
 -7.41081879 -7.4116815  -7.41104737 -7.40909776 -7.40319664 -7.39859621
 -7.39370197 -7.39178834]
params_e0 (3.175516609420076, 8.882943745672057, 1.2336151257643932, 9.994840524215851e-11, 45.07709515229846, 15.499877742681107, 0.7948861617276788, 25741.91166409279, 0.004477895951438325)
reconstructed_params [3.17551661e+00 8.88294375e+00 1.23361513e+00 9.99484052e-11
 4.50770952e+01 1.54998777e+01 7.94886162e-01 3.68144000e+00
 2.57419117e+04 4.47789595e-03]
saving params.txt: (3.175516609420076, 8.882943745672057, 1.2336151257643932, 9.994840524215851e-11, 45.07709515229846, 15.499877742681107, 0.7948861617276788, 3.68144, 25741.91166409279, 0.004477895951438325)
saving energy.txt: [-7.3981113  -7.41250445 -7.41603026 -7.41645145 -7.41528156 -7.41335524
 -7.41037617 -7.40348895 -7.39866275 -7.39370534 -7.39178851 -7.3971486
 -7.41196564 -7.4156566  -7.41618947 -7.41509935 -7.41322988 -7.41030117
 -7.40346931 -7.39865787 -7.39370507 -7.39178849 -7.38861237 -7.40735373
 -7.41274049 -7.414333   -7.41391148 -7.41246763 -7.40987847 -7.40337246
 -7.39863579 -7.39370395 -7.39178844 -7.37215129 -7.39848271 -7.40717222
 -7.41081879 -7.4116815  -7.41104737 -7.40909776 -7.40319664 -7.39859621
 -7.39370197 -7.39178834]
params_e0 (3.175516609420076, 8.882943613305882, 1.2336151441466912, 9.994840524215851e-11, 45.07709515229846, 15.499877742681107, 0.7948861617276788, 25741.91166409279, 0.004477895951438325)
reconstructed_params [3.17551661e+00 8.88294361e+00 1.23361514e+00 9.99484052e-11
 4.50770952e+01 1.54998777e+01 7.94886162e-01 3.68144000e+00
 2.57419117e+04 4.47789595e-03]
saving params.txt: (3.175516609420076, 8.882943613305882, 1.2336151441466912, 9.994840524215851e-11, 45.07709515229846, 15.499877742681107, 0.7948861617276788, 3.68144, 25741.91166409279, 0.004477895951438325)
saving energy.txt: [-7.3981113  -7.41250445 -7.41603025 -7.41645145 -7.41528156 -7.41335523
 -7.41037617 -7.40348895 -7.39866275 -7.39370534 -7.39178851 -7.3971486
 -7.41196564 -7.4156566  -7.41618947 -7.41509935 -7.41322987 -7.41030117
 -7.40346931 -7.39865787 -7.39370507 -7.39178849 -7.38861237 -7.40735373
 -7.41274049 -7.414333   -7.41391148 -7.41246763 -7.40987847 -7.40337246
 -7.39863579 -7.39370395 -7.39178844 -7.37215129 -7.39848271 -7.40717222
 -7.41081879 -7.4116815  -7.41104737 -7.40909776 -7.40319664 -7.39859621
 -7.39370197 -7.39178834]
params_e0 (3.175516609420076, 8.882943613305882, 1.2336151257643932, 1.5001109599089815e-08, 45.07709515229846, 15.499877742681107, 0.7948861617276788, 25741.91166409279, 0.004477895951438325)
reconstructed_params [3.17551661e+00 8.88294361e+00 1.23361513e+00 1.50011096e-08
 4.50770952e+01 1.54998777e+01 7.94886162e-01 3.68144000e+00
 2.57419117e+04 4.47789595e-03]
saving params.txt: (3.175516609420076, 8.882943613305882, 1.2336151257643932, 1.5001109599089815e-08, 45.07709515229846, 15.499877742681107, 0.7948861617276788, 3.68144, 25741.91166409279, 0.004477895951438325)
saving energy.txt: [-7.3981113  -7.41250445 -7.41603026 -7.41645145 -7.41528156 -7.41335523
 -7.41037617 -7.40348895 -7.39866275 -7.39370534 -7.39178851 -7.3971486
 -7.41196564 -7.4156566  -7.41618947 -7.41509935 -7.41322987 -7.41030117
 -7.40346931 -7.39865787 -7.39370507 -7.39178849 -7.38861237 -7.40735373
 -7.41274049 -7.414333   -7.41391148 -7.41246763 -7.40987847 -7.40337246
 -7.39863579 -7.39370395 -7.39178844 -7.37215129 -7.39848271 -7.40717222
 -7.41081879 -7.4116815  -7.41104737 -7.40909776 -7.40319664 -7.39859621
 -7.39370197 -7.39178834]
params_e0 (3.175516609420076, 8.882943613305882, 1.2336151257643932, 9.994840524215851e-11, 45.07709582399952, 15.499877742681107, 0.7948861617276788, 25741.91166409279, 0.004477895951438325)
reconstructed_params [3.17551661e+00 8.88294361e+00 1.23361513e+00 9.99484052e-11
 4.50770958e+01 1.54998777e+01 7.94886162e-01 3.68144000e+00
 2.57419117e+04 4.47789595e-03]
saving params.txt: (3.175516609420076, 8.882943613305882, 1.2336151257643932, 9.994840524215851e-11, 45.07709582399952, 15.499877742681107, 0.7948861617276788, 3.68144, 25741.91166409279, 0.004477895951438325)
saving energy.txt: [-7.3981113  -7.41250445 -7.41603025 -7.41645145 -7.41528156 -7.41335523
 -7.41037617 -7.40348895 -7.39866275 -7.39370534 -7.39178851 -7.3971486
 -7.41196564 -7.4156566  -7.41618947 -7.41509935 -7.41322987 -7.41030117
 -7.40346931 -7.39865787 -7.39370507 -7.39178849 -7.38861237 -7.40735373
 -7.41274049 -7.414333   -7.41391148 -7.41246763 -7.40987847 -7.40337246
 -7.39863579 -7.39370395 -7.39178844 -7.37215129 -7.39848271 -7.40717222
 -7.41081879 -7.4116815  -7.41104737 -7.40909776 -7.40319664 -7.39859621
 -7.39370197 -7.39178834]
params_e0 (3.175516609420076, 8.882943613305882, 1.2336151257643932, 9.994840524215851e-11, 45.07709515229846, 15.499877973647283, 0.7948861617276788, 25741.91166409279, 0.004477895951438325)
reconstructed_params [3.17551661e+00 8.88294361e+00 1.23361513e+00 9.99484052e-11
 4.50770952e+01 1.54998780e+01 7.94886162e-01 3.68144000e+00
 2.57419117e+04 4.47789595e-03]
saving params.txt: (3.175516609420076, 8.882943613305882, 1.2336151257643932, 9.994840524215851e-11, 45.07709515229846, 15.499877973647283, 0.7948861617276788, 3.68144, 25741.91166409279, 0.004477895951438325)
saving energy.txt: [-7.3981113  -7.41250445 -7.41603026 -7.41645145 -7.41528156 -7.41335523
 -7.41037617 -7.40348895 -7.39866275 -7.39370534 -7.39178851 -7.3971486
 -7.41196564 -7.4156566  -7.41618947 -7.41509935 -7.41322987 -7.41030117
 -7.40346931 -7.39865787 -7.39370507 -7.39178849 -7.38861237 -7.40735373
 -7.41274049 -7.414333   -7.41391148 -7.41246763 -7.40987847 -7.40337246
 -7.39863579 -7.39370395 -7.39178844 -7.37215129 -7.39848271 -7.40717222
 -7.41081879 -7.4116815  -7.41104737 -7.40909776 -7.40319664 -7.39859621
 -7.39370197 -7.39178834]
params_e0 (3.175516609420076, 8.882943613305882, 1.2336151257643932, 9.994840524215851e-11, 45.07709515229846, 15.499877742681107, 0.79488617662884, 25741.91166409279, 0.004477895951438325)
reconstructed_params [3.17551661e+00 8.88294361e+00 1.23361513e+00 9.99484052e-11
 4.50770952e+01 1.54998777e+01 7.94886177e-01 3.68144000e+00
 2.57419117e+04 4.47789595e-03]
saving params.txt: (3.175516609420076, 8.882943613305882, 1.2336151257643932, 9.994840524215851e-11, 45.07709515229846, 15.499877742681107, 0.79488617662884, 3.68144, 25741.91166409279, 0.004477895951438325)
saving energy.txt: [-7.39811129 -7.41250445 -7.41603025 -7.41645145 -7.41528156 -7.41335523
 -7.41037617 -7.40348895 -7.39866275 -7.39370534 -7.39178851 -7.3971486
 -7.41196564 -7.4156566  -7.41618947 -7.41509935 -7.41322987 -7.41030117
 -7.40346931 -7.39865787 -7.39370507 -7.39178849 -7.38861237 -7.40735373
 -7.41274049 -7.414333   -7.41391148 -7.41246763 -7.40987847 -7.40337246
 -7.39863579 -7.39370395 -7.39178844 -7.37215129 -7.39848271 -7.40717222
 -7.41081879 -7.4116815  -7.41104737 -7.40909776 -7.40319664 -7.39859621
 -7.39370197 -7.39178834]
params_e0 (3.175516609420076, 8.882943613305882, 1.2336151257643932, 9.994840524215851e-11, 45.07709515229846, 15.499877742681107, 0.7948861617276788, 25741.912047677164, 0.004477895951438325)
reconstructed_params [3.17551661e+00 8.88294361e+00 1.23361513e+00 9.99484052e-11
 4.50770952e+01 1.54998777e+01 7.94886162e-01 3.68144000e+00
 2.57419120e+04 4.47789595e-03]
saving params.txt: (3.175516609420076, 8.882943613305882, 1.2336151257643932, 9.994840524215851e-11, 45.07709515229846, 15.499877742681107, 0.7948861617276788, 3.68144, 25741.912047677164, 0.004477895951438325)
saving energy.txt: [-7.3981113  -7.41250445 -7.41603026 -7.41645145 -7.41528156 -7.41335524
 -7.41037617 -7.40348895 -7.39866275 -7.39370534 -7.39178851 -7.3971486
 -7.41196564 -7.4156566  -7.41618947 -7.41509935 -7.41322988 -7.41030117
 -7.40346931 -7.39865787 -7.39370507 -7.39178849 -7.38861237 -7.40735373
 -7.41274049 -7.414333   -7.41391148 -7.41246763 -7.40987847 -7.40337246
 -7.39863579 -7.39370395 -7.39178844 -7.37215129 -7.39848271 -7.40717222
 -7.41081879 -7.4116815  -7.41104737 -7.40909776 -7.40319664 -7.39859621
 -7.39370197 -7.39178834]
params_e0 (3.175516609420076, 8.882943613305882, 1.2336151257643932, 9.994840524215851e-11, 45.07709515229846, 15.499877742681107, 0.7948861617276788, 25741.91166409279, 0.004477910852599519)
reconstructed_params [3.17551661e+00 8.88294361e+00 1.23361513e+00 9.99484052e-11
 4.50770952e+01 1.54998777e+01 7.94886162e-01 3.68144000e+00
 2.57419117e+04 4.47791085e-03]
saving params.txt: (3.175516609420076, 8.882943613305882, 1.2336151257643932, 9.994840524215851e-11, 45.07709515229846, 15.499877742681107, 0.7948861617276788, 3.68144, 25741.91166409279, 0.004477910852599519)
saving energy.txt: [-7.39811128 -7.41250443 -7.41603024 -7.41645143 -7.41528155 -7.41335522
 -7.41037616 -7.40348894 -7.39866274 -7.39370533 -7.39178849 -7.39714859
 -7.41196562 -7.41565659 -7.41618946 -7.41509934 -7.41322986 -7.41030116
 -7.40346929 -7.39865785 -7.39370505 -7.39178848 -7.38861235 -7.40735372
 -7.41274047 -7.41433298 -7.41391146 -7.41246761 -7.40987846 -7.40337245
 -7.39863578 -7.39370393 -7.39178842 -7.37215127 -7.3984827  -7.4071722
 -7.41081877 -7.41168149 -7.41104736 -7.40909775 -7.40319662 -7.39859619
 -7.39370195 -7.39178833]
params_e0 (3.1757535765255605, 8.885428448879246, 1.2338929831783347, 9.987504518607172e-11, 45.077102815921194, 15.49976700507561, 0.7944597369196176, 25741.91166502544, 0.004473207430034788)
reconstructed_params [3.17575358e+00 8.88542845e+00 1.23389298e+00 9.98750452e-11
 4.50771028e+01 1.54997670e+01 7.94459737e-01 3.68144000e+00
 2.57419117e+04 4.47320743e-03]
saving params.txt: (3.1757535765255605, 8.885428448879246, 1.2338929831783347, 9.987504518607172e-11, 45.077102815921194, 15.49976700507561, 0.7944597369196176, 3.68144, 25741.91166502544, 0.004473207430034788)
saving energy.txt: [-7.39810404 -7.41249449 -7.41602227 -7.41644679 -7.41528003 -7.41335605
 -7.41037896 -7.40349344 -7.39866747 -7.39371004 -7.3917932  -7.39714236
 -7.41195558 -7.41564831 -7.41618457 -7.41509765 -7.41323059 -7.41030391
 -7.40347379 -7.39866258 -7.39370977 -7.39179318 -7.38860321 -7.40734297
 -7.41273179 -7.41432786 -7.41390967 -7.41246832 -7.40988124 -7.40337699
 -7.39864052 -7.39370865 -7.39179313 -7.37213506 -7.39847059 -7.40716304
 -7.41081346 -7.41167968 -7.41104815 -7.40910067 -7.40320125 -7.39860097
 -7.39370667 -7.39179303]
params_e0 (3.175607832708376, 8.883303495804745, 1.233670196309567, 9.993408507513814e-11, 45.07709668984888, 15.49985696329953, 0.7947568947519122, 25741.911664272393, 0.004474759372288681)
reconstructed_params [3.17560783e+00 8.88330350e+00 1.23367020e+00 9.99340851e-11
 4.50770967e+01 1.54998570e+01 7.94756895e-01 3.68144000e+00
 2.57419117e+04 4.47475937e-03]
saving params.txt: (3.175607832708376, 8.883303495804745, 1.233670196309567, 9.993408507513814e-11, 45.07709668984888, 15.49985696329953, 0.7947568947519122, 3.68144, 25741.911664272393, 0.004474759372288681)
saving energy.txt: [-7.39810941 -7.41250122 -7.41602772 -7.41645017 -7.41528152 -7.41335618
 -7.41037802 -7.40349178 -7.39866582 -7.39370847 -7.39179164 -7.39714702
 -7.41196237 -7.41565395 -7.4161881  -7.41509924 -7.41323077 -7.410303
 -7.40347213 -7.39866093 -7.3937082  -7.39179163 -7.38860961 -7.40734996
 -7.41273746 -7.41433135 -7.41391117 -7.4124684  -7.40988023 -7.40337526
 -7.39863885 -7.39370708 -7.39179158 -7.37214576 -7.39847792 -7.40716854
 -7.41081668 -7.41168088 -7.41104794 -7.40909941 -7.40319942 -7.39859926
 -7.3937051  -7.39179148]
params_e0 (3.17560788002862, 8.883303495804745, 1.233670196309567, 9.993408507513814e-11, 45.07709668984888, 15.49985696329953, 0.7947568947519122, 25741.911664272393, 0.004474759372288681)
reconstructed_params [3.17560788e+00 8.88330350e+00 1.23367020e+00 9.99340851e-11
 4.50770967e+01 1.54998570e+01 7.94756895e-01 3.68144000e+00
 2.57419117e+04 4.47475937e-03]
saving params.txt: (3.17560788002862, 8.883303495804745, 1.233670196309567, 9.993408507513814e-11, 45.07709668984888, 15.49985696329953, 0.7947568947519122, 3.68144, 25741.911664272393, 0.004474759372288681)
saving energy.txt: [-7.3981094  -7.41250122 -7.41602771 -7.41645016 -7.41528152 -7.41335618
 -7.41037802 -7.40349178 -7.39866582 -7.39370847 -7.39179164 -7.39714701
 -7.41196237 -7.41565395 -7.41618809 -7.41509924 -7.41323077 -7.41030299
 -7.40347213 -7.39866093 -7.3937082  -7.39179163 -7.3886096  -7.40734995
 -7.41273746 -7.41433134 -7.41391117 -7.4124684  -7.40988023 -7.40337526
 -7.39863885 -7.39370708 -7.39179158 -7.37214575 -7.39847791 -7.40716853
 -7.41081667 -7.41168088 -7.41104794 -7.40909941 -7.40319942 -7.39859926
 -7.3937051  -7.39179148]
params_e0 (3.175607832708376, 8.883303628176282, 1.233670196309567, 9.993408507513814e-11, 45.07709668984888, 15.49985696329953, 0.7947568947519122, 25741.911664272393, 0.004474759372288681)
reconstructed_params [3.17560783e+00 8.88330363e+00 1.23367020e+00 9.99340851e-11
 4.50770967e+01 1.54998570e+01 7.94756895e-01 3.68144000e+00
 2.57419117e+04 4.47475937e-03]
saving params.txt: (3.175607832708376, 8.883303628176282, 1.233670196309567, 9.993408507513814e-11, 45.07709668984888, 15.49985696329953, 0.7947568947519122, 3.68144, 25741.911664272393, 0.004474759372288681)
saving energy.txt: [-7.39810941 -7.41250122 -7.41602772 -7.41645017 -7.41528152 -7.41335618
 -7.41037802 -7.40349178 -7.39866582 -7.39370847 -7.39179164 -7.39714702
 -7.41196237 -7.41565395 -7.4161881  -7.41509924 -7.41323077 -7.410303
 -7.40347213 -7.39866093 -7.3937082  -7.39179163 -7.38860961 -7.40734996
 -7.41273746 -7.41433135 -7.41391117 -7.4124684  -7.40988023 -7.40337526
 -7.39863885 -7.39370708 -7.39179158 -7.37214576 -7.39847792 -7.40716854
 -7.41081668 -7.41168088 -7.41104794 -7.40909941 -7.40319942 -7.39859926
 -7.3937051  -7.39179148]
params_e0 (3.175607832708376, 8.883303495804745, 1.2336702146926855, 9.993408507513814e-11, 45.07709668984888, 15.49985696329953, 0.7947568947519122, 25741.911664272393, 0.004474759372288681)
reconstructed_params [3.17560783e+00 8.88330350e+00 1.23367021e+00 9.99340851e-11
 4.50770967e+01 1.54998570e+01 7.94756895e-01 3.68144000e+00
 2.57419117e+04 4.47475937e-03]
saving params.txt: (3.175607832708376, 8.883303495804745, 1.2336702146926855, 9.993408507513814e-11, 45.07709668984888, 15.49985696329953, 0.7947568947519122, 3.68144, 25741.911664272393, 0.004474759372288681)
saving energy.txt: [-7.39810941 -7.41250122 -7.41602772 -7.41645017 -7.41528152 -7.41335618
 -7.41037802 -7.40349178 -7.39866582 -7.39370847 -7.39179164 -7.39714702
 -7.41196237 -7.41565395 -7.4161881  -7.41509924 -7.41323077 -7.410303
 -7.40347213 -7.39866093 -7.3937082  -7.39179163 -7.38860961 -7.40734996
 -7.41273746 -7.41433135 -7.41391117 -7.4124684  -7.40988023 -7.40337526
 -7.39863885 -7.39370708 -7.39179158 -7.37214576 -7.39847792 -7.40716854
 -7.41081668 -7.41168088 -7.41104794 -7.40909941 -7.40319942 -7.39859926
 -7.3937051  -7.39179148]
params_e0 (3.175607832708376, 8.883303495804745, 1.233670196309567, 1.5001095278922795e-08, 45.07709668984888, 15.49985696329953, 0.7947568947519122, 25741.911664272393, 0.004474759372288681)
reconstructed_params [3.17560783e+00 8.88330350e+00 1.23367020e+00 1.50010953e-08
 4.50770967e+01 1.54998570e+01 7.94756895e-01 3.68144000e+00
 2.57419117e+04 4.47475937e-03]
saving params.txt: (3.175607832708376, 8.883303495804745, 1.233670196309567, 1.5001095278922795e-08, 45.07709668984888, 15.49985696329953, 0.7947568947519122, 3.68144, 25741.911664272393, 0.004474759372288681)
saving energy.txt: [-7.39810941 -7.41250122 -7.41602772 -7.41645017 -7.41528152 -7.41335618
 -7.41037802 -7.40349178 -7.39866582 -7.39370847 -7.39179164 -7.39714702
 -7.41196237 -7.41565395 -7.4161881  -7.41509924 -7.41323077 -7.410303
 -7.40347213 -7.39866093 -7.3937082  -7.39179163 -7.38860961 -7.40734996
 -7.41273746 -7.41433135 -7.41391117 -7.4124684  -7.40988023 -7.40337526
 -7.39863885 -7.39370708 -7.39179158 -7.37214576 -7.39847792 -7.40716854
 -7.41081668 -7.41168088 -7.41104794 -7.40909941 -7.40319942 -7.39859926
 -7.3937051  -7.39179148]
params_e0 (3.175607832708376, 8.883303495804745, 1.233670196309567, 9.993408507513814e-11, 45.07709736154996, 15.49985696329953, 0.7947568947519122, 25741.911664272393, 0.004474759372288681)
reconstructed_params [3.17560783e+00 8.88330350e+00 1.23367020e+00 9.99340851e-11
 4.50770974e+01 1.54998570e+01 7.94756895e-01 3.68144000e+00
 2.57419117e+04 4.47475937e-03]
saving params.txt: (3.175607832708376, 8.883303495804745, 1.233670196309567, 9.993408507513814e-11, 45.07709736154996, 15.49985696329953, 0.7947568947519122, 3.68144, 25741.911664272393, 0.004474759372288681)
saving energy.txt: [-7.3981094  -7.41250122 -7.41602772 -7.41645017 -7.41528152 -7.41335618
 -7.41037802 -7.40349178 -7.39866582 -7.39370847 -7.39179164 -7.39714702
 -7.41196237 -7.41565395 -7.4161881  -7.41509924 -7.41323077 -7.410303
 -7.40347213 -7.39866093 -7.3937082  -7.39179163 -7.38860961 -7.40734996
 -7.41273746 -7.41433135 -7.41391117 -7.4124684  -7.40988023 -7.40337526
 -7.39863885 -7.39370708 -7.39179158 -7.37214576 -7.39847792 -7.40716854
 -7.41081668 -7.41168088 -7.41104794 -7.40909941 -7.40319942 -7.39859926
 -7.3937051  -7.39179148]
params_e0 (3.175607832708376, 8.883303495804745, 1.233670196309567, 9.993408507513814e-11, 45.07709668984888, 15.499857194265397, 0.7947568947519122, 25741.911664272393, 0.004474759372288681)
reconstructed_params [3.17560783e+00 8.88330350e+00 1.23367020e+00 9.99340851e-11
 4.50770967e+01 1.54998572e+01 7.94756895e-01 3.68144000e+00
 2.57419117e+04 4.47475937e-03]
saving params.txt: (3.175607832708376, 8.883303495804745, 1.233670196309567, 9.993408507513814e-11, 45.07709668984888, 15.499857194265397, 0.7947568947519122, 3.68144, 25741.911664272393, 0.004474759372288681)
saving energy.txt: [-7.39810941 -7.41250122 -7.41602772 -7.41645017 -7.41528152 -7.41335618
 -7.41037802 -7.40349178 -7.39866582 -7.39370847 -7.39179164 -7.39714702
 -7.41196237 -7.41565395 -7.4161881  -7.41509924 -7.41323077 -7.410303
 -7.40347213 -7.39866093 -7.3937082  -7.39179163 -7.38860961 -7.40734996
 -7.41273746 -7.41433135 -7.41391117 -7.4124684  -7.40988023 -7.40337526
 -7.39863885 -7.39370708 -7.39179158 -7.37214576 -7.39847792 -7.40716854
 -7.41081668 -7.41168088 -7.41104794 -7.40909941 -7.40319942 -7.39859926
 -7.3937051  -7.39179148]
params_e0 (3.175607832708376, 8.883303495804745, 1.233670196309567, 9.993408507513814e-11, 45.07709668984888, 15.49985696329953, 0.7947569096530734, 25741.911664272393, 0.004474759372288681)
reconstructed_params [3.17560783e+00 8.88330350e+00 1.23367020e+00 9.99340851e-11
 4.50770967e+01 1.54998570e+01 7.94756910e-01 3.68144000e+00
 2.57419117e+04 4.47475937e-03]
saving params.txt: (3.175607832708376, 8.883303495804745, 1.233670196309567, 9.993408507513814e-11, 45.07709668984888, 15.49985696329953, 0.7947569096530734, 3.68144, 25741.911664272393, 0.004474759372288681)
saving energy.txt: [-7.3981094  -7.41250122 -7.41602772 -7.41645017 -7.41528152 -7.41335618
 -7.41037802 -7.40349178 -7.39866582 -7.39370847 -7.39179164 -7.39714702
 -7.41196237 -7.41565395 -7.4161881  -7.41509924 -7.41323077 -7.410303
 -7.40347213 -7.39866093 -7.3937082  -7.39179163 -7.3886096  -7.40734996
 -7.41273746 -7.41433135 -7.41391117 -7.4124684  -7.40988023 -7.40337526
 -7.39863885 -7.39370708 -7.39179158 -7.37214576 -7.39847792 -7.40716854
 -7.41081668 -7.41168088 -7.41104794 -7.40909941 -7.40319942 -7.39859926
 -7.3937051  -7.39179148]
params_e0 (3.175607832708376, 8.883303495804745, 1.233670196309567, 9.993408507513814e-11, 45.07709668984888, 15.49985696329953, 0.7947568947519122, 25741.912047856767, 0.004474759372288681)
reconstructed_params [3.17560783e+00 8.88330350e+00 1.23367020e+00 9.99340851e-11
 4.50770967e+01 1.54998570e+01 7.94756895e-01 3.68144000e+00
 2.57419120e+04 4.47475937e-03]
saving params.txt: (3.175607832708376, 8.883303495804745, 1.233670196309567, 9.993408507513814e-11, 45.07709668984888, 15.49985696329953, 0.7947568947519122, 3.68144, 25741.912047856767, 0.004474759372288681)
saving energy.txt: [-7.39810941 -7.41250122 -7.41602772 -7.41645017 -7.41528152 -7.41335618
 -7.41037802 -7.40349178 -7.39866582 -7.39370847 -7.39179164 -7.39714702
 -7.41196237 -7.41565395 -7.4161881  -7.41509924 -7.41323077 -7.410303
 -7.40347213 -7.39866093 -7.3937082  -7.39179163 -7.38860961 -7.40734996
 -7.41273746 -7.41433135 -7.41391118 -7.4124684  -7.40988023 -7.40337526
 -7.39863885 -7.39370708 -7.39179158 -7.37214576 -7.39847792 -7.40716854
 -7.41081668 -7.41168088 -7.41104794 -7.40909941 -7.40319942 -7.39859926
 -7.3937051  -7.39179148]
params_e0 (3.175607832708376, 8.883303495804745, 1.233670196309567, 9.993408507513814e-11, 45.07709668984888, 15.49985696329953, 0.7947568947519122, 25741.911664272393, 0.004474774273449875)
reconstructed_params [3.17560783e+00 8.88330350e+00 1.23367020e+00 9.99340851e-11
 4.50770967e+01 1.54998570e+01 7.94756895e-01 3.68144000e+00
 2.57419117e+04 4.47477427e-03]
saving params.txt: (3.175607832708376, 8.883303495804745, 1.233670196309567, 9.993408507513814e-11, 45.07709668984888, 15.49985696329953, 0.7947568947519122, 3.68144, 25741.911664272393, 0.004474774273449875)
saving energy.txt: [-7.39810939 -7.41250121 -7.4160277  -7.41645015 -7.4152815  -7.41335616
 -7.41037801 -7.40349176 -7.3986658  -7.39370846 -7.39179163 -7.39714701
 -7.41196236 -7.41565394 -7.41618808 -7.41509922 -7.41323076 -7.41030298
 -7.40347211 -7.39866092 -7.39370818 -7.39179161 -7.38860959 -7.40734994
 -7.41273745 -7.41433133 -7.41391116 -7.41246839 -7.40988021 -7.40337525
 -7.39863884 -7.39370706 -7.39179156 -7.37214575 -7.39847791 -7.40716852
 -7.41081666 -7.41168087 -7.41104792 -7.40909939 -7.4031994  -7.39859925
 -7.39370509 -7.39179146]
params_e0 (3.175725623157275, 8.883364578198325, 1.2337527176810366, 9.991876980172637e-11, 45.077171423068634, 15.49983319425288, 0.794484215423755, 25741.911664469164, 0.004469747205460383)
reconstructed_params [3.17572562e+00 8.88336458e+00 1.23375272e+00 9.99187698e-11
 4.50771714e+01 1.54998332e+01 7.94484215e-01 3.68144000e+00
 2.57419117e+04 4.46974721e-03]
saving params.txt: (3.175725623157275, 8.883364578198325, 1.2337527176810366, 9.991876980172637e-11, 45.077171423068634, 15.49983319425288, 0.794484215423755, 3.68144, 25741.911664469164, 0.004469747205460383)
saving energy.txt: [-7.39812119 -7.41250174 -7.4160261  -7.41644901 -7.41528164 -7.41335759
 -7.41038078 -7.40349616 -7.39867066 -7.39371348 -7.39179666 -7.39715967
 -7.41196292 -7.41565219 -7.4161868  -7.41509925 -7.41323211 -7.41030571
 -7.40347649 -7.39866577 -7.3937132  -7.39179664 -7.38862158 -7.40735029
 -7.41273537 -7.41432972 -7.41391093 -7.41246955 -7.40988282 -7.4033796
 -7.39864369 -7.39371208 -7.39179659 -7.37215541 -7.39847775 -7.40716597
 -7.41081456 -7.41168023 -7.41104878 -7.40910181 -7.40320371 -7.39860408
 -7.3937101  -7.39179649]
params_e0 (3.1757256704792742, 8.883364578198325, 1.2337527176810366, 9.991876980172637e-11, 45.077171423068634, 15.49983319425288, 0.794484215423755, 25741.911664469164, 0.004469747205460383)
reconstructed_params [3.17572567e+00 8.88336458e+00 1.23375272e+00 9.99187698e-11
 4.50771714e+01 1.54998332e+01 7.94484215e-01 3.68144000e+00
 2.57419117e+04 4.46974721e-03]
saving params.txt: (3.1757256704792742, 8.883364578198325, 1.2337527176810366, 9.991876980172637e-11, 45.077171423068634, 15.49983319425288, 0.794484215423755, 3.68144, 25741.911664469164, 0.004469747205460383)
saving energy.txt: [-7.39812118 -7.41250174 -7.4160261  -7.41644901 -7.41528164 -7.41335759
 -7.41038077 -7.40349616 -7.39867066 -7.39371348 -7.39179666 -7.39715966
 -7.41196292 -7.41565218 -7.41618679 -7.41509925 -7.41323211 -7.4103057
 -7.40347649 -7.39866577 -7.3937132  -7.39179664 -7.38862157 -7.40735029
 -7.41273537 -7.41432972 -7.41391092 -7.41246955 -7.40988282 -7.4033796
 -7.39864369 -7.39371208 -7.39179659 -7.37215539 -7.39847774 -7.40716597
 -7.41081456 -7.41168022 -7.41104878 -7.40910181 -7.40320371 -7.39860408
 -7.3937101  -7.39179649]
params_e0 (3.175725623157275, 8.883364710570772, 1.2337527176810366, 9.991876980172637e-11, 45.077171423068634, 15.49983319425288, 0.794484215423755, 25741.911664469164, 0.004469747205460383)
reconstructed_params [3.17572562e+00 8.88336471e+00 1.23375272e+00 9.99187698e-11
 4.50771714e+01 1.54998332e+01 7.94484215e-01 3.68144000e+00
 2.57419117e+04 4.46974721e-03]
saving params.txt: (3.175725623157275, 8.883364710570772, 1.2337527176810366, 9.991876980172637e-11, 45.077171423068634, 15.49983319425288, 0.794484215423755, 3.68144, 25741.911664469164, 0.004469747205460383)
saving energy.txt: [-7.39812119 -7.41250174 -7.4160261  -7.41644901 -7.41528164 -7.41335759
 -7.41038078 -7.40349616 -7.39867066 -7.39371348 -7.39179666 -7.39715967
 -7.41196292 -7.41565219 -7.4161868  -7.41509925 -7.41323211 -7.41030571
 -7.40347649 -7.39866577 -7.3937132  -7.39179664 -7.38862158 -7.40735029
 -7.41273537 -7.41432972 -7.41391093 -7.41246955 -7.40988282 -7.4033796
 -7.39864369 -7.39371208 -7.39179659 -7.37215541 -7.39847775 -7.40716597
 -7.41081456 -7.41168023 -7.41104878 -7.40910181 -7.40320371 -7.39860408
 -7.3937101  -7.39179649]
params_e0 (3.175725623157275, 8.883364578198325, 1.2337527360653846, 9.991876980172637e-11, 45.077171423068634, 15.49983319425288, 0.794484215423755, 25741.911664469164, 0.004469747205460383)
reconstructed_params [3.17572562e+00 8.88336458e+00 1.23375274e+00 9.99187698e-11
 4.50771714e+01 1.54998332e+01 7.94484215e-01 3.68144000e+00
 2.57419117e+04 4.46974721e-03]
saving params.txt: (3.175725623157275, 8.883364578198325, 1.2337527360653846, 9.991876980172637e-11, 45.077171423068634, 15.49983319425288, 0.794484215423755, 3.68144, 25741.911664469164, 0.004469747205460383)
saving energy.txt: [-7.39812119 -7.41250174 -7.4160261  -7.41644901 -7.41528164 -7.41335759
 -7.41038078 -7.40349616 -7.39867066 -7.39371348 -7.39179666 -7.39715967
 -7.41196292 -7.41565219 -7.4161868  -7.41509925 -7.41323211 -7.4103057
 -7.40347649 -7.39866577 -7.3937132  -7.39179664 -7.38862158 -7.40735029
 -7.41273537 -7.41432972 -7.41391093 -7.41246955 -7.40988282 -7.4033796
 -7.39864369 -7.39371208 -7.39179659 -7.37215541 -7.39847775 -7.40716597
 -7.41081456 -7.41168023 -7.41104878 -7.40910181 -7.40320371 -7.39860408
 -7.3937101  -7.39179649]
params_e0 (3.175725623157275, 8.883364578198325, 1.2337527176810366, 1.500107996364938e-08, 45.077171423068634, 15.49983319425288, 0.794484215423755, 25741.911664469164, 0.004469747205460383)
reconstructed_params [3.17572562e+00 8.88336458e+00 1.23375272e+00 1.50010800e-08
 4.50771714e+01 1.54998332e+01 7.94484215e-01 3.68144000e+00
 2.57419117e+04 4.46974721e-03]
saving params.txt: (3.175725623157275, 8.883364578198325, 1.2337527176810366, 1.500107996364938e-08, 45.077171423068634, 15.49983319425288, 0.794484215423755, 3.68144, 25741.911664469164, 0.004469747205460383)
saving energy.txt: [-7.39812119 -7.41250174 -7.4160261  -7.41644901 -7.41528164 -7.41335759
 -7.41038078 -7.40349616 -7.39867066 -7.39371348 -7.39179666 -7.39715967
 -7.41196292 -7.41565219 -7.4161868  -7.41509925 -7.41323211 -7.41030571
 -7.40347649 -7.39866577 -7.3937132  -7.39179664 -7.38862158 -7.40735029
 -7.41273537 -7.41432972 -7.41391093 -7.41246955 -7.40988282 -7.4033796
 -7.39864369 -7.39371208 -7.39179659 -7.37215541 -7.39847775 -7.40716597
 -7.41081456 -7.41168023 -7.41104878 -7.40910181 -7.40320371 -7.39860408
 -7.3937101  -7.39179649]
params_e0 (3.175725623157275, 8.883364578198325, 1.2337527176810366, 9.991876980172637e-11, 45.07717209477083, 15.49983319425288, 0.794484215423755, 25741.911664469164, 0.004469747205460383)
reconstructed_params [3.17572562e+00 8.88336458e+00 1.23375272e+00 9.99187698e-11
 4.50771721e+01 1.54998332e+01 7.94484215e-01 3.68144000e+00
 2.57419117e+04 4.46974721e-03]
saving params.txt: (3.175725623157275, 8.883364578198325, 1.2337527176810366, 9.991876980172637e-11, 45.07717209477083, 15.49983319425288, 0.794484215423755, 3.68144, 25741.911664469164, 0.004469747205460383)
saving energy.txt: [-7.39812119 -7.41250174 -7.4160261  -7.41644901 -7.41528164 -7.41335759
 -7.41038078 -7.40349616 -7.39867066 -7.39371348 -7.39179666 -7.39715967
 -7.41196292 -7.41565219 -7.4161868  -7.41509925 -7.41323211 -7.4103057
 -7.40347649 -7.39866577 -7.3937132  -7.39179664 -7.38862158 -7.40735029
 -7.41273537 -7.41432972 -7.41391093 -7.41246955 -7.40988282 -7.4033796
 -7.39864369 -7.39371208 -7.39179659 -7.37215541 -7.39847774 -7.40716597
 -7.41081456 -7.41168023 -7.41104878 -7.40910181 -7.40320371 -7.39860408
 -7.3937101  -7.39179649]
params_e0 (3.175725623157275, 8.883364578198325, 1.2337527176810366, 9.991876980172637e-11, 45.077171423068634, 15.499833425218393, 0.794484215423755, 25741.911664469164, 0.004469747205460383)
reconstructed_params [3.17572562e+00 8.88336458e+00 1.23375272e+00 9.99187698e-11
 4.50771714e+01 1.54998334e+01 7.94484215e-01 3.68144000e+00
 2.57419117e+04 4.46974721e-03]
saving params.txt: (3.175725623157275, 8.883364578198325, 1.2337527176810366, 9.991876980172637e-11, 45.077171423068634, 15.499833425218393, 0.794484215423755, 3.68144, 25741.911664469164, 0.004469747205460383)
saving energy.txt: [-7.39812119 -7.41250174 -7.4160261  -7.41644901 -7.41528164 -7.41335759
 -7.41038078 -7.40349616 -7.39867066 -7.39371348 -7.39179666 -7.39715967
 -7.41196292 -7.41565219 -7.4161868  -7.41509925 -7.41323211 -7.41030571
 -7.40347649 -7.39866577 -7.3937132  -7.39179664 -7.38862158 -7.40735029
 -7.41273537 -7.41432972 -7.41391093 -7.41246955 -7.40988282 -7.4033796
 -7.39864369 -7.39371208 -7.39179659 -7.37215541 -7.39847775 -7.40716597
 -7.41081456 -7.41168023 -7.41104878 -7.40910181 -7.40320371 -7.39860408
 -7.3937101  -7.39179649]
params_e0 (3.175725623157275, 8.883364578198325, 1.2337527176810366, 9.991876980172637e-11, 45.077171423068634, 15.49983319425288, 0.7944842303249162, 25741.911664469164, 0.004469747205460383)
reconstructed_params [3.17572562e+00 8.88336458e+00 1.23375272e+00 9.99187698e-11
 4.50771714e+01 1.54998332e+01 7.94484230e-01 3.68144000e+00
 2.57419117e+04 4.46974721e-03]
saving params.txt: (3.175725623157275, 8.883364578198325, 1.2337527176810366, 9.991876980172637e-11, 45.077171423068634, 15.49983319425288, 0.7944842303249162, 3.68144, 25741.911664469164, 0.004469747205460383)
saving energy.txt: [-7.39812119 -7.41250174 -7.4160261  -7.41644901 -7.41528164 -7.41335759
 -7.41038078 -7.40349616 -7.39867066 -7.39371348 -7.39179666 -7.39715967
 -7.41196292 -7.41565219 -7.4161868  -7.41509925 -7.41323211 -7.41030571
 -7.40347649 -7.39866577 -7.3937132  -7.39179664 -7.38862158 -7.40735029
 -7.41273537 -7.41432972 -7.41391093 -7.41246955 -7.40988282 -7.4033796
 -7.39864369 -7.39371208 -7.39179659 -7.37215541 -7.39847775 -7.40716597
 -7.41081456 -7.41168023 -7.41104878 -7.40910181 -7.40320371 -7.39860408
 -7.3937101  -7.39179649]
params_e0 (3.175725623157275, 8.883364578198325, 1.2337527176810366, 9.991876980172637e-11, 45.077171423068634, 15.49983319425288, 0.794484215423755, 25741.91204805354, 0.004469747205460383)
reconstructed_params [3.17572562e+00 8.88336458e+00 1.23375272e+00 9.99187698e-11
 4.50771714e+01 1.54998332e+01 7.94484215e-01 3.68144000e+00
 2.57419120e+04 4.46974721e-03]
saving params.txt: (3.175725623157275, 8.883364578198325, 1.2337527176810366, 9.991876980172637e-11, 45.077171423068634, 15.49983319425288, 0.794484215423755, 3.68144, 25741.91204805354, 0.004469747205460383)
saving energy.txt: [-7.39812119 -7.41250174 -7.4160261  -7.41644901 -7.41528164 -7.41335759
 -7.41038078 -7.40349616 -7.39867066 -7.39371348 -7.39179666 -7.39715967
 -7.41196292 -7.41565219 -7.4161868  -7.41509925 -7.41323211 -7.41030571
 -7.40347649 -7.39866577 -7.3937132  -7.39179664 -7.38862158 -7.4073503
 -7.41273538 -7.41432972 -7.41391093 -7.41246955 -7.40988282 -7.4033796
 -7.39864369 -7.39371208 -7.39179659 -7.37215541 -7.39847775 -7.40716597
 -7.41081456 -7.41168023 -7.41104878 -7.40910181 -7.40320371 -7.39860408
 -7.3937101  -7.39179649]
params_e0 (3.175725623157275, 8.883364578198325, 1.2337527176810366, 9.991876980172637e-11, 45.077171423068634, 15.49983319425288, 0.794484215423755, 25741.911664469164, 0.0044697621066215765)
reconstructed_params [3.17572562e+00 8.88336458e+00 1.23375272e+00 9.99187698e-11
 4.50771714e+01 1.54998332e+01 7.94484215e-01 3.68144000e+00
 2.57419117e+04 4.46976211e-03]
saving params.txt: (3.175725623157275, 8.883364578198325, 1.2337527176810366, 9.991876980172637e-11, 45.077171423068634, 15.49983319425288, 0.794484215423755, 3.68144, 25741.911664469164, 0.0044697621066215765)
saving energy.txt: [-7.39812117 -7.41250173 -7.41602609 -7.416449   -7.41528163 -7.41335758
 -7.41038076 -7.40349614 -7.39867065 -7.39371346 -7.39179664 -7.39715966
 -7.41196291 -7.41565217 -7.41618678 -7.41509924 -7.4132321  -7.41030569
 -7.40347648 -7.39866576 -7.39371319 -7.39179663 -7.38862157 -7.40735028
 -7.41273536 -7.41432971 -7.41391091 -7.41246953 -7.4098828  -7.40337959
 -7.39864367 -7.39371206 -7.39179657 -7.37215539 -7.39847773 -7.40716596
 -7.41081455 -7.41168021 -7.41104876 -7.40910179 -7.40320369 -7.39860407
 -7.39371009 -7.39179648]
params_e0 (3.1756877730763486, 8.883383950730895, 1.2337782947372617, 9.991360819107509e-11, 45.07718712238658, 15.499830541293003, 0.7944189931198282, 25741.91166453529, 0.00447063829552037)
reconstructed_params [3.17568777e+00 8.88338395e+00 1.23377829e+00 9.99136082e-11
 4.50771871e+01 1.54998305e+01 7.94418993e-01 3.68144000e+00
 2.57419117e+04 4.47063830e-03]
saving params.txt: (3.1756877730763486, 8.883383950730895, 1.2337782947372617, 9.991360819107509e-11, 45.07718712238658, 15.499830541293003, 0.7944189931198282, 3.68144, 25741.91166453529, 0.00447063829552037)
saving energy.txt: [-7.3981345  -7.41250758 -7.41602905 -7.41645041 -7.41528218 -7.41335763
 -7.41038043 -7.40349542 -7.39866981 -7.39371259 -7.39179576 -7.39717334
 -7.41196887 -7.41565518 -7.41618821 -7.41509981 -7.41323216 -7.41030536
 -7.40347576 -7.39866492 -7.39371231 -7.39179575 -7.38863648 -7.40735702
 -7.41273885 -7.41433144 -7.41391167 -7.41246972 -7.40988255 -7.40337888
 -7.39864284 -7.39371119 -7.3917957  -7.37217243 -7.39848592 -7.40717039
 -7.41081687 -7.41168134 -7.41104919 -7.40910167 -7.40320302 -7.39860325
 -7.39370921 -7.3917956 ]
params_e0 (3.175687820397784, 8.883383950730895, 1.2337782947372617, 9.991360819107509e-11, 45.07718712238658, 15.499830541293003, 0.7944189931198282, 25741.91166453529, 0.00447063829552037)
reconstructed_params [3.17568782e+00 8.88338395e+00 1.23377829e+00 9.99136082e-11
 4.50771871e+01 1.54998305e+01 7.94418993e-01 3.68144000e+00
 2.57419117e+04 4.47063830e-03]
saving params.txt: (3.175687820397784, 8.883383950730895, 1.2337782947372617, 9.991360819107509e-11, 45.07718712238658, 15.499830541293003, 0.7944189931198282, 3.68144, 25741.91166453529, 0.00447063829552037)
saving energy.txt: [-7.39813449 -7.41250757 -7.41602905 -7.4164504  -7.41528218 -7.41335763
 -7.41038043 -7.40349542 -7.39866981 -7.39371259 -7.39179576 -7.39717333
 -7.41196887 -7.41565518 -7.41618821 -7.41509981 -7.41323216 -7.41030536
 -7.40347576 -7.39866492 -7.39371231 -7.39179575 -7.38863647 -7.40735701
 -7.41273884 -7.41433143 -7.41391167 -7.41246972 -7.40988254 -7.40337888
 -7.39864284 -7.39371119 -7.3917957  -7.37217242 -7.39848591 -7.40717038
 -7.41081687 -7.41168134 -7.41104919 -7.40910167 -7.40320302 -7.39860325
 -7.39370921 -7.3917956 ]
params_e0 (3.1756877730763486, 8.883384083103632, 1.2337782947372617, 9.991360819107509e-11, 45.07718712238658, 15.499830541293003, 0.7944189931198282, 25741.91166453529, 0.00447063829552037)
reconstructed_params [3.17568777e+00 8.88338408e+00 1.23377829e+00 9.99136082e-11
 4.50771871e+01 1.54998305e+01 7.94418993e-01 3.68144000e+00
 2.57419117e+04 4.47063830e-03]
saving params.txt: (3.1756877730763486, 8.883384083103632, 1.2337782947372617, 9.991360819107509e-11, 45.07718712238658, 15.499830541293003, 0.7944189931198282, 3.68144, 25741.91166453529, 0.00447063829552037)
saving energy.txt: [-7.3981345  -7.41250758 -7.41602905 -7.41645041 -7.41528218 -7.41335763
 -7.41038043 -7.40349542 -7.39866981 -7.39371259 -7.39179576 -7.39717334
 -7.41196887 -7.41565518 -7.41618821 -7.41509981 -7.41323216 -7.41030536
 -7.40347576 -7.39866492 -7.39371231 -7.39179575 -7.38863648 -7.40735702
 -7.41273885 -7.41433144 -7.41391167 -7.41246972 -7.40988255 -7.40337888
 -7.39864284 -7.39371119 -7.3917957  -7.37217243 -7.39848592 -7.40717039
 -7.41081687 -7.41168134 -7.41104919 -7.40910167 -7.40320302 -7.39860325
 -7.39370921 -7.3917956 ]
params_e0 (3.1756877730763486, 8.883383950730895, 1.233778313121991, 9.991360819107509e-11, 45.07718712238658, 15.499830541293003, 0.7944189931198282, 25741.91166453529, 0.00447063829552037)
reconstructed_params [3.17568777e+00 8.88338395e+00 1.23377831e+00 9.99136082e-11
 4.50771871e+01 1.54998305e+01 7.94418993e-01 3.68144000e+00
 2.57419117e+04 4.47063830e-03]
saving params.txt: (3.1756877730763486, 8.883383950730895, 1.233778313121991, 9.991360819107509e-11, 45.07718712238658, 15.499830541293003, 0.7944189931198282, 3.68144, 25741.91166453529, 0.00447063829552037)
saving energy.txt: [-7.3981345  -7.41250758 -7.41602905 -7.41645041 -7.41528218 -7.41335763
 -7.41038043 -7.40349542 -7.39866981 -7.39371259 -7.39179576 -7.39717334
 -7.41196887 -7.41565518 -7.41618821 -7.41509981 -7.41323216 -7.41030536
 -7.40347576 -7.39866492 -7.39371231 -7.39179575 -7.38863648 -7.40735702
 -7.41273885 -7.41433144 -7.41391167 -7.41246972 -7.40988255 -7.40337888
 -7.39864284 -7.39371119 -7.3917957  -7.37217243 -7.39848592 -7.40717039
 -7.41081687 -7.41168134 -7.41104919 -7.40910167 -7.40320302 -7.39860325
 -7.39370921 -7.3917956 ]
params_e0 (3.1756877730763486, 8.883383950730895, 1.2337782947372617, 1.5001074802038733e-08, 45.07718712238658, 15.499830541293003, 0.7944189931198282, 25741.91166453529, 0.00447063829552037)
reconstructed_params [3.17568777e+00 8.88338395e+00 1.23377829e+00 1.50010748e-08
 4.50771871e+01 1.54998305e+01 7.94418993e-01 3.68144000e+00
 2.57419117e+04 4.47063830e-03]
saving params.txt: (3.1756877730763486, 8.883383950730895, 1.2337782947372617, 1.5001074802038733e-08, 45.07718712238658, 15.499830541293003, 0.7944189931198282, 3.68144, 25741.91166453529, 0.00447063829552037)
saving energy.txt: [-7.3981345  -7.41250758 -7.41602905 -7.41645041 -7.41528218 -7.41335763
 -7.41038043 -7.40349542 -7.39866981 -7.39371259 -7.39179576 -7.39717334
 -7.41196887 -7.41565518 -7.41618821 -7.41509981 -7.41323216 -7.41030536
 -7.40347576 -7.39866492 -7.39371231 -7.39179575 -7.38863648 -7.40735702
 -7.41273885 -7.41433144 -7.41391167 -7.41246972 -7.40988255 -7.40337888
 -7.39864284 -7.39371119 -7.3917957  -7.37217243 -7.39848592 -7.40717039
 -7.41081687 -7.41168134 -7.41104919 -7.40910167 -7.40320302 -7.39860325
 -7.39370921 -7.3917956 ]
params_e0 (3.1756877730763486, 8.883383950730895, 1.2337782947372617, 9.991360819107509e-11, 45.07718779408901, 15.499830541293003, 0.7944189931198282, 25741.91166453529, 0.00447063829552037)
reconstructed_params [3.17568777e+00 8.88338395e+00 1.23377829e+00 9.99136082e-11
 4.50771878e+01 1.54998305e+01 7.94418993e-01 3.68144000e+00
 2.57419117e+04 4.47063830e-03]
saving params.txt: (3.1756877730763486, 8.883383950730895, 1.2337782947372617, 9.991360819107509e-11, 45.07718779408901, 15.499830541293003, 0.7944189931198282, 3.68144, 25741.91166453529, 0.00447063829552037)
saving energy.txt: [-7.3981345  -7.41250758 -7.41602905 -7.41645041 -7.41528218 -7.41335763
 -7.41038043 -7.40349542 -7.39866981 -7.39371259 -7.39179576 -7.39717334
 -7.41196887 -7.41565518 -7.41618821 -7.41509981 -7.41323216 -7.41030536
 -7.40347576 -7.39866492 -7.39371231 -7.39179575 -7.38863648 -7.40735702
 -7.41273885 -7.41433144 -7.41391167 -7.41246972 -7.40988255 -7.40337888
 -7.39864284 -7.39371119 -7.3917957  -7.37217243 -7.39848592 -7.40717039
 -7.41081687 -7.41168134 -7.41104919 -7.40910167 -7.40320302 -7.39860325
 -7.39370921 -7.3917956 ]
params_e0 (3.1756877730763486, 8.883383950730895, 1.2337782947372617, 9.991360819107509e-11, 45.07718712238658, 15.499830772258475, 0.7944189931198282, 25741.91166453529, 0.00447063829552037)
reconstructed_params [3.17568777e+00 8.88338395e+00 1.23377829e+00 9.99136082e-11
 4.50771871e+01 1.54998308e+01 7.94418993e-01 3.68144000e+00
 2.57419117e+04 4.47063830e-03]
saving params.txt: (3.1756877730763486, 8.883383950730895, 1.2337782947372617, 9.991360819107509e-11, 45.07718712238658, 15.499830772258475, 0.7944189931198282, 3.68144, 25741.91166453529, 0.00447063829552037)
saving energy.txt: [-7.3981345  -7.41250758 -7.41602905 -7.41645041 -7.41528218 -7.41335763
 -7.41038043 -7.40349542 -7.39866981 -7.39371259 -7.39179576 -7.39717334
 -7.41196887 -7.41565518 -7.41618821 -7.41509981 -7.41323216 -7.41030536
 -7.40347576 -7.39866492 -7.39371231 -7.39179575 -7.38863648 -7.40735702
 -7.41273885 -7.41433144 -7.41391167 -7.41246972 -7.40988255 -7.40337888
 -7.39864284 -7.39371119 -7.3917957  -7.37217243 -7.39848592 -7.40717039
 -7.41081687 -7.41168134 -7.41104919 -7.40910167 -7.40320302 -7.39860325
 -7.39370921 -7.3917956 ]
params_e0 (3.1756877730763486, 8.883383950730895, 1.2337782947372617, 9.991360819107509e-11, 45.07718712238658, 15.499830541293003, 0.7944190080209894, 25741.91166453529, 0.00447063829552037)
reconstructed_params [3.17568777e+00 8.88338395e+00 1.23377829e+00 9.99136082e-11
 4.50771871e+01 1.54998305e+01 7.94419008e-01 3.68144000e+00
 2.57419117e+04 4.47063830e-03]
saving params.txt: (3.1756877730763486, 8.883383950730895, 1.2337782947372617, 9.991360819107509e-11, 45.07718712238658, 15.499830541293003, 0.7944190080209894, 3.68144, 25741.91166453529, 0.00447063829552037)
saving energy.txt: [-7.3981345  -7.41250758 -7.41602905 -7.41645041 -7.41528218 -7.41335763
 -7.41038043 -7.40349542 -7.39866981 -7.39371259 -7.39179576 -7.39717334
 -7.41196887 -7.41565518 -7.41618821 -7.41509981 -7.41323216 -7.41030536
 -7.40347576 -7.39866492 -7.39371231 -7.39179575 -7.38863648 -7.40735702
 -7.41273885 -7.41433144 -7.41391167 -7.41246972 -7.40988255 -7.40337888
 -7.39864284 -7.39371119 -7.3917957  -7.37217243 -7.39848592 -7.40717039
 -7.41081687 -7.41168134 -7.41104919 -7.40910167 -7.40320302 -7.39860325
 -7.39370921 -7.3917956 ]
params_e0 (3.1756877730763486, 8.883383950730895, 1.2337782947372617, 9.991360819107509e-11, 45.07718712238658, 15.499830541293003, 0.7944189931198282, 25741.912048119666, 0.00447063829552037)
reconstructed_params [3.17568777e+00 8.88338395e+00 1.23377829e+00 9.99136082e-11
 4.50771871e+01 1.54998305e+01 7.94418993e-01 3.68144000e+00
 2.57419120e+04 4.47063830e-03]
saving params.txt: (3.1756877730763486, 8.883383950730895, 1.2337782947372617, 9.991360819107509e-11, 45.07718712238658, 15.499830541293003, 0.7944189931198282, 3.68144, 25741.912048119666, 0.00447063829552037)
saving energy.txt: [-7.3981345  -7.41250758 -7.41602905 -7.41645041 -7.41528218 -7.41335763
 -7.41038043 -7.40349542 -7.39866981 -7.39371259 -7.39179576 -7.39717335
 -7.41196887 -7.41565518 -7.41618821 -7.41509981 -7.41323216 -7.41030536
 -7.40347576 -7.39866492 -7.39371231 -7.39179575 -7.38863648 -7.40735702
 -7.41273885 -7.41433144 -7.41391167 -7.41246972 -7.40988255 -7.40337888
 -7.39864284 -7.39371119 -7.3917957  -7.37217243 -7.39848592 -7.40717039
 -7.41081687 -7.41168134 -7.41104919 -7.40910167 -7.40320302 -7.39860325
 -7.39370921 -7.3917956 ]
params_e0 (3.1756877730763486, 8.883383950730895, 1.2337782947372617, 9.991360819107509e-11, 45.07718712238658, 15.499830541293003, 0.7944189931198282, 25741.91166453529, 0.004470653196681564)
reconstructed_params [3.17568777e+00 8.88338395e+00 1.23377829e+00 9.99136082e-11
 4.50771871e+01 1.54998305e+01 7.94418993e-01 3.68144000e+00
 2.57419117e+04 4.47065320e-03]
saving params.txt: (3.1756877730763486, 8.883383950730895, 1.2337782947372617, 9.991360819107509e-11, 45.07718712238658, 15.499830541293003, 0.7944189931198282, 3.68144, 25741.91166453529, 0.004470653196681564)
saving energy.txt: [-7.39813449 -7.41250756 -7.41602904 -7.41645039 -7.41528217 -7.41335762
 -7.41038041 -7.4034954  -7.3986698  -7.39371257 -7.39179575 -7.39717333
 -7.41196886 -7.41565517 -7.4161882  -7.41509979 -7.41323215 -7.41030535
 -7.40347574 -7.39866491 -7.3937123  -7.39179574 -7.38863647 -7.407357
 -7.41273883 -7.41433142 -7.41391165 -7.4124697  -7.40988253 -7.40337887
 -7.39864283 -7.39371118 -7.39179568 -7.37217242 -7.39848591 -7.40717037
 -7.41081685 -7.41168133 -7.41104918 -7.40910166 -7.403203   -7.39860323
 -7.3937092  -7.39179559]
