/projects/qmchamm/shared/mick/ilp_fitting
    basis method  registry  distance    energy  energy_err     d     a
767    c2    QMC   0.00000      3.00 -7.402388    0.000328  3.00  2.46
768    c2    QMC   0.00000      3.20 -7.412796    0.000278  3.20  2.46
769    c2    QMC   0.00000      3.35 -7.416119    0.000264  3.35  2.46
770    c2    QMC   0.00000      3.50 -7.416772    0.000282  3.50  2.46
771    c2    QMC   0.00000      3.65 -7.415003    0.000374  3.65  2.46
772    c2    QMC   0.00000      3.80 -7.412760    0.000230  3.80  2.46
773    c2    QMC   0.00000      4.00 -7.410565    0.000278  4.00  2.46
774    c2    QMC   0.00000      4.50 -7.404000    0.000256  4.50  2.46
775    c2    QMC   0.00000      5.00 -7.400149    0.000235  5.00  2.46
776    c2    QMC   0.00000      6.00 -7.397333    0.000217  6.00  2.46
777    c2    QMC   0.00000      7.00 -7.396415    0.000221  7.00  2.46
778    c2    QMC   0.16667      3.00 -7.399188    0.000145  3.00  2.46
779    c2    QMC   0.16667      3.20 -7.411959    0.000175  3.20  2.46
780    c2    QMC   0.16667      3.35 -7.415276    0.000147  3.35  2.46
781    c2    QMC   0.16667      3.50 -7.416259    0.000164  3.50  2.46
782    c2    QMC   0.16667      3.65 -7.415209    0.000194  3.65  2.46
783    c2    QMC   0.16667      3.80 -7.412987    0.000262  3.80  2.46
784    c2    QMC   0.16667      4.00 -7.410067    0.000152  4.00  2.46
785    c2    QMC   0.16667      4.50 -7.403974    0.000197  4.50  2.46
786    c2    QMC   0.16667      5.00 -7.399793    0.000181  5.00  2.46
787    c2    QMC   0.16667      6.00 -7.397039    0.000171  6.00  2.46
788    c2    QMC   0.16667      7.00 -7.395969    0.000152  7.00  2.46
789    c2    QMC   0.50000      3.00 -7.390987    0.000284  3.00  2.46
790    c2    QMC   0.50000      3.20 -7.406952    0.000212  3.20  2.46
791    c2    QMC   0.50000      3.35 -7.411909    0.000274  3.35  2.46
792    c2    QMC   0.50000      3.50 -7.413657    0.000271  3.50  2.46
793    c2    QMC   0.50000      3.65 -7.413999    0.000274  3.65  2.46
794    c2    QMC   0.50000      3.80 -7.412379    0.000217  3.80  2.46
795    c2    QMC   0.50000      4.00 -7.409976    0.000229  4.00  2.46
796    c2    QMC   0.50000      4.50 -7.403725    0.000239  4.50  2.46
797    c2    QMC   0.50000      5.00 -7.400076    0.000332  5.00  2.46
798    c2    QMC   0.50000      6.00 -7.397094    0.000206  6.00  2.46
799    c2    QMC   0.50000      7.00 -7.396256    0.000215  7.00  2.46
800    c2    QMC   0.66667      3.00 -7.374165    0.000203  3.00  2.46
801    c2    QMC   0.66667      3.20 -7.398436    0.000406  3.20  2.46
802    c2    QMC   0.66667      3.35 -7.407410    0.000244  3.35  2.46
803    c2    QMC   0.66667      3.50 -7.411002    0.000288  3.50  2.46
804    c2    QMC   0.66667      3.65 -7.412222    0.000304  3.65  2.46
805    c2    QMC   0.66667      3.80 -7.411072    0.000225  3.80  2.46
806    c2    QMC   0.66667      4.00 -7.409340    0.000371  4.00  2.46
807    c2    QMC   0.66667      4.50 -7.404098    0.000251  4.50  2.46
808    c2    QMC   0.66667      5.00 -7.399931    0.000278  5.00  2.46
809    c2    QMC   0.66667      6.00 -7.397270    0.000237  6.00  2.46
810    c2    QMC   0.66667      7.00 -7.395750    0.000319  7.00  2.46
[7]
mask [ True  True  True  True  True  True  True  True  True  True]
exclude_idxs [7]
[3.08765093e+00 8.72782824e+00 1.32899542e+00 2.99131541e-01
 5.46110342e+01 1.54999470e+01 7.95444300e-01 3.68144000e+00
 2.65383194e+04 4.82395003e-03]
[3.08765093e+00 8.72782824e+00 1.32899542e+00 2.99131541e-01
 5.46110342e+01 1.54999470e+01 7.95444300e-01 2.65383194e+04
 4.82395003e-03]
params_e0 (3.087650934657078, 8.727828235349396, 1.3289954160797584, 0.29913154133579867, 54.61103424809401, 15.499947, 0.7954443, 26538.319392766407, 0.004823950033135485)
reconstructed_params [3.08765093e+00 8.72782824e+00 1.32899542e+00 2.99131541e-01
 5.46110342e+01 1.54999470e+01 7.95444300e-01 3.68144000e+00
 2.65383194e+04 4.82395003e-03]
saving params.txt: (3.087650934657078, 8.727828235349396, 1.3289954160797584, 0.29913154133579867, 54.61103424809401, 15.499947, 0.7954443, 3.68144, 26538.319392766407, 0.004823950033135485)
saving energy.txt: [-7.39660495 -7.41216676 -7.41610024 -7.41670974 -7.41560407 -7.41367388
 -7.41063832 -7.40355432 -7.39857415 -7.39345854 -7.39148179 -7.39533335
 -7.41149025 -7.41565286 -7.41640929 -7.4154026  -7.41353955 -7.41056076
 -7.40353536 -7.39856967 -7.39345831 -7.39148177 -7.38776473 -7.40747016
 -7.41314315 -7.41482994 -7.41440257 -7.41290401 -7.41021257 -7.40345781
 -7.39855246 -7.39345748 -7.39148174 -7.37370566 -7.39999894 -7.4085081
 -7.41193637 -7.41258428 -7.41175622 -7.40958857 -7.40332085 -7.39852237
 -7.39345604 -7.39148167]
params_e0 (3.087650980666662, 8.727828235349396, 1.3289954160797584, 0.29913154133579867, 54.61103424809401, 15.499947, 0.7954443, 26538.319392766407, 0.004823950033135485)
reconstructed_params [3.08765098e+00 8.72782824e+00 1.32899542e+00 2.99131541e-01
 5.46110342e+01 1.54999470e+01 7.95444300e-01 3.68144000e+00
 2.65383194e+04 4.82395003e-03]
saving params.txt: (3.087650980666662, 8.727828235349396, 1.3289954160797584, 0.29913154133579867, 54.61103424809401, 15.499947, 0.7954443, 3.68144, 26538.319392766407, 0.004823950033135485)
saving energy.txt: [-7.39660494 -7.41216675 -7.41610024 -7.41670974 -7.41560406 -7.41367388
 -7.41063832 -7.40355432 -7.39857415 -7.39345854 -7.39148179 -7.39533334
 -7.41149025 -7.41565286 -7.41640929 -7.4154026  -7.41353955 -7.41056076
 -7.40353536 -7.39856967 -7.39345831 -7.39148177 -7.38776472 -7.40747015
 -7.41314314 -7.41482993 -7.41440257 -7.41290401 -7.41021256 -7.40345781
 -7.39855246 -7.39345748 -7.39148174 -7.37370565 -7.39999893 -7.4085081
 -7.41193637 -7.41258427 -7.41175622 -7.40958857 -7.40332085 -7.39852237
 -7.39345604 -7.39148167]
params_e0 (3.087650934657078, 8.727828365404172, 1.3289954160797584, 0.29913154133579867, 54.61103424809401, 15.499947, 0.7954443, 26538.319392766407, 0.004823950033135485)
reconstructed_params [3.08765093e+00 8.72782837e+00 1.32899542e+00 2.99131541e-01
 5.46110342e+01 1.54999470e+01 7.95444300e-01 3.68144000e+00
 2.65383194e+04 4.82395003e-03]
saving params.txt: (3.087650934657078, 8.727828365404172, 1.3289954160797584, 0.29913154133579867, 54.61103424809401, 15.499947, 0.7954443, 3.68144, 26538.319392766407, 0.004823950033135485)
saving energy.txt: [-7.39660495 -7.41216676 -7.41610024 -7.41670974 -7.41560407 -7.41367388
 -7.41063833 -7.40355432 -7.39857415 -7.39345854 -7.39148179 -7.39533335
 -7.41149026 -7.41565286 -7.41640929 -7.4154026  -7.41353955 -7.41056076
 -7.40353536 -7.39856967 -7.39345831 -7.39148177 -7.38776473 -7.40747016
 -7.41314315 -7.41482994 -7.41440257 -7.41290401 -7.41021257 -7.40345781
 -7.39855246 -7.39345748 -7.39148174 -7.37370566 -7.39999894 -7.4085081
 -7.41193637 -7.41258428 -7.41175622 -7.40958857 -7.40332085 -7.39852237
 -7.39345604 -7.39148167]
params_e0 (3.087650934657078, 8.727828235349396, 1.3289954358833334, 0.29913154133579867, 54.61103424809401, 15.499947, 0.7954443, 26538.319392766407, 0.004823950033135485)
reconstructed_params [3.08765093e+00 8.72782824e+00 1.32899544e+00 2.99131541e-01
 5.46110342e+01 1.54999470e+01 7.95444300e-01 3.68144000e+00
 2.65383194e+04 4.82395003e-03]
saving params.txt: (3.087650934657078, 8.727828235349396, 1.3289954358833334, 0.29913154133579867, 54.61103424809401, 15.499947, 0.7954443, 3.68144, 26538.319392766407, 0.004823950033135485)
saving energy.txt: [-7.39660495 -7.41216676 -7.41610024 -7.41670974 -7.41560406 -7.41367388
 -7.41063832 -7.40355432 -7.39857415 -7.39345854 -7.39148179 -7.39533335
 -7.41149025 -7.41565286 -7.41640929 -7.4154026  -7.41353955 -7.41056076
 -7.40353536 -7.39856967 -7.39345831 -7.39148177 -7.38776473 -7.40747016
 -7.41314315 -7.41482994 -7.41440257 -7.41290401 -7.41021257 -7.40345781
 -7.39855246 -7.39345748 -7.39148174 -7.37370566 -7.39999894 -7.4085081
 -7.41193637 -7.41258428 -7.41175622 -7.40958857 -7.40332085 -7.39852237
 -7.39345604 -7.39148167]
params_e0 (3.087650934657078, 8.727828235349396, 1.3289954160797584, 0.29913155623695986, 54.61103424809401, 15.499947, 0.7954443, 26538.319392766407, 0.004823950033135485)
reconstructed_params [3.08765093e+00 8.72782824e+00 1.32899542e+00 2.99131556e-01
 5.46110342e+01 1.54999470e+01 7.95444300e-01 3.68144000e+00
 2.65383194e+04 4.82395003e-03]
saving params.txt: (3.087650934657078, 8.727828235349396, 1.3289954160797584, 0.29913155623695986, 54.61103424809401, 15.499947, 0.7954443, 3.68144, 26538.319392766407, 0.004823950033135485)
saving energy.txt: [-7.39660495 -7.41216676 -7.41610024 -7.41670974 -7.41560407 -7.41367388
 -7.41063832 -7.40355432 -7.39857415 -7.39345854 -7.39148179 -7.39533335
 -7.41149025 -7.41565286 -7.41640929 -7.4154026  -7.41353955 -7.41056076
 -7.40353536 -7.39856967 -7.39345831 -7.39148177 -7.38776473 -7.40747016
 -7.41314315 -7.41482994 -7.41440257 -7.41290401 -7.41021257 -7.40345781
 -7.39855246 -7.39345748 -7.39148174 -7.37370566 -7.39999894 -7.4085081
 -7.41193637 -7.41258428 -7.41175622 -7.40958857 -7.40332085 -7.39852237
 -7.39345604 -7.39148167]
params_e0 (3.087650934657078, 8.727828235349396, 1.3289954160797584, 0.29913154133579867, 54.611035061861834, 15.499947, 0.7954443, 26538.319392766407, 0.004823950033135485)
reconstructed_params [3.08765093e+00 8.72782824e+00 1.32899542e+00 2.99131541e-01
 5.46110351e+01 1.54999470e+01 7.95444300e-01 3.68144000e+00
 2.65383194e+04 4.82395003e-03]
saving params.txt: (3.087650934657078, 8.727828235349396, 1.3289954160797584, 0.29913154133579867, 54.611035061861834, 15.499947, 0.7954443, 3.68144, 26538.319392766407, 0.004823950033135485)
saving energy.txt: [-7.39660495 -7.41216676 -7.41610024 -7.41670974 -7.41560406 -7.41367388
 -7.41063832 -7.40355432 -7.39857415 -7.39345854 -7.39148179 -7.39533335
 -7.41149025 -7.41565286 -7.41640929 -7.4154026  -7.41353955 -7.41056076
 -7.40353536 -7.39856967 -7.39345831 -7.39148177 -7.38776473 -7.40747016
 -7.41314315 -7.41482994 -7.41440257 -7.41290401 -7.41021257 -7.40345781
 -7.39855246 -7.39345748 -7.39148174 -7.37370566 -7.39999894 -7.4085081
 -7.41193637 -7.41258428 -7.41175622 -7.40958857 -7.40332085 -7.39852237
 -7.39345604 -7.39148167]
params_e0 (3.087650934657078, 8.727828235349396, 1.3289954160797584, 0.29913154133579867, 54.61103424809401, 15.499947230967209, 0.7954443, 26538.319392766407, 0.004823950033135485)
reconstructed_params [3.08765093e+00 8.72782824e+00 1.32899542e+00 2.99131541e-01
 5.46110342e+01 1.54999472e+01 7.95444300e-01 3.68144000e+00
 2.65383194e+04 4.82395003e-03]
saving params.txt: (3.087650934657078, 8.727828235349396, 1.3289954160797584, 0.29913154133579867, 54.61103424809401, 15.499947230967209, 0.7954443, 3.68144, 26538.319392766407, 0.004823950033135485)
saving energy.txt: [-7.39660495 -7.41216676 -7.41610024 -7.41670974 -7.41560407 -7.41367388
 -7.41063832 -7.40355432 -7.39857415 -7.39345854 -7.39148179 -7.39533335
 -7.41149025 -7.41565286 -7.41640929 -7.4154026  -7.41353955 -7.41056076
 -7.40353536 -7.39856967 -7.39345831 -7.39148177 -7.38776473 -7.40747016
 -7.41314315 -7.41482994 -7.41440257 -7.41290401 -7.41021257 -7.40345781
 -7.39855246 -7.39345748 -7.39148174 -7.37370566 -7.39999894 -7.4085081
 -7.41193637 -7.41258428 -7.41175622 -7.40958857 -7.40332085 -7.39852237
 -7.39345604 -7.39148167]
params_e0 (3.087650934657078, 8.727828235349396, 1.3289954160797584, 0.29913154133579867, 54.61103424809401, 15.499947, 0.7954443149011612, 26538.319392766407, 0.004823950033135485)
reconstructed_params [3.08765093e+00 8.72782824e+00 1.32899542e+00 2.99131541e-01
 5.46110342e+01 1.54999470e+01 7.95444315e-01 3.68144000e+00
 2.65383194e+04 4.82395003e-03]
saving params.txt: (3.087650934657078, 8.727828235349396, 1.3289954160797584, 0.29913154133579867, 54.61103424809401, 15.499947, 0.7954443149011612, 3.68144, 26538.319392766407, 0.004823950033135485)
saving energy.txt: [-7.39660495 -7.41216676 -7.41610024 -7.41670974 -7.41560406 -7.41367388
 -7.41063832 -7.40355432 -7.39857415 -7.39345854 -7.39148179 -7.39533335
 -7.41149025 -7.41565286 -7.41640929 -7.4154026  -7.41353955 -7.41056076
 -7.40353536 -7.39856967 -7.39345831 -7.39148177 -7.38776473 -7.40747016
 -7.41314315 -7.41482994 -7.41440257 -7.41290401 -7.41021257 -7.40345781
 -7.39855246 -7.39345748 -7.39148174 -7.37370566 -7.39999894 -7.4085081
 -7.41193637 -7.41258428 -7.41175622 -7.40958857 -7.40332085 -7.39852237
 -7.39345604 -7.39148167]
params_e0 (3.087650934657078, 8.727828235349396, 1.3289954160797584, 0.29913154133579867, 54.61103424809401, 15.499947, 0.7954443, 26538.31978821818, 0.004823950033135485)
reconstructed_params [3.08765093e+00 8.72782824e+00 1.32899542e+00 2.99131541e-01
 5.46110342e+01 1.54999470e+01 7.95444300e-01 3.68144000e+00
 2.65383198e+04 4.82395003e-03]
saving params.txt: (3.087650934657078, 8.727828235349396, 1.3289954160797584, 0.29913154133579867, 54.61103424809401, 15.499947, 0.7954443, 3.68144, 26538.31978821818, 0.004823950033135485)
saving energy.txt: [-7.39660495 -7.41216676 -7.41610024 -7.41670974 -7.41560407 -7.41367388
 -7.41063833 -7.40355432 -7.39857415 -7.39345854 -7.39148179 -7.39533335
 -7.41149026 -7.41565286 -7.41640929 -7.41540261 -7.41353955 -7.41056076
 -7.40353536 -7.39856967 -7.39345831 -7.39148178 -7.38776474 -7.40747016
 -7.41314315 -7.41482994 -7.41440257 -7.41290401 -7.41021257 -7.40345781
 -7.39855246 -7.39345748 -7.39148174 -7.37370566 -7.39999894 -7.4085081
 -7.41193637 -7.41258428 -7.41175623 -7.40958857 -7.40332085 -7.39852237
 -7.39345604 -7.39148167]
params_e0 (3.087650934657078, 8.727828235349396, 1.3289954160797584, 0.29913154133579867, 54.61103424809401, 15.499947, 0.7954443, 26538.319392766407, 0.004823964934296679)
reconstructed_params [3.08765093e+00 8.72782824e+00 1.32899542e+00 2.99131541e-01
 5.46110342e+01 1.54999470e+01 7.95444300e-01 3.68144000e+00
 2.65383194e+04 4.82396493e-03]
saving params.txt: (3.087650934657078, 8.727828235349396, 1.3289954160797584, 0.29913154133579867, 54.61103424809401, 15.499947, 0.7954443, 3.68144, 26538.319392766407, 0.004823964934296679)
saving energy.txt: [-7.39660493 -7.41216675 -7.41610023 -7.41670973 -7.41560405 -7.41367387
 -7.41063831 -7.40355431 -7.39857413 -7.39345853 -7.39148177 -7.39533333
 -7.41149024 -7.41565285 -7.41640928 -7.41540259 -7.41353953 -7.41056074
 -7.40353534 -7.39856966 -7.39345829 -7.39148176 -7.38776472 -7.40747014
 -7.41314313 -7.41482992 -7.41440255 -7.41290399 -7.41021255 -7.40345779
 -7.39855245 -7.39345746 -7.39148172 -7.37370565 -7.39999892 -7.40850809
 -7.41193636 -7.41258426 -7.41175621 -7.40958856 -7.40332084 -7.39852236
 -7.39345603 -7.39148166]
params_e0 (3.117081404798599, 6.567923490488496, 1.3574974941310378, 0.30027926137574645, 55.23304414455268, 15.467948591156437, 0.9683157766178689, 37582.97987670306, 0.012180505164058598)
reconstructed_params [3.11708140e+00 6.56792349e+00 1.35749749e+00 3.00279261e-01
 5.52330441e+01 1.54679486e+01 9.68315777e-01 3.68144000e+00
 3.75829799e+04 1.21805052e-02]
saving params.txt: (3.117081404798599, 6.567923490488496, 1.3574974941310378, 0.30027926137574645, 55.23304414455268, 15.467948591156437, 0.9683157766178689, 3.68144, 37582.97987670306, 0.012180505164058598)
saving energy.txt: [-7.35924899 -7.38559423 -7.39769422 -7.40455042 -7.40747621 -7.40781592
 -7.40612873 -7.39936226 -7.39373729 -7.38733711 -7.38465481 -7.35831101
 -7.38494098 -7.39706514 -7.40400891 -7.4070725  -7.40753458 -7.40595615
 -7.39930755 -7.39371952 -7.38733529 -7.38465463 -7.35285786 -7.38134107
 -7.39435949 -7.40199674 -7.40562275 -7.40651742 -7.40533014 -7.39911541
 -7.39365885 -7.38732928 -7.38465406 -7.34293844 -7.37473469 -7.38951641
 -7.39848504 -7.40311614 -7.40475876 -7.40424723 -7.39878499 -7.39355509
 -7.38731906 -7.38465308]
params_e0 (3.0330918808527603, 7.14017763925435, 1.310112590020858, 0.2779493993631802, 53.495314788181496, 15.497967578774485, 0.9999539749327456, 27872.680661664657, 0.004757079496764652)
reconstructed_params [3.03309188e+00 7.14017764e+00 1.31011259e+00 2.77949399e-01
 5.34953148e+01 1.54979676e+01 9.99953975e-01 3.68144000e+00
 2.78726807e+04 4.75707950e-03]
saving params.txt: (3.0330918808527603, 7.14017763925435, 1.310112590020858, 0.2779493993631802, 53.495314788181496, 15.497967578774485, 0.9999539749327456, 3.68144, 27872.680661664657, 0.004757079496764652)
saving energy.txt: [-7.36732539 -7.38951339 -7.39983766 -7.40605816 -7.40910418 -7.40988962
 -7.40886278 -7.40337465 -7.39872845 -7.39365195 -7.39161077 -7.366379
 -7.38904088 -7.39947146 -7.40573026 -7.40883511 -7.4096941  -7.4087456
 -7.40334191 -7.39871895 -7.39365117 -7.39161071 -7.36130447 -7.38597468
 -7.3973031  -7.40416871 -7.40771982 -7.40891821 -7.40828294 -7.40321688
 -7.3986841  -7.39364846 -7.39161051 -7.3520529  -7.38029079 -7.39328909
 -7.40133733 -7.40573942 -7.407553   -7.40747051 -7.40299863 -7.39862371
 -7.3936438  -7.39161016]
params_e0 (3.023979114023084, 7.2390430615548, 1.304748159562733, 0.2756517918914893, 53.30652731919261, 15.501627832041596, 0.9999645141653777, 26675.692591424904, 0.00386239932983363)
reconstructed_params [3.02397911e+00 7.23904306e+00 1.30474816e+00 2.75651792e-01
 5.33065273e+01 1.55016278e+01 9.99964514e-01 3.68144000e+00
 2.66756926e+04 3.86239933e-03]
saving params.txt: (3.023979114023084, 7.2390430615548, 1.304748159562733, 0.2756517918914893, 53.30652731919261, 15.501627832041596, 0.9999645141653777, 3.68144, 26675.692591424904, 0.00386239932983363)
saving energy.txt: [-7.36878446 -7.39048617 -7.40052006 -7.40653312 -7.40945561 -7.41018744
 -7.40916131 -7.40380505 -7.39929995 -7.39440563 -7.39244718 -7.36788059
 -7.3900364  -7.40017242 -7.40622224 -7.40920095 -7.41000298 -7.40905139
 -7.40377486 -7.39929134 -7.39440495 -7.39244713 -7.36284573 -7.38701863
 -7.39805263 -7.40470573 -7.40812429 -7.40925805 -7.4086104  -7.40365796
 -7.39925939 -7.39440256 -7.39244696 -7.35362036 -7.38140397 -7.39411567
 -7.40194702 -7.40620644 -7.40794347 -7.4078339  -7.40345341 -7.3992039
 -7.39439845 -7.39244666]
params_e0 (3.0230384863853716, 7.249266447454385, 1.3041953021308732, 0.27541306773858515, 53.28704056650818, 15.502006531465717, 0.9999658160709963, 26552.129125896292, 0.0037700846637505805)
reconstructed_params [3.02303849e+00 7.24926645e+00 1.30419530e+00 2.75413068e-01
 5.32870406e+01 1.55020065e+01 9.99965816e-01 3.68144000e+00
 2.65521291e+04 3.77008466e-03]
saving params.txt: (3.0230384863853716, 7.249266447454385, 1.3041953021308732, 0.27541306773858515, 53.28704056650818, 15.502006531465717, 0.9999658160709963, 3.68144, 26552.129125896292, 0.0037700846637505805)
saving energy.txt: [-7.3689324  -7.39058355 -7.4005875  -7.40657934 -7.40948936 -7.41021598
 -7.40919036 -7.40384856 -7.3993585  -7.39448333 -7.39253348 -7.368033
 -7.39013615 -7.40024178 -7.40627021 -7.40923618 -7.41003265 -7.40908117
 -7.40381862 -7.39934998 -7.39448266 -7.39253343 -7.36300252 -7.38712353
 -7.39812708 -7.40475838 -7.40816351 -7.4092909  -7.40864239 -7.40370254
 -7.39931832 -7.3944803  -7.39253326 -7.35378036 -7.38151629 -7.39419822
 -7.40200724 -7.40625213 -7.40798153 -7.40786957 -7.40349937 -7.39926333
 -7.39447624 -7.39253296]
params_e0 (3.0229349796725358, 7.268697073326566, 1.3051324542017915, 0.27362278890037395, 53.285379759580785, 15.502912130126132, 0.9999665894178259, 26538.333913572842, 0.0038062138305706497)
reconstructed_params [3.02293498e+00 7.26869707e+00 1.30513245e+00 2.73622789e-01
 5.32853798e+01 1.55029121e+01 9.99966589e-01 3.68144000e+00
 2.65383339e+04 3.80621383e-03]
saving params.txt: (3.0229349796725358, 7.268697073326566, 1.3051324542017915, 0.27362278890037395, 53.285379759580785, 15.502912130126132, 0.9999665894178259, 3.68144, 26538.333913572842, 0.0038062138305706497)
saving energy.txt: [-7.36890064 -7.39059254 -7.40060441 -7.40659465 -7.40949866 -7.41021777
 -7.40918227 -7.40382292 -7.39932494 -7.39444637 -7.39249676 -7.3680022
 -7.39014637 -7.40025995 -7.40628672 -7.40924654 -7.41003533 -7.40907377
 -7.40379328 -7.39931653 -7.39444571 -7.39249671 -7.36297105 -7.38713775
 -7.39815025 -7.40477984 -7.4081783  -7.40929731 -7.40863778 -7.40367836
 -7.3992853  -7.3944434  -7.39249654 -7.35374623 -7.38153723 -7.39423014
 -7.40203746 -7.40627476 -7.40799453 -7.40786989 -7.40347723 -7.39923104
 -7.39443942 -7.39249626]
params_e0 (3.0475765997402298, 8.391598217336991, 1.3428601100165798, 0.266902209619688, 54.186052596268034, 15.501948913586357, 0.9155084810253096, 26538.31971032586, 0.00556605582885229)
reconstructed_params [3.04757660e+00 8.39159822e+00 1.34286011e+00 2.66902210e-01
 5.41860526e+01 1.55019489e+01 9.15508481e-01 3.68144000e+00
 2.65383197e+04 5.56605583e-03]
saving params.txt: (3.0475765997402298, 8.391598217336991, 1.3428601100165798, 0.266902209619688, 54.186052596268034, 15.501948913586357, 0.9155084810253096, 3.68144, 26538.31971032586, 0.00556605582885229)
saving energy.txt: [-7.37858918 -7.40193675 -7.41027309 -7.41356637 -7.41384069 -7.41252828
 -7.40977973 -7.40278666 -7.39781791 -7.39271446 -7.39073951 -7.37789083
 -7.40124595 -7.40974561 -7.41322043 -7.41362332 -7.41239021 -7.40970246
 -7.40276785 -7.39781336 -7.39271421 -7.3907395  -7.37191857 -7.39770629
 -7.40738783 -7.41169667 -7.41265909 -7.41178319 -7.40937279 -7.40269356
 -7.39779635 -7.39271333 -7.39073945 -7.36041606 -7.39119275 -7.4031492
 -7.40897195 -7.41093428 -7.41069881 -7.40878657 -7.40256311 -7.39776677
 -7.39271182 -7.39073938]
params_e0 (3.061910649574299, 8.693343450370088, 1.3455215344624598, 0.2930407158188864, 54.56142034769182, 15.499952077604858, 0.869448229639283, 26538.319431568743, 0.005729503017060634)
reconstructed_params [3.06191065e+00 8.69334345e+00 1.34552153e+00 2.93040716e-01
 5.45614203e+01 1.54999521e+01 8.69448230e-01 3.68144000e+00
 2.65383194e+04 5.72950302e-03]
saving params.txt: (3.061910649574299, 8.693343450370088, 1.3455215344624598, 0.2930407158188864, 54.56142034769182, 15.499952077604858, 0.869448229639283, 3.68144, 26538.319431568743, 0.005729503017060634)
saving energy.txt: [-7.38608972 -7.40739853 -7.41377731 -7.41555819 -7.41488772 -7.4130555
 -7.40997575 -7.40272973 -7.39769036 -7.39255437 -7.39057631 -7.38489214
 -7.40659597 -7.41327567 -7.41524726 -7.41468979 -7.41292727 -7.40990325
 -7.40271241 -7.39768633 -7.39255417 -7.3905763  -7.37809538 -7.40274643
 -7.41084614 -7.41373689 -7.41375085 -7.41233999 -7.40958619 -7.40264305
 -7.39767109 -7.39255344 -7.39057627 -7.36540097 -7.39576484 -7.40644465
 -7.41099975 -7.41205459 -7.41128432 -7.40902024 -7.40252098 -7.39764452
 -7.39255219 -7.39057621]
params_e0 (3.0807889220545284, 8.728089406311733, 1.3331383310140814, 0.29877273910975655, 54.61056214621668, 15.499875999485996, 0.8156400925992426, 26538.319395303555, 0.005094715241992526)
reconstructed_params [3.08078892e+00 8.72808941e+00 1.33313833e+00 2.98772739e-01
 5.46105621e+01 1.54998760e+01 8.15640093e-01 3.68144000e+00
 2.65383194e+04 5.09471524e-03]
saving params.txt: (3.0807889220545284, 8.728089406311733, 1.3331383310140814, 0.29877273910975655, 54.61056214621668, 15.499875999485996, 0.8156400925992426, 3.68144, 26538.319395303555, 0.005094715241992526)
saving energy.txt: [-7.39440463 -7.41140273 -7.4157997  -7.41657009 -7.41548926 -7.41353707
 -7.41045998 -7.40331171 -7.39831109 -7.3931883  -7.39121105 -7.39303766
 -7.41069305 -7.41534632 -7.41627113 -7.41529055 -7.4134052  -7.41038414
 -7.40329328 -7.39830676 -7.39318807 -7.39121104 -7.38556344 -7.40669328
 -7.41286051 -7.41471656 -7.41431127 -7.41278516 -7.41004559 -7.40321826
 -7.39829018 -7.39318728 -7.39121101 -7.3717949  -7.39930783 -7.40828338
 -7.41187256 -7.41253249 -7.41166635 -7.40943936 -7.40308587 -7.3982612
 -7.39318591 -7.39121094]
params_e0 (3.0859307544217085, 8.72802119570839, 1.3299990323727842, 0.29906023560376477, 54.61108802171268, 15.499928294396057, 0.8004949126417649, 26538.31939329628, 0.004891653361200949)
reconstructed_params [3.08593075e+00 8.72802120e+00 1.32999903e+00 2.99060236e-01
 5.46110880e+01 1.54999283e+01 8.00494913e-01 3.68144000e+00
 2.65383194e+04 4.89165336e-03]
saving params.txt: (3.0859307544217085, 8.72802119570839, 1.3299990323727842, 0.29906023560376477, 54.61108802171268, 15.499928294396057, 0.8004949126417649, 3.68144, 26538.31939329628, 0.004891653361200949)
saving energy.txt: [-7.39611521 -7.41201223 -7.41604514 -7.41668478 -7.41558018 -7.41364207
 -7.41059477 -7.40349387 -7.39850843 -7.39339097 -7.39141409 -7.39481661
 -7.41132876 -7.41559688 -7.41638492 -7.41537949 -7.41350839 -7.41051765
 -7.40347504 -7.39850399 -7.39339074 -7.39141408 -7.38726498 -7.40731378
 -7.41309385 -7.41481223 -7.41438487 -7.41287684 -7.41017191 -7.40339813
 -7.39848694 -7.39338992 -7.39141404 -7.37327128 -7.39986256 -7.40847396
 -7.41193175 -7.41257685 -7.41173649 -7.40955244 -7.40326233 -7.39845713
 -7.3933885  -7.39141398]
params_e0 (3.0872076766359084, 8.727882715918142, 1.3292427964869635, 0.29911459672647167, 54.61105469716694, 15.499942284382117, 0.7967060237589427, 26538.31939289387, 0.004840575116345082)
reconstructed_params [3.08720768e+00 8.72788272e+00 1.32924280e+00 2.99114597e-01
 5.46110547e+01 1.54999423e+01 7.96706024e-01 3.68144000e+00
 2.65383194e+04 4.84057512e-03]
saving params.txt: (3.0872076766359084, 8.727882715918142, 1.3292427964869635, 0.29911459672647167, 54.61105469716694, 15.499942284382117, 0.7967060237589427, 3.68144, 26538.31939289387, 0.004840575116345082)
saving energy.txt: [-7.39648968 -7.41213245 -7.41608919 -7.41670523 -7.41559926 -7.41366677
 -7.41062804 -7.40353959 -7.39855804 -7.39344195 -7.39146516 -7.39521129
 -7.41145432 -7.41564164 -7.41640495 -7.415398   -7.41353261 -7.41055059
 -7.40352066 -7.39855358 -7.39344172 -7.39146515 -7.38764679 -7.40743566
 -7.41313374 -7.41482735 -7.41439938 -7.4128981  -7.41020303 -7.40344327
 -7.3985364  -7.39344089 -7.39146511 -7.373604   -7.39996964 -7.4085027
 -7.41193721 -7.41258374 -7.41175223 -7.4095802  -7.40330661 -7.39850639
 -7.39343946 -7.39146505]
params_e0 (3.087527196897193, 8.727842281336722, 1.3290554387406606, 0.2991273472521897, 54.61103856420348, 15.499945825416196, 0.7957586927048693, 26538.31939279801, 0.004827732221725331)
reconstructed_params [3.08752720e+00 8.72784228e+00 1.32905544e+00 2.99127347e-01
 5.46110386e+01 1.54999458e+01 7.95758693e-01 3.68144000e+00
 2.65383194e+04 4.82773222e-03]
saving params.txt: (3.087527196897193, 8.727842281336722, 1.3290554387406606, 0.2991273472521897, 54.61103856420348, 15.499945825416196, 0.7957586927048693, 3.68144, 26538.31939279801, 0.004827732221725331)
saving energy.txt: [-7.39657981 -7.41216054 -7.41609919 -7.41670989 -7.41560385 -7.41367289
 -7.41063637 -7.40355108 -7.39857051 -7.39345477 -7.391478   -7.39530656
 -7.41148367 -7.41565179 -7.4164095  -7.41540245 -7.41353861 -7.41055884
 -7.40353213 -7.39856604 -7.39345454 -7.39147799 -7.38773918 -7.40746407
 -7.41314262 -7.41483064 -7.4144028  -7.41290335 -7.41021082 -7.40345462
 -7.39854884 -7.39345371 -7.39147795 -7.37368456 -7.39999439 -7.40850874
 -7.41193804 -7.41258525 -7.41175609 -7.40958715 -7.40331774 -7.39851877
 -7.39345227 -7.39147789]
params_e0 (3.087527242904933, 8.727842281336722, 1.3290554387406606, 0.2991273472521897, 54.61103856420348, 15.499945825416196, 0.7957586927048693, 26538.31939279801, 0.004827732221725331)
reconstructed_params [3.08752724e+00 8.72784228e+00 1.32905544e+00 2.99127347e-01
 5.46110386e+01 1.54999458e+01 7.95758693e-01 3.68144000e+00
 2.65383194e+04 4.82773222e-03]
saving params.txt: (3.087527242904933, 8.727842281336722, 1.3290554387406606, 0.2991273472521897, 54.61103856420348, 15.499945825416196, 0.7957586927048693, 3.68144, 26538.31939279801, 0.004827732221725331)
saving energy.txt: [-7.3965798  -7.41216054 -7.41609919 -7.41670989 -7.41560384 -7.41367289
 -7.41063637 -7.40355108 -7.39857051 -7.39345477 -7.391478   -7.39530655
 -7.41148366 -7.41565179 -7.41640949 -7.41540244 -7.4135386  -7.41055884
 -7.40353213 -7.39856604 -7.39345454 -7.39147799 -7.38773917 -7.40746406
 -7.41314262 -7.41483064 -7.4144028  -7.41290335 -7.41021082 -7.40345462
 -7.39854884 -7.39345371 -7.39147795 -7.37368455 -7.39999438 -7.40850874
 -7.41193804 -7.41258524 -7.41175609 -7.40958714 -7.40331774 -7.39851877
 -7.39345227 -7.39147789]
params_e0 (3.087527196897193, 8.727842411391707, 1.3290554387406606, 0.2991273472521897, 54.61103856420348, 15.499945825416196, 0.7957586927048693, 26538.31939279801, 0.004827732221725331)
reconstructed_params [3.08752720e+00 8.72784241e+00 1.32905544e+00 2.99127347e-01
 5.46110386e+01 1.54999458e+01 7.95758693e-01 3.68144000e+00
 2.65383194e+04 4.82773222e-03]
saving params.txt: (3.087527196897193, 8.727842411391707, 1.3290554387406606, 0.2991273472521897, 54.61103856420348, 15.499945825416196, 0.7957586927048693, 3.68144, 26538.31939279801, 0.004827732221725331)
saving energy.txt: [-7.39657981 -7.41216054 -7.41609919 -7.41670989 -7.41560385 -7.41367289
 -7.41063637 -7.40355108 -7.39857051 -7.39345477 -7.391478   -7.39530656
 -7.41148367 -7.41565179 -7.4164095  -7.41540245 -7.41353861 -7.41055884
 -7.40353213 -7.39856604 -7.39345454 -7.39147799 -7.38773918 -7.40746407
 -7.41314262 -7.41483064 -7.4144028  -7.41290335 -7.41021082 -7.40345462
 -7.39854884 -7.39345371 -7.39147795 -7.37368456 -7.39999439 -7.40850874
 -7.41193804 -7.41258525 -7.41175609 -7.40958715 -7.40331774 -7.39851877
 -7.39345227 -7.39147789]
params_e0 (3.087527196897193, 8.727842281336722, 1.32905545854513, 0.2991273472521897, 54.61103856420348, 15.499945825416196, 0.7957586927048693, 26538.31939279801, 0.004827732221725331)
reconstructed_params [3.08752720e+00 8.72784228e+00 1.32905546e+00 2.99127347e-01
 5.46110386e+01 1.54999458e+01 7.95758693e-01 3.68144000e+00
 2.65383194e+04 4.82773222e-03]
saving params.txt: (3.087527196897193, 8.727842281336722, 1.32905545854513, 0.2991273472521897, 54.61103856420348, 15.499945825416196, 0.7957586927048693, 3.68144, 26538.31939279801, 0.004827732221725331)
saving energy.txt: [-7.39657981 -7.41216054 -7.41609919 -7.41670989 -7.41560384 -7.41367289
 -7.41063637 -7.40355108 -7.39857051 -7.39345477 -7.391478   -7.39530656
 -7.41148367 -7.41565179 -7.41640949 -7.41540245 -7.4135386  -7.41055884
 -7.40353213 -7.39856604 -7.39345454 -7.39147799 -7.38773918 -7.40746407
 -7.41314262 -7.41483064 -7.4144028  -7.41290335 -7.41021082 -7.40345462
 -7.39854884 -7.39345371 -7.39147795 -7.37368456 -7.39999439 -7.40850874
 -7.41193804 -7.41258525 -7.41175609 -7.40958715 -7.40331774 -7.39851877
 -7.39345227 -7.39147789]
params_e0 (3.087527196897193, 8.727842281336722, 1.3290554387406606, 0.2991273621533509, 54.61103856420348, 15.499945825416196, 0.7957586927048693, 26538.31939279801, 0.004827732221725331)
reconstructed_params [3.08752720e+00 8.72784228e+00 1.32905544e+00 2.99127362e-01
 5.46110386e+01 1.54999458e+01 7.95758693e-01 3.68144000e+00
 2.65383194e+04 4.82773222e-03]
saving params.txt: (3.087527196897193, 8.727842281336722, 1.3290554387406606, 0.2991273621533509, 54.61103856420348, 15.499945825416196, 0.7957586927048693, 3.68144, 26538.31939279801, 0.004827732221725331)
saving energy.txt: [-7.39657981 -7.41216054 -7.41609919 -7.41670989 -7.41560385 -7.41367289
 -7.41063637 -7.40355108 -7.39857051 -7.39345477 -7.391478   -7.39530656
 -7.41148367 -7.41565179 -7.4164095  -7.41540245 -7.41353861 -7.41055884
 -7.40353213 -7.39856604 -7.39345454 -7.39147799 -7.38773918 -7.40746407
 -7.41314262 -7.41483064 -7.4144028  -7.41290335 -7.41021082 -7.40345462
 -7.39854884 -7.39345371 -7.39147795 -7.37368456 -7.39999439 -7.40850874
 -7.41193804 -7.41258525 -7.41175609 -7.40958715 -7.40331774 -7.39851877
 -7.39345227 -7.39147789]
params_e0 (3.087527196897193, 8.727842281336722, 1.3290554387406606, 0.2991273472521897, 54.61103937797137, 15.499945825416196, 0.7957586927048693, 26538.31939279801, 0.004827732221725331)
reconstructed_params [3.08752720e+00 8.72784228e+00 1.32905544e+00 2.99127347e-01
 5.46110394e+01 1.54999458e+01 7.95758693e-01 3.68144000e+00
 2.65383194e+04 4.82773222e-03]
saving params.txt: (3.087527196897193, 8.727842281336722, 1.3290554387406606, 0.2991273472521897, 54.61103937797137, 15.499945825416196, 0.7957586927048693, 3.68144, 26538.31939279801, 0.004827732221725331)
saving energy.txt: [-7.39657981 -7.41216054 -7.41609919 -7.41670989 -7.41560384 -7.41367289
 -7.41063637 -7.40355108 -7.39857051 -7.39345477 -7.391478   -7.39530656
 -7.41148367 -7.41565179 -7.41640949 -7.41540245 -7.4135386  -7.41055884
 -7.40353213 -7.39856604 -7.39345454 -7.39147799 -7.38773918 -7.40746407
 -7.41314262 -7.41483064 -7.4144028  -7.41290335 -7.41021082 -7.40345462
 -7.39854884 -7.39345371 -7.39147795 -7.37368456 -7.39999438 -7.40850874
 -7.41193804 -7.41258525 -7.41175609 -7.40958715 -7.40331774 -7.39851877
 -7.39345227 -7.39147789]
params_e0 (3.087527196897193, 8.727842281336722, 1.3290554387406606, 0.2991273472521897, 54.61103856420348, 15.499946056383388, 0.7957586927048693, 26538.31939279801, 0.004827732221725331)
reconstructed_params [3.08752720e+00 8.72784228e+00 1.32905544e+00 2.99127347e-01
 5.46110386e+01 1.54999461e+01 7.95758693e-01 3.68144000e+00
 2.65383194e+04 4.82773222e-03]
saving params.txt: (3.087527196897193, 8.727842281336722, 1.3290554387406606, 0.2991273472521897, 54.61103856420348, 15.499946056383388, 0.7957586927048693, 3.68144, 26538.31939279801, 0.004827732221725331)
saving energy.txt: [-7.39657981 -7.41216054 -7.41609919 -7.41670989 -7.41560385 -7.41367289
 -7.41063637 -7.40355108 -7.39857051 -7.39345477 -7.391478   -7.39530656
 -7.41148367 -7.41565179 -7.4164095  -7.41540245 -7.41353861 -7.41055884
 -7.40353213 -7.39856604 -7.39345454 -7.39147799 -7.38773918 -7.40746407
 -7.41314262 -7.41483064 -7.4144028  -7.41290335 -7.41021082 -7.40345462
 -7.39854884 -7.39345371 -7.39147795 -7.37368456 -7.39999439 -7.40850874
 -7.41193804 -7.41258525 -7.41175609 -7.40958715 -7.40331774 -7.39851877
 -7.39345227 -7.39147789]
params_e0 (3.087527196897193, 8.727842281336722, 1.3290554387406606, 0.2991273472521897, 54.61103856420348, 15.499945825416196, 0.7957587076060305, 26538.31939279801, 0.004827732221725331)
reconstructed_params [3.08752720e+00 8.72784228e+00 1.32905544e+00 2.99127347e-01
 5.46110386e+01 1.54999458e+01 7.95758708e-01 3.68144000e+00
 2.65383194e+04 4.82773222e-03]
saving params.txt: (3.087527196897193, 8.727842281336722, 1.3290554387406606, 0.2991273472521897, 54.61103856420348, 15.499945825416196, 0.7957587076060305, 3.68144, 26538.31939279801, 0.004827732221725331)
saving energy.txt: [-7.3965798  -7.41216054 -7.41609919 -7.41670989 -7.41560384 -7.41367289
 -7.41063637 -7.40355108 -7.39857051 -7.39345477 -7.391478   -7.39530656
 -7.41148367 -7.41565179 -7.4164095  -7.41540245 -7.41353861 -7.41055884
 -7.40353213 -7.39856604 -7.39345454 -7.39147799 -7.38773918 -7.40746407
 -7.41314262 -7.41483064 -7.4144028  -7.41290335 -7.41021082 -7.40345462
 -7.39854884 -7.39345371 -7.39147795 -7.37368456 -7.39999438 -7.40850874
 -7.41193804 -7.41258525 -7.41175609 -7.40958715 -7.40331774 -7.39851877
 -7.39345227 -7.39147789]
params_e0 (3.087527196897193, 8.727842281336722, 1.3290554387406606, 0.2991273472521897, 54.61103856420348, 15.499945825416196, 0.7957586927048693, 26538.319788249784, 0.004827732221725331)
reconstructed_params [3.08752720e+00 8.72784228e+00 1.32905544e+00 2.99127347e-01
 5.46110386e+01 1.54999458e+01 7.95758693e-01 3.68144000e+00
 2.65383198e+04 4.82773222e-03]
saving params.txt: (3.087527196897193, 8.727842281336722, 1.3290554387406606, 0.2991273472521897, 54.61103856420348, 15.499945825416196, 0.7957586927048693, 3.68144, 26538.319788249784, 0.004827732221725331)
saving energy.txt: [-7.39657981 -7.41216054 -7.41609919 -7.41670989 -7.41560385 -7.41367289
 -7.41063637 -7.40355108 -7.39857051 -7.39345477 -7.391478   -7.39530656
 -7.41148367 -7.41565179 -7.4164095  -7.41540245 -7.41353861 -7.41055884
 -7.40353213 -7.39856604 -7.39345454 -7.39147799 -7.38773919 -7.40746407
 -7.41314262 -7.41483064 -7.4144028  -7.41290335 -7.41021082 -7.40345462
 -7.39854884 -7.39345371 -7.39147795 -7.37368456 -7.39999439 -7.40850874
 -7.41193804 -7.41258525 -7.41175609 -7.40958715 -7.40331774 -7.39851877
 -7.39345227 -7.39147789]
params_e0 (3.087527196897193, 8.727842281336722, 1.3290554387406606, 0.2991273472521897, 54.61103856420348, 15.499945825416196, 0.7957586927048693, 26538.31939279801, 0.004827747122886525)
reconstructed_params [3.08752720e+00 8.72784228e+00 1.32905544e+00 2.99127347e-01
 5.46110386e+01 1.54999458e+01 7.95758693e-01 3.68144000e+00
 2.65383194e+04 4.82774712e-03]
saving params.txt: (3.087527196897193, 8.727842281336722, 1.3290554387406606, 0.2991273472521897, 54.61103856420348, 15.499945825416196, 0.7957586927048693, 3.68144, 26538.31939279801, 0.004827747122886525)
saving energy.txt: [-7.39657979 -7.41216053 -7.41609917 -7.41670987 -7.41560383 -7.41367288
 -7.41063636 -7.40355107 -7.3985705  -7.39345475 -7.39147799 -7.39530654
 -7.41148365 -7.41565178 -7.41640948 -7.41540243 -7.41353859 -7.41055883
 -7.40353211 -7.39856603 -7.39345452 -7.39147798 -7.38773917 -7.40746405
 -7.41314261 -7.41483063 -7.41440279 -7.41290334 -7.41021081 -7.4034546
 -7.39854882 -7.39345369 -7.39147794 -7.37368455 -7.39999437 -7.40850873
 -7.41193803 -7.41258523 -7.41175608 -7.40958713 -7.40331773 -7.39851876
 -7.39345226 -7.39147787]
params_e0 (3.0870717496483353, 8.727858808550753, 1.3290619654418412, 0.29912488511921154, 54.61099828550664, 15.499944807780427, 0.7963643834199624, 26538.319392833488, 0.004843703600597493)
reconstructed_params [3.08707175e+00 8.72785881e+00 1.32906197e+00 2.99124885e-01
 5.46109983e+01 1.54999448e+01 7.96364383e-01 3.68144000e+00
 2.65383194e+04 4.84370360e-03]
saving params.txt: (3.0870717496483353, 8.727858808550753, 1.3290619654418412, 0.29912488511921154, 54.61099828550664, 15.499944807780427, 0.7963643834199624, 3.68144, 26538.319392833488, 0.004843703600597493)
saving energy.txt: [-7.39657701 -7.41217318 -7.41611148 -7.41671732 -7.4156056  -7.41366971
 -7.41062837 -7.40353736 -7.39855514 -7.39343884 -7.39146204 -7.39530161
 -7.41149618 -7.41566444 -7.4164173  -7.41540449 -7.41353564 -7.41055097
 -7.40351844 -7.39855068 -7.39343861 -7.39146202 -7.38773998 -7.40747947
 -7.41315761 -7.41484027 -7.41440618 -7.41290132 -7.41020351 -7.40344107
 -7.39853351 -7.39343778 -7.39146199 -7.37369956 -7.40001602 -7.40852814
 -7.41195097 -7.412591   -7.41175571 -7.40958081 -7.40330445 -7.39850351
 -7.39343635 -7.39146192]
params_e0 (3.08739888225416, 8.727846591496231, 1.3290545687210804, 0.2991267312912072, 54.61102680424425, 15.49994558031448, 0.7959071136839972, 26538.31939280685, 0.004831283665157357)
reconstructed_params [3.08739888e+00 8.72784659e+00 1.32905457e+00 2.99126731e-01
 5.46110268e+01 1.54999456e+01 7.95907114e-01 3.68144000e+00
 2.65383194e+04 4.83128367e-03]
saving params.txt: (3.08739888225416, 8.727846591496231, 1.3290545687210804, 0.2991267312912072, 54.61102680424425, 15.49994558031448, 0.7959071136839972, 3.68144, 26538.31939280685, 0.004831283665157357)
saving energy.txt: [-7.39658334 -7.41216637 -7.4161042  -7.41671319 -7.41560541 -7.413673
 -7.41063509 -7.40354817 -7.39856713 -7.39345123 -7.39147445 -7.39530963
 -7.41148951 -7.41565691 -7.41641291 -7.41540409 -7.41353878 -7.4105576
 -7.40352922 -7.39856266 -7.393451   -7.39147444 -7.38774395 -7.40747079
 -7.41314843 -7.41483458 -7.41440483 -7.41290378 -7.41020973 -7.40345175
 -7.39854547 -7.39345017 -7.3914744  -7.37369332 -7.40000294 -7.40851584
 -7.41194293 -7.41258794 -7.41175699 -7.40958633 -7.40331495 -7.39851542
 -7.39344873 -7.39147434]
params_e0 (3.0873989282599883, 8.727846591496231, 1.3290545687210804, 0.2991267312912072, 54.61102680424425, 15.49994558031448, 0.7959071136839972, 26538.31939280685, 0.004831283665157357)
reconstructed_params [3.08739893e+00 8.72784659e+00 1.32905457e+00 2.99126731e-01
 5.46110268e+01 1.54999456e+01 7.95907114e-01 3.68144000e+00
 2.65383194e+04 4.83128367e-03]
saving params.txt: (3.0873989282599883, 8.727846591496231, 1.3290545687210804, 0.2991267312912072, 54.61102680424425, 15.49994558031448, 0.7959071136839972, 3.68144, 26538.31939280685, 0.004831283665157357)
saving energy.txt: [-7.39658333 -7.41216636 -7.41610419 -7.41671319 -7.4156054  -7.413673
 -7.41063509 -7.40354817 -7.39856713 -7.39345123 -7.39147445 -7.39530962
 -7.4114895  -7.41565691 -7.41641291 -7.41540409 -7.41353878 -7.41055759
 -7.40352922 -7.39856266 -7.393451   -7.39147444 -7.38774394 -7.40747078
 -7.41314843 -7.41483458 -7.41440482 -7.41290378 -7.41020973 -7.40345175
 -7.39854547 -7.39345017 -7.3914744  -7.37369331 -7.40000293 -7.40851583
 -7.41194292 -7.41258794 -7.41175699 -7.40958633 -7.40331495 -7.39851542
 -7.39344873 -7.39147434]
params_e0 (3.08739888225416, 8.72784672155128, 1.3290545687210804, 0.2991267312912072, 54.61102680424425, 15.49994558031448, 0.7959071136839972, 26538.31939280685, 0.004831283665157357)
reconstructed_params [3.08739888e+00 8.72784672e+00 1.32905457e+00 2.99126731e-01
 5.46110268e+01 1.54999456e+01 7.95907114e-01 3.68144000e+00
 2.65383194e+04 4.83128367e-03]
saving params.txt: (3.08739888225416, 8.72784672155128, 1.3290545687210804, 0.2991267312912072, 54.61102680424425, 15.49994558031448, 0.7959071136839972, 3.68144, 26538.31939280685, 0.004831283665157357)
saving energy.txt: [-7.39658334 -7.41216637 -7.4161042  -7.4167132  -7.41560541 -7.413673
 -7.41063509 -7.40354817 -7.39856713 -7.39345123 -7.39147445 -7.39530963
 -7.41148951 -7.41565692 -7.41641291 -7.41540409 -7.41353878 -7.4105576
 -7.40352922 -7.39856266 -7.393451   -7.39147444 -7.38774395 -7.40747079
 -7.41314844 -7.41483458 -7.41440483 -7.41290378 -7.41020973 -7.40345175
 -7.39854547 -7.39345017 -7.3914744  -7.37369332 -7.40000294 -7.40851584
 -7.41194293 -7.41258794 -7.41175699 -7.40958633 -7.40331495 -7.39851542
 -7.39344873 -7.39147434]
params_e0 (3.08739888225416, 8.727846591496231, 1.3290545885255367, 0.2991267312912072, 54.61102680424425, 15.49994558031448, 0.7959071136839972, 26538.31939280685, 0.004831283665157357)
reconstructed_params [3.08739888e+00 8.72784659e+00 1.32905459e+00 2.99126731e-01
 5.46110268e+01 1.54999456e+01 7.95907114e-01 3.68144000e+00
 2.65383194e+04 4.83128367e-03]
saving params.txt: (3.08739888225416, 8.727846591496231, 1.3290545885255367, 0.2991267312912072, 54.61102680424425, 15.49994558031448, 0.7959071136839972, 3.68144, 26538.31939280685, 0.004831283665157357)
saving energy.txt: [-7.39658334 -7.41216637 -7.4161042  -7.41671319 -7.41560541 -7.413673
 -7.41063509 -7.40354817 -7.39856713 -7.39345123 -7.39147445 -7.39530963
 -7.41148951 -7.41565691 -7.41641291 -7.41540409 -7.41353878 -7.4105576
 -7.40352922 -7.39856266 -7.393451   -7.39147444 -7.38774395 -7.40747079
 -7.41314843 -7.41483458 -7.41440483 -7.41290378 -7.41020973 -7.40345175
 -7.39854547 -7.39345017 -7.3914744  -7.37369332 -7.40000294 -7.40851584
 -7.41194293 -7.41258794 -7.41175699 -7.40958633 -7.40331495 -7.39851542
 -7.39344873 -7.39147434]
params_e0 (3.08739888225416, 8.727846591496231, 1.3290545687210804, 0.2991267461923684, 54.61102680424425, 15.49994558031448, 0.7959071136839972, 26538.31939280685, 0.004831283665157357)
reconstructed_params [3.08739888e+00 8.72784659e+00 1.32905457e+00 2.99126746e-01
 5.46110268e+01 1.54999456e+01 7.95907114e-01 3.68144000e+00
 2.65383194e+04 4.83128367e-03]
saving params.txt: (3.08739888225416, 8.727846591496231, 1.3290545687210804, 0.2991267461923684, 54.61102680424425, 15.49994558031448, 0.7959071136839972, 3.68144, 26538.31939280685, 0.004831283665157357)
saving energy.txt: [-7.39658334 -7.41216637 -7.4161042  -7.41671319 -7.41560541 -7.413673
 -7.41063509 -7.40354817 -7.39856713 -7.39345123 -7.39147445 -7.39530963
 -7.41148951 -7.41565691 -7.41641291 -7.41540409 -7.41353878 -7.4105576
 -7.40352922 -7.39856266 -7.393451   -7.39147444 -7.38774395 -7.40747079
 -7.41314843 -7.41483458 -7.41440483 -7.41290378 -7.41020973 -7.40345175
 -7.39854547 -7.39345017 -7.3914744  -7.37369332 -7.40000294 -7.40851584
 -7.41194293 -7.41258794 -7.41175699 -7.40958633 -7.40331495 -7.39851542
 -7.39344873 -7.39147434]
params_e0 (3.08739888225416, 8.727846591496231, 1.3290545687210804, 0.2991267312912072, 54.61102761801196, 15.49994558031448, 0.7959071136839972, 26538.31939280685, 0.004831283665157357)
reconstructed_params [3.08739888e+00 8.72784659e+00 1.32905457e+00 2.99126731e-01
 5.46110276e+01 1.54999456e+01 7.95907114e-01 3.68144000e+00
 2.65383194e+04 4.83128367e-03]
saving params.txt: (3.08739888225416, 8.727846591496231, 1.3290545687210804, 0.2991267312912072, 54.61102761801196, 15.49994558031448, 0.7959071136839972, 3.68144, 26538.31939280685, 0.004831283665157357)
saving energy.txt: [-7.39658334 -7.41216637 -7.4161042  -7.41671319 -7.41560541 -7.413673
 -7.41063509 -7.40354817 -7.39856713 -7.39345123 -7.39147445 -7.39530963
 -7.41148951 -7.41565691 -7.41641291 -7.41540409 -7.41353878 -7.4105576
 -7.40352922 -7.39856266 -7.393451   -7.39147444 -7.38774395 -7.40747079
 -7.41314843 -7.41483458 -7.41440483 -7.41290378 -7.41020973 -7.40345175
 -7.39854547 -7.39345017 -7.3914744  -7.37369332 -7.40000294 -7.40851584
 -7.41194293 -7.41258794 -7.41175699 -7.40958633 -7.40331495 -7.39851542
 -7.39344873 -7.39147434]
params_e0 (3.08739888225416, 8.727846591496231, 1.3290545687210804, 0.2991267312912072, 54.61102680424425, 15.499945811281666, 0.7959071136839972, 26538.31939280685, 0.004831283665157357)
reconstructed_params [3.08739888e+00 8.72784659e+00 1.32905457e+00 2.99126731e-01
 5.46110268e+01 1.54999458e+01 7.95907114e-01 3.68144000e+00
 2.65383194e+04 4.83128367e-03]
saving params.txt: (3.08739888225416, 8.727846591496231, 1.3290545687210804, 0.2991267312912072, 54.61102680424425, 15.499945811281666, 0.7959071136839972, 3.68144, 26538.31939280685, 0.004831283665157357)
saving energy.txt: [-7.39658334 -7.41216637 -7.4161042  -7.41671319 -7.41560541 -7.413673
 -7.41063509 -7.40354817 -7.39856713 -7.39345123 -7.39147445 -7.39530963
 -7.41148951 -7.41565691 -7.41641291 -7.41540409 -7.41353878 -7.4105576
 -7.40352922 -7.39856266 -7.393451   -7.39147444 -7.38774395 -7.40747079
 -7.41314844 -7.41483458 -7.41440483 -7.41290378 -7.41020973 -7.40345175
 -7.39854547 -7.39345017 -7.3914744  -7.37369332 -7.40000294 -7.40851584
 -7.41194293 -7.41258794 -7.41175699 -7.40958633 -7.40331495 -7.39851542
 -7.39344873 -7.39147434]
params_e0 (3.08739888225416, 8.727846591496231, 1.3290545687210804, 0.2991267312912072, 54.61102680424425, 15.49994558031448, 0.7959071285851584, 26538.31939280685, 0.004831283665157357)
reconstructed_params [3.08739888e+00 8.72784659e+00 1.32905457e+00 2.99126731e-01
 5.46110268e+01 1.54999456e+01 7.95907129e-01 3.68144000e+00
 2.65383194e+04 4.83128367e-03]
saving params.txt: (3.08739888225416, 8.727846591496231, 1.3290545687210804, 0.2991267312912072, 54.61102680424425, 15.49994558031448, 0.7959071285851584, 3.68144, 26538.31939280685, 0.004831283665157357)
saving energy.txt: [-7.39658334 -7.41216637 -7.4161042  -7.41671319 -7.41560541 -7.413673
 -7.41063509 -7.40354817 -7.39856713 -7.39345123 -7.39147445 -7.39530963
 -7.41148951 -7.41565691 -7.41641291 -7.41540409 -7.41353878 -7.4105576
 -7.40352922 -7.39856266 -7.393451   -7.39147444 -7.38774394 -7.40747079
 -7.41314843 -7.41483458 -7.41440483 -7.41290378 -7.41020973 -7.40345175
 -7.39854547 -7.39345017 -7.3914744  -7.37369332 -7.40000294 -7.40851584
 -7.41194293 -7.41258794 -7.41175699 -7.40958633 -7.40331495 -7.39851542
 -7.39344873 -7.39147434]
params_e0 (3.08739888225416, 8.727846591496231, 1.3290545687210804, 0.2991267312912072, 54.61102680424425, 15.49994558031448, 0.7959071136839972, 26538.319788258625, 0.004831283665157357)
reconstructed_params [3.08739888e+00 8.72784659e+00 1.32905457e+00 2.99126731e-01
 5.46110268e+01 1.54999456e+01 7.95907114e-01 3.68144000e+00
 2.65383198e+04 4.83128367e-03]
saving params.txt: (3.08739888225416, 8.727846591496231, 1.3290545687210804, 0.2991267312912072, 54.61102680424425, 15.49994558031448, 0.7959071136839972, 3.68144, 26538.319788258625, 0.004831283665157357)
saving energy.txt: [-7.39658334 -7.41216637 -7.4161042  -7.4167132  -7.41560541 -7.413673
 -7.41063509 -7.40354817 -7.39856713 -7.39345123 -7.39147445 -7.39530963
 -7.41148951 -7.41565692 -7.41641291 -7.41540409 -7.41353878 -7.4105576
 -7.40352922 -7.39856266 -7.393451   -7.39147444 -7.38774395 -7.40747079
 -7.41314844 -7.41483458 -7.41440483 -7.41290378 -7.41020973 -7.40345175
 -7.39854547 -7.39345017 -7.3914744  -7.37369333 -7.40000294 -7.40851584
 -7.41194293 -7.41258794 -7.41175699 -7.40958633 -7.40331495 -7.39851542
 -7.39344873 -7.39147434]
params_e0 (3.08739888225416, 8.727846591496231, 1.3290545687210804, 0.2991267312912072, 54.61102680424425, 15.49994558031448, 0.7959071136839972, 26538.31939280685, 0.004831298566318551)
reconstructed_params [3.08739888e+00 8.72784659e+00 1.32905457e+00 2.99126731e-01
 5.46110268e+01 1.54999456e+01 7.95907114e-01 3.68144000e+00
 2.65383194e+04 4.83129857e-03]
saving params.txt: (3.08739888225416, 8.727846591496231, 1.3290545687210804, 0.2991267312912072, 54.61102680424425, 15.49994558031448, 0.7959071136839972, 3.68144, 26538.31939280685, 0.004831298566318551)
saving energy.txt: [-7.39658333 -7.41216636 -7.41610418 -7.41671318 -7.41560539 -7.41367299
 -7.41063508 -7.40354815 -7.39856711 -7.39345121 -7.39147444 -7.39530961
 -7.41148949 -7.4156569  -7.4164129  -7.41540408 -7.41353876 -7.41055758
 -7.40352921 -7.39856265 -7.39345098 -7.39147443 -7.38774393 -7.40747077
 -7.41314842 -7.41483457 -7.41440481 -7.41290377 -7.41020972 -7.40345174
 -7.39854546 -7.39345015 -7.39147439 -7.37369331 -7.40000292 -7.40851582
 -7.41194291 -7.41258793 -7.41175697 -7.40958632 -7.40331493 -7.3985154
 -7.39344872 -7.39147432]
