/projects/qmchamm/shared/mick/ilp_fitting
    basis method  registry  distance    energy  energy_err     d     a
767    c2    QMC   0.00000      3.00 -7.402388    0.000328  3.00  2.46
768    c2    QMC   0.00000      3.20 -7.412796    0.000278  3.20  2.46
769    c2    QMC   0.00000      3.35 -7.416119    0.000264  3.35  2.46
770    c2    QMC   0.00000      3.50 -7.416772    0.000282  3.50  2.46
771    c2    QMC   0.00000      3.65 -7.415003    0.000374  3.65  2.46
772    c2    QMC   0.00000      3.80 -7.412760    0.000230  3.80  2.46
773    c2    QMC   0.00000      4.00 -7.410565    0.000278  4.00  2.46
774    c2    QMC   0.00000      4.50 -7.404000    0.000256  4.50  2.46
775    c2    QMC   0.00000      5.00 -7.400149    0.000235  5.00  2.46
776    c2    QMC   0.00000      6.00 -7.397333    0.000217  6.00  2.46
777    c2    QMC   0.00000      7.00 -7.396415    0.000221  7.00  2.46
778    c2    QMC   0.16667      3.00 -7.399188    0.000145  3.00  2.46
779    c2    QMC   0.16667      3.20 -7.411959    0.000175  3.20  2.46
780    c2    QMC   0.16667      3.35 -7.415276    0.000147  3.35  2.46
781    c2    QMC   0.16667      3.50 -7.416259    0.000164  3.50  2.46
782    c2    QMC   0.16667      3.65 -7.415209    0.000194  3.65  2.46
783    c2    QMC   0.16667      3.80 -7.412987    0.000262  3.80  2.46
784    c2    QMC   0.16667      4.00 -7.410067    0.000152  4.00  2.46
785    c2    QMC   0.16667      4.50 -7.403974    0.000197  4.50  2.46
786    c2    QMC   0.16667      5.00 -7.399793    0.000181  5.00  2.46
787    c2    QMC   0.16667      6.00 -7.397039    0.000171  6.00  2.46
788    c2    QMC   0.16667      7.00 -7.395969    0.000152  7.00  2.46
789    c2    QMC   0.50000      3.00 -7.390987    0.000284  3.00  2.46
790    c2    QMC   0.50000      3.20 -7.406952    0.000212  3.20  2.46
791    c2    QMC   0.50000      3.35 -7.411909    0.000274  3.35  2.46
792    c2    QMC   0.50000      3.50 -7.413657    0.000271  3.50  2.46
793    c2    QMC   0.50000      3.65 -7.413999    0.000274  3.65  2.46
794    c2    QMC   0.50000      3.80 -7.412379    0.000217  3.80  2.46
795    c2    QMC   0.50000      4.00 -7.409976    0.000229  4.00  2.46
796    c2    QMC   0.50000      4.50 -7.403725    0.000239  4.50  2.46
797    c2    QMC   0.50000      5.00 -7.400076    0.000332  5.00  2.46
798    c2    QMC   0.50000      6.00 -7.397094    0.000206  6.00  2.46
799    c2    QMC   0.50000      7.00 -7.396256    0.000215  7.00  2.46
800    c2    QMC   0.66667      3.00 -7.374165    0.000203  3.00  2.46
801    c2    QMC   0.66667      3.20 -7.398436    0.000406  3.20  2.46
802    c2    QMC   0.66667      3.35 -7.407410    0.000244  3.35  2.46
803    c2    QMC   0.66667      3.50 -7.411002    0.000288  3.50  2.46
804    c2    QMC   0.66667      3.65 -7.412222    0.000304  3.65  2.46
805    c2    QMC   0.66667      3.80 -7.411072    0.000225  3.80  2.46
806    c2    QMC   0.66667      4.00 -7.409340    0.000371  4.00  2.46
807    c2    QMC   0.66667      4.50 -7.404098    0.000251  4.50  2.46
808    c2    QMC   0.66667      5.00 -7.399931    0.000278  5.00  2.46
809    c2    QMC   0.66667      6.00 -7.397270    0.000237  6.00  2.46
810    c2    QMC   0.66667      7.00 -7.395750    0.000319  7.00  2.46
[7]
mask [ True  True  True  True  True  True  True  True  True  True]
exclude_idxs [7]
[3.08129558e+00 9.43051839e+00 1.35897967e+00 7.10767266e-04
 5.49688895e+01 1.54999470e+01 7.95444300e-01 3.68144000e+00
 2.57351452e+04 5.71010707e-03]
[3.08129558e+00 9.43051839e+00 1.35897967e+00 7.10767266e-04
 5.49688895e+01 1.54999470e+01 7.95444300e-01 2.57351452e+04
 5.71010707e-03]
params_e0 (3.0812955758548166, 9.430518391563185, 1.3589796712997737, 0.0007107672655562548, 54.96888953019577, 15.499947, 0.7954443, 25735.145213729425, 0.005710107067058097)
reconstructed_params [3.08129558e+00 9.43051839e+00 1.35897967e+00 7.10767266e-04
 5.49688895e+01 1.54999470e+01 7.95444300e-01 3.68144000e+00
 2.57351452e+04 5.71010707e-03]
saving params.txt: (3.0812955758548166, 9.430518391563185, 1.3589796712997737, 0.0007107672655562548, 54.96888953019577, 15.499947, 0.7954443, 3.68144, 25735.145213729425, 0.005710107067058097)
saving energy.txt: [-7.39423097 -7.41173914 -7.41607419 -7.41668637 -7.41541873 -7.41328284
 -7.40999772 -7.40257434 -7.3975302  -7.3924803  -7.39055648 -7.39302673
 -7.41111532 -7.41567226 -7.41642401 -7.41524804 -7.41317255 -7.40993674
 -7.40256103 -7.3975274  -7.39248019 -7.39055648 -7.38533361 -7.40720791
 -7.413318   -7.4149957  -7.41437647 -7.41263878 -7.40965835 -7.40250616
 -7.39751662 -7.39247978 -7.39055646 -7.37092802 -7.39990308 -7.40894769
 -7.41236715 -7.41278569 -7.41167167 -7.40915819 -7.40240915 -7.39749777
 -7.39247907 -7.39055644]
params_e0 (3.0812956217696987, 9.430518391563185, 1.3589796712997737, 0.0007107672655562548, 54.96888953019577, 15.499947, 0.7954443, 25735.145213729425, 0.005710107067058097)
reconstructed_params [3.08129562e+00 9.43051839e+00 1.35897967e+00 7.10767266e-04
 5.49688895e+01 1.54999470e+01 7.95444300e-01 3.68144000e+00
 2.57351452e+04 5.71010707e-03]
saving params.txt: (3.0812956217696987, 9.430518391563185, 1.3589796712997737, 0.0007107672655562548, 54.96888953019577, 15.499947, 0.7954443, 3.68144, 25735.145213729425, 0.005710107067058097)
saving energy.txt: [-7.39423096 -7.41173913 -7.41607419 -7.41668637 -7.41541873 -7.41328284
 -7.40999772 -7.40257434 -7.3975302  -7.3924803  -7.39055648 -7.39302672
 -7.41111531 -7.41567226 -7.41642401 -7.41524804 -7.41317255 -7.40993674
 -7.40256103 -7.3975274  -7.39248019 -7.39055648 -7.3853336  -7.4072079
 -7.413318   -7.41499569 -7.41437647 -7.41263878 -7.40965835 -7.40250616
 -7.39751662 -7.39247978 -7.39055646 -7.370928   -7.39990308 -7.40894768
 -7.41236714 -7.41278568 -7.41167167 -7.40915818 -7.40240915 -7.39749777
 -7.39247907 -7.39055644]
params_e0 (3.0812955758548166, 9.43051853208886, 1.3589796712997737, 0.0007107672655562548, 54.96888953019577, 15.499947, 0.7954443, 25735.145213729425, 0.005710107067058097)
reconstructed_params [3.08129558e+00 9.43051853e+00 1.35897967e+00 7.10767266e-04
 5.49688895e+01 1.54999470e+01 7.95444300e-01 3.68144000e+00
 2.57351452e+04 5.71010707e-03]
saving params.txt: (3.0812955758548166, 9.43051853208886, 1.3589796712997737, 0.0007107672655562548, 54.96888953019577, 15.499947, 0.7954443, 3.68144, 25735.145213729425, 0.005710107067058097)
saving energy.txt: [-7.39423097 -7.41173914 -7.41607419 -7.41668637 -7.41541873 -7.41328284
 -7.40999772 -7.40257434 -7.3975302  -7.3924803  -7.39055648 -7.39302673
 -7.41111532 -7.41567226 -7.41642401 -7.41524804 -7.41317255 -7.40993674
 -7.40256103 -7.3975274  -7.39248019 -7.39055648 -7.38533361 -7.40720791
 -7.413318   -7.4149957  -7.41437647 -7.41263878 -7.40965835 -7.40250616
 -7.39751662 -7.39247978 -7.39055646 -7.37092802 -7.39990308 -7.40894769
 -7.41236715 -7.41278569 -7.41167167 -7.40915819 -7.40240915 -7.39749777
 -7.39247907 -7.39055644]
params_e0 (3.0812955758548166, 9.430518391563185, 1.3589796915501489, 0.0007107672655562548, 54.96888953019577, 15.499947, 0.7954443, 25735.145213729425, 0.005710107067058097)
reconstructed_params [3.08129558e+00 9.43051839e+00 1.35897969e+00 7.10767266e-04
 5.49688895e+01 1.54999470e+01 7.95444300e-01 3.68144000e+00
 2.57351452e+04 5.71010707e-03]
saving params.txt: (3.0812955758548166, 9.430518391563185, 1.3589796915501489, 0.0007107672655562548, 54.96888953019577, 15.499947, 0.7954443, 3.68144, 25735.145213729425, 0.005710107067058097)
saving energy.txt: [-7.39423097 -7.41173914 -7.41607419 -7.41668637 -7.41541873 -7.41328284
 -7.40999772 -7.40257434 -7.3975302  -7.3924803  -7.39055648 -7.39302673
 -7.41111532 -7.41567226 -7.41642401 -7.41524804 -7.41317255 -7.40993674
 -7.40256103 -7.3975274  -7.39248019 -7.39055648 -7.38533361 -7.40720791
 -7.413318   -7.4149957  -7.41437647 -7.41263878 -7.40965835 -7.40250616
 -7.39751662 -7.39247978 -7.39055646 -7.37092802 -7.39990308 -7.40894769
 -7.41236715 -7.41278569 -7.41167167 -7.40915819 -7.40240915 -7.39749777
 -7.39247907 -7.39055644]
params_e0 (3.0812955758548166, 9.430518391563185, 1.3589796712997737, 0.0007107821667174486, 54.96888953019577, 15.499947, 0.7954443, 25735.145213729425, 0.005710107067058097)
reconstructed_params [3.08129558e+00 9.43051839e+00 1.35897967e+00 7.10782167e-04
 5.49688895e+01 1.54999470e+01 7.95444300e-01 3.68144000e+00
 2.57351452e+04 5.71010707e-03]
saving params.txt: (3.0812955758548166, 9.430518391563185, 1.3589796712997737, 0.0007107821667174486, 54.96888953019577, 15.499947, 0.7954443, 3.68144, 25735.145213729425, 0.005710107067058097)
saving energy.txt: [-7.39423097 -7.41173914 -7.41607419 -7.41668637 -7.41541873 -7.41328284
 -7.40999772 -7.40257434 -7.3975302  -7.3924803  -7.39055648 -7.39302673
 -7.41111532 -7.41567226 -7.41642401 -7.41524804 -7.41317255 -7.40993674
 -7.40256103 -7.3975274  -7.39248019 -7.39055648 -7.38533361 -7.40720791
 -7.413318   -7.4149957  -7.41437647 -7.41263878 -7.40965835 -7.40250616
 -7.39751662 -7.39247978 -7.39055646 -7.37092802 -7.39990308 -7.40894769
 -7.41236715 -7.41278569 -7.41167167 -7.40915819 -7.40240915 -7.39749777
 -7.39247907 -7.39055644]
params_e0 (3.0812955758548166, 9.430518391563185, 1.3589796712997737, 0.0007107672655562548, 54.96889034929605, 15.499947, 0.7954443, 25735.145213729425, 0.005710107067058097)
reconstructed_params [3.08129558e+00 9.43051839e+00 1.35897967e+00 7.10767266e-04
 5.49688903e+01 1.54999470e+01 7.95444300e-01 3.68144000e+00
 2.57351452e+04 5.71010707e-03]
saving params.txt: (3.0812955758548166, 9.430518391563185, 1.3589796712997737, 0.0007107672655562548, 54.96889034929605, 15.499947, 0.7954443, 3.68144, 25735.145213729425, 0.005710107067058097)
saving energy.txt: [-7.39423097 -7.41173914 -7.41607419 -7.41668637 -7.41541873 -7.41328284
 -7.40999772 -7.40257434 -7.3975302  -7.3924803  -7.39055648 -7.39302673
 -7.41111532 -7.41567226 -7.41642401 -7.41524804 -7.41317255 -7.40993674
 -7.40256103 -7.3975274  -7.39248019 -7.39055648 -7.38533361 -7.40720791
 -7.413318   -7.4149957  -7.41437647 -7.41263878 -7.40965835 -7.40250616
 -7.39751662 -7.39247978 -7.39055646 -7.37092801 -7.39990308 -7.40894769
 -7.41236714 -7.41278569 -7.41167167 -7.40915819 -7.40240915 -7.39749777
 -7.39247907 -7.39055644]
params_e0 (3.0812955758548166, 9.430518391563185, 1.3589796712997737, 0.0007107672655562548, 54.96888953019577, 15.499947230967209, 0.7954443, 25735.145213729425, 0.005710107067058097)
reconstructed_params [3.08129558e+00 9.43051839e+00 1.35897967e+00 7.10767266e-04
 5.49688895e+01 1.54999472e+01 7.95444300e-01 3.68144000e+00
 2.57351452e+04 5.71010707e-03]
saving params.txt: (3.0812955758548166, 9.430518391563185, 1.3589796712997737, 0.0007107672655562548, 54.96888953019577, 15.499947230967209, 0.7954443, 3.68144, 25735.145213729425, 0.005710107067058097)
saving energy.txt: [-7.39423097 -7.41173914 -7.41607419 -7.41668637 -7.41541873 -7.41328284
 -7.40999772 -7.40257434 -7.3975302  -7.3924803  -7.39055648 -7.39302673
 -7.41111532 -7.41567226 -7.41642401 -7.41524804 -7.41317255 -7.40993674
 -7.40256103 -7.3975274  -7.39248019 -7.39055648 -7.38533361 -7.40720791
 -7.413318   -7.4149957  -7.41437647 -7.41263878 -7.40965835 -7.40250616
 -7.39751662 -7.39247978 -7.39055646 -7.37092802 -7.39990308 -7.40894769
 -7.41236715 -7.41278569 -7.41167167 -7.40915819 -7.40240915 -7.39749777
 -7.39247907 -7.39055644]
params_e0 (3.0812955758548166, 9.430518391563185, 1.3589796712997737, 0.0007107672655562548, 54.96888953019577, 15.499947, 0.7954443149011612, 25735.145213729425, 0.005710107067058097)
reconstructed_params [3.08129558e+00 9.43051839e+00 1.35897967e+00 7.10767266e-04
 5.49688895e+01 1.54999470e+01 7.95444315e-01 3.68144000e+00
 2.57351452e+04 5.71010707e-03]
saving params.txt: (3.0812955758548166, 9.430518391563185, 1.3589796712997737, 0.0007107672655562548, 54.96888953019577, 15.499947, 0.7954443149011612, 3.68144, 25735.145213729425, 0.005710107067058097)
saving energy.txt: [-7.39423097 -7.41173914 -7.41607419 -7.41668637 -7.41541873 -7.41328284
 -7.40999772 -7.40257434 -7.3975302  -7.3924803  -7.39055648 -7.39302673
 -7.41111532 -7.41567226 -7.41642401 -7.41524804 -7.41317255 -7.40993674
 -7.40256103 -7.3975274  -7.39248019 -7.39055648 -7.38533361 -7.40720791
 -7.413318   -7.4149957  -7.41437647 -7.41263878 -7.40965835 -7.40250616
 -7.39751662 -7.39247978 -7.39055646 -7.37092801 -7.39990308 -7.40894769
 -7.41236715 -7.41278569 -7.41167167 -7.40915819 -7.40240915 -7.39749777
 -7.39247907 -7.39055644]
params_e0 (3.0812955758548166, 9.430518391563185, 1.3589796712997737, 0.0007107672655562548, 54.96888953019577, 15.499947, 0.7954443, 25735.145597212973, 0.005710107067058097)
reconstructed_params [3.08129558e+00 9.43051839e+00 1.35897967e+00 7.10767266e-04
 5.49688895e+01 1.54999470e+01 7.95444300e-01 3.68144000e+00
 2.57351456e+04 5.71010707e-03]
saving params.txt: (3.0812955758548166, 9.430518391563185, 1.3589796712997737, 0.0007107672655562548, 54.96888953019577, 15.499947, 0.7954443, 3.68144, 25735.145597212973, 0.005710107067058097)
saving energy.txt: [-7.39423097 -7.41173914 -7.41607419 -7.41668637 -7.41541873 -7.41328284
 -7.40999772 -7.40257434 -7.3975302  -7.3924803  -7.39055648 -7.39302673
 -7.41111532 -7.41567226 -7.41642401 -7.41524804 -7.41317255 -7.40993674
 -7.40256103 -7.3975274  -7.39248019 -7.39055648 -7.38533361 -7.40720791
 -7.413318   -7.4149957  -7.41437647 -7.41263878 -7.40965835 -7.40250616
 -7.39751662 -7.39247978 -7.39055646 -7.37092802 -7.39990309 -7.40894769
 -7.41236715 -7.41278569 -7.41167167 -7.40915819 -7.40240915 -7.39749777
 -7.39247907 -7.39055644]
params_e0 (3.0812955758548166, 9.430518391563185, 1.3589796712997737, 0.0007107672655562548, 54.96888953019577, 15.499947, 0.7954443, 25735.145213729425, 0.005710121968219291)
reconstructed_params [3.08129558e+00 9.43051839e+00 1.35897967e+00 7.10767266e-04
 5.49688895e+01 1.54999470e+01 7.95444300e-01 3.68144000e+00
 2.57351452e+04 5.71012197e-03]
saving params.txt: (3.0812955758548166, 9.430518391563185, 1.3589796712997737, 0.0007107672655562548, 54.96888953019577, 15.499947, 0.7954443, 3.68144, 25735.145213729425, 0.005710121968219291)
saving energy.txt: [-7.39423096 -7.41173912 -7.41607418 -7.41668635 -7.41541872 -7.41328282
 -7.40999771 -7.40257433 -7.39753018 -7.39248029 -7.39055647 -7.39302671
 -7.4111153  -7.41567225 -7.416424   -7.41524803 -7.41317253 -7.40993673
 -7.40256101 -7.39752739 -7.39248017 -7.39055646 -7.3853336  -7.4072079
 -7.41331798 -7.41499568 -7.41437645 -7.41263876 -7.40965834 -7.40250615
 -7.39751661 -7.39247976 -7.39055645 -7.370928   -7.39990307 -7.40894767
 -7.41236713 -7.41278567 -7.41167166 -7.40915817 -7.40240914 -7.39749776
 -7.39247906 -7.39055642]
params_e0 (3.1747194404600934, 7.2715645198393855, 1.4438434988847604, 0.0007061000915933102, 56.95149087245107, 15.131272467060052, 0.7898158864218067, 39243.85381983675, 0.01511105021044096)
reconstructed_params [3.17471944e+00 7.27156452e+00 1.44384350e+00 7.06100092e-04
 5.69514909e+01 1.51312725e+01 7.89815886e-01 3.68144000e+00
 3.92438538e+04 1.51110502e-02]
saving params.txt: (3.1747194404600934, 7.2715645198393855, 1.4438434988847604, 0.0007061000915933102, 56.95149087245107, 15.131272467060052, 0.7898158864218067, 3.68144, 39243.85381983675, 0.01511105021044096)
saving energy.txt: [-7.38927968 -7.40492383 -7.40925979 -7.41034667 -7.40966335 -7.40802857
 -7.40515294 -7.39755177 -7.39151515 -7.38465343 -7.38181245 -7.38736379
 -7.40386389 -7.40853375 -7.40983946 -7.40930764 -7.40777928 -7.40499821
 -7.3975055  -7.39150155 -7.3846523  -7.38181236 -7.379902   -7.39958168
 -7.40567744 -7.40790914 -7.40799155 -7.40687763 -7.4044518  -7.39734872
 -7.39145666 -7.38464868 -7.38181208 -7.3668699  -7.39203721 -7.40066369
 -7.4045398  -7.40570596 -7.40531832 -7.4035111  -7.39708096 -7.3913804
 -7.38464256 -7.3818116 ]
params_e0 (3.0530812939093637, 7.789636409686343, 1.327948961301537, 0.00033711419266423126, 54.39235042159374, 14.032786190872484, 0.9324163978086094, 28917.40171603489, 0.007191987858986406)
reconstructed_params [3.05308129e+00 7.78963641e+00 1.32794896e+00 3.37114193e-04
 5.43923504e+01 1.40327862e+01 9.32416398e-01 3.68144000e+00
 2.89174017e+04 7.19198786e-03]
saving params.txt: (3.0530812939093637, 7.789636409686343, 1.327948961301537, 0.00033711419266423126, 54.39235042159374, 14.032786190872484, 0.9324163978086094, 3.68144, 28917.40171603489, 0.007191987858986406)
saving energy.txt: [-7.37676581 -7.39912893 -7.40775577 -7.41163589 -7.41245457 -7.41151441
 -7.40900681 -7.40200136 -7.39681681 -7.39136964 -7.38922976 -7.37599178
 -7.39848206 -7.4072299  -7.4112564  -7.41219924 -7.41134579 -7.40890915
 -7.40197549 -7.39680994 -7.39136917 -7.38922973 -7.37018905 -7.39495902
 -7.40480612 -7.40961915 -7.41111544 -7.41063628 -7.40850652 -7.40187525
 -7.39678453 -7.39136756 -7.38922964 -7.35919658 -7.38845338 -7.40042864
 -7.40669752 -7.40918884 -7.40937725 -7.40779445 -7.40169982 -7.39674044
 -7.39136478 -7.38922947]
params_e0 (3.033652169695851, 8.161377724331736, 1.310118064775256, 0.0003254479372505352, 53.98078044284421, 14.011460094256396, 0.9381448665589255, 26352.69173704986, 0.005382475185986585)
reconstructed_params [3.03365217e+00 8.16137772e+00 1.31011806e+00 3.25447937e-04
 5.39807804e+01 1.40114601e+01 9.38144867e-01 3.68144000e+00
 2.63526917e+04 5.38247519e-03]
saving params.txt: (3.033652169695851, 8.161377724331736, 1.310118064775256, 0.0003254479372505352, 53.98078044284421, 14.011460094256396, 0.9381448665589255, 3.68144, 26352.69173704986, 0.005382475185986585)
saving energy.txt: [-7.3786369  -7.40022723 -7.40849049 -7.41218883 -7.41294645 -7.41201254
 -7.40956645 -7.4028238  -7.39792496 -7.392873   -7.39091375 -7.37799232
 -7.39969363 -7.40804857 -7.4118659  -7.41272957 -7.41187111 -7.40948642
 -7.40280384 -7.39791997 -7.3928727  -7.39091374 -7.37225786 -7.39632251
 -7.40577364 -7.4103529  -7.41174324 -7.41123654 -7.40913568 -7.40272244
 -7.39790071 -7.39287163 -7.39091368 -7.36125075 -7.38999781 -7.4016021
 -7.40761861 -7.40997097 -7.41009921 -7.40850938 -7.40257875 -7.39786704
 -7.39286979 -7.39091358]
params_e0 (3.029894157037142, 8.235417399911507, 1.3066742477248132, 0.00032353845439756017, 53.90114387144858, 14.00556559162628, 0.9391290409249611, 25849.83852179695, 0.005028434303230181)
reconstructed_params [3.02989416e+00 8.23541740e+00 1.30667425e+00 3.23538454e-04
 5.39011439e+01 1.40055656e+01 9.39129041e-01 3.68144000e+00
 2.58498385e+04 5.02843430e-03]
saving params.txt: (3.029894157037142, 8.235417399911507, 1.3066742477248132, 0.00032353845439756017, 53.90114387144858, 14.00556559162628, 0.9391290409249611, 3.68144, 25849.83852179695, 0.005028434303230181)
saving energy.txt: [-7.37901143 -7.40043097 -7.40861179 -7.4122678  -7.41301131 -7.41207996
 -7.40965055 -7.40297202 -7.39813646 -7.39316637 -7.39124312 -7.37839328
 -7.39991919 -7.40818621 -7.41195595 -7.4128019  -7.41194371 -7.40957379
 -7.40295311 -7.39813178 -7.3931661  -7.3912431  -7.3726759  -7.39657953
 -7.40594153 -7.41046796 -7.41183492 -7.41132375 -7.40923291 -7.40287509
 -7.39811358 -7.39316512 -7.39124305 -7.36167116 -7.39029393 -7.40181269
 -7.40777173 -7.41009346 -7.41021026 -7.40862299 -7.40273713 -7.3980817
 -7.39316341 -7.39124296]
params_e0 (3.029152584979769, 8.248229873583842, 1.3059906029039194, 0.0003228538462692868, 53.88539552053905, 14.004396000329466, 0.9394414992198776, 25756.221757867188, 0.004961877049392729)
reconstructed_params [3.02915258e+00 8.24822987e+00 1.30599060e+00 3.22853846e-04
 5.38853955e+01 1.40043960e+01 9.39441499e-01 3.68144000e+00
 2.57562218e+04 4.96187705e-03]
saving params.txt: (3.029152584979769, 8.248229873583842, 1.3059906029039194, 0.0003228538462692868, 53.88539552053905, 14.004396000329466, 0.9394414992198776, 3.68144, 25756.221757867188, 0.004961877049392729)
saving energy.txt: [-7.3790655  -7.40045258 -7.40862091 -7.41227275 -7.41301693 -7.41208847
 -7.40966414 -7.40299943 -7.39817618 -7.3932216  -7.39130508 -7.37845243
 -7.39994533 -7.40819862 -7.411963   -7.41280887 -7.41195315 -7.40958797
 -7.40298069 -7.39817156 -7.39322133 -7.39130506 -7.3727398  -7.39661242
 -7.40596001 -7.41047976 -7.41184544 -7.4113358  -7.40924883 -7.40290327
 -7.39815354 -7.39322037 -7.39130501 -7.36173876 -7.39033551 -7.40183973
 -7.40779077 -7.41010963 -7.4102266  -7.40864181 -7.40276632 -7.39812198
 -7.39321869 -7.39130493]
params_e0 (3.0287392736233936, 8.244292175508773, 1.3055844032343757, 0.00032058063323699945, 53.876426422449626, 14.004128441071666, 0.9403404021192894, 25738.652597613127, 0.004945181294832944)
reconstructed_params [3.02873927e+00 8.24429218e+00 1.30558440e+00 3.20580633e-04
 5.38764264e+01 1.40041284e+01 9.40340402e-01 3.68144000e+00
 2.57386526e+04 4.94518129e-03]
saving params.txt: (3.0287392736233936, 8.244292175508773, 1.3055844032343757, 0.00032058063323699945, 53.876426422449626, 14.004128441071666, 0.9403404021192894, 3.68144, 25738.652597613127, 0.004945181294832944)
saving energy.txt: [-7.37897718 -7.40035754 -7.40854341 -7.41221888 -7.4129842  -7.41207111
 -7.40965913 -7.40300606 -7.39818702 -7.39323609 -7.39132091 -7.37836575
 -7.3998541  -7.4081233  -7.41190979 -7.41277621 -7.41193575 -7.40958294
 -7.40298732 -7.39818239 -7.39323583 -7.39132089 -7.37266293 -7.39652772
 -7.40588837 -7.41042798 -7.41181306 -7.41131832 -7.40924366 -7.40290985
 -7.39816436 -7.39323485 -7.39132084 -7.36168168 -7.39026046 -7.40177308
 -7.40774104 -7.41007769 -7.41020895 -7.40863639 -7.40277279 -7.39813275
 -7.39323317 -7.39132075]
params_e0 (3.039185534743238, 8.511013671061185, 1.313868686891492, 0.00045946850917404184, 54.048687916785326, 15.396867418935967, 0.9295052052224015, 25735.148159918164, 0.005232734852862118)
reconstructed_params [3.03918553e+00 8.51101367e+00 1.31386869e+00 4.59468509e-04
 5.40486879e+01 1.53968674e+01 9.29505205e-01 3.68144000e+00
 2.57351482e+04 5.23273485e-03]
saving params.txt: (3.039185534743238, 8.511013671061185, 1.313868686891492, 0.00045946850917404184, 54.048687916785326, 15.396867418935967, 0.9295052052224015, 3.68144, 25735.148159918164, 0.005232734852862118)
saving energy.txt: [-7.378678   -7.40145566 -7.40983537 -7.41329729 -7.41371576 -7.41248445
 -7.4097771  -7.40282858 -7.39793291 -7.39295125 -7.39103342 -7.37815285
 -7.40090207 -7.40936961 -7.41297431 -7.41351024 -7.41235482 -7.40970545
 -7.40281146 -7.39792883 -7.39295103 -7.39103341 -7.37220845 -7.39743096
 -7.40705101 -7.41146436 -7.41255168 -7.41175327 -7.40938181 -7.40274033
 -7.39791289 -7.39295024 -7.39103337 -7.36060729 -7.3908982  -7.40281245
 -7.40873755 -7.41082379 -7.41067    -7.40880132 -7.40261438 -7.39788495
 -7.39294887 -7.39103331]
params_e0 (3.0663628697882297, 9.223257159911334, 1.3401811416571079, 0.0006622856528786445, 54.75746401204153, 15.49556985555033, 0.8522164748910912, 25735.14553231696, 0.005870037037672133)
reconstructed_params [3.06636287e+00 9.22325716e+00 1.34018114e+00 6.62285653e-04
 5.47574640e+01 1.54955699e+01 8.52216475e-01 3.68144000e+00
 2.57351455e+04 5.87003704e-03]
saving params.txt: (3.0663628697882297, 9.223257159911334, 1.3401811416571079, 0.0006622856528786445, 54.75746401204153, 15.49556985555033, 0.8522164748910912, 3.68144, 25735.14553231696, 0.005870037037672133)
saving energy.txt: [-7.38855422 -7.40927979 -7.41497898 -7.41622213 -7.41518567 -7.41311291
 -7.40983397 -7.40240091 -7.39736317 -7.39231964 -7.3903965  -7.38732158
 -7.408559   -7.41454212 -7.41595154 -7.41501368 -7.41300251 -7.40977277
 -7.40238722 -7.39736021 -7.39231951 -7.3903965  -7.38000772 -7.4046273
 -7.41214173 -7.41449624 -7.41412817 -7.41246034 -7.40948877 -7.40232994
 -7.39734863 -7.39231905 -7.39039648 -7.36631225 -7.39738707 -7.40772161
 -7.41182303 -7.41251041 -7.41147611 -7.40897734 -7.40222842 -7.39732834
 -7.39231825 -7.39039645]
params_e0 (3.074694949081385, 9.411012849517322, 1.3532776861296536, 0.0007043756779593966, 54.94829528026357, 15.4989364507723, 0.8214854103268916, 25735.145254093946, 0.0059383515751746776)
reconstructed_params [3.07469495e+00 9.41101285e+00 1.35327769e+00 7.04375678e-04
 5.49482953e+01 1.54989365e+01 8.21485410e-01 3.68144000e+00
 2.57351453e+04 5.93835158e-03]
saving params.txt: (3.074694949081385, 9.411012849517322, 1.3532776861296536, 0.0007043756779593966, 54.94829528026357, 15.4989364507723, 0.8214854103268916, 3.68144, 25735.145254093946, 0.0059383515751746776)
saving energy.txt: [-7.39185875 -7.41094361 -7.41579942 -7.41658997 -7.41534658 -7.41318404
 -7.40985331 -7.40236718 -7.39730665 -7.39225227 -7.39032825 -7.39056491
 -7.41028315 -7.41539132 -7.41632945 -7.41517864 -7.41307593 -7.40979365
 -7.40235414 -7.39730391 -7.39225216 -7.39032824 -7.38293026 -7.40634979
 -7.41302705 -7.41490315 -7.41431255 -7.41254726 -7.40951857 -7.4023
 -7.39729327 -7.39225175 -7.39032823 -7.36872241 -7.39903935 -7.40864507
 -7.41227681 -7.41272979 -7.41158802 -7.40902364 -7.40220415 -7.39727464
 -7.39225106 -7.3903282 ]
params_e0 (3.079320570958027, 9.429959274573248, 1.3584165567538953, 0.0007099875640996824, 54.96808444564897, 15.499674719520696, 0.8023333440974485, 25735.1452190246, 0.005780724584960394)
reconstructed_params [3.07932057e+00 9.42995927e+00 1.35841656e+00 7.09987564e-04
 5.49680844e+01 1.54996747e+01 8.02333344e-01 3.68144000e+00
 2.57351452e+04 5.78072458e-03]
saving params.txt: (3.079320570958027, 9.429959274573248, 1.3584165567538953, 0.0007099875640996824, 54.96808444564897, 15.499674719520696, 0.8023333440974485, 3.68144, 25735.1452190246, 0.005780724584960394)
saving energy.txt: [-7.3936868  -7.41158829 -7.41603629 -7.41667816 -7.4154066  -7.41325768
 -7.40995598 -7.40251129 -7.39746139 -7.39240978 -7.39048587 -7.39245131
 -7.41095666 -7.4156338  -7.41641678 -7.41523692 -7.41314816 -7.40989547
 -7.40249809 -7.39745862 -7.39240966 -7.39048586 -7.3847691  -7.40704727
 -7.41328183 -7.41499252 -7.41436912 -7.41261727 -7.40961884 -7.40244363
 -7.39744793 -7.39240926 -7.39048585 -7.37041999 -7.39974905 -7.40891725
 -7.4123712  -7.41278491 -7.41165515 -7.40912171 -7.40234734 -7.39742923
 -7.39240856 -7.39048582]
params_e0 (3.080785937209651, 9.430518394131301, 1.358891002669263, 0.0007105997959840111, 54.96882858424254, 15.499878463318232, 0.797167973443883, 25735.14521489354, 0.005728058284034559)
reconstructed_params [3.08078594e+00 9.43051839e+00 1.35889100e+00 7.10599796e-04
 5.49688286e+01 1.54998785e+01 7.97167973e-01 3.68144000e+00
 2.57351452e+04 5.72805828e-03]
saving params.txt: (3.080785937209651, 9.430518394131301, 1.358891002669263, 0.0007105997959840111, 54.96882858424254, 15.499878463318232, 0.797167973443883, 3.68144, 25735.14521489354, 0.005728058284034559)
saving energy.txt: [-7.39410153 -7.41170551 -7.416067   -7.41668548 -7.41541625 -7.41327677
 -7.40998728 -7.40255836 -7.39751272 -7.39246237 -7.39053853 -7.39288921
 -7.41107988 -7.41566499 -7.41642339 -7.41524582 -7.41316668 -7.40992642
 -7.40254508 -7.39750993 -7.39246226 -7.39053853 -7.38519869 -7.40717234
 -7.41331162 -7.4149963  -7.41437533 -7.41263371 -7.40964852 -7.40249032
 -7.39749918 -7.39246185 -7.39053851 -7.37080754 -7.39986977 -7.40894331
 -7.41236995 -7.41278644 -7.41166801 -7.4091492  -7.40239352 -7.39748037
 -7.39246115 -7.39053849]
params_e0 (3.0807859831169386, 9.430518394131301, 1.358891002669263, 0.0007105997959840111, 54.96882858424254, 15.499878463318232, 0.797167973443883, 25735.14521489354, 0.005728058284034559)
reconstructed_params [3.08078598e+00 9.43051839e+00 1.35889100e+00 7.10599796e-04
 5.49688286e+01 1.54998785e+01 7.97167973e-01 3.68144000e+00
 2.57351452e+04 5.72805828e-03]
saving params.txt: (3.0807859831169386, 9.430518394131301, 1.358891002669263, 0.0007105997959840111, 54.96882858424254, 15.499878463318232, 0.797167973443883, 3.68144, 25735.14521489354, 0.005728058284034559)
saving energy.txt: [-7.39410152 -7.4117055  -7.416067   -7.41668547 -7.41541624 -7.41327677
 -7.40998728 -7.40255836 -7.39751272 -7.39246237 -7.39053853 -7.3928892
 -7.41107987 -7.41566499 -7.41642339 -7.41524582 -7.41316668 -7.40992642
 -7.40254508 -7.39750993 -7.39246226 -7.39053853 -7.38519868 -7.40717234
 -7.41331162 -7.41499629 -7.41437532 -7.41263371 -7.40964852 -7.40249032
 -7.39749918 -7.39246185 -7.39053851 -7.37080753 -7.39986976 -7.40894331
 -7.41236995 -7.41278644 -7.41166801 -7.4091492  -7.40239352 -7.39748037
 -7.39246115 -7.39053849]
params_e0 (3.080785937209651, 9.430518534656976, 1.358891002669263, 0.0007105997959840111, 54.96882858424254, 15.499878463318232, 0.797167973443883, 25735.14521489354, 0.005728058284034559)
reconstructed_params [3.08078594e+00 9.43051853e+00 1.35889100e+00 7.10599796e-04
 5.49688286e+01 1.54998785e+01 7.97167973e-01 3.68144000e+00
 2.57351452e+04 5.72805828e-03]
saving params.txt: (3.080785937209651, 9.430518534656976, 1.358891002669263, 0.0007105997959840111, 54.96882858424254, 15.499878463318232, 0.797167973443883, 3.68144, 25735.14521489354, 0.005728058284034559)
saving energy.txt: [-7.39410153 -7.41170551 -7.416067   -7.41668548 -7.41541625 -7.41327677
 -7.40998728 -7.40255836 -7.39751272 -7.39246237 -7.39053853 -7.39288921
 -7.41107988 -7.415665   -7.41642339 -7.41524582 -7.41316668 -7.40992643
 -7.40254508 -7.39750993 -7.39246226 -7.39053853 -7.38519869 -7.40717234
 -7.41331162 -7.4149963  -7.41437533 -7.41263371 -7.40964852 -7.40249032
 -7.39749918 -7.39246185 -7.39053851 -7.37080754 -7.39986977 -7.40894331
 -7.41236995 -7.41278644 -7.41166801 -7.4091492  -7.40239352 -7.39748037
 -7.39246115 -7.39053849]
params_e0 (3.080785937209651, 9.430518394131301, 1.3588910229183169, 0.0007105997959840111, 54.96882858424254, 15.499878463318232, 0.797167973443883, 25735.14521489354, 0.005728058284034559)
reconstructed_params [3.08078594e+00 9.43051839e+00 1.35889102e+00 7.10599796e-04
 5.49688286e+01 1.54998785e+01 7.97167973e-01 3.68144000e+00
 2.57351452e+04 5.72805828e-03]
saving params.txt: (3.080785937209651, 9.430518394131301, 1.3588910229183169, 0.0007105997959840111, 54.96882858424254, 15.499878463318232, 0.797167973443883, 3.68144, 25735.14521489354, 0.005728058284034559)
saving energy.txt: [-7.39410153 -7.41170551 -7.416067   -7.41668548 -7.41541625 -7.41327677
 -7.40998728 -7.40255836 -7.39751272 -7.39246237 -7.39053853 -7.39288921
 -7.41107988 -7.41566499 -7.41642339 -7.41524582 -7.41316668 -7.40992642
 -7.40254508 -7.39750993 -7.39246226 -7.39053853 -7.38519869 -7.40717234
 -7.41331162 -7.4149963  -7.41437533 -7.41263371 -7.40964852 -7.40249032
 -7.39749918 -7.39246185 -7.39053851 -7.37080754 -7.39986977 -7.40894331
 -7.41236995 -7.41278644 -7.41166801 -7.4091492  -7.40239352 -7.39748037
 -7.39246115 -7.39053849]
params_e0 (3.080785937209651, 9.430518394131301, 1.358891002669263, 0.000710614697145205, 54.96882858424254, 15.499878463318232, 0.797167973443883, 25735.14521489354, 0.005728058284034559)
reconstructed_params [3.08078594e+00 9.43051839e+00 1.35889100e+00 7.10614697e-04
 5.49688286e+01 1.54998785e+01 7.97167973e-01 3.68144000e+00
 2.57351452e+04 5.72805828e-03]
saving params.txt: (3.080785937209651, 9.430518394131301, 1.358891002669263, 0.000710614697145205, 54.96882858424254, 15.499878463318232, 0.797167973443883, 3.68144, 25735.14521489354, 0.005728058284034559)
saving energy.txt: [-7.39410153 -7.41170551 -7.416067   -7.41668548 -7.41541625 -7.41327677
 -7.40998728 -7.40255836 -7.39751272 -7.39246237 -7.39053853 -7.39288921
 -7.41107988 -7.41566499 -7.41642339 -7.41524582 -7.41316668 -7.40992642
 -7.40254508 -7.39750993 -7.39246226 -7.39053853 -7.38519869 -7.40717234
 -7.41331162 -7.4149963  -7.41437533 -7.41263371 -7.40964852 -7.40249032
 -7.39749918 -7.39246185 -7.39053851 -7.37080754 -7.39986977 -7.40894331
 -7.41236995 -7.41278644 -7.41166801 -7.4091492  -7.40239352 -7.39748037
 -7.39246115 -7.39053849]
params_e0 (3.080785937209651, 9.430518394131301, 1.358891002669263, 0.0007105997959840111, 54.968829403341914, 15.499878463318232, 0.797167973443883, 25735.14521489354, 0.005728058284034559)
reconstructed_params [3.08078594e+00 9.43051839e+00 1.35889100e+00 7.10599796e-04
 5.49688294e+01 1.54998785e+01 7.97167973e-01 3.68144000e+00
 2.57351452e+04 5.72805828e-03]
saving params.txt: (3.080785937209651, 9.430518394131301, 1.358891002669263, 0.0007105997959840111, 54.968829403341914, 15.499878463318232, 0.797167973443883, 3.68144, 25735.14521489354, 0.005728058284034559)
saving energy.txt: [-7.39410153 -7.41170551 -7.416067   -7.41668548 -7.41541625 -7.41327677
 -7.40998728 -7.40255836 -7.39751272 -7.39246237 -7.39053853 -7.39288921
 -7.41107988 -7.41566499 -7.41642339 -7.41524582 -7.41316668 -7.40992642
 -7.40254508 -7.39750993 -7.39246226 -7.39053853 -7.38519869 -7.40717234
 -7.41331162 -7.4149963  -7.41437533 -7.41263371 -7.40964852 -7.40249032
 -7.39749918 -7.39246185 -7.39053851 -7.37080754 -7.39986977 -7.40894331
 -7.41236995 -7.41278644 -7.41166801 -7.4091492  -7.40239352 -7.39748037
 -7.39246115 -7.39053849]
params_e0 (3.080785937209651, 9.430518394131301, 1.358891002669263, 0.0007105997959840111, 54.96882858424254, 15.499878694284419, 0.797167973443883, 25735.14521489354, 0.005728058284034559)
reconstructed_params [3.08078594e+00 9.43051839e+00 1.35889100e+00 7.10599796e-04
 5.49688286e+01 1.54998787e+01 7.97167973e-01 3.68144000e+00
 2.57351452e+04 5.72805828e-03]
saving params.txt: (3.080785937209651, 9.430518394131301, 1.358891002669263, 0.0007105997959840111, 54.96882858424254, 15.499878694284419, 0.797167973443883, 3.68144, 25735.14521489354, 0.005728058284034559)
saving energy.txt: [-7.39410153 -7.41170551 -7.416067   -7.41668548 -7.41541625 -7.41327677
 -7.40998728 -7.40255836 -7.39751272 -7.39246237 -7.39053853 -7.39288921
 -7.41107988 -7.41566499 -7.41642339 -7.41524582 -7.41316668 -7.40992643
 -7.40254508 -7.39750993 -7.39246226 -7.39053853 -7.38519869 -7.40717234
 -7.41331162 -7.4149963  -7.41437533 -7.41263371 -7.40964852 -7.40249032
 -7.39749918 -7.39246185 -7.39053851 -7.37080754 -7.39986977 -7.40894331
 -7.41236995 -7.41278644 -7.41166801 -7.4091492  -7.40239352 -7.39748037
 -7.39246115 -7.39053849]
params_e0 (3.080785937209651, 9.430518394131301, 1.358891002669263, 0.0007105997959840111, 54.96882858424254, 15.499878463318232, 0.7971679883450442, 25735.14521489354, 0.005728058284034559)
reconstructed_params [3.08078594e+00 9.43051839e+00 1.35889100e+00 7.10599796e-04
 5.49688286e+01 1.54998785e+01 7.97167988e-01 3.68144000e+00
 2.57351452e+04 5.72805828e-03]
saving params.txt: (3.080785937209651, 9.430518394131301, 1.358891002669263, 0.0007105997959840111, 54.96882858424254, 15.499878463318232, 0.7971679883450442, 3.68144, 25735.14521489354, 0.005728058284034559)
saving energy.txt: [-7.39410152 -7.41170551 -7.416067   -7.41668548 -7.41541625 -7.41327677
 -7.40998728 -7.40255836 -7.39751272 -7.39246237 -7.39053853 -7.39288921
 -7.41107987 -7.41566499 -7.41642339 -7.41524582 -7.41316668 -7.40992642
 -7.40254508 -7.39750993 -7.39246226 -7.39053853 -7.38519869 -7.40717234
 -7.41331162 -7.4149963  -7.41437533 -7.41263371 -7.40964852 -7.40249032
 -7.39749918 -7.39246185 -7.39053851 -7.37080754 -7.39986977 -7.40894331
 -7.41236995 -7.41278644 -7.41166801 -7.4091492  -7.40239352 -7.39748037
 -7.39246115 -7.39053849]
params_e0 (3.080785937209651, 9.430518394131301, 1.358891002669263, 0.0007105997959840111, 54.96882858424254, 15.499878463318232, 0.797167973443883, 25735.145598377087, 0.005728058284034559)
reconstructed_params [3.08078594e+00 9.43051839e+00 1.35889100e+00 7.10599796e-04
 5.49688286e+01 1.54998785e+01 7.97167973e-01 3.68144000e+00
 2.57351456e+04 5.72805828e-03]
saving params.txt: (3.080785937209651, 9.430518394131301, 1.358891002669263, 0.0007105997959840111, 54.96882858424254, 15.499878463318232, 0.797167973443883, 3.68144, 25735.145598377087, 0.005728058284034559)
saving energy.txt: [-7.39410153 -7.41170551 -7.41606701 -7.41668548 -7.41541625 -7.41327677
 -7.40998728 -7.40255836 -7.39751272 -7.39246237 -7.39053853 -7.39288921
 -7.41107988 -7.415665   -7.41642339 -7.41524582 -7.41316668 -7.40992643
 -7.40254508 -7.39750993 -7.39246226 -7.39053853 -7.38519869 -7.40717234
 -7.41331162 -7.4149963  -7.41437533 -7.41263371 -7.40964852 -7.40249032
 -7.39749918 -7.39246185 -7.39053851 -7.37080755 -7.39986977 -7.40894331
 -7.41236995 -7.41278644 -7.41166801 -7.4091492  -7.40239352 -7.39748037
 -7.39246115 -7.39053849]
params_e0 (3.080785937209651, 9.430518394131301, 1.358891002669263, 0.0007105997959840111, 54.96882858424254, 15.499878463318232, 0.797167973443883, 25735.14521489354, 0.005728073185195753)
reconstructed_params [3.08078594e+00 9.43051839e+00 1.35889100e+00 7.10599796e-04
 5.49688286e+01 1.54998785e+01 7.97167973e-01 3.68144000e+00
 2.57351452e+04 5.72807319e-03]
saving params.txt: (3.080785937209651, 9.430518394131301, 1.358891002669263, 0.0007105997959840111, 54.96882858424254, 15.499878463318232, 0.797167973443883, 3.68144, 25735.14521489354, 0.005728073185195753)
saving energy.txt: [-7.39410151 -7.41170549 -7.41606699 -7.41668546 -7.41541623 -7.41327675
 -7.40998727 -7.40255835 -7.39751271 -7.39246236 -7.39053852 -7.39288919
 -7.41107986 -7.41566498 -7.41642338 -7.41524581 -7.41316667 -7.40992641
 -7.40254506 -7.39750992 -7.39246225 -7.39053851 -7.38519867 -7.40717233
 -7.41331161 -7.41499628 -7.41437531 -7.4126337  -7.4096485  -7.40249031
 -7.39749916 -7.39246184 -7.3905385  -7.37080753 -7.39986975 -7.4089433
 -7.41236994 -7.41278642 -7.411668   -7.40914918 -7.4023935  -7.39748036
 -7.39246114 -7.39053847]
params_e0 (3.07666967249032, 9.43029169822603, 1.3581862987381537, 0.0007104640191280936, 54.96804079112677, 15.499871094987638, 0.8036386245289611, 25735.14521576203, 0.005874876181626031)
reconstructed_params [3.07666967e+00 9.43029170e+00 1.35818630e+00 7.10464019e-04
 5.49680408e+01 1.54998711e+01 8.03638625e-01 3.68144000e+00
 2.57351452e+04 5.87487618e-03]
saving params.txt: (3.07666967249032, 9.43029169822603, 1.3581862987381537, 0.0007104640191280936, 54.96804079112677, 15.499871094987638, 0.8036386245289611, 3.68144, 25735.14521576203, 0.005874876181626031)
saving energy.txt: [-7.39402654 -7.41178822 -7.41615632 -7.4167352  -7.41541651 -7.41323392
 -7.4099029  -7.40242732 -7.39736967 -7.39231575 -7.39039172 -7.39279379
 -7.41116002 -7.4157571  -7.41647631 -7.41524857 -7.41312557 -7.40984307
 -7.40241428 -7.39736693 -7.39231564 -7.39039172 -7.38515955 -7.40727553
 -7.41342184 -7.41506332 -7.41438826 -7.41259957 -7.40956917 -7.40236045
 -7.39735638 -7.39231524 -7.3903917  -7.37090504 -7.40002478 -7.40908783
 -7.41246225 -7.41281739 -7.41164614 -7.40907688 -7.40226523 -7.39733792
 -7.39231456 -7.39039168]
params_e0 (3.0796342558548777, 9.430512177307104, 1.358725177976214, 0.0007105746862623722, 54.968678927508556, 15.499876391194103, 0.7987655126662766, 25735.145215060675, 0.005770402956600875)
reconstructed_params [3.07963426e+00 9.43051218e+00 1.35872518e+00 7.10574686e-04
 5.49686789e+01 1.54998764e+01 7.98765513e-01 3.68144000e+00
 2.57351452e+04 5.77040296e-03]
saving params.txt: (3.0796342558548777, 9.430512177307104, 1.358725177976214, 0.0007105746862623722, 54.968678927508556, 15.499876391194103, 0.7987655126662766, 3.68144, 25735.145215060675, 0.005770402956600875)
saving energy.txt: [-7.39411433 -7.41174195 -7.41609736 -7.41670096 -7.41541625 -7.41326403
 -7.40996259 -7.40252046 -7.39747144 -7.39242009 -7.39049619 -7.39289723
 -7.41111612 -7.4156963  -7.41643983 -7.41524654 -7.41315444 -7.40990203
 -7.40250725 -7.39746867 -7.39241997 -7.39049618 -7.38522282 -7.40721589
 -7.4133485  -7.41501692 -7.41437901 -7.41262348 -7.40962527 -7.40245276
 -7.39745797 -7.39241957 -7.39049617 -7.37086992 -7.39992893 -7.40899062
 -7.41239809 -7.41279538 -7.41166132 -7.40912796 -7.4023564  -7.39743926
 -7.39241887 -7.39049614]
params_e0 (3.080393595185292, 9.430519749399874, 1.3588362322152276, 0.0007105938754250851, 54.96878188564046, 15.49987800570454, 0.7975424900505989, 25735.14521493294, 0.0057435817132790125)
reconstructed_params [3.08039360e+00 9.43051975e+00 1.35883623e+00 7.10593875e-04
 5.49687819e+01 1.54998780e+01 7.97542490e-01 3.68144000e+00
 2.57351452e+04 5.74358171e-03]
saving params.txt: (3.080393595185292, 9.430519749399874, 1.3588362322152276, 0.0007105938754250851, 54.96878188564046, 15.49987800570454, 0.7975424900505989, 3.68144, 25735.14521493294, 0.0057435817132790125)
saving energy.txt: [-7.39412868 -7.41172596 -7.41608021 -7.41669128 -7.4154158  -7.41327159
 -7.40997785 -7.40254436 -7.39749756 -7.39244687 -7.39052301 -7.39291571
 -7.41110058 -7.41567862 -7.41642955 -7.41524563 -7.41316168 -7.4099171
 -7.4025311  -7.39749478 -7.39244676 -7.390523   -7.38523133 -7.4071961
 -7.41332742 -7.41500399 -7.41437619 -7.41262941 -7.40963958 -7.40247643
 -7.39748404 -7.39244635 -7.39052299 -7.37085349 -7.3998996  -7.40896311
 -7.41238041 -7.41278917 -7.41166494 -7.40914096 -7.40237978 -7.39746527
 -7.39244565 -7.39052296]
params_e0 (3.0806192069816847, 9.4305193853217, 1.3588677967144622, 0.0007105985036881436, 54.968809242029934, 15.499878420800773, 0.7972298428818598, 25735.145214901837, 0.00573485766491461)
reconstructed_params [3.08061921e+00 9.43051939e+00 1.35886780e+00 7.10598504e-04
 5.49688092e+01 1.54998784e+01 7.97229843e-01 3.68144000e+00
 2.57351452e+04 5.73485766e-03]
saving params.txt: (3.0806192069816847, 9.4305193853217, 1.3588677967144622, 0.0007105985036881436, 54.968809242029934, 15.499878420800773, 0.7972298428818598, 3.68144, 25735.145214901837, 0.00573485766491461)
saving energy.txt: [-7.39412632 -7.41171909 -7.41607461 -7.41668863 -7.41541621 -7.41327451
 -7.40998311 -7.40255221 -7.39750608 -7.39245558 -7.39053173 -7.39291429
 -7.41109374 -7.41567283 -7.41642671 -7.4152459  -7.41316449 -7.4099223
 -7.40253893 -7.39750329 -7.39245547 -7.39053173 -7.38522677 -7.40718782
 -7.41332053 -7.41500034 -7.41437587 -7.41263183 -7.40964456 -7.40248422
 -7.39749254 -7.39245506 -7.39053171 -7.37084145 -7.39988826 -7.40895417
 -7.41237527 -7.41278782 -7.41166667 -7.40914554 -7.40238748 -7.39747375
 -7.39245436 -7.39053169]
params_e0 (3.080619252886488, 9.4305193853217, 1.3588677967144622, 0.0007105985036881436, 54.968809242029934, 15.499878420800773, 0.7972298428818598, 25735.145214901837, 0.00573485766491461)
reconstructed_params [3.08061925e+00 9.43051939e+00 1.35886780e+00 7.10598504e-04
 5.49688092e+01 1.54998784e+01 7.97229843e-01 3.68144000e+00
 2.57351452e+04 5.73485766e-03]
saving params.txt: (3.080619252886488, 9.4305193853217, 1.3588677967144622, 0.0007105985036881436, 54.968809242029934, 15.499878420800773, 0.7972298428818598, 3.68144, 25735.145214901837, 0.00573485766491461)
saving energy.txt: [-7.39412631 -7.41171908 -7.4160746  -7.41668863 -7.41541621 -7.41327451
 -7.40998311 -7.40255221 -7.39750608 -7.39245558 -7.39053173 -7.39291428
 -7.41109373 -7.41567282 -7.41642671 -7.4152459  -7.41316449 -7.4099223
 -7.40253893 -7.39750329 -7.39245547 -7.39053173 -7.38522676 -7.40718782
 -7.41332053 -7.41500033 -7.41437587 -7.41263183 -7.40964456 -7.40248422
 -7.39749254 -7.39245506 -7.39053171 -7.37084144 -7.39988826 -7.40895416
 -7.41237527 -7.41278782 -7.41166667 -7.40914554 -7.40238748 -7.39747375
 -7.39245436 -7.39053169]
params_e0 (3.0806192069816847, 9.430519525847389, 1.3588677967144622, 0.0007105985036881436, 54.968809242029934, 15.499878420800773, 0.7972298428818598, 25735.145214901837, 0.00573485766491461)
reconstructed_params [3.08061921e+00 9.43051953e+00 1.35886780e+00 7.10598504e-04
 5.49688092e+01 1.54998784e+01 7.97229843e-01 3.68144000e+00
 2.57351452e+04 5.73485766e-03]
saving params.txt: (3.0806192069816847, 9.430519525847389, 1.3588677967144622, 0.0007105985036881436, 54.968809242029934, 15.499878420800773, 0.7972298428818598, 3.68144, 25735.145214901837, 0.00573485766491461)
saving energy.txt: [-7.39412632 -7.41171909 -7.41607461 -7.41668863 -7.41541621 -7.41327451
 -7.40998311 -7.40255221 -7.39750608 -7.39245558 -7.39053173 -7.39291429
 -7.41109374 -7.41567283 -7.41642671 -7.4152459  -7.41316449 -7.4099223
 -7.40253893 -7.39750329 -7.39245547 -7.39053173 -7.38522677 -7.40718782
 -7.41332053 -7.41500034 -7.41437587 -7.41263183 -7.40964456 -7.40248422
 -7.39749254 -7.39245506 -7.39053171 -7.37084145 -7.39988826 -7.40895417
 -7.41237527 -7.41278782 -7.41166667 -7.40914554 -7.40238748 -7.39747375
 -7.39245436 -7.39053169]
params_e0 (3.0806192069816847, 9.4305193853217, 1.3588678169631703, 0.0007105985036881436, 54.968809242029934, 15.499878420800773, 0.7972298428818598, 25735.145214901837, 0.00573485766491461)
reconstructed_params [3.08061921e+00 9.43051939e+00 1.35886782e+00 7.10598504e-04
 5.49688092e+01 1.54998784e+01 7.97229843e-01 3.68144000e+00
 2.57351452e+04 5.73485766e-03]
saving params.txt: (3.0806192069816847, 9.4305193853217, 1.3588678169631703, 0.0007105985036881436, 54.968809242029934, 15.499878420800773, 0.7972298428818598, 3.68144, 25735.145214901837, 0.00573485766491461)
saving energy.txt: [-7.39412632 -7.41171909 -7.41607461 -7.41668863 -7.41541621 -7.41327451
 -7.40998311 -7.40255221 -7.39750608 -7.39245558 -7.39053173 -7.39291429
 -7.41109374 -7.41567283 -7.41642671 -7.4152459  -7.41316449 -7.4099223
 -7.40253893 -7.39750329 -7.39245547 -7.39053173 -7.38522677 -7.40718782
 -7.41332053 -7.41500034 -7.41437587 -7.41263183 -7.40964456 -7.40248422
 -7.39749254 -7.39245506 -7.39053171 -7.37084145 -7.39988826 -7.40895417
 -7.41237527 -7.41278782 -7.41166667 -7.40914554 -7.40238748 -7.39747375
 -7.39245436 -7.39053169]
params_e0 (3.0806192069816847, 9.4305193853217, 1.3588677967144622, 0.0007106134048493375, 54.968809242029934, 15.499878420800773, 0.7972298428818598, 25735.145214901837, 0.00573485766491461)
reconstructed_params [3.08061921e+00 9.43051939e+00 1.35886780e+00 7.10613405e-04
 5.49688092e+01 1.54998784e+01 7.97229843e-01 3.68144000e+00
 2.57351452e+04 5.73485766e-03]
saving params.txt: (3.0806192069816847, 9.4305193853217, 1.3588677967144622, 0.0007106134048493375, 54.968809242029934, 15.499878420800773, 0.7972298428818598, 3.68144, 25735.145214901837, 0.00573485766491461)
saving energy.txt: [-7.39412632 -7.41171909 -7.41607461 -7.41668863 -7.41541621 -7.41327451
 -7.40998311 -7.40255221 -7.39750608 -7.39245558 -7.39053173 -7.39291429
 -7.41109374 -7.41567283 -7.41642671 -7.4152459  -7.41316449 -7.4099223
 -7.40253893 -7.39750329 -7.39245547 -7.39053173 -7.38522677 -7.40718782
 -7.41332053 -7.41500034 -7.41437587 -7.41263183 -7.40964456 -7.40248422
 -7.39749254 -7.39245506 -7.39053171 -7.37084145 -7.39988826 -7.40895417
 -7.41237527 -7.41278782 -7.41166667 -7.40914554 -7.40238748 -7.39747375
 -7.39245436 -7.39053169]
params_e0 (3.0806192069816847, 9.4305193853217, 1.3588677967144622, 0.0007105985036881436, 54.96881006112902, 15.499878420800773, 0.7972298428818598, 25735.145214901837, 0.00573485766491461)
reconstructed_params [3.08061921e+00 9.43051939e+00 1.35886780e+00 7.10598504e-04
 5.49688101e+01 1.54998784e+01 7.97229843e-01 3.68144000e+00
 2.57351452e+04 5.73485766e-03]
saving params.txt: (3.0806192069816847, 9.4305193853217, 1.3588677967144622, 0.0007105985036881436, 54.96881006112902, 15.499878420800773, 0.7972298428818598, 3.68144, 25735.145214901837, 0.00573485766491461)
saving energy.txt: [-7.39412632 -7.41171909 -7.41607461 -7.41668863 -7.41541621 -7.41327451
 -7.40998311 -7.40255221 -7.39750608 -7.39245558 -7.39053173 -7.39291429
 -7.41109374 -7.41567283 -7.41642671 -7.4152459  -7.41316449 -7.4099223
 -7.40253893 -7.39750329 -7.39245547 -7.39053173 -7.38522677 -7.40718782
 -7.41332053 -7.41500034 -7.41437587 -7.41263183 -7.40964456 -7.40248422
 -7.39749254 -7.39245506 -7.39053171 -7.37084145 -7.39988826 -7.40895417
 -7.41237527 -7.41278782 -7.41166667 -7.40914554 -7.40238748 -7.39747375
 -7.39245436 -7.39053169]
params_e0 (3.0806192069816847, 9.4305193853217, 1.3588677967144622, 0.0007105985036881436, 54.968809242029934, 15.49987865176696, 0.7972298428818598, 25735.145214901837, 0.00573485766491461)
reconstructed_params [3.08061921e+00 9.43051939e+00 1.35886780e+00 7.10598504e-04
 5.49688092e+01 1.54998787e+01 7.97229843e-01 3.68144000e+00
 2.57351452e+04 5.73485766e-03]
saving params.txt: (3.0806192069816847, 9.4305193853217, 1.3588677967144622, 0.0007105985036881436, 54.968809242029934, 15.49987865176696, 0.7972298428818598, 3.68144, 25735.145214901837, 0.00573485766491461)
saving energy.txt: [-7.39412632 -7.41171909 -7.41607461 -7.41668863 -7.41541621 -7.41327451
 -7.40998311 -7.40255221 -7.39750608 -7.39245558 -7.39053173 -7.39291429
 -7.41109374 -7.41567283 -7.41642671 -7.4152459  -7.41316449 -7.4099223
 -7.40253893 -7.39750329 -7.39245547 -7.39053173 -7.38522677 -7.40718782
 -7.41332053 -7.41500034 -7.41437587 -7.41263183 -7.40964456 -7.40248422
 -7.39749254 -7.39245506 -7.39053171 -7.37084145 -7.39988826 -7.40895417
 -7.41237527 -7.41278782 -7.41166667 -7.40914554 -7.40238748 -7.39747375
 -7.39245436 -7.39053169]
params_e0 (3.0806192069816847, 9.4305193853217, 1.3588677967144622, 0.0007105985036881436, 54.968809242029934, 15.499878420800773, 0.797229857783021, 25735.145214901837, 0.00573485766491461)
reconstructed_params [3.08061921e+00 9.43051939e+00 1.35886780e+00 7.10598504e-04
 5.49688092e+01 1.54998784e+01 7.97229858e-01 3.68144000e+00
 2.57351452e+04 5.73485766e-03]
saving params.txt: (3.0806192069816847, 9.4305193853217, 1.3588677967144622, 0.0007105985036881436, 54.968809242029934, 15.499878420800773, 0.797229857783021, 3.68144, 25735.145214901837, 0.00573485766491461)
saving energy.txt: [-7.39412631 -7.41171909 -7.41607461 -7.41668863 -7.41541621 -7.41327451
 -7.40998311 -7.40255221 -7.39750608 -7.39245558 -7.39053173 -7.39291428
 -7.41109374 -7.41567283 -7.41642671 -7.4152459  -7.41316449 -7.4099223
 -7.40253893 -7.39750329 -7.39245547 -7.39053173 -7.38522677 -7.40718782
 -7.41332053 -7.41500034 -7.41437587 -7.41263183 -7.40964456 -7.40248422
 -7.39749254 -7.39245506 -7.39053171 -7.37084145 -7.39988826 -7.40895417
 -7.41237527 -7.41278782 -7.41166667 -7.40914554 -7.40238748 -7.39747375
 -7.39245436 -7.39053169]
params_e0 (3.0806192069816847, 9.4305193853217, 1.3588677967144622, 0.0007105985036881436, 54.968809242029934, 15.499878420800773, 0.7972298428818598, 25735.145598385385, 0.00573485766491461)
reconstructed_params [3.08061921e+00 9.43051939e+00 1.35886780e+00 7.10598504e-04
 5.49688092e+01 1.54998784e+01 7.97229843e-01 3.68144000e+00
 2.57351456e+04 5.73485766e-03]
saving params.txt: (3.0806192069816847, 9.4305193853217, 1.3588677967144622, 0.0007105985036881436, 54.968809242029934, 15.499878420800773, 0.7972298428818598, 3.68144, 25735.145598385385, 0.00573485766491461)
saving energy.txt: [-7.39412632 -7.41171909 -7.41607461 -7.41668863 -7.41541621 -7.41327451
 -7.40998311 -7.40255221 -7.39750608 -7.39245558 -7.39053173 -7.39291429
 -7.41109374 -7.41567283 -7.41642671 -7.4152459  -7.41316449 -7.4099223
 -7.40253893 -7.39750329 -7.39245547 -7.39053173 -7.38522677 -7.40718782
 -7.41332053 -7.41500034 -7.41437587 -7.41263183 -7.40964456 -7.40248422
 -7.39749254 -7.39245506 -7.39053171 -7.37084146 -7.39988826 -7.40895417
 -7.41237527 -7.41278782 -7.41166667 -7.40914554 -7.40238748 -7.39747375
 -7.39245436 -7.39053169]
params_e0 (3.0806192069816847, 9.4305193853217, 1.3588677967144622, 0.0007105985036881436, 54.968809242029934, 15.499878420800773, 0.7972298428818598, 25735.145214901837, 0.005734872566075804)
reconstructed_params [3.08061921e+00 9.43051939e+00 1.35886780e+00 7.10598504e-04
 5.49688092e+01 1.54998784e+01 7.97229843e-01 3.68144000e+00
 2.57351452e+04 5.73487257e-03]
saving params.txt: (3.0806192069816847, 9.4305193853217, 1.3588677967144622, 0.0007105985036881436, 54.968809242029934, 15.499878420800773, 0.7972298428818598, 3.68144, 25735.145214901837, 0.005734872566075804)
saving energy.txt: [-7.3941263  -7.41171907 -7.41607459 -7.41668862 -7.41541619 -7.41327449
 -7.4099831  -7.4025522  -7.39750606 -7.39245557 -7.39053172 -7.39291427
 -7.41109372 -7.41567281 -7.4164267  -7.41524589 -7.41316448 -7.40992228
 -7.40253892 -7.39750328 -7.39245545 -7.39053171 -7.38522676 -7.40718781
 -7.41332051 -7.41500032 -7.41437586 -7.41263182 -7.40964455 -7.40248421
 -7.39749253 -7.39245505 -7.3905317  -7.37084144 -7.39988825 -7.40895415
 -7.41237525 -7.4127878  -7.41166666 -7.40914553 -7.40238746 -7.39747374
 -7.39245435 -7.39053167]
