/projects/qmchamm/shared/mick/ilp_fitting
    basis method  registry  distance    energy  energy_err     d     a
767    c2    QMC   0.00000      3.00 -7.402388    0.000328  3.00  2.46
768    c2    QMC   0.00000      3.20 -7.412796    0.000278  3.20  2.46
769    c2    QMC   0.00000      3.35 -7.416119    0.000264  3.35  2.46
770    c2    QMC   0.00000      3.50 -7.416772    0.000282  3.50  2.46
771    c2    QMC   0.00000      3.65 -7.415003    0.000374  3.65  2.46
772    c2    QMC   0.00000      3.80 -7.412760    0.000230  3.80  2.46
773    c2    QMC   0.00000      4.00 -7.410565    0.000278  4.00  2.46
774    c2    QMC   0.00000      4.50 -7.404000    0.000256  4.50  2.46
775    c2    QMC   0.00000      5.00 -7.400149    0.000235  5.00  2.46
776    c2    QMC   0.00000      6.00 -7.397333    0.000217  6.00  2.46
777    c2    QMC   0.00000      7.00 -7.396415    0.000221  7.00  2.46
778    c2    QMC   0.16667      3.00 -7.399188    0.000145  3.00  2.46
779    c2    QMC   0.16667      3.20 -7.411959    0.000175  3.20  2.46
780    c2    QMC   0.16667      3.35 -7.415276    0.000147  3.35  2.46
781    c2    QMC   0.16667      3.50 -7.416259    0.000164  3.50  2.46
782    c2    QMC   0.16667      3.65 -7.415209    0.000194  3.65  2.46
783    c2    QMC   0.16667      3.80 -7.412987    0.000262  3.80  2.46
784    c2    QMC   0.16667      4.00 -7.410067    0.000152  4.00  2.46
785    c2    QMC   0.16667      4.50 -7.403974    0.000197  4.50  2.46
786    c2    QMC   0.16667      5.00 -7.399793    0.000181  5.00  2.46
787    c2    QMC   0.16667      6.00 -7.397039    0.000171  6.00  2.46
788    c2    QMC   0.16667      7.00 -7.395969    0.000152  7.00  2.46
789    c2    QMC   0.50000      3.00 -7.390987    0.000284  3.00  2.46
790    c2    QMC   0.50000      3.20 -7.406952    0.000212  3.20  2.46
791    c2    QMC   0.50000      3.35 -7.411909    0.000274  3.35  2.46
792    c2    QMC   0.50000      3.50 -7.413657    0.000271  3.50  2.46
793    c2    QMC   0.50000      3.65 -7.413999    0.000274  3.65  2.46
794    c2    QMC   0.50000      3.80 -7.412379    0.000217  3.80  2.46
795    c2    QMC   0.50000      4.00 -7.409976    0.000229  4.00  2.46
796    c2    QMC   0.50000      4.50 -7.403725    0.000239  4.50  2.46
797    c2    QMC   0.50000      5.00 -7.400076    0.000332  5.00  2.46
798    c2    QMC   0.50000      6.00 -7.397094    0.000206  6.00  2.46
799    c2    QMC   0.50000      7.00 -7.396256    0.000215  7.00  2.46
800    c2    QMC   0.66667      3.00 -7.374165    0.000203  3.00  2.46
801    c2    QMC   0.66667      3.20 -7.398436    0.000406  3.20  2.46
802    c2    QMC   0.66667      3.35 -7.407410    0.000244  3.35  2.46
803    c2    QMC   0.66667      3.50 -7.411002    0.000288  3.50  2.46
804    c2    QMC   0.66667      3.65 -7.412222    0.000304  3.65  2.46
805    c2    QMC   0.66667      3.80 -7.411072    0.000225  3.80  2.46
806    c2    QMC   0.66667      4.00 -7.409340    0.000371  4.00  2.46
807    c2    QMC   0.66667      4.50 -7.404098    0.000251  4.50  2.46
808    c2    QMC   0.66667      5.00 -7.399931    0.000278  5.00  2.46
809    c2    QMC   0.66667      6.00 -7.397270    0.000237  6.00  2.46
810    c2    QMC   0.66667      7.00 -7.395750    0.000319  7.00  2.46
[5, 6, 7]
mask [ True  True  True  True  True  True  True  True  True  True]
exclude_idxs [5, 6, 7]
[3.2058430e+00 7.5111260e+00 1.2353340e+00 1.5283380e-05 3.7530428e+01
 1.5499947e+01 7.9544430e-01 3.6814400e+00 2.5714535e+04 0.0000000e+00]
[3.2058430e+00 7.5111260e+00 1.2353340e+00 1.5283380e-05 3.7530428e+01
 2.5714535e+04 0.0000000e+00]
params_e0 (3.205843, 7.511126, 1.235334, 1.528338e-05, 37.530428, 25714.535, 0.0)
reconstructed_params [3.2058430e+00 7.5111260e+00 1.2353340e+00 1.5283380e-05 3.7530428e+01
 1.5499947e+01 7.9544430e-01 3.6814400e+00 2.5714535e+04 0.0000000e+00]
saving params.txt: (3.205843, 7.511126, 1.235334, 1.528338e-05, 37.530428, 15.499947, 0.7954443, 3.68144, 25714.535, 0.0)
saving energy.txt: [-7.41004898 -7.41791759 -7.41928875 -7.41880902 -7.41742254 -7.4156257
 -7.41303401 -7.40711189 -7.40280603 -7.39814203 -7.39626143 -7.40890783
 -7.4172709  -7.41883184 -7.41847956 -7.41718491 -7.41545509 -7.4129252
 -7.40707771 -7.40279566 -7.39814113 -7.39626136 -7.4022055  -7.41335342
 -7.4161927  -7.4166839  -7.41595506 -7.41460987 -7.41241151 -7.40692976
 -7.40275327 -7.39813774 -7.3962611  -7.38978163 -7.40605954 -7.41130312
 -7.41337991 -7.41370704 -7.41307393 -7.4114843  -7.40666616 -7.40267846
 -7.39813181 -7.39626065]
params_e0 (3.2058430477707835, 7.511126, 1.235334, 1.528338e-05, 37.530428, 25714.535, 0.0)
reconstructed_params [3.20584305e+00 7.51112600e+00 1.23533400e+00 1.52833800e-05
 3.75304280e+01 1.54999470e+01 7.95444300e-01 3.68144000e+00
 2.57145350e+04 0.00000000e+00]
saving params.txt: (3.2058430477707835, 7.511126, 1.235334, 1.528338e-05, 37.530428, 15.499947, 0.7954443, 3.68144, 25714.535, 0.0)
saving energy.txt: [-7.41004897 -7.41791759 -7.41928874 -7.41880902 -7.41742254 -7.41562569
 -7.41303401 -7.40711189 -7.40280603 -7.39814203 -7.39626143 -7.40890782
 -7.4172709  -7.41883184 -7.41847956 -7.41718491 -7.41545509 -7.4129252
 -7.40707771 -7.40279566 -7.39814113 -7.39626136 -7.40220549 -7.41335341
 -7.4161927  -7.4166839  -7.41595506 -7.41460987 -7.41241151 -7.40692976
 -7.40275327 -7.39813774 -7.3962611  -7.38978162 -7.40605953 -7.41130312
 -7.4133799  -7.41370704 -7.41307393 -7.4114843  -7.40666616 -7.40267846
 -7.39813181 -7.39626065]
params_e0 (3.205843, 7.511126111924499, 1.235334, 1.528338e-05, 37.530428, 25714.535, 0.0)
reconstructed_params [3.20584300e+00 7.51112611e+00 1.23533400e+00 1.52833800e-05
 3.75304280e+01 1.54999470e+01 7.95444300e-01 3.68144000e+00
 2.57145350e+04 0.00000000e+00]
saving params.txt: (3.205843, 7.511126111924499, 1.235334, 1.528338e-05, 37.530428, 15.499947, 0.7954443, 3.68144, 25714.535, 0.0)
saving energy.txt: [-7.41004898 -7.41791759 -7.41928875 -7.41880902 -7.41742255 -7.4156257
 -7.41303401 -7.40711189 -7.40280603 -7.39814203 -7.39626143 -7.40890783
 -7.4172709  -7.41883184 -7.41847956 -7.41718491 -7.41545509 -7.4129252
 -7.40707771 -7.40279566 -7.39814113 -7.39626136 -7.4022055  -7.41335342
 -7.4161927  -7.4166839  -7.41595506 -7.41460987 -7.41241151 -7.40692976
 -7.40275327 -7.39813774 -7.3962611  -7.38978163 -7.40605954 -7.41130313
 -7.41337991 -7.41370704 -7.41307393 -7.4114843  -7.40666616 -7.40267846
 -7.39813181 -7.39626065]
params_e0 (3.205843, 7.511126, 1.235334018407911, 1.528338e-05, 37.530428, 25714.535, 0.0)
reconstructed_params [3.20584300e+00 7.51112600e+00 1.23533402e+00 1.52833800e-05
 3.75304280e+01 1.54999470e+01 7.95444300e-01 3.68144000e+00
 2.57145350e+04 0.00000000e+00]
saving params.txt: (3.205843, 7.511126, 1.235334018407911, 1.528338e-05, 37.530428, 15.499947, 0.7954443, 3.68144, 25714.535, 0.0)
saving energy.txt: [-7.41004897 -7.41791759 -7.41928875 -7.41880902 -7.41742254 -7.4156257
 -7.41303401 -7.40711189 -7.40280603 -7.39814203 -7.39626143 -7.40890783
 -7.4172709  -7.41883184 -7.41847956 -7.41718491 -7.41545509 -7.4129252
 -7.40707771 -7.40279566 -7.39814113 -7.39626136 -7.4022055  -7.41335342
 -7.4161927  -7.4166839  -7.41595506 -7.41460987 -7.41241151 -7.40692976
 -7.40275327 -7.39813774 -7.3962611  -7.38978163 -7.40605954 -7.41130312
 -7.41337991 -7.41370704 -7.41307393 -7.4114843  -7.40666616 -7.40267846
 -7.39813181 -7.39626065]
params_e0 (3.205843, 7.511126, 1.235334, 1.5298281161193846e-05, 37.530428, 25714.535, 0.0)
reconstructed_params [3.20584300e+00 7.51112600e+00 1.23533400e+00 1.52982812e-05
 3.75304280e+01 1.54999470e+01 7.95444300e-01 3.68144000e+00
 2.57145350e+04 0.00000000e+00]
saving params.txt: (3.205843, 7.511126, 1.235334, 1.5298281161193846e-05, 37.530428, 15.499947, 0.7954443, 3.68144, 25714.535, 0.0)
saving energy.txt: [-7.41004898 -7.41791759 -7.41928875 -7.41880902 -7.41742254 -7.4156257
 -7.41303401 -7.40711189 -7.40280603 -7.39814203 -7.39626143 -7.40890783
 -7.4172709  -7.41883184 -7.41847956 -7.41718491 -7.41545509 -7.4129252
 -7.40707771 -7.40279566 -7.39814113 -7.39626136 -7.4022055  -7.41335342
 -7.4161927  -7.4166839  -7.41595506 -7.41460987 -7.41241151 -7.40692976
 -7.40275327 -7.39813774 -7.3962611  -7.38978163 -7.40605954 -7.41130312
 -7.41337991 -7.41370704 -7.41307393 -7.4114843  -7.40666616 -7.40267846
 -7.39813181 -7.39626065]
params_e0 (3.205843, 7.511126, 1.235334, 1.528338e-05, 37.53042855924696, 25714.535, 0.0)
reconstructed_params [3.20584300e+00 7.51112600e+00 1.23533400e+00 1.52833800e-05
 3.75304286e+01 1.54999470e+01 7.95444300e-01 3.68144000e+00
 2.57145350e+04 0.00000000e+00]
saving params.txt: (3.205843, 7.511126, 1.235334, 1.528338e-05, 37.53042855924696, 15.499947, 0.7954443, 3.68144, 25714.535, 0.0)
saving energy.txt: [-7.41004897 -7.41791759 -7.41928875 -7.41880902 -7.41742254 -7.4156257
 -7.41303401 -7.40711189 -7.40280603 -7.39814203 -7.39626143 -7.40890783
 -7.4172709  -7.41883184 -7.41847956 -7.41718491 -7.41545509 -7.4129252
 -7.40707771 -7.40279566 -7.39814113 -7.39626136 -7.4022055  -7.41335342
 -7.4161927  -7.4166839  -7.41595506 -7.41460987 -7.41241151 -7.40692976
 -7.40275327 -7.39813774 -7.3962611  -7.38978163 -7.40605954 -7.41130312
 -7.41337991 -7.41370704 -7.41307393 -7.4114843  -7.40666616 -7.40267846
 -7.39813181 -7.39626065]
params_e0 (3.205843, 7.511126, 1.235334, 1.528338e-05, 37.530428, 25714.53538317643, 0.0)
reconstructed_params [3.20584300e+00 7.51112600e+00 1.23533400e+00 1.52833800e-05
 3.75304280e+01 1.54999470e+01 7.95444300e-01 3.68144000e+00
 2.57145354e+04 0.00000000e+00]
saving params.txt: (3.205843, 7.511126, 1.235334, 1.528338e-05, 37.530428, 15.499947, 0.7954443, 3.68144, 25714.53538317643, 0.0)
saving energy.txt: [-7.41004898 -7.41791759 -7.41928875 -7.41880902 -7.41742255 -7.4156257
 -7.41303401 -7.40711189 -7.40280603 -7.39814203 -7.39626143 -7.40890783
 -7.4172709  -7.41883184 -7.41847956 -7.41718492 -7.41545509 -7.4129252
 -7.40707771 -7.40279566 -7.39814113 -7.39626136 -7.4022055  -7.41335342
 -7.4161927  -7.4166839  -7.41595506 -7.41460987 -7.41241151 -7.40692976
 -7.40275327 -7.39813774 -7.3962611  -7.38978163 -7.40605954 -7.41130313
 -7.41337991 -7.41370704 -7.41307393 -7.4114843  -7.40666616 -7.40267846
 -7.39813181 -7.39626065]
params_e0 (3.205843, 7.511126, 1.235334, 1.528338e-05, 37.530428, 25714.535, 1.4901161193847656e-08)
reconstructed_params [3.20584300e+00 7.51112600e+00 1.23533400e+00 1.52833800e-05
 3.75304280e+01 1.54999470e+01 7.95444300e-01 3.68144000e+00
 2.57145350e+04 1.49011612e-08]
saving params.txt: (3.205843, 7.511126, 1.235334, 1.528338e-05, 37.530428, 15.499947, 0.7954443, 3.68144, 25714.535, 1.4901161193847656e-08)
saving energy.txt: [-7.41004896 -7.41791758 -7.41928873 -7.41880901 -7.41742253 -7.41562568
 -7.41303399 -7.40711188 -7.40280602 -7.39814201 -7.39626142 -7.40890781
 -7.41727089 -7.41883182 -7.41847955 -7.4171849  -7.41545507 -7.41292519
 -7.40707769 -7.40279564 -7.39814112 -7.39626134 -7.40220548 -7.4133534
 -7.41619269 -7.41668389 -7.41595505 -7.41460985 -7.41241149 -7.40692974
 -7.40275326 -7.39813772 -7.39626108 -7.38978162 -7.40605952 -7.41130311
 -7.41337989 -7.41370702 -7.41307392 -7.41148429 -7.40666615 -7.40267844
 -7.39813179 -7.39626063]
params_e0 (3.1460390423925326, 7.511125912889863, 1.250476006541208, 0.8618134270233025, 44.386709632285566, 25714.48343686347, 0.000503299809100211)
reconstructed_params [3.14603904e+00 7.51112591e+00 1.25047601e+00 8.61813427e-01
 4.43867096e+01 1.54999470e+01 7.95444300e-01 3.68144000e+00
 2.57144834e+04 5.03299809e-04]
saving params.txt: (3.1460390423925326, 7.511125912889863, 1.250476006541208, 0.8618134270233025, 44.386709632285566, 15.499947, 0.7954443, 3.68144, 25714.48343686347, 0.000503299809100211)
saving energy.txt: [-7.40471213 -7.41465528 -7.41699274 -7.41715313 -7.41618735 -7.41466455
 -7.41229295 -7.40657358 -7.40230375 -7.39764086 -7.39575847 -7.40351638
 -7.41397978 -7.41651899 -7.41681447 -7.41594522 -7.4144922  -7.41218426
 -7.40654034 -7.40229392 -7.39764005 -7.39575841 -7.39664635 -7.40999969
 -7.4138568  -7.4150166  -7.41472315 -7.41365867 -7.41168273 -7.40639943
 -7.40225452 -7.39763704 -7.39575819 -7.3839431  -7.40261177 -7.40894018
 -7.41171921 -7.41249659 -7.41214888 -7.41078041 -7.40614916 -7.4021852
 -7.39763181 -7.39575781]
params_e0 (3.1460390892721675, 7.511125912889863, 1.250476006541208, 0.8618134270233025, 44.386709632285566, 25714.48343686347, 0.000503299809100211)
reconstructed_params [3.14603909e+00 7.51112591e+00 1.25047601e+00 8.61813427e-01
 4.43867096e+01 1.54999470e+01 7.95444300e-01 3.68144000e+00
 2.57144834e+04 5.03299809e-04]
saving params.txt: (3.1460390892721675, 7.511125912889863, 1.250476006541208, 0.8618134270233025, 44.386709632285566, 15.499947, 0.7954443, 3.68144, 25714.48343686347, 0.000503299809100211)
saving energy.txt: [-7.40471213 -7.41465527 -7.41699273 -7.41715313 -7.41618735 -7.41466455
 -7.41229295 -7.40657358 -7.40230375 -7.39764086 -7.39575847 -7.40351637
 -7.41397978 -7.41651898 -7.41681447 -7.41594522 -7.4144922  -7.41218426
 -7.40654034 -7.40229392 -7.39764005 -7.39575841 -7.39664635 -7.40999968
 -7.4138568  -7.4150166  -7.41472315 -7.41365867 -7.41168273 -7.40639943
 -7.40225452 -7.39763704 -7.39575819 -7.38394308 -7.40261176 -7.40894017
 -7.41171921 -7.41249659 -7.41214888 -7.41078041 -7.40614916 -7.4021852
 -7.39763181 -7.39575781]
params_e0 (3.1460390423925326, 7.511126024814361, 1.250476006541208, 0.8618134270233025, 44.386709632285566, 25714.48343686347, 0.000503299809100211)
reconstructed_params [3.14603904e+00 7.51112602e+00 1.25047601e+00 8.61813427e-01
 4.43867096e+01 1.54999470e+01 7.95444300e-01 3.68144000e+00
 2.57144834e+04 5.03299809e-04]
saving params.txt: (3.1460390423925326, 7.511126024814361, 1.250476006541208, 0.8618134270233025, 44.386709632285566, 15.499947, 0.7954443, 3.68144, 25714.48343686347, 0.000503299809100211)
saving energy.txt: [-7.40471213 -7.41465528 -7.41699274 -7.41715313 -7.41618735 -7.41466455
 -7.41229295 -7.40657358 -7.40230375 -7.39764086 -7.39575847 -7.40351638
 -7.41397979 -7.41651899 -7.41681447 -7.41594522 -7.4144922  -7.41218426
 -7.40654034 -7.40229392 -7.39764005 -7.39575841 -7.39664635 -7.40999969
 -7.4138568  -7.4150166  -7.41472315 -7.41365867 -7.41168273 -7.40639943
 -7.40225452 -7.39763704 -7.39575819 -7.38394309 -7.40261177 -7.40894018
 -7.41171921 -7.41249659 -7.41214888 -7.41078041 -7.40614916 -7.4021852
 -7.39763181 -7.39575781]
params_e0 (3.1460390423925326, 7.511125912889863, 1.2504760251747524, 0.8618134270233025, 44.386709632285566, 25714.48343686347, 0.000503299809100211)
reconstructed_params [3.14603904e+00 7.51112591e+00 1.25047603e+00 8.61813427e-01
 4.43867096e+01 1.54999470e+01 7.95444300e-01 3.68144000e+00
 2.57144834e+04 5.03299809e-04]
saving params.txt: (3.1460390423925326, 7.511125912889863, 1.2504760251747524, 0.8618134270233025, 44.386709632285566, 15.499947, 0.7954443, 3.68144, 25714.48343686347, 0.000503299809100211)
saving energy.txt: [-7.40471213 -7.41465528 -7.41699273 -7.41715313 -7.41618735 -7.41466455
 -7.41229295 -7.40657358 -7.40230375 -7.39764086 -7.39575847 -7.40351638
 -7.41397978 -7.41651899 -7.41681447 -7.41594522 -7.4144922  -7.41218426
 -7.40654034 -7.40229392 -7.39764005 -7.39575841 -7.39664635 -7.40999969
 -7.4138568  -7.4150166  -7.41472315 -7.41365867 -7.41168273 -7.40639943
 -7.40225452 -7.39763704 -7.39575819 -7.38394309 -7.40261177 -7.40894018
 -7.41171921 -7.41249659 -7.41214888 -7.41078041 -7.40614916 -7.4021852
 -7.39763181 -7.39575781]
params_e0 (3.1460390423925326, 7.511125912889863, 1.250476006541208, 0.8618134419244637, 44.386709632285566, 25714.48343686347, 0.000503299809100211)
reconstructed_params [3.14603904e+00 7.51112591e+00 1.25047601e+00 8.61813442e-01
 4.43867096e+01 1.54999470e+01 7.95444300e-01 3.68144000e+00
 2.57144834e+04 5.03299809e-04]
saving params.txt: (3.1460390423925326, 7.511125912889863, 1.250476006541208, 0.8618134419244637, 44.386709632285566, 15.499947, 0.7954443, 3.68144, 25714.48343686347, 0.000503299809100211)
saving energy.txt: [-7.40471213 -7.41465528 -7.41699274 -7.41715313 -7.41618735 -7.41466455
 -7.41229295 -7.40657358 -7.40230375 -7.39764086 -7.39575847 -7.40351638
 -7.41397978 -7.41651899 -7.41681447 -7.41594522 -7.4144922  -7.41218426
 -7.40654034 -7.40229392 -7.39764005 -7.39575841 -7.39664635 -7.40999969
 -7.4138568  -7.4150166  -7.41472315 -7.41365867 -7.41168273 -7.40639943
 -7.40225452 -7.39763704 -7.39575819 -7.3839431  -7.40261177 -7.40894018
 -7.41171921 -7.41249659 -7.41214888 -7.41078041 -7.40614916 -7.4021852
 -7.39763181 -7.39575781]
params_e0 (3.1460390423925326, 7.511125912889863, 1.250476006541208, 0.8618134270233025, 44.38671029369908, 25714.48343686347, 0.000503299809100211)
reconstructed_params [3.14603904e+00 7.51112591e+00 1.25047601e+00 8.61813427e-01
 4.43867103e+01 1.54999470e+01 7.95444300e-01 3.68144000e+00
 2.57144834e+04 5.03299809e-04]
saving params.txt: (3.1460390423925326, 7.511125912889863, 1.250476006541208, 0.8618134270233025, 44.38671029369908, 15.499947, 0.7954443, 3.68144, 25714.48343686347, 0.000503299809100211)
saving energy.txt: [-7.40471213 -7.41465528 -7.41699273 -7.41715313 -7.41618735 -7.41466455
 -7.41229295 -7.40657358 -7.40230375 -7.39764086 -7.39575847 -7.40351638
 -7.41397978 -7.41651899 -7.41681447 -7.41594522 -7.4144922  -7.41218426
 -7.40654034 -7.40229392 -7.39764005 -7.39575841 -7.39664635 -7.40999969
 -7.4138568  -7.4150166  -7.41472315 -7.41365867 -7.41168273 -7.40639943
 -7.40225452 -7.39763704 -7.39575819 -7.38394309 -7.40261177 -7.40894018
 -7.41171921 -7.41249659 -7.41214888 -7.41078041 -7.40614916 -7.4021852
 -7.39763181 -7.39575781]
params_e0 (3.1460390423925326, 7.511125912889863, 1.250476006541208, 0.8618134270233025, 44.386709632285566, 25714.48382003913, 0.000503299809100211)
reconstructed_params [3.14603904e+00 7.51112591e+00 1.25047601e+00 8.61813427e-01
 4.43867096e+01 1.54999470e+01 7.95444300e-01 3.68144000e+00
 2.57144838e+04 5.03299809e-04]
saving params.txt: (3.1460390423925326, 7.511125912889863, 1.250476006541208, 0.8618134270233025, 44.386709632285566, 15.499947, 0.7954443, 3.68144, 25714.48382003913, 0.000503299809100211)
saving energy.txt: [-7.40471213 -7.41465528 -7.41699274 -7.41715313 -7.41618735 -7.41466455
 -7.41229295 -7.40657358 -7.40230375 -7.39764086 -7.39575847 -7.40351638
 -7.41397979 -7.41651899 -7.41681447 -7.41594522 -7.4144922  -7.41218426
 -7.40654034 -7.40229392 -7.39764005 -7.39575841 -7.39664636 -7.40999969
 -7.4138568  -7.4150166  -7.41472315 -7.41365867 -7.41168273 -7.40639943
 -7.40225452 -7.39763704 -7.39575819 -7.3839431  -7.40261177 -7.40894018
 -7.41171921 -7.41249659 -7.41214888 -7.41078041 -7.40614916 -7.4021852
 -7.39763181 -7.39575781]
params_e0 (3.1460390423925326, 7.511125912889863, 1.250476006541208, 0.8618134270233025, 44.386709632285566, 25714.48343686347, 0.0005033147102614049)
reconstructed_params [3.14603904e+00 7.51112591e+00 1.25047601e+00 8.61813427e-01
 4.43867096e+01 1.54999470e+01 7.95444300e-01 3.68144000e+00
 2.57144834e+04 5.03314710e-04]
saving params.txt: (3.1460390423925326, 7.511125912889863, 1.250476006541208, 0.8618134270233025, 44.386709632285566, 15.499947, 0.7954443, 3.68144, 25714.48343686347, 0.0005033147102614049)
saving energy.txt: [-7.40471212 -7.41465527 -7.41699272 -7.41715312 -7.41618734 -7.41466453
 -7.41229294 -7.40657357 -7.40230373 -7.39764084 -7.39575846 -7.40351636
 -7.41397977 -7.41651897 -7.41681445 -7.4159452  -7.41449219 -7.41218425
 -7.40654033 -7.4022939  -7.39764004 -7.3957584  -7.39664634 -7.40999967
 -7.41385679 -7.41501659 -7.41472313 -7.41365865 -7.41168272 -7.40639941
 -7.40225451 -7.39763703 -7.39575818 -7.38394308 -7.40261175 -7.40894016
 -7.41171919 -7.41249657 -7.41214887 -7.4107804  -7.40614915 -7.40218518
 -7.39763179 -7.39575779]
params_e0 (3.1108777612180445, 7.511125482380537, 1.2612048308516615, 0.5920396036364198, 49.54935086093964, 25714.35517967054, 0.0008315596409703577)
reconstructed_params [3.11087776e+00 7.51112548e+00 1.26120483e+00 5.92039604e-01
 4.95493509e+01 1.54999470e+01 7.95444300e-01 3.68144000e+00
 2.57143552e+04 8.31559641e-04]
saving params.txt: (3.1108777612180445, 7.511125482380537, 1.2612048308516615, 0.5920396036364198, 49.54935086093964, 15.499947, 0.7954443, 3.68144, 25714.35517967054, 0.0008315596409703577)
saving energy.txt: [-7.40267059 -7.41347943 -7.4161895  -7.41657728 -7.4157463  -7.41430027
 -7.41197818 -7.40627663 -7.40199292 -7.39731543 -7.39543054 -7.40143194
 -7.41278034 -7.41570127 -7.41623007 -7.41549939 -7.41412545 -7.4118687
 -7.40624371 -7.40198334 -7.39731467 -7.39543049 -7.39442169 -7.40873953
 -7.41300969 -7.41442034 -7.41427481 -7.41329399 -7.41137144 -7.40610608
 -7.40194543 -7.39731186 -7.39543028 -7.3814815  -7.40125516 -7.40805005
 -7.41110884 -7.41204884 -7.41179147 -7.41047889 -7.4058622  -7.40187887
 -7.39730698 -7.39542994]
params_e0 (3.1108778075737353, 7.511125482380537, 1.2612048308516615, 0.5920396036364198, 49.54935086093964, 25714.35517967054, 0.0008315596409703577)
reconstructed_params [3.11087781e+00 7.51112548e+00 1.26120483e+00 5.92039604e-01
 4.95493509e+01 1.54999470e+01 7.95444300e-01 3.68144000e+00
 2.57143552e+04 8.31559641e-04]
saving params.txt: (3.1108778075737353, 7.511125482380537, 1.2612048308516615, 0.5920396036364198, 49.54935086093964, 15.499947, 0.7954443, 3.68144, 25714.35517967054, 0.0008315596409703577)
saving energy.txt: [-7.40267058 -7.41347943 -7.4161895  -7.41657727 -7.4157463  -7.41430026
 -7.41197818 -7.40627663 -7.40199292 -7.39731543 -7.39543054 -7.40143193
 -7.41278033 -7.41570127 -7.41623007 -7.41549939 -7.41412544 -7.4118687
 -7.40624371 -7.40198334 -7.39731467 -7.39543049 -7.39442168 -7.40873952
 -7.41300968 -7.41442034 -7.41427481 -7.41329399 -7.41137144 -7.40610608
 -7.40194543 -7.39731186 -7.39543028 -7.38148149 -7.40125515 -7.40805005
 -7.41110884 -7.41204883 -7.41179147 -7.41047889 -7.4058622  -7.40187887
 -7.39730698 -7.39542994]
params_e0 (3.1108777612180445, 7.511125594305029, 1.2612048308516615, 0.5920396036364198, 49.54935086093964, 25714.35517967054, 0.0008315596409703577)
reconstructed_params [3.11087776e+00 7.51112559e+00 1.26120483e+00 5.92039604e-01
 4.95493509e+01 1.54999470e+01 7.95444300e-01 3.68144000e+00
 2.57143552e+04 8.31559641e-04]
saving params.txt: (3.1108777612180445, 7.511125594305029, 1.2612048308516615, 0.5920396036364198, 49.54935086093964, 15.499947, 0.7954443, 3.68144, 25714.35517967054, 0.0008315596409703577)
saving energy.txt: [-7.40267059 -7.41347943 -7.41618951 -7.41657728 -7.41574631 -7.41430027
 -7.41197818 -7.40627663 -7.40199292 -7.39731543 -7.39543054 -7.40143194
 -7.41278034 -7.41570127 -7.41623007 -7.41549939 -7.41412545 -7.4118687
 -7.40624371 -7.40198334 -7.39731467 -7.39543049 -7.39442169 -7.40873953
 -7.41300969 -7.41442034 -7.41427481 -7.413294   -7.41137145 -7.40610608
 -7.40194543 -7.39731186 -7.39543028 -7.3814815  -7.40125516 -7.40805006
 -7.41110884 -7.41204884 -7.41179147 -7.41047889 -7.4058622  -7.40187887
 -7.39730698 -7.39542994]
params_e0 (3.1108777612180445, 7.511125482380537, 1.2612048496450778, 0.5920396036364198, 49.54935086093964, 25714.35517967054, 0.0008315596409703577)
reconstructed_params [3.11087776e+00 7.51112548e+00 1.26120485e+00 5.92039604e-01
 4.95493509e+01 1.54999470e+01 7.95444300e-01 3.68144000e+00
 2.57143552e+04 8.31559641e-04]
saving params.txt: (3.1108777612180445, 7.511125482380537, 1.2612048496450778, 0.5920396036364198, 49.54935086093964, 15.499947, 0.7954443, 3.68144, 25714.35517967054, 0.0008315596409703577)
saving energy.txt: [-7.40267059 -7.41347943 -7.4161895  -7.41657728 -7.4157463  -7.41430026
 -7.41197818 -7.40627663 -7.40199292 -7.39731543 -7.39543054 -7.40143194
 -7.41278034 -7.41570127 -7.41623007 -7.41549939 -7.41412544 -7.4118687
 -7.40624371 -7.40198334 -7.39731467 -7.39543049 -7.39442169 -7.40873953
 -7.41300969 -7.41442034 -7.41427481 -7.41329399 -7.41137144 -7.40610608
 -7.40194543 -7.39731186 -7.39543028 -7.3814815  -7.40125516 -7.40805005
 -7.41110884 -7.41204884 -7.41179147 -7.41047889 -7.4058622  -7.40187887
 -7.39730698 -7.39542994]
params_e0 (3.1108777612180445, 7.511125482380537, 1.2612048308516615, 0.592039618537581, 49.54935086093964, 25714.35517967054, 0.0008315596409703577)
reconstructed_params [3.11087776e+00 7.51112548e+00 1.26120483e+00 5.92039619e-01
 4.95493509e+01 1.54999470e+01 7.95444300e-01 3.68144000e+00
 2.57143552e+04 8.31559641e-04]
saving params.txt: (3.1108777612180445, 7.511125482380537, 1.2612048308516615, 0.592039618537581, 49.54935086093964, 15.499947, 0.7954443, 3.68144, 25714.35517967054, 0.0008315596409703577)
saving energy.txt: [-7.40267059 -7.41347943 -7.4161895  -7.41657728 -7.4157463  -7.41430027
 -7.41197818 -7.40627663 -7.40199292 -7.39731543 -7.39543054 -7.40143194
 -7.41278034 -7.41570127 -7.41623007 -7.41549939 -7.41412545 -7.4118687
 -7.40624371 -7.40198334 -7.39731467 -7.39543049 -7.39442169 -7.40873953
 -7.41300969 -7.41442034 -7.41427481 -7.41329399 -7.41137144 -7.40610608
 -7.40194543 -7.39731186 -7.39543028 -7.3814815  -7.40125516 -7.40805005
 -7.41110884 -7.41204884 -7.41179147 -7.41047889 -7.4058622  -7.40187887
 -7.39730698 -7.39542994]
params_e0 (3.1108777612180445, 7.511125482380537, 1.2612048308516615, 0.5920396036364198, 49.5493515992825, 25714.35517967054, 0.0008315596409703577)
reconstructed_params [3.11087776e+00 7.51112548e+00 1.26120483e+00 5.92039604e-01
 4.95493516e+01 1.54999470e+01 7.95444300e-01 3.68144000e+00
 2.57143552e+04 8.31559641e-04]
saving params.txt: (3.1108777612180445, 7.511125482380537, 1.2612048308516615, 0.5920396036364198, 49.5493515992825, 15.499947, 0.7954443, 3.68144, 25714.35517967054, 0.0008315596409703577)
saving energy.txt: [-7.40267059 -7.41347943 -7.4161895  -7.41657728 -7.4157463  -7.41430027
 -7.41197818 -7.40627663 -7.40199292 -7.39731543 -7.39543054 -7.40143194
 -7.41278034 -7.41570127 -7.41623007 -7.41549939 -7.41412544 -7.4118687
 -7.40624371 -7.40198334 -7.39731467 -7.39543049 -7.39442169 -7.40873953
 -7.41300969 -7.41442034 -7.41427481 -7.41329399 -7.41137144 -7.40610608
 -7.40194543 -7.39731186 -7.39543028 -7.3814815  -7.40125516 -7.40805005
 -7.41110884 -7.41204884 -7.41179147 -7.41047889 -7.4058622  -7.40187887
 -7.39730698 -7.39542994]
params_e0 (3.1108777612180445, 7.511125482380537, 1.2612048308516615, 0.5920396036364198, 49.54935086093964, 25714.355562844292, 0.0008315596409703577)
reconstructed_params [3.11087776e+00 7.51112548e+00 1.26120483e+00 5.92039604e-01
 4.95493509e+01 1.54999470e+01 7.95444300e-01 3.68144000e+00
 2.57143556e+04 8.31559641e-04]
saving params.txt: (3.1108777612180445, 7.511125482380537, 1.2612048308516615, 0.5920396036364198, 49.54935086093964, 15.499947, 0.7954443, 3.68144, 25714.355562844292, 0.0008315596409703577)
saving energy.txt: [-7.40267059 -7.41347943 -7.41618951 -7.41657728 -7.41574631 -7.41430027
 -7.41197818 -7.40627664 -7.40199292 -7.39731543 -7.39543054 -7.40143194
 -7.41278034 -7.41570127 -7.41623007 -7.41549939 -7.41412545 -7.4118687
 -7.40624371 -7.40198334 -7.39731467 -7.39543049 -7.39442169 -7.40873953
 -7.41300969 -7.41442034 -7.41427481 -7.413294   -7.41137145 -7.40610608
 -7.40194543 -7.39731186 -7.39543028 -7.38148151 -7.40125516 -7.40805006
 -7.41110884 -7.41204884 -7.41179147 -7.41047889 -7.4058622  -7.40187887
 -7.39730698 -7.39542994]
params_e0 (3.1108777612180445, 7.511125482380537, 1.2612048308516615, 0.5920396036364198, 49.54935086093964, 25714.35517967054, 0.0008315745421315515)
reconstructed_params [3.11087776e+00 7.51112548e+00 1.26120483e+00 5.92039604e-01
 4.95493509e+01 1.54999470e+01 7.95444300e-01 3.68144000e+00
 2.57143552e+04 8.31574542e-04]
saving params.txt: (3.1108777612180445, 7.511125482380537, 1.2612048308516615, 0.5920396036364198, 49.54935086093964, 15.499947, 0.7954443, 3.68144, 25714.35517967054, 0.0008315745421315515)
saving energy.txt: [-7.40267057 -7.41347942 -7.41618949 -7.41657726 -7.41574629 -7.41430025
 -7.41197817 -7.40627662 -7.40199291 -7.39731542 -7.39543053 -7.40143192
 -7.41278032 -7.41570126 -7.41623006 -7.41549938 -7.41412543 -7.41186868
 -7.40624369 -7.40198333 -7.39731466 -7.39543047 -7.39442168 -7.40873952
 -7.41300967 -7.41442033 -7.41427479 -7.41329398 -7.41137143 -7.40610606
 -7.40194542 -7.39731185 -7.39543027 -7.38148149 -7.40125514 -7.40805004
 -7.41110883 -7.41204882 -7.41179146 -7.41047887 -7.40586219 -7.40187885
 -7.39730696 -7.39542992]
params_e0 (3.0871482365551426, 7.5111226723756275, 1.2689856735947376, 0.036363204298370144, 53.570722267547865, 25713.563713014486, 0.0010600009265243754)
reconstructed_params [3.08714824e+00 7.51112267e+00 1.26898567e+00 3.63632043e-02
 5.35707223e+01 1.54999470e+01 7.95444300e-01 3.68144000e+00
 2.57135637e+04 1.06000093e-03]
saving params.txt: (3.0871482365551426, 7.5111226723756275, 1.2689856735947376, 0.036363204298370144, 53.570722267547865, 15.499947, 0.7954443, 3.68144, 25713.563713014486, 0.0010600009265243754)
saving energy.txt: [-7.40168259 -7.41294762 -7.41583916 -7.41632756 -7.41554807 -7.41412456
 -7.41180853 -7.40608522 -7.40178103 -7.39708923 -7.39520232 -7.40041181
 -7.41223069 -7.41533988 -7.41597374 -7.41529737 -7.4139477  -7.41169829
 -7.40605244 -7.4017716  -7.3970885  -7.39520226 -7.39329308 -7.40814124
 -7.4126235  -7.41415279 -7.41406898 -7.41311626 -7.41120311 -7.4059168
 -7.40173462 -7.39708581 -7.39520207 -7.38016826 -7.40057825 -7.40762618
 -7.41082616 -7.41183974 -7.4116162  -7.41031571 -7.40567682 -7.40166978
 -7.39708115 -7.39520175]
params_e0 (3.1340181774978784, 7.95062285506776, 1.2336799462121064, 0.007892884258528188, 49.89631850779703, 25783.37676482047, 0.002289310553099814)
reconstructed_params [3.13401818e+00 7.95062286e+00 1.23367995e+00 7.89288426e-03
 4.98963185e+01 1.54999470e+01 7.95444300e-01 3.68144000e+00
 2.57833768e+04 2.28931055e-03]
saving params.txt: (3.1340181774978784, 7.95062285506776, 1.2336799462121064, 0.007892884258528188, 49.89631850779703, 15.499947, 0.7954443, 3.68144, 25783.37676482047, 0.002289310553099814)
saving energy.txt: [-7.40078413 -7.41288432 -7.41592608 -7.41636638 -7.41544664 -7.41385102
 -7.41130929 -7.40518025 -7.40068275 -7.39588111 -7.39397766 -7.39964324
 -7.41223847 -7.41547403 -7.41604501 -7.41521885 -7.41369066 -7.41120992
 -7.40515142 -7.40067473 -7.39588054 -7.39397762 -7.39175869 -7.40777151
 -7.41254147 -7.41410429 -7.41392732 -7.41282858 -7.41070606 -7.40501981
 -7.40064053 -7.39587828 -7.39397748 -7.37688175 -7.39933812 -7.40703852
 -7.41049031 -7.41153976 -7.41124529 -7.4097877  -7.40478345 -7.40057976
 -7.39587433 -7.39397723]
params_e0 (3.1340182241983885, 7.95062285506776, 1.2336799462121064, 0.007892884258528188, 49.89631850779703, 25783.37676482047, 0.002289310553099814)
reconstructed_params [3.13401822e+00 7.95062286e+00 1.23367995e+00 7.89288426e-03
 4.98963185e+01 1.54999470e+01 7.95444300e-01 3.68144000e+00
 2.57833768e+04 2.28931055e-03]
saving params.txt: (3.1340182241983885, 7.95062285506776, 1.2336799462121064, 0.007892884258528188, 49.89631850779703, 15.499947, 0.7954443, 3.68144, 25783.37676482047, 0.002289310553099814)
saving energy.txt: [-7.40078412 -7.41288432 -7.41592608 -7.41636638 -7.41544664 -7.41385102
 -7.41130929 -7.40518025 -7.40068275 -7.39588111 -7.39397766 -7.39964323
 -7.41223847 -7.41547402 -7.416045   -7.41521885 -7.41369066 -7.41120992
 -7.40515142 -7.40067473 -7.39588054 -7.39397762 -7.39175869 -7.4077715
 -7.41254147 -7.41410429 -7.41392732 -7.41282858 -7.41070606 -7.40501981
 -7.40064053 -7.39587828 -7.39397748 -7.37688175 -7.39933812 -7.40703852
 -7.4104903  -7.41153976 -7.41124529 -7.4097877  -7.40478345 -7.40057976
 -7.39587433 -7.39397723]
params_e0 (3.1340181774978784, 7.950622973541273, 1.2336799462121064, 0.007892884258528188, 49.89631850779703, 25783.37676482047, 0.002289310553099814)
reconstructed_params [3.13401818e+00 7.95062297e+00 1.23367995e+00 7.89288426e-03
 4.98963185e+01 1.54999470e+01 7.95444300e-01 3.68144000e+00
 2.57833768e+04 2.28931055e-03]
saving params.txt: (3.1340181774978784, 7.950622973541273, 1.2336799462121064, 0.007892884258528188, 49.89631850779703, 15.499947, 0.7954443, 3.68144, 25783.37676482047, 0.002289310553099814)
saving energy.txt: [-7.40078413 -7.41288432 -7.41592608 -7.41636638 -7.41544664 -7.41385102
 -7.41130929 -7.40518025 -7.40068275 -7.39588111 -7.39397766 -7.39964324
 -7.41223847 -7.41547403 -7.41604501 -7.41521885 -7.41369066 -7.41120992
 -7.40515142 -7.40067473 -7.39588054 -7.39397762 -7.39175869 -7.40777151
 -7.41254147 -7.41410429 -7.41392732 -7.41282858 -7.41070606 -7.40501981
 -7.40064053 -7.39587828 -7.39397748 -7.37688175 -7.39933812 -7.40703852
 -7.41049031 -7.41153976 -7.41124529 -7.4097877  -7.40478345 -7.40057976
 -7.39587433 -7.39397723]
params_e0 (3.1340181774978784, 7.95062285506776, 1.2336799645953702, 0.007892884258528188, 49.89631850779703, 25783.37676482047, 0.002289310553099814)
reconstructed_params [3.13401818e+00 7.95062286e+00 1.23367996e+00 7.89288426e-03
 4.98963185e+01 1.54999470e+01 7.95444300e-01 3.68144000e+00
 2.57833768e+04 2.28931055e-03]
saving params.txt: (3.1340181774978784, 7.95062285506776, 1.2336799645953702, 0.007892884258528188, 49.89631850779703, 15.499947, 0.7954443, 3.68144, 25783.37676482047, 0.002289310553099814)
saving energy.txt: [-7.40078413 -7.41288432 -7.41592608 -7.41636638 -7.41544664 -7.41385102
 -7.41130929 -7.40518025 -7.40068275 -7.39588111 -7.39397766 -7.39964324
 -7.41223847 -7.41547403 -7.41604501 -7.41521885 -7.41369066 -7.41120992
 -7.40515142 -7.40067473 -7.39588054 -7.39397762 -7.39175869 -7.40777151
 -7.41254147 -7.41410429 -7.41392732 -7.41282858 -7.41070606 -7.40501981
 -7.40064053 -7.39587828 -7.39397748 -7.37688175 -7.39933812 -7.40703852
 -7.41049031 -7.41153976 -7.41124529 -7.4097877  -7.40478345 -7.40057976
 -7.39587433 -7.39397723]
params_e0 (3.1340181774978784, 7.95062285506776, 1.2336799462121064, 0.007892899159689382, 49.89631850779703, 25783.37676482047, 0.002289310553099814)
reconstructed_params [3.13401818e+00 7.95062286e+00 1.23367995e+00 7.89289916e-03
 4.98963185e+01 1.54999470e+01 7.95444300e-01 3.68144000e+00
 2.57833768e+04 2.28931055e-03]
saving params.txt: (3.1340181774978784, 7.95062285506776, 1.2336799462121064, 0.007892899159689382, 49.89631850779703, 15.499947, 0.7954443, 3.68144, 25783.37676482047, 0.002289310553099814)
saving energy.txt: [-7.40078413 -7.41288432 -7.41592608 -7.41636638 -7.41544664 -7.41385102
 -7.41130929 -7.40518025 -7.40068275 -7.39588111 -7.39397766 -7.39964324
 -7.41223847 -7.41547403 -7.41604501 -7.41521885 -7.41369066 -7.41120992
 -7.40515142 -7.40067473 -7.39588054 -7.39397762 -7.39175869 -7.40777151
 -7.41254147 -7.41410429 -7.41392732 -7.41282858 -7.41070606 -7.40501981
 -7.40064053 -7.39587828 -7.39397748 -7.37688175 -7.39933812 -7.40703852
 -7.41049031 -7.41153976 -7.41124529 -7.4097877  -7.40478345 -7.40057976
 -7.39587433 -7.39397723]
params_e0 (3.1340181774978784, 7.95062285506776, 1.2336799462121064, 0.007892884258528188, 49.89631925131011, 25783.37676482047, 0.002289310553099814)
reconstructed_params [3.13401818e+00 7.95062286e+00 1.23367995e+00 7.89288426e-03
 4.98963193e+01 1.54999470e+01 7.95444300e-01 3.68144000e+00
 2.57833768e+04 2.28931055e-03]
saving params.txt: (3.1340181774978784, 7.95062285506776, 1.2336799462121064, 0.007892884258528188, 49.89631925131011, 15.499947, 0.7954443, 3.68144, 25783.37676482047, 0.002289310553099814)
saving energy.txt: [-7.40078413 -7.41288432 -7.41592608 -7.41636638 -7.41544664 -7.41385102
 -7.41130929 -7.40518025 -7.40068275 -7.39588111 -7.39397766 -7.39964324
 -7.41223847 -7.41547403 -7.41604501 -7.41521885 -7.41369066 -7.41120992
 -7.40515142 -7.40067473 -7.39588054 -7.39397762 -7.39175869 -7.40777151
 -7.41254147 -7.41410429 -7.41392732 -7.41282858 -7.41070606 -7.40501981
 -7.40064053 -7.39587828 -7.39397748 -7.37688175 -7.39933812 -7.40703852
 -7.41049031 -7.41153976 -7.41124529 -7.4097877  -7.40478345 -7.40057976
 -7.39587433 -7.39397723]
params_e0 (3.1340181774978784, 7.95062285506776, 1.2336799462121064, 0.007892884258528188, 49.89631850779703, 25783.377149022723, 0.002289310553099814)
reconstructed_params [3.13401818e+00 7.95062286e+00 1.23367995e+00 7.89288426e-03
 4.98963185e+01 1.54999470e+01 7.95444300e-01 3.68144000e+00
 2.57833771e+04 2.28931055e-03]
saving params.txt: (3.1340181774978784, 7.95062285506776, 1.2336799462121064, 0.007892884258528188, 49.89631850779703, 15.499947, 0.7954443, 3.68144, 25783.377149022723, 0.002289310553099814)
saving energy.txt: [-7.40078413 -7.41288432 -7.41592608 -7.41636638 -7.41544664 -7.41385102
 -7.41130929 -7.40518025 -7.40068275 -7.39588111 -7.39397766 -7.39964324
 -7.41223847 -7.41547403 -7.41604501 -7.41521885 -7.41369066 -7.41120992
 -7.40515142 -7.40067473 -7.39588054 -7.39397762 -7.3917587  -7.40777151
 -7.41254147 -7.41410429 -7.41392732 -7.41282858 -7.41070606 -7.40501981
 -7.40064053 -7.39587828 -7.39397748 -7.37688176 -7.39933813 -7.40703852
 -7.41049031 -7.41153976 -7.41124529 -7.4097877  -7.40478345 -7.40057976
 -7.39587433 -7.39397723]
params_e0 (3.1340181774978784, 7.95062285506776, 1.2336799462121064, 0.007892884258528188, 49.89631850779703, 25783.37676482047, 0.0022893254542610078)
reconstructed_params [3.13401818e+00 7.95062286e+00 1.23367995e+00 7.89288426e-03
 4.98963185e+01 1.54999470e+01 7.95444300e-01 3.68144000e+00
 2.57833768e+04 2.28932545e-03]
saving params.txt: (3.1340181774978784, 7.95062285506776, 1.2336799462121064, 0.007892884258528188, 49.89631850779703, 15.499947, 0.7954443, 3.68144, 25783.37676482047, 0.0022893254542610078)
saving energy.txt: [-7.40078412 -7.41288431 -7.41592607 -7.41636636 -7.41544662 -7.413851
 -7.41130928 -7.40518023 -7.40068274 -7.3958811  -7.39397764 -7.39964323
 -7.41223846 -7.41547401 -7.41604499 -7.41521883 -7.41369065 -7.41120991
 -7.40515141 -7.40067471 -7.39588052 -7.39397761 -7.39175868 -7.40777149
 -7.41254146 -7.41410428 -7.41392731 -7.41282856 -7.41070605 -7.4050198
 -7.40064052 -7.39587827 -7.39397746 -7.37688174 -7.39933811 -7.40703851
 -7.41049029 -7.41153975 -7.41124527 -7.40978768 -7.40478343 -7.40057975
 -7.39587431 -7.39397721]
params_e0 (3.141759692003449, 8.965178730207771, 1.2319571245338303, 0.00781969023408405, 50.083227895211465, 25783.377570808352, 0.004864851232109349)
reconstructed_params [3.14175969e+00 8.96517873e+00 1.23195712e+00 7.81969023e-03
 5.00832279e+01 1.54999470e+01 7.95444300e-01 3.68144000e+00
 2.57833776e+04 4.86485123e-03]
saving params.txt: (3.141759692003449, 8.965178730207771, 1.2319571245338303, 0.00781969023408405, 50.083227895211465, 15.499947, 0.7954443, 3.68144, 25783.377570808352, 0.004864851232109349)
saving energy.txt: [-7.39718704 -7.41230473 -7.41601744 -7.41647895 -7.41528046 -7.41329863
 -7.41023902 -7.40320662 -7.3983164  -7.39332585 -7.39140376 -7.39626915
 -7.41179076 -7.41566089 -7.41622916 -7.41510711 -7.41317979 -7.41016835
 -7.40318847 -7.39831199 -7.39332561 -7.39140375 -7.3875067  -7.407103
 -7.41272047 -7.41437273 -7.41392925 -7.41243034 -7.40975741 -7.40309693
 -7.3982917  -7.39332464 -7.3914037  -7.37051658 -7.39804261 -7.40707996
 -7.41084318 -7.41170886 -7.41102842 -7.40899564 -7.40293023 -7.39825522
 -7.39332292 -7.39140362]
params_e0 (3.141759738819317, 8.965178730207771, 1.2319571245338303, 0.00781969023408405, 50.083227895211465, 25783.377570808352, 0.004864851232109349)
reconstructed_params [3.14175974e+00 8.96517873e+00 1.23195712e+00 7.81969023e-03
 5.00832279e+01 1.54999470e+01 7.95444300e-01 3.68144000e+00
 2.57833776e+04 4.86485123e-03]
saving params.txt: (3.141759738819317, 8.965178730207771, 1.2319571245338303, 0.00781969023408405, 50.083227895211465, 15.499947, 0.7954443, 3.68144, 25783.377570808352, 0.004864851232109349)
saving energy.txt: [-7.39718703 -7.41230473 -7.41601743 -7.41647895 -7.41528046 -7.41329863
 -7.41023901 -7.40320662 -7.3983164  -7.39332585 -7.39140376 -7.39626914
 -7.41179075 -7.41566089 -7.41622916 -7.41510711 -7.41317978 -7.41016835
 -7.40318847 -7.39831199 -7.39332561 -7.39140375 -7.38750669 -7.407103
 -7.41272047 -7.41437273 -7.41392925 -7.41243033 -7.40975741 -7.40309693
 -7.3982917  -7.39332464 -7.3914037  -7.37051657 -7.39804261 -7.40707996
 -7.41084318 -7.41170886 -7.41102842 -7.40899564 -7.40293023 -7.39825522
 -7.39332292 -7.39140362]
params_e0 (3.141759692003449, 8.965178863799345, 1.2319571245338303, 0.00781969023408405, 50.083227895211465, 25783.377570808352, 0.004864851232109349)
reconstructed_params [3.14175969e+00 8.96517886e+00 1.23195712e+00 7.81969023e-03
 5.00832279e+01 1.54999470e+01 7.95444300e-01 3.68144000e+00
 2.57833776e+04 4.86485123e-03]
saving params.txt: (3.141759692003449, 8.965178863799345, 1.2319571245338303, 0.00781969023408405, 50.083227895211465, 15.499947, 0.7954443, 3.68144, 25783.377570808352, 0.004864851232109349)
saving energy.txt: [-7.39718704 -7.41230473 -7.41601744 -7.41647895 -7.41528046 -7.41329863
 -7.41023902 -7.40320662 -7.3983164  -7.39332585 -7.39140376 -7.39626915
 -7.41179076 -7.41566089 -7.41622916 -7.41510711 -7.41317979 -7.41016835
 -7.40318847 -7.39831199 -7.39332561 -7.39140375 -7.3875067  -7.40710301
 -7.41272047 -7.41437273 -7.41392925 -7.41243034 -7.40975741 -7.40309693
 -7.3982917  -7.39332464 -7.3914037  -7.37051658 -7.39804261 -7.40707996
 -7.41084318 -7.41170886 -7.41102842 -7.40899564 -7.40293023 -7.39825522
 -7.39332292 -7.39140362]
params_e0 (3.141759692003449, 8.965178730207771, 1.231957142891422, 0.00781969023408405, 50.083227895211465, 25783.377570808352, 0.004864851232109349)
reconstructed_params [3.14175969e+00 8.96517873e+00 1.23195714e+00 7.81969023e-03
 5.00832279e+01 1.54999470e+01 7.95444300e-01 3.68144000e+00
 2.57833776e+04 4.86485123e-03]
saving params.txt: (3.141759692003449, 8.965178730207771, 1.231957142891422, 0.00781969023408405, 50.083227895211465, 15.499947, 0.7954443, 3.68144, 25783.377570808352, 0.004864851232109349)
saving energy.txt: [-7.39718704 -7.41230473 -7.41601744 -7.41647895 -7.41528046 -7.41329863
 -7.41023902 -7.40320662 -7.3983164  -7.39332585 -7.39140376 -7.39626915
 -7.41179076 -7.41566089 -7.41622916 -7.41510711 -7.41317979 -7.41016835
 -7.40318847 -7.39831199 -7.39332561 -7.39140375 -7.3875067  -7.407103
 -7.41272047 -7.41437273 -7.41392925 -7.41243034 -7.40975741 -7.40309693
 -7.3982917  -7.39332464 -7.3914037  -7.37051658 -7.39804261 -7.40707996
 -7.41084318 -7.41170886 -7.41102842 -7.40899564 -7.40293023 -7.39825522
 -7.39332292 -7.39140362]
params_e0 (3.141759692003449, 8.965178730207771, 1.2319571245338303, 0.007819705135245244, 50.083227895211465, 25783.377570808352, 0.004864851232109349)
reconstructed_params [3.14175969e+00 8.96517873e+00 1.23195712e+00 7.81970514e-03
 5.00832279e+01 1.54999470e+01 7.95444300e-01 3.68144000e+00
 2.57833776e+04 4.86485123e-03]
saving params.txt: (3.141759692003449, 8.965178730207771, 1.2319571245338303, 0.007819705135245244, 50.083227895211465, 15.499947, 0.7954443, 3.68144, 25783.377570808352, 0.004864851232109349)
saving energy.txt: [-7.39718704 -7.41230473 -7.41601744 -7.41647895 -7.41528046 -7.41329863
 -7.41023902 -7.40320662 -7.3983164  -7.39332585 -7.39140376 -7.39626915
 -7.41179076 -7.41566089 -7.41622916 -7.41510711 -7.41317979 -7.41016835
 -7.40318847 -7.39831199 -7.39332561 -7.39140375 -7.3875067  -7.407103
 -7.41272047 -7.41437273 -7.41392925 -7.41243034 -7.40975741 -7.40309693
 -7.3982917  -7.39332464 -7.3914037  -7.37051658 -7.39804261 -7.40707996
 -7.41084318 -7.41170886 -7.41102842 -7.40899564 -7.40293023 -7.39825522
 -7.39332292 -7.39140362]
params_e0 (3.141759692003449, 8.965178730207771, 1.2319571245338303, 0.00781969023408405, 50.08322864150972, 25783.377570808352, 0.004864851232109349)
reconstructed_params [3.14175969e+00 8.96517873e+00 1.23195712e+00 7.81969023e-03
 5.00832286e+01 1.54999470e+01 7.95444300e-01 3.68144000e+00
 2.57833776e+04 4.86485123e-03]
saving params.txt: (3.141759692003449, 8.965178730207771, 1.2319571245338303, 0.00781969023408405, 50.08322864150972, 15.499947, 0.7954443, 3.68144, 25783.377570808352, 0.004864851232109349)
saving energy.txt: [-7.39718704 -7.41230473 -7.41601744 -7.41647895 -7.41528046 -7.41329863
 -7.41023902 -7.40320662 -7.3983164  -7.39332585 -7.39140376 -7.39626915
 -7.41179076 -7.41566089 -7.41622916 -7.41510711 -7.41317979 -7.41016835
 -7.40318847 -7.39831199 -7.39332561 -7.39140375 -7.3875067  -7.407103
 -7.41272047 -7.41437273 -7.41392925 -7.41243034 -7.40975741 -7.40309693
 -7.3982917  -7.39332464 -7.3914037  -7.37051658 -7.39804261 -7.40707996
 -7.41084318 -7.41170886 -7.41102842 -7.40899564 -7.40293023 -7.39825522
 -7.39332292 -7.39140362]
params_e0 (3.141759692003449, 8.965178730207771, 1.2319571245338303, 0.00781969023408405, 50.083227895211465, 25783.37795501062, 0.004864851232109349)
reconstructed_params [3.14175969e+00 8.96517873e+00 1.23195712e+00 7.81969023e-03
 5.00832279e+01 1.54999470e+01 7.95444300e-01 3.68144000e+00
 2.57833780e+04 4.86485123e-03]
saving params.txt: (3.141759692003449, 8.965178730207771, 1.2319571245338303, 0.00781969023408405, 50.083227895211465, 15.499947, 0.7954443, 3.68144, 25783.37795501062, 0.004864851232109349)
saving energy.txt: [-7.39718704 -7.41230473 -7.41601744 -7.41647895 -7.41528046 -7.41329863
 -7.41023902 -7.40320662 -7.3983164  -7.39332585 -7.39140376 -7.39626915
 -7.41179076 -7.4156609  -7.41622916 -7.41510711 -7.41317979 -7.41016835
 -7.40318847 -7.39831199 -7.39332561 -7.39140375 -7.3875067  -7.40710301
 -7.41272047 -7.41437273 -7.41392925 -7.41243034 -7.40975741 -7.40309693
 -7.3982917  -7.39332464 -7.3914037  -7.37051658 -7.39804262 -7.40707996
 -7.41084318 -7.41170886 -7.41102843 -7.40899564 -7.40293023 -7.39825523
 -7.39332292 -7.39140362]
params_e0 (3.141759692003449, 8.965178730207771, 1.2319571245338303, 0.00781969023408405, 50.083227895211465, 25783.377570808352, 0.004864866133270543)
reconstructed_params [3.14175969e+00 8.96517873e+00 1.23195712e+00 7.81969023e-03
 5.00832279e+01 1.54999470e+01 7.95444300e-01 3.68144000e+00
 2.57833776e+04 4.86486613e-03]
saving params.txt: (3.141759692003449, 8.965178730207771, 1.2319571245338303, 0.00781969023408405, 50.083227895211465, 15.499947, 0.7954443, 3.68144, 25783.377570808352, 0.004864866133270543)
saving energy.txt: [-7.39718703 -7.41230472 -7.41601742 -7.41647894 -7.41528044 -7.41329861
 -7.410239   -7.40320661 -7.39831638 -7.39332583 -7.39140374 -7.39626913
 -7.41179074 -7.41566088 -7.41622914 -7.41510709 -7.41317977 -7.41016833
 -7.40318846 -7.39831198 -7.3933256  -7.39140373 -7.38750669 -7.40710299
 -7.41272046 -7.41437271 -7.41392923 -7.41243032 -7.40975739 -7.40309692
 -7.39829169 -7.39332462 -7.39140369 -7.37051657 -7.3980426  -7.40707995
 -7.41084317 -7.41170885 -7.41102841 -7.40899562 -7.40293021 -7.39825521
 -7.3933229  -7.39140361]
params_e0 (3.142477664676018, 9.103493596124851, 1.236599553602886, 0.007585681739378351, 50.09707107909414, 25785.402676623322, 0.005014652681380005)
reconstructed_params [3.14247766e+00 9.10349360e+00 1.23659955e+00 7.58568174e-03
 5.00970711e+01 1.54999470e+01 7.95444300e-01 3.68144000e+00
 2.57854027e+04 5.01465268e-03]
saving params.txt: (3.142477664676018, 9.103493596124851, 1.236599553602886, 0.007585681739378351, 50.09707107909414, 15.499947, 0.7954443, 3.68144, 25785.402676623322, 0.005014652681380005)
saving energy.txt: [-7.39657179 -7.41223194 -7.41608839 -7.41658607 -7.41537268 -7.41335555
 -7.4102431  -7.4031159  -7.39818599 -7.39317782 -7.39125416 -7.39566403
 -7.41172474 -7.41573769 -7.41634138 -7.41520368 -7.4132403  -7.41017508
 -7.40309877 -7.39818191 -7.39317761 -7.39125415 -7.3868187  -7.407032
 -7.41281342 -7.41450754 -7.41404803 -7.41250997 -7.40977822 -7.40301233
 -7.39816318 -7.39317675 -7.39125411 -7.36964263 -7.3979523  -7.40719884
 -7.41101828 -7.41186813 -7.41114309 -7.40904228 -7.4028549  -7.3981295
 -7.39317523 -7.39125405]
params_e0 (3.1424777115025844, 9.103493596124851, 1.236599553602886, 0.007585681739378351, 50.09707107909414, 25785.402676623322, 0.005014652681380005)
reconstructed_params [3.14247771e+00 9.10349360e+00 1.23659955e+00 7.58568174e-03
 5.00970711e+01 1.54999470e+01 7.95444300e-01 3.68144000e+00
 2.57854027e+04 5.01465268e-03]
saving params.txt: (3.1424777115025844, 9.103493596124851, 1.236599553602886, 0.007585681739378351, 50.09707107909414, 15.499947, 0.7954443, 3.68144, 25785.402676623322, 0.005014652681380005)
saving energy.txt: [-7.39657178 -7.41223193 -7.41608839 -7.41658607 -7.41537267 -7.41335555
 -7.4102431  -7.4031159  -7.39818599 -7.39317782 -7.39125416 -7.39566402
 -7.41172474 -7.41573769 -7.41634138 -7.41520368 -7.4132403  -7.41017508
 -7.40309877 -7.39818191 -7.39317761 -7.39125415 -7.38681869 -7.40703199
 -7.41281342 -7.41450754 -7.41404803 -7.41250996 -7.40977822 -7.40301233
 -7.39816318 -7.39317675 -7.39125411 -7.36964261 -7.39795229 -7.40719883
 -7.41101828 -7.41186813 -7.41114309 -7.40904227 -7.4028549  -7.3981295
 -7.39317523 -7.39125405]
params_e0 (3.142477664676018, 9.103493731777476, 1.236599553602886, 0.007585681739378351, 50.09707107909414, 25785.402676623322, 0.005014652681380005)
reconstructed_params [3.14247766e+00 9.10349373e+00 1.23659955e+00 7.58568174e-03
 5.00970711e+01 1.54999470e+01 7.95444300e-01 3.68144000e+00
 2.57854027e+04 5.01465268e-03]
saving params.txt: (3.142477664676018, 9.103493731777476, 1.236599553602886, 0.007585681739378351, 50.09707107909414, 15.499947, 0.7954443, 3.68144, 25785.402676623322, 0.005014652681380005)
saving energy.txt: [-7.39657179 -7.41223194 -7.41608839 -7.41658607 -7.41537268 -7.41335556
 -7.4102431  -7.4031159  -7.39818599 -7.39317782 -7.39125416 -7.39566403
 -7.41172474 -7.41573769 -7.41634138 -7.41520368 -7.4132403  -7.41017508
 -7.40309877 -7.39818191 -7.39317761 -7.39125415 -7.3868187  -7.407032
 -7.41281342 -7.41450755 -7.41404803 -7.41250997 -7.40977822 -7.40301233
 -7.39816318 -7.39317675 -7.39125411 -7.36964263 -7.3979523  -7.40719884
 -7.41101828 -7.41186813 -7.41114309 -7.40904228 -7.4028549  -7.3981295
 -7.39317523 -7.39125405]
params_e0 (3.142477664676018, 9.103493596124851, 1.2365995720296552, 0.007585681739378351, 50.09707107909414, 25785.402676623322, 0.005014652681380005)
reconstructed_params [3.14247766e+00 9.10349360e+00 1.23659957e+00 7.58568174e-03
 5.00970711e+01 1.54999470e+01 7.95444300e-01 3.68144000e+00
 2.57854027e+04 5.01465268e-03]
saving params.txt: (3.142477664676018, 9.103493596124851, 1.2365995720296552, 0.007585681739378351, 50.09707107909414, 15.499947, 0.7954443, 3.68144, 25785.402676623322, 0.005014652681380005)
saving energy.txt: [-7.39657178 -7.41223194 -7.41608839 -7.41658607 -7.41537268 -7.41335555
 -7.4102431  -7.4031159  -7.39818599 -7.39317782 -7.39125416 -7.39566403
 -7.41172474 -7.41573769 -7.41634138 -7.41520368 -7.4132403  -7.41017508
 -7.40309877 -7.39818191 -7.39317761 -7.39125415 -7.3868187  -7.407032
 -7.41281342 -7.41450754 -7.41404803 -7.41250997 -7.40977822 -7.40301233
 -7.39816318 -7.39317675 -7.39125411 -7.36964263 -7.3979523  -7.40719884
 -7.41101828 -7.41186813 -7.41114309 -7.40904228 -7.4028549  -7.3981295
 -7.39317523 -7.39125405]
params_e0 (3.142477664676018, 9.103493596124851, 1.236599553602886, 0.007585696640539544, 50.09707107909414, 25785.402676623322, 0.005014652681380005)
reconstructed_params [3.14247766e+00 9.10349360e+00 1.23659955e+00 7.58569664e-03
 5.00970711e+01 1.54999470e+01 7.95444300e-01 3.68144000e+00
 2.57854027e+04 5.01465268e-03]
saving params.txt: (3.142477664676018, 9.103493596124851, 1.236599553602886, 0.007585696640539544, 50.09707107909414, 15.499947, 0.7954443, 3.68144, 25785.402676623322, 0.005014652681380005)
saving energy.txt: [-7.39657179 -7.41223194 -7.41608839 -7.41658607 -7.41537268 -7.41335555
 -7.4102431  -7.4031159  -7.39818599 -7.39317782 -7.39125416 -7.39566403
 -7.41172474 -7.41573769 -7.41634138 -7.41520368 -7.4132403  -7.41017508
 -7.40309877 -7.39818191 -7.39317761 -7.39125415 -7.3868187  -7.407032
 -7.41281342 -7.41450754 -7.41404803 -7.41250997 -7.40977822 -7.40301233
 -7.39816318 -7.39317675 -7.39125411 -7.36964263 -7.3979523  -7.40719884
 -7.41101828 -7.41186813 -7.41114309 -7.40904228 -7.4028549  -7.3981295
 -7.39317523 -7.39125405]
params_e0 (3.142477664676018, 9.103493596124851, 1.236599553602886, 0.007585681739378351, 50.097071825598675, 25785.402676623322, 0.005014652681380005)
reconstructed_params [3.14247766e+00 9.10349360e+00 1.23659955e+00 7.58568174e-03
 5.00970718e+01 1.54999470e+01 7.95444300e-01 3.68144000e+00
 2.57854027e+04 5.01465268e-03]
saving params.txt: (3.142477664676018, 9.103493596124851, 1.236599553602886, 0.007585681739378351, 50.097071825598675, 15.499947, 0.7954443, 3.68144, 25785.402676623322, 0.005014652681380005)
saving energy.txt: [-7.39657179 -7.41223194 -7.41608839 -7.41658607 -7.41537268 -7.41335555
 -7.4102431  -7.4031159  -7.39818599 -7.39317782 -7.39125416 -7.39566403
 -7.41172474 -7.41573769 -7.41634138 -7.41520368 -7.4132403  -7.41017508
 -7.40309877 -7.39818191 -7.39317761 -7.39125415 -7.3868187  -7.407032
 -7.41281342 -7.41450754 -7.41404803 -7.41250997 -7.40977822 -7.40301233
 -7.39816318 -7.39317675 -7.39125411 -7.36964263 -7.3979523  -7.40719884
 -7.41101828 -7.41186813 -7.41114309 -7.40904228 -7.4028549  -7.3981295
 -7.39317523 -7.39125405]
params_e0 (3.142477664676018, 9.103493596124851, 1.236599553602886, 0.007585681739378351, 50.09707107909414, 25785.403060855762, 0.005014652681380005)
reconstructed_params [3.14247766e+00 9.10349360e+00 1.23659955e+00 7.58568174e-03
 5.00970711e+01 1.54999470e+01 7.95444300e-01 3.68144000e+00
 2.57854031e+04 5.01465268e-03]
saving params.txt: (3.142477664676018, 9.103493596124851, 1.236599553602886, 0.007585681739378351, 50.09707107909414, 15.499947, 0.7954443, 3.68144, 25785.403060855762, 0.005014652681380005)
saving energy.txt: [-7.39657179 -7.41223194 -7.41608839 -7.41658607 -7.41537268 -7.41335556
 -7.4102431  -7.4031159  -7.39818599 -7.39317782 -7.39125416 -7.39566403
 -7.41172474 -7.41573769 -7.41634138 -7.41520368 -7.4132403  -7.41017508
 -7.40309877 -7.39818191 -7.39317761 -7.39125415 -7.38681871 -7.407032
 -7.41281342 -7.41450755 -7.41404803 -7.41250997 -7.40977822 -7.40301233
 -7.39816318 -7.39317675 -7.39125411 -7.36964263 -7.3979523  -7.40719884
 -7.41101828 -7.41186813 -7.4111431  -7.40904228 -7.4028549  -7.3981295
 -7.39317523 -7.39125405]
params_e0 (3.142477664676018, 9.103493596124851, 1.236599553602886, 0.007585681739378351, 50.09707107909414, 25785.402676623322, 0.005014667582541199)
reconstructed_params [3.14247766e+00 9.10349360e+00 1.23659955e+00 7.58568174e-03
 5.00970711e+01 1.54999470e+01 7.95444300e-01 3.68144000e+00
 2.57854027e+04 5.01466758e-03]
saving params.txt: (3.142477664676018, 9.103493596124851, 1.236599553602886, 0.007585681739378351, 50.09707107909414, 15.499947, 0.7954443, 3.68144, 25785.402676623322, 0.005014667582541199)
saving energy.txt: [-7.39657177 -7.41223192 -7.41608838 -7.41658605 -7.41537266 -7.41335554
 -7.41024309 -7.40311588 -7.39818597 -7.39317781 -7.39125414 -7.39566402
 -7.41172473 -7.41573768 -7.41634137 -7.41520366 -7.41324029 -7.41017507
 -7.40309876 -7.3981819  -7.3931776  -7.39125414 -7.38681869 -7.40703198
 -7.41281341 -7.41450753 -7.41404802 -7.41250995 -7.40977821 -7.40301232
 -7.39816316 -7.39317674 -7.3912541  -7.36964261 -7.39795228 -7.40719882
 -7.41101827 -7.41186811 -7.41114308 -7.40904226 -7.40285488 -7.39812948
 -7.39317522 -7.39125403]
params_e0 (3.1426235461663934, 9.10384021122146, 1.2369026595161239, 0.013171205699374812, 50.097227027863454, 25786.295797356805, 0.005015775489785121)
reconstructed_params [3.14262355e+00 9.10384021e+00 1.23690266e+00 1.31712057e-02
 5.00972270e+01 1.54999470e+01 7.95444300e-01 3.68144000e+00
 2.57862958e+04 5.01577549e-03]
saving params.txt: (3.1426235461663934, 9.10384021122146, 1.2369026595161239, 0.013171205699374812, 50.097227027863454, 15.499947, 0.7954443, 3.68144, 25786.295797356805, 0.005015775489785121)
saving energy.txt: [-7.39650834 -7.41219509 -7.41606388 -7.41656974 -7.41536175 -7.41334818
 -7.41023863 -7.40311423 -7.39818491 -7.3931768  -7.39125308 -7.39559853
 -7.4116868  -7.4157125  -7.41632463 -7.4151925  -7.41323277 -7.41017053
 -7.40309709 -7.39818083 -7.39317659 -7.39125307 -7.38675166 -7.40699331
 -7.4127878  -7.41449054 -7.4140367  -7.41250235 -7.40977363 -7.40301065
 -7.3981621  -7.39317573 -7.39125303 -7.36957505 -7.39791344 -7.40717316
 -7.41100128 -7.41185682 -7.4111355  -7.4090377  -7.40285322 -7.39812842
 -7.39317421 -7.39125297]
params_e0 (3.1426235929951334, 9.10384021122146, 1.2369026595161239, 0.013171205699374812, 50.097227027863454, 25786.295797356805, 0.005015775489785121)
reconstructed_params [3.14262359e+00 9.10384021e+00 1.23690266e+00 1.31712057e-02
 5.00972270e+01 1.54999470e+01 7.95444300e-01 3.68144000e+00
 2.57862958e+04 5.01577549e-03]
saving params.txt: (3.1426235929951334, 9.10384021122146, 1.2369026595161239, 0.013171205699374812, 50.097227027863454, 15.499947, 0.7954443, 3.68144, 25786.295797356805, 0.005015775489785121)
saving energy.txt: [-7.39650834 -7.41219508 -7.41606388 -7.41656974 -7.41536175 -7.41334818
 -7.41023863 -7.40311423 -7.39818491 -7.3931768  -7.39125308 -7.39559852
 -7.4116868  -7.4157125  -7.41632463 -7.41519249 -7.41323277 -7.41017053
 -7.40309709 -7.39818083 -7.39317659 -7.39125307 -7.38675165 -7.4069933
 -7.41278779 -7.41449054 -7.4140367  -7.41250235 -7.40977363 -7.40301065
 -7.3981621  -7.39317573 -7.39125303 -7.36957504 -7.39791343 -7.40717316
 -7.41100128 -7.41185681 -7.4111355  -7.4090377  -7.40285322 -7.39812842
 -7.39317421 -7.39125297]
params_e0 (3.1426235461663934, 9.10384034687925, 1.2369026595161239, 0.013171205699374812, 50.097227027863454, 25786.295797356805, 0.005015775489785121)
reconstructed_params [3.14262355e+00 9.10384035e+00 1.23690266e+00 1.31712057e-02
 5.00972270e+01 1.54999470e+01 7.95444300e-01 3.68144000e+00
 2.57862958e+04 5.01577549e-03]
saving params.txt: (3.1426235461663934, 9.10384034687925, 1.2369026595161239, 0.013171205699374812, 50.097227027863454, 15.499947, 0.7954443, 3.68144, 25786.295797356805, 0.005015775489785121)
saving energy.txt: [-7.39650834 -7.41219509 -7.41606388 -7.41656974 -7.41536175 -7.41334818
 -7.41023863 -7.40311423 -7.39818491 -7.3931768  -7.39125308 -7.39559853
 -7.4116868  -7.4157125  -7.41632463 -7.4151925  -7.41323277 -7.41017053
 -7.40309709 -7.39818083 -7.39317659 -7.39125307 -7.38675166 -7.40699331
 -7.4127878  -7.41449054 -7.4140367  -7.41250235 -7.40977363 -7.40301065
 -7.3981621  -7.39317573 -7.39125303 -7.36957505 -7.39791344 -7.40717316
 -7.41100128 -7.41185682 -7.4111355  -7.4090377  -7.40285322 -7.39812842
 -7.39317421 -7.39125297]
params_e0 (3.1426235461663934, 9.10384021122146, 1.2369026779474097, 0.013171205699374812, 50.097227027863454, 25786.295797356805, 0.005015775489785121)
reconstructed_params [3.14262355e+00 9.10384021e+00 1.23690268e+00 1.31712057e-02
 5.00972270e+01 1.54999470e+01 7.95444300e-01 3.68144000e+00
 2.57862958e+04 5.01577549e-03]
saving params.txt: (3.1426235461663934, 9.10384021122146, 1.2369026779474097, 0.013171205699374812, 50.097227027863454, 15.499947, 0.7954443, 3.68144, 25786.295797356805, 0.005015775489785121)
saving energy.txt: [-7.39650834 -7.41219509 -7.41606388 -7.41656974 -7.41536175 -7.41334818
 -7.41023863 -7.40311423 -7.39818491 -7.3931768  -7.39125308 -7.39559853
 -7.4116868  -7.4157125  -7.41632463 -7.4151925  -7.41323277 -7.41017053
 -7.40309709 -7.39818083 -7.39317659 -7.39125307 -7.38675166 -7.4069933
 -7.4127878  -7.41449054 -7.4140367  -7.41250235 -7.40977363 -7.40301065
 -7.3981621  -7.39317573 -7.39125303 -7.36957505 -7.39791344 -7.40717316
 -7.41100128 -7.41185682 -7.4111355  -7.4090377  -7.40285322 -7.39812842
 -7.39317421 -7.39125297]
params_e0 (3.1426235461663934, 9.10384021122146, 1.2369026595161239, 0.013171220600536005, 50.097227027863454, 25786.295797356805, 0.005015775489785121)
reconstructed_params [3.14262355e+00 9.10384021e+00 1.23690266e+00 1.31712206e-02
 5.00972270e+01 1.54999470e+01 7.95444300e-01 3.68144000e+00
 2.57862958e+04 5.01577549e-03]
saving params.txt: (3.1426235461663934, 9.10384021122146, 1.2369026595161239, 0.013171220600536005, 50.097227027863454, 15.499947, 0.7954443, 3.68144, 25786.295797356805, 0.005015775489785121)
saving energy.txt: [-7.39650834 -7.41219509 -7.41606388 -7.41656974 -7.41536175 -7.41334818
 -7.41023863 -7.40311423 -7.39818491 -7.3931768  -7.39125308 -7.39559853
 -7.4116868  -7.4157125  -7.41632463 -7.4151925  -7.41323277 -7.41017053
 -7.40309709 -7.39818083 -7.39317659 -7.39125307 -7.38675166 -7.40699331
 -7.4127878  -7.41449054 -7.4140367  -7.41250235 -7.40977363 -7.40301065
 -7.3981621  -7.39317573 -7.39125303 -7.36957505 -7.39791344 -7.40717316
 -7.41100128 -7.41185682 -7.4111355  -7.4090377  -7.40285322 -7.39812842
 -7.39317421 -7.39125297]
params_e0 (3.1426235461663934, 9.10384021122146, 1.2369026595161239, 0.013171205699374812, 50.09722777437031, 25786.295797356805, 0.005015775489785121)
reconstructed_params [3.14262355e+00 9.10384021e+00 1.23690266e+00 1.31712057e-02
 5.00972278e+01 1.54999470e+01 7.95444300e-01 3.68144000e+00
 2.57862958e+04 5.01577549e-03]
saving params.txt: (3.1426235461663934, 9.10384021122146, 1.2369026595161239, 0.013171205699374812, 50.09722777437031, 15.499947, 0.7954443, 3.68144, 25786.295797356805, 0.005015775489785121)
saving energy.txt: [-7.39650834 -7.41219509 -7.41606388 -7.41656974 -7.41536175 -7.41334818
 -7.41023863 -7.40311423 -7.39818491 -7.3931768  -7.39125308 -7.39559853
 -7.4116868  -7.4157125  -7.41632463 -7.4151925  -7.41323277 -7.41017053
 -7.40309709 -7.39818083 -7.39317659 -7.39125307 -7.38675166 -7.4069933
 -7.4127878  -7.41449054 -7.4140367  -7.41250235 -7.40977363 -7.40301065
 -7.3981621  -7.39317573 -7.39125303 -7.36957505 -7.39791344 -7.40717316
 -7.41100128 -7.41185682 -7.4111355  -7.4090377  -7.40285322 -7.39812842
 -7.39317421 -7.39125297]
params_e0 (3.1426235461663934, 9.10384021122146, 1.2369026595161239, 0.013171205699374812, 50.097227027863454, 25786.296181602556, 0.005015775489785121)
reconstructed_params [3.14262355e+00 9.10384021e+00 1.23690266e+00 1.31712057e-02
 5.00972270e+01 1.54999470e+01 7.95444300e-01 3.68144000e+00
 2.57862962e+04 5.01577549e-03]
saving params.txt: (3.1426235461663934, 9.10384021122146, 1.2369026595161239, 0.013171205699374812, 50.097227027863454, 15.499947, 0.7954443, 3.68144, 25786.296181602556, 0.005015775489785121)
saving energy.txt: [-7.39650835 -7.41219509 -7.41606388 -7.41656974 -7.41536175 -7.41334818
 -7.41023863 -7.40311423 -7.39818491 -7.3931768  -7.39125308 -7.39559853
 -7.4116868  -7.4157125  -7.41632463 -7.4151925  -7.41323277 -7.41017053
 -7.40309709 -7.39818083 -7.39317659 -7.39125307 -7.38675166 -7.40699331
 -7.4127878  -7.41449054 -7.4140367  -7.41250235 -7.40977363 -7.40301065
 -7.3981621  -7.39317573 -7.39125303 -7.36957506 -7.39791344 -7.40717316
 -7.41100128 -7.41185682 -7.4111355  -7.4090377  -7.40285322 -7.39812842
 -7.39317421 -7.39125297]
params_e0 (3.1426235461663934, 9.10384021122146, 1.2369026595161239, 0.013171205699374812, 50.097227027863454, 25786.295797356805, 0.005015790390946315)
reconstructed_params [3.14262355e+00 9.10384021e+00 1.23690266e+00 1.31712057e-02
 5.00972270e+01 1.54999470e+01 7.95444300e-01 3.68144000e+00
 2.57862958e+04 5.01579039e-03]
saving params.txt: (3.1426235461663934, 9.10384021122146, 1.2369026595161239, 0.013171205699374812, 50.097227027863454, 15.499947, 0.7954443, 3.68144, 25786.295797356805, 0.005015790390946315)
saving energy.txt: [-7.39650833 -7.41219507 -7.41606387 -7.41656972 -7.41536174 -7.41334817
 -7.41023862 -7.40311422 -7.39818489 -7.39317678 -7.39125307 -7.39559851
 -7.41168679 -7.41571249 -7.41632462 -7.41519248 -7.41323275 -7.41017051
 -7.40309708 -7.39818082 -7.39317657 -7.39125306 -7.38675164 -7.40699329
 -7.41278778 -7.41449053 -7.41403669 -7.41250233 -7.40977361 -7.40301063
 -7.39816208 -7.39317571 -7.39125302 -7.36957504 -7.39791342 -7.40717315
 -7.41100126 -7.4118568  -7.41113548 -7.40903768 -7.40285321 -7.3981284
 -7.39317419 -7.39125295]
params_e0 (3.142696698972186, 9.103837817880285, 1.2370555361888564, 0.0033871165062640887, 50.09723481274715, 25787.809095153963, 0.005017077756459291)
reconstructed_params [3.14269670e+00 9.10383782e+00 1.23705554e+00 3.38711651e-03
 5.00972348e+01 1.54999470e+01 7.95444300e-01 3.68144000e+00
 2.57878091e+04 5.01707776e-03]
saving params.txt: (3.142696698972186, 9.103837817880285, 1.2370555361888564, 0.0033871165062640887, 50.09723481274715, 15.499947, 0.7954443, 3.68144, 25787.809095153963, 0.005017077756459291)
saving energy.txt: [-7.396504   -7.41219275 -7.41606239 -7.41656876 -7.41536105 -7.41334762
 -7.41023813 -7.40311359 -7.39818406 -7.39317568 -7.39125185 -7.39559315
 -7.41168392 -7.41571068 -7.41632344 -7.41519166 -7.41323213 -7.41016998
 -7.40309644 -7.39817998 -7.39317547 -7.39125184 -7.38674586 -7.40699018
 -7.4127858  -7.41448924 -7.41403579 -7.41250166 -7.40977305 -7.40300998
 -7.39816124 -7.39317461 -7.3912518  -7.36956972 -7.39791049 -7.40717125
 -7.411      -7.41185591 -7.4111348  -7.40903711 -7.40285256 -7.39812756
 -7.39317309 -7.39125174]
params_e0 (3.142696745802016, 9.103837817880285, 1.2370555361888564, 0.0033871165062640887, 50.09723481274715, 25787.809095153963, 0.005017077756459291)
reconstructed_params [3.14269675e+00 9.10383782e+00 1.23705554e+00 3.38711651e-03
 5.00972348e+01 1.54999470e+01 7.95444300e-01 3.68144000e+00
 2.57878091e+04 5.01707776e-03]
saving params.txt: (3.142696745802016, 9.103837817880285, 1.2370555361888564, 0.0033871165062640887, 50.09723481274715, 15.499947, 0.7954443, 3.68144, 25787.809095153963, 0.005017077756459291)
saving energy.txt: [-7.39650399 -7.41219274 -7.41606239 -7.41656875 -7.41536105 -7.41334762
 -7.41023813 -7.40311359 -7.39818406 -7.39317568 -7.39125185 -7.39559314
 -7.41168392 -7.41571067 -7.41632344 -7.41519166 -7.41323213 -7.41016998
 -7.40309644 -7.39817998 -7.39317547 -7.39125184 -7.38674585 -7.40699017
 -7.4127858  -7.41448923 -7.41403579 -7.41250166 -7.40977305 -7.40300998
 -7.39816124 -7.39317461 -7.3912518  -7.36956971 -7.39791048 -7.40717124
 -7.411      -7.41185591 -7.4111348  -7.40903711 -7.40285255 -7.39812756
 -7.39317309 -7.39125174]
params_e0 (3.142696698972186, 9.10383795353804, 1.2370555361888564, 0.0033871165062640887, 50.09723481274715, 25787.809095153963, 0.005017077756459291)
reconstructed_params [3.14269670e+00 9.10383795e+00 1.23705554e+00 3.38711651e-03
 5.00972348e+01 1.54999470e+01 7.95444300e-01 3.68144000e+00
 2.57878091e+04 5.01707776e-03]
saving params.txt: (3.142696698972186, 9.10383795353804, 1.2370555361888564, 0.0033871165062640887, 50.09723481274715, 15.499947, 0.7954443, 3.68144, 25787.809095153963, 0.005017077756459291)
saving energy.txt: [-7.396504   -7.41219275 -7.41606239 -7.41656876 -7.41536105 -7.41334762
 -7.41023813 -7.40311359 -7.39818406 -7.39317568 -7.39125185 -7.39559315
 -7.41168392 -7.41571068 -7.41632344 -7.41519166 -7.41323213 -7.41016998
 -7.40309644 -7.39817998 -7.39317547 -7.39125184 -7.38674586 -7.40699018
 -7.4127858  -7.41448924 -7.41403579 -7.41250166 -7.40977305 -7.40300998
 -7.39816124 -7.39317461 -7.3912518  -7.36956972 -7.39791049 -7.40717125
 -7.411      -7.41185591 -7.4111348  -7.40903711 -7.40285256 -7.39812756
 -7.39317309 -7.39125174]
params_e0 (3.142696698972186, 9.103837817880285, 1.2370555546224205, 0.0033871165062640887, 50.09723481274715, 25787.809095153963, 0.005017077756459291)
reconstructed_params [3.14269670e+00 9.10383782e+00 1.23705555e+00 3.38711651e-03
 5.00972348e+01 1.54999470e+01 7.95444300e-01 3.68144000e+00
 2.57878091e+04 5.01707776e-03]
saving params.txt: (3.142696698972186, 9.103837817880285, 1.2370555546224205, 0.0033871165062640887, 50.09723481274715, 15.499947, 0.7954443, 3.68144, 25787.809095153963, 0.005017077756459291)
saving energy.txt: [-7.396504   -7.41219275 -7.41606239 -7.41656875 -7.41536105 -7.41334762
 -7.41023813 -7.40311359 -7.39818406 -7.39317568 -7.39125185 -7.39559315
 -7.41168392 -7.41571068 -7.41632344 -7.41519166 -7.41323213 -7.41016998
 -7.40309644 -7.39817998 -7.39317547 -7.39125184 -7.38674586 -7.40699018
 -7.4127858  -7.41448924 -7.41403579 -7.41250166 -7.40977305 -7.40300998
 -7.39816124 -7.39317461 -7.3912518  -7.36956972 -7.39791049 -7.40717125
 -7.411      -7.41185591 -7.4111348  -7.40903711 -7.40285256 -7.39812756
 -7.39317309 -7.39125174]
params_e0 (3.142696698972186, 9.103837817880285, 1.2370555361888564, 0.0033871314074252826, 50.09723481274715, 25787.809095153963, 0.005017077756459291)
reconstructed_params [3.14269670e+00 9.10383782e+00 1.23705554e+00 3.38713141e-03
 5.00972348e+01 1.54999470e+01 7.95444300e-01 3.68144000e+00
 2.57878091e+04 5.01707776e-03]
saving params.txt: (3.142696698972186, 9.103837817880285, 1.2370555361888564, 0.0033871314074252826, 50.09723481274715, 15.499947, 0.7954443, 3.68144, 25787.809095153963, 0.005017077756459291)
saving energy.txt: [-7.396504   -7.41219275 -7.41606239 -7.41656876 -7.41536105 -7.41334762
 -7.41023813 -7.40311359 -7.39818406 -7.39317568 -7.39125185 -7.39559315
 -7.41168392 -7.41571068 -7.41632344 -7.41519166 -7.41323213 -7.41016998
 -7.40309644 -7.39817998 -7.39317547 -7.39125184 -7.38674586 -7.40699018
 -7.4127858  -7.41448924 -7.41403579 -7.41250166 -7.40977305 -7.40300998
 -7.39816124 -7.39317461 -7.3912518  -7.36956972 -7.39791049 -7.40717125
 -7.411      -7.41185591 -7.4111348  -7.40903711 -7.40285256 -7.39812756
 -7.39317309 -7.39125174]
params_e0 (3.142696698972186, 9.103837817880285, 1.2370555361888564, 0.0033871165062640887, 50.09723555925412, 25787.809095153963, 0.005017077756459291)
reconstructed_params [3.14269670e+00 9.10383782e+00 1.23705554e+00 3.38711651e-03
 5.00972356e+01 1.54999470e+01 7.95444300e-01 3.68144000e+00
 2.57878091e+04 5.01707776e-03]
saving params.txt: (3.142696698972186, 9.103837817880285, 1.2370555361888564, 0.0033871165062640887, 50.09723555925412, 15.499947, 0.7954443, 3.68144, 25787.809095153963, 0.005017077756459291)
saving energy.txt: [-7.396504   -7.41219275 -7.41606239 -7.41656875 -7.41536105 -7.41334762
 -7.41023813 -7.40311359 -7.39818406 -7.39317568 -7.39125185 -7.39559315
 -7.41168392 -7.41571068 -7.41632344 -7.41519166 -7.41323213 -7.41016998
 -7.40309644 -7.39817998 -7.39317547 -7.39125184 -7.38674586 -7.40699017
 -7.4127858  -7.41448923 -7.41403579 -7.41250166 -7.40977305 -7.40300998
 -7.39816124 -7.39317461 -7.3912518  -7.36956972 -7.39791049 -7.40717125
 -7.411      -7.41185591 -7.4111348  -7.40903711 -7.40285256 -7.39812756
 -7.39317309 -7.39125174]
params_e0 (3.142696698972186, 9.103837817880285, 1.2370555361888564, 0.0033871165062640887, 50.09723481274715, 25787.809479422263, 0.005017077756459291)
reconstructed_params [3.14269670e+00 9.10383782e+00 1.23705554e+00 3.38711651e-03
 5.00972348e+01 1.54999470e+01 7.95444300e-01 3.68144000e+00
 2.57878095e+04 5.01707776e-03]
saving params.txt: (3.142696698972186, 9.103837817880285, 1.2370555361888564, 0.0033871165062640887, 50.09723481274715, 15.499947, 0.7954443, 3.68144, 25787.809479422263, 0.005017077756459291)
saving energy.txt: [-7.396504   -7.41219275 -7.41606239 -7.41656876 -7.41536105 -7.41334763
 -7.41023813 -7.40311359 -7.39818406 -7.39317568 -7.39125185 -7.39559316
 -7.41168392 -7.41571068 -7.41632344 -7.41519166 -7.41323213 -7.41016998
 -7.40309644 -7.39817998 -7.39317547 -7.39125184 -7.38674586 -7.40699018
 -7.4127858  -7.41448924 -7.41403579 -7.41250166 -7.40977305 -7.40300998
 -7.39816124 -7.39317461 -7.39125181 -7.36956972 -7.39791049 -7.40717125
 -7.411      -7.41185591 -7.4111348  -7.40903711 -7.40285256 -7.39812756
 -7.39317309 -7.39125174]
params_e0 (3.142696698972186, 9.103837817880285, 1.2370555361888564, 0.0033871165062640887, 50.09723481274715, 25787.809095153963, 0.005017092657620485)
reconstructed_params [3.14269670e+00 9.10383782e+00 1.23705554e+00 3.38711651e-03
 5.00972348e+01 1.54999470e+01 7.95444300e-01 3.68144000e+00
 2.57878091e+04 5.01709266e-03]
saving params.txt: (3.142696698972186, 9.103837817880285, 1.2370555361888564, 0.0033871165062640887, 50.09723481274715, 15.499947, 0.7954443, 3.68144, 25787.809095153963, 0.005017092657620485)
saving energy.txt: [-7.39650398 -7.41219273 -7.41606238 -7.41656874 -7.41536104 -7.41334761
 -7.41023811 -7.40311358 -7.39818404 -7.39317567 -7.39125184 -7.39559314
 -7.41168391 -7.41571066 -7.41632342 -7.41519165 -7.41323211 -7.41016996
 -7.40309643 -7.39817996 -7.39317546 -7.39125183 -7.38674585 -7.40699016
 -7.41278579 -7.41448922 -7.41403578 -7.41250164 -7.40977303 -7.40300997
 -7.39816123 -7.3931746  -7.39125179 -7.36956971 -7.39791048 -7.40717123
 -7.41099999 -7.4118559  -7.41113479 -7.4090371  -7.40285254 -7.39812755
 -7.39317308 -7.39125172]
params_e0 (3.1427153638566447, 9.103835847316523, 1.2371527576309203, 0.0018798242285157248, 50.09723628930064, 25788.296009145546, 0.005017494717850281)
reconstructed_params [3.14271536e+00 9.10383585e+00 1.23715276e+00 1.87982423e-03
 5.00972363e+01 1.54999470e+01 7.95444300e-01 3.68144000e+00
 2.57882960e+04 5.01749472e-03]
saving params.txt: (3.1427153638566447, 9.103835847316523, 1.2371527576309203, 0.0018798242285157248, 50.09723628930064, 15.499947, 0.7954443, 3.68144, 25788.296009145546, 0.005017494717850281)
saving energy.txt: [-7.39649668 -7.41218853 -7.4160596  -7.4165669  -7.41535981 -7.41334677
 -7.41023758 -7.40311329 -7.39818376 -7.39317532 -7.39125146 -7.39558524
 -7.4116794  -7.4157077  -7.41632147 -7.41519035 -7.41323123 -7.41016941
 -7.40309614 -7.39817968 -7.39317511 -7.39125145 -7.38673822 -7.40698581
 -7.41278294 -7.41448734 -7.41403453 -7.4125008  -7.4097725  -7.40300968
 -7.39816095 -7.39317425 -7.39125141 -7.36956343 -7.39790686 -7.40716885
 -7.41099841 -7.41185484 -7.41113406 -7.40903663 -7.40285227 -7.39812727
 -7.39317273 -7.39125135]
params_e0 (3.142715410686753, 9.103835847316523, 1.2371527576309203, 0.0018798242285157248, 50.09723628930064, 25788.296009145546, 0.005017494717850281)
reconstructed_params [3.14271541e+00 9.10383585e+00 1.23715276e+00 1.87982423e-03
 5.00972363e+01 1.54999470e+01 7.95444300e-01 3.68144000e+00
 2.57882960e+04 5.01749472e-03]
saving params.txt: (3.142715410686753, 9.103835847316523, 1.2371527576309203, 0.0018798242285157248, 50.09723628930064, 15.499947, 0.7954443, 3.68144, 25788.296009145546, 0.005017494717850281)
saving energy.txt: [-7.39649667 -7.41218852 -7.4160596  -7.4165669  -7.41535981 -7.41334677
 -7.41023758 -7.40311329 -7.39818376 -7.39317532 -7.39125146 -7.39558523
 -7.41167939 -7.4157077  -7.41632147 -7.41519035 -7.41323123 -7.41016941
 -7.40309614 -7.39817968 -7.39317511 -7.39125145 -7.38673821 -7.40698581
 -7.41278293 -7.41448734 -7.41403453 -7.41250079 -7.4097725  -7.40300968
 -7.39816095 -7.39317425 -7.39125141 -7.36956341 -7.39790686 -7.40716884
 -7.4109984  -7.41185484 -7.41113406 -7.40903663 -7.40285227 -7.39812727
 -7.39317273 -7.39125135]
params_e0 (3.1427153638566447, 9.103835982974248, 1.2371527576309203, 0.0018798242285157248, 50.09723628930064, 25788.296009145546, 0.005017494717850281)
reconstructed_params [3.14271536e+00 9.10383598e+00 1.23715276e+00 1.87982423e-03
 5.00972363e+01 1.54999470e+01 7.95444300e-01 3.68144000e+00
 2.57882960e+04 5.01749472e-03]
saving params.txt: (3.1427153638566447, 9.103835982974248, 1.2371527576309203, 0.0018798242285157248, 50.09723628930064, 15.499947, 0.7954443, 3.68144, 25788.296009145546, 0.005017494717850281)
saving energy.txt: [-7.39649668 -7.41218853 -7.4160596  -7.4165669  -7.41535981 -7.41334677
 -7.41023758 -7.40311329 -7.39818376 -7.39317532 -7.39125146 -7.39558524
 -7.4116794  -7.4157077  -7.41632147 -7.41519035 -7.41323123 -7.41016941
 -7.40309614 -7.39817968 -7.39317511 -7.39125145 -7.38673822 -7.40698582
 -7.41278294 -7.41448734 -7.41403453 -7.4125008  -7.4097725  -7.40300968
 -7.39816095 -7.39317425 -7.39125141 -7.36956343 -7.39790686 -7.40716885
 -7.41099841 -7.41185484 -7.41113406 -7.40903663 -7.40285227 -7.39812727
 -7.39317273 -7.39125135]
params_e0 (3.1427153638566447, 9.103835847316523, 1.2371527760659329, 0.0018798242285157248, 50.09723628930064, 25788.296009145546, 0.005017494717850281)
reconstructed_params [3.14271536e+00 9.10383585e+00 1.23715278e+00 1.87982423e-03
 5.00972363e+01 1.54999470e+01 7.95444300e-01 3.68144000e+00
 2.57882960e+04 5.01749472e-03]
saving params.txt: (3.1427153638566447, 9.103835847316523, 1.2371527760659329, 0.0018798242285157248, 50.09723628930064, 15.499947, 0.7954443, 3.68144, 25788.296009145546, 0.005017494717850281)
saving energy.txt: [-7.39649668 -7.41218853 -7.4160596  -7.4165669  -7.41535981 -7.41334677
 -7.41023758 -7.40311329 -7.39818376 -7.39317532 -7.39125146 -7.39558524
 -7.41167939 -7.4157077  -7.41632147 -7.41519035 -7.41323123 -7.41016941
 -7.40309614 -7.39817968 -7.39317511 -7.39125145 -7.38673822 -7.40698581
 -7.41278294 -7.41448734 -7.41403453 -7.4125008  -7.4097725  -7.40300968
 -7.39816095 -7.39317425 -7.39125141 -7.36956343 -7.39790686 -7.40716885
 -7.41099841 -7.41185484 -7.41113406 -7.40903663 -7.40285227 -7.39812727
 -7.39317273 -7.39125135]
params_e0 (3.1427153638566447, 9.103835847316523, 1.2371527576309203, 0.0018798391296769186, 50.09723628930064, 25788.296009145546, 0.005017494717850281)
reconstructed_params [3.14271536e+00 9.10383585e+00 1.23715276e+00 1.87983913e-03
 5.00972363e+01 1.54999470e+01 7.95444300e-01 3.68144000e+00
 2.57882960e+04 5.01749472e-03]
saving params.txt: (3.1427153638566447, 9.103835847316523, 1.2371527576309203, 0.0018798391296769186, 50.09723628930064, 15.499947, 0.7954443, 3.68144, 25788.296009145546, 0.005017494717850281)
saving energy.txt: [-7.39649668 -7.41218853 -7.4160596  -7.4165669  -7.41535981 -7.41334677
 -7.41023758 -7.40311329 -7.39818376 -7.39317532 -7.39125146 -7.39558524
 -7.4116794  -7.4157077  -7.41632147 -7.41519035 -7.41323123 -7.41016941
 -7.40309614 -7.39817968 -7.39317511 -7.39125145 -7.38673822 -7.40698581
 -7.41278294 -7.41448734 -7.41403453 -7.4125008  -7.4097725  -7.40300968
 -7.39816095 -7.39317425 -7.39125141 -7.36956343 -7.39790686 -7.40716885
 -7.41099841 -7.41185484 -7.41113406 -7.40903663 -7.40285227 -7.39812727
 -7.39317273 -7.39125135]
params_e0 (3.1427153638566447, 9.103835847316523, 1.2371527576309203, 0.0018798242285157248, 50.09723703580763, 25788.296009145546, 0.005017494717850281)
reconstructed_params [3.14271536e+00 9.10383585e+00 1.23715276e+00 1.87982423e-03
 5.00972370e+01 1.54999470e+01 7.95444300e-01 3.68144000e+00
 2.57882960e+04 5.01749472e-03]
saving params.txt: (3.1427153638566447, 9.103835847316523, 1.2371527576309203, 0.0018798242285157248, 50.09723703580763, 15.499947, 0.7954443, 3.68144, 25788.296009145546, 0.005017494717850281)
saving energy.txt: [-7.39649668 -7.41218853 -7.4160596  -7.4165669  -7.41535981 -7.41334677
 -7.41023758 -7.40311329 -7.39818376 -7.39317532 -7.39125146 -7.39558524
 -7.4116794  -7.4157077  -7.41632147 -7.41519035 -7.41323123 -7.41016941
 -7.40309614 -7.39817968 -7.39317511 -7.39125145 -7.38673822 -7.40698581
 -7.41278294 -7.41448734 -7.41403453 -7.4125008  -7.4097725  -7.40300968
 -7.39816095 -7.39317425 -7.39125141 -7.36956343 -7.39790686 -7.40716885
 -7.41099841 -7.41185484 -7.41113406 -7.40903663 -7.40285227 -7.39812727
 -7.39317273 -7.39125135]
params_e0 (3.1427153638566447, 9.103835847316523, 1.2371527576309203, 0.0018798242285157248, 50.09723628930064, 25788.2963934211, 0.005017494717850281)
reconstructed_params [3.14271536e+00 9.10383585e+00 1.23715276e+00 1.87982423e-03
 5.00972363e+01 1.54999470e+01 7.95444300e-01 3.68144000e+00
 2.57882964e+04 5.01749472e-03]
saving params.txt: (3.1427153638566447, 9.103835847316523, 1.2371527576309203, 0.0018798242285157248, 50.09723628930064, 15.499947, 0.7954443, 3.68144, 25788.2963934211, 0.005017494717850281)
saving energy.txt: [-7.39649668 -7.41218853 -7.4160596  -7.4165669  -7.41535981 -7.41334677
 -7.41023758 -7.40311329 -7.39818376 -7.39317532 -7.39125146 -7.39558524
 -7.4116794  -7.4157077  -7.41632147 -7.41519035 -7.41323124 -7.41016941
 -7.40309614 -7.39817968 -7.39317511 -7.39125145 -7.38673822 -7.40698582
 -7.41278294 -7.41448734 -7.41403453 -7.4125008  -7.4097725  -7.40300968
 -7.39816095 -7.39317425 -7.39125141 -7.36956343 -7.39790686 -7.40716885
 -7.41099841 -7.41185484 -7.41113406 -7.40903663 -7.40285227 -7.39812727
 -7.39317273 -7.39125135]
params_e0 (3.1427153638566447, 9.103835847316523, 1.2371527576309203, 0.0018798242285157248, 50.09723628930064, 25788.296009145546, 0.005017509619011475)
reconstructed_params [3.14271536e+00 9.10383585e+00 1.23715276e+00 1.87982423e-03
 5.00972363e+01 1.54999470e+01 7.95444300e-01 3.68144000e+00
 2.57882960e+04 5.01750962e-03]
saving params.txt: (3.1427153638566447, 9.103835847316523, 1.2371527576309203, 0.0018798242285157248, 50.09723628930064, 15.499947, 0.7954443, 3.68144, 25788.296009145546, 0.005017509619011475)
saving energy.txt: [-7.39649667 -7.41218851 -7.41605959 -7.41656689 -7.41535979 -7.41334676
 -7.41023757 -7.40311328 -7.39818375 -7.39317531 -7.39125144 -7.39558522
 -7.41167938 -7.41570768 -7.41632146 -7.41519034 -7.41323122 -7.4101694
 -7.40309612 -7.39817967 -7.3931751  -7.39125143 -7.38673821 -7.4069858
 -7.41278292 -7.41448733 -7.41403452 -7.41250078 -7.40977248 -7.40300967
 -7.39816093 -7.39317424 -7.3912514  -7.36956341 -7.39790685 -7.40716884
 -7.41099839 -7.41185482 -7.41113404 -7.40903661 -7.40285225 -7.39812725
 -7.39317272 -7.39125133]
params_e0 (3.1408315146043733, 9.100414206222569, 1.2431304921987352, 5.273668126744204e-05, 50.035243772292276, 25792.355437874336, 0.0050278320366355786)
reconstructed_params [3.14083151e+00 9.10041421e+00 1.24313049e+00 5.27366813e-05
 5.00352438e+01 1.54999470e+01 7.95444300e-01 3.68144000e+00
 2.57923554e+04 5.02783204e-03]
saving params.txt: (3.1408315146043733, 9.100414206222569, 1.2431304921987352, 5.273668126744204e-05, 50.035243772292276, 15.499947, 0.7954443, 3.68144, 25792.355437874336, 0.0050278320366355786)
saving energy.txt: [-7.39652857 -7.41220299 -7.41606655 -7.41656902 -7.41535872 -7.4133435
 -7.41023236 -7.40310552 -7.39817486 -7.3931655  -7.39124132 -7.39558923
 -7.41168097 -7.41570751 -7.41631968 -7.41518716 -7.41322686 -7.41016374
 -7.40308835 -7.39817079 -7.39316529 -7.39124131 -7.38683745 -7.40704182
 -7.41281842 -7.41450888 -7.41404657 -7.41250634 -7.40977241 -7.40300321
 -7.39815235 -7.39316445 -7.39124128 -7.36989669 -7.39809228 -7.40728734
 -7.41107318 -7.41190102 -7.41116149 -7.40904863 -7.40284853 -7.39811929
 -7.39316296 -7.39124121]
params_e0 (3.1408315614064097, 9.100414206222569, 1.2431304921987352, 5.273668126744204e-05, 50.035243772292276, 25792.355437874336, 0.0050278320366355786)
reconstructed_params [3.14083156e+00 9.10041421e+00 1.24313049e+00 5.27366813e-05
 5.00352438e+01 1.54999470e+01 7.95444300e-01 3.68144000e+00
 2.57923554e+04 5.02783204e-03]
saving params.txt: (3.1408315614064097, 9.100414206222569, 1.2431304921987352, 5.273668126744204e-05, 50.035243772292276, 15.499947, 0.7954443, 3.68144, 25792.355437874336, 0.0050278320366355786)
saving energy.txt: [-7.39652856 -7.41220299 -7.41606655 -7.41656901 -7.41535872 -7.4133435
 -7.41023236 -7.40310552 -7.39817486 -7.3931655  -7.39124132 -7.39558921
 -7.41168097 -7.41570751 -7.41631968 -7.41518716 -7.41322685 -7.41016374
 -7.40308835 -7.39817079 -7.39316529 -7.39124131 -7.38683744 -7.40704181
 -7.41281842 -7.41450888 -7.41404657 -7.41250634 -7.40977241 -7.40300321
 -7.39815235 -7.39316445 -7.39124128 -7.36989667 -7.39809227 -7.40728733
 -7.41107318 -7.41190101 -7.41116149 -7.40904863 -7.40284853 -7.39811929
 -7.39316296 -7.39124121]
params_e0 (3.1408315146043733, 9.100414341829307, 1.2431304921987352, 5.273668126744204e-05, 50.035243772292276, 25792.355437874336, 0.0050278320366355786)
reconstructed_params [3.14083151e+00 9.10041434e+00 1.24313049e+00 5.27366813e-05
 5.00352438e+01 1.54999470e+01 7.95444300e-01 3.68144000e+00
 2.57923554e+04 5.02783204e-03]
saving params.txt: (3.1408315146043733, 9.100414341829307, 1.2431304921987352, 5.273668126744204e-05, 50.035243772292276, 15.499947, 0.7954443, 3.68144, 25792.355437874336, 0.0050278320366355786)
saving energy.txt: [-7.39652857 -7.41220299 -7.41606655 -7.41656902 -7.41535872 -7.4133435
 -7.41023236 -7.40310552 -7.39817486 -7.3931655  -7.39124132 -7.39558923
 -7.41168097 -7.41570751 -7.41631968 -7.41518716 -7.41322686 -7.41016374
 -7.40308835 -7.39817079 -7.39316529 -7.39124131 -7.38683745 -7.40704182
 -7.41281842 -7.41450888 -7.41404657 -7.41250634 -7.40977241 -7.40300321
 -7.39815235 -7.39316445 -7.39124128 -7.36989669 -7.39809228 -7.40728734
 -7.41107318 -7.41190102 -7.41116149 -7.40904863 -7.40284853 -7.39811929
 -7.39316296 -7.39124121]
params_e0 (3.1408315146043733, 9.100414206222569, 1.243130510722823, 5.273668126744204e-05, 50.035243772292276, 25792.355437874336, 0.0050278320366355786)
reconstructed_params [3.14083151e+00 9.10041421e+00 1.24313051e+00 5.27366813e-05
 5.00352438e+01 1.54999470e+01 7.95444300e-01 3.68144000e+00
 2.57923554e+04 5.02783204e-03]
saving params.txt: (3.1408315146043733, 9.100414206222569, 1.243130510722823, 5.273668126744204e-05, 50.035243772292276, 15.499947, 0.7954443, 3.68144, 25792.355437874336, 0.0050278320366355786)
saving energy.txt: [-7.39652856 -7.41220299 -7.41606655 -7.41656901 -7.41535872 -7.4133435
 -7.41023236 -7.40310552 -7.39817486 -7.3931655  -7.39124132 -7.39558922
 -7.41168097 -7.41570751 -7.41631968 -7.41518716 -7.41322686 -7.41016374
 -7.40308835 -7.39817079 -7.39316529 -7.39124131 -7.38683745 -7.40704182
 -7.41281842 -7.41450888 -7.41404657 -7.41250634 -7.40977241 -7.40300321
 -7.39815235 -7.39316445 -7.39124128 -7.36989668 -7.39809228 -7.40728734
 -7.41107318 -7.41190102 -7.41116149 -7.40904863 -7.40284853 -7.39811929
 -7.39316296 -7.39124121]
params_e0 (3.1408315146043733, 9.100414206222569, 1.2431304921987352, 5.275158242863589e-05, 50.035243772292276, 25792.355437874336, 0.0050278320366355786)
reconstructed_params [3.14083151e+00 9.10041421e+00 1.24313049e+00 5.27515824e-05
 5.00352438e+01 1.54999470e+01 7.95444300e-01 3.68144000e+00
 2.57923554e+04 5.02783204e-03]
saving params.txt: (3.1408315146043733, 9.100414206222569, 1.2431304921987352, 5.275158242863589e-05, 50.035243772292276, 15.499947, 0.7954443, 3.68144, 25792.355437874336, 0.0050278320366355786)
saving energy.txt: [-7.39652857 -7.41220299 -7.41606655 -7.41656902 -7.41535872 -7.4133435
 -7.41023236 -7.40310552 -7.39817486 -7.3931655  -7.39124132 -7.39558923
 -7.41168097 -7.41570751 -7.41631968 -7.41518716 -7.41322686 -7.41016374
 -7.40308835 -7.39817079 -7.39316529 -7.39124131 -7.38683745 -7.40704182
 -7.41281842 -7.41450888 -7.41404657 -7.41250634 -7.40977241 -7.40300321
 -7.39815235 -7.39316445 -7.39124128 -7.36989669 -7.39809228 -7.40728734
 -7.41107318 -7.41190102 -7.41116149 -7.40904863 -7.40284853 -7.39811929
 -7.39316296 -7.39124121]
params_e0 (3.1408315146043733, 9.100414206222569, 1.2431304921987352, 5.273668126744204e-05, 50.03524451787551, 25792.355437874336, 0.0050278320366355786)
reconstructed_params [3.14083151e+00 9.10041421e+00 1.24313049e+00 5.27366813e-05
 5.00352445e+01 1.54999470e+01 7.95444300e-01 3.68144000e+00
 2.57923554e+04 5.02783204e-03]
saving params.txt: (3.1408315146043733, 9.100414206222569, 1.2431304921987352, 5.273668126744204e-05, 50.03524451787551, 15.499947, 0.7954443, 3.68144, 25792.355437874336, 0.0050278320366355786)
saving energy.txt: [-7.39652856 -7.41220299 -7.41606655 -7.41656901 -7.41535872 -7.4133435
 -7.41023236 -7.40310552 -7.39817486 -7.3931655  -7.39124132 -7.39558922
 -7.41168097 -7.41570751 -7.41631968 -7.41518716 -7.41322686 -7.41016374
 -7.40308835 -7.39817079 -7.39316529 -7.39124131 -7.38683745 -7.40704182
 -7.41281842 -7.41450888 -7.41404657 -7.41250634 -7.40977241 -7.40300321
 -7.39815235 -7.39316445 -7.39124128 -7.36989668 -7.39809228 -7.40728734
 -7.41107318 -7.41190102 -7.41116149 -7.40904863 -7.40284853 -7.39811929
 -7.39316296 -7.39124121]
params_e0 (3.1408315146043733, 9.100414206222569, 1.2431304921987352, 5.273668126744204e-05, 50.035243772292276, 25792.355822210382, 0.0050278320366355786)
reconstructed_params [3.14083151e+00 9.10041421e+00 1.24313049e+00 5.27366813e-05
 5.00352438e+01 1.54999470e+01 7.95444300e-01 3.68144000e+00
 2.57923558e+04 5.02783204e-03]
saving params.txt: (3.1408315146043733, 9.100414206222569, 1.2431304921987352, 5.273668126744204e-05, 50.035243772292276, 15.499947, 0.7954443, 3.68144, 25792.355822210382, 0.0050278320366355786)
saving energy.txt: [-7.39652857 -7.41220299 -7.41606655 -7.41656902 -7.41535872 -7.4133435
 -7.41023236 -7.40310552 -7.39817486 -7.3931655  -7.39124132 -7.39558923
 -7.41168097 -7.41570751 -7.41631968 -7.41518716 -7.41322686 -7.41016374
 -7.40308835 -7.39817079 -7.39316529 -7.39124131 -7.38683745 -7.40704182
 -7.41281842 -7.41450888 -7.41404657 -7.41250634 -7.40977241 -7.40300321
 -7.39815235 -7.39316445 -7.39124128 -7.36989669 -7.39809228 -7.40728734
 -7.41107318 -7.41190102 -7.41116149 -7.40904863 -7.40284853 -7.39811929
 -7.39316296 -7.39124121]
params_e0 (3.1408315146043733, 9.100414206222569, 1.2431304921987352, 5.273668126744204e-05, 50.035243772292276, 25792.355437874336, 0.005027846937796772)
reconstructed_params [3.14083151e+00 9.10041421e+00 1.24313049e+00 5.27366813e-05
 5.00352438e+01 1.54999470e+01 7.95444300e-01 3.68144000e+00
 2.57923554e+04 5.02784694e-03]
saving params.txt: (3.1408315146043733, 9.100414206222569, 1.2431304921987352, 5.273668126744204e-05, 50.035243772292276, 15.499947, 0.7954443, 3.68144, 25792.355437874336, 0.005027846937796772)
saving energy.txt: [-7.39652855 -7.41220298 -7.41606654 -7.416569   -7.41535871 -7.41334349
 -7.41023234 -7.40310551 -7.39817484 -7.39316548 -7.39124131 -7.39558921
 -7.41168096 -7.4157075  -7.41631967 -7.41518715 -7.41322684 -7.41016372
 -7.40308833 -7.39817077 -7.39316528 -7.3912413  -7.38683744 -7.4070418
 -7.41281841 -7.41450887 -7.41404656 -7.41250632 -7.4097724  -7.40300319
 -7.39815234 -7.39316443 -7.39124126 -7.36989667 -7.39809227 -7.40728732
 -7.41107317 -7.411901   -7.41116147 -7.40904862 -7.40284851 -7.39811928
 -7.39316294 -7.3912412 ]
params_e0 (3.140831708818139, 9.100414141513573, 1.2431305562083157, 5.273691519008342e-05, 50.0352437734045, 25792.355437830793, 0.005030402859482482)
reconstructed_params [3.14083171e+00 9.10041414e+00 1.24313056e+00 5.27369152e-05
 5.00352438e+01 1.54999470e+01 7.95444300e-01 3.68144000e+00
 2.57923554e+04 5.03040286e-03]
saving params.txt: (3.140831708818139, 9.100414141513573, 1.2431305562083157, 5.273691519008342e-05, 50.0352437734045, 15.499947, 0.7954443, 3.68144, 25792.355437830793, 0.005030402859482482)
saving energy.txt: [-7.39652595 -7.41220039 -7.41606396 -7.41656643 -7.41535614 -7.41334092
 -7.41022978 -7.40310295 -7.39817228 -7.39316293 -7.39123875 -7.39558661
 -7.41167837 -7.41570492 -7.4163171  -7.41518458 -7.41322428 -7.41016116
 -7.40308578 -7.39816821 -7.39316272 -7.39123874 -7.38683483 -7.40703922
 -7.41281583 -7.4145063  -7.41404399 -7.41250376 -7.40976984 -7.40300064
 -7.39814978 -7.39316188 -7.39123871 -7.36989406 -7.39808968 -7.40728474
 -7.41107059 -7.41189843 -7.41115891 -7.40904606 -7.40284596 -7.39811672
 -7.39316039 -7.39123864]
params_e0 (3.1408317556201784, 9.100414141513573, 1.2431305562083157, 5.273691519008342e-05, 50.0352437734045, 25792.355437830793, 0.005030402859482482)
reconstructed_params [3.14083176e+00 9.10041414e+00 1.24313056e+00 5.27369152e-05
 5.00352438e+01 1.54999470e+01 7.95444300e-01 3.68144000e+00
 2.57923554e+04 5.03040286e-03]
saving params.txt: (3.1408317556201784, 9.100414141513573, 1.2431305562083157, 5.273691519008342e-05, 50.0352437734045, 15.499947, 0.7954443, 3.68144, 25792.355437830793, 0.005030402859482482)
saving energy.txt: [-7.39652594 -7.41220039 -7.41606396 -7.41656643 -7.41535614 -7.41334092
 -7.41022978 -7.40310295 -7.39817228 -7.39316293 -7.39123875 -7.3955866
 -7.41167837 -7.41570492 -7.41631709 -7.41518458 -7.41322428 -7.41016116
 -7.40308578 -7.39816821 -7.39316272 -7.39123874 -7.38683482 -7.40703921
 -7.41281583 -7.41450629 -7.41404399 -7.41250376 -7.40976984 -7.40300064
 -7.39814978 -7.39316188 -7.39123871 -7.36989404 -7.39808967 -7.40728474
 -7.41107059 -7.41189843 -7.41115891 -7.40904606 -7.40284596 -7.39811672
 -7.39316039 -7.39123864]
params_e0 (3.140831708818139, 9.100414277120311, 1.2431305562083157, 5.273691519008342e-05, 50.0352437734045, 25792.355437830793, 0.005030402859482482)
reconstructed_params [3.14083171e+00 9.10041428e+00 1.24313056e+00 5.27369152e-05
 5.00352438e+01 1.54999470e+01 7.95444300e-01 3.68144000e+00
 2.57923554e+04 5.03040286e-03]
saving params.txt: (3.140831708818139, 9.100414277120311, 1.2431305562083157, 5.273691519008342e-05, 50.0352437734045, 15.499947, 0.7954443, 3.68144, 25792.355437830793, 0.005030402859482482)
saving energy.txt: [-7.39652595 -7.41220039 -7.41606396 -7.41656643 -7.41535614 -7.41334092
 -7.41022978 -7.40310295 -7.39817228 -7.39316293 -7.39123875 -7.39558661
 -7.41167837 -7.41570492 -7.4163171  -7.41518458 -7.41322428 -7.41016116
 -7.40308578 -7.39816821 -7.39316272 -7.39123874 -7.38683483 -7.40703922
 -7.41281583 -7.4145063  -7.41404399 -7.41250376 -7.40976984 -7.40300064
 -7.39814978 -7.39316188 -7.39123871 -7.36989406 -7.39808968 -7.40728474
 -7.4110706  -7.41189843 -7.41115891 -7.40904606 -7.40284596 -7.39811672
 -7.39316039 -7.39123864]
params_e0 (3.140831708818139, 9.100414141513573, 1.2431305747324044, 5.273691519008342e-05, 50.0352437734045, 25792.355437830793, 0.005030402859482482)
reconstructed_params [3.14083171e+00 9.10041414e+00 1.24313057e+00 5.27369152e-05
 5.00352438e+01 1.54999470e+01 7.95444300e-01 3.68144000e+00
 2.57923554e+04 5.03040286e-03]
saving params.txt: (3.140831708818139, 9.100414141513573, 1.2431305747324044, 5.273691519008342e-05, 50.0352437734045, 15.499947, 0.7954443, 3.68144, 25792.355437830793, 0.005030402859482482)
saving energy.txt: [-7.39652595 -7.41220039 -7.41606396 -7.41656643 -7.41535614 -7.41334092
 -7.41022978 -7.40310295 -7.39817228 -7.39316293 -7.39123875 -7.39558661
 -7.41167837 -7.41570492 -7.4163171  -7.41518458 -7.41322428 -7.41016116
 -7.40308578 -7.39816821 -7.39316272 -7.39123874 -7.38683483 -7.40703922
 -7.41281583 -7.4145063  -7.41404399 -7.41250376 -7.40976984 -7.40300064
 -7.39814978 -7.39316188 -7.39123871 -7.36989406 -7.39808968 -7.40728474
 -7.41107059 -7.41189843 -7.41115891 -7.40904606 -7.40284596 -7.39811672
 -7.39316039 -7.39123864]
params_e0 (3.140831708818139, 9.100414141513573, 1.2431305562083157, 5.2751816351277264e-05, 50.0352437734045, 25792.355437830793, 0.005030402859482482)
reconstructed_params [3.14083171e+00 9.10041414e+00 1.24313056e+00 5.27518164e-05
 5.00352438e+01 1.54999470e+01 7.95444300e-01 3.68144000e+00
 2.57923554e+04 5.03040286e-03]
saving params.txt: (3.140831708818139, 9.100414141513573, 1.2431305562083157, 5.2751816351277264e-05, 50.0352437734045, 15.499947, 0.7954443, 3.68144, 25792.355437830793, 0.005030402859482482)
saving energy.txt: [-7.39652595 -7.41220039 -7.41606396 -7.41656643 -7.41535614 -7.41334092
 -7.41022978 -7.40310295 -7.39817228 -7.39316293 -7.39123875 -7.39558661
 -7.41167837 -7.41570492 -7.4163171  -7.41518458 -7.41322428 -7.41016116
 -7.40308578 -7.39816821 -7.39316272 -7.39123874 -7.38683483 -7.40703922
 -7.41281583 -7.4145063  -7.41404399 -7.41250376 -7.40976984 -7.40300064
 -7.39814978 -7.39316188 -7.39123871 -7.36989406 -7.39808968 -7.40728474
 -7.41107059 -7.41189843 -7.41115891 -7.40904606 -7.40284596 -7.39811672
 -7.39316039 -7.39123864]
params_e0 (3.140831708818139, 9.100414141513573, 1.2431305562083157, 5.273691519008342e-05, 50.03524451898774, 25792.355437830793, 0.005030402859482482)
reconstructed_params [3.14083171e+00 9.10041414e+00 1.24313056e+00 5.27369152e-05
 5.00352445e+01 1.54999470e+01 7.95444300e-01 3.68144000e+00
 2.57923554e+04 5.03040286e-03]
saving params.txt: (3.140831708818139, 9.100414141513573, 1.2431305562083157, 5.273691519008342e-05, 50.03524451898774, 15.499947, 0.7954443, 3.68144, 25792.355437830793, 0.005030402859482482)
saving energy.txt: [-7.39652595 -7.41220039 -7.41606396 -7.41656643 -7.41535614 -7.41334092
 -7.41022978 -7.40310295 -7.39817228 -7.39316293 -7.39123875 -7.3955866
 -7.41167837 -7.41570492 -7.4163171  -7.41518458 -7.41322428 -7.41016116
 -7.40308578 -7.39816821 -7.39316272 -7.39123874 -7.38683483 -7.40703922
 -7.41281583 -7.4145063  -7.41404399 -7.41250376 -7.40976984 -7.40300064
 -7.39814978 -7.39316188 -7.39123871 -7.36989405 -7.39808968 -7.40728474
 -7.41107059 -7.41189843 -7.41115891 -7.40904606 -7.40284596 -7.39811672
 -7.39316039 -7.39123864]
params_e0 (3.140831708818139, 9.100414141513573, 1.2431305562083157, 5.273691519008342e-05, 50.0352437734045, 25792.35582216684, 0.005030402859482482)
reconstructed_params [3.14083171e+00 9.10041414e+00 1.24313056e+00 5.27369152e-05
 5.00352438e+01 1.54999470e+01 7.95444300e-01 3.68144000e+00
 2.57923558e+04 5.03040286e-03]
saving params.txt: (3.140831708818139, 9.100414141513573, 1.2431305562083157, 5.273691519008342e-05, 50.0352437734045, 15.499947, 0.7954443, 3.68144, 25792.35582216684, 0.005030402859482482)
saving energy.txt: [-7.39652595 -7.41220039 -7.41606396 -7.41656643 -7.41535614 -7.41334092
 -7.41022978 -7.40310295 -7.39817228 -7.39316293 -7.39123875 -7.39558661
 -7.41167837 -7.41570492 -7.4163171  -7.41518458 -7.41322428 -7.41016116
 -7.40308578 -7.39816821 -7.39316272 -7.39123874 -7.38683483 -7.40703922
 -7.41281583 -7.4145063  -7.41404399 -7.41250376 -7.40976984 -7.40300064
 -7.39814978 -7.39316188 -7.39123871 -7.36989406 -7.39808968 -7.40728474
 -7.4110706  -7.41189843 -7.41115891 -7.40904606 -7.40284596 -7.39811672
 -7.39316039 -7.39123864]
params_e0 (3.140831708818139, 9.100414141513573, 1.2431305562083157, 5.273691519008342e-05, 50.0352437734045, 25792.355437830793, 0.005030417760643676)
reconstructed_params [3.14083171e+00 9.10041414e+00 1.24313056e+00 5.27369152e-05
 5.00352438e+01 1.54999470e+01 7.95444300e-01 3.68144000e+00
 2.57923554e+04 5.03041776e-03]
saving params.txt: (3.140831708818139, 9.100414141513573, 1.2431305562083157, 5.273691519008342e-05, 50.0352437734045, 15.499947, 0.7954443, 3.68144, 25792.355437830793, 0.005030417760643676)
saving energy.txt: [-7.39652593 -7.41220038 -7.41606395 -7.41656642 -7.41535613 -7.41334091
 -7.41022977 -7.40310294 -7.39817227 -7.39316291 -7.39123874 -7.39558659
 -7.41167836 -7.4157049  -7.41631708 -7.41518457 -7.41322426 -7.41016115
 -7.40308576 -7.3981682  -7.3931627  -7.39123873 -7.38683481 -7.4070392
 -7.41281582 -7.41450628 -7.41404397 -7.41250374 -7.40976982 -7.40300062
 -7.39814977 -7.39316186 -7.39123869 -7.36989404 -7.39808966 -7.40728473
 -7.41107058 -7.41189842 -7.41115889 -7.40904604 -7.40284594 -7.3981167
 -7.39316037 -7.39123863]
