/projects/qmchamm/shared/mick/ilp_fitting
   basis  method  registry  distance    energy  energy_err     d     a
0     bn  DFT-D2   0.00000       2.6 -6.979231         0.0   2.6  2.46
1     bn  DFT-D2   0.00000       2.7 -7.009996         0.0   2.7  2.46
2     bn  DFT-D2   0.00000       2.8 -7.030781         0.0   2.8  2.46
3     bn  DFT-D2   0.00000       2.9 -7.044043         0.0   2.9  2.46
4     bn  DFT-D2   0.00000       3.0 -7.051914         0.0   3.0  2.46
..   ...     ...       ...       ...       ...         ...   ...   ...
95    bn  DFT-D2   0.66667       6.5 -7.034724         0.0   6.5  2.46
96    bn  DFT-D2   0.66667       7.0 -7.034068         0.0   7.0  2.46
97    bn  DFT-D2   0.66667       8.0 -7.033297         0.0   8.0  2.46
98    bn  DFT-D2   0.66667       9.0 -7.032887         0.0   9.0  2.46
99    bn  DFT-D2   0.66667      11.0 -7.032515         0.0  11.0  2.46

[100 rows x 8 columns]
[7, 16]
mask [ True  True  True  True  True  True  True  True  True  True  True  True
  True  True  True  True  True  True  True]
exclude_idxs [7, 16]
[3.03887947e+00 1.26680966e+01 2.09694923e+00 2.50743268e+00
 1.27173973e+01 1.53052540e+01 7.00158100e-01 3.09732700e+00
 7.58911512e+03 3.16732956e+00 1.01077757e+01 1.41683887e+00
 1.20129496e-04 3.26486057e+01 1.50000000e+01 7.23498300e-01
 3.01311700e+00 3.06015331e+04 3.73582280e-04]
[3.03887947e+00 1.26680966e+01 2.09694923e+00 2.50743268e+00
 1.27173973e+01 1.53052540e+01 7.00158100e-01 7.58911512e+03
 3.16732956e+00 1.01077757e+01 1.41683887e+00 1.20129496e-04
 3.26486057e+01 1.50000000e+01 7.23498300e-01 3.06015331e+04
 3.73582280e-04]
params_e0 (3.038879474697276, 12.668096567273993, 2.096949233840006, 2.507432676935219, 12.717397289112354, 15.305254, 0.7001581, 7589.115121752718, 3.1673295620946416, 10.107775717473801, 1.4168388675360273, 0.00012012949620394992, 32.64860574453625, 15.0, 0.7234983, 30601.53305266859, 0.00037358228049499026)
reconstructed_params [3.03887947e+00 1.26680966e+01 2.09694923e+00 2.50743268e+00
 1.27173973e+01 1.53052540e+01 7.00158100e-01 3.09732700e+00
 7.58911512e+03 3.16732956e+00 1.01077757e+01 1.41683887e+00
 1.20129496e-04 3.26486057e+01 1.50000000e+01 7.23498300e-01
 3.01311700e+00 3.06015331e+04 3.73582280e-04]
saving params.txt: (3.038879474697276, 12.668096567273993, 2.096949233840006, 2.507432676935219, 12.717397289112354, 15.305254, 0.7001581, 3.097327, 7589.115121752718, 3.1673295620946416, 10.107775717473801, 1.4168388675360273, 0.00012012949620394992, 32.64860574453625, 15.0, 0.7234983, 3.013117, 30601.53305266859, 0.00037358228049499026)
saving energy.txt: [-6.97945575 -7.01007397 -7.03020434 -7.04309853 -7.05100766 -7.05550448
 -7.05769207 -7.05834381 -7.05799986 -7.05703509 -7.05570723 -7.05419128
 -7.05260402 -7.05102152 -7.04949161 -7.04668992 -7.04324612 -7.03930768
 -7.0369356  -7.03550112 -7.03462008 -7.03407056 -7.03350316 -7.03327283
 -7.03314507 -6.99773122 -7.0237508  -7.04041456 -7.05069072 -7.05662809
 -7.05964706 -7.06073305 -7.060568   -7.05962139 -7.05821389 -7.05656203
 -7.05480976 -7.05305064 -7.05134348 -7.04972335 -7.0468095  -7.0432901
 -7.03931585 -7.0369371  -7.03550139 -7.03462013 -7.03407056 -7.03350316
 -7.03327283 -7.03314507 -7.01810114 -7.03933634 -7.05221638 -7.05954875
 -7.06322723 -7.06453264 -7.06433099 -7.06320589 -7.06154812 -7.05961666
 -7.05758051 -7.05554747 -7.05358388 -7.05172823 -7.05000051 -7.04695276
 -7.0433429  -7.0393257  -7.03693891 -7.03550172 -7.03462018 -7.03407057
 -7.03350317 -7.03327283 -7.03314507 -6.95474903 -6.9944332  -7.02029603
 -7.03682034 -7.04703007 -7.05298528 -7.0560973  -7.05733483 -7.05736193
 -7.05663205 -7.05545281 -7.05403082 -7.05250292 -7.05095789 -7.04945161
 -7.04667418 -7.0432423  -7.03930734 -7.03693558 -7.03550112 -7.03462008
 -7.03407056 -7.03350316 -7.03327283 -7.03314507]
params_e0 (3.038879519980109, 12.668096567273993, 2.096949233840006, 2.507432676935219, 12.717397289112354, 15.305254, 0.7001581, 7589.115121752718, 3.1673295620946416, 10.107775717473801, 1.4168388675360273, 0.00012012949620394992, 32.64860574453625, 15.0, 0.7234983, 30601.53305266859, 0.00037358228049499026)
reconstructed_params [3.03887952e+00 1.26680966e+01 2.09694923e+00 2.50743268e+00
 1.27173973e+01 1.53052540e+01 7.00158100e-01 3.09732700e+00
 7.58911512e+03 3.16732956e+00 1.01077757e+01 1.41683887e+00
 1.20129496e-04 3.26486057e+01 1.50000000e+01 7.23498300e-01
 3.01311700e+00 3.06015331e+04 3.73582280e-04]
saving params.txt: (3.038879519980109, 12.668096567273993, 2.096949233840006, 2.507432676935219, 12.717397289112354, 15.305254, 0.7001581, 3.097327, 7589.115121752718, 3.1673295620946416, 10.107775717473801, 1.4168388675360273, 0.00012012949620394992, 32.64860574453625, 15.0, 0.7234983, 3.013117, 30601.53305266859, 0.00037358228049499026)
saving energy.txt: [-6.97945574 -7.01007396 -7.03020434 -7.04309853 -7.05100766 -7.05550448
 -7.05769207 -7.05834381 -7.05799986 -7.05703509 -7.05570723 -7.05419128
 -7.05260402 -7.05102152 -7.04949161 -7.04668992 -7.04324612 -7.03930768
 -7.0369356  -7.03550112 -7.03462008 -7.03407056 -7.03350316 -7.03327283
 -7.03314507 -6.99773121 -7.02375079 -7.04041455 -7.05069072 -7.05662809
 -7.05964706 -7.06073305 -7.060568   -7.05962139 -7.05821389 -7.05656203
 -7.05480976 -7.05305064 -7.05134348 -7.04972335 -7.0468095  -7.0432901
 -7.03931585 -7.0369371  -7.03550139 -7.03462013 -7.03407056 -7.03350316
 -7.03327283 -7.03314507 -7.01810113 -7.03933634 -7.05221637 -7.05954875
 -7.06322723 -7.06453264 -7.06433098 -7.06320589 -7.06154812 -7.05961666
 -7.05758051 -7.05554747 -7.05358388 -7.05172823 -7.05000051 -7.04695276
 -7.0433429  -7.0393257  -7.03693891 -7.03550172 -7.03462018 -7.03407057
 -7.03350317 -7.03327283 -7.03314507 -6.95474902 -6.99443319 -7.02029602
 -7.03682033 -7.04703006 -7.05298527 -7.0560973  -7.05733483 -7.05736193
 -7.05663205 -7.05545281 -7.05403082 -7.05250292 -7.05095789 -7.04945161
 -7.04667418 -7.0432423  -7.03930734 -7.03693558 -7.03550112 -7.03462008
 -7.03407056 -7.03350316 -7.03327283 -7.03314507]
params_e0 (3.038879474697276, 12.668096756043342, 2.096949233840006, 2.507432676935219, 12.717397289112354, 15.305254, 0.7001581, 7589.115121752718, 3.1673295620946416, 10.107775717473801, 1.4168388675360273, 0.00012012949620394992, 32.64860574453625, 15.0, 0.7234983, 30601.53305266859, 0.00037358228049499026)
reconstructed_params [3.03887947e+00 1.26680968e+01 2.09694923e+00 2.50743268e+00
 1.27173973e+01 1.53052540e+01 7.00158100e-01 3.09732700e+00
 7.58911512e+03 3.16732956e+00 1.01077757e+01 1.41683887e+00
 1.20129496e-04 3.26486057e+01 1.50000000e+01 7.23498300e-01
 3.01311700e+00 3.06015331e+04 3.73582280e-04]
saving params.txt: (3.038879474697276, 12.668096756043342, 2.096949233840006, 2.507432676935219, 12.717397289112354, 15.305254, 0.7001581, 3.097327, 7589.115121752718, 3.1673295620946416, 10.107775717473801, 1.4168388675360273, 0.00012012949620394992, 32.64860574453625, 15.0, 0.7234983, 3.013117, 30601.53305266859, 0.00037358228049499026)
saving energy.txt: [-6.97945575 -7.01007397 -7.03020434 -7.04309853 -7.05100766 -7.05550448
 -7.05769207 -7.05834381 -7.05799986 -7.05703509 -7.05570723 -7.05419128
 -7.05260402 -7.05102152 -7.04949161 -7.04668992 -7.04324612 -7.03930768
 -7.0369356  -7.03550112 -7.03462008 -7.03407056 -7.03350316 -7.03327283
 -7.03314507 -6.99773122 -7.0237508  -7.04041456 -7.05069072 -7.05662809
 -7.05964706 -7.06073305 -7.060568   -7.05962139 -7.05821389 -7.05656203
 -7.05480976 -7.05305064 -7.05134348 -7.04972335 -7.0468095  -7.0432901
 -7.03931585 -7.0369371  -7.03550139 -7.03462013 -7.03407056 -7.03350316
 -7.03327283 -7.03314507 -7.01810114 -7.03933634 -7.05221638 -7.05954875
 -7.06322723 -7.06453264 -7.06433099 -7.06320589 -7.06154812 -7.05961666
 -7.05758051 -7.05554747 -7.05358388 -7.05172823 -7.05000051 -7.04695276
 -7.0433429  -7.0393257  -7.03693891 -7.03550172 -7.03462018 -7.03407057
 -7.03350317 -7.03327283 -7.03314507 -6.95474903 -6.9944332  -7.02029603
 -7.03682034 -7.04703007 -7.05298528 -7.0560973  -7.05733483 -7.05736193
 -7.05663205 -7.05545281 -7.05403082 -7.05250292 -7.05095789 -7.04945161
 -7.04667418 -7.0432423  -7.03930734 -7.03693558 -7.03550112 -7.03462008
 -7.03407056 -7.03350316 -7.03327283 -7.03314507]
params_e0 (3.038879474697276, 12.668096567273993, 2.0969492650869843, 2.507432676935219, 12.717397289112354, 15.305254, 0.7001581, 7589.115121752718, 3.1673295620946416, 10.107775717473801, 1.4168388675360273, 0.00012012949620394992, 32.64860574453625, 15.0, 0.7234983, 30601.53305266859, 0.00037358228049499026)
reconstructed_params [3.03887947e+00 1.26680966e+01 2.09694927e+00 2.50743268e+00
 1.27173973e+01 1.53052540e+01 7.00158100e-01 3.09732700e+00
 7.58911512e+03 3.16732956e+00 1.01077757e+01 1.41683887e+00
 1.20129496e-04 3.26486057e+01 1.50000000e+01 7.23498300e-01
 3.01311700e+00 3.06015331e+04 3.73582280e-04]
saving params.txt: (3.038879474697276, 12.668096567273993, 2.0969492650869843, 2.507432676935219, 12.717397289112354, 15.305254, 0.7001581, 3.097327, 7589.115121752718, 3.1673295620946416, 10.107775717473801, 1.4168388675360273, 0.00012012949620394992, 32.64860574453625, 15.0, 0.7234983, 3.013117, 30601.53305266859, 0.00037358228049499026)
saving energy.txt: [-6.97945575 -7.01007397 -7.03020434 -7.04309853 -7.05100766 -7.05550448
 -7.05769207 -7.05834381 -7.05799986 -7.05703509 -7.05570723 -7.05419128
 -7.05260402 -7.05102152 -7.04949161 -7.04668992 -7.04324612 -7.03930768
 -7.0369356  -7.03550112 -7.03462008 -7.03407056 -7.03350316 -7.03327283
 -7.03314507 -6.99773122 -7.0237508  -7.04041456 -7.05069072 -7.05662809
 -7.05964706 -7.06073305 -7.060568   -7.05962139 -7.05821389 -7.05656203
 -7.05480976 -7.05305064 -7.05134348 -7.04972335 -7.0468095  -7.0432901
 -7.03931585 -7.0369371  -7.03550139 -7.03462013 -7.03407056 -7.03350316
 -7.03327283 -7.03314507 -7.01810114 -7.03933634 -7.05221638 -7.05954875
 -7.06322723 -7.06453264 -7.06433099 -7.06320589 -7.06154812 -7.05961666
 -7.05758051 -7.05554747 -7.05358388 -7.05172823 -7.05000051 -7.04695276
 -7.0433429  -7.0393257  -7.03693891 -7.03550172 -7.03462018 -7.03407057
 -7.03350317 -7.03327283 -7.03314507 -6.95474903 -6.9944332  -7.02029603
 -7.03682034 -7.04703007 -7.05298528 -7.0560973  -7.05733483 -7.05736193
 -7.05663205 -7.05545281 -7.05403082 -7.05250292 -7.05095789 -7.04945161
 -7.04667418 -7.0432423  -7.03930734 -7.03693558 -7.03550112 -7.03462008
 -7.03407056 -7.03350316 -7.03327283 -7.03314507]
params_e0 (3.038879474697276, 12.668096567273993, 2.096949233840006, 2.5074327142988775, 12.717397289112354, 15.305254, 0.7001581, 7589.115121752718, 3.1673295620946416, 10.107775717473801, 1.4168388675360273, 0.00012012949620394992, 32.64860574453625, 15.0, 0.7234983, 30601.53305266859, 0.00037358228049499026)
reconstructed_params [3.03887947e+00 1.26680966e+01 2.09694923e+00 2.50743271e+00
 1.27173973e+01 1.53052540e+01 7.00158100e-01 3.09732700e+00
 7.58911512e+03 3.16732956e+00 1.01077757e+01 1.41683887e+00
 1.20129496e-04 3.26486057e+01 1.50000000e+01 7.23498300e-01
 3.01311700e+00 3.06015331e+04 3.73582280e-04]
saving params.txt: (3.038879474697276, 12.668096567273993, 2.096949233840006, 2.5074327142988775, 12.717397289112354, 15.305254, 0.7001581, 3.097327, 7589.115121752718, 3.1673295620946416, 10.107775717473801, 1.4168388675360273, 0.00012012949620394992, 32.64860574453625, 15.0, 0.7234983, 3.013117, 30601.53305266859, 0.00037358228049499026)
saving energy.txt: [-6.97945575 -7.01007397 -7.03020434 -7.04309853 -7.05100766 -7.05550448
 -7.05769207 -7.05834381 -7.05799986 -7.05703509 -7.05570723 -7.05419128
 -7.05260402 -7.05102152 -7.04949161 -7.04668992 -7.04324612 -7.03930768
 -7.0369356  -7.03550112 -7.03462008 -7.03407056 -7.03350316 -7.03327283
 -7.03314507 -6.99773122 -7.0237508  -7.04041456 -7.05069072 -7.05662809
 -7.05964706 -7.06073305 -7.060568   -7.05962139 -7.05821389 -7.05656203
 -7.05480976 -7.05305064 -7.05134348 -7.04972335 -7.0468095  -7.0432901
 -7.03931585 -7.0369371  -7.03550139 -7.03462013 -7.03407056 -7.03350316
 -7.03327283 -7.03314507 -7.01810114 -7.03933634 -7.05221638 -7.05954875
 -7.06322723 -7.06453264 -7.06433099 -7.06320589 -7.06154812 -7.05961666
 -7.05758051 -7.05554747 -7.05358388 -7.05172823 -7.05000051 -7.04695276
 -7.0433429  -7.0393257  -7.03693891 -7.03550172 -7.03462018 -7.03407057
 -7.03350317 -7.03327283 -7.03314507 -6.95474903 -6.9944332  -7.02029603
 -7.03682034 -7.04703007 -7.05298528 -7.0560973  -7.05733483 -7.05736193
 -7.05663205 -7.05545281 -7.05403082 -7.05250292 -7.05095789 -7.04945161
 -7.04667418 -7.0432423  -7.03930734 -7.03693558 -7.03550112 -7.03462008
 -7.03407056 -7.03350316 -7.03327283 -7.03314507]
params_e0 (3.038879474697276, 12.668096567273993, 2.096949233840006, 2.507432676935219, 12.717397478616341, 15.305254, 0.7001581, 7589.115121752718, 3.1673295620946416, 10.107775717473801, 1.4168388675360273, 0.00012012949620394992, 32.64860574453625, 15.0, 0.7234983, 30601.53305266859, 0.00037358228049499026)
reconstructed_params [3.03887947e+00 1.26680966e+01 2.09694923e+00 2.50743268e+00
 1.27173975e+01 1.53052540e+01 7.00158100e-01 3.09732700e+00
 7.58911512e+03 3.16732956e+00 1.01077757e+01 1.41683887e+00
 1.20129496e-04 3.26486057e+01 1.50000000e+01 7.23498300e-01
 3.01311700e+00 3.06015331e+04 3.73582280e-04]
saving params.txt: (3.038879474697276, 12.668096567273993, 2.096949233840006, 2.507432676935219, 12.717397478616341, 15.305254, 0.7001581, 3.097327, 7589.115121752718, 3.1673295620946416, 10.107775717473801, 1.4168388675360273, 0.00012012949620394992, 32.64860574453625, 15.0, 0.7234983, 3.013117, 30601.53305266859, 0.00037358228049499026)
saving energy.txt: [-6.97945575 -7.01007397 -7.03020434 -7.04309853 -7.05100766 -7.05550448
 -7.05769207 -7.05834381 -7.05799986 -7.05703509 -7.05570723 -7.05419128
 -7.05260402 -7.05102152 -7.04949161 -7.04668992 -7.04324612 -7.03930768
 -7.0369356  -7.03550112 -7.03462008 -7.03407056 -7.03350316 -7.03327283
 -7.03314507 -6.99773122 -7.0237508  -7.04041456 -7.05069072 -7.05662809
 -7.05964706 -7.06073305 -7.060568   -7.05962139 -7.05821389 -7.05656203
 -7.05480976 -7.05305064 -7.05134348 -7.04972335 -7.0468095  -7.0432901
 -7.03931585 -7.0369371  -7.03550139 -7.03462013 -7.03407056 -7.03350316
 -7.03327283 -7.03314507 -7.01810114 -7.03933634 -7.05221638 -7.05954875
 -7.06322723 -7.06453264 -7.06433099 -7.06320589 -7.06154812 -7.05961666
 -7.05758051 -7.05554747 -7.05358388 -7.05172823 -7.05000051 -7.04695276
 -7.0433429  -7.0393257  -7.03693891 -7.03550172 -7.03462018 -7.03407057
 -7.03350317 -7.03327283 -7.03314507 -6.95474903 -6.9944332  -7.02029603
 -7.03682034 -7.04703007 -7.05298528 -7.0560973  -7.05733483 -7.05736193
 -7.05663205 -7.05545281 -7.05403082 -7.05250292 -7.05095789 -7.04945161
 -7.04667418 -7.0432423  -7.03930734 -7.03693558 -7.03550112 -7.03462008
 -7.03407056 -7.03350316 -7.03327283 -7.03314507]
params_e0 (3.038879474697276, 12.668096567273993, 2.096949233840006, 2.507432676935219, 12.717397289112354, 15.305254228066056, 0.7001581, 7589.115121752718, 3.1673295620946416, 10.107775717473801, 1.4168388675360273, 0.00012012949620394992, 32.64860574453625, 15.0, 0.7234983, 30601.53305266859, 0.00037358228049499026)
reconstructed_params [3.03887947e+00 1.26680966e+01 2.09694923e+00 2.50743268e+00
 1.27173973e+01 1.53052542e+01 7.00158100e-01 3.09732700e+00
 7.58911512e+03 3.16732956e+00 1.01077757e+01 1.41683887e+00
 1.20129496e-04 3.26486057e+01 1.50000000e+01 7.23498300e-01
 3.01311700e+00 3.06015331e+04 3.73582280e-04]
saving params.txt: (3.038879474697276, 12.668096567273993, 2.096949233840006, 2.507432676935219, 12.717397289112354, 15.305254228066056, 0.7001581, 3.097327, 7589.115121752718, 3.1673295620946416, 10.107775717473801, 1.4168388675360273, 0.00012012949620394992, 32.64860574453625, 15.0, 0.7234983, 3.013117, 30601.53305266859, 0.00037358228049499026)
saving energy.txt: [-6.97945575 -7.01007397 -7.03020434 -7.04309853 -7.05100766 -7.05550448
 -7.05769207 -7.05834381 -7.05799986 -7.05703509 -7.05570723 -7.05419128
 -7.05260402 -7.05102152 -7.04949161 -7.04668992 -7.04324612 -7.03930768
 -7.0369356  -7.03550112 -7.03462008 -7.03407056 -7.03350316 -7.03327283
 -7.03314507 -6.99773122 -7.0237508  -7.04041456 -7.05069072 -7.05662809
 -7.05964706 -7.06073305 -7.060568   -7.05962139 -7.05821389 -7.05656203
 -7.05480976 -7.05305064 -7.05134348 -7.04972335 -7.0468095  -7.0432901
 -7.03931585 -7.0369371  -7.03550139 -7.03462013 -7.03407056 -7.03350316
 -7.03327283 -7.03314507 -7.01810114 -7.03933634 -7.05221638 -7.05954875
 -7.06322723 -7.06453264 -7.06433099 -7.06320589 -7.06154812 -7.05961666
 -7.05758051 -7.05554747 -7.05358388 -7.05172823 -7.05000051 -7.04695276
 -7.0433429  -7.0393257  -7.03693891 -7.03550172 -7.03462018 -7.03407057
 -7.03350317 -7.03327283 -7.03314507 -6.95474903 -6.9944332  -7.02029603
 -7.03682034 -7.04703007 -7.05298528 -7.0560973  -7.05733483 -7.05736193
 -7.05663205 -7.05545281 -7.05403082 -7.05250292 -7.05095789 -7.04945161
 -7.04667418 -7.0432423  -7.03930734 -7.03693558 -7.03550112 -7.03462008
 -7.03407056 -7.03350316 -7.03327283 -7.03314507]
params_e0 (3.038879474697276, 12.668096567273993, 2.096949233840006, 2.507432676935219, 12.717397289112354, 15.305254, 0.7001581149011612, 7589.115121752718, 3.1673295620946416, 10.107775717473801, 1.4168388675360273, 0.00012012949620394992, 32.64860574453625, 15.0, 0.7234983, 30601.53305266859, 0.00037358228049499026)
reconstructed_params [3.03887947e+00 1.26680966e+01 2.09694923e+00 2.50743268e+00
 1.27173973e+01 1.53052540e+01 7.00158115e-01 3.09732700e+00
 7.58911512e+03 3.16732956e+00 1.01077757e+01 1.41683887e+00
 1.20129496e-04 3.26486057e+01 1.50000000e+01 7.23498300e-01
 3.01311700e+00 3.06015331e+04 3.73582280e-04]
saving params.txt: (3.038879474697276, 12.668096567273993, 2.096949233840006, 2.507432676935219, 12.717397289112354, 15.305254, 0.7001581149011612, 3.097327, 7589.115121752718, 3.1673295620946416, 10.107775717473801, 1.4168388675360273, 0.00012012949620394992, 32.64860574453625, 15.0, 0.7234983, 3.013117, 30601.53305266859, 0.00037358228049499026)
saving energy.txt: [-6.97945575 -7.01007397 -7.03020434 -7.04309853 -7.05100766 -7.05550448
 -7.05769207 -7.05834381 -7.05799986 -7.05703509 -7.05570723 -7.05419128
 -7.05260402 -7.05102152 -7.04949161 -7.04668992 -7.04324612 -7.03930768
 -7.0369356  -7.03550112 -7.03462008 -7.03407056 -7.03350316 -7.03327283
 -7.03314507 -6.99773122 -7.0237508  -7.04041456 -7.05069072 -7.05662809
 -7.05964706 -7.06073305 -7.060568   -7.05962139 -7.05821389 -7.05656203
 -7.05480976 -7.05305064 -7.05134348 -7.04972335 -7.0468095  -7.0432901
 -7.03931585 -7.0369371  -7.03550139 -7.03462013 -7.03407056 -7.03350316
 -7.03327283 -7.03314507 -7.01810114 -7.03933634 -7.05221638 -7.05954875
 -7.06322723 -7.06453264 -7.06433099 -7.06320589 -7.06154812 -7.05961666
 -7.05758051 -7.05554747 -7.05358388 -7.05172823 -7.05000051 -7.04695276
 -7.0433429  -7.0393257  -7.03693891 -7.03550172 -7.03462018 -7.03407057
 -7.03350317 -7.03327283 -7.03314507 -6.95474903 -6.9944332  -7.02029603
 -7.03682034 -7.04703007 -7.05298528 -7.0560973  -7.05733483 -7.05736193
 -7.05663205 -7.05545281 -7.05403082 -7.05250292 -7.05095789 -7.04945161
 -7.04667418 -7.0432423  -7.03930734 -7.03693558 -7.03550112 -7.03462008
 -7.03407056 -7.03350316 -7.03327283 -7.03314507]
params_e0 (3.038879474697276, 12.668096567273993, 2.096949233840006, 2.507432676935219, 12.717397289112354, 15.305254, 0.7001581, 7589.115234839345, 3.1673295620946416, 10.107775717473801, 1.4168388675360273, 0.00012012949620394992, 32.64860574453625, 15.0, 0.7234983, 30601.53305266859, 0.00037358228049499026)
reconstructed_params [3.03887947e+00 1.26680966e+01 2.09694923e+00 2.50743268e+00
 1.27173973e+01 1.53052540e+01 7.00158100e-01 3.09732700e+00
 7.58911523e+03 3.16732956e+00 1.01077757e+01 1.41683887e+00
 1.20129496e-04 3.26486057e+01 1.50000000e+01 7.23498300e-01
 3.01311700e+00 3.06015331e+04 3.73582280e-04]
saving params.txt: (3.038879474697276, 12.668096567273993, 2.096949233840006, 2.507432676935219, 12.717397289112354, 15.305254, 0.7001581, 3.097327, 7589.115234839345, 3.1673295620946416, 10.107775717473801, 1.4168388675360273, 0.00012012949620394992, 32.64860574453625, 15.0, 0.7234983, 3.013117, 30601.53305266859, 0.00037358228049499026)
saving energy.txt: [-6.97945575 -7.01007397 -7.03020434 -7.04309853 -7.05100766 -7.05550448
 -7.05769207 -7.05834381 -7.05799986 -7.05703509 -7.05570723 -7.05419128
 -7.05260402 -7.05102152 -7.04949161 -7.04668992 -7.04324612 -7.03930768
 -7.0369356  -7.03550112 -7.03462008 -7.03407056 -7.03350316 -7.03327283
 -7.03314507 -6.99773122 -7.0237508  -7.04041456 -7.05069072 -7.05662809
 -7.05964706 -7.06073305 -7.060568   -7.05962139 -7.05821389 -7.05656203
 -7.05480976 -7.05305064 -7.05134348 -7.04972335 -7.0468095  -7.0432901
 -7.03931585 -7.0369371  -7.03550139 -7.03462013 -7.03407056 -7.03350316
 -7.03327283 -7.03314507 -7.01810114 -7.03933634 -7.05221638 -7.05954875
 -7.06322723 -7.06453264 -7.06433099 -7.06320589 -7.06154812 -7.05961666
 -7.05758051 -7.05554747 -7.05358388 -7.05172823 -7.05000051 -7.04695276
 -7.0433429  -7.0393257  -7.03693891 -7.03550172 -7.03462018 -7.03407057
 -7.03350317 -7.03327283 -7.03314507 -6.95474903 -6.9944332  -7.02029603
 -7.03682034 -7.04703007 -7.05298528 -7.0560973  -7.05733483 -7.05736193
 -7.05663205 -7.05545281 -7.05403082 -7.05250292 -7.05095789 -7.04945161
 -7.04667418 -7.0432423  -7.03930734 -7.03693558 -7.03550112 -7.03462008
 -7.03407056 -7.03350316 -7.03327283 -7.03314507]
params_e0 (3.038879474697276, 12.668096567273993, 2.096949233840006, 2.507432676935219, 12.717397289112354, 15.305254, 0.7001581, 7589.115121752718, 3.1673296092915297, 10.107775717473801, 1.4168388675360273, 0.00012012949620394992, 32.64860574453625, 15.0, 0.7234983, 30601.53305266859, 0.00037358228049499026)
reconstructed_params [3.03887947e+00 1.26680966e+01 2.09694923e+00 2.50743268e+00
 1.27173973e+01 1.53052540e+01 7.00158100e-01 3.09732700e+00
 7.58911512e+03 3.16732961e+00 1.01077757e+01 1.41683887e+00
 1.20129496e-04 3.26486057e+01 1.50000000e+01 7.23498300e-01
 3.01311700e+00 3.06015331e+04 3.73582280e-04]
saving params.txt: (3.038879474697276, 12.668096567273993, 2.096949233840006, 2.507432676935219, 12.717397289112354, 15.305254, 0.7001581, 3.097327, 7589.115121752718, 3.1673296092915297, 10.107775717473801, 1.4168388675360273, 0.00012012949620394992, 32.64860574453625, 15.0, 0.7234983, 3.013117, 30601.53305266859, 0.00037358228049499026)
saving energy.txt: [-6.97945573 -7.01007395 -7.03020433 -7.04309853 -7.05100766 -7.05550447
 -7.05769207 -7.0583438  -7.05799986 -7.05703509 -7.05570723 -7.05419128
 -7.05260402 -7.05102152 -7.04949161 -7.04668992 -7.04324612 -7.03930768
 -7.0369356  -7.03550112 -7.03462008 -7.03407056 -7.03350316 -7.03327283
 -7.03314507 -6.99773121 -7.02375079 -7.04041455 -7.05069072 -7.05662808
 -7.05964706 -7.06073305 -7.060568   -7.05962139 -7.05821389 -7.05656203
 -7.05480976 -7.05305064 -7.05134348 -7.04972335 -7.0468095  -7.0432901
 -7.03931585 -7.0369371  -7.03550139 -7.03462013 -7.03407056 -7.03350316
 -7.03327283 -7.03314507 -7.01810113 -7.03933634 -7.05221637 -7.05954875
 -7.06322723 -7.06453264 -7.06433098 -7.06320589 -7.06154812 -7.05961666
 -7.05758051 -7.05554747 -7.05358388 -7.05172823 -7.05000051 -7.04695276
 -7.0433429  -7.0393257  -7.03693891 -7.03550172 -7.03462018 -7.03407057
 -7.03350317 -7.03327283 -7.03314507 -6.95474901 -6.99443318 -7.02029602
 -7.03682033 -7.04703006 -7.05298527 -7.0560973  -7.05733483 -7.05736193
 -7.05663205 -7.05545281 -7.05403082 -7.05250292 -7.05095789 -7.04945161
 -7.04667418 -7.0432423  -7.03930734 -7.03693558 -7.03550112 -7.03462008
 -7.03407056 -7.03350316 -7.03327283 -7.03314507]
params_e0 (3.038879474697276, 12.668096567273993, 2.096949233840006, 2.507432676935219, 12.717397289112354, 15.305254, 0.7001581, 7589.115121752718, 3.1673295620946416, 10.107775868091396, 1.4168388675360273, 0.00012012949620394992, 32.64860574453625, 15.0, 0.7234983, 30601.53305266859, 0.00037358228049499026)
reconstructed_params [3.03887947e+00 1.26680966e+01 2.09694923e+00 2.50743268e+00
 1.27173973e+01 1.53052540e+01 7.00158100e-01 3.09732700e+00
 7.58911512e+03 3.16732956e+00 1.01077759e+01 1.41683887e+00
 1.20129496e-04 3.26486057e+01 1.50000000e+01 7.23498300e-01
 3.01311700e+00 3.06015331e+04 3.73582280e-04]
saving params.txt: (3.038879474697276, 12.668096567273993, 2.096949233840006, 2.507432676935219, 12.717397289112354, 15.305254, 0.7001581, 3.097327, 7589.115121752718, 3.1673295620946416, 10.107775868091396, 1.4168388675360273, 0.00012012949620394992, 32.64860574453625, 15.0, 0.7234983, 3.013117, 30601.53305266859, 0.00037358228049499026)
saving energy.txt: [-6.97945575 -7.01007397 -7.03020434 -7.04309853 -7.05100766 -7.05550448
 -7.05769207 -7.05834381 -7.05799986 -7.05703509 -7.05570723 -7.05419128
 -7.05260402 -7.05102152 -7.04949161 -7.04668992 -7.04324612 -7.03930768
 -7.0369356  -7.03550112 -7.03462008 -7.03407056 -7.03350316 -7.03327283
 -7.03314507 -6.99773122 -7.0237508  -7.04041456 -7.05069072 -7.05662809
 -7.05964706 -7.06073305 -7.060568   -7.05962139 -7.05821389 -7.05656203
 -7.05480976 -7.05305064 -7.05134348 -7.04972335 -7.0468095  -7.0432901
 -7.03931585 -7.0369371  -7.03550139 -7.03462013 -7.03407056 -7.03350316
 -7.03327283 -7.03314507 -7.01810114 -7.03933634 -7.05221638 -7.05954875
 -7.06322723 -7.06453264 -7.06433099 -7.06320589 -7.06154812 -7.05961666
 -7.05758051 -7.05554747 -7.05358388 -7.05172823 -7.05000051 -7.04695276
 -7.0433429  -7.0393257  -7.03693891 -7.03550172 -7.03462018 -7.03407057
 -7.03350317 -7.03327283 -7.03314507 -6.95474903 -6.99443319 -7.02029603
 -7.03682034 -7.04703007 -7.05298528 -7.0560973  -7.05733483 -7.05736193
 -7.05663205 -7.05545281 -7.05403082 -7.05250292 -7.05095789 -7.04945161
 -7.04667418 -7.0432423  -7.03930734 -7.03693558 -7.03550112 -7.03462008
 -7.03407056 -7.03350316 -7.03327283 -7.03314507]
params_e0 (3.038879474697276, 12.668096567273993, 2.096949233840006, 2.507432676935219, 12.717397289112354, 15.305254, 0.7001581, 7589.115121752718, 3.1673295620946416, 10.107775717473801, 1.4168388886485717, 0.00012012949620394992, 32.64860574453625, 15.0, 0.7234983, 30601.53305266859, 0.00037358228049499026)
reconstructed_params [3.03887947e+00 1.26680966e+01 2.09694923e+00 2.50743268e+00
 1.27173973e+01 1.53052540e+01 7.00158100e-01 3.09732700e+00
 7.58911512e+03 3.16732956e+00 1.01077757e+01 1.41683889e+00
 1.20129496e-04 3.26486057e+01 1.50000000e+01 7.23498300e-01
 3.01311700e+00 3.06015331e+04 3.73582280e-04]
saving params.txt: (3.038879474697276, 12.668096567273993, 2.096949233840006, 2.507432676935219, 12.717397289112354, 15.305254, 0.7001581, 3.097327, 7589.115121752718, 3.1673295620946416, 10.107775717473801, 1.4168388886485717, 0.00012012949620394992, 32.64860574453625, 15.0, 0.7234983, 3.013117, 30601.53305266859, 0.00037358228049499026)
saving energy.txt: [-6.97945575 -7.01007397 -7.03020434 -7.04309853 -7.05100766 -7.05550448
 -7.05769207 -7.05834381 -7.05799986 -7.05703509 -7.05570723 -7.05419128
 -7.05260402 -7.05102152 -7.04949161 -7.04668992 -7.04324612 -7.03930768
 -7.0369356  -7.03550112 -7.03462008 -7.03407056 -7.03350316 -7.03327283
 -7.03314507 -6.99773122 -7.0237508  -7.04041456 -7.05069072 -7.05662809
 -7.05964706 -7.06073305 -7.060568   -7.05962139 -7.05821389 -7.05656203
 -7.05480976 -7.05305064 -7.05134348 -7.04972335 -7.0468095  -7.0432901
 -7.03931585 -7.0369371  -7.03550139 -7.03462013 -7.03407056 -7.03350316
 -7.03327283 -7.03314507 -7.01810114 -7.03933634 -7.05221638 -7.05954875
 -7.06322723 -7.06453264 -7.06433099 -7.06320589 -7.06154812 -7.05961666
 -7.05758051 -7.05554747 -7.05358388 -7.05172823 -7.05000051 -7.04695276
 -7.0433429  -7.0393257  -7.03693891 -7.03550172 -7.03462018 -7.03407057
 -7.03350317 -7.03327283 -7.03314507 -6.95474903 -6.99443319 -7.02029603
 -7.03682034 -7.04703007 -7.05298528 -7.0560973  -7.05733483 -7.05736193
 -7.05663205 -7.05545281 -7.05403082 -7.05250292 -7.05095789 -7.04945161
 -7.04667418 -7.0432423  -7.03930734 -7.03693558 -7.03550112 -7.03462008
 -7.03407056 -7.03350316 -7.03327283 -7.03314507]
params_e0 (3.038879474697276, 12.668096567273993, 2.096949233840006, 2.507432676935219, 12.717397289112354, 15.305254, 0.7001581, 7589.115121752718, 3.1673295620946416, 10.107775717473801, 1.4168388675360273, 0.00012014439736514377, 32.64860574453625, 15.0, 0.7234983, 30601.53305266859, 0.00037358228049499026)
reconstructed_params [3.03887947e+00 1.26680966e+01 2.09694923e+00 2.50743268e+00
 1.27173973e+01 1.53052540e+01 7.00158100e-01 3.09732700e+00
 7.58911512e+03 3.16732956e+00 1.01077757e+01 1.41683887e+00
 1.20144397e-04 3.26486057e+01 1.50000000e+01 7.23498300e-01
 3.01311700e+00 3.06015331e+04 3.73582280e-04]
saving params.txt: (3.038879474697276, 12.668096567273993, 2.096949233840006, 2.507432676935219, 12.717397289112354, 15.305254, 0.7001581, 3.097327, 7589.115121752718, 3.1673295620946416, 10.107775717473801, 1.4168388675360273, 0.00012014439736514377, 32.64860574453625, 15.0, 0.7234983, 3.013117, 30601.53305266859, 0.00037358228049499026)
saving energy.txt: [-6.97945575 -7.01007397 -7.03020434 -7.04309853 -7.05100766 -7.05550448
 -7.05769207 -7.05834381 -7.05799986 -7.05703509 -7.05570723 -7.05419128
 -7.05260402 -7.05102152 -7.04949161 -7.04668992 -7.04324612 -7.03930768
 -7.0369356  -7.03550112 -7.03462008 -7.03407056 -7.03350316 -7.03327283
 -7.03314507 -6.99773122 -7.0237508  -7.04041456 -7.05069072 -7.05662809
 -7.05964706 -7.06073305 -7.060568   -7.05962139 -7.05821389 -7.05656203
 -7.05480976 -7.05305064 -7.05134348 -7.04972335 -7.0468095  -7.0432901
 -7.03931585 -7.0369371  -7.03550139 -7.03462013 -7.03407056 -7.03350316
 -7.03327283 -7.03314507 -7.01810114 -7.03933634 -7.05221638 -7.05954875
 -7.06322723 -7.06453264 -7.06433099 -7.06320589 -7.06154812 -7.05961666
 -7.05758051 -7.05554747 -7.05358388 -7.05172823 -7.05000051 -7.04695276
 -7.0433429  -7.0393257  -7.03693891 -7.03550172 -7.03462018 -7.03407057
 -7.03350317 -7.03327283 -7.03314507 -6.95474903 -6.9944332  -7.02029603
 -7.03682034 -7.04703007 -7.05298528 -7.0560973  -7.05733483 -7.05736193
 -7.05663205 -7.05545281 -7.05403082 -7.05250292 -7.05095789 -7.04945161
 -7.04667418 -7.0432423  -7.03930734 -7.03693558 -7.03550112 -7.03462008
 -7.03407056 -7.03350316 -7.03327283 -7.03314507]
params_e0 (3.038879474697276, 12.668096567273993, 2.096949233840006, 2.507432676935219, 12.717397289112354, 15.305254, 0.7001581, 7589.115121752718, 3.1673295620946416, 10.107775717473801, 1.4168388675360273, 0.00012012949620394992, 32.648606231038386, 15.0, 0.7234983, 30601.53305266859, 0.00037358228049499026)
reconstructed_params [3.03887947e+00 1.26680966e+01 2.09694923e+00 2.50743268e+00
 1.27173973e+01 1.53052540e+01 7.00158100e-01 3.09732700e+00
 7.58911512e+03 3.16732956e+00 1.01077757e+01 1.41683887e+00
 1.20129496e-04 3.26486062e+01 1.50000000e+01 7.23498300e-01
 3.01311700e+00 3.06015331e+04 3.73582280e-04]
saving params.txt: (3.038879474697276, 12.668096567273993, 2.096949233840006, 2.507432676935219, 12.717397289112354, 15.305254, 0.7001581, 3.097327, 7589.115121752718, 3.1673295620946416, 10.107775717473801, 1.4168388675360273, 0.00012012949620394992, 32.648606231038386, 15.0, 0.7234983, 3.013117, 30601.53305266859, 0.00037358228049499026)
saving energy.txt: [-6.97945575 -7.01007397 -7.03020434 -7.04309853 -7.05100766 -7.05550448
 -7.05769207 -7.05834381 -7.05799986 -7.05703509 -7.05570723 -7.05419128
 -7.05260402 -7.05102152 -7.04949161 -7.04668992 -7.04324612 -7.03930768
 -7.0369356  -7.03550112 -7.03462008 -7.03407056 -7.03350316 -7.03327283
 -7.03314507 -6.99773122 -7.0237508  -7.04041456 -7.05069072 -7.05662809
 -7.05964706 -7.06073305 -7.060568   -7.05962139 -7.05821389 -7.05656203
 -7.05480976 -7.05305064 -7.05134348 -7.04972335 -7.0468095  -7.0432901
 -7.03931585 -7.0369371  -7.03550139 -7.03462013 -7.03407056 -7.03350316
 -7.03327283 -7.03314507 -7.01810114 -7.03933634 -7.05221638 -7.05954875
 -7.06322723 -7.06453264 -7.06433099 -7.06320589 -7.06154812 -7.05961666
 -7.05758051 -7.05554747 -7.05358388 -7.05172823 -7.05000051 -7.04695276
 -7.0433429  -7.0393257  -7.03693891 -7.03550172 -7.03462018 -7.03407057
 -7.03350317 -7.03327283 -7.03314507 -6.95474903 -6.99443319 -7.02029603
 -7.03682034 -7.04703007 -7.05298528 -7.0560973  -7.05733483 -7.05736193
 -7.05663205 -7.05545281 -7.05403082 -7.05250292 -7.05095789 -7.04945161
 -7.04667418 -7.0432423  -7.03930734 -7.03693558 -7.03550112 -7.03462008
 -7.03407056 -7.03350316 -7.03327283 -7.03314507]
params_e0 (3.038879474697276, 12.668096567273993, 2.096949233840006, 2.507432676935219, 12.717397289112354, 15.305254, 0.7001581, 7589.115121752718, 3.1673295620946416, 10.107775717473801, 1.4168388675360273, 0.00012012949620394992, 32.64860574453625, 15.000000223517418, 0.7234983, 30601.53305266859, 0.00037358228049499026)
reconstructed_params [3.03887947e+00 1.26680966e+01 2.09694923e+00 2.50743268e+00
 1.27173973e+01 1.53052540e+01 7.00158100e-01 3.09732700e+00
 7.58911512e+03 3.16732956e+00 1.01077757e+01 1.41683887e+00
 1.20129496e-04 3.26486057e+01 1.50000002e+01 7.23498300e-01
 3.01311700e+00 3.06015331e+04 3.73582280e-04]
saving params.txt: (3.038879474697276, 12.668096567273993, 2.096949233840006, 2.507432676935219, 12.717397289112354, 15.305254, 0.7001581, 3.097327, 7589.115121752718, 3.1673295620946416, 10.107775717473801, 1.4168388675360273, 0.00012012949620394992, 32.64860574453625, 15.000000223517418, 0.7234983, 3.013117, 30601.53305266859, 0.00037358228049499026)
saving energy.txt: [-6.97945575 -7.01007397 -7.03020434 -7.04309853 -7.05100766 -7.05550448
 -7.05769207 -7.05834381 -7.05799986 -7.05703509 -7.05570723 -7.05419128
 -7.05260402 -7.05102152 -7.04949161 -7.04668992 -7.04324612 -7.03930768
 -7.0369356  -7.03550112 -7.03462008 -7.03407056 -7.03350316 -7.03327283
 -7.03314507 -6.99773122 -7.0237508  -7.04041456 -7.05069072 -7.05662809
 -7.05964706 -7.06073305 -7.060568   -7.05962139 -7.05821389 -7.05656203
 -7.05480976 -7.05305064 -7.05134348 -7.04972335 -7.0468095  -7.0432901
 -7.03931585 -7.0369371  -7.03550139 -7.03462013 -7.03407056 -7.03350316
 -7.03327283 -7.03314507 -7.01810114 -7.03933634 -7.05221638 -7.05954875
 -7.06322723 -7.06453264 -7.06433099 -7.06320589 -7.06154812 -7.05961666
 -7.05758051 -7.05554747 -7.05358388 -7.05172823 -7.05000051 -7.04695276
 -7.0433429  -7.0393257  -7.03693891 -7.03550172 -7.03462018 -7.03407057
 -7.03350317 -7.03327283 -7.03314507 -6.95474903 -6.9944332  -7.02029603
 -7.03682034 -7.04703007 -7.05298528 -7.0560973  -7.05733483 -7.05736193
 -7.05663205 -7.05545281 -7.05403082 -7.05250292 -7.05095789 -7.04945161
 -7.04667418 -7.0432423  -7.03930734 -7.03693558 -7.03550112 -7.03462008
 -7.03407056 -7.03350316 -7.03327283 -7.03314507]
params_e0 (3.038879474697276, 12.668096567273993, 2.096949233840006, 2.507432676935219, 12.717397289112354, 15.305254, 0.7001581, 7589.115121752718, 3.1673295620946416, 10.107775717473801, 1.4168388675360273, 0.00012012949620394992, 32.64860574453625, 15.0, 0.7234983149011612, 30601.53305266859, 0.00037358228049499026)
reconstructed_params [3.03887947e+00 1.26680966e+01 2.09694923e+00 2.50743268e+00
 1.27173973e+01 1.53052540e+01 7.00158100e-01 3.09732700e+00
 7.58911512e+03 3.16732956e+00 1.01077757e+01 1.41683887e+00
 1.20129496e-04 3.26486057e+01 1.50000000e+01 7.23498315e-01
 3.01311700e+00 3.06015331e+04 3.73582280e-04]
saving params.txt: (3.038879474697276, 12.668096567273993, 2.096949233840006, 2.507432676935219, 12.717397289112354, 15.305254, 0.7001581, 3.097327, 7589.115121752718, 3.1673295620946416, 10.107775717473801, 1.4168388675360273, 0.00012012949620394992, 32.64860574453625, 15.0, 0.7234983149011612, 3.013117, 30601.53305266859, 0.00037358228049499026)
saving energy.txt: [-6.97945575 -7.01007397 -7.03020434 -7.04309853 -7.05100766 -7.05550448
 -7.05769207 -7.05834381 -7.05799986 -7.05703509 -7.05570723 -7.05419128
 -7.05260402 -7.05102152 -7.04949161 -7.04668992 -7.04324612 -7.03930768
 -7.0369356  -7.03550112 -7.03462008 -7.03407056 -7.03350316 -7.03327283
 -7.03314507 -6.99773122 -7.0237508  -7.04041456 -7.05069072 -7.05662809
 -7.05964706 -7.06073305 -7.060568   -7.05962139 -7.05821389 -7.05656203
 -7.05480976 -7.05305064 -7.05134348 -7.04972335 -7.0468095  -7.0432901
 -7.03931585 -7.0369371  -7.03550139 -7.03462013 -7.03407056 -7.03350316
 -7.03327283 -7.03314507 -7.01810114 -7.03933634 -7.05221638 -7.05954875
 -7.06322723 -7.06453264 -7.06433099 -7.06320589 -7.06154812 -7.05961666
 -7.05758051 -7.05554747 -7.05358388 -7.05172823 -7.05000051 -7.04695276
 -7.0433429  -7.0393257  -7.03693891 -7.03550172 -7.03462018 -7.03407057
 -7.03350317 -7.03327283 -7.03314507 -6.95474903 -6.9944332  -7.02029603
 -7.03682034 -7.04703007 -7.05298528 -7.0560973  -7.05733483 -7.05736193
 -7.05663205 -7.05545281 -7.05403082 -7.05250292 -7.05095789 -7.04945161
 -7.04667418 -7.0432423  -7.03930734 -7.03693558 -7.03550112 -7.03462008
 -7.03407056 -7.03350316 -7.03327283 -7.03314507]
params_e0 (3.038879474697276, 12.668096567273993, 2.096949233840006, 2.507432676935219, 12.717397289112354, 15.305254, 0.7001581, 7589.115121752718, 3.1673295620946416, 10.107775717473801, 1.4168388675360273, 0.00012012949620394992, 32.64860574453625, 15.0, 0.7234983, 30601.533508666966, 0.00037358228049499026)
reconstructed_params [3.03887947e+00 1.26680966e+01 2.09694923e+00 2.50743268e+00
 1.27173973e+01 1.53052540e+01 7.00158100e-01 3.09732700e+00
 7.58911512e+03 3.16732956e+00 1.01077757e+01 1.41683887e+00
 1.20129496e-04 3.26486057e+01 1.50000000e+01 7.23498300e-01
 3.01311700e+00 3.06015335e+04 3.73582280e-04]
saving params.txt: (3.038879474697276, 12.668096567273993, 2.096949233840006, 2.507432676935219, 12.717397289112354, 15.305254, 0.7001581, 3.097327, 7589.115121752718, 3.1673295620946416, 10.107775717473801, 1.4168388675360273, 0.00012012949620394992, 32.64860574453625, 15.0, 0.7234983, 3.013117, 30601.533508666966, 0.00037358228049499026)
saving energy.txt: [-6.97945575 -7.01007397 -7.03020435 -7.04309853 -7.05100766 -7.05550448
 -7.05769207 -7.05834381 -7.05799986 -7.05703509 -7.05570723 -7.05419128
 -7.05260402 -7.05102152 -7.04949161 -7.04668992 -7.04324612 -7.03930768
 -7.0369356  -7.03550112 -7.03462008 -7.03407056 -7.03350316 -7.03327283
 -7.03314507 -6.99773122 -7.0237508  -7.04041456 -7.05069072 -7.05662809
 -7.05964706 -7.06073305 -7.060568   -7.05962139 -7.05821389 -7.05656203
 -7.05480976 -7.05305064 -7.05134349 -7.04972335 -7.0468095  -7.0432901
 -7.03931585 -7.0369371  -7.03550139 -7.03462013 -7.03407056 -7.03350316
 -7.03327283 -7.03314507 -7.01810114 -7.03933634 -7.05221638 -7.05954876
 -7.06322723 -7.06453264 -7.06433099 -7.06320589 -7.06154812 -7.05961666
 -7.05758051 -7.05554747 -7.05358388 -7.05172823 -7.05000051 -7.04695276
 -7.0433429  -7.0393257  -7.03693891 -7.03550172 -7.03462018 -7.03407057
 -7.03350317 -7.03327283 -7.03314507 -6.95474903 -6.9944332  -7.02029603
 -7.03682034 -7.04703007 -7.05298528 -7.0560973  -7.05733483 -7.05736193
 -7.05663205 -7.05545281 -7.05403082 -7.05250292 -7.05095789 -7.04945161
 -7.04667418 -7.0432423  -7.03930734 -7.03693558 -7.03550112 -7.03462008
 -7.03407056 -7.03350316 -7.03327283 -7.03314507]
params_e0 (3.038879474697276, 12.668096567273993, 2.096949233840006, 2.507432676935219, 12.717397289112354, 15.305254, 0.7001581, 7589.115121752718, 3.1673295620946416, 10.107775717473801, 1.4168388675360273, 0.00012012949620394992, 32.64860574453625, 15.0, 0.7234983, 30601.53305266859, 0.0003735971816561841)
reconstructed_params [3.03887947e+00 1.26680966e+01 2.09694923e+00 2.50743268e+00
 1.27173973e+01 1.53052540e+01 7.00158100e-01 3.09732700e+00
 7.58911512e+03 3.16732956e+00 1.01077757e+01 1.41683887e+00
 1.20129496e-04 3.26486057e+01 1.50000000e+01 7.23498300e-01
 3.01311700e+00 3.06015331e+04 3.73597182e-04]
saving params.txt: (3.038879474697276, 12.668096567273993, 2.096949233840006, 2.507432676935219, 12.717397289112354, 15.305254, 0.7001581, 3.097327, 7589.115121752718, 3.1673295620946416, 10.107775717473801, 1.4168388675360273, 0.00012012949620394992, 32.64860574453625, 15.0, 0.7234983, 3.013117, 30601.53305266859, 0.0003735971816561841)
saving energy.txt: [-6.97945573 -7.01007395 -7.03020433 -7.04309852 -7.05100765 -7.05550446
 -7.05769206 -7.05834379 -7.05799984 -7.05703507 -7.05570722 -7.05419127
 -7.052604   -7.05102151 -7.04949159 -7.0466899  -7.04324611 -7.03930767
 -7.03693559 -7.0355011  -7.03462006 -7.03407054 -7.03350315 -7.03327281
 -7.03314506 -6.99773121 -7.02375078 -7.04041454 -7.05069071 -7.05662807
 -7.05964705 -7.06073304 -7.06056798 -7.05962138 -7.05821387 -7.05656202
 -7.05480975 -7.05305063 -7.05134347 -7.04972333 -7.04680949 -7.04329008
 -7.03931584 -7.03693708 -7.03550137 -7.03462011 -7.03407055 -7.03350315
 -7.03327281 -7.03314506 -7.01810112 -7.03933633 -7.05221636 -7.05954874
 -7.06322722 -7.06453262 -7.06433097 -7.06320588 -7.06154811 -7.05961664
 -7.0575805  -7.05554746 -7.05358387 -7.05172821 -7.0500005  -7.04695274
 -7.04334289 -7.03932569 -7.03693889 -7.0355017  -7.03462017 -7.03407056
 -7.03350315 -7.03327281 -7.03314506 -6.95474901 -6.99443318 -7.02029601
 -7.03682032 -7.04703005 -7.05298526 -7.05609729 -7.05733482 -7.05736191
 -7.05663204 -7.05545279 -7.0540308  -7.0525029  -7.05095788 -7.0494516
 -7.04667417 -7.04324228 -7.03930733 -7.03693556 -7.0355011  -7.03462006
 -7.03407054 -7.03350315 -7.03327281 -7.03314506]
params_e0 (3.038879564239409, 12.668096567560974, 2.096949238587099, 2.507432677551428, 12.717397290516884, 15.30525400001195, 0.7001580956821549, 7589.115121735976, 3.1673296938286764, 10.107775718471592, 1.4168389024751689, 0.0001201296338139354, 32.64860574576905, 14.999999999727079, 0.7234983034215302, 30601.533052604147, 0.00037474491614706776)
reconstructed_params [3.03887956e+00 1.26680966e+01 2.09694924e+00 2.50743268e+00
 1.27173973e+01 1.53052540e+01 7.00158096e-01 3.09732700e+00
 7.58911512e+03 3.16732969e+00 1.01077757e+01 1.41683890e+00
 1.20129634e-04 3.26486057e+01 1.50000000e+01 7.23498303e-01
 3.01311700e+00 3.06015331e+04 3.74744916e-04]
saving params.txt: (3.038879564239409, 12.668096567560974, 2.096949238587099, 2.507432677551428, 12.717397290516884, 15.30525400001195, 0.7001580956821549, 3.097327, 7589.115121735976, 3.1673296938286764, 10.107775718471592, 1.4168389024751689, 0.0001201296338139354, 32.64860574576905, 14.999999999727079, 0.7234983034215302, 3.013117, 30601.533052604147, 0.00037474491614706776)
saving energy.txt: [-6.97945452 -7.01007276 -7.03020315 -7.04309734 -7.05100648 -7.0555033
 -7.0576909  -7.05834264 -7.05799869 -7.05703392 -7.05570607 -7.05419012
 -7.05260285 -7.05102036 -7.04949044 -7.04668875 -7.04324496 -7.03930652
 -7.03693444 -7.03549996 -7.03461891 -7.03406939 -7.033502   -7.03327167
 -7.03314391 -6.99773    -7.02374959 -7.04041336 -7.05068954 -7.05662691
 -7.05964589 -7.06073188 -7.06056683 -7.05962022 -7.05821272 -7.05656087
 -7.0548086  -7.05304948 -7.05134232 -7.04972219 -7.04680834 -7.04328894
 -7.03931469 -7.03693594 -7.03550023 -7.03461896 -7.0340694  -7.033502
 -7.03327167 -7.03314391 -7.01809993 -7.03933514 -7.05221519 -7.05954757
 -7.06322605 -7.06453146 -7.06432982 -7.06320472 -7.06154695 -7.05961549
 -7.05757935 -7.05554631 -7.05358272 -7.05172707 -7.04999935 -7.04695159
 -7.04334174 -7.03932454 -7.03693775 -7.03550056 -7.03461902 -7.03406941
 -7.033502   -7.03327167 -7.03314391 -6.9547478  -6.99443198 -7.02029483
 -7.03681915 -7.04702888 -7.0529841  -7.05609613 -7.05733366 -7.05736076
 -7.05663089 -7.05545164 -7.05402965 -7.05250175 -7.05095673 -7.04945045
 -7.04667302 -7.04324113 -7.03930618 -7.03693441 -7.03549996 -7.03461891
 -7.03406939 -7.033502   -7.03327167 -7.03314391]
params_e0 (3.0388796095222435, 12.668096567560974, 2.096949238587099, 2.507432677551428, 12.717397290516884, 15.30525400001195, 0.7001580956821549, 7589.115121735976, 3.1673296938286764, 10.107775718471592, 1.4168389024751689, 0.0001201296338139354, 32.64860574576905, 14.999999999727079, 0.7234983034215302, 30601.533052604147, 0.00037474491614706776)
reconstructed_params [3.03887961e+00 1.26680966e+01 2.09694924e+00 2.50743268e+00
 1.27173973e+01 1.53052540e+01 7.00158096e-01 3.09732700e+00
 7.58911512e+03 3.16732969e+00 1.01077757e+01 1.41683890e+00
 1.20129634e-04 3.26486057e+01 1.50000000e+01 7.23498303e-01
 3.01311700e+00 3.06015331e+04 3.74744916e-04]
saving params.txt: (3.0388796095222435, 12.668096567560974, 2.096949238587099, 2.507432677551428, 12.717397290516884, 15.30525400001195, 0.7001580956821549, 3.097327, 7589.115121735976, 3.1673296938286764, 10.107775718471592, 1.4168389024751689, 0.0001201296338139354, 32.64860574576905, 14.999999999727079, 0.7234983034215302, 3.013117, 30601.533052604147, 0.00037474491614706776)
saving energy.txt: [-6.97945452 -7.01007275 -7.03020314 -7.04309734 -7.05100648 -7.0555033
 -7.0576909  -7.05834264 -7.05799869 -7.05703392 -7.05570607 -7.05419012
 -7.05260285 -7.05102036 -7.04949044 -7.04668875 -7.04324496 -7.03930652
 -7.03693444 -7.03549996 -7.03461891 -7.03406939 -7.033502   -7.03327167
 -7.03314391 -6.99772999 -7.02374958 -7.04041336 -7.05068953 -7.0566269
 -7.05964588 -7.06073188 -7.06056683 -7.05962022 -7.05821272 -7.05656086
 -7.0548086  -7.05304948 -7.05134232 -7.04972219 -7.04680834 -7.04328894
 -7.03931469 -7.03693594 -7.03550023 -7.03461896 -7.0340694  -7.033502
 -7.03327167 -7.03314391 -7.01809991 -7.03933514 -7.05221518 -7.05954757
 -7.06322605 -7.06453146 -7.06432981 -7.06320472 -7.06154695 -7.05961549
 -7.05757935 -7.05554631 -7.05358272 -7.05172706 -7.04999935 -7.04695159
 -7.04334174 -7.03932454 -7.03693775 -7.03550056 -7.03461902 -7.03406941
 -7.033502   -7.03327167 -7.03314391 -6.95474778 -6.99443197 -7.02029482
 -7.03681914 -7.04702888 -7.0529841  -7.05609613 -7.05733366 -7.05736076
 -7.05663088 -7.05545164 -7.05402965 -7.05250175 -7.05095673 -7.04945045
 -7.04667302 -7.04324113 -7.03930618 -7.03693441 -7.03549996 -7.03461891
 -7.03406939 -7.033502   -7.03327167 -7.03314391]
params_e0 (3.038879564239409, 12.668096756330323, 2.096949238587099, 2.507432677551428, 12.717397290516884, 15.30525400001195, 0.7001580956821549, 7589.115121735976, 3.1673296938286764, 10.107775718471592, 1.4168389024751689, 0.0001201296338139354, 32.64860574576905, 14.999999999727079, 0.7234983034215302, 30601.533052604147, 0.00037474491614706776)
reconstructed_params [3.03887956e+00 1.26680968e+01 2.09694924e+00 2.50743268e+00
 1.27173973e+01 1.53052540e+01 7.00158096e-01 3.09732700e+00
 7.58911512e+03 3.16732969e+00 1.01077757e+01 1.41683890e+00
 1.20129634e-04 3.26486057e+01 1.50000000e+01 7.23498303e-01
 3.01311700e+00 3.06015331e+04 3.74744916e-04]
saving params.txt: (3.038879564239409, 12.668096756330323, 2.096949238587099, 2.507432677551428, 12.717397290516884, 15.30525400001195, 0.7001580956821549, 3.097327, 7589.115121735976, 3.1673296938286764, 10.107775718471592, 1.4168389024751689, 0.0001201296338139354, 32.64860574576905, 14.999999999727079, 0.7234983034215302, 3.013117, 30601.533052604147, 0.00037474491614706776)
saving energy.txt: [-6.97945452 -7.01007276 -7.03020315 -7.04309734 -7.05100648 -7.0555033
 -7.0576909  -7.05834264 -7.05799869 -7.05703392 -7.05570607 -7.05419012
 -7.05260285 -7.05102036 -7.04949044 -7.04668875 -7.04324496 -7.03930652
 -7.03693444 -7.03549996 -7.03461891 -7.03406939 -7.033502   -7.03327167
 -7.03314391 -6.99773    -7.02374959 -7.04041336 -7.05068954 -7.05662691
 -7.05964589 -7.06073188 -7.06056683 -7.05962022 -7.05821272 -7.05656087
 -7.0548086  -7.05304948 -7.05134232 -7.04972219 -7.04680834 -7.04328894
 -7.03931469 -7.03693594 -7.03550023 -7.03461896 -7.0340694  -7.033502
 -7.03327167 -7.03314391 -7.01809992 -7.03933514 -7.05221519 -7.05954757
 -7.06322605 -7.06453146 -7.06432982 -7.06320472 -7.06154695 -7.05961549
 -7.05757935 -7.05554631 -7.05358272 -7.05172707 -7.04999935 -7.04695159
 -7.04334174 -7.03932454 -7.03693775 -7.03550056 -7.03461902 -7.03406941
 -7.033502   -7.03327167 -7.03314391 -6.95474779 -6.99443198 -7.02029483
 -7.03681915 -7.04702888 -7.0529841  -7.05609613 -7.05733366 -7.05736076
 -7.05663089 -7.05545164 -7.05402965 -7.05250175 -7.05095673 -7.04945045
 -7.04667302 -7.04324113 -7.03930618 -7.03693441 -7.03549996 -7.03461891
 -7.03406939 -7.033502   -7.03327167 -7.03314391]
params_e0 (3.038879564239409, 12.668096567560974, 2.0969492698340777, 2.507432677551428, 12.717397290516884, 15.30525400001195, 0.7001580956821549, 7589.115121735976, 3.1673296938286764, 10.107775718471592, 1.4168389024751689, 0.0001201296338139354, 32.64860574576905, 14.999999999727079, 0.7234983034215302, 30601.533052604147, 0.00037474491614706776)
reconstructed_params [3.03887956e+00 1.26680966e+01 2.09694927e+00 2.50743268e+00
 1.27173973e+01 1.53052540e+01 7.00158096e-01 3.09732700e+00
 7.58911512e+03 3.16732969e+00 1.01077757e+01 1.41683890e+00
 1.20129634e-04 3.26486057e+01 1.50000000e+01 7.23498303e-01
 3.01311700e+00 3.06015331e+04 3.74744916e-04]
saving params.txt: (3.038879564239409, 12.668096567560974, 2.0969492698340777, 2.507432677551428, 12.717397290516884, 15.30525400001195, 0.7001580956821549, 3.097327, 7589.115121735976, 3.1673296938286764, 10.107775718471592, 1.4168389024751689, 0.0001201296338139354, 32.64860574576905, 14.999999999727079, 0.7234983034215302, 3.013117, 30601.533052604147, 0.00037474491614706776)
saving energy.txt: [-6.97945452 -7.01007276 -7.03020315 -7.04309734 -7.05100648 -7.0555033
 -7.0576909  -7.05834264 -7.05799869 -7.05703392 -7.05570607 -7.05419012
 -7.05260285 -7.05102036 -7.04949044 -7.04668875 -7.04324496 -7.03930652
 -7.03693444 -7.03549996 -7.03461891 -7.03406939 -7.033502   -7.03327167
 -7.03314391 -6.99773    -7.02374959 -7.04041336 -7.05068954 -7.05662691
 -7.05964589 -7.06073188 -7.06056683 -7.05962022 -7.05821272 -7.05656087
 -7.0548086  -7.05304948 -7.05134232 -7.04972219 -7.04680834 -7.04328894
 -7.03931469 -7.03693594 -7.03550023 -7.03461896 -7.0340694  -7.033502
 -7.03327167 -7.03314391 -7.01809993 -7.03933514 -7.05221519 -7.05954757
 -7.06322605 -7.06453146 -7.06432982 -7.06320472 -7.06154695 -7.05961549
 -7.05757935 -7.05554631 -7.05358272 -7.05172707 -7.04999935 -7.04695159
 -7.04334174 -7.03932454 -7.03693775 -7.03550056 -7.03461902 -7.03406941
 -7.033502   -7.03327167 -7.03314391 -6.9547478  -6.99443198 -7.02029483
 -7.03681915 -7.04702888 -7.0529841  -7.05609613 -7.05733366 -7.05736076
 -7.05663089 -7.05545164 -7.05402965 -7.05250175 -7.05095673 -7.04945045
 -7.04667302 -7.04324113 -7.03930618 -7.03693441 -7.03549996 -7.03461891
 -7.03406939 -7.033502   -7.03327167 -7.03314391]
params_e0 (3.038879564239409, 12.668096567560974, 2.096949238587099, 2.5074327149150863, 12.717397290516884, 15.30525400001195, 0.7001580956821549, 7589.115121735976, 3.1673296938286764, 10.107775718471592, 1.4168389024751689, 0.0001201296338139354, 32.64860574576905, 14.999999999727079, 0.7234983034215302, 30601.533052604147, 0.00037474491614706776)
reconstructed_params [3.03887956e+00 1.26680966e+01 2.09694924e+00 2.50743271e+00
 1.27173973e+01 1.53052540e+01 7.00158096e-01 3.09732700e+00
 7.58911512e+03 3.16732969e+00 1.01077757e+01 1.41683890e+00
 1.20129634e-04 3.26486057e+01 1.50000000e+01 7.23498303e-01
 3.01311700e+00 3.06015331e+04 3.74744916e-04]
saving params.txt: (3.038879564239409, 12.668096567560974, 2.096949238587099, 2.5074327149150863, 12.717397290516884, 15.30525400001195, 0.7001580956821549, 3.097327, 7589.115121735976, 3.1673296938286764, 10.107775718471592, 1.4168389024751689, 0.0001201296338139354, 32.64860574576905, 14.999999999727079, 0.7234983034215302, 3.013117, 30601.533052604147, 0.00037474491614706776)
saving energy.txt: [-6.97945452 -7.01007276 -7.03020315 -7.04309734 -7.05100648 -7.0555033
 -7.0576909  -7.05834264 -7.05799869 -7.05703392 -7.05570607 -7.05419012
 -7.05260285 -7.05102036 -7.04949044 -7.04668875 -7.04324496 -7.03930652
 -7.03693444 -7.03549996 -7.03461891 -7.03406939 -7.033502   -7.03327167
 -7.03314391 -6.99773    -7.02374959 -7.04041336 -7.05068954 -7.05662691
 -7.05964589 -7.06073188 -7.06056683 -7.05962022 -7.05821272 -7.05656087
 -7.0548086  -7.05304948 -7.05134232 -7.04972219 -7.04680834 -7.04328894
 -7.03931469 -7.03693594 -7.03550023 -7.03461896 -7.0340694  -7.033502
 -7.03327167 -7.03314391 -7.01809993 -7.03933514 -7.05221519 -7.05954757
 -7.06322605 -7.06453146 -7.06432982 -7.06320472 -7.06154695 -7.05961549
 -7.05757935 -7.05554631 -7.05358272 -7.05172707 -7.04999935 -7.04695159
 -7.04334174 -7.03932454 -7.03693775 -7.03550056 -7.03461902 -7.03406941
 -7.033502   -7.03327167 -7.03314391 -6.9547478  -6.99443198 -7.02029483
 -7.03681915 -7.04702888 -7.0529841  -7.05609613 -7.05733366 -7.05736076
 -7.05663089 -7.05545164 -7.05402965 -7.05250175 -7.05095673 -7.04945045
 -7.04667302 -7.04324113 -7.03930618 -7.03693441 -7.03549996 -7.03461891
 -7.03406939 -7.033502   -7.03327167 -7.03314391]
params_e0 (3.038879564239409, 12.668096567560974, 2.096949238587099, 2.507432677551428, 12.717397480020871, 15.30525400001195, 0.7001580956821549, 7589.115121735976, 3.1673296938286764, 10.107775718471592, 1.4168389024751689, 0.0001201296338139354, 32.64860574576905, 14.999999999727079, 0.7234983034215302, 30601.533052604147, 0.00037474491614706776)
reconstructed_params [3.03887956e+00 1.26680966e+01 2.09694924e+00 2.50743268e+00
 1.27173975e+01 1.53052540e+01 7.00158096e-01 3.09732700e+00
 7.58911512e+03 3.16732969e+00 1.01077757e+01 1.41683890e+00
 1.20129634e-04 3.26486057e+01 1.50000000e+01 7.23498303e-01
 3.01311700e+00 3.06015331e+04 3.74744916e-04]
saving params.txt: (3.038879564239409, 12.668096567560974, 2.096949238587099, 2.507432677551428, 12.717397480020871, 15.30525400001195, 0.7001580956821549, 3.097327, 7589.115121735976, 3.1673296938286764, 10.107775718471592, 1.4168389024751689, 0.0001201296338139354, 32.64860574576905, 14.999999999727079, 0.7234983034215302, 3.013117, 30601.533052604147, 0.00037474491614706776)
saving energy.txt: [-6.97945452 -7.01007276 -7.03020315 -7.04309734 -7.05100648 -7.0555033
 -7.0576909  -7.05834264 -7.05799869 -7.05703392 -7.05570607 -7.05419012
 -7.05260285 -7.05102036 -7.04949044 -7.04668875 -7.04324496 -7.03930652
 -7.03693444 -7.03549996 -7.03461891 -7.03406939 -7.033502   -7.03327167
 -7.03314391 -6.99773    -7.02374959 -7.04041336 -7.05068954 -7.05662691
 -7.05964589 -7.06073188 -7.06056683 -7.05962022 -7.05821272 -7.05656087
 -7.0548086  -7.05304948 -7.05134232 -7.04972219 -7.04680834 -7.04328894
 -7.03931469 -7.03693594 -7.03550023 -7.03461896 -7.0340694  -7.033502
 -7.03327167 -7.03314391 -7.01809992 -7.03933514 -7.05221519 -7.05954757
 -7.06322605 -7.06453146 -7.06432982 -7.06320472 -7.06154695 -7.05961549
 -7.05757935 -7.05554631 -7.05358272 -7.05172707 -7.04999935 -7.04695159
 -7.04334174 -7.03932454 -7.03693775 -7.03550056 -7.03461902 -7.03406941
 -7.033502   -7.03327167 -7.03314391 -6.9547478  -6.99443198 -7.02029483
 -7.03681915 -7.04702888 -7.0529841  -7.05609613 -7.05733366 -7.05736076
 -7.05663089 -7.05545164 -7.05402965 -7.05250175 -7.05095673 -7.04945045
 -7.04667302 -7.04324113 -7.03930618 -7.03693441 -7.03549996 -7.03461891
 -7.03406939 -7.033502   -7.03327167 -7.03314391]
params_e0 (3.038879564239409, 12.668096567560974, 2.096949238587099, 2.507432677551428, 12.717397290516884, 15.305254228078006, 0.7001580956821549, 7589.115121735976, 3.1673296938286764, 10.107775718471592, 1.4168389024751689, 0.0001201296338139354, 32.64860574576905, 14.999999999727079, 0.7234983034215302, 30601.533052604147, 0.00037474491614706776)
reconstructed_params [3.03887956e+00 1.26680966e+01 2.09694924e+00 2.50743268e+00
 1.27173973e+01 1.53052542e+01 7.00158096e-01 3.09732700e+00
 7.58911512e+03 3.16732969e+00 1.01077757e+01 1.41683890e+00
 1.20129634e-04 3.26486057e+01 1.50000000e+01 7.23498303e-01
 3.01311700e+00 3.06015331e+04 3.74744916e-04]
saving params.txt: (3.038879564239409, 12.668096567560974, 2.096949238587099, 2.507432677551428, 12.717397290516884, 15.305254228078006, 0.7001580956821549, 3.097327, 7589.115121735976, 3.1673296938286764, 10.107775718471592, 1.4168389024751689, 0.0001201296338139354, 32.64860574576905, 14.999999999727079, 0.7234983034215302, 3.013117, 30601.533052604147, 0.00037474491614706776)
saving energy.txt: [-6.97945452 -7.01007276 -7.03020315 -7.04309734 -7.05100648 -7.0555033
 -7.0576909  -7.05834264 -7.05799869 -7.05703392 -7.05570607 -7.05419012
 -7.05260285 -7.05102036 -7.04949044 -7.04668875 -7.04324496 -7.03930652
 -7.03693444 -7.03549996 -7.03461891 -7.03406939 -7.033502   -7.03327167
 -7.03314391 -6.99773    -7.02374959 -7.04041336 -7.05068954 -7.05662691
 -7.05964589 -7.06073188 -7.06056683 -7.05962022 -7.05821272 -7.05656087
 -7.0548086  -7.05304948 -7.05134232 -7.04972219 -7.04680834 -7.04328894
 -7.03931469 -7.03693594 -7.03550023 -7.03461896 -7.0340694  -7.033502
 -7.03327167 -7.03314391 -7.01809993 -7.03933514 -7.05221519 -7.05954757
 -7.06322605 -7.06453146 -7.06432982 -7.06320472 -7.06154695 -7.05961549
 -7.05757935 -7.05554631 -7.05358272 -7.05172707 -7.04999935 -7.04695159
 -7.04334174 -7.03932454 -7.03693775 -7.03550056 -7.03461902 -7.03406941
 -7.033502   -7.03327167 -7.03314391 -6.9547478  -6.99443198 -7.02029483
 -7.03681915 -7.04702888 -7.0529841  -7.05609613 -7.05733366 -7.05736076
 -7.05663089 -7.05545164 -7.05402965 -7.05250175 -7.05095673 -7.04945045
 -7.04667302 -7.04324113 -7.03930618 -7.03693441 -7.03549996 -7.03461891
 -7.03406939 -7.033502   -7.03327167 -7.03314391]
params_e0 (3.038879564239409, 12.668096567560974, 2.096949238587099, 2.507432677551428, 12.717397290516884, 15.30525400001195, 0.7001581105833161, 7589.115121735976, 3.1673296938286764, 10.107775718471592, 1.4168389024751689, 0.0001201296338139354, 32.64860574576905, 14.999999999727079, 0.7234983034215302, 30601.533052604147, 0.00037474491614706776)
reconstructed_params [3.03887956e+00 1.26680966e+01 2.09694924e+00 2.50743268e+00
 1.27173973e+01 1.53052540e+01 7.00158111e-01 3.09732700e+00
 7.58911512e+03 3.16732969e+00 1.01077757e+01 1.41683890e+00
 1.20129634e-04 3.26486057e+01 1.50000000e+01 7.23498303e-01
 3.01311700e+00 3.06015331e+04 3.74744916e-04]
saving params.txt: (3.038879564239409, 12.668096567560974, 2.096949238587099, 2.507432677551428, 12.717397290516884, 15.30525400001195, 0.7001581105833161, 3.097327, 7589.115121735976, 3.1673296938286764, 10.107775718471592, 1.4168389024751689, 0.0001201296338139354, 32.64860574576905, 14.999999999727079, 0.7234983034215302, 3.013117, 30601.533052604147, 0.00037474491614706776)
saving energy.txt: [-6.97945452 -7.01007276 -7.03020315 -7.04309734 -7.05100648 -7.0555033
 -7.0576909  -7.05834264 -7.05799869 -7.05703392 -7.05570607 -7.05419012
 -7.05260285 -7.05102036 -7.04949044 -7.04668875 -7.04324496 -7.03930652
 -7.03693444 -7.03549996 -7.03461891 -7.03406939 -7.033502   -7.03327167
 -7.03314391 -6.99773    -7.02374959 -7.04041336 -7.05068954 -7.05662691
 -7.05964589 -7.06073188 -7.06056683 -7.05962022 -7.05821272 -7.05656087
 -7.0548086  -7.05304948 -7.05134232 -7.04972219 -7.04680834 -7.04328894
 -7.03931469 -7.03693594 -7.03550023 -7.03461896 -7.0340694  -7.033502
 -7.03327167 -7.03314391 -7.01809993 -7.03933514 -7.05221519 -7.05954757
 -7.06322605 -7.06453146 -7.06432982 -7.06320472 -7.06154695 -7.05961549
 -7.05757935 -7.05554631 -7.05358272 -7.05172707 -7.04999935 -7.04695159
 -7.04334174 -7.03932454 -7.03693775 -7.03550056 -7.03461902 -7.03406941
 -7.033502   -7.03327167 -7.03314391 -6.9547478  -6.99443198 -7.02029483
 -7.03681915 -7.04702888 -7.0529841  -7.05609613 -7.05733366 -7.05736076
 -7.05663089 -7.05545164 -7.05402965 -7.05250175 -7.05095673 -7.04945045
 -7.04667302 -7.04324113 -7.03930618 -7.03693441 -7.03549996 -7.03461891
 -7.03406939 -7.033502   -7.03327167 -7.03314391]
params_e0 (3.038879564239409, 12.668096567560974, 2.096949238587099, 2.507432677551428, 12.717397290516884, 15.30525400001195, 0.7001580956821549, 7589.115234822603, 3.1673296938286764, 10.107775718471592, 1.4168389024751689, 0.0001201296338139354, 32.64860574576905, 14.999999999727079, 0.7234983034215302, 30601.533052604147, 0.00037474491614706776)
reconstructed_params [3.03887956e+00 1.26680966e+01 2.09694924e+00 2.50743268e+00
 1.27173973e+01 1.53052540e+01 7.00158096e-01 3.09732700e+00
 7.58911523e+03 3.16732969e+00 1.01077757e+01 1.41683890e+00
 1.20129634e-04 3.26486057e+01 1.50000000e+01 7.23498303e-01
 3.01311700e+00 3.06015331e+04 3.74744916e-04]
saving params.txt: (3.038879564239409, 12.668096567560974, 2.096949238587099, 2.507432677551428, 12.717397290516884, 15.30525400001195, 0.7001580956821549, 3.097327, 7589.115234822603, 3.1673296938286764, 10.107775718471592, 1.4168389024751689, 0.0001201296338139354, 32.64860574576905, 14.999999999727079, 0.7234983034215302, 3.013117, 30601.533052604147, 0.00037474491614706776)
saving energy.txt: [-6.97945452 -7.01007276 -7.03020315 -7.04309734 -7.05100648 -7.0555033
 -7.0576909  -7.05834264 -7.05799869 -7.05703392 -7.05570607 -7.05419012
 -7.05260285 -7.05102036 -7.04949044 -7.04668875 -7.04324496 -7.03930652
 -7.03693444 -7.03549996 -7.03461891 -7.03406939 -7.033502   -7.03327167
 -7.03314391 -6.99773    -7.02374959 -7.04041336 -7.05068954 -7.05662691
 -7.05964589 -7.06073188 -7.06056683 -7.05962022 -7.05821272 -7.05656087
 -7.0548086  -7.05304948 -7.05134232 -7.04972219 -7.04680834 -7.04328894
 -7.03931469 -7.03693594 -7.03550023 -7.03461896 -7.0340694  -7.033502
 -7.03327167 -7.03314391 -7.01809993 -7.03933514 -7.05221519 -7.05954757
 -7.06322605 -7.06453146 -7.06432982 -7.06320472 -7.06154695 -7.05961549
 -7.05757935 -7.05554631 -7.05358272 -7.05172707 -7.04999935 -7.04695159
 -7.04334174 -7.03932454 -7.03693775 -7.03550056 -7.03461902 -7.03406941
 -7.033502   -7.03327167 -7.03314391 -6.9547478  -6.99443198 -7.02029483
 -7.03681915 -7.04702888 -7.0529841  -7.05609613 -7.05733366 -7.05736076
 -7.05663089 -7.05545164 -7.05402965 -7.05250175 -7.05095673 -7.04945045
 -7.04667302 -7.04324113 -7.03930618 -7.03693441 -7.03549996 -7.03461891
 -7.03406939 -7.033502   -7.03327167 -7.03314391]
params_e0 (3.038879564239409, 12.668096567560974, 2.096949238587099, 2.507432677551428, 12.717397290516884, 15.30525400001195, 0.7001580956821549, 7589.115121735976, 3.1673297410255667, 10.107775718471592, 1.4168389024751689, 0.0001201296338139354, 32.64860574576905, 14.999999999727079, 0.7234983034215302, 30601.533052604147, 0.00037474491614706776)
reconstructed_params [3.03887956e+00 1.26680966e+01 2.09694924e+00 2.50743268e+00
 1.27173973e+01 1.53052540e+01 7.00158096e-01 3.09732700e+00
 7.58911512e+03 3.16732974e+00 1.01077757e+01 1.41683890e+00
 1.20129634e-04 3.26486057e+01 1.50000000e+01 7.23498303e-01
 3.01311700e+00 3.06015331e+04 3.74744916e-04]
saving params.txt: (3.038879564239409, 12.668096567560974, 2.096949238587099, 2.507432677551428, 12.717397290516884, 15.30525400001195, 0.7001580956821549, 3.097327, 7589.115121735976, 3.1673297410255667, 10.107775718471592, 1.4168389024751689, 0.0001201296338139354, 32.64860574576905, 14.999999999727079, 0.7234983034215302, 3.013117, 30601.533052604147, 0.00037474491614706776)
saving energy.txt: [-6.97945451 -7.01007275 -7.03020314 -7.04309734 -7.05100647 -7.0555033
 -7.05769089 -7.05834263 -7.05799869 -7.05703392 -7.05570606 -7.05419011
 -7.05260285 -7.05102036 -7.04949044 -7.04668875 -7.04324496 -7.03930652
 -7.03693444 -7.03549996 -7.03461891 -7.03406939 -7.033502   -7.03327167
 -7.03314391 -6.99772999 -7.02374958 -7.04041335 -7.05068953 -7.0566269
 -7.05964588 -7.06073188 -7.06056683 -7.05962022 -7.05821272 -7.05656086
 -7.0548086  -7.05304948 -7.05134232 -7.04972218 -7.04680834 -7.04328894
 -7.03931469 -7.03693594 -7.03550023 -7.03461896 -7.0340694  -7.033502
 -7.03327167 -7.03314391 -7.01809992 -7.03933514 -7.05221518 -7.05954757
 -7.06322605 -7.06453146 -7.06432981 -7.06320472 -7.06154695 -7.05961549
 -7.05757935 -7.05554631 -7.05358272 -7.05172706 -7.04999935 -7.04695159
 -7.04334174 -7.03932454 -7.03693775 -7.03550056 -7.03461902 -7.03406941
 -7.033502   -7.03327167 -7.03314391 -6.95474778 -6.99443197 -7.02029482
 -7.03681914 -7.04702888 -7.05298409 -7.05609612 -7.05733366 -7.05736076
 -7.05663088 -7.05545164 -7.05402965 -7.05250175 -7.05095673 -7.04945045
 -7.04667302 -7.04324113 -7.03930618 -7.03693441 -7.03549996 -7.03461891
 -7.03406939 -7.033502   -7.03327167 -7.03314391]
params_e0 (3.038879564239409, 12.668096567560974, 2.096949238587099, 2.507432677551428, 12.717397290516884, 15.30525400001195, 0.7001580956821549, 7589.115121735976, 3.1673296938286764, 10.107775869089187, 1.4168389024751689, 0.0001201296338139354, 32.64860574576905, 14.999999999727079, 0.7234983034215302, 30601.533052604147, 0.00037474491614706776)
reconstructed_params [3.03887956e+00 1.26680966e+01 2.09694924e+00 2.50743268e+00
 1.27173973e+01 1.53052540e+01 7.00158096e-01 3.09732700e+00
 7.58911512e+03 3.16732969e+00 1.01077759e+01 1.41683890e+00
 1.20129634e-04 3.26486057e+01 1.50000000e+01 7.23498303e-01
 3.01311700e+00 3.06015331e+04 3.74744916e-04]
saving params.txt: (3.038879564239409, 12.668096567560974, 2.096949238587099, 2.507432677551428, 12.717397290516884, 15.30525400001195, 0.7001580956821549, 3.097327, 7589.115121735976, 3.1673296938286764, 10.107775869089187, 1.4168389024751689, 0.0001201296338139354, 32.64860574576905, 14.999999999727079, 0.7234983034215302, 3.013117, 30601.533052604147, 0.00037474491614706776)
saving energy.txt: [-6.97945452 -7.01007276 -7.03020315 -7.04309734 -7.05100648 -7.0555033
 -7.0576909  -7.05834264 -7.05799869 -7.05703392 -7.05570607 -7.05419012
 -7.05260285 -7.05102036 -7.04949044 -7.04668875 -7.04324496 -7.03930652
 -7.03693444 -7.03549996 -7.03461891 -7.03406939 -7.033502   -7.03327167
 -7.03314391 -6.99773    -7.02374959 -7.04041336 -7.05068954 -7.05662691
 -7.05964589 -7.06073188 -7.06056683 -7.05962022 -7.05821272 -7.05656087
 -7.0548086  -7.05304948 -7.05134232 -7.04972219 -7.04680834 -7.04328894
 -7.03931469 -7.03693594 -7.03550023 -7.03461896 -7.0340694  -7.033502
 -7.03327167 -7.03314391 -7.01809992 -7.03933514 -7.05221519 -7.05954757
 -7.06322605 -7.06453146 -7.06432982 -7.06320472 -7.06154695 -7.05961549
 -7.05757935 -7.05554631 -7.05358272 -7.05172707 -7.04999935 -7.04695159
 -7.04334174 -7.03932454 -7.03693775 -7.03550056 -7.03461902 -7.03406941
 -7.033502   -7.03327167 -7.03314391 -6.95474779 -6.99443198 -7.02029483
 -7.03681915 -7.04702888 -7.0529841  -7.05609613 -7.05733366 -7.05736076
 -7.05663089 -7.05545164 -7.05402965 -7.05250175 -7.05095673 -7.04945045
 -7.04667302 -7.04324113 -7.03930618 -7.03693441 -7.03549996 -7.03461891
 -7.03406939 -7.033502   -7.03327167 -7.03314391]
params_e0 (3.038879564239409, 12.668096567560974, 2.096949238587099, 2.507432677551428, 12.717397290516884, 15.30525400001195, 0.7001580956821549, 7589.115121735976, 3.1673296938286764, 10.107775718471592, 1.4168389235877137, 0.0001201296338139354, 32.64860574576905, 14.999999999727079, 0.7234983034215302, 30601.533052604147, 0.00037474491614706776)
reconstructed_params [3.03887956e+00 1.26680966e+01 2.09694924e+00 2.50743268e+00
 1.27173973e+01 1.53052540e+01 7.00158096e-01 3.09732700e+00
 7.58911512e+03 3.16732969e+00 1.01077757e+01 1.41683892e+00
 1.20129634e-04 3.26486057e+01 1.50000000e+01 7.23498303e-01
 3.01311700e+00 3.06015331e+04 3.74744916e-04]
saving params.txt: (3.038879564239409, 12.668096567560974, 2.096949238587099, 2.507432677551428, 12.717397290516884, 15.30525400001195, 0.7001580956821549, 3.097327, 7589.115121735976, 3.1673296938286764, 10.107775718471592, 1.4168389235877137, 0.0001201296338139354, 32.64860574576905, 14.999999999727079, 0.7234983034215302, 3.013117, 30601.533052604147, 0.00037474491614706776)
saving energy.txt: [-6.97945452 -7.01007276 -7.03020315 -7.04309734 -7.05100648 -7.0555033
 -7.0576909  -7.05834264 -7.05799869 -7.05703392 -7.05570607 -7.05419012
 -7.05260285 -7.05102036 -7.04949044 -7.04668875 -7.04324496 -7.03930652
 -7.03693444 -7.03549996 -7.03461891 -7.03406939 -7.033502   -7.03327167
 -7.03314391 -6.99773    -7.02374959 -7.04041336 -7.05068954 -7.05662691
 -7.05964589 -7.06073188 -7.06056683 -7.05962022 -7.05821272 -7.05656086
 -7.0548086  -7.05304948 -7.05134232 -7.04972219 -7.04680834 -7.04328894
 -7.03931469 -7.03693594 -7.03550023 -7.03461896 -7.0340694  -7.033502
 -7.03327167 -7.03314391 -7.01809992 -7.03933514 -7.05221519 -7.05954757
 -7.06322605 -7.06453146 -7.06432981 -7.06320472 -7.06154695 -7.05961549
 -7.05757935 -7.05554631 -7.05358272 -7.05172706 -7.04999935 -7.04695159
 -7.04334174 -7.03932454 -7.03693775 -7.03550056 -7.03461902 -7.03406941
 -7.033502   -7.03327167 -7.03314391 -6.95474779 -6.99443198 -7.02029483
 -7.03681915 -7.04702888 -7.0529841  -7.05609613 -7.05733366 -7.05736076
 -7.05663089 -7.05545164 -7.05402965 -7.05250175 -7.05095673 -7.04945045
 -7.04667302 -7.04324113 -7.03930618 -7.03693441 -7.03549996 -7.03461891
 -7.03406939 -7.033502   -7.03327167 -7.03314391]
params_e0 (3.038879564239409, 12.668096567560974, 2.096949238587099, 2.507432677551428, 12.717397290516884, 15.30525400001195, 0.7001580956821549, 7589.115121735976, 3.1673296938286764, 10.107775718471592, 1.4168389024751689, 0.00012014453497512925, 32.64860574576905, 14.999999999727079, 0.7234983034215302, 30601.533052604147, 0.00037474491614706776)
reconstructed_params [3.03887956e+00 1.26680966e+01 2.09694924e+00 2.50743268e+00
 1.27173973e+01 1.53052540e+01 7.00158096e-01 3.09732700e+00
 7.58911512e+03 3.16732969e+00 1.01077757e+01 1.41683890e+00
 1.20144535e-04 3.26486057e+01 1.50000000e+01 7.23498303e-01
 3.01311700e+00 3.06015331e+04 3.74744916e-04]
saving params.txt: (3.038879564239409, 12.668096567560974, 2.096949238587099, 2.507432677551428, 12.717397290516884, 15.30525400001195, 0.7001580956821549, 3.097327, 7589.115121735976, 3.1673296938286764, 10.107775718471592, 1.4168389024751689, 0.00012014453497512925, 32.64860574576905, 14.999999999727079, 0.7234983034215302, 3.013117, 30601.533052604147, 0.00037474491614706776)
saving energy.txt: [-6.97945452 -7.01007276 -7.03020315 -7.04309734 -7.05100648 -7.0555033
 -7.0576909  -7.05834264 -7.05799869 -7.05703392 -7.05570607 -7.05419012
 -7.05260285 -7.05102036 -7.04949044 -7.04668875 -7.04324496 -7.03930652
 -7.03693444 -7.03549996 -7.03461891 -7.03406939 -7.033502   -7.03327167
 -7.03314391 -6.99773    -7.02374959 -7.04041336 -7.05068954 -7.05662691
 -7.05964589 -7.06073188 -7.06056683 -7.05962022 -7.05821272 -7.05656087
 -7.0548086  -7.05304948 -7.05134232 -7.04972219 -7.04680834 -7.04328894
 -7.03931469 -7.03693594 -7.03550023 -7.03461896 -7.0340694  -7.033502
 -7.03327167 -7.03314391 -7.01809993 -7.03933514 -7.05221519 -7.05954757
 -7.06322605 -7.06453146 -7.06432982 -7.06320472 -7.06154695 -7.05961549
 -7.05757935 -7.05554631 -7.05358272 -7.05172707 -7.04999935 -7.04695159
 -7.04334174 -7.03932454 -7.03693775 -7.03550056 -7.03461902 -7.03406941
 -7.033502   -7.03327167 -7.03314391 -6.9547478  -6.99443198 -7.02029483
 -7.03681915 -7.04702888 -7.0529841  -7.05609613 -7.05733366 -7.05736076
 -7.05663089 -7.05545164 -7.05402965 -7.05250175 -7.05095673 -7.04945045
 -7.04667302 -7.04324113 -7.03930618 -7.03693441 -7.03549996 -7.03461891
 -7.03406939 -7.033502   -7.03327167 -7.03314391]
params_e0 (3.038879564239409, 12.668096567560974, 2.096949238587099, 2.507432677551428, 12.717397290516884, 15.30525400001195, 0.7001580956821549, 7589.115121735976, 3.1673296938286764, 10.107775718471592, 1.4168389024751689, 0.0001201296338139354, 32.64860623227119, 14.999999999727079, 0.7234983034215302, 30601.533052604147, 0.00037474491614706776)
reconstructed_params [3.03887956e+00 1.26680966e+01 2.09694924e+00 2.50743268e+00
 1.27173973e+01 1.53052540e+01 7.00158096e-01 3.09732700e+00
 7.58911512e+03 3.16732969e+00 1.01077757e+01 1.41683890e+00
 1.20129634e-04 3.26486062e+01 1.50000000e+01 7.23498303e-01
 3.01311700e+00 3.06015331e+04 3.74744916e-04]
saving params.txt: (3.038879564239409, 12.668096567560974, 2.096949238587099, 2.507432677551428, 12.717397290516884, 15.30525400001195, 0.7001580956821549, 3.097327, 7589.115121735976, 3.1673296938286764, 10.107775718471592, 1.4168389024751689, 0.0001201296338139354, 32.64860623227119, 14.999999999727079, 0.7234983034215302, 3.013117, 30601.533052604147, 0.00037474491614706776)
saving energy.txt: [-6.97945452 -7.01007276 -7.03020315 -7.04309734 -7.05100648 -7.0555033
 -7.0576909  -7.05834264 -7.05799869 -7.05703392 -7.05570607 -7.05419012
 -7.05260285 -7.05102036 -7.04949044 -7.04668875 -7.04324496 -7.03930652
 -7.03693444 -7.03549996 -7.03461891 -7.03406939 -7.033502   -7.03327167
 -7.03314391 -6.99773    -7.02374959 -7.04041336 -7.05068954 -7.05662691
 -7.05964589 -7.06073188 -7.06056683 -7.05962022 -7.05821272 -7.05656087
 -7.0548086  -7.05304948 -7.05134232 -7.04972219 -7.04680834 -7.04328894
 -7.03931469 -7.03693594 -7.03550023 -7.03461896 -7.0340694  -7.033502
 -7.03327167 -7.03314391 -7.01809992 -7.03933514 -7.05221519 -7.05954757
 -7.06322605 -7.06453146 -7.06432981 -7.06320472 -7.06154695 -7.05961549
 -7.05757935 -7.05554631 -7.05358272 -7.05172707 -7.04999935 -7.04695159
 -7.04334174 -7.03932454 -7.03693775 -7.03550056 -7.03461902 -7.03406941
 -7.033502   -7.03327167 -7.03314391 -6.95474779 -6.99443198 -7.02029483
 -7.03681915 -7.04702888 -7.0529841  -7.05609613 -7.05733366 -7.05736076
 -7.05663089 -7.05545164 -7.05402965 -7.05250175 -7.05095673 -7.04945045
 -7.04667302 -7.04324113 -7.03930618 -7.03693441 -7.03549996 -7.03461891
 -7.03406939 -7.033502   -7.03327167 -7.03314391]
params_e0 (3.038879564239409, 12.668096567560974, 2.096949238587099, 2.507432677551428, 12.717397290516884, 15.30525400001195, 0.7001580956821549, 7589.115121735976, 3.1673296938286764, 10.107775718471592, 1.4168389024751689, 0.0001201296338139354, 32.64860574576905, 15.000000223244497, 0.7234983034215302, 30601.533052604147, 0.00037474491614706776)
reconstructed_params [3.03887956e+00 1.26680966e+01 2.09694924e+00 2.50743268e+00
 1.27173973e+01 1.53052540e+01 7.00158096e-01 3.09732700e+00
 7.58911512e+03 3.16732969e+00 1.01077757e+01 1.41683890e+00
 1.20129634e-04 3.26486057e+01 1.50000002e+01 7.23498303e-01
 3.01311700e+00 3.06015331e+04 3.74744916e-04]
saving params.txt: (3.038879564239409, 12.668096567560974, 2.096949238587099, 2.507432677551428, 12.717397290516884, 15.30525400001195, 0.7001580956821549, 3.097327, 7589.115121735976, 3.1673296938286764, 10.107775718471592, 1.4168389024751689, 0.0001201296338139354, 32.64860574576905, 15.000000223244497, 0.7234983034215302, 3.013117, 30601.533052604147, 0.00037474491614706776)
saving energy.txt: [-6.97945452 -7.01007276 -7.03020315 -7.04309734 -7.05100648 -7.0555033
 -7.0576909  -7.05834264 -7.05799869 -7.05703392 -7.05570607 -7.05419012
 -7.05260285 -7.05102036 -7.04949044 -7.04668875 -7.04324496 -7.03930652
 -7.03693444 -7.03549996 -7.03461891 -7.03406939 -7.033502   -7.03327167
 -7.03314391 -6.99773    -7.02374959 -7.04041336 -7.05068954 -7.05662691
 -7.05964589 -7.06073188 -7.06056683 -7.05962022 -7.05821272 -7.05656087
 -7.0548086  -7.05304948 -7.05134232 -7.04972219 -7.04680834 -7.04328894
 -7.03931469 -7.03693594 -7.03550023 -7.03461896 -7.0340694  -7.033502
 -7.03327167 -7.03314391 -7.01809993 -7.03933514 -7.05221519 -7.05954757
 -7.06322605 -7.06453146 -7.06432982 -7.06320472 -7.06154695 -7.05961549
 -7.05757935 -7.05554631 -7.05358272 -7.05172707 -7.04999935 -7.04695159
 -7.04334174 -7.03932454 -7.03693775 -7.03550056 -7.03461902 -7.03406941
 -7.033502   -7.03327167 -7.03314391 -6.9547478  -6.99443198 -7.02029483
 -7.03681915 -7.04702888 -7.0529841  -7.05609613 -7.05733366 -7.05736076
 -7.05663089 -7.05545164 -7.05402965 -7.05250175 -7.05095673 -7.04945045
 -7.04667302 -7.04324113 -7.03930618 -7.03693441 -7.03549996 -7.03461891
 -7.03406939 -7.033502   -7.03327167 -7.03314391]
params_e0 (3.038879564239409, 12.668096567560974, 2.096949238587099, 2.507432677551428, 12.717397290516884, 15.30525400001195, 0.7001580956821549, 7589.115121735976, 3.1673296938286764, 10.107775718471592, 1.4168389024751689, 0.0001201296338139354, 32.64860574576905, 14.999999999727079, 0.7234983183226914, 30601.533052604147, 0.00037474491614706776)
reconstructed_params [3.03887956e+00 1.26680966e+01 2.09694924e+00 2.50743268e+00
 1.27173973e+01 1.53052540e+01 7.00158096e-01 3.09732700e+00
 7.58911512e+03 3.16732969e+00 1.01077757e+01 1.41683890e+00
 1.20129634e-04 3.26486057e+01 1.50000000e+01 7.23498318e-01
 3.01311700e+00 3.06015331e+04 3.74744916e-04]
saving params.txt: (3.038879564239409, 12.668096567560974, 2.096949238587099, 2.507432677551428, 12.717397290516884, 15.30525400001195, 0.7001580956821549, 3.097327, 7589.115121735976, 3.1673296938286764, 10.107775718471592, 1.4168389024751689, 0.0001201296338139354, 32.64860574576905, 14.999999999727079, 0.7234983183226914, 3.013117, 30601.533052604147, 0.00037474491614706776)
saving energy.txt: [-6.97945452 -7.01007276 -7.03020315 -7.04309734 -7.05100648 -7.0555033
 -7.0576909  -7.05834264 -7.05799869 -7.05703392 -7.05570607 -7.05419012
 -7.05260285 -7.05102036 -7.04949044 -7.04668875 -7.04324496 -7.03930652
 -7.03693444 -7.03549996 -7.03461891 -7.03406939 -7.033502   -7.03327167
 -7.03314391 -6.99773    -7.02374959 -7.04041336 -7.05068954 -7.05662691
 -7.05964589 -7.06073188 -7.06056683 -7.05962022 -7.05821272 -7.05656087
 -7.0548086  -7.05304948 -7.05134232 -7.04972219 -7.04680834 -7.04328894
 -7.03931469 -7.03693594 -7.03550023 -7.03461896 -7.0340694  -7.033502
 -7.03327167 -7.03314391 -7.01809993 -7.03933514 -7.05221519 -7.05954757
 -7.06322605 -7.06453146 -7.06432982 -7.06320472 -7.06154695 -7.05961549
 -7.05757935 -7.05554631 -7.05358272 -7.05172707 -7.04999935 -7.04695159
 -7.04334174 -7.03932454 -7.03693775 -7.03550056 -7.03461902 -7.03406941
 -7.033502   -7.03327167 -7.03314391 -6.9547478  -6.99443198 -7.02029483
 -7.03681915 -7.04702888 -7.0529841  -7.05609613 -7.05733366 -7.05736076
 -7.05663089 -7.05545164 -7.05402965 -7.05250175 -7.05095673 -7.04945045
 -7.04667302 -7.04324113 -7.03930618 -7.03693441 -7.03549996 -7.03461891
 -7.03406939 -7.033502   -7.03327167 -7.03314391]
params_e0 (3.038879564239409, 12.668096567560974, 2.096949238587099, 2.507432677551428, 12.717397290516884, 15.30525400001195, 0.7001580956821549, 7589.115121735976, 3.1673296938286764, 10.107775718471592, 1.4168389024751689, 0.0001201296338139354, 32.64860574576905, 14.999999999727079, 0.7234983034215302, 30601.533508602522, 0.00037474491614706776)
reconstructed_params [3.03887956e+00 1.26680966e+01 2.09694924e+00 2.50743268e+00
 1.27173973e+01 1.53052540e+01 7.00158096e-01 3.09732700e+00
 7.58911512e+03 3.16732969e+00 1.01077757e+01 1.41683890e+00
 1.20129634e-04 3.26486057e+01 1.50000000e+01 7.23498303e-01
 3.01311700e+00 3.06015335e+04 3.74744916e-04]
saving params.txt: (3.038879564239409, 12.668096567560974, 2.096949238587099, 2.507432677551428, 12.717397290516884, 15.30525400001195, 0.7001580956821549, 3.097327, 7589.115121735976, 3.1673296938286764, 10.107775718471592, 1.4168389024751689, 0.0001201296338139354, 32.64860574576905, 14.999999999727079, 0.7234983034215302, 3.013117, 30601.533508602522, 0.00037474491614706776)
saving energy.txt: [-6.97945452 -7.01007276 -7.03020315 -7.04309735 -7.05100648 -7.0555033
 -7.0576909  -7.05834264 -7.05799869 -7.05703392 -7.05570607 -7.05419012
 -7.05260285 -7.05102036 -7.04949044 -7.04668875 -7.04324496 -7.03930652
 -7.03693444 -7.03549996 -7.03461891 -7.03406939 -7.033502   -7.03327167
 -7.03314391 -6.99773    -7.02374959 -7.04041336 -7.05068954 -7.05662691
 -7.05964589 -7.06073188 -7.06056683 -7.05962022 -7.05821272 -7.05656087
 -7.0548086  -7.05304948 -7.05134232 -7.04972219 -7.04680834 -7.04328894
 -7.03931469 -7.03693594 -7.03550023 -7.03461896 -7.0340694  -7.033502
 -7.03327167 -7.03314391 -7.01809993 -7.03933514 -7.05221519 -7.05954757
 -7.06322605 -7.06453146 -7.06432982 -7.06320472 -7.06154695 -7.05961549
 -7.05757935 -7.05554631 -7.05358272 -7.05172707 -7.04999935 -7.04695159
 -7.04334174 -7.03932454 -7.03693775 -7.03550056 -7.03461902 -7.03406941
 -7.033502   -7.03327167 -7.03314391 -6.9547478  -6.99443198 -7.02029483
 -7.03681915 -7.04702888 -7.0529841  -7.05609613 -7.05733366 -7.05736076
 -7.05663089 -7.05545164 -7.05402965 -7.05250175 -7.05095673 -7.04945045
 -7.04667302 -7.04324113 -7.03930618 -7.03693441 -7.03549996 -7.03461891
 -7.03406939 -7.033502   -7.03327167 -7.03314391]
params_e0 (3.038879564239409, 12.668096567560974, 2.096949238587099, 2.507432677551428, 12.717397290516884, 15.30525400001195, 0.7001580956821549, 7589.115121735976, 3.1673296938286764, 10.107775718471592, 1.4168389024751689, 0.0001201296338139354, 32.64860574576905, 14.999999999727079, 0.7234983034215302, 30601.533052604147, 0.0003747598173082616)
reconstructed_params [3.03887956e+00 1.26680966e+01 2.09694924e+00 2.50743268e+00
 1.27173973e+01 1.53052540e+01 7.00158096e-01 3.09732700e+00
 7.58911512e+03 3.16732969e+00 1.01077757e+01 1.41683890e+00
 1.20129634e-04 3.26486057e+01 1.50000000e+01 7.23498303e-01
 3.01311700e+00 3.06015331e+04 3.74759817e-04]
saving params.txt: (3.038879564239409, 12.668096567560974, 2.096949238587099, 2.507432677551428, 12.717397290516884, 15.30525400001195, 0.7001580956821549, 3.097327, 7589.115121735976, 3.1673296938286764, 10.107775718471592, 1.4168389024751689, 0.0001201296338139354, 32.64860574576905, 14.999999999727079, 0.7234983034215302, 3.013117, 30601.533052604147, 0.0003747598173082616)
saving energy.txt: [-6.97945451 -7.01007274 -7.03020313 -7.04309733 -7.05100647 -7.05550328
 -7.05769088 -7.05834262 -7.05799868 -7.05703391 -7.05570605 -7.0541901
 -7.05260284 -7.05102034 -7.04949043 -7.04668874 -7.04324494 -7.03930651
 -7.03693442 -7.03549994 -7.0346189  -7.03406938 -7.03350199 -7.03327165
 -7.0331439  -6.99772999 -7.02374958 -7.04041335 -7.05068952 -7.05662689
 -7.05964587 -7.06073186 -7.06056681 -7.05962021 -7.05821271 -7.05656085
 -7.05480858 -7.05304946 -7.05134231 -7.04972217 -7.04680832 -7.04328892
 -7.03931468 -7.03693592 -7.03550021 -7.03461895 -7.03406939 -7.03350199
 -7.03327165 -7.0331439  -7.01809991 -7.03933513 -7.05221517 -7.05954756
 -7.06322604 -7.06453145 -7.0643298  -7.06320471 -7.06154694 -7.05961548
 -7.05757933 -7.05554629 -7.0535827  -7.05172705 -7.04999933 -7.04695158
 -7.04334172 -7.03932452 -7.03693773 -7.03550054 -7.03461901 -7.0340694
 -7.03350199 -7.03327165 -7.0331439  -6.95474778 -6.99443197 -7.02029481
 -7.03681913 -7.04702887 -7.05298408 -7.05609611 -7.05733365 -7.05736075
 -7.05663087 -7.05545163 -7.05402964 -7.05250174 -7.05095671 -7.04945043
 -7.046673   -7.04324112 -7.03930617 -7.0369344  -7.03549994 -7.0346189
 -7.03406938 -7.03350199 -7.03327165 -7.0331439 ]
