/projects/qmchamm/shared/mick/ilp_fitting
    basis method  registry  distance    energy  energy_err    d     a
200    bn    QMC   0.00000       3.0 -7.031104    0.000677  3.0  2.46
201    bn    QMC   0.00000       3.2 -7.043842    0.000551  3.2  2.46
202    bn    QMC   0.00000       3.5 -7.050816    0.000474  3.5  2.46
203    bn    QMC   0.00000       3.7 -7.050506    0.000426  3.7  2.46
204    bn    QMC   0.00000       4.0 -7.046374    0.000587  4.0  2.46
205    bn    QMC   0.00000       4.5 -7.040815    0.000654  4.5  2.46
206    bn    QMC   0.00000       5.5 -7.035703    0.000490  5.5  2.46
207    bn    QMC   0.00000       6.5 -7.035091    0.000534  6.5  2.46
208    bn    QMC   0.16667       3.0 -7.037980    0.000799  3.0  2.46
209    bn    QMC   0.16667       3.2 -7.048723    0.000518  3.2  2.46
210    bn    QMC   0.16667       3.5 -7.052962    0.000544  3.5  2.46
211    bn    QMC   0.16667       3.7 -7.049451    0.000469  3.7  2.46
212    bn    QMC   0.16667       4.0 -7.046209    0.000678  4.0  2.46
213    bn    QMC   0.16667       4.5 -7.040872    0.000610  4.5  2.46
214    bn    QMC   0.16667       5.5 -7.036080    0.000485  5.5  2.46
215    bn    QMC   0.16667       6.5 -7.035458    0.000544  6.5  2.46
216    bn    QMC   0.16667       8.0 -7.034864    0.000416  8.0  2.46
217    bn    QMC   0.33333       3.0 -7.047900    0.000534  3.0  2.46
218    bn    QMC   0.33333       3.2 -7.054053    0.000477  3.2  2.46
219    bn    QMC   0.33333       3.5 -7.052903    0.000465  3.5  2.46
220    bn    QMC   0.33333       4.0 -7.046441    0.000893  4.0  2.46
221    bn    QMC   0.33333       4.5 -7.040387    0.000446  4.5  2.46
222    bn    QMC   0.33333       5.5 -7.036117    0.000606  5.5  2.46
223    bn    QMC   0.33333       6.5 -7.035603    0.000452  6.5  2.46
224    bn    QMC   0.66667       3.0 -7.028016    0.000657  3.0  2.46
225    bn    QMC   0.66667       3.2 -7.044806    0.000517  3.2  2.46
226    bn    QMC   0.66667       3.5 -7.049625    0.000480  3.5  2.46
227    bn    QMC   0.66667       4.0 -7.045308    0.000458  4.0  2.46
228    bn    QMC   0.66667       4.5 -7.041343    0.000469  4.5  2.46
229    bn    QMC   0.66667       5.5 -7.035683    0.000567  5.5  2.46
230    bn    QMC   0.66667       6.5 -7.034898    0.000417  6.5  2.46
[7, 16]
mask [ True  True  True  True  True  True  True  True  True  True  True  True
  True  True  True  True  True  True  True]
exclude_idxs [7, 16]
[3.35580699e+00 1.05467178e+01 2.92673696e+00 1.67233151e+01
 3.57931812e-01 1.53052540e+01 7.00158100e-01 3.09732700e+00
 3.01628578e+04 3.18961431e+00 8.83242724e+00 1.08821702e+00
 1.83465045e+01 2.19072202e+01 1.50000000e+01 7.23498300e-01
 3.01311700e+00 1.90630887e+04 6.48749362e-03]
[3.35580699e+00 1.05467178e+01 2.92673696e+00 1.67233151e+01
 3.57931812e-01 1.53052540e+01 7.00158100e-01 3.01628578e+04
 3.18961431e+00 8.83242724e+00 1.08821702e+00 1.83465045e+01
 2.19072202e+01 1.50000000e+01 7.23498300e-01 1.90630887e+04
 6.48749362e-03]
params_e0 (3.3558069859306703, 10.546717793582339, 2.9267369582887675, 16.723315130961808, 0.3579318121993732, 15.305254, 0.7001581, 30162.85775781516, 3.1896143062786058, 8.83242724077805, 1.0882170179405435, 18.346504536506494, 21.907220220602277, 15.0, 0.7234983, 19063.088657864442, 0.006487493615319558)
reconstructed_params [3.35580699e+00 1.05467178e+01 2.92673696e+00 1.67233151e+01
 3.57931812e-01 1.53052540e+01 7.00158100e-01 3.09732700e+00
 3.01628578e+04 3.18961431e+00 8.83242724e+00 1.08821702e+00
 1.83465045e+01 2.19072202e+01 1.50000000e+01 7.23498300e-01
 3.01311700e+00 1.90630887e+04 6.48749362e-03]
saving params.txt: (3.3558069859306703, 10.546717793582339, 2.9267369582887675, 16.723315130961808, 0.3579318121993732, 15.305254, 0.7001581, 3.097327, 30162.85775781516, 3.1896143062786058, 8.83242724077805, 1.0882170179405435, 18.346504536506494, 21.907220220602277, 15.0, 0.7234983, 3.013117, 19063.088657864442, 0.006487493615319558)
saving energy.txt: [-7.03518996 -7.04663592 -7.05063989 -7.04940589 -7.04569307 -7.03934937
 -7.03187185 -7.02893416 -7.04164929 -7.05032606 -7.05222122 -7.05030092
 -7.04607223 -7.03943897 -7.0318767  -7.02893441 -7.02749754 -7.04808697
 -7.05405484 -7.05384452 -7.04646921 -7.03953424 -7.03188197 -7.02893469
 -7.03347424 -7.04588423 -7.05042443 -7.04566775 -7.03934673 -7.03187185
 -7.02893416]
params_e0 (3.355807035936091, 10.546717793582339, 2.9267369582887675, 16.723315130961808, 0.3579318121993732, 15.305254, 0.7001581, 30162.85775781516, 3.1896143062786058, 8.83242724077805, 1.0882170179405435, 18.346504536506494, 21.907220220602277, 15.0, 0.7234983, 19063.088657864442, 0.006487493615319558)
reconstructed_params [3.35580704e+00 1.05467178e+01 2.92673696e+00 1.67233151e+01
 3.57931812e-01 1.53052540e+01 7.00158100e-01 3.09732700e+00
 3.01628578e+04 3.18961431e+00 8.83242724e+00 1.08821702e+00
 1.83465045e+01 2.19072202e+01 1.50000000e+01 7.23498300e-01
 3.01311700e+00 1.90630887e+04 6.48749362e-03]
saving params.txt: (3.355807035936091, 10.546717793582339, 2.9267369582887675, 16.723315130961808, 0.3579318121993732, 15.305254, 0.7001581, 3.097327, 30162.85775781516, 3.1896143062786058, 8.83242724077805, 1.0882170179405435, 18.346504536506494, 21.907220220602277, 15.0, 0.7234983, 3.013117, 19063.088657864442, 0.006487493615319558)
saving energy.txt: [-7.03518995 -7.04663592 -7.05063989 -7.04940588 -7.04569307 -7.03934937
 -7.03187185 -7.02893416 -7.04164929 -7.05032606 -7.05222122 -7.05030092
 -7.04607223 -7.03943897 -7.0318767  -7.02893441 -7.02749754 -7.04808696
 -7.05405483 -7.05384452 -7.04646921 -7.03953424 -7.03188197 -7.02893469
 -7.03347424 -7.04588423 -7.05042442 -7.04566775 -7.03934673 -7.03187185
 -7.02893416]
params_e0 (3.3558069859306703, 10.54671795074068, 2.9267369582887675, 16.723315130961808, 0.3579318121993732, 15.305254, 0.7001581, 30162.85775781516, 3.1896143062786058, 8.83242724077805, 1.0882170179405435, 18.346504536506494, 21.907220220602277, 15.0, 0.7234983, 19063.088657864442, 0.006487493615319558)
reconstructed_params [3.35580699e+00 1.05467180e+01 2.92673696e+00 1.67233151e+01
 3.57931812e-01 1.53052540e+01 7.00158100e-01 3.09732700e+00
 3.01628578e+04 3.18961431e+00 8.83242724e+00 1.08821702e+00
 1.83465045e+01 2.19072202e+01 1.50000000e+01 7.23498300e-01
 3.01311700e+00 1.90630887e+04 6.48749362e-03]
saving params.txt: (3.3558069859306703, 10.54671795074068, 2.9267369582887675, 16.723315130961808, 0.3579318121993732, 15.305254, 0.7001581, 3.097327, 30162.85775781516, 3.1896143062786058, 8.83242724077805, 1.0882170179405435, 18.346504536506494, 21.907220220602277, 15.0, 0.7234983, 3.013117, 19063.088657864442, 0.006487493615319558)
saving energy.txt: [-7.03518996 -7.04663592 -7.05063989 -7.04940589 -7.04569307 -7.03934937
 -7.03187185 -7.02893416 -7.04164929 -7.05032606 -7.05222122 -7.05030092
 -7.04607223 -7.03943897 -7.0318767  -7.02893441 -7.02749754 -7.04808697
 -7.05405484 -7.05384452 -7.04646921 -7.03953424 -7.03188197 -7.02893469
 -7.03347424 -7.04588423 -7.05042443 -7.04566775 -7.03934673 -7.03187185
 -7.02893416]
params_e0 (3.3558069859306703, 10.546717793582339, 2.9267370019005465, 16.723315130961808, 0.3579318121993732, 15.305254, 0.7001581, 30162.85775781516, 3.1896143062786058, 8.83242724077805, 1.0882170179405435, 18.346504536506494, 21.907220220602277, 15.0, 0.7234983, 19063.088657864442, 0.006487493615319558)
reconstructed_params [3.35580699e+00 1.05467178e+01 2.92673700e+00 1.67233151e+01
 3.57931812e-01 1.53052540e+01 7.00158100e-01 3.09732700e+00
 3.01628578e+04 3.18961431e+00 8.83242724e+00 1.08821702e+00
 1.83465045e+01 2.19072202e+01 1.50000000e+01 7.23498300e-01
 3.01311700e+00 1.90630887e+04 6.48749362e-03]
saving params.txt: (3.3558069859306703, 10.546717793582339, 2.9267370019005465, 16.723315130961808, 0.3579318121993732, 15.305254, 0.7001581, 3.097327, 30162.85775781516, 3.1896143062786058, 8.83242724077805, 1.0882170179405435, 18.346504536506494, 21.907220220602277, 15.0, 0.7234983, 3.013117, 19063.088657864442, 0.006487493615319558)
saving energy.txt: [-7.03518996 -7.04663592 -7.05063989 -7.04940589 -7.04569307 -7.03934937
 -7.03187185 -7.02893416 -7.04164929 -7.05032606 -7.05222122 -7.05030092
 -7.04607223 -7.03943897 -7.0318767  -7.02893441 -7.02749754 -7.04808697
 -7.05405484 -7.05384452 -7.04646921 -7.03953424 -7.03188197 -7.02893469
 -7.03347424 -7.04588423 -7.05042443 -7.04566775 -7.03934673 -7.03187185
 -7.02893416]
params_e0 (3.3558069859306703, 10.546717793582339, 2.9267369582887675, 16.723315380158624, 0.3579318121993732, 15.305254, 0.7001581, 30162.85775781516, 3.1896143062786058, 8.83242724077805, 1.0882170179405435, 18.346504536506494, 21.907220220602277, 15.0, 0.7234983, 19063.088657864442, 0.006487493615319558)
reconstructed_params [3.35580699e+00 1.05467178e+01 2.92673696e+00 1.67233154e+01
 3.57931812e-01 1.53052540e+01 7.00158100e-01 3.09732700e+00
 3.01628578e+04 3.18961431e+00 8.83242724e+00 1.08821702e+00
 1.83465045e+01 2.19072202e+01 1.50000000e+01 7.23498300e-01
 3.01311700e+00 1.90630887e+04 6.48749362e-03]
saving params.txt: (3.3558069859306703, 10.546717793582339, 2.9267369582887675, 16.723315380158624, 0.3579318121993732, 15.305254, 0.7001581, 3.097327, 30162.85775781516, 3.1896143062786058, 8.83242724077805, 1.0882170179405435, 18.346504536506494, 21.907220220602277, 15.0, 0.7234983, 3.013117, 19063.088657864442, 0.006487493615319558)
saving energy.txt: [-7.03518996 -7.04663592 -7.05063989 -7.04940589 -7.04569307 -7.03934937
 -7.03187185 -7.02893416 -7.04164929 -7.05032606 -7.05222122 -7.05030092
 -7.04607223 -7.03943897 -7.0318767  -7.02893441 -7.02749754 -7.04808697
 -7.05405484 -7.05384452 -7.04646921 -7.03953424 -7.03188197 -7.02893469
 -7.03347424 -7.04588423 -7.05042443 -7.04566775 -7.03934673 -7.03187185
 -7.02893416]
params_e0 (3.3558069859306703, 10.546717793582339, 2.9267369582887675, 16.723315130961808, 0.3579318271005344, 15.305254, 0.7001581, 30162.85775781516, 3.1896143062786058, 8.83242724077805, 1.0882170179405435, 18.346504536506494, 21.907220220602277, 15.0, 0.7234983, 19063.088657864442, 0.006487493615319558)
reconstructed_params [3.35580699e+00 1.05467178e+01 2.92673696e+00 1.67233151e+01
 3.57931827e-01 1.53052540e+01 7.00158100e-01 3.09732700e+00
 3.01628578e+04 3.18961431e+00 8.83242724e+00 1.08821702e+00
 1.83465045e+01 2.19072202e+01 1.50000000e+01 7.23498300e-01
 3.01311700e+00 1.90630887e+04 6.48749362e-03]
saving params.txt: (3.3558069859306703, 10.546717793582339, 2.9267369582887675, 16.723315130961808, 0.3579318271005344, 15.305254, 0.7001581, 3.097327, 30162.85775781516, 3.1896143062786058, 8.83242724077805, 1.0882170179405435, 18.346504536506494, 21.907220220602277, 15.0, 0.7234983, 3.013117, 19063.088657864442, 0.006487493615319558)
saving energy.txt: [-7.03518996 -7.04663592 -7.05063989 -7.04940589 -7.04569307 -7.03934937
 -7.03187185 -7.02893416 -7.04164929 -7.05032606 -7.05222122 -7.05030092
 -7.04607223 -7.03943897 -7.0318767  -7.02893441 -7.02749754 -7.04808697
 -7.05405484 -7.05384452 -7.04646921 -7.03953424 -7.03188197 -7.02893469
 -7.03347424 -7.04588423 -7.05042443 -7.04566775 -7.03934673 -7.03187185
 -7.02893416]
params_e0 (3.3558069859306703, 10.546717793582339, 2.9267369582887675, 16.723315130961808, 0.3579318121993732, 15.305254228066056, 0.7001581, 30162.85775781516, 3.1896143062786058, 8.83242724077805, 1.0882170179405435, 18.346504536506494, 21.907220220602277, 15.0, 0.7234983, 19063.088657864442, 0.006487493615319558)
reconstructed_params [3.35580699e+00 1.05467178e+01 2.92673696e+00 1.67233151e+01
 3.57931812e-01 1.53052542e+01 7.00158100e-01 3.09732700e+00
 3.01628578e+04 3.18961431e+00 8.83242724e+00 1.08821702e+00
 1.83465045e+01 2.19072202e+01 1.50000000e+01 7.23498300e-01
 3.01311700e+00 1.90630887e+04 6.48749362e-03]
saving params.txt: (3.3558069859306703, 10.546717793582339, 2.9267369582887675, 16.723315130961808, 0.3579318121993732, 15.305254228066056, 0.7001581, 3.097327, 30162.85775781516, 3.1896143062786058, 8.83242724077805, 1.0882170179405435, 18.346504536506494, 21.907220220602277, 15.0, 0.7234983, 3.013117, 19063.088657864442, 0.006487493615319558)
saving energy.txt: [-7.03518996 -7.04663592 -7.05063989 -7.04940589 -7.04569307 -7.03934937
 -7.03187185 -7.02893416 -7.04164929 -7.05032606 -7.05222122 -7.05030092
 -7.04607223 -7.03943897 -7.0318767  -7.02893441 -7.02749754 -7.04808697
 -7.05405484 -7.05384452 -7.04646921 -7.03953424 -7.03188197 -7.02893469
 -7.03347424 -7.04588423 -7.05042443 -7.04566775 -7.03934673 -7.03187185
 -7.02893416]
params_e0 (3.3558069859306703, 10.546717793582339, 2.9267369582887675, 16.723315130961808, 0.3579318121993732, 15.305254, 0.7001581149011612, 30162.85775781516, 3.1896143062786058, 8.83242724077805, 1.0882170179405435, 18.346504536506494, 21.907220220602277, 15.0, 0.7234983, 19063.088657864442, 0.006487493615319558)
reconstructed_params [3.35580699e+00 1.05467178e+01 2.92673696e+00 1.67233151e+01
 3.57931812e-01 1.53052540e+01 7.00158115e-01 3.09732700e+00
 3.01628578e+04 3.18961431e+00 8.83242724e+00 1.08821702e+00
 1.83465045e+01 2.19072202e+01 1.50000000e+01 7.23498300e-01
 3.01311700e+00 1.90630887e+04 6.48749362e-03]
saving params.txt: (3.3558069859306703, 10.546717793582339, 2.9267369582887675, 16.723315130961808, 0.3579318121993732, 15.305254, 0.7001581149011612, 3.097327, 30162.85775781516, 3.1896143062786058, 8.83242724077805, 1.0882170179405435, 18.346504536506494, 21.907220220602277, 15.0, 0.7234983, 3.013117, 19063.088657864442, 0.006487493615319558)
saving energy.txt: [-7.03518996 -7.04663592 -7.05063989 -7.04940589 -7.04569307 -7.03934937
 -7.03187185 -7.02893416 -7.04164929 -7.05032606 -7.05222122 -7.05030092
 -7.04607223 -7.03943897 -7.0318767  -7.02893441 -7.02749754 -7.04808697
 -7.05405484 -7.05384452 -7.04646921 -7.03953424 -7.03188197 -7.02893469
 -7.03347424 -7.04588423 -7.05042443 -7.04566775 -7.03934673 -7.03187185
 -7.02893416]
params_e0 (3.3558069859306703, 10.546717793582339, 2.9267369582887675, 16.723315130961808, 0.3579318121993732, 15.305254, 0.7001581, 30162.858207276764, 3.1896143062786058, 8.83242724077805, 1.0882170179405435, 18.346504536506494, 21.907220220602277, 15.0, 0.7234983, 19063.088657864442, 0.006487493615319558)
reconstructed_params [3.35580699e+00 1.05467178e+01 2.92673696e+00 1.67233151e+01
 3.57931812e-01 1.53052540e+01 7.00158100e-01 3.09732700e+00
 3.01628582e+04 3.18961431e+00 8.83242724e+00 1.08821702e+00
 1.83465045e+01 2.19072202e+01 1.50000000e+01 7.23498300e-01
 3.01311700e+00 1.90630887e+04 6.48749362e-03]
saving params.txt: (3.3558069859306703, 10.546717793582339, 2.9267369582887675, 16.723315130961808, 0.3579318121993732, 15.305254, 0.7001581, 3.097327, 30162.858207276764, 3.1896143062786058, 8.83242724077805, 1.0882170179405435, 18.346504536506494, 21.907220220602277, 15.0, 0.7234983, 3.013117, 19063.088657864442, 0.006487493615319558)
saving energy.txt: [-7.03518996 -7.04663592 -7.05063989 -7.04940589 -7.04569307 -7.03934937
 -7.03187185 -7.02893416 -7.04164929 -7.05032606 -7.05222122 -7.05030092
 -7.04607223 -7.03943897 -7.0318767  -7.02893441 -7.02749754 -7.04808697
 -7.05405484 -7.05384452 -7.04646921 -7.03953424 -7.03188197 -7.02893469
 -7.03347424 -7.04588423 -7.05042443 -7.04566775 -7.03934673 -7.03187185
 -7.02893416]
params_e0 (3.3558069859306703, 10.546717793582339, 2.9267369582887675, 16.723315130961808, 0.3579318121993732, 15.305254, 0.7001581, 30162.85775781516, 3.1896143538075625, 8.83242724077805, 1.0882170179405435, 18.346504536506494, 21.907220220602277, 15.0, 0.7234983, 19063.088657864442, 0.006487493615319558)
reconstructed_params [3.35580699e+00 1.05467178e+01 2.92673696e+00 1.67233151e+01
 3.57931812e-01 1.53052540e+01 7.00158100e-01 3.09732700e+00
 3.01628578e+04 3.18961435e+00 8.83242724e+00 1.08821702e+00
 1.83465045e+01 2.19072202e+01 1.50000000e+01 7.23498300e-01
 3.01311700e+00 1.90630887e+04 6.48749362e-03]
saving params.txt: (3.3558069859306703, 10.546717793582339, 2.9267369582887675, 16.723315130961808, 0.3579318121993732, 15.305254, 0.7001581, 3.097327, 30162.85775781516, 3.1896143538075625, 8.83242724077805, 1.0882170179405435, 18.346504536506494, 21.907220220602277, 15.0, 0.7234983, 3.013117, 19063.088657864442, 0.006487493615319558)
saving energy.txt: [-7.03518995 -7.04663592 -7.05063989 -7.04940588 -7.04569306 -7.03934937
 -7.03187185 -7.02893416 -7.04164929 -7.05032606 -7.05222122 -7.05030092
 -7.04607223 -7.03943897 -7.0318767  -7.02893441 -7.02749754 -7.04808696
 -7.05405483 -7.05384452 -7.04646921 -7.03953424 -7.03188197 -7.02893469
 -7.03347424 -7.04588423 -7.05042442 -7.04566775 -7.03934673 -7.03187185
 -7.02893416]
params_e0 (3.3558069859306703, 10.546717793582339, 2.9267369582887675, 16.723315130961808, 0.3579318121993732, 15.305254, 0.7001581, 30162.85775781516, 3.1896143062786058, 8.832427372391473, 1.0882170179405435, 18.346504536506494, 21.907220220602277, 15.0, 0.7234983, 19063.088657864442, 0.006487493615319558)
reconstructed_params [3.35580699e+00 1.05467178e+01 2.92673696e+00 1.67233151e+01
 3.57931812e-01 1.53052540e+01 7.00158100e-01 3.09732700e+00
 3.01628578e+04 3.18961431e+00 8.83242737e+00 1.08821702e+00
 1.83465045e+01 2.19072202e+01 1.50000000e+01 7.23498300e-01
 3.01311700e+00 1.90630887e+04 6.48749362e-03]
saving params.txt: (3.3558069859306703, 10.546717793582339, 2.9267369582887675, 16.723315130961808, 0.3579318121993732, 15.305254, 0.7001581, 3.097327, 30162.85775781516, 3.1896143062786058, 8.832427372391473, 1.0882170179405435, 18.346504536506494, 21.907220220602277, 15.0, 0.7234983, 3.013117, 19063.088657864442, 0.006487493615319558)
saving energy.txt: [-7.03518996 -7.04663592 -7.05063989 -7.04940589 -7.04569307 -7.03934937
 -7.03187185 -7.02893416 -7.04164929 -7.05032606 -7.05222122 -7.05030092
 -7.04607223 -7.03943897 -7.0318767  -7.02893441 -7.02749754 -7.04808697
 -7.05405484 -7.05384452 -7.04646921 -7.03953424 -7.03188197 -7.02893469
 -7.03347424 -7.04588423 -7.05042443 -7.04566775 -7.03934673 -7.03187185
 -7.02893416]
params_e0 (3.3558069859306703, 10.546717793582339, 2.9267369582887675, 16.723315130961808, 0.3579318121993732, 15.305254, 0.7001581, 30162.85775781516, 3.1896143062786058, 8.83242724077805, 1.0882170341562407, 18.346504536506494, 21.907220220602277, 15.0, 0.7234983, 19063.088657864442, 0.006487493615319558)
reconstructed_params [3.35580699e+00 1.05467178e+01 2.92673696e+00 1.67233151e+01
 3.57931812e-01 1.53052540e+01 7.00158100e-01 3.09732700e+00
 3.01628578e+04 3.18961431e+00 8.83242724e+00 1.08821703e+00
 1.83465045e+01 2.19072202e+01 1.50000000e+01 7.23498300e-01
 3.01311700e+00 1.90630887e+04 6.48749362e-03]
saving params.txt: (3.3558069859306703, 10.546717793582339, 2.9267369582887675, 16.723315130961808, 0.3579318121993732, 15.305254, 0.7001581, 3.097327, 30162.85775781516, 3.1896143062786058, 8.83242724077805, 1.0882170341562407, 18.346504536506494, 21.907220220602277, 15.0, 0.7234983, 3.013117, 19063.088657864442, 0.006487493615319558)
saving energy.txt: [-7.03518996 -7.04663592 -7.05063989 -7.04940589 -7.04569307 -7.03934937
 -7.03187185 -7.02893416 -7.04164929 -7.05032606 -7.05222122 -7.05030092
 -7.04607223 -7.03943897 -7.0318767  -7.02893441 -7.02749754 -7.04808697
 -7.05405484 -7.05384452 -7.04646921 -7.03953424 -7.03188197 -7.02893469
 -7.03347424 -7.04588423 -7.05042443 -7.04566775 -7.03934673 -7.03187185
 -7.02893416]
params_e0 (3.3558069859306703, 10.546717793582339, 2.9267369582887675, 16.723315130961808, 0.3579318121993732, 15.305254, 0.7001581, 30162.85775781516, 3.1896143062786058, 8.83242724077805, 1.0882170179405435, 18.346504809890714, 21.907220220602277, 15.0, 0.7234983, 19063.088657864442, 0.006487493615319558)
reconstructed_params [3.35580699e+00 1.05467178e+01 2.92673696e+00 1.67233151e+01
 3.57931812e-01 1.53052540e+01 7.00158100e-01 3.09732700e+00
 3.01628578e+04 3.18961431e+00 8.83242724e+00 1.08821702e+00
 1.83465048e+01 2.19072202e+01 1.50000000e+01 7.23498300e-01
 3.01311700e+00 1.90630887e+04 6.48749362e-03]
saving params.txt: (3.3558069859306703, 10.546717793582339, 2.9267369582887675, 16.723315130961808, 0.3579318121993732, 15.305254, 0.7001581, 3.097327, 30162.85775781516, 3.1896143062786058, 8.83242724077805, 1.0882170179405435, 18.346504809890714, 21.907220220602277, 15.0, 0.7234983, 3.013117, 19063.088657864442, 0.006487493615319558)
saving energy.txt: [-7.03518996 -7.04663592 -7.05063989 -7.04940589 -7.04569307 -7.03934937
 -7.03187185 -7.02893416 -7.04164929 -7.05032606 -7.05222122 -7.05030092
 -7.04607223 -7.03943897 -7.0318767  -7.02893441 -7.02749754 -7.04808697
 -7.05405484 -7.05384452 -7.04646921 -7.03953424 -7.03188197 -7.02893469
 -7.03347424 -7.04588423 -7.05042443 -7.04566775 -7.03934673 -7.03187185
 -7.02893416]
params_e0 (3.3558069859306703, 10.546717793582339, 2.9267369582887675, 16.723315130961808, 0.3579318121993732, 15.305254, 0.7001581, 30162.85775781516, 3.1896143062786058, 8.83242724077805, 1.0882170179405435, 18.346504536506494, 21.907220547045295, 15.0, 0.7234983, 19063.088657864442, 0.006487493615319558)
reconstructed_params [3.35580699e+00 1.05467178e+01 2.92673696e+00 1.67233151e+01
 3.57931812e-01 1.53052540e+01 7.00158100e-01 3.09732700e+00
 3.01628578e+04 3.18961431e+00 8.83242724e+00 1.08821702e+00
 1.83465045e+01 2.19072205e+01 1.50000000e+01 7.23498300e-01
 3.01311700e+00 1.90630887e+04 6.48749362e-03]
saving params.txt: (3.3558069859306703, 10.546717793582339, 2.9267369582887675, 16.723315130961808, 0.3579318121993732, 15.305254, 0.7001581, 3.097327, 30162.85775781516, 3.1896143062786058, 8.83242724077805, 1.0882170179405435, 18.346504536506494, 21.907220547045295, 15.0, 0.7234983, 3.013117, 19063.088657864442, 0.006487493615319558)
saving energy.txt: [-7.03518996 -7.04663592 -7.05063989 -7.04940589 -7.04569307 -7.03934937
 -7.03187185 -7.02893416 -7.04164929 -7.05032606 -7.05222122 -7.05030092
 -7.04607223 -7.03943897 -7.0318767  -7.02893441 -7.02749754 -7.04808697
 -7.05405484 -7.05384452 -7.04646921 -7.03953424 -7.03188197 -7.02893469
 -7.03347424 -7.04588423 -7.05042443 -7.04566775 -7.03934673 -7.03187185
 -7.02893416]
params_e0 (3.3558069859306703, 10.546717793582339, 2.9267369582887675, 16.723315130961808, 0.3579318121993732, 15.305254, 0.7001581, 30162.85775781516, 3.1896143062786058, 8.83242724077805, 1.0882170179405435, 18.346504536506494, 21.907220220602277, 15.000000223517418, 0.7234983, 19063.088657864442, 0.006487493615319558)
reconstructed_params [3.35580699e+00 1.05467178e+01 2.92673696e+00 1.67233151e+01
 3.57931812e-01 1.53052540e+01 7.00158100e-01 3.09732700e+00
 3.01628578e+04 3.18961431e+00 8.83242724e+00 1.08821702e+00
 1.83465045e+01 2.19072202e+01 1.50000002e+01 7.23498300e-01
 3.01311700e+00 1.90630887e+04 6.48749362e-03]
saving params.txt: (3.3558069859306703, 10.546717793582339, 2.9267369582887675, 16.723315130961808, 0.3579318121993732, 15.305254, 0.7001581, 3.097327, 30162.85775781516, 3.1896143062786058, 8.83242724077805, 1.0882170179405435, 18.346504536506494, 21.907220220602277, 15.000000223517418, 0.7234983, 3.013117, 19063.088657864442, 0.006487493615319558)
saving energy.txt: [-7.03518996 -7.04663592 -7.05063989 -7.04940589 -7.04569307 -7.03934937
 -7.03187185 -7.02893416 -7.04164929 -7.05032606 -7.05222122 -7.05030092
 -7.04607223 -7.03943897 -7.0318767  -7.02893441 -7.02749754 -7.04808697
 -7.05405484 -7.05384452 -7.04646921 -7.03953424 -7.03188197 -7.02893469
 -7.03347424 -7.04588423 -7.05042443 -7.04566775 -7.03934673 -7.03187185
 -7.02893416]
params_e0 (3.3558069859306703, 10.546717793582339, 2.9267369582887675, 16.723315130961808, 0.3579318121993732, 15.305254, 0.7001581, 30162.85775781516, 3.1896143062786058, 8.83242724077805, 1.0882170179405435, 18.346504536506494, 21.907220220602277, 15.0, 0.7234983149011612, 19063.088657864442, 0.006487493615319558)
reconstructed_params [3.35580699e+00 1.05467178e+01 2.92673696e+00 1.67233151e+01
 3.57931812e-01 1.53052540e+01 7.00158100e-01 3.09732700e+00
 3.01628578e+04 3.18961431e+00 8.83242724e+00 1.08821702e+00
 1.83465045e+01 2.19072202e+01 1.50000000e+01 7.23498315e-01
 3.01311700e+00 1.90630887e+04 6.48749362e-03]
saving params.txt: (3.3558069859306703, 10.546717793582339, 2.9267369582887675, 16.723315130961808, 0.3579318121993732, 15.305254, 0.7001581, 3.097327, 30162.85775781516, 3.1896143062786058, 8.83242724077805, 1.0882170179405435, 18.346504536506494, 21.907220220602277, 15.0, 0.7234983149011612, 3.013117, 19063.088657864442, 0.006487493615319558)
saving energy.txt: [-7.03518996 -7.04663592 -7.05063989 -7.04940589 -7.04569307 -7.03934937
 -7.03187185 -7.02893416 -7.04164929 -7.05032606 -7.05222122 -7.05030092
 -7.04607223 -7.03943897 -7.0318767  -7.02893441 -7.02749754 -7.04808697
 -7.05405484 -7.05384452 -7.04646921 -7.03953424 -7.03188197 -7.02893469
 -7.03347424 -7.04588423 -7.05042443 -7.04566775 -7.03934673 -7.03187185
 -7.02893416]
params_e0 (3.3558069859306703, 10.546717793582339, 2.9267369582887675, 16.723315130961808, 0.3579318121993732, 15.305254, 0.7001581, 30162.85775781516, 3.1896143062786058, 8.83242724077805, 1.0882170179405435, 18.346504536506494, 21.907220220602277, 15.0, 0.7234983, 19063.0889419266, 0.006487493615319558)
reconstructed_params [3.35580699e+00 1.05467178e+01 2.92673696e+00 1.67233151e+01
 3.57931812e-01 1.53052540e+01 7.00158100e-01 3.09732700e+00
 3.01628578e+04 3.18961431e+00 8.83242724e+00 1.08821702e+00
 1.83465045e+01 2.19072202e+01 1.50000000e+01 7.23498300e-01
 3.01311700e+00 1.90630889e+04 6.48749362e-03]
saving params.txt: (3.3558069859306703, 10.546717793582339, 2.9267369582887675, 16.723315130961808, 0.3579318121993732, 15.305254, 0.7001581, 3.097327, 30162.85775781516, 3.1896143062786058, 8.83242724077805, 1.0882170179405435, 18.346504536506494, 21.907220220602277, 15.0, 0.7234983, 3.013117, 19063.0889419266, 0.006487493615319558)
saving energy.txt: [-7.03518996 -7.04663592 -7.05063989 -7.04940589 -7.04569307 -7.03934937
 -7.03187185 -7.02893416 -7.04164929 -7.05032606 -7.05222122 -7.05030092
 -7.04607223 -7.03943897 -7.0318767  -7.02893441 -7.02749754 -7.04808697
 -7.05405484 -7.05384452 -7.04646921 -7.03953424 -7.03188197 -7.02893469
 -7.03347424 -7.04588423 -7.05042443 -7.04566775 -7.03934673 -7.03187185
 -7.02893416]
params_e0 (3.3558069859306703, 10.546717793582339, 2.9267369582887675, 16.723315130961808, 0.3579318121993732, 15.305254, 0.7001581, 30162.85775781516, 3.1896143062786058, 8.83242724077805, 1.0882170179405435, 18.346504536506494, 21.907220220602277, 15.0, 0.7234983, 19063.088657864442, 0.006487508516480752)
reconstructed_params [3.35580699e+00 1.05467178e+01 2.92673696e+00 1.67233151e+01
 3.57931812e-01 1.53052540e+01 7.00158100e-01 3.09732700e+00
 3.01628578e+04 3.18961431e+00 8.83242724e+00 1.08821702e+00
 1.83465045e+01 2.19072202e+01 1.50000000e+01 7.23498300e-01
 3.01311700e+00 1.90630887e+04 6.48750852e-03]
saving params.txt: (3.3558069859306703, 10.546717793582339, 2.9267369582887675, 16.723315130961808, 0.3579318121993732, 15.305254, 0.7001581, 3.097327, 30162.85775781516, 3.1896143062786058, 8.83242724077805, 1.0882170179405435, 18.346504536506494, 21.907220220602277, 15.0, 0.7234983, 3.013117, 19063.088657864442, 0.006487508516480752)
saving energy.txt: [-7.03518994 -7.04663591 -7.05063988 -7.04940587 -7.04569305 -7.03934936
 -7.03187184 -7.02893414 -7.04164928 -7.05032605 -7.05222121 -7.05030091
 -7.04607221 -7.03943896 -7.03187668 -7.0289344  -7.02749753 -7.04808695
 -7.05405482 -7.0538445  -7.04646919 -7.03953422 -7.03188195 -7.02893467
 -7.03347423 -7.04588422 -7.05042441 -7.04566773 -7.03934671 -7.03187184
 -7.02893415]
params_e0 (3.5356414666160143, 10.546717790166207, 0.012330462064536363, 10.767822953915115, 0.008701793411829029, 15.305254000337216, 0.7001580999223616, 30162.857756874233, 3.1003971675642985, 8.832427241859104, 1.0084784500828325, 19.103593925351074, 25.708144637475694, 15.000000000027244, 0.7234983000273266, 19063.088657266217, 0.006452569896845058)
reconstructed_params [3.53564147e+00 1.05467178e+01 1.23304621e-02 1.07678230e+01
 8.70179341e-03 1.53052540e+01 7.00158100e-01 3.09732700e+00
 3.01628578e+04 3.10039717e+00 8.83242724e+00 1.00847845e+00
 1.91035939e+01 2.57081446e+01 1.50000000e+01 7.23498300e-01
 3.01311700e+00 1.90630887e+04 6.45256990e-03]
saving params.txt: (3.5356414666160143, 10.546717790166207, 0.012330462064536363, 10.767822953915115, 0.008701793411829029, 15.305254000337216, 0.7001580999223616, 3.097327, 30162.857756874233, 3.1003971675642985, 8.832427241859104, 1.0084784500828325, 19.103593925351074, 25.708144637475694, 15.000000000027244, 0.7234983000273266, 3.013117, 19063.088657266217, 0.006452569896845058)
saving energy.txt: [-7.04008839 -7.04940409 -7.05183304 -7.05009912 -7.04601445 -7.03945924
 -7.03191261 -7.02896955 -7.04694365 -7.05323648 -7.05342996 -7.05098809
 -7.0463825  -7.03954319 -7.03191685 -7.02896975 -7.02753247 -7.05307466
 -7.05672887 -7.05491766 -7.04673491 -7.03962524 -7.03192111 -7.02896996
 -7.03869816 -7.04877818 -7.05164576 -7.04599064 -7.03945648 -7.03191259
 -7.02896955]
params_e0 (3.7510211072849056, 10.546655838602584, 2.9277476934294473, 16.709327284891955, 0.31285563254694587, 15.305258396085915, 0.7001570864918749, 30162.83911570417, 2.8317077922430514, 8.832422625875248, 3.76552573571054e-05, 18.356203534306683, 21.887937988193762, 15.000002955435876, 0.7234974968988556, 19063.07661797349, 0.009341872308479104)
reconstructed_params [3.75102111e+00 1.05466558e+01 2.92774769e+00 1.67093273e+01
 3.12855633e-01 1.53052584e+01 7.00157086e-01 3.09732700e+00
 3.01628391e+04 2.83170779e+00 8.83242263e+00 3.76552574e-05
 1.83562035e+01 2.18879380e+01 1.50000030e+01 7.23497497e-01
 3.01311700e+00 1.90630766e+04 9.34187231e-03]
saving params.txt: (3.7510211072849056, 10.546655838602584, 2.9277476934294473, 16.709327284891955, 0.31285563254694587, 15.305258396085915, 0.7001570864918749, 3.097327, 30162.83911570417, 2.8317077922430514, 8.832422625875248, 3.76552573571054e-05, 18.356203534306683, 21.887937988193762, 15.000002955435876, 0.7234974968988556, 3.013117, 19063.07661797349, 0.009341872308479104)
saving energy.txt: [-6.99977291 -7.02317017 -7.03762352 -7.04028619 -7.03985278 -7.03565723
 -7.02895827 -7.02607606 -7.00377172 -7.02543126 -7.03856909 -7.04080978
 -7.04006575 -7.03570341 -7.02896027 -7.02607614 -7.02464311 -7.0018968
 -7.02454546 -7.03828259 -7.04002266 -7.03569703 -7.02896013 -7.02607614
 -6.99639838 -7.02163475 -7.03716111 -7.03979474 -7.03565101 -7.0289583
 -7.02607607]
params_e0 (3.5022880419950657, 10.577036821914183, 2.9266228183144456, 16.72617154764233, 0.36582736511834035, 15.30523524116806, 0.7003425788269423, 30162.809059898544, 2.932862180502065, 8.884278069823948, 1.1519896701713759, 18.34745496337156, 21.901666265506577, 15.000001158731118, 0.7234844446752771, 19063.06374624692, 0.008971318988770006)
reconstructed_params [3.50228804e+00 1.05770368e+01 2.92662282e+00 1.67261715e+01
 3.65827365e-01 1.53052352e+01 7.00342579e-01 3.09732700e+00
 3.01628091e+04 2.93286218e+00 8.88427807e+00 1.15198967e+00
 1.83474550e+01 2.19016663e+01 1.50000012e+01 7.23484445e-01
 3.01311700e+00 1.90630637e+04 8.97131899e-03]
saving params.txt: (3.5022880419950657, 10.577036821914183, 2.9266228183144456, 16.72617154764233, 0.36582736511834035, 15.30523524116806, 0.7003425788269423, 3.097327, 30162.809059898544, 2.932862180502065, 8.884278069823948, 1.1519896701713759, 18.34745496337156, 21.901666265506577, 15.000001158731118, 0.7234844446752771, 3.013117, 19063.06374624692, 0.008971318988770006)
saving energy.txt: [-7.03889911 -7.04817507 -7.05024232 -7.0482586  -7.04388621 -7.03707623
 -7.02940613 -7.02645168 -7.04086927 -7.04930719 -7.05072405 -7.0485276
 -7.04399668 -7.03710048 -7.0294072  -7.02645172 -7.02501373 -7.04307701
 -7.05058262 -7.05126747 -7.04412111 -7.03712777 -7.02940841 -7.02645177
 -7.03632443 -7.04701045 -7.04989078 -7.04384003 -7.03707047 -7.02940606
 -7.02645168]
params_e0 (3.392485927101362, 10.555009135741537, 2.9267085543459177, 16.724030315937828, 0.3599076951796984, 15.3052493030872, 0.7002050662150267, 30162.845558203822, 3.1255444491280198, 8.848356052866245, 1.1041626220211358, 18.346742924722868, 21.905833266894316, 15.000000287014037, 0.7234948496217259, 19063.08241343957, 0.007107617533211397)
reconstructed_params [3.39248593e+00 1.05550091e+01 2.92670855e+00 1.67240303e+01
 3.59907695e-01 1.53052493e+01 7.00205066e-01 3.09732700e+00
 3.01628456e+04 3.12554445e+00 8.84835605e+00 1.10416262e+00
 1.83467429e+01 2.19058333e+01 1.50000003e+01 7.23494850e-01
 3.01311700e+00 1.90630824e+04 7.10761753e-03]
saving params.txt: (3.392485927101362, 10.555009135741537, 2.9267085543459177, 16.724030315937828, 0.3599076951796984, 15.3052493030872, 0.7002050662150267, 3.097327, 30162.845558203822, 3.1255444491280198, 8.848356052866245, 1.1041626220211358, 18.346742924722868, 21.905833266894316, 15.000000287014037, 0.7234948496217259, 3.013117, 19063.08241343957, 0.007107617533211397)
saving energy.txt: [-7.0380073  -7.04827793 -7.05120643 -7.0495491  -7.04546068 -7.03884994
 -7.03126207 -7.0283148  -7.0431226  -7.05118544 -7.05244047 -7.05024229
 -7.04575058 -7.03891679 -7.03126548 -7.02831497 -7.02687743 -7.04830952
 -7.05417257 -7.05372663 -7.04605804 -7.03898865 -7.03126923 -7.02831516
 -7.0360924  -7.04743122 -7.05096001 -7.0454307  -7.03884662 -7.03126205
 -7.02831481]
params_e0 (3.365045448330813, 10.54880889410473, 2.9267299374593883, 16.723495217312788, 0.35842859867756577, 15.305252818711097, 0.7001699275497569, 30162.854682099096, 3.173641069550985, 8.836469429637052, 1.0922142335237697, 18.34656487922674, 21.906873680123166, 15.000000069971035, 0.7234974559687185, 19063.087080786267, 0.006637481086912014)
reconstructed_params [3.36504545e+00 1.05488089e+01 2.92672994e+00 1.67234952e+01
 3.58428599e-01 1.53052528e+01 7.00169928e-01 3.09732700e+00
 3.01628547e+04 3.17364107e+00 8.83646943e+00 1.09221423e+00
 1.83465649e+01 2.19068737e+01 1.50000001e+01 7.23497456e-01
 3.01311700e+00 1.90630871e+04 6.63748109e-03]
saving params.txt: (3.365045448330813, 10.54880889410473, 2.9267299374593883, 16.723495217312788, 0.35842859867756577, 15.305252818711097, 0.7001699275497569, 3.097327, 30162.854682099096, 3.173641069550985, 8.836469429637052, 1.0922142335237697, 18.34656487922674, 21.906873680123166, 15.000000069971035, 0.7234974559687185, 3.013117, 19063.087080786267, 0.006637481086912014)
saving energy.txt: [-7.03601202 -7.04712801 -7.05082832 -7.0494742  -7.04565439 -7.03923423
 -7.03172489 -7.0287844  -7.04211991 -7.05061237 -7.05231759 -7.05031544
 -7.04600957 -7.03931765 -7.03172933 -7.02878463 -7.02734756 -7.04823212
 -7.05414707 -7.05385193 -7.04638261 -7.03940657 -7.03173418 -7.02878488
 -7.03424715 -7.04635291 -7.05060525 -7.04562793 -7.03923143 -7.03172488
 -7.0287844 ]
params_e0 (3.358173443728686, 10.547244780229178, 2.9267352687321875, 16.723361219749542, 0.3580583417818634, 15.305253698858387, 0.7001611168242237, 30162.85696757264, 3.185656737241828, 8.833435506277931, 1.0892253276949009, 18.34652023740178, 21.907133734942523, 15.000000016030649, 0.7234981044246885, 19063.088250416386, 0.0065209223646177815)
reconstructed_params [3.35817344e+00 1.05472448e+01 2.92673527e+00 1.67233612e+01
 3.58058342e-01 1.53052537e+01 7.00161117e-01 3.09732700e+00
 3.01628570e+04 3.18565674e+00 8.83343551e+00 1.08922533e+00
 1.83465202e+01 2.19071337e+01 1.50000000e+01 7.23498104e-01
 3.01311700e+00 1.90630883e+04 6.52092236e-03]
saving params.txt: (3.358173443728686, 10.547244780229178, 2.9267352687321875, 16.723361219749542, 0.3580583417818634, 15.305253698858387, 0.7001611168242237, 3.097327, 30162.85696757264, 3.185656737241828, 8.833435506277931, 1.0892253276949009, 18.34652023740178, 21.907133734942523, 15.000000016030649, 0.7234981044246885, 3.013117, 19063.088250416386, 0.0065209223646177815)
saving energy.txt: [-7.03539741 -7.04676221 -7.05069107 -7.04942719 -7.04568765 -7.03932476
 -7.0318392  -7.02890079 -7.04176826 -7.0504005  -7.05224917 -7.05030864
 -7.04606074 -7.03941279 -7.03184394 -7.02890103 -7.02746411 -7.04812422
 -7.0540805  -7.05385006 -7.04645168 -7.03950645 -7.0318491  -7.0289013
 -7.03366917 -7.04600457 -7.05047367 -7.04566204 -7.03932208 -7.03183919
 -7.02890079]
params_e0 (3.3564297234468303, 10.546851413920928, 2.926736572615893, 16.723327237164202, 0.3579647167587384, 15.30525392154064, 0.7001588865477482, 30162.857548560867, 3.1886454327010405, 8.832676102510245, 1.088473915067547, 18.34650880031885, 21.90719869715711, 15.000000003194017, 0.7234982597055926, 19063.088548757678, 0.006494066877966915)
reconstructed_params [3.35642972e+00 1.05468514e+01 2.92673657e+00 1.67233272e+01
 3.57964717e-01 1.53052539e+01 7.00158887e-01 3.09732700e+00
 3.01628575e+04 3.18864543e+00 8.83267610e+00 1.08847392e+00
 1.83465088e+01 2.19071987e+01 1.50000000e+01 7.23498260e-01
 3.01311700e+00 1.90630885e+04 6.49406688e-03]
saving params.txt: (3.3564297234468303, 10.546851413920928, 2.926736572615893, 16.723327237164202, 0.3579647167587384, 15.30525392154064, 0.7001588865477482, 3.097327, 30162.857548560867, 3.1886454327010405, 8.832676102510245, 1.088473915067547, 18.34650880031885, 21.90719869715711, 15.000000003194017, 0.7234982597055926, 3.013117, 19063.088548757678, 0.006494066877966915)
saving energy.txt: [-7.03523849 -7.04666618 -7.05065303 -7.04941214 -7.04569311 -7.0393449
 -7.03186547 -7.0289276  -7.04167588 -7.05034348 -7.05222861 -7.05030382
 -7.04607077 -7.03943411 -7.03187029 -7.02892785 -7.02749097 -7.04809337
 -7.05406021 -7.05384638 -7.04646626 -7.03952898 -7.03187553 -7.02892813
 -7.03351948 -7.04591293 -7.05043706 -7.04566771 -7.03934225 -7.03186547
 -7.0289276 ]
params_e0 (3.3559707793004643, 10.546751640963969, 2.9267368717471167, 16.723318309501355, 0.3579403675839919, 15.305253979564288, 0.700158304995495, 30162.85770243534, 3.18937782083, 8.8324884809907, 1.0882824534883317, 18.34650569139428, 21.907214871795624, 15.000000000581576, 0.7234982922208836, 19063.088628682166, 0.006489456283104462)
reconstructed_params [3.35597078e+00 1.05467516e+01 2.92673687e+00 1.67233183e+01
 3.57940368e-01 1.53052540e+01 7.00158305e-01 3.09732700e+00
 3.01628577e+04 3.18937782e+00 8.83248848e+00 1.08828245e+00
 1.83465057e+01 2.19072149e+01 1.50000000e+01 7.23498292e-01
 3.01311700e+00 1.90630886e+04 6.48945628e-03]
saving params.txt: (3.3559707793004643, 10.546751640963969, 2.9267368717471167, 16.723318309501355, 0.3579403675839919, 15.305253979564288, 0.700158304995495, 3.097327, 30162.85770243534, 3.18937782083, 8.8324884809907, 1.0882824534883317, 18.34650569139428, 21.907214871795624, 15.000000000581576, 0.7234982922208836, 3.013117, 19063.088628682166, 0.006489456283104462)
saving energy.txt: [-7.03520029 -7.04664227 -7.05064243 -7.04940688 -7.04569264 -7.0393479
 -7.03186994 -7.0289322  -7.04165421 -7.05032924 -7.05222235 -7.05030108
 -7.04607143 -7.03943741 -7.03187477 -7.02893245 -7.02749558 -7.04808692
 -7.05405505 -7.05384429 -7.04646805 -7.03953258 -7.03188004 -7.02893273
 -7.03348371 -7.04589017 -7.05042683 -7.0456673  -7.03934526 -7.03186993
 -7.0289322 ]
params_e0 (3.3559708293083257, 10.546751640963969, 2.9267368717471167, 16.723318309501355, 0.3579403675839919, 15.305253979564288, 0.700158304995495, 30162.85770243534, 3.18937782083, 8.8324884809907, 1.0882824534883317, 18.34650569139428, 21.907214871795624, 15.000000000581576, 0.7234982922208836, 19063.088628682166, 0.006489456283104462)
reconstructed_params [3.35597083e+00 1.05467516e+01 2.92673687e+00 1.67233183e+01
 3.57940368e-01 1.53052540e+01 7.00158305e-01 3.09732700e+00
 3.01628577e+04 3.18937782e+00 8.83248848e+00 1.08828245e+00
 1.83465057e+01 2.19072149e+01 1.50000000e+01 7.23498292e-01
 3.01311700e+00 1.90630886e+04 6.48945628e-03]
saving params.txt: (3.3559708293083257, 10.546751640963969, 2.9267368717471167, 16.723318309501355, 0.3579403675839919, 15.305253979564288, 0.700158304995495, 3.097327, 30162.85770243534, 3.18937782083, 8.8324884809907, 1.0882824534883317, 18.34650569139428, 21.907214871795624, 15.000000000581576, 0.7234982922208836, 3.013117, 19063.088628682166, 0.006489456283104462)
saving energy.txt: [-7.03520029 -7.04664226 -7.05064243 -7.04940687 -7.04569264 -7.0393479
 -7.03186994 -7.0289322  -7.0416542  -7.05032923 -7.05222235 -7.05030108
 -7.04607143 -7.03943741 -7.03187477 -7.02893245 -7.02749558 -7.04808692
 -7.05405505 -7.05384428 -7.04646805 -7.03953258 -7.03188004 -7.02893273
 -7.03348371 -7.04589016 -7.05042683 -7.0456673  -7.03934526 -7.03186993
 -7.0289322 ]
params_e0 (3.3559707793004643, 10.546751798122814, 2.9267368717471167, 16.723318309501355, 0.3579403675839919, 15.305253979564288, 0.700158304995495, 30162.85770243534, 3.18937782083, 8.8324884809907, 1.0882824534883317, 18.34650569139428, 21.907214871795624, 15.000000000581576, 0.7234982922208836, 19063.088628682166, 0.006489456283104462)
reconstructed_params [3.35597078e+00 1.05467518e+01 2.92673687e+00 1.67233183e+01
 3.57940368e-01 1.53052540e+01 7.00158305e-01 3.09732700e+00
 3.01628577e+04 3.18937782e+00 8.83248848e+00 1.08828245e+00
 1.83465057e+01 2.19072149e+01 1.50000000e+01 7.23498292e-01
 3.01311700e+00 1.90630886e+04 6.48945628e-03]
saving params.txt: (3.3559707793004643, 10.546751798122814, 2.9267368717471167, 16.723318309501355, 0.3579403675839919, 15.305253979564288, 0.700158304995495, 3.097327, 30162.85770243534, 3.18937782083, 8.8324884809907, 1.0882824534883317, 18.34650569139428, 21.907214871795624, 15.000000000581576, 0.7234982922208836, 3.013117, 19063.088628682166, 0.006489456283104462)
saving energy.txt: [-7.03520029 -7.04664227 -7.05064243 -7.04940688 -7.04569264 -7.0393479
 -7.03186994 -7.0289322  -7.04165421 -7.05032924 -7.05222235 -7.05030108
 -7.04607143 -7.03943741 -7.03187477 -7.02893245 -7.02749558 -7.04808692
 -7.05405505 -7.05384429 -7.04646805 -7.03953258 -7.03188004 -7.02893273
 -7.03348371 -7.04589017 -7.05042683 -7.0456673  -7.03934526 -7.03186993
 -7.0289322 ]
params_e0 (3.3559707793004643, 10.546751640963969, 2.9267369153588945, 16.723318309501355, 0.3579403675839919, 15.305253979564288, 0.700158304995495, 30162.85770243534, 3.18937782083, 8.8324884809907, 1.0882824534883317, 18.34650569139428, 21.907214871795624, 15.000000000581576, 0.7234982922208836, 19063.088628682166, 0.006489456283104462)
reconstructed_params [3.35597078e+00 1.05467516e+01 2.92673692e+00 1.67233183e+01
 3.57940368e-01 1.53052540e+01 7.00158305e-01 3.09732700e+00
 3.01628577e+04 3.18937782e+00 8.83248848e+00 1.08828245e+00
 1.83465057e+01 2.19072149e+01 1.50000000e+01 7.23498292e-01
 3.01311700e+00 1.90630886e+04 6.48945628e-03]
saving params.txt: (3.3559707793004643, 10.546751640963969, 2.9267369153588945, 16.723318309501355, 0.3579403675839919, 15.305253979564288, 0.700158304995495, 3.097327, 30162.85770243534, 3.18937782083, 8.8324884809907, 1.0882824534883317, 18.34650569139428, 21.907214871795624, 15.000000000581576, 0.7234982922208836, 3.013117, 19063.088628682166, 0.006489456283104462)
saving energy.txt: [-7.03520029 -7.04664227 -7.05064243 -7.04940688 -7.04569264 -7.0393479
 -7.03186994 -7.0289322  -7.04165421 -7.05032924 -7.05222235 -7.05030108
 -7.04607143 -7.03943741 -7.03187477 -7.02893245 -7.02749558 -7.04808692
 -7.05405505 -7.05384429 -7.04646805 -7.03953258 -7.03188004 -7.02893273
 -7.03348371 -7.04589017 -7.05042683 -7.0456673  -7.03934526 -7.03186993
 -7.0289322 ]
params_e0 (3.3559707793004643, 10.546751640963969, 2.9267368717471167, 16.723318558698217, 0.3579403675839919, 15.305253979564288, 0.700158304995495, 30162.85770243534, 3.18937782083, 8.8324884809907, 1.0882824534883317, 18.34650569139428, 21.907214871795624, 15.000000000581576, 0.7234982922208836, 19063.088628682166, 0.006489456283104462)
reconstructed_params [3.35597078e+00 1.05467516e+01 2.92673687e+00 1.67233186e+01
 3.57940368e-01 1.53052540e+01 7.00158305e-01 3.09732700e+00
 3.01628577e+04 3.18937782e+00 8.83248848e+00 1.08828245e+00
 1.83465057e+01 2.19072149e+01 1.50000000e+01 7.23498292e-01
 3.01311700e+00 1.90630886e+04 6.48945628e-03]
saving params.txt: (3.3559707793004643, 10.546751640963969, 2.9267368717471167, 16.723318558698217, 0.3579403675839919, 15.305253979564288, 0.700158304995495, 3.097327, 30162.85770243534, 3.18937782083, 8.8324884809907, 1.0882824534883317, 18.34650569139428, 21.907214871795624, 15.000000000581576, 0.7234982922208836, 3.013117, 19063.088628682166, 0.006489456283104462)
saving energy.txt: [-7.03520029 -7.04664227 -7.05064243 -7.04940688 -7.04569264 -7.0393479
 -7.03186994 -7.0289322  -7.04165421 -7.05032924 -7.05222235 -7.05030108
 -7.04607143 -7.03943741 -7.03187477 -7.02893245 -7.02749558 -7.04808692
 -7.05405505 -7.05384429 -7.04646805 -7.03953258 -7.03188004 -7.02893273
 -7.03348371 -7.04589017 -7.05042683 -7.0456673  -7.03934526 -7.03186993
 -7.0289322 ]
params_e0 (3.3559707793004643, 10.546751640963969, 2.9267368717471167, 16.723318309501355, 0.3579403824851531, 15.305253979564288, 0.700158304995495, 30162.85770243534, 3.18937782083, 8.8324884809907, 1.0882824534883317, 18.34650569139428, 21.907214871795624, 15.000000000581576, 0.7234982922208836, 19063.088628682166, 0.006489456283104462)
reconstructed_params [3.35597078e+00 1.05467516e+01 2.92673687e+00 1.67233183e+01
 3.57940382e-01 1.53052540e+01 7.00158305e-01 3.09732700e+00
 3.01628577e+04 3.18937782e+00 8.83248848e+00 1.08828245e+00
 1.83465057e+01 2.19072149e+01 1.50000000e+01 7.23498292e-01
 3.01311700e+00 1.90630886e+04 6.48945628e-03]
saving params.txt: (3.3559707793004643, 10.546751640963969, 2.9267368717471167, 16.723318309501355, 0.3579403824851531, 15.305253979564288, 0.700158304995495, 3.097327, 30162.85770243534, 3.18937782083, 8.8324884809907, 1.0882824534883317, 18.34650569139428, 21.907214871795624, 15.000000000581576, 0.7234982922208836, 3.013117, 19063.088628682166, 0.006489456283104462)
saving energy.txt: [-7.03520029 -7.04664227 -7.05064243 -7.04940688 -7.04569264 -7.0393479
 -7.03186994 -7.0289322  -7.04165421 -7.05032924 -7.05222235 -7.05030108
 -7.04607143 -7.03943741 -7.03187477 -7.02893245 -7.02749558 -7.04808692
 -7.05405505 -7.05384429 -7.04646805 -7.03953258 -7.03188004 -7.02893273
 -7.03348371 -7.04589017 -7.05042683 -7.0456673  -7.03934526 -7.03186993
 -7.0289322 ]
params_e0 (3.3559707793004643, 10.546751640963969, 2.9267368717471167, 16.723318309501355, 0.3579403675839919, 15.305254207630345, 0.700158304995495, 30162.85770243534, 3.18937782083, 8.8324884809907, 1.0882824534883317, 18.34650569139428, 21.907214871795624, 15.000000000581576, 0.7234982922208836, 19063.088628682166, 0.006489456283104462)
reconstructed_params [3.35597078e+00 1.05467516e+01 2.92673687e+00 1.67233183e+01
 3.57940368e-01 1.53052542e+01 7.00158305e-01 3.09732700e+00
 3.01628577e+04 3.18937782e+00 8.83248848e+00 1.08828245e+00
 1.83465057e+01 2.19072149e+01 1.50000000e+01 7.23498292e-01
 3.01311700e+00 1.90630886e+04 6.48945628e-03]
saving params.txt: (3.3559707793004643, 10.546751640963969, 2.9267368717471167, 16.723318309501355, 0.3579403675839919, 15.305254207630345, 0.700158304995495, 3.097327, 30162.85770243534, 3.18937782083, 8.8324884809907, 1.0882824534883317, 18.34650569139428, 21.907214871795624, 15.000000000581576, 0.7234982922208836, 3.013117, 19063.088628682166, 0.006489456283104462)
saving energy.txt: [-7.03520029 -7.04664227 -7.05064243 -7.04940688 -7.04569264 -7.0393479
 -7.03186994 -7.0289322  -7.04165421 -7.05032924 -7.05222235 -7.05030108
 -7.04607143 -7.03943741 -7.03187477 -7.02893245 -7.02749558 -7.04808692
 -7.05405505 -7.05384429 -7.04646805 -7.03953258 -7.03188004 -7.02893273
 -7.03348371 -7.04589017 -7.05042683 -7.0456673  -7.03934526 -7.03186993
 -7.0289322 ]
params_e0 (3.3559707793004643, 10.546751640963969, 2.9267368717471167, 16.723318309501355, 0.3579403675839919, 15.305253979564288, 0.7001583198966562, 30162.85770243534, 3.18937782083, 8.8324884809907, 1.0882824534883317, 18.34650569139428, 21.907214871795624, 15.000000000581576, 0.7234982922208836, 19063.088628682166, 0.006489456283104462)
reconstructed_params [3.35597078e+00 1.05467516e+01 2.92673687e+00 1.67233183e+01
 3.57940368e-01 1.53052540e+01 7.00158320e-01 3.09732700e+00
 3.01628577e+04 3.18937782e+00 8.83248848e+00 1.08828245e+00
 1.83465057e+01 2.19072149e+01 1.50000000e+01 7.23498292e-01
 3.01311700e+00 1.90630886e+04 6.48945628e-03]
saving params.txt: (3.3559707793004643, 10.546751640963969, 2.9267368717471167, 16.723318309501355, 0.3579403675839919, 15.305253979564288, 0.7001583198966562, 3.097327, 30162.85770243534, 3.18937782083, 8.8324884809907, 1.0882824534883317, 18.34650569139428, 21.907214871795624, 15.000000000581576, 0.7234982922208836, 3.013117, 19063.088628682166, 0.006489456283104462)
saving energy.txt: [-7.03520029 -7.04664227 -7.05064243 -7.04940688 -7.04569264 -7.0393479
 -7.03186994 -7.0289322  -7.04165421 -7.05032924 -7.05222235 -7.05030108
 -7.04607143 -7.03943741 -7.03187477 -7.02893245 -7.02749558 -7.04808692
 -7.05405505 -7.05384429 -7.04646805 -7.03953258 -7.03188004 -7.02893273
 -7.03348371 -7.04589017 -7.05042683 -7.0456673  -7.03934526 -7.03186993
 -7.0289322 ]
params_e0 (3.3559707793004643, 10.546751640963969, 2.9267368717471167, 16.723318309501355, 0.3579403675839919, 15.305253979564288, 0.700158304995495, 30162.858151896944, 3.18937782083, 8.8324884809907, 1.0882824534883317, 18.34650569139428, 21.907214871795624, 15.000000000581576, 0.7234982922208836, 19063.088628682166, 0.006489456283104462)
reconstructed_params [3.35597078e+00 1.05467516e+01 2.92673687e+00 1.67233183e+01
 3.57940368e-01 1.53052540e+01 7.00158305e-01 3.09732700e+00
 3.01628582e+04 3.18937782e+00 8.83248848e+00 1.08828245e+00
 1.83465057e+01 2.19072149e+01 1.50000000e+01 7.23498292e-01
 3.01311700e+00 1.90630886e+04 6.48945628e-03]
saving params.txt: (3.3559707793004643, 10.546751640963969, 2.9267368717471167, 16.723318309501355, 0.3579403675839919, 15.305253979564288, 0.700158304995495, 3.097327, 30162.858151896944, 3.18937782083, 8.8324884809907, 1.0882824534883317, 18.34650569139428, 21.907214871795624, 15.000000000581576, 0.7234982922208836, 3.013117, 19063.088628682166, 0.006489456283104462)
saving energy.txt: [-7.03520029 -7.04664227 -7.05064243 -7.04940688 -7.04569264 -7.0393479
 -7.03186994 -7.0289322  -7.04165421 -7.05032924 -7.05222235 -7.05030108
 -7.04607143 -7.03943741 -7.03187477 -7.02893245 -7.02749558 -7.04808692
 -7.05405505 -7.05384429 -7.04646805 -7.03953258 -7.03188004 -7.02893273
 -7.03348371 -7.04589017 -7.05042683 -7.0456673  -7.03934526 -7.03186993
 -7.0289322 ]
params_e0 (3.3559707793004643, 10.546751640963969, 2.9267368717471167, 16.723318309501355, 0.3579403675839919, 15.305253979564288, 0.700158304995495, 30162.85770243534, 3.189377868355433, 8.8324884809907, 1.0882824534883317, 18.34650569139428, 21.907214871795624, 15.000000000581576, 0.7234982922208836, 19063.088628682166, 0.006489456283104462)
reconstructed_params [3.35597078e+00 1.05467516e+01 2.92673687e+00 1.67233183e+01
 3.57940368e-01 1.53052540e+01 7.00158305e-01 3.09732700e+00
 3.01628577e+04 3.18937787e+00 8.83248848e+00 1.08828245e+00
 1.83465057e+01 2.19072149e+01 1.50000000e+01 7.23498292e-01
 3.01311700e+00 1.90630886e+04 6.48945628e-03]
saving params.txt: (3.3559707793004643, 10.546751640963969, 2.9267368717471167, 16.723318309501355, 0.3579403675839919, 15.305253979564288, 0.700158304995495, 3.097327, 30162.85770243534, 3.189377868355433, 8.8324884809907, 1.0882824534883317, 18.34650569139428, 21.907214871795624, 15.000000000581576, 0.7234982922208836, 3.013117, 19063.088628682166, 0.006489456283104462)
saving energy.txt: [-7.03520029 -7.04664226 -7.05064243 -7.04940687 -7.04569264 -7.0393479
 -7.03186994 -7.0289322  -7.0416542  -7.05032923 -7.05222235 -7.05030108
 -7.04607143 -7.03943741 -7.03187477 -7.02893245 -7.02749558 -7.04808692
 -7.05405505 -7.05384428 -7.04646805 -7.03953258 -7.03188004 -7.02893273
 -7.03348371 -7.04589016 -7.05042683 -7.0456673  -7.03934526 -7.03186993
 -7.0289322 ]
params_e0 (3.3559707793004643, 10.546751640963969, 2.9267368717471167, 16.723318309501355, 0.3579403675839919, 15.305253979564288, 0.700158304995495, 30162.85770243534, 3.18937782083, 8.832488612605035, 1.0882824534883317, 18.34650569139428, 21.907214871795624, 15.000000000581576, 0.7234982922208836, 19063.088628682166, 0.006489456283104462)
reconstructed_params [3.35597078e+00 1.05467516e+01 2.92673687e+00 1.67233183e+01
 3.57940368e-01 1.53052540e+01 7.00158305e-01 3.09732700e+00
 3.01628577e+04 3.18937782e+00 8.83248861e+00 1.08828245e+00
 1.83465057e+01 2.19072149e+01 1.50000000e+01 7.23498292e-01
 3.01311700e+00 1.90630886e+04 6.48945628e-03]
saving params.txt: (3.3559707793004643, 10.546751640963969, 2.9267368717471167, 16.723318309501355, 0.3579403675839919, 15.305253979564288, 0.700158304995495, 3.097327, 30162.85770243534, 3.18937782083, 8.832488612605035, 1.0882824534883317, 18.34650569139428, 21.907214871795624, 15.000000000581576, 0.7234982922208836, 3.013117, 19063.088628682166, 0.006489456283104462)
saving energy.txt: [-7.03520029 -7.04664227 -7.05064243 -7.04940688 -7.04569264 -7.0393479
 -7.03186994 -7.0289322  -7.04165421 -7.05032924 -7.05222235 -7.05030108
 -7.04607143 -7.03943741 -7.03187477 -7.02893245 -7.02749558 -7.04808692
 -7.05405505 -7.05384429 -7.04646805 -7.03953258 -7.03188004 -7.02893273
 -7.03348371 -7.04589017 -7.05042683 -7.0456673  -7.03934526 -7.03186993
 -7.0289322 ]
params_e0 (3.3559707793004643, 10.546751640963969, 2.9267368717471167, 16.723318309501355, 0.3579403675839919, 15.305253979564288, 0.700158304995495, 30162.85770243534, 3.18937782083, 8.8324884809907, 1.088282469705004, 18.34650569139428, 21.907214871795624, 15.000000000581576, 0.7234982922208836, 19063.088628682166, 0.006489456283104462)
reconstructed_params [3.35597078e+00 1.05467516e+01 2.92673687e+00 1.67233183e+01
 3.57940368e-01 1.53052540e+01 7.00158305e-01 3.09732700e+00
 3.01628577e+04 3.18937782e+00 8.83248848e+00 1.08828247e+00
 1.83465057e+01 2.19072149e+01 1.50000000e+01 7.23498292e-01
 3.01311700e+00 1.90630886e+04 6.48945628e-03]
saving params.txt: (3.3559707793004643, 10.546751640963969, 2.9267368717471167, 16.723318309501355, 0.3579403675839919, 15.305253979564288, 0.700158304995495, 3.097327, 30162.85770243534, 3.18937782083, 8.8324884809907, 1.088282469705004, 18.34650569139428, 21.907214871795624, 15.000000000581576, 0.7234982922208836, 3.013117, 19063.088628682166, 0.006489456283104462)
saving energy.txt: [-7.03520029 -7.04664227 -7.05064243 -7.04940688 -7.04569264 -7.0393479
 -7.03186994 -7.0289322  -7.04165421 -7.05032924 -7.05222235 -7.05030108
 -7.04607143 -7.03943741 -7.03187477 -7.02893245 -7.02749558 -7.04808692
 -7.05405505 -7.05384429 -7.04646805 -7.03953258 -7.03188004 -7.02893273
 -7.03348371 -7.04589017 -7.05042683 -7.0456673  -7.03934526 -7.03186993
 -7.0289322 ]
params_e0 (3.3559707793004643, 10.546751640963969, 2.9267368717471167, 16.723318309501355, 0.3579403675839919, 15.305253979564288, 0.700158304995495, 30162.85770243534, 3.18937782083, 8.8324884809907, 1.0882824534883317, 18.34650596477852, 21.907214871795624, 15.000000000581576, 0.7234982922208836, 19063.088628682166, 0.006489456283104462)
reconstructed_params [3.35597078e+00 1.05467516e+01 2.92673687e+00 1.67233183e+01
 3.57940368e-01 1.53052540e+01 7.00158305e-01 3.09732700e+00
 3.01628577e+04 3.18937782e+00 8.83248848e+00 1.08828245e+00
 1.83465060e+01 2.19072149e+01 1.50000000e+01 7.23498292e-01
 3.01311700e+00 1.90630886e+04 6.48945628e-03]
saving params.txt: (3.3559707793004643, 10.546751640963969, 2.9267368717471167, 16.723318309501355, 0.3579403675839919, 15.305253979564288, 0.700158304995495, 3.097327, 30162.85770243534, 3.18937782083, 8.8324884809907, 1.0882824534883317, 18.34650596477852, 21.907214871795624, 15.000000000581576, 0.7234982922208836, 3.013117, 19063.088628682166, 0.006489456283104462)
saving energy.txt: [-7.03520029 -7.04664227 -7.05064243 -7.04940688 -7.04569264 -7.0393479
 -7.03186994 -7.0289322  -7.04165421 -7.05032924 -7.05222235 -7.05030108
 -7.04607143 -7.03943741 -7.03187477 -7.02893245 -7.02749558 -7.04808692
 -7.05405505 -7.05384429 -7.04646805 -7.03953258 -7.03188004 -7.02893273
 -7.03348371 -7.04589017 -7.05042683 -7.0456673  -7.03934526 -7.03186993
 -7.0289322 ]
params_e0 (3.3559707793004643, 10.546751640963969, 2.9267368717471167, 16.723318309501355, 0.3579403675839919, 15.305253979564288, 0.700158304995495, 30162.85770243534, 3.18937782083, 8.8324884809907, 1.0882824534883317, 18.34650569139428, 21.907215198238564, 15.000000000581576, 0.7234982922208836, 19063.088628682166, 0.006489456283104462)
reconstructed_params [3.35597078e+00 1.05467516e+01 2.92673687e+00 1.67233183e+01
 3.57940368e-01 1.53052540e+01 7.00158305e-01 3.09732700e+00
 3.01628577e+04 3.18937782e+00 8.83248848e+00 1.08828245e+00
 1.83465057e+01 2.19072152e+01 1.50000000e+01 7.23498292e-01
 3.01311700e+00 1.90630886e+04 6.48945628e-03]
saving params.txt: (3.3559707793004643, 10.546751640963969, 2.9267368717471167, 16.723318309501355, 0.3579403675839919, 15.305253979564288, 0.700158304995495, 3.097327, 30162.85770243534, 3.18937782083, 8.8324884809907, 1.0882824534883317, 18.34650569139428, 21.907215198238564, 15.000000000581576, 0.7234982922208836, 3.013117, 19063.088628682166, 0.006489456283104462)
saving energy.txt: [-7.03520029 -7.04664227 -7.05064243 -7.04940688 -7.04569264 -7.0393479
 -7.03186994 -7.0289322  -7.04165421 -7.05032924 -7.05222235 -7.05030108
 -7.04607143 -7.03943741 -7.03187477 -7.02893245 -7.02749558 -7.04808692
 -7.05405505 -7.05384429 -7.04646805 -7.03953258 -7.03188004 -7.02893273
 -7.03348371 -7.04589017 -7.05042683 -7.0456673  -7.03934526 -7.03186993
 -7.0289322 ]
params_e0 (3.3559707793004643, 10.546751640963969, 2.9267368717471167, 16.723318309501355, 0.3579403675839919, 15.305253979564288, 0.700158304995495, 30162.85770243534, 3.18937782083, 8.8324884809907, 1.0882824534883317, 18.34650569139428, 21.907214871795624, 15.000000224098994, 0.7234982922208836, 19063.088628682166, 0.006489456283104462)
reconstructed_params [3.35597078e+00 1.05467516e+01 2.92673687e+00 1.67233183e+01
 3.57940368e-01 1.53052540e+01 7.00158305e-01 3.09732700e+00
 3.01628577e+04 3.18937782e+00 8.83248848e+00 1.08828245e+00
 1.83465057e+01 2.19072149e+01 1.50000002e+01 7.23498292e-01
 3.01311700e+00 1.90630886e+04 6.48945628e-03]
saving params.txt: (3.3559707793004643, 10.546751640963969, 2.9267368717471167, 16.723318309501355, 0.3579403675839919, 15.305253979564288, 0.700158304995495, 3.097327, 30162.85770243534, 3.18937782083, 8.8324884809907, 1.0882824534883317, 18.34650569139428, 21.907214871795624, 15.000000224098994, 0.7234982922208836, 3.013117, 19063.088628682166, 0.006489456283104462)
saving energy.txt: [-7.03520029 -7.04664227 -7.05064243 -7.04940688 -7.04569264 -7.0393479
 -7.03186994 -7.0289322  -7.04165421 -7.05032924 -7.05222235 -7.05030108
 -7.04607143 -7.03943741 -7.03187477 -7.02893245 -7.02749558 -7.04808692
 -7.05405505 -7.05384429 -7.04646805 -7.03953258 -7.03188004 -7.02893273
 -7.03348371 -7.04589017 -7.05042683 -7.0456673  -7.03934526 -7.03186993
 -7.0289322 ]
params_e0 (3.3559707793004643, 10.546751640963969, 2.9267368717471167, 16.723318309501355, 0.3579403675839919, 15.305253979564288, 0.700158304995495, 30162.85770243534, 3.18937782083, 8.8324884809907, 1.0882824534883317, 18.34650569139428, 21.907214871795624, 15.000000000581576, 0.7234983071220448, 19063.088628682166, 0.006489456283104462)
reconstructed_params [3.35597078e+00 1.05467516e+01 2.92673687e+00 1.67233183e+01
 3.57940368e-01 1.53052540e+01 7.00158305e-01 3.09732700e+00
 3.01628577e+04 3.18937782e+00 8.83248848e+00 1.08828245e+00
 1.83465057e+01 2.19072149e+01 1.50000000e+01 7.23498307e-01
 3.01311700e+00 1.90630886e+04 6.48945628e-03]
saving params.txt: (3.3559707793004643, 10.546751640963969, 2.9267368717471167, 16.723318309501355, 0.3579403675839919, 15.305253979564288, 0.700158304995495, 3.097327, 30162.85770243534, 3.18937782083, 8.8324884809907, 1.0882824534883317, 18.34650569139428, 21.907214871795624, 15.000000000581576, 0.7234983071220448, 3.013117, 19063.088628682166, 0.006489456283104462)
saving energy.txt: [-7.03520029 -7.04664227 -7.05064243 -7.04940688 -7.04569264 -7.0393479
 -7.03186994 -7.0289322  -7.04165421 -7.05032924 -7.05222235 -7.05030108
 -7.04607143 -7.03943741 -7.03187477 -7.02893245 -7.02749558 -7.04808692
 -7.05405505 -7.05384429 -7.04646805 -7.03953258 -7.03188004 -7.02893273
 -7.03348371 -7.04589017 -7.05042683 -7.0456673  -7.03934526 -7.03186993
 -7.0289322 ]
params_e0 (3.3559707793004643, 10.546751640963969, 2.9267368717471167, 16.723318309501355, 0.3579403675839919, 15.305253979564288, 0.700158304995495, 30162.85770243534, 3.18937782083, 8.8324884809907, 1.0882824534883317, 18.34650569139428, 21.907214871795624, 15.000000000581576, 0.7234982922208836, 19063.088912744322, 0.006489456283104462)
reconstructed_params [3.35597078e+00 1.05467516e+01 2.92673687e+00 1.67233183e+01
 3.57940368e-01 1.53052540e+01 7.00158305e-01 3.09732700e+00
 3.01628577e+04 3.18937782e+00 8.83248848e+00 1.08828245e+00
 1.83465057e+01 2.19072149e+01 1.50000000e+01 7.23498292e-01
 3.01311700e+00 1.90630889e+04 6.48945628e-03]
saving params.txt: (3.3559707793004643, 10.546751640963969, 2.9267368717471167, 16.723318309501355, 0.3579403675839919, 15.305253979564288, 0.700158304995495, 3.097327, 30162.85770243534, 3.18937782083, 8.8324884809907, 1.0882824534883317, 18.34650569139428, 21.907214871795624, 15.000000000581576, 0.7234982922208836, 3.013117, 19063.088912744322, 0.006489456283104462)
saving energy.txt: [-7.03520029 -7.04664227 -7.05064243 -7.04940688 -7.04569264 -7.0393479
 -7.03186994 -7.0289322  -7.04165421 -7.05032924 -7.05222235 -7.05030108
 -7.04607143 -7.03943741 -7.03187477 -7.02893245 -7.02749558 -7.04808692
 -7.05405505 -7.05384429 -7.04646805 -7.03953258 -7.03188004 -7.02893273
 -7.03348371 -7.04589017 -7.05042683 -7.0456673  -7.03934526 -7.03186993
 -7.0289322 ]
params_e0 (3.3559707793004643, 10.546751640963969, 2.9267368717471167, 16.723318309501355, 0.3579403675839919, 15.305253979564288, 0.700158304995495, 30162.85770243534, 3.18937782083, 8.8324884809907, 1.0882824534883317, 18.34650569139428, 21.907214871795624, 15.000000000581576, 0.7234982922208836, 19063.088628682166, 0.006489471184265656)
reconstructed_params [3.35597078e+00 1.05467516e+01 2.92673687e+00 1.67233183e+01
 3.57940368e-01 1.53052540e+01 7.00158305e-01 3.09732700e+00
 3.01628577e+04 3.18937782e+00 8.83248848e+00 1.08828245e+00
 1.83465057e+01 2.19072149e+01 1.50000000e+01 7.23498292e-01
 3.01311700e+00 1.90630886e+04 6.48947118e-03]
saving params.txt: (3.3559707793004643, 10.546751640963969, 2.9267368717471167, 16.723318309501355, 0.3579403675839919, 15.305253979564288, 0.700158304995495, 3.097327, 30162.85770243534, 3.18937782083, 8.8324884809907, 1.0882824534883317, 18.34650569139428, 21.907214871795624, 15.000000000581576, 0.7234982922208836, 3.013117, 19063.088628682166, 0.006489471184265656)
saving energy.txt: [-7.03520028 -7.04664225 -7.05064242 -7.04940686 -7.04569262 -7.03934789
 -7.03186992 -7.02893218 -7.04165419 -7.05032922 -7.05222233 -7.05030107
 -7.04607142 -7.03943739 -7.03187476 -7.02893244 -7.02749556 -7.04808691
 -7.05405504 -7.05384427 -7.04646803 -7.03953256 -7.03188002 -7.02893271
 -7.0334837  -7.04589015 -7.05042682 -7.04566729 -7.03934524 -7.03186992
 -7.02893219]
