/projects/qmchamm/shared/mick/ilp_fitting
    basis method  registry  distance    energy  energy_err    d     a
200    bn    QMC   0.00000       3.0 -7.031104    0.000677  3.0  2.46
201    bn    QMC   0.00000       3.2 -7.043842    0.000551  3.2  2.46
202    bn    QMC   0.00000       3.5 -7.050816    0.000474  3.5  2.46
203    bn    QMC   0.00000       3.7 -7.050506    0.000426  3.7  2.46
204    bn    QMC   0.00000       4.0 -7.046374    0.000587  4.0  2.46
205    bn    QMC   0.00000       4.5 -7.040815    0.000654  4.5  2.46
206    bn    QMC   0.00000       5.5 -7.035703    0.000490  5.5  2.46
207    bn    QMC   0.00000       6.5 -7.035091    0.000534  6.5  2.46
208    bn    QMC   0.16667       3.0 -7.037980    0.000799  3.0  2.46
209    bn    QMC   0.16667       3.2 -7.048723    0.000518  3.2  2.46
210    bn    QMC   0.16667       3.5 -7.052962    0.000544  3.5  2.46
211    bn    QMC   0.16667       3.7 -7.049451    0.000469  3.7  2.46
212    bn    QMC   0.16667       4.0 -7.046209    0.000678  4.0  2.46
213    bn    QMC   0.16667       4.5 -7.040872    0.000610  4.5  2.46
214    bn    QMC   0.16667       5.5 -7.036080    0.000485  5.5  2.46
215    bn    QMC   0.16667       6.5 -7.035458    0.000544  6.5  2.46
216    bn    QMC   0.16667       8.0 -7.034864    0.000416  8.0  2.46
217    bn    QMC   0.33333       3.0 -7.047900    0.000534  3.0  2.46
218    bn    QMC   0.33333       3.2 -7.054053    0.000477  3.2  2.46
219    bn    QMC   0.33333       3.5 -7.052903    0.000465  3.5  2.46
220    bn    QMC   0.33333       4.0 -7.046441    0.000893  4.0  2.46
221    bn    QMC   0.33333       4.5 -7.040387    0.000446  4.5  2.46
222    bn    QMC   0.33333       5.5 -7.036117    0.000606  5.5  2.46
223    bn    QMC   0.33333       6.5 -7.035603    0.000452  6.5  2.46
224    bn    QMC   0.66667       3.0 -7.028016    0.000657  3.0  2.46
225    bn    QMC   0.66667       3.2 -7.044806    0.000517  3.2  2.46
226    bn    QMC   0.66667       3.5 -7.049625    0.000480  3.5  2.46
227    bn    QMC   0.66667       4.0 -7.045308    0.000458  4.0  2.46
228    bn    QMC   0.66667       4.5 -7.041343    0.000469  4.5  2.46
229    bn    QMC   0.66667       5.5 -7.035683    0.000567  5.5  2.46
230    bn    QMC   0.66667       6.5 -7.034898    0.000417  6.5  2.46
[5, 6, 7, 14, 15, 16]
mask [ True  True  True  True  True  True  True  True  True  True  True  True
  True  True  True  True  True  True  True]
exclude_idxs [5, 6, 7, 14, 15, 16]
[3.3036620e+00 1.0544150e+01 2.9267410e+00 1.6719972e+01 3.5717340e-01
 1.5305254e+01 7.0015810e-01 3.0973270e+00 3.0162869e+04 3.2535640e+00
 8.8259210e+00 1.0595500e+00 1.8344740e+01 2.1913573e+01 1.5000000e+01
 7.2349830e-01 3.0131170e+00 1.9063095e+04 0.0000000e+00]
[3.3036620e+00 1.0544150e+01 2.9267410e+00 1.6719972e+01 3.5717340e-01
 3.0162869e+04 3.2535640e+00 8.8259210e+00 1.0595500e+00 1.8344740e+01
 2.1913573e+01 1.9063095e+04 0.0000000e+00]
params_e0 (3.303662, 10.54415, 2.926741, 16.719972, 0.3571734, 30162.869, 3.253564, 8.825921, 1.05955, 18.34474, 21.913573, 19063.095, 0.0)
reconstructed_params [3.3036620e+00 1.0544150e+01 2.9267410e+00 1.6719972e+01 3.5717340e-01
 1.5305254e+01 7.0015810e-01 3.0973270e+00 3.0162869e+04 3.2535640e+00
 8.8259210e+00 1.0595500e+00 1.8344740e+01 2.1913573e+01 1.5000000e+01
 7.2349830e-01 3.0131170e+00 1.9063095e+04 0.0000000e+00]
saving params.txt: (3.303662, 10.54415, 2.926741, 16.719972, 0.3571734, 15.305254, 0.7001581, 3.097327, 30162.869, 3.253564, 8.825921, 1.05955, 18.34474, 21.913573, 15.0, 0.7234983, 3.013117, 19063.095, 0.0)
saving energy.txt: [-7.03843052 -7.05089001 -7.05588703 -7.05506889 -7.05174338 -7.04569252
 -7.03834584 -7.03542058 -7.04660659 -7.05558647 -7.05791993 -7.05622851
 -7.05224106 -7.04581304 -7.03835273 -7.03542095 -7.03398502 -7.05452016
 -7.06019954 -7.05995186 -7.0527497  -7.04593836 -7.03836007 -7.03542136
 -7.03697271 -7.05026125 -7.05571151 -7.05172403 -7.04569075 -7.03834586
 -7.03542058]
params_e0 (3.3036620492284, 10.54415, 2.926741, 16.719972, 0.3571734, 30162.869, 3.253564, 8.825921, 1.05955, 18.34474, 21.913573, 19063.095, 0.0)
reconstructed_params [3.30366205e+00 1.05441500e+01 2.92674100e+00 1.67199720e+01
 3.57173400e-01 1.53052540e+01 7.00158100e-01 3.09732700e+00
 3.01628690e+04 3.25356400e+00 8.82592100e+00 1.05955000e+00
 1.83447400e+01 2.19135730e+01 1.50000000e+01 7.23498300e-01
 3.01311700e+00 1.90630950e+04 0.00000000e+00]
saving params.txt: (3.3036620492284, 10.54415, 2.926741, 16.719972, 0.3571734, 15.305254, 0.7001581, 3.097327, 30162.869, 3.253564, 8.825921, 1.05955, 18.34474, 21.913573, 15.0, 0.7234983, 3.013117, 19063.095, 0.0)
saving energy.txt: [-7.03843051 -7.05089001 -7.05588703 -7.05506889 -7.05174338 -7.04569252
 -7.03834584 -7.03542058 -7.04660658 -7.05558647 -7.05791993 -7.05622851
 -7.05224106 -7.04581304 -7.03835273 -7.03542095 -7.03398502 -7.05452016
 -7.06019954 -7.05995186 -7.0527497  -7.04593836 -7.03836007 -7.03542136
 -7.0369727  -7.05026124 -7.05571151 -7.05172403 -7.04569075 -7.03834586
 -7.03542058]
params_e0 (3.303662, 10.544150157120079, 2.926741, 16.719972, 0.3571734, 30162.869, 3.253564, 8.825921, 1.05955, 18.34474, 21.913573, 19063.095, 0.0)
reconstructed_params [3.30366200e+00 1.05441502e+01 2.92674100e+00 1.67199720e+01
 3.57173400e-01 1.53052540e+01 7.00158100e-01 3.09732700e+00
 3.01628690e+04 3.25356400e+00 8.82592100e+00 1.05955000e+00
 1.83447400e+01 2.19135730e+01 1.50000000e+01 7.23498300e-01
 3.01311700e+00 1.90630950e+04 0.00000000e+00]
saving params.txt: (3.303662, 10.544150157120079, 2.926741, 16.719972, 0.3571734, 15.305254, 0.7001581, 3.097327, 30162.869, 3.253564, 8.825921, 1.05955, 18.34474, 21.913573, 15.0, 0.7234983, 3.013117, 19063.095, 0.0)
saving energy.txt: [-7.03843052 -7.05089001 -7.05588703 -7.05506889 -7.05174338 -7.04569252
 -7.03834584 -7.03542058 -7.04660659 -7.05558647 -7.05791993 -7.05622851
 -7.05224106 -7.04581304 -7.03835273 -7.03542095 -7.03398502 -7.05452016
 -7.06019954 -7.05995186 -7.0527497  -7.04593836 -7.03836007 -7.03542136
 -7.03697271 -7.05026125 -7.05571151 -7.05172403 -7.04569075 -7.03834586
 -7.03542058]
params_e0 (3.303662, 10.54415, 2.9267410436118393, 16.719972, 0.3571734, 30162.869, 3.253564, 8.825921, 1.05955, 18.34474, 21.913573, 19063.095, 0.0)
reconstructed_params [3.30366200e+00 1.05441500e+01 2.92674104e+00 1.67199720e+01
 3.57173400e-01 1.53052540e+01 7.00158100e-01 3.09732700e+00
 3.01628690e+04 3.25356400e+00 8.82592100e+00 1.05955000e+00
 1.83447400e+01 2.19135730e+01 1.50000000e+01 7.23498300e-01
 3.01311700e+00 1.90630950e+04 0.00000000e+00]
saving params.txt: (3.303662, 10.54415, 2.9267410436118393, 16.719972, 0.3571734, 15.305254, 0.7001581, 3.097327, 30162.869, 3.253564, 8.825921, 1.05955, 18.34474, 21.913573, 15.0, 0.7234983, 3.013117, 19063.095, 0.0)
saving energy.txt: [-7.03843052 -7.05089001 -7.05588703 -7.05506889 -7.05174338 -7.04569252
 -7.03834584 -7.03542058 -7.04660659 -7.05558647 -7.05791993 -7.05622851
 -7.05224106 -7.04581304 -7.03835273 -7.03542095 -7.03398502 -7.05452016
 -7.06019954 -7.05995186 -7.0527497  -7.04593836 -7.03836007 -7.03542136
 -7.03697271 -7.05026125 -7.05571151 -7.05172403 -7.04569075 -7.03834586
 -7.03542058]
params_e0 (3.303662, 10.54415, 2.926741, 16.719972249146995, 0.3571734, 30162.869, 3.253564, 8.825921, 1.05955, 18.34474, 21.913573, 19063.095, 0.0)
reconstructed_params [3.30366200e+00 1.05441500e+01 2.92674100e+00 1.67199722e+01
 3.57173400e-01 1.53052540e+01 7.00158100e-01 3.09732700e+00
 3.01628690e+04 3.25356400e+00 8.82592100e+00 1.05955000e+00
 1.83447400e+01 2.19135730e+01 1.50000000e+01 7.23498300e-01
 3.01311700e+00 1.90630950e+04 0.00000000e+00]
saving params.txt: (3.303662, 10.54415, 2.926741, 16.719972249146995, 0.3571734, 15.305254, 0.7001581, 3.097327, 30162.869, 3.253564, 8.825921, 1.05955, 18.34474, 21.913573, 15.0, 0.7234983, 3.013117, 19063.095, 0.0)
saving energy.txt: [-7.03843052 -7.05089001 -7.05588703 -7.05506889 -7.05174338 -7.04569252
 -7.03834584 -7.03542058 -7.04660659 -7.05558647 -7.05791993 -7.05622851
 -7.05224106 -7.04581304 -7.03835273 -7.03542095 -7.03398502 -7.05452016
 -7.06019954 -7.05995186 -7.0527497  -7.04593836 -7.03836007 -7.03542136
 -7.03697271 -7.05026125 -7.05571151 -7.05172403 -7.04569075 -7.03834586
 -7.03542058]
params_e0 (3.303662, 10.54415, 2.926741, 16.719972, 0.35717341490116117, 30162.869, 3.253564, 8.825921, 1.05955, 18.34474, 21.913573, 19063.095, 0.0)
reconstructed_params [3.30366200e+00 1.05441500e+01 2.92674100e+00 1.67199720e+01
 3.57173415e-01 1.53052540e+01 7.00158100e-01 3.09732700e+00
 3.01628690e+04 3.25356400e+00 8.82592100e+00 1.05955000e+00
 1.83447400e+01 2.19135730e+01 1.50000000e+01 7.23498300e-01
 3.01311700e+00 1.90630950e+04 0.00000000e+00]
saving params.txt: (3.303662, 10.54415, 2.926741, 16.719972, 0.35717341490116117, 15.305254, 0.7001581, 3.097327, 30162.869, 3.253564, 8.825921, 1.05955, 18.34474, 21.913573, 15.0, 0.7234983, 3.013117, 19063.095, 0.0)
saving energy.txt: [-7.03843052 -7.05089001 -7.05588703 -7.05506889 -7.05174338 -7.04569252
 -7.03834584 -7.03542058 -7.04660659 -7.05558647 -7.05791993 -7.05622851
 -7.05224106 -7.04581304 -7.03835273 -7.03542095 -7.03398502 -7.05452016
 -7.06019954 -7.05995186 -7.0527497  -7.04593836 -7.03836007 -7.03542136
 -7.03697271 -7.05026125 -7.05571151 -7.05172403 -7.04569075 -7.03834586
 -7.03542058]
params_e0 (3.303662, 10.54415, 2.926741, 16.719972, 0.3571734, 30162.86944946177, 3.253564, 8.825921, 1.05955, 18.34474, 21.913573, 19063.095, 0.0)
reconstructed_params [3.30366200e+00 1.05441500e+01 2.92674100e+00 1.67199720e+01
 3.57173400e-01 1.53052540e+01 7.00158100e-01 3.09732700e+00
 3.01628694e+04 3.25356400e+00 8.82592100e+00 1.05955000e+00
 1.83447400e+01 2.19135730e+01 1.50000000e+01 7.23498300e-01
 3.01311700e+00 1.90630950e+04 0.00000000e+00]
saving params.txt: (3.303662, 10.54415, 2.926741, 16.719972, 0.3571734, 15.305254, 0.7001581, 3.097327, 30162.86944946177, 3.253564, 8.825921, 1.05955, 18.34474, 21.913573, 15.0, 0.7234983, 3.013117, 19063.095, 0.0)
saving energy.txt: [-7.03843052 -7.05089001 -7.05588703 -7.05506889 -7.05174338 -7.04569252
 -7.03834584 -7.03542058 -7.04660659 -7.05558647 -7.05791994 -7.05622851
 -7.05224106 -7.04581304 -7.03835273 -7.03542095 -7.03398502 -7.05452016
 -7.06019954 -7.05995186 -7.0527497  -7.04593836 -7.03836007 -7.03542136
 -7.03697271 -7.05026125 -7.05571151 -7.05172403 -7.04569075 -7.03834586
 -7.03542058]
params_e0 (3.303662, 10.54415, 2.926741, 16.719972, 0.3571734, 30162.869, 3.2535640484818815, 8.825921, 1.05955, 18.34474, 21.913573, 19063.095, 0.0)
reconstructed_params [3.30366200e+00 1.05441500e+01 2.92674100e+00 1.67199720e+01
 3.57173400e-01 1.53052540e+01 7.00158100e-01 3.09732700e+00
 3.01628690e+04 3.25356405e+00 8.82592100e+00 1.05955000e+00
 1.83447400e+01 2.19135730e+01 1.50000000e+01 7.23498300e-01
 3.01311700e+00 1.90630950e+04 0.00000000e+00]
saving params.txt: (3.303662, 10.54415, 2.926741, 16.719972, 0.3571734, 15.305254, 0.7001581, 3.097327, 30162.869, 3.2535640484818815, 8.825921, 1.05955, 18.34474, 21.913573, 15.0, 0.7234983, 3.013117, 19063.095, 0.0)
saving energy.txt: [-7.03843051 -7.05089001 -7.05588702 -7.05506888 -7.05174338 -7.04569252
 -7.03834584 -7.03542058 -7.04660658 -7.05558647 -7.05791993 -7.0562285
 -7.05224106 -7.04581304 -7.03835273 -7.03542095 -7.03398502 -7.05452016
 -7.06019954 -7.05995186 -7.0527497  -7.04593836 -7.03836007 -7.03542136
 -7.0369727  -7.05026124 -7.0557115  -7.05172403 -7.04569075 -7.03834586
 -7.03542058]
params_e0 (3.303662, 10.54415, 2.926741, 16.719972, 0.3571734, 30162.869, 3.253564, 8.825921131516472, 1.05955, 18.34474, 21.913573, 19063.095, 0.0)
reconstructed_params [3.30366200e+00 1.05441500e+01 2.92674100e+00 1.67199720e+01
 3.57173400e-01 1.53052540e+01 7.00158100e-01 3.09732700e+00
 3.01628690e+04 3.25356400e+00 8.82592113e+00 1.05955000e+00
 1.83447400e+01 2.19135730e+01 1.50000000e+01 7.23498300e-01
 3.01311700e+00 1.90630950e+04 0.00000000e+00]
saving params.txt: (3.303662, 10.54415, 2.926741, 16.719972, 0.3571734, 15.305254, 0.7001581, 3.097327, 30162.869, 3.253564, 8.825921131516472, 1.05955, 18.34474, 21.913573, 15.0, 0.7234983, 3.013117, 19063.095, 0.0)
saving energy.txt: [-7.03843052 -7.05089001 -7.05588703 -7.05506889 -7.05174338 -7.04569252
 -7.03834584 -7.03542058 -7.04660659 -7.05558647 -7.05791993 -7.05622851
 -7.05224106 -7.04581304 -7.03835273 -7.03542095 -7.03398502 -7.05452016
 -7.06019954 -7.05995186 -7.0527497  -7.04593836 -7.03836007 -7.03542136
 -7.03697271 -7.05026125 -7.05571151 -7.05172403 -7.04569075 -7.03834586
 -7.03542058]
params_e0 (3.303662, 10.54415, 2.926741, 16.719972, 0.3571734, 30162.869, 3.253564, 8.825921, 1.0595500157885254, 18.34474, 21.913573, 19063.095, 0.0)
reconstructed_params [3.30366200e+00 1.05441500e+01 2.92674100e+00 1.67199720e+01
 3.57173400e-01 1.53052540e+01 7.00158100e-01 3.09732700e+00
 3.01628690e+04 3.25356400e+00 8.82592100e+00 1.05955002e+00
 1.83447400e+01 2.19135730e+01 1.50000000e+01 7.23498300e-01
 3.01311700e+00 1.90630950e+04 0.00000000e+00]
saving params.txt: (3.303662, 10.54415, 2.926741, 16.719972, 0.3571734, 15.305254, 0.7001581, 3.097327, 30162.869, 3.253564, 8.825921, 1.0595500157885254, 18.34474, 21.913573, 15.0, 0.7234983, 3.013117, 19063.095, 0.0)
saving energy.txt: [-7.03843052 -7.05089001 -7.05588703 -7.05506889 -7.05174338 -7.04569252
 -7.03834584 -7.03542058 -7.04660659 -7.05558647 -7.05791993 -7.05622851
 -7.05224106 -7.04581304 -7.03835273 -7.03542095 -7.03398502 -7.05452016
 -7.06019954 -7.05995186 -7.0527497  -7.04593836 -7.03836007 -7.03542136
 -7.03697271 -7.05026125 -7.05571151 -7.05172403 -7.04569075 -7.03834586
 -7.03542058]
params_e0 (3.303662, 10.54415, 2.926741, 16.719972, 0.3571734, 30162.869, 3.253564, 8.825921, 1.05955, 18.344740273357928, 21.913573, 19063.095, 0.0)
reconstructed_params [3.30366200e+00 1.05441500e+01 2.92674100e+00 1.67199720e+01
 3.57173400e-01 1.53052540e+01 7.00158100e-01 3.09732700e+00
 3.01628690e+04 3.25356400e+00 8.82592100e+00 1.05955000e+00
 1.83447403e+01 2.19135730e+01 1.50000000e+01 7.23498300e-01
 3.01311700e+00 1.90630950e+04 0.00000000e+00]
saving params.txt: (3.303662, 10.54415, 2.926741, 16.719972, 0.3571734, 15.305254, 0.7001581, 3.097327, 30162.869, 3.253564, 8.825921, 1.05955, 18.344740273357928, 21.913573, 15.0, 0.7234983, 3.013117, 19063.095, 0.0)
saving energy.txt: [-7.03843052 -7.05089001 -7.05588703 -7.05506889 -7.05174338 -7.04569252
 -7.03834584 -7.03542058 -7.04660659 -7.05558647 -7.05791993 -7.05622851
 -7.05224106 -7.04581304 -7.03835273 -7.03542095 -7.03398502 -7.05452016
 -7.06019954 -7.05995186 -7.0527497  -7.04593836 -7.03836007 -7.03542136
 -7.03697271 -7.05026125 -7.05571151 -7.05172403 -7.04569075 -7.03834586
 -7.03542058]
params_e0 (3.303662, 10.54415, 2.926741, 16.719972, 0.3571734, 30162.869, 3.253564, 8.825921, 1.05955, 18.34474, 21.913573326537684, 19063.095, 0.0)
reconstructed_params [3.30366200e+00 1.05441500e+01 2.92674100e+00 1.67199720e+01
 3.57173400e-01 1.53052540e+01 7.00158100e-01 3.09732700e+00
 3.01628690e+04 3.25356400e+00 8.82592100e+00 1.05955000e+00
 1.83447400e+01 2.19135733e+01 1.50000000e+01 7.23498300e-01
 3.01311700e+00 1.90630950e+04 0.00000000e+00]
saving params.txt: (3.303662, 10.54415, 2.926741, 16.719972, 0.3571734, 15.305254, 0.7001581, 3.097327, 30162.869, 3.253564, 8.825921, 1.05955, 18.34474, 21.913573326537684, 15.0, 0.7234983, 3.013117, 19063.095, 0.0)
saving energy.txt: [-7.03843052 -7.05089001 -7.05588703 -7.05506889 -7.05174338 -7.04569252
 -7.03834584 -7.03542058 -7.04660659 -7.05558647 -7.05791993 -7.05622851
 -7.05224106 -7.04581304 -7.03835273 -7.03542095 -7.03398502 -7.05452016
 -7.06019954 -7.05995186 -7.0527497  -7.04593836 -7.03836007 -7.03542136
 -7.03697271 -7.05026125 -7.05571151 -7.05172403 -7.04569075 -7.03834586
 -7.03542058]
params_e0 (3.303662, 10.54415, 2.926741, 16.719972, 0.3571734, 30162.869, 3.253564, 8.825921, 1.05955, 18.34474, 21.913573, 19063.095284062252, 0.0)
reconstructed_params [3.30366200e+00 1.05441500e+01 2.92674100e+00 1.67199720e+01
 3.57173400e-01 1.53052540e+01 7.00158100e-01 3.09732700e+00
 3.01628690e+04 3.25356400e+00 8.82592100e+00 1.05955000e+00
 1.83447400e+01 2.19135730e+01 1.50000000e+01 7.23498300e-01
 3.01311700e+00 1.90630953e+04 0.00000000e+00]
saving params.txt: (3.303662, 10.54415, 2.926741, 16.719972, 0.3571734, 15.305254, 0.7001581, 3.097327, 30162.869, 3.253564, 8.825921, 1.05955, 18.34474, 21.913573, 15.0, 0.7234983, 3.013117, 19063.095284062252, 0.0)
saving energy.txt: [-7.03843052 -7.05089001 -7.05588703 -7.05506889 -7.05174338 -7.04569252
 -7.03834584 -7.03542058 -7.04660659 -7.05558647 -7.05791993 -7.05622851
 -7.05224106 -7.04581304 -7.03835273 -7.03542095 -7.03398502 -7.05452016
 -7.06019954 -7.05995186 -7.0527497  -7.04593836 -7.03836007 -7.03542136
 -7.03697271 -7.05026125 -7.05571151 -7.05172403 -7.04569075 -7.03834586
 -7.03542058]
params_e0 (3.303662, 10.54415, 2.926741, 16.719972, 0.3571734, 30162.869, 3.253564, 8.825921, 1.05955, 18.34474, 21.913573, 19063.095, 1.4901161193847656e-08)
reconstructed_params [3.30366200e+00 1.05441500e+01 2.92674100e+00 1.67199720e+01
 3.57173400e-01 1.53052540e+01 7.00158100e-01 3.09732700e+00
 3.01628690e+04 3.25356400e+00 8.82592100e+00 1.05955000e+00
 1.83447400e+01 2.19135730e+01 1.50000000e+01 7.23498300e-01
 3.01311700e+00 1.90630950e+04 1.49011612e-08]
saving params.txt: (3.303662, 10.54415, 2.926741, 16.719972, 0.3571734, 15.305254, 0.7001581, 3.097327, 30162.869, 3.253564, 8.825921, 1.05955, 18.34474, 21.913573, 15.0, 0.7234983, 3.013117, 19063.095, 1.4901161193847656e-08)
saving energy.txt: [-7.0384305  -7.05088999 -7.05588701 -7.05506887 -7.05174336 -7.04569251
 -7.03834583 -7.03542056 -7.04660657 -7.05558646 -7.05791992 -7.05622849
 -7.05224105 -7.04581303 -7.03835271 -7.03542094 -7.033985   -7.05452015
 -7.06019953 -7.05995184 -7.05274968 -7.04593835 -7.03836005 -7.03542135
 -7.03697269 -7.05026123 -7.05571149 -7.05172401 -7.04569073 -7.03834584
 -7.03542056]
params_e0 (3.303985989675839, 10.544087326411063, 2.9267413595325875, 16.719977460070233, 0.35717927358573504, 30162.868763917108, 3.2539568512565085, 8.825804136866328, 1.0596896926356805, 18.34474509152703, 21.91357449709678, 19063.094852085163, 0.006100284152583328)
reconstructed_params [3.30398599e+00 1.05440873e+01 2.92674136e+00 1.67199775e+01
 3.57179274e-01 1.53052540e+01 7.00158100e-01 3.09732700e+00
 3.01628688e+04 3.25395685e+00 8.82580414e+00 1.05968969e+00
 1.83447451e+01 2.19135745e+01 1.50000000e+01 7.23498300e-01
 3.01311700e+00 1.90630949e+04 6.10028415e-03]
saving params.txt: (3.303985989675839, 10.544087326411063, 2.9267413595325875, 16.719977460070233, 0.35717927358573504, 15.305254, 0.7001581, 3.097327, 30162.868763917108, 3.2539568512565085, 8.825804136866328, 1.0596896926356805, 18.34474509152703, 21.91357449709678, 15.0, 0.7234983, 3.013117, 19063.094852085163, 0.006100284152583328)
saving energy.txt: [-7.03224577 -7.04473716 -7.04976123 -7.04895296 -7.04563565 -7.03959012
 -7.0322454  -7.02932028 -7.04042774 -7.04943734 -7.05179596 -7.0501137
 -7.04613386 -7.03971079 -7.03225229 -7.02932066 -7.02788473 -7.04834854
 -7.0540549  -7.05383006 -7.04664312 -7.03983629 -7.03225965 -7.02932107
 -7.03078647 -7.04410768 -7.04958548 -7.04561626 -7.03958834 -7.03224542
 -7.02932028]
params_e0 (3.3039860389090667, 10.544087326411063, 2.9267413595325875, 16.719977460070233, 0.35717927358573504, 30162.868763917108, 3.2539568512565085, 8.825804136866328, 1.0596896926356805, 18.34474509152703, 21.91357449709678, 19063.094852085163, 0.006100284152583328)
reconstructed_params [3.30398604e+00 1.05440873e+01 2.92674136e+00 1.67199775e+01
 3.57179274e-01 1.53052540e+01 7.00158100e-01 3.09732700e+00
 3.01628688e+04 3.25395685e+00 8.82580414e+00 1.05968969e+00
 1.83447451e+01 2.19135745e+01 1.50000000e+01 7.23498300e-01
 3.01311700e+00 1.90630949e+04 6.10028415e-03]
saving params.txt: (3.3039860389090667, 10.544087326411063, 2.9267413595325875, 16.719977460070233, 0.35717927358573504, 15.305254, 0.7001581, 3.097327, 30162.868763917108, 3.2539568512565085, 8.825804136866328, 1.0596896926356805, 18.34474509152703, 21.91357449709678, 15.0, 0.7234983, 3.013117, 19063.094852085163, 0.006100284152583328)
saving energy.txt: [-7.03224576 -7.04473716 -7.04976123 -7.04895295 -7.04563565 -7.03959012
 -7.0322454  -7.02932028 -7.04042774 -7.04943734 -7.05179596 -7.0501137
 -7.04613386 -7.03971079 -7.03225229 -7.02932066 -7.02788473 -7.04834854
 -7.0540549  -7.05383005 -7.04664312 -7.03983629 -7.03225965 -7.02932107
 -7.03078646 -7.04410768 -7.04958548 -7.04561626 -7.03958834 -7.03224542
 -7.02932028]
params_e0 (3.303985989675839, 10.544087483530207, 2.9267413595325875, 16.719977460070233, 0.35717927358573504, 30162.868763917108, 3.2539568512565085, 8.825804136866328, 1.0596896926356805, 18.34474509152703, 21.91357449709678, 19063.094852085163, 0.006100284152583328)
reconstructed_params [3.30398599e+00 1.05440875e+01 2.92674136e+00 1.67199775e+01
 3.57179274e-01 1.53052540e+01 7.00158100e-01 3.09732700e+00
 3.01628688e+04 3.25395685e+00 8.82580414e+00 1.05968969e+00
 1.83447451e+01 2.19135745e+01 1.50000000e+01 7.23498300e-01
 3.01311700e+00 1.90630949e+04 6.10028415e-03]
saving params.txt: (3.303985989675839, 10.544087483530207, 2.9267413595325875, 16.719977460070233, 0.35717927358573504, 15.305254, 0.7001581, 3.097327, 30162.868763917108, 3.2539568512565085, 8.825804136866328, 1.0596896926356805, 18.34474509152703, 21.91357449709678, 15.0, 0.7234983, 3.013117, 19063.094852085163, 0.006100284152583328)
saving energy.txt: [-7.03224577 -7.04473716 -7.04976123 -7.04895296 -7.04563565 -7.03959012
 -7.0322454  -7.02932028 -7.04042774 -7.04943734 -7.05179596 -7.0501137
 -7.04613386 -7.03971079 -7.03225229 -7.02932066 -7.02788473 -7.04834854
 -7.0540549  -7.05383006 -7.04664312 -7.03983629 -7.03225965 -7.02932107
 -7.03078647 -7.04410768 -7.04958548 -7.04561626 -7.03958834 -7.03224542
 -7.02932028]
params_e0 (3.303985989675839, 10.544087326411063, 2.9267414031444323, 16.719977460070233, 0.35717927358573504, 30162.868763917108, 3.2539568512565085, 8.825804136866328, 1.0596896926356805, 18.34474509152703, 21.91357449709678, 19063.094852085163, 0.006100284152583328)
reconstructed_params [3.30398599e+00 1.05440873e+01 2.92674140e+00 1.67199775e+01
 3.57179274e-01 1.53052540e+01 7.00158100e-01 3.09732700e+00
 3.01628688e+04 3.25395685e+00 8.82580414e+00 1.05968969e+00
 1.83447451e+01 2.19135745e+01 1.50000000e+01 7.23498300e-01
 3.01311700e+00 1.90630949e+04 6.10028415e-03]
saving params.txt: (3.303985989675839, 10.544087326411063, 2.9267414031444323, 16.719977460070233, 0.35717927358573504, 15.305254, 0.7001581, 3.097327, 30162.868763917108, 3.2539568512565085, 8.825804136866328, 1.0596896926356805, 18.34474509152703, 21.91357449709678, 15.0, 0.7234983, 3.013117, 19063.094852085163, 0.006100284152583328)
saving energy.txt: [-7.03224577 -7.04473716 -7.04976123 -7.04895296 -7.04563565 -7.03959012
 -7.0322454  -7.02932028 -7.04042774 -7.04943734 -7.05179596 -7.0501137
 -7.04613386 -7.03971079 -7.03225229 -7.02932066 -7.02788473 -7.04834854
 -7.0540549  -7.05383006 -7.04664312 -7.03983629 -7.03225965 -7.02932107
 -7.03078647 -7.04410768 -7.04958548 -7.04561626 -7.03958834 -7.03224542
 -7.02932028]
params_e0 (3.303985989675839, 10.544087326411063, 2.9267413595325875, 16.71997770921731, 0.35717927358573504, 30162.868763917108, 3.2539568512565085, 8.825804136866328, 1.0596896926356805, 18.34474509152703, 21.91357449709678, 19063.094852085163, 0.006100284152583328)
reconstructed_params [3.30398599e+00 1.05440873e+01 2.92674136e+00 1.67199777e+01
 3.57179274e-01 1.53052540e+01 7.00158100e-01 3.09732700e+00
 3.01628688e+04 3.25395685e+00 8.82580414e+00 1.05968969e+00
 1.83447451e+01 2.19135745e+01 1.50000000e+01 7.23498300e-01
 3.01311700e+00 1.90630949e+04 6.10028415e-03]
saving params.txt: (3.303985989675839, 10.544087326411063, 2.9267413595325875, 16.71997770921731, 0.35717927358573504, 15.305254, 0.7001581, 3.097327, 30162.868763917108, 3.2539568512565085, 8.825804136866328, 1.0596896926356805, 18.34474509152703, 21.91357449709678, 15.0, 0.7234983, 3.013117, 19063.094852085163, 0.006100284152583328)
saving energy.txt: [-7.03224577 -7.04473716 -7.04976123 -7.04895296 -7.04563565 -7.03959012
 -7.0322454  -7.02932028 -7.04042774 -7.04943734 -7.05179596 -7.0501137
 -7.04613386 -7.03971079 -7.03225229 -7.02932066 -7.02788473 -7.04834854
 -7.0540549  -7.05383006 -7.04664312 -7.03983629 -7.03225965 -7.02932107
 -7.03078647 -7.04410768 -7.04958548 -7.04561626 -7.03958834 -7.03224542
 -7.02932028]
params_e0 (3.303985989675839, 10.544087326411063, 2.9267413595325875, 16.719977460070233, 0.35717928848689623, 30162.868763917108, 3.2539568512565085, 8.825804136866328, 1.0596896926356805, 18.34474509152703, 21.91357449709678, 19063.094852085163, 0.006100284152583328)
reconstructed_params [3.30398599e+00 1.05440873e+01 2.92674136e+00 1.67199775e+01
 3.57179288e-01 1.53052540e+01 7.00158100e-01 3.09732700e+00
 3.01628688e+04 3.25395685e+00 8.82580414e+00 1.05968969e+00
 1.83447451e+01 2.19135745e+01 1.50000000e+01 7.23498300e-01
 3.01311700e+00 1.90630949e+04 6.10028415e-03]
saving params.txt: (3.303985989675839, 10.544087326411063, 2.9267413595325875, 16.719977460070233, 0.35717928848689623, 15.305254, 0.7001581, 3.097327, 30162.868763917108, 3.2539568512565085, 8.825804136866328, 1.0596896926356805, 18.34474509152703, 21.91357449709678, 15.0, 0.7234983, 3.013117, 19063.094852085163, 0.006100284152583328)
saving energy.txt: [-7.03224577 -7.04473716 -7.04976123 -7.04895296 -7.04563565 -7.03959012
 -7.0322454  -7.02932028 -7.04042774 -7.04943734 -7.05179596 -7.0501137
 -7.04613386 -7.03971079 -7.03225229 -7.02932066 -7.02788473 -7.04834854
 -7.0540549  -7.05383006 -7.04664312 -7.03983629 -7.03225965 -7.02932107
 -7.03078647 -7.04410768 -7.04958548 -7.04561626 -7.03958834 -7.03224542
 -7.02932028]
params_e0 (3.303985989675839, 10.544087326411063, 2.9267413595325875, 16.719977460070233, 0.35717927358573504, 30162.869213378875, 3.2539568512565085, 8.825804136866328, 1.0596896926356805, 18.34474509152703, 21.91357449709678, 19063.094852085163, 0.006100284152583328)
reconstructed_params [3.30398599e+00 1.05440873e+01 2.92674136e+00 1.67199775e+01
 3.57179274e-01 1.53052540e+01 7.00158100e-01 3.09732700e+00
 3.01628692e+04 3.25395685e+00 8.82580414e+00 1.05968969e+00
 1.83447451e+01 2.19135745e+01 1.50000000e+01 7.23498300e-01
 3.01311700e+00 1.90630949e+04 6.10028415e-03]
saving params.txt: (3.303985989675839, 10.544087326411063, 2.9267413595325875, 16.719977460070233, 0.35717927358573504, 15.305254, 0.7001581, 3.097327, 30162.869213378875, 3.2539568512565085, 8.825804136866328, 1.0596896926356805, 18.34474509152703, 21.91357449709678, 15.0, 0.7234983, 3.013117, 19063.094852085163, 0.006100284152583328)
saving energy.txt: [-7.03224577 -7.04473716 -7.04976123 -7.04895296 -7.04563565 -7.03959012
 -7.0322454  -7.02932028 -7.04042774 -7.04943734 -7.05179596 -7.0501137
 -7.04613386 -7.03971079 -7.03225229 -7.02932066 -7.02788473 -7.04834854
 -7.0540549  -7.05383006 -7.04664312 -7.03983629 -7.03225965 -7.02932107
 -7.03078647 -7.04410768 -7.04958548 -7.04561626 -7.03958834 -7.03224542
 -7.02932028]
params_e0 (3.303985989675839, 10.544087326411063, 2.9267413595325875, 16.719977460070233, 0.35717927358573504, 30162.868763917108, 3.253956899744244, 8.825804136866328, 1.0596896926356805, 18.34474509152703, 21.91357449709678, 19063.094852085163, 0.006100284152583328)
reconstructed_params [3.30398599e+00 1.05440873e+01 2.92674136e+00 1.67199775e+01
 3.57179274e-01 1.53052540e+01 7.00158100e-01 3.09732700e+00
 3.01628688e+04 3.25395690e+00 8.82580414e+00 1.05968969e+00
 1.83447451e+01 2.19135745e+01 1.50000000e+01 7.23498300e-01
 3.01311700e+00 1.90630949e+04 6.10028415e-03]
saving params.txt: (3.303985989675839, 10.544087326411063, 2.9267413595325875, 16.719977460070233, 0.35717927358573504, 15.305254, 0.7001581, 3.097327, 30162.868763917108, 3.253956899744244, 8.825804136866328, 1.0596896926356805, 18.34474509152703, 21.91357449709678, 15.0, 0.7234983, 3.013117, 19063.094852085163, 0.006100284152583328)
saving energy.txt: [-7.03224576 -7.04473715 -7.04976123 -7.04895295 -7.04563565 -7.03959012
 -7.0322454  -7.02932028 -7.04042774 -7.04943734 -7.05179596 -7.05011369
 -7.04613386 -7.03971079 -7.03225229 -7.02932066 -7.02788473 -7.04834854
 -7.0540549  -7.05383005 -7.04664312 -7.03983629 -7.03225965 -7.02932107
 -7.03078646 -7.04410768 -7.04958548 -7.04561626 -7.03958834 -7.03224542
 -7.02932028]
params_e0 (3.303985989675839, 10.544087326411063, 2.9267413595325875, 16.719977460070233, 0.35717927358573504, 30162.868763917108, 3.2539568512565085, 8.825804268381058, 1.0596896926356805, 18.34474509152703, 21.91357449709678, 19063.094852085163, 0.006100284152583328)
reconstructed_params [3.30398599e+00 1.05440873e+01 2.92674136e+00 1.67199775e+01
 3.57179274e-01 1.53052540e+01 7.00158100e-01 3.09732700e+00
 3.01628688e+04 3.25395685e+00 8.82580427e+00 1.05968969e+00
 1.83447451e+01 2.19135745e+01 1.50000000e+01 7.23498300e-01
 3.01311700e+00 1.90630949e+04 6.10028415e-03]
saving params.txt: (3.303985989675839, 10.544087326411063, 2.9267413595325875, 16.719977460070233, 0.35717927358573504, 15.305254, 0.7001581, 3.097327, 30162.868763917108, 3.2539568512565085, 8.825804268381058, 1.0596896926356805, 18.34474509152703, 21.91357449709678, 15.0, 0.7234983, 3.013117, 19063.094852085163, 0.006100284152583328)
saving energy.txt: [-7.03224577 -7.04473716 -7.04976123 -7.04895296 -7.04563565 -7.03959012
 -7.0322454  -7.02932028 -7.04042774 -7.04943734 -7.05179596 -7.0501137
 -7.04613386 -7.03971079 -7.03225229 -7.02932066 -7.02788473 -7.04834854
 -7.0540549  -7.05383006 -7.04664312 -7.03983629 -7.03225965 -7.02932107
 -7.03078647 -7.04410768 -7.04958548 -7.04561626 -7.03958834 -7.03224542
 -7.02932028]
params_e0 (3.303985989675839, 10.544087326411063, 2.9267413595325875, 16.719977460070233, 0.35717927358573504, 30162.868763917108, 3.2539568512565085, 8.825804136866328, 1.0596897084262873, 18.34474509152703, 21.91357449709678, 19063.094852085163, 0.006100284152583328)
reconstructed_params [3.30398599e+00 1.05440873e+01 2.92674136e+00 1.67199775e+01
 3.57179274e-01 1.53052540e+01 7.00158100e-01 3.09732700e+00
 3.01628688e+04 3.25395685e+00 8.82580414e+00 1.05968971e+00
 1.83447451e+01 2.19135745e+01 1.50000000e+01 7.23498300e-01
 3.01311700e+00 1.90630949e+04 6.10028415e-03]
saving params.txt: (3.303985989675839, 10.544087326411063, 2.9267413595325875, 16.719977460070233, 0.35717927358573504, 15.305254, 0.7001581, 3.097327, 30162.868763917108, 3.2539568512565085, 8.825804136866328, 1.0596897084262873, 18.34474509152703, 21.91357449709678, 15.0, 0.7234983, 3.013117, 19063.094852085163, 0.006100284152583328)
saving energy.txt: [-7.03224577 -7.04473716 -7.04976123 -7.04895296 -7.04563565 -7.03959012
 -7.0322454  -7.02932028 -7.04042774 -7.04943734 -7.05179596 -7.0501137
 -7.04613386 -7.03971079 -7.03225229 -7.02932066 -7.02788473 -7.04834854
 -7.0540549  -7.05383006 -7.04664312 -7.03983629 -7.03225965 -7.02932107
 -7.03078647 -7.04410768 -7.04958548 -7.04561626 -7.03958834 -7.03224542
 -7.02932028]
params_e0 (3.303985989675839, 10.544087326411063, 2.9267413595325875, 16.719977460070233, 0.35717927358573504, 30162.868763917108, 3.2539568512565085, 8.825804136866328, 1.0596896926356805, 18.344745364885036, 21.91357449709678, 19063.094852085163, 0.006100284152583328)
reconstructed_params [3.30398599e+00 1.05440873e+01 2.92674136e+00 1.67199775e+01
 3.57179274e-01 1.53052540e+01 7.00158100e-01 3.09732700e+00
 3.01628688e+04 3.25395685e+00 8.82580414e+00 1.05968969e+00
 1.83447454e+01 2.19135745e+01 1.50000000e+01 7.23498300e-01
 3.01311700e+00 1.90630949e+04 6.10028415e-03]
saving params.txt: (3.303985989675839, 10.544087326411063, 2.9267413595325875, 16.719977460070233, 0.35717927358573504, 15.305254, 0.7001581, 3.097327, 30162.868763917108, 3.2539568512565085, 8.825804136866328, 1.0596896926356805, 18.344745364885036, 21.91357449709678, 15.0, 0.7234983, 3.013117, 19063.094852085163, 0.006100284152583328)
saving energy.txt: [-7.03224577 -7.04473716 -7.04976123 -7.04895296 -7.04563565 -7.03959012
 -7.0322454  -7.02932028 -7.04042774 -7.04943734 -7.05179596 -7.0501137
 -7.04613386 -7.03971079 -7.03225229 -7.02932066 -7.02788473 -7.04834854
 -7.0540549  -7.05383006 -7.04664312 -7.03983629 -7.03225965 -7.02932107
 -7.03078647 -7.04410768 -7.04958548 -7.04561626 -7.03958834 -7.03224542
 -7.02932028]
params_e0 (3.303985989675839, 10.544087326411063, 2.9267413595325875, 16.719977460070233, 0.35717927358573504, 30162.868763917108, 3.2539568512565085, 8.825804136866328, 1.0596896926356805, 18.34474509152703, 21.913574823634484, 19063.094852085163, 0.006100284152583328)
reconstructed_params [3.30398599e+00 1.05440873e+01 2.92674136e+00 1.67199775e+01
 3.57179274e-01 1.53052540e+01 7.00158100e-01 3.09732700e+00
 3.01628688e+04 3.25395685e+00 8.82580414e+00 1.05968969e+00
 1.83447451e+01 2.19135748e+01 1.50000000e+01 7.23498300e-01
 3.01311700e+00 1.90630949e+04 6.10028415e-03]
saving params.txt: (3.303985989675839, 10.544087326411063, 2.9267413595325875, 16.719977460070233, 0.35717927358573504, 15.305254, 0.7001581, 3.097327, 30162.868763917108, 3.2539568512565085, 8.825804136866328, 1.0596896926356805, 18.34474509152703, 21.913574823634484, 15.0, 0.7234983, 3.013117, 19063.094852085163, 0.006100284152583328)
saving energy.txt: [-7.03224577 -7.04473716 -7.04976123 -7.04895296 -7.04563565 -7.03959012
 -7.0322454  -7.02932028 -7.04042774 -7.04943734 -7.05179596 -7.0501137
 -7.04613386 -7.03971079 -7.03225229 -7.02932066 -7.02788473 -7.04834854
 -7.0540549  -7.05383006 -7.04664312 -7.03983629 -7.03225965 -7.02932107
 -7.03078647 -7.04410768 -7.04958548 -7.04561626 -7.03958834 -7.03224542
 -7.02932028]
params_e0 (3.303985989675839, 10.544087326411063, 2.9267413595325875, 16.719977460070233, 0.35717927358573504, 30162.868763917108, 3.2539568512565085, 8.825804136866328, 1.0596896926356805, 18.34474509152703, 21.91357449709678, 19063.095136147414, 0.006100284152583328)
reconstructed_params [3.30398599e+00 1.05440873e+01 2.92674136e+00 1.67199775e+01
 3.57179274e-01 1.53052540e+01 7.00158100e-01 3.09732700e+00
 3.01628688e+04 3.25395685e+00 8.82580414e+00 1.05968969e+00
 1.83447451e+01 2.19135745e+01 1.50000000e+01 7.23498300e-01
 3.01311700e+00 1.90630951e+04 6.10028415e-03]
saving params.txt: (3.303985989675839, 10.544087326411063, 2.9267413595325875, 16.719977460070233, 0.35717927358573504, 15.305254, 0.7001581, 3.097327, 30162.868763917108, 3.2539568512565085, 8.825804136866328, 1.0596896926356805, 18.34474509152703, 21.91357449709678, 15.0, 0.7234983, 3.013117, 19063.095136147414, 0.006100284152583328)
saving energy.txt: [-7.03224577 -7.04473716 -7.04976123 -7.04895296 -7.04563565 -7.03959012
 -7.0322454  -7.02932028 -7.04042774 -7.04943734 -7.05179596 -7.0501137
 -7.04613386 -7.03971079 -7.03225229 -7.02932066 -7.02788473 -7.04834854
 -7.0540549  -7.05383006 -7.04664312 -7.03983629 -7.03225965 -7.02932107
 -7.03078647 -7.04410768 -7.04958548 -7.04561626 -7.03958834 -7.03224542
 -7.02932028]
params_e0 (3.303985989675839, 10.544087326411063, 2.9267413595325875, 16.719977460070233, 0.35717927358573504, 30162.868763917108, 3.2539568512565085, 8.825804136866328, 1.0596896926356805, 18.34474509152703, 21.91357449709678, 19063.094852085163, 0.006100299053744522)
reconstructed_params [3.30398599e+00 1.05440873e+01 2.92674136e+00 1.67199775e+01
 3.57179274e-01 1.53052540e+01 7.00158100e-01 3.09732700e+00
 3.01628688e+04 3.25395685e+00 8.82580414e+00 1.05968969e+00
 1.83447451e+01 2.19135745e+01 1.50000000e+01 7.23498300e-01
 3.01311700e+00 1.90630949e+04 6.10029905e-03]
saving params.txt: (3.303985989675839, 10.544087326411063, 2.9267413595325875, 16.719977460070233, 0.35717927358573504, 15.305254, 0.7001581, 3.097327, 30162.868763917108, 3.2539568512565085, 8.825804136866328, 1.0596896926356805, 18.34474509152703, 21.91357449709678, 15.0, 0.7234983, 3.013117, 19063.094852085163, 0.006100299053744522)
saving energy.txt: [-7.03224575 -7.04473714 -7.04976122 -7.04895294 -7.04563563 -7.03959011
 -7.03224538 -7.02932027 -7.04042773 -7.04943733 -7.05179595 -7.05011368
 -7.04613384 -7.03971077 -7.03225228 -7.02932064 -7.02788472 -7.04834853
 -7.05405489 -7.05383004 -7.04664311 -7.03983627 -7.03225963 -7.02932106
 -7.03078645 -7.04410767 -7.04958547 -7.04561624 -7.03958832 -7.0322454
 -7.02932027]
params_e0 (3.41260110561797, 10.54408732641106, 0.013856176395005804, 10.617967235434238, 0.7063821356975231, 30162.868763917108, 3.2278514212251013, 8.82580413686633, 1.031991304986887, 20.069409628835256, 22.64198821238765, 19063.094852085163, 0.005997929425566854)
reconstructed_params [3.41260111e+00 1.05440873e+01 1.38561764e-02 1.06179672e+01
 7.06382136e-01 1.53052540e+01 7.00158100e-01 3.09732700e+00
 3.01628688e+04 3.22785142e+00 8.82580414e+00 1.03199130e+00
 2.00694096e+01 2.26419882e+01 1.50000000e+01 7.23498300e-01
 3.01311700e+00 1.90630949e+04 5.99792943e-03]
saving params.txt: (3.41260110561797, 10.54408732641106, 0.013856176395005804, 10.617967235434238, 0.7063821356975231, 15.305254, 0.7001581, 3.097327, 30162.868763917108, 3.2278514212251013, 8.82580413686633, 1.031991304986887, 20.069409628835256, 22.64198821238765, 15.0, 0.7234983, 3.013117, 19063.094852085163, 0.005997929425566854)
saving energy.txt: [-7.0365873  -7.04712404 -7.05076347 -7.04953947 -7.04593083 -7.03973604
 -7.03235059 -7.02942286 -7.04515132 -7.05198199 -7.05283516 -7.05071176
 -7.04642891 -7.03985505 -7.03235724 -7.02942322 -7.02798709 -7.05191919
 -7.05593374 -7.0545823  -7.04686954 -7.03996438 -7.03236371 -7.02942358
 -7.03444538 -7.04607193 -7.05039656 -7.04586584 -7.03972417 -7.03235017
 -7.02942285]
params_e0 (3.602508182544691, 10.54408732641054, 2.9248522551032394, 16.587390071260938, 0.00028592170526903216, 30162.868763916875, 3.092329251771557, 8.825804136866232, 0.7641153685732274, 18.44576517547126, 21.772740113059292, 19063.094852085014, 0.008184923169410652)
reconstructed_params [3.60250818e+00 1.05440873e+01 2.92485226e+00 1.65873901e+01
 2.85921705e-04 1.53052540e+01 7.00158100e-01 3.09732700e+00
 3.01628688e+04 3.09232925e+00 8.82580414e+00 7.64115369e-01
 1.84457652e+01 2.17727401e+01 1.50000000e+01 7.23498300e-01
 3.01311700e+00 1.90630949e+04 8.18492317e-03]
saving params.txt: (3.602508182544691, 10.54408732641054, 2.9248522551032394, 16.587390071260938, 0.00028592170526903216, 15.305254, 0.7001581, 3.097327, 30162.868763916875, 3.092329251771557, 8.825804136866232, 0.7641153685732274, 18.44576517547126, 21.772740113059292, 15.0, 0.7234983, 3.013117, 19063.094852085014, 0.008184923169410652)
saving energy.txt: [-7.01621962 -7.03435868 -7.04397607 -7.04474586 -7.04265329 -7.03730717
 -7.03015449 -7.02723576 -7.02350191 -7.03854131 -7.04577743 -7.04576685
 -7.04308553 -7.03740855 -7.03015979 -7.02723602 -7.0258001  -7.02699883
 -7.04064716 -7.04673248 -7.04332823 -7.03746767 -7.03016303 -7.02723618
 -7.01333251 -7.03303572 -7.04356905 -7.04259803 -7.03730002 -7.0301544
 -7.02723576]
params_e0 (3.3872054645655636, 10.545378818541073, 2.926739908087736, 16.721503876017973, 0.3610627471616711, 30162.83639394006, 3.1448984849521535, 8.827380024938261, 1.12864857898405, 18.345678355196718, 21.91116304088694, 19063.07678232063, 0.00712300866818677)
reconstructed_params [3.38720546e+00 1.05453788e+01 2.92673991e+00 1.67215039e+01
 3.61062747e-01 1.53052540e+01 7.00158100e-01 3.09732700e+00
 3.01628364e+04 3.14489848e+00 8.82738002e+00 1.12864858e+00
 1.83456784e+01 2.19111630e+01 1.50000000e+01 7.23498300e-01
 3.01311700e+00 1.90630768e+04 7.12300867e-03]
saving params.txt: (3.3872054645655636, 10.545378818541073, 2.926739908087736, 16.721503876017973, 0.3610627471616711, 15.305254, 0.7001581, 3.097327, 30162.83639394006, 3.1448984849521535, 8.827380024938261, 1.12864857898405, 18.345678355196718, 21.91116304088694, 15.0, 0.7234983, 3.013117, 19063.07678232063, 0.00712300866818677)
saving energy.txt: [-7.03612584 -7.04706214 -7.05058368 -7.04915241 -7.04525841 -7.03877954
 -7.03124239 -7.02829912 -7.04137689 -7.05005441 -7.05185889 -7.04987081
 -7.04556025 -7.03884972 -7.03124604 -7.0282993  -7.02686203 -7.04682522
 -7.05319616 -7.0532153  -7.04588644 -7.03892652 -7.03125012 -7.0282995
 -7.03424745 -7.04623223 -7.05034248 -7.04522917 -7.03877632 -7.03124238
 -7.02829912]
params_e0 (3.328819996882174, 10.545164274028089, 2.9267458328701377, 16.72043116396215, 0.35830565468895714, 30162.85891762981, 3.231544209754218, 8.827404210930037, 1.0784930194400233, 18.34503878384912, 21.912996911458457, 19063.089243688, 0.005797344159496833)
reconstructed_params [3.32882000e+00 1.05451643e+01 2.92674583e+00 1.67204312e+01
 3.58305655e-01 1.53052540e+01 7.00158100e-01 3.09732700e+00
 3.01628589e+04 3.23154421e+00 8.82740421e+00 1.07849302e+00
 1.83450388e+01 2.19129969e+01 1.50000000e+01 7.23498300e-01
 3.01311700e+00 1.90630892e+04 5.79734416e-03]
saving params.txt: (3.328819996882174, 10.545164274028089, 2.9267458328701377, 16.72043116396215, 0.35830565468895714, 15.305254, 0.7001581, 3.097327, 30162.85891762981, 3.231544209754218, 8.827404210930037, 1.0784930194400233, 18.34503878384912, 21.912996911458457, 15.0, 0.7234983, 3.013117, 19063.089243688, 0.005797344159496833)
saving energy.txt: [-7.03315798 -7.04552024 -7.05037134 -7.04947448 -7.04606384 -7.03993824
 -7.03255301 -7.02962361 -7.0405987  -7.04978656 -7.05221167 -7.05052139
 -7.04651108 -7.04004561 -7.03255903 -7.02962394 -7.02818768 -7.04794334
 -7.05405747 -7.05408454 -7.04697582 -7.040159   -7.03256553 -7.02962429
 -7.03157813 -7.0448334  -7.05017699 -7.04604169 -7.03993606 -7.03255302
 -7.02962362]
params_e0 (3.3122024599538857, 10.5444161181007, 2.92674644288551, 16.720126246717655, 0.35752806887760236, 30162.865408990718, 3.2539825174160923, 8.826217478597268, 1.064607243139561, 18.344853417962824, 21.91348770747337, 19063.09285971999, 0.005551155633824892)
reconstructed_params [3.31220246e+00 1.05444161e+01 2.92674644e+00 1.67201262e+01
 3.57528069e-01 1.53052540e+01 7.00158100e-01 3.09732700e+00
 3.01628654e+04 3.25398252e+00 8.82621748e+00 1.06460724e+00
 1.83448534e+01 2.19134877e+01 1.50000000e+01 7.23498300e-01
 3.01311700e+00 1.90630929e+04 5.55115563e-03]
saving params.txt: (3.3122024599538857, 10.5444161181007, 2.92674644288551, 16.720126246717655, 0.35752806887760236, 15.305254, 0.7001581, 3.097327, 30162.865408990718, 3.2539825174160923, 8.826217478597268, 1.064607243139561, 18.344853417962824, 21.91348770747337, 15.0, 0.7234983, 3.013117, 19063.09285971999, 0.005551155633824892)
saving energy.txt: [-7.03201105 -7.0448217  -7.05010167 -7.04938081 -7.04613172 -7.04012626
 -7.03279382 -7.02986937 -7.04011573 -7.04947885 -7.05211838 -7.05053142
 -7.04662563 -7.04024588 -7.03280065 -7.02986975 -7.02843386 -7.04800546
 -7.05407873 -7.05414474 -7.04713288 -7.04037085 -7.03280797 -7.02987016
 -7.03051237 -7.04417351 -7.04991986 -7.04611143 -7.04012435 -7.03279383
 -7.02986938]
params_e0 (3.3058794677052825, 10.544129682158735, 2.9267430696824053, 16.720011549856608, 0.35725608382274254, 30162.867976587197, 3.2550752039868147, 8.82577210000774, 1.060628045047223, 18.344771723221807, 21.913570090529515, 19063.09437268434, 0.005907486755467528)
reconstructed_params [3.30587947e+00 1.05441297e+01 2.92674307e+00 1.67200115e+01
 3.57256084e-01 1.53052540e+01 7.00158100e-01 3.09732700e+00
 3.01628680e+04 3.25507520e+00 8.82577210e+00 1.06062805e+00
 1.83447717e+01 2.19135701e+01 1.50000000e+01 7.23498300e-01
 3.01311700e+00 1.90630944e+04 5.90748676e-03]
saving params.txt: (3.3058794677052825, 10.544129682158735, 2.9267430696824053, 16.720011549856608, 0.35725608382274254, 15.305254, 0.7001581, 3.097327, 30162.867976587197, 3.2550752039868147, 8.82577210000774, 1.060628045047223, 18.344771723221807, 21.913570090529515, 15.0, 0.7234983, 3.013117, 19063.09437268434, 0.005907486755467528)
saving energy.txt: [-7.03210665 -7.04472675 -7.04985779 -7.04908766 -7.04580143 -7.03977552
 -7.03243767 -7.02951304 -7.04029692 -7.04943273 -7.05189566 -7.05025042
 -7.04630065 -7.03989649 -7.03244459 -7.02951342 -7.02807753 -7.04823489
 -7.05406109 -7.05393502 -7.04681144 -7.04002241 -7.03245198 -7.02951384
 -7.03063834 -7.044093   -7.04968065 -7.04578183 -7.03977371 -7.03243769
 -7.02951304]
params_e0 (3.3044499524482474, 10.544096690726171, 2.9267417923323733, 16.719985808034387, 0.357198003203975, 30162.868570614664, 3.2542593077726205, 8.825792110782986, 1.059914642179298, 18.34475165981123, 21.913573815670468, 19063.094734086953, 0.006052583174471835)
reconstructed_params [3.30444995e+00 1.05440967e+01 2.92674179e+00 1.67199858e+01
 3.57198003e-01 1.53052540e+01 7.00158100e-01 3.09732700e+00
 3.01628686e+04 3.25425931e+00 8.82579211e+00 1.05991464e+00
 1.83447517e+01 2.19135738e+01 1.50000000e+01 7.23498300e-01
 3.01311700e+00 1.90630947e+04 6.05258317e-03]
saving params.txt: (3.3044499524482474, 10.544096690726171, 2.9267417923323733, 16.719985808034387, 0.357198003203975, 15.305254, 0.7001581, 3.097327, 30162.868570614664, 3.2542593077726205, 8.825792110782986, 1.059914642179298, 18.34475165981123, 21.913573815670468, 15.0, 0.7234983, 3.013117, 19063.094734086953, 0.006052583174471835)
saving energy.txt: [-7.03220836 -7.04473267 -7.04978415 -7.04898567 -7.04567636 -7.0396359
 -7.03229296 -7.02936797 -7.04039304 -7.04943467 -7.05181984 -7.05014702
 -7.04617487 -7.03975665 -7.03229986 -7.02936835 -7.02793243 -7.04831866
 -7.05405526 -7.0538554  -7.04668456 -7.03988227 -7.03230723 -7.02936876
 -7.03074686 -7.04410214 -7.04960806 -7.04565692 -7.03963411 -7.03229298
 -7.02936797]
params_e0 (3.3041015587574267, 10.544089595865325, 2.9267414680252495, 16.719979539152096, 0.357183934230939, 30162.86871572874, 3.2540336200484803, 8.825800910825086, 1.0597454781355016, 18.344746729820837, 21.913574347271265, 19063.09482265409, 0.006089577029026215)
reconstructed_params [3.30410156e+00 1.05440896e+01 2.92674147e+00 1.67199795e+01
 3.57183934e-01 1.53052540e+01 7.00158100e-01 3.09732700e+00
 3.01628687e+04 3.25403362e+00 8.82580091e+00 1.05974548e+00
 1.83447467e+01 2.19135743e+01 1.50000000e+01 7.23498300e-01
 3.01311700e+00 1.90630948e+04 6.08957703e-03]
saving params.txt: (3.3041015587574267, 10.544089595865325, 2.9267414680252495, 16.719979539152096, 0.357183934230939, 15.305254, 0.7001581, 3.097327, 30162.86871572874, 3.2540336200484803, 8.825800910825086, 1.0597454781355016, 18.344746729820837, 21.913574347271265, 15.0, 0.7234983, 3.013117, 19063.09482265409, 0.006089577029026215)
saving energy.txt: [-7.03223509 -7.04473474 -7.04976571 -7.04895989 -7.04564459 -7.03960034
 -7.03225607 -7.02933098 -7.04041777 -7.0494354  -7.05180068 -7.05012079
 -7.04614288 -7.03972103 -7.03226297 -7.02933136 -7.02789544 -7.0483398
 -7.05405374 -7.05383515 -7.04665226 -7.03984656 -7.03227032 -7.02933178
 -7.03077524 -7.04410501 -7.04958987 -7.04562519 -7.03959856 -7.03225609
 -7.02933099]
params_e0 (3.3041016079923766, 10.544089595865325, 2.9267414680252495, 16.719979539152096, 0.357183934230939, 30162.86871572874, 3.2540336200484803, 8.825800910825086, 1.0597454781355016, 18.344746729820837, 21.913574347271265, 19063.09482265409, 0.006089577029026215)
reconstructed_params [3.30410161e+00 1.05440896e+01 2.92674147e+00 1.67199795e+01
 3.57183934e-01 1.53052540e+01 7.00158100e-01 3.09732700e+00
 3.01628687e+04 3.25403362e+00 8.82580091e+00 1.05974548e+00
 1.83447467e+01 2.19135743e+01 1.50000000e+01 7.23498300e-01
 3.01311700e+00 1.90630948e+04 6.08957703e-03]
saving params.txt: (3.3041016079923766, 10.544089595865325, 2.9267414680252495, 16.719979539152096, 0.357183934230939, 15.305254, 0.7001581, 3.097327, 30162.86871572874, 3.2540336200484803, 8.825800910825086, 1.0597454781355016, 18.344746729820837, 21.913574347271265, 15.0, 0.7234983, 3.013117, 19063.09482265409, 0.006089577029026215)
saving energy.txt: [-7.03223508 -7.04473474 -7.0497657  -7.04895989 -7.04564459 -7.03960034
 -7.03225607 -7.02933098 -7.04041776 -7.0494354  -7.05180068 -7.05012079
 -7.04614288 -7.03972103 -7.03226297 -7.02933136 -7.02789544 -7.04833979
 -7.05405373 -7.05383515 -7.04665226 -7.03984656 -7.03227032 -7.02933178
 -7.03077523 -7.04410501 -7.04958987 -7.04562519 -7.03959856 -7.03225609
 -7.02933099]
params_e0 (3.3041015587574267, 10.544089752984503, 2.9267414680252495, 16.719979539152096, 0.357183934230939, 30162.86871572874, 3.2540336200484803, 8.825800910825086, 1.0597454781355016, 18.344746729820837, 21.913574347271265, 19063.09482265409, 0.006089577029026215)
reconstructed_params [3.30410156e+00 1.05440898e+01 2.92674147e+00 1.67199795e+01
 3.57183934e-01 1.53052540e+01 7.00158100e-01 3.09732700e+00
 3.01628687e+04 3.25403362e+00 8.82580091e+00 1.05974548e+00
 1.83447467e+01 2.19135743e+01 1.50000000e+01 7.23498300e-01
 3.01311700e+00 1.90630948e+04 6.08957703e-03]
saving params.txt: (3.3041015587574267, 10.544089752984503, 2.9267414680252495, 16.719979539152096, 0.357183934230939, 15.305254, 0.7001581, 3.097327, 30162.86871572874, 3.2540336200484803, 8.825800910825086, 1.0597454781355016, 18.344746729820837, 21.913574347271265, 15.0, 0.7234983, 3.013117, 19063.09482265409, 0.006089577029026215)
saving energy.txt: [-7.03223509 -7.04473474 -7.04976571 -7.04895989 -7.04564459 -7.03960034
 -7.03225607 -7.02933098 -7.04041777 -7.0494354  -7.05180068 -7.05012079
 -7.04614288 -7.03972103 -7.03226297 -7.02933136 -7.02789544 -7.0483398
 -7.05405374 -7.05383515 -7.04665226 -7.03984656 -7.03227032 -7.02933178
 -7.03077524 -7.04410501 -7.04958987 -7.04562519 -7.03959856 -7.03225609
 -7.02933099]
params_e0 (3.3041015587574267, 10.544089595865325, 2.926741511637096, 16.719979539152096, 0.357183934230939, 30162.86871572874, 3.2540336200484803, 8.825800910825086, 1.0597454781355016, 18.344746729820837, 21.913574347271265, 19063.09482265409, 0.006089577029026215)
reconstructed_params [3.30410156e+00 1.05440896e+01 2.92674151e+00 1.67199795e+01
 3.57183934e-01 1.53052540e+01 7.00158100e-01 3.09732700e+00
 3.01628687e+04 3.25403362e+00 8.82580091e+00 1.05974548e+00
 1.83447467e+01 2.19135743e+01 1.50000000e+01 7.23498300e-01
 3.01311700e+00 1.90630948e+04 6.08957703e-03]
saving params.txt: (3.3041015587574267, 10.544089595865325, 2.926741511637096, 16.719979539152096, 0.357183934230939, 15.305254, 0.7001581, 3.097327, 30162.86871572874, 3.2540336200484803, 8.825800910825086, 1.0597454781355016, 18.344746729820837, 21.913574347271265, 15.0, 0.7234983, 3.013117, 19063.09482265409, 0.006089577029026215)
saving energy.txt: [-7.03223509 -7.04473474 -7.04976571 -7.04895989 -7.04564459 -7.03960034
 -7.03225607 -7.02933098 -7.04041777 -7.0494354  -7.05180068 -7.05012079
 -7.04614288 -7.03972103 -7.03226297 -7.02933136 -7.02789544 -7.0483398
 -7.05405374 -7.05383515 -7.04665226 -7.03984656 -7.03227032 -7.02933178
 -7.03077524 -7.04410501 -7.04958987 -7.04562519 -7.03959856 -7.03225609
 -7.02933099]
params_e0 (3.3041015587574267, 10.544089595865325, 2.9267414680252495, 16.719979788299206, 0.357183934230939, 30162.86871572874, 3.2540336200484803, 8.825800910825086, 1.0597454781355016, 18.344746729820837, 21.913574347271265, 19063.09482265409, 0.006089577029026215)
reconstructed_params [3.30410156e+00 1.05440896e+01 2.92674147e+00 1.67199798e+01
 3.57183934e-01 1.53052540e+01 7.00158100e-01 3.09732700e+00
 3.01628687e+04 3.25403362e+00 8.82580091e+00 1.05974548e+00
 1.83447467e+01 2.19135743e+01 1.50000000e+01 7.23498300e-01
 3.01311700e+00 1.90630948e+04 6.08957703e-03]
saving params.txt: (3.3041015587574267, 10.544089595865325, 2.9267414680252495, 16.719979788299206, 0.357183934230939, 15.305254, 0.7001581, 3.097327, 30162.86871572874, 3.2540336200484803, 8.825800910825086, 1.0597454781355016, 18.344746729820837, 21.913574347271265, 15.0, 0.7234983, 3.013117, 19063.09482265409, 0.006089577029026215)
saving energy.txt: [-7.03223508 -7.04473474 -7.04976571 -7.04895989 -7.04564459 -7.03960034
 -7.03225607 -7.02933098 -7.04041777 -7.0494354  -7.05180068 -7.05012079
 -7.04614288 -7.03972103 -7.03226297 -7.02933136 -7.02789544 -7.0483398
 -7.05405374 -7.05383515 -7.04665226 -7.03984656 -7.03227032 -7.02933178
 -7.03077524 -7.04410501 -7.04958987 -7.04562519 -7.03959856 -7.03225609
 -7.02933099]
params_e0 (3.3041015587574267, 10.544089595865325, 2.9267414680252495, 16.719979539152096, 0.3571839491321002, 30162.86871572874, 3.2540336200484803, 8.825800910825086, 1.0597454781355016, 18.344746729820837, 21.913574347271265, 19063.09482265409, 0.006089577029026215)
reconstructed_params [3.30410156e+00 1.05440896e+01 2.92674147e+00 1.67199795e+01
 3.57183949e-01 1.53052540e+01 7.00158100e-01 3.09732700e+00
 3.01628687e+04 3.25403362e+00 8.82580091e+00 1.05974548e+00
 1.83447467e+01 2.19135743e+01 1.50000000e+01 7.23498300e-01
 3.01311700e+00 1.90630948e+04 6.08957703e-03]
saving params.txt: (3.3041015587574267, 10.544089595865325, 2.9267414680252495, 16.719979539152096, 0.3571839491321002, 15.305254, 0.7001581, 3.097327, 30162.86871572874, 3.2540336200484803, 8.825800910825086, 1.0597454781355016, 18.344746729820837, 21.913574347271265, 15.0, 0.7234983, 3.013117, 19063.09482265409, 0.006089577029026215)
saving energy.txt: [-7.03223509 -7.04473474 -7.04976571 -7.04895989 -7.04564459 -7.03960034
 -7.03225607 -7.02933098 -7.04041777 -7.0494354  -7.05180068 -7.05012079
 -7.04614288 -7.03972103 -7.03226297 -7.02933136 -7.02789544 -7.0483398
 -7.05405374 -7.05383515 -7.04665226 -7.03984656 -7.03227032 -7.02933178
 -7.03077524 -7.04410501 -7.04958987 -7.04562519 -7.03959856 -7.03225609
 -7.02933099]
params_e0 (3.3041015587574267, 10.544089595865325, 2.9267414680252495, 16.719979539152096, 0.357183934230939, 30162.869165190506, 3.2540336200484803, 8.825800910825086, 1.0597454781355016, 18.344746729820837, 21.913574347271265, 19063.09482265409, 0.006089577029026215)
reconstructed_params [3.30410156e+00 1.05440896e+01 2.92674147e+00 1.67199795e+01
 3.57183934e-01 1.53052540e+01 7.00158100e-01 3.09732700e+00
 3.01628692e+04 3.25403362e+00 8.82580091e+00 1.05974548e+00
 1.83447467e+01 2.19135743e+01 1.50000000e+01 7.23498300e-01
 3.01311700e+00 1.90630948e+04 6.08957703e-03]
saving params.txt: (3.3041015587574267, 10.544089595865325, 2.9267414680252495, 16.719979539152096, 0.357183934230939, 15.305254, 0.7001581, 3.097327, 30162.869165190506, 3.2540336200484803, 8.825800910825086, 1.0597454781355016, 18.344746729820837, 21.913574347271265, 15.0, 0.7234983, 3.013117, 19063.09482265409, 0.006089577029026215)
saving energy.txt: [-7.03223509 -7.04473474 -7.04976571 -7.04895989 -7.04564459 -7.03960034
 -7.03225607 -7.02933098 -7.04041777 -7.0494354  -7.05180068 -7.05012079
 -7.04614288 -7.03972103 -7.03226297 -7.02933136 -7.02789544 -7.0483398
 -7.05405374 -7.05383515 -7.04665226 -7.03984656 -7.03227032 -7.02933178
 -7.03077524 -7.04410501 -7.04958987 -7.04562519 -7.03959856 -7.03225609
 -7.02933099]
params_e0 (3.3041015587574267, 10.544089595865325, 2.9267414680252495, 16.719979539152096, 0.357183934230939, 30162.86871572874, 3.25403366853736, 8.825800910825086, 1.0597454781355016, 18.344746729820837, 21.913574347271265, 19063.09482265409, 0.006089577029026215)
reconstructed_params [3.30410156e+00 1.05440896e+01 2.92674147e+00 1.67199795e+01
 3.57183934e-01 1.53052540e+01 7.00158100e-01 3.09732700e+00
 3.01628687e+04 3.25403367e+00 8.82580091e+00 1.05974548e+00
 1.83447467e+01 2.19135743e+01 1.50000000e+01 7.23498300e-01
 3.01311700e+00 1.90630948e+04 6.08957703e-03]
saving params.txt: (3.3041015587574267, 10.544089595865325, 2.9267414680252495, 16.719979539152096, 0.357183934230939, 15.305254, 0.7001581, 3.097327, 30162.86871572874, 3.25403366853736, 8.825800910825086, 1.0597454781355016, 18.344746729820837, 21.913574347271265, 15.0, 0.7234983, 3.013117, 19063.09482265409, 0.006089577029026215)
saving energy.txt: [-7.03223508 -7.04473474 -7.0497657  -7.04895989 -7.04564459 -7.03960034
 -7.03225607 -7.02933098 -7.04041776 -7.0494354  -7.05180068 -7.05012079
 -7.04614288 -7.03972103 -7.03226297 -7.02933136 -7.02789544 -7.04833979
 -7.05405373 -7.05383515 -7.04665226 -7.03984656 -7.03227032 -7.02933178
 -7.03077523 -7.044105   -7.04958987 -7.04562519 -7.03959856 -7.03225609
 -7.02933099]
params_e0 (3.3041015587574267, 10.544089595865325, 2.9267414680252495, 16.719979539152096, 0.357183934230939, 30162.86871572874, 3.2540336200484803, 8.825801042339767, 1.0597454781355016, 18.344746729820837, 21.913574347271265, 19063.09482265409, 0.006089577029026215)
reconstructed_params [3.30410156e+00 1.05440896e+01 2.92674147e+00 1.67199795e+01
 3.57183934e-01 1.53052540e+01 7.00158100e-01 3.09732700e+00
 3.01628687e+04 3.25403362e+00 8.82580104e+00 1.05974548e+00
 1.83447467e+01 2.19135743e+01 1.50000000e+01 7.23498300e-01
 3.01311700e+00 1.90630948e+04 6.08957703e-03]
saving params.txt: (3.3041015587574267, 10.544089595865325, 2.9267414680252495, 16.719979539152096, 0.357183934230939, 15.305254, 0.7001581, 3.097327, 30162.86871572874, 3.2540336200484803, 8.825801042339767, 1.0597454781355016, 18.344746729820837, 21.913574347271265, 15.0, 0.7234983, 3.013117, 19063.09482265409, 0.006089577029026215)
saving energy.txt: [-7.03223509 -7.04473474 -7.04976571 -7.04895989 -7.04564459 -7.03960034
 -7.03225607 -7.02933098 -7.04041777 -7.0494354  -7.05180068 -7.05012079
 -7.04614288 -7.03972103 -7.03226297 -7.02933136 -7.02789544 -7.0483398
 -7.05405374 -7.05383515 -7.04665226 -7.03984656 -7.03227032 -7.02933178
 -7.03077524 -7.04410501 -7.04958987 -7.04562519 -7.03959856 -7.03225609
 -7.02933099]
params_e0 (3.3041015587574267, 10.544089595865325, 2.9267414680252495, 16.719979539152096, 0.357183934230939, 30162.86871572874, 3.2540336200484803, 8.825800910825086, 1.0597454939269397, 18.344746729820837, 21.913574347271265, 19063.09482265409, 0.006089577029026215)
reconstructed_params [3.30410156e+00 1.05440896e+01 2.92674147e+00 1.67199795e+01
 3.57183934e-01 1.53052540e+01 7.00158100e-01 3.09732700e+00
 3.01628687e+04 3.25403362e+00 8.82580091e+00 1.05974549e+00
 1.83447467e+01 2.19135743e+01 1.50000000e+01 7.23498300e-01
 3.01311700e+00 1.90630948e+04 6.08957703e-03]
saving params.txt: (3.3041015587574267, 10.544089595865325, 2.9267414680252495, 16.719979539152096, 0.357183934230939, 15.305254, 0.7001581, 3.097327, 30162.86871572874, 3.2540336200484803, 8.825800910825086, 1.0597454939269397, 18.344746729820837, 21.913574347271265, 15.0, 0.7234983, 3.013117, 19063.09482265409, 0.006089577029026215)
saving energy.txt: [-7.03223509 -7.04473474 -7.04976571 -7.04895989 -7.04564459 -7.03960034
 -7.03225607 -7.02933098 -7.04041777 -7.0494354  -7.05180068 -7.05012079
 -7.04614288 -7.03972103 -7.03226297 -7.02933136 -7.02789544 -7.0483398
 -7.05405374 -7.05383515 -7.04665226 -7.03984656 -7.03227032 -7.02933178
 -7.03077524 -7.04410501 -7.04958987 -7.04562519 -7.03959856 -7.03225609
 -7.02933099]
params_e0 (3.3041015587574267, 10.544089595865325, 2.9267414680252495, 16.719979539152096, 0.357183934230939, 30162.86871572874, 3.2540336200484803, 8.825800910825086, 1.0597454781355016, 18.344747003178867, 21.913574347271265, 19063.09482265409, 0.006089577029026215)
reconstructed_params [3.30410156e+00 1.05440896e+01 2.92674147e+00 1.67199795e+01
 3.57183934e-01 1.53052540e+01 7.00158100e-01 3.09732700e+00
 3.01628687e+04 3.25403362e+00 8.82580091e+00 1.05974548e+00
 1.83447470e+01 2.19135743e+01 1.50000000e+01 7.23498300e-01
 3.01311700e+00 1.90630948e+04 6.08957703e-03]
saving params.txt: (3.3041015587574267, 10.544089595865325, 2.9267414680252495, 16.719979539152096, 0.357183934230939, 15.305254, 0.7001581, 3.097327, 30162.86871572874, 3.2540336200484803, 8.825800910825086, 1.0597454781355016, 18.344747003178867, 21.913574347271265, 15.0, 0.7234983, 3.013117, 19063.09482265409, 0.006089577029026215)
saving energy.txt: [-7.03223508 -7.04473474 -7.04976571 -7.04895989 -7.04564459 -7.03960034
 -7.03225607 -7.02933098 -7.04041777 -7.0494354  -7.05180068 -7.05012079
 -7.04614288 -7.03972103 -7.03226297 -7.02933136 -7.02789544 -7.0483398
 -7.05405374 -7.05383515 -7.04665226 -7.03984656 -7.03227032 -7.02933178
 -7.03077524 -7.04410501 -7.04958987 -7.04562519 -7.03959856 -7.03225609
 -7.02933099]
params_e0 (3.3041015587574267, 10.544089595865325, 2.9267414680252495, 16.719979539152096, 0.357183934230939, 30162.86871572874, 3.2540336200484803, 8.825800910825086, 1.0597454781355016, 18.344746729820837, 21.91357467380897, 19063.09482265409, 0.006089577029026215)
reconstructed_params [3.30410156e+00 1.05440896e+01 2.92674147e+00 1.67199795e+01
 3.57183934e-01 1.53052540e+01 7.00158100e-01 3.09732700e+00
 3.01628687e+04 3.25403362e+00 8.82580091e+00 1.05974548e+00
 1.83447467e+01 2.19135747e+01 1.50000000e+01 7.23498300e-01
 3.01311700e+00 1.90630948e+04 6.08957703e-03]
saving params.txt: (3.3041015587574267, 10.544089595865325, 2.9267414680252495, 16.719979539152096, 0.357183934230939, 15.305254, 0.7001581, 3.097327, 30162.86871572874, 3.2540336200484803, 8.825800910825086, 1.0597454781355016, 18.344746729820837, 21.91357467380897, 15.0, 0.7234983, 3.013117, 19063.09482265409, 0.006089577029026215)
saving energy.txt: [-7.03223508 -7.04473474 -7.04976571 -7.04895989 -7.04564459 -7.03960034
 -7.03225607 -7.02933098 -7.04041777 -7.0494354  -7.05180068 -7.05012079
 -7.04614288 -7.03972103 -7.03226297 -7.02933136 -7.02789544 -7.0483398
 -7.05405374 -7.05383515 -7.04665226 -7.03984656 -7.03227032 -7.02933178
 -7.03077524 -7.04410501 -7.04958987 -7.04562519 -7.03959856 -7.03225609
 -7.02933099]
params_e0 (3.3041015587574267, 10.544089595865325, 2.9267414680252495, 16.719979539152096, 0.357183934230939, 30162.86871572874, 3.2540336200484803, 8.825800910825086, 1.0597454781355016, 18.344746729820837, 21.913574347271265, 19063.095106716337, 0.006089577029026215)
reconstructed_params [3.30410156e+00 1.05440896e+01 2.92674147e+00 1.67199795e+01
 3.57183934e-01 1.53052540e+01 7.00158100e-01 3.09732700e+00
 3.01628687e+04 3.25403362e+00 8.82580091e+00 1.05974548e+00
 1.83447467e+01 2.19135743e+01 1.50000000e+01 7.23498300e-01
 3.01311700e+00 1.90630951e+04 6.08957703e-03]
saving params.txt: (3.3041015587574267, 10.544089595865325, 2.9267414680252495, 16.719979539152096, 0.357183934230939, 15.305254, 0.7001581, 3.097327, 30162.86871572874, 3.2540336200484803, 8.825800910825086, 1.0597454781355016, 18.344746729820837, 21.913574347271265, 15.0, 0.7234983, 3.013117, 19063.095106716337, 0.006089577029026215)
saving energy.txt: [-7.03223509 -7.04473474 -7.04976571 -7.04895989 -7.04564459 -7.03960034
 -7.03225607 -7.02933098 -7.04041777 -7.0494354  -7.05180068 -7.05012079
 -7.04614288 -7.03972103 -7.03226297 -7.02933136 -7.02789544 -7.0483398
 -7.05405374 -7.05383515 -7.04665226 -7.03984656 -7.03227032 -7.02933178
 -7.03077524 -7.04410501 -7.04958987 -7.04562519 -7.03959856 -7.03225609
 -7.02933099]
params_e0 (3.3041015587574267, 10.544089595865325, 2.9267414680252495, 16.719979539152096, 0.357183934230939, 30162.86871572874, 3.2540336200484803, 8.825800910825086, 1.0597454781355016, 18.344746729820837, 21.913574347271265, 19063.09482265409, 0.006089591930187409)
reconstructed_params [3.30410156e+00 1.05440896e+01 2.92674147e+00 1.67199795e+01
 3.57183934e-01 1.53052540e+01 7.00158100e-01 3.09732700e+00
 3.01628687e+04 3.25403362e+00 8.82580091e+00 1.05974548e+00
 1.83447467e+01 2.19135743e+01 1.50000000e+01 7.23498300e-01
 3.01311700e+00 1.90630948e+04 6.08959193e-03]
saving params.txt: (3.3041015587574267, 10.544089595865325, 2.9267414680252495, 16.719979539152096, 0.357183934230939, 15.305254, 0.7001581, 3.097327, 30162.86871572874, 3.2540336200484803, 8.825800910825086, 1.0597454781355016, 18.344746729820837, 21.913574347271265, 15.0, 0.7234983, 3.013117, 19063.09482265409, 0.006089591930187409)
saving energy.txt: [-7.03223507 -7.04473473 -7.04976569 -7.04895988 -7.04564458 -7.03960033
 -7.03225606 -7.02933097 -7.04041775 -7.04943539 -7.05180067 -7.05012077
 -7.04614287 -7.03972102 -7.03226295 -7.02933135 -7.02789543 -7.04833978
 -7.05405372 -7.05383514 -7.04665224 -7.03984655 -7.03227031 -7.02933176
 -7.03077522 -7.04410499 -7.04958985 -7.04562518 -7.03959854 -7.03225607
 -7.02933097]
