/projects/qmchamm/shared/mick/ilp_fitting
    basis  method  registry  distance    energy  energy_err     d     a
231    c2  DFT-D2   0.00000      3.00 -7.414703         0.0  3.00  2.46
232    c2  DFT-D2   0.00000      3.20 -7.419444         0.0  3.20  2.46
233    c2  DFT-D2   0.00000      3.21 -7.419504         0.0  3.21  2.46
234    c2  DFT-D2   0.00000      3.22 -7.419547         0.0  3.22  2.46
235    c2  DFT-D2   0.00000      3.23 -7.419575         0.0  3.23  2.46
..    ...     ...       ...       ...       ...         ...   ...   ...
494    c2  DFT-D2   0.66667      4.00 -7.409670         0.0  4.00  2.46
495    c2  DFT-D2   0.66667      4.50 -7.404751         0.0  4.50  2.46
496    c2  DFT-D2   0.66667      5.00 -7.401265         0.0  5.00  2.46
497    c2  DFT-D2   0.66667      6.00 -7.397754         0.0  6.00  2.46
498    c2  DFT-D2   0.66667      7.00 -7.396615         0.0  7.00  2.46

[268 rows x 8 columns]
[7]
mask [ True  True  True  True  True  True  True  True  True  True]
exclude_idxs [7]
[3.20585153e+00 6.58829358e+00 1.23533771e+00 1.52849929e-05
 3.75305332e+01 1.54999470e+01 7.95444300e-01 3.68144000e+00
 2.80762219e+04 2.26948926e-03]
[3.20585153e+00 6.58829358e+00 1.23533771e+00 1.52849929e-05
 3.75305332e+01 1.54999470e+01 7.95444300e-01 2.80762219e+04
 2.26948926e-03]
params_e0 (3.205851528745701, 6.58829358365566, 1.2353377130749428, 1.5284992897633088e-05, 37.53053318289256, 15.499947, 0.7954443, 28076.221930823198, 0.002269489260749126)
reconstructed_params [3.20585153e+00 6.58829358e+00 1.23533771e+00 1.52849929e-05
 3.75305332e+01 1.54999470e+01 7.95444300e-01 3.68144000e+00
 2.80762219e+04 2.26948926e-03]
saving params.txt: (3.205851528745701, 6.58829358365566, 1.2353377130749428, 1.5284992897633088e-05, 37.53053318289256, 15.499947, 0.7954443, 3.68144, 28076.221930823198, 0.002269489260749126)
saving energy.txt: [-7.41545875 -7.4194722  -7.41951318 -7.41954365 -7.4195641  -7.41957504
 -7.41957695 -7.41957027 -7.41955546 -7.41953292 -7.41950307 -7.41946628
 -7.41942293 -7.41937336 -7.41931791 -7.41925691 -7.41919065 -7.41911943
 -7.41904352 -7.41896319 -7.4188787  -7.41879027 -7.41869814 -7.41860252
 -7.41850363 -7.41840165 -7.41829677 -7.41818917 -7.41807902 -7.41796647
 -7.41785168 -7.41773479 -7.41761594 -7.41749525 -7.41737286 -7.41724887
 -7.41712339 -7.41699654 -7.41686842 -7.41673911 -7.41660871 -7.4164773
 -7.41634497 -7.41621179 -7.41607783 -7.41594318 -7.41580788 -7.41567201
 -7.41553563 -7.41539879 -7.41526155 -7.41512395 -7.41498606 -7.41484791
 -7.41470956 -7.41457103 -7.41443238 -7.41429365 -7.41415486 -7.41401606
 -7.41387728 -7.41373854 -7.41101308 -7.40512684 -7.40086314 -7.39609625
 -7.39409928 -7.41421671 -7.41875474 -7.4188122  -7.41885853 -7.41889431
 -7.41892005 -7.41893626 -7.41894344 -7.41894203 -7.4189325  -7.41891527
 -7.41889074 -7.41885929 -7.41882131 -7.41877714 -7.41872712 -7.41867156
 -7.41861078 -7.41854506 -7.41847467 -7.41839989 -7.41832095 -7.4182381
 -7.41815156 -7.41806154 -7.41796825 -7.41787187 -7.41777259 -7.41767059
 -7.41756603 -7.41745906 -7.41734984 -7.4172385  -7.41712517 -7.41700999
 -7.41689308 -7.41677455 -7.4166545  -7.41653305 -7.41641028 -7.4162863
 -7.41616119 -7.41603503 -7.41590791 -7.4157799  -7.41565107 -7.4155215
 -7.41539124 -7.41526036 -7.41512892 -7.41499698 -7.41486458 -7.41473179
 -7.41459864 -7.41446519 -7.41433148 -7.41419756 -7.41406346 -7.41392921
 -7.41379487 -7.41366046 -7.41352602 -7.41087109 -7.40507631 -7.40084565
 -7.39609427 -7.39409907 -7.40811181 -7.41501497 -7.41516167 -7.4152949
 -7.41541529 -7.41552341 -7.41561984 -7.41570513 -7.4157798  -7.41584436
 -7.41589928 -7.41594503 -7.41598205 -7.41601076 -7.41603157 -7.41604486
 -7.41605101 -7.41605036 -7.41604326 -7.41603001 -7.41601094 -7.41598632
 -7.41595643 -7.41592155 -7.41588191 -7.41583777 -7.41578935 -7.41573686
 -7.41568051 -7.4156205  -7.41555702 -7.41549024 -7.41542034 -7.41534747
 -7.4152718  -7.41519346 -7.41511259 -7.41502934 -7.41494382 -7.41485615
 -7.41476646 -7.41467485 -7.41458142 -7.41448628 -7.41438952 -7.41429123
 -7.4141915  -7.4140904  -7.41398803 -7.41388446 -7.41377975 -7.41367399
 -7.41356722 -7.41345952 -7.41335095 -7.41324157 -7.41313143 -7.41302058
 -7.41290908 -7.41279697 -7.41268431 -7.41257113 -7.41025585 -7.40487135
 -7.40077775 -7.396087   -7.39409832 -7.3970554  -7.40817747 -7.40848765
 -7.40878031 -7.40905612 -7.40931577 -7.40955991 -7.40978917 -7.41000416
 -7.41020546 -7.41039366 -7.41056928 -7.41073287 -7.41088493 -7.41102595
 -7.4111564  -7.41127672 -7.41138735 -7.41148871 -7.41158119 -7.41166517
 -7.41174103 -7.4118091  -7.41186972 -7.41192322 -7.41196989 -7.41201004
 -7.41204394 -7.41207185 -7.41209405 -7.41211076 -7.41212223 -7.41212868
 -7.41213032 -7.41212736 -7.41211998 -7.41210839 -7.41209276 -7.41207326
 -7.41205005 -7.41202329 -7.41199313 -7.41195972 -7.41192318 -7.41188366
 -7.41184129 -7.41179617 -7.41174843 -7.41169818 -7.41164552 -7.41159056
 -7.4115334  -7.41147414 -7.41141285 -7.41134964 -7.41128458 -7.41121775
 -7.41114924 -7.41107912 -7.41100746 -7.41093433 -7.41085979 -7.40915938
 -7.40450992 -7.40065892 -7.39607438 -7.39409703]
params_e0 (3.2058515765166113, 6.58829358365566, 1.2353377130749428, 1.5284992897633088e-05, 37.53053318289256, 15.499947, 0.7954443, 28076.221930823198, 0.002269489260749126)
reconstructed_params [3.20585158e+00 6.58829358e+00 1.23533771e+00 1.52849929e-05
 3.75305332e+01 1.54999470e+01 7.95444300e-01 3.68144000e+00
 2.80762219e+04 2.26948926e-03]
saving params.txt: (3.2058515765166113, 6.58829358365566, 1.2353377130749428, 1.5284992897633088e-05, 37.53053318289256, 15.499947, 0.7954443, 3.68144, 28076.221930823198, 0.002269489260749126)
saving energy.txt: [-7.41545874 -7.41947219 -7.41951318 -7.41954364 -7.4195641  -7.41957504
 -7.41957694 -7.41957027 -7.41955545 -7.41953292 -7.41950307 -7.41946628
 -7.41942293 -7.41937336 -7.41931791 -7.4192569  -7.41919064 -7.41911942
 -7.41904352 -7.41896319 -7.41887869 -7.41879027 -7.41869814 -7.41860252
 -7.41850363 -7.41840165 -7.41829677 -7.41818917 -7.41807902 -7.41796647
 -7.41785168 -7.41773479 -7.41761594 -7.41749525 -7.41737285 -7.41724886
 -7.41712339 -7.41699654 -7.41686841 -7.41673911 -7.4166087  -7.4164773
 -7.41634496 -7.41621178 -7.41607783 -7.41594317 -7.41580788 -7.41567201
 -7.41553563 -7.41539879 -7.41526155 -7.41512395 -7.41498606 -7.41484791
 -7.41470956 -7.41457103 -7.41443238 -7.41429365 -7.41415486 -7.41401606
 -7.41387727 -7.41373854 -7.41101308 -7.40512684 -7.40086314 -7.39609625
 -7.39409928 -7.4142167  -7.41875474 -7.41881219 -7.41885853 -7.4188943
 -7.41892004 -7.41893626 -7.41894343 -7.41894203 -7.4189325  -7.41891526
 -7.41889073 -7.41885929 -7.41882131 -7.41877714 -7.41872711 -7.41867156
 -7.41861078 -7.41854505 -7.41847467 -7.41839989 -7.41832095 -7.4182381
 -7.41815156 -7.41806154 -7.41796824 -7.41787187 -7.41777259 -7.41767059
 -7.41756603 -7.41745906 -7.41734983 -7.41723849 -7.41712517 -7.41700999
 -7.41689308 -7.41677455 -7.4166545  -7.41653305 -7.41641028 -7.4162863
 -7.41616119 -7.41603503 -7.41590791 -7.4157799  -7.41565107 -7.4155215
 -7.41539124 -7.41526036 -7.41512892 -7.41499697 -7.41486458 -7.41473179
 -7.41459864 -7.41446519 -7.41433148 -7.41419756 -7.41406345 -7.41392921
 -7.41379487 -7.41366046 -7.41352602 -7.41087109 -7.40507631 -7.40084565
 -7.39609427 -7.39409907 -7.4081118  -7.41501497 -7.41516167 -7.4152949
 -7.41541528 -7.41552341 -7.41561984 -7.41570513 -7.4157798  -7.41584435
 -7.41589927 -7.41594502 -7.41598204 -7.41601076 -7.41603157 -7.41604486
 -7.41605101 -7.41605036 -7.41604326 -7.41603001 -7.41601093 -7.41598631
 -7.41595643 -7.41592154 -7.41588191 -7.41583777 -7.41578934 -7.41573685
 -7.41568051 -7.4156205  -7.41555702 -7.41549024 -7.41542034 -7.41534747
 -7.41527179 -7.41519345 -7.41511259 -7.41502933 -7.41494381 -7.41485615
 -7.41476646 -7.41467484 -7.41458142 -7.41448628 -7.41438951 -7.41429122
 -7.41419149 -7.4140904  -7.41398803 -7.41388446 -7.41377975 -7.41367398
 -7.41356722 -7.41345952 -7.41335095 -7.41324157 -7.41313143 -7.41302058
 -7.41290908 -7.41279697 -7.4126843  -7.41257113 -7.41025585 -7.40487135
 -7.40077775 -7.396087   -7.39409832 -7.39705539 -7.40817747 -7.40848765
 -7.4087803  -7.40905611 -7.40931577 -7.4095599  -7.40978916 -7.41000415
 -7.41020546 -7.41039365 -7.41056928 -7.41073287 -7.41088493 -7.41102595
 -7.41115639 -7.41127671 -7.41138735 -7.4114887  -7.41158118 -7.41166517
 -7.41174102 -7.41180909 -7.41186972 -7.41192321 -7.41196989 -7.41201003
 -7.41204393 -7.41207185 -7.41209404 -7.41211076 -7.41212223 -7.41212868
 -7.41213032 -7.41212735 -7.41211998 -7.41210839 -7.41209276 -7.41207326
 -7.41205005 -7.41202329 -7.41199313 -7.41195971 -7.41192318 -7.41188366
 -7.41184128 -7.41179617 -7.41174843 -7.41169817 -7.41164552 -7.41159056
 -7.4115334  -7.41147413 -7.41141285 -7.41134964 -7.41128458 -7.41121775
 -7.41114924 -7.41107912 -7.41100746 -7.41093432 -7.41085979 -7.40915938
 -7.40450992 -7.40065892 -7.39607438 -7.39409703]
params_e0 (3.205851528745701, 6.588293681828885, 1.2353377130749428, 1.5284992897633088e-05, 37.53053318289256, 15.499947, 0.7954443, 28076.221930823198, 0.002269489260749126)
reconstructed_params [3.20585153e+00 6.58829368e+00 1.23533771e+00 1.52849929e-05
 3.75305332e+01 1.54999470e+01 7.95444300e-01 3.68144000e+00
 2.80762219e+04 2.26948926e-03]
saving params.txt: (3.205851528745701, 6.588293681828885, 1.2353377130749428, 1.5284992897633088e-05, 37.53053318289256, 15.499947, 0.7954443, 3.68144, 28076.221930823198, 0.002269489260749126)
saving energy.txt: [-7.41545875 -7.4194722  -7.41951318 -7.41954365 -7.4195641  -7.41957504
 -7.41957695 -7.41957027 -7.41955546 -7.41953292 -7.41950307 -7.41946628
 -7.41942293 -7.41937336 -7.41931791 -7.41925691 -7.41919065 -7.41911943
 -7.41904352 -7.41896319 -7.4188787  -7.41879027 -7.41869814 -7.41860252
 -7.41850363 -7.41840165 -7.41829677 -7.41818917 -7.41807902 -7.41796647
 -7.41785168 -7.41773479 -7.41761594 -7.41749525 -7.41737286 -7.41724887
 -7.41712339 -7.41699654 -7.41686842 -7.41673911 -7.41660871 -7.4164773
 -7.41634497 -7.41621179 -7.41607783 -7.41594318 -7.41580788 -7.41567201
 -7.41553563 -7.41539879 -7.41526155 -7.41512396 -7.41498606 -7.41484791
 -7.41470956 -7.41457103 -7.41443238 -7.41429365 -7.41415486 -7.41401606
 -7.41387728 -7.41373854 -7.41101308 -7.40512684 -7.40086314 -7.39609626
 -7.39409928 -7.41421671 -7.41875474 -7.4188122  -7.41885853 -7.41889431
 -7.41892005 -7.41893626 -7.41894344 -7.41894203 -7.4189325  -7.41891527
 -7.41889074 -7.41885929 -7.41882131 -7.41877714 -7.41872712 -7.41867156
 -7.41861078 -7.41854506 -7.41847468 -7.41839989 -7.41832095 -7.4182381
 -7.41815156 -7.41806154 -7.41796825 -7.41787187 -7.41777259 -7.41767059
 -7.41756603 -7.41745906 -7.41734984 -7.4172385  -7.41712517 -7.41701
 -7.41689308 -7.41677455 -7.4166545  -7.41653305 -7.41641028 -7.4162863
 -7.41616119 -7.41603503 -7.41590791 -7.4157799  -7.41565107 -7.4155215
 -7.41539124 -7.41526036 -7.41512892 -7.41499698 -7.41486458 -7.41473179
 -7.41459864 -7.41446519 -7.41433148 -7.41419756 -7.41406346 -7.41392922
 -7.41379487 -7.41366046 -7.41352602 -7.41087109 -7.40507631 -7.40084565
 -7.39609427 -7.39409907 -7.40811181 -7.41501497 -7.41516167 -7.4152949
 -7.41541529 -7.41552341 -7.41561984 -7.41570513 -7.4157798  -7.41584436
 -7.41589928 -7.41594503 -7.41598205 -7.41601076 -7.41603157 -7.41604486
 -7.41605101 -7.41605037 -7.41604326 -7.41603002 -7.41601094 -7.41598632
 -7.41595643 -7.41592155 -7.41588191 -7.41583777 -7.41578935 -7.41573686
 -7.41568051 -7.4156205  -7.41555702 -7.41549024 -7.41542034 -7.41534747
 -7.4152718  -7.41519346 -7.41511259 -7.41502934 -7.41494382 -7.41485615
 -7.41476646 -7.41467485 -7.41458142 -7.41448628 -7.41438952 -7.41429123
 -7.4141915  -7.41409041 -7.41398804 -7.41388446 -7.41377975 -7.41367399
 -7.41356722 -7.41345952 -7.41335095 -7.41324157 -7.41313143 -7.41302058
 -7.41290908 -7.41279697 -7.41268431 -7.41257113 -7.41025585 -7.40487135
 -7.40077775 -7.396087   -7.39409832 -7.3970554  -7.40817747 -7.40848765
 -7.40878031 -7.40905612 -7.40931577 -7.40955991 -7.40978917 -7.41000416
 -7.41020546 -7.41039366 -7.41056928 -7.41073287 -7.41088493 -7.41102595
 -7.4111564  -7.41127672 -7.41138735 -7.41148871 -7.41158119 -7.41166517
 -7.41174103 -7.4118091  -7.41186972 -7.41192322 -7.41196989 -7.41201004
 -7.41204394 -7.41207185 -7.41209405 -7.41211076 -7.41212223 -7.41212868
 -7.41213032 -7.41212736 -7.41211999 -7.41210839 -7.41209276 -7.41207326
 -7.41205005 -7.41202329 -7.41199313 -7.41195972 -7.41192318 -7.41188367
 -7.41184129 -7.41179617 -7.41174843 -7.41169818 -7.41164552 -7.41159056
 -7.4115334  -7.41147414 -7.41141285 -7.41134964 -7.41128458 -7.41121775
 -7.41114924 -7.41107912 -7.41100746 -7.41093433 -7.41085979 -7.40915938
 -7.40450992 -7.40065892 -7.39607438 -7.39409703]
params_e0 (3.205851528745701, 6.58829358365566, 1.2353377314829093, 1.5284992897633088e-05, 37.53053318289256, 15.499947, 0.7954443, 28076.221930823198, 0.002269489260749126)
reconstructed_params [3.20585153e+00 6.58829358e+00 1.23533773e+00 1.52849929e-05
 3.75305332e+01 1.54999470e+01 7.95444300e-01 3.68144000e+00
 2.80762219e+04 2.26948926e-03]
saving params.txt: (3.205851528745701, 6.58829358365566, 1.2353377314829093, 1.5284992897633088e-05, 37.53053318289256, 15.499947, 0.7954443, 3.68144, 28076.221930823198, 0.002269489260749126)
saving energy.txt: [-7.41545875 -7.41947219 -7.41951318 -7.41954365 -7.4195641  -7.41957504
 -7.41957695 -7.41957027 -7.41955546 -7.41953292 -7.41950307 -7.41946628
 -7.41942293 -7.41937336 -7.41931791 -7.41925691 -7.41919065 -7.41911943
 -7.41904352 -7.41896319 -7.41887869 -7.41879027 -7.41869814 -7.41860252
 -7.41850363 -7.41840165 -7.41829677 -7.41818917 -7.41807902 -7.41796647
 -7.41785168 -7.41773479 -7.41761594 -7.41749525 -7.41737286 -7.41724887
 -7.41712339 -7.41699654 -7.41686842 -7.41673911 -7.41660871 -7.4164773
 -7.41634497 -7.41621179 -7.41607783 -7.41594318 -7.41580788 -7.41567201
 -7.41553563 -7.41539879 -7.41526155 -7.41512395 -7.41498606 -7.41484791
 -7.41470956 -7.41457103 -7.41443238 -7.41429365 -7.41415486 -7.41401606
 -7.41387728 -7.41373854 -7.41101308 -7.40512684 -7.40086314 -7.39609625
 -7.39409928 -7.41421671 -7.41875474 -7.41881219 -7.41885853 -7.41889431
 -7.41892005 -7.41893626 -7.41894343 -7.41894203 -7.4189325  -7.41891527
 -7.41889074 -7.41885929 -7.41882131 -7.41877714 -7.41872712 -7.41867156
 -7.41861078 -7.41854506 -7.41847467 -7.41839989 -7.41832095 -7.4182381
 -7.41815156 -7.41806154 -7.41796825 -7.41787187 -7.41777259 -7.41767059
 -7.41756603 -7.41745906 -7.41734984 -7.4172385  -7.41712517 -7.41700999
 -7.41689308 -7.41677455 -7.4166545  -7.41653305 -7.41641028 -7.4162863
 -7.41616119 -7.41603503 -7.41590791 -7.4157799  -7.41565107 -7.4155215
 -7.41539124 -7.41526036 -7.41512892 -7.41499698 -7.41486458 -7.41473179
 -7.41459864 -7.41446519 -7.41433148 -7.41419756 -7.41406346 -7.41392921
 -7.41379487 -7.41366046 -7.41352602 -7.41087109 -7.40507631 -7.40084565
 -7.39609427 -7.39409907 -7.40811181 -7.41501497 -7.41516167 -7.4152949
 -7.41541529 -7.41552341 -7.41561984 -7.41570513 -7.4157798  -7.41584436
 -7.41589928 -7.41594503 -7.41598205 -7.41601076 -7.41603157 -7.41604486
 -7.41605101 -7.41605036 -7.41604326 -7.41603001 -7.41601094 -7.41598632
 -7.41595643 -7.41592155 -7.41588191 -7.41583777 -7.41578935 -7.41573686
 -7.41568051 -7.4156205  -7.41555702 -7.41549024 -7.41542034 -7.41534747
 -7.4152718  -7.41519346 -7.41511259 -7.41502934 -7.41494382 -7.41485615
 -7.41476646 -7.41467485 -7.41458142 -7.41448628 -7.41438952 -7.41429123
 -7.41419149 -7.4140904  -7.41398803 -7.41388446 -7.41377975 -7.41367399
 -7.41356722 -7.41345952 -7.41335095 -7.41324157 -7.41313143 -7.41302058
 -7.41290908 -7.41279697 -7.41268431 -7.41257113 -7.41025585 -7.40487135
 -7.40077775 -7.396087   -7.39409832 -7.3970554  -7.40817747 -7.40848765
 -7.4087803  -7.40905612 -7.40931577 -7.40955991 -7.40978917 -7.41000416
 -7.41020546 -7.41039366 -7.41056928 -7.41073287 -7.41088493 -7.41102595
 -7.41115639 -7.41127672 -7.41138735 -7.41148871 -7.41158119 -7.41166517
 -7.41174102 -7.4118091  -7.41186972 -7.41192321 -7.41196989 -7.41201004
 -7.41204393 -7.41207185 -7.41209405 -7.41211076 -7.41212223 -7.41212868
 -7.41213032 -7.41212736 -7.41211998 -7.41210839 -7.41209276 -7.41207326
 -7.41205005 -7.41202329 -7.41199313 -7.41195972 -7.41192318 -7.41188366
 -7.41184129 -7.41179617 -7.41174843 -7.41169818 -7.41164552 -7.41159056
 -7.4115334  -7.41147414 -7.41141285 -7.41134964 -7.41128458 -7.41121775
 -7.41114924 -7.41107912 -7.41100746 -7.41093432 -7.41085979 -7.40915938
 -7.40450992 -7.40065892 -7.39607438 -7.39409703]
params_e0 (3.205851528745701, 6.58829358365566, 1.2353377130749428, 1.5299894058826935e-05, 37.53053318289256, 15.499947, 0.7954443, 28076.221930823198, 0.002269489260749126)
reconstructed_params [3.20585153e+00 6.58829358e+00 1.23533771e+00 1.52998941e-05
 3.75305332e+01 1.54999470e+01 7.95444300e-01 3.68144000e+00
 2.80762219e+04 2.26948926e-03]
saving params.txt: (3.205851528745701, 6.58829358365566, 1.2353377130749428, 1.5299894058826935e-05, 37.53053318289256, 15.499947, 0.7954443, 3.68144, 28076.221930823198, 0.002269489260749126)
saving energy.txt: [-7.41545875 -7.4194722  -7.41951318 -7.41954365 -7.4195641  -7.41957504
 -7.41957695 -7.41957027 -7.41955546 -7.41953292 -7.41950307 -7.41946628
 -7.41942293 -7.41937336 -7.41931791 -7.41925691 -7.41919065 -7.41911943
 -7.41904352 -7.41896319 -7.4188787  -7.41879027 -7.41869814 -7.41860252
 -7.41850363 -7.41840165 -7.41829677 -7.41818917 -7.41807902 -7.41796647
 -7.41785168 -7.41773479 -7.41761594 -7.41749525 -7.41737286 -7.41724887
 -7.41712339 -7.41699654 -7.41686842 -7.41673911 -7.41660871 -7.4164773
 -7.41634497 -7.41621179 -7.41607783 -7.41594318 -7.41580788 -7.41567201
 -7.41553563 -7.41539879 -7.41526155 -7.41512395 -7.41498606 -7.41484791
 -7.41470956 -7.41457103 -7.41443238 -7.41429365 -7.41415486 -7.41401606
 -7.41387728 -7.41373854 -7.41101308 -7.40512684 -7.40086314 -7.39609625
 -7.39409928 -7.41421671 -7.41875474 -7.4188122  -7.41885853 -7.41889431
 -7.41892005 -7.41893626 -7.41894344 -7.41894203 -7.4189325  -7.41891527
 -7.41889074 -7.41885929 -7.41882131 -7.41877714 -7.41872712 -7.41867156
 -7.41861078 -7.41854506 -7.41847467 -7.41839989 -7.41832095 -7.4182381
 -7.41815156 -7.41806154 -7.41796825 -7.41787187 -7.41777259 -7.41767059
 -7.41756603 -7.41745906 -7.41734984 -7.4172385  -7.41712517 -7.41700999
 -7.41689308 -7.41677455 -7.4166545  -7.41653305 -7.41641028 -7.4162863
 -7.41616119 -7.41603503 -7.41590791 -7.4157799  -7.41565107 -7.4155215
 -7.41539124 -7.41526036 -7.41512892 -7.41499698 -7.41486458 -7.41473179
 -7.41459864 -7.41446519 -7.41433148 -7.41419756 -7.41406346 -7.41392921
 -7.41379487 -7.41366046 -7.41352602 -7.41087109 -7.40507631 -7.40084565
 -7.39609427 -7.39409907 -7.40811181 -7.41501497 -7.41516167 -7.4152949
 -7.41541529 -7.41552341 -7.41561984 -7.41570513 -7.4157798  -7.41584436
 -7.41589928 -7.41594503 -7.41598205 -7.41601076 -7.41603157 -7.41604486
 -7.41605101 -7.41605036 -7.41604326 -7.41603001 -7.41601094 -7.41598632
 -7.41595643 -7.41592155 -7.41588191 -7.41583777 -7.41578935 -7.41573686
 -7.41568051 -7.4156205  -7.41555702 -7.41549024 -7.41542034 -7.41534747
 -7.4152718  -7.41519346 -7.41511259 -7.41502934 -7.41494382 -7.41485615
 -7.41476646 -7.41467485 -7.41458142 -7.41448628 -7.41438952 -7.41429123
 -7.4141915  -7.4140904  -7.41398803 -7.41388446 -7.41377975 -7.41367399
 -7.41356722 -7.41345952 -7.41335095 -7.41324157 -7.41313143 -7.41302058
 -7.41290908 -7.41279697 -7.41268431 -7.41257113 -7.41025585 -7.40487135
 -7.40077775 -7.396087   -7.39409832 -7.3970554  -7.40817747 -7.40848765
 -7.40878031 -7.40905612 -7.40931577 -7.40955991 -7.40978917 -7.41000416
 -7.41020546 -7.41039366 -7.41056928 -7.41073287 -7.41088493 -7.41102595
 -7.4111564  -7.41127672 -7.41138735 -7.41148871 -7.41158119 -7.41166517
 -7.41174103 -7.4118091  -7.41186972 -7.41192322 -7.41196989 -7.41201004
 -7.41204394 -7.41207185 -7.41209405 -7.41211076 -7.41212223 -7.41212868
 -7.41213032 -7.41212736 -7.41211998 -7.41210839 -7.41209276 -7.41207326
 -7.41205005 -7.41202329 -7.41199313 -7.41195972 -7.41192318 -7.41188366
 -7.41184129 -7.41179617 -7.41174843 -7.41169818 -7.41164552 -7.41159056
 -7.4115334  -7.41147414 -7.41141285 -7.41134964 -7.41128458 -7.41121775
 -7.41114924 -7.41107912 -7.41100746 -7.41093433 -7.41085979 -7.40915938
 -7.40450992 -7.40065892 -7.39607438 -7.39409703]
params_e0 (3.205851528745701, 6.58829358365566, 1.2353377130749428, 1.5284992897633088e-05, 37.53053374214109, 15.499947, 0.7954443, 28076.221930823198, 0.002269489260749126)
reconstructed_params [3.20585153e+00 6.58829358e+00 1.23533771e+00 1.52849929e-05
 3.75305337e+01 1.54999470e+01 7.95444300e-01 3.68144000e+00
 2.80762219e+04 2.26948926e-03]
saving params.txt: (3.205851528745701, 6.58829358365566, 1.2353377130749428, 1.5284992897633088e-05, 37.53053374214109, 15.499947, 0.7954443, 3.68144, 28076.221930823198, 0.002269489260749126)
saving energy.txt: [-7.41545875 -7.4194722  -7.41951318 -7.41954365 -7.4195641  -7.41957504
 -7.41957695 -7.41957027 -7.41955546 -7.41953292 -7.41950307 -7.41946628
 -7.41942293 -7.41937336 -7.41931791 -7.41925691 -7.41919065 -7.41911943
 -7.41904352 -7.41896319 -7.41887869 -7.41879027 -7.41869814 -7.41860252
 -7.41850363 -7.41840165 -7.41829677 -7.41818917 -7.41807902 -7.41796647
 -7.41785168 -7.41773479 -7.41761594 -7.41749525 -7.41737286 -7.41724887
 -7.41712339 -7.41699654 -7.41686842 -7.41673911 -7.41660871 -7.4164773
 -7.41634497 -7.41621179 -7.41607783 -7.41594318 -7.41580788 -7.41567201
 -7.41553563 -7.41539879 -7.41526155 -7.41512395 -7.41498606 -7.41484791
 -7.41470956 -7.41457103 -7.41443238 -7.41429365 -7.41415486 -7.41401606
 -7.41387728 -7.41373854 -7.41101308 -7.40512684 -7.40086314 -7.39609625
 -7.39409928 -7.41421671 -7.41875474 -7.41881219 -7.41885853 -7.41889431
 -7.41892005 -7.41893626 -7.41894344 -7.41894203 -7.4189325  -7.41891527
 -7.41889074 -7.41885929 -7.41882131 -7.41877714 -7.41872712 -7.41867156
 -7.41861078 -7.41854506 -7.41847467 -7.41839989 -7.41832095 -7.4182381
 -7.41815156 -7.41806154 -7.41796825 -7.41787187 -7.41777259 -7.41767059
 -7.41756603 -7.41745906 -7.41734984 -7.4172385  -7.41712517 -7.41700999
 -7.41689308 -7.41677455 -7.4166545  -7.41653305 -7.41641028 -7.4162863
 -7.41616119 -7.41603503 -7.41590791 -7.4157799  -7.41565107 -7.4155215
 -7.41539124 -7.41526036 -7.41512892 -7.41499698 -7.41486458 -7.41473179
 -7.41459864 -7.41446519 -7.41433148 -7.41419756 -7.41406346 -7.41392921
 -7.41379487 -7.41366046 -7.41352602 -7.41087109 -7.40507631 -7.40084565
 -7.39609427 -7.39409907 -7.40811181 -7.41501497 -7.41516167 -7.4152949
 -7.41541529 -7.41552341 -7.41561984 -7.41570513 -7.4157798  -7.41584436
 -7.41589928 -7.41594503 -7.41598205 -7.41601076 -7.41603157 -7.41604486
 -7.41605101 -7.41605036 -7.41604326 -7.41603001 -7.41601094 -7.41598632
 -7.41595643 -7.41592155 -7.41588191 -7.41583777 -7.41578935 -7.41573686
 -7.41568051 -7.4156205  -7.41555702 -7.41549024 -7.41542034 -7.41534747
 -7.4152718  -7.41519346 -7.41511259 -7.41502934 -7.41494382 -7.41485615
 -7.41476646 -7.41467485 -7.41458142 -7.41448628 -7.41438952 -7.41429123
 -7.4141915  -7.4140904  -7.41398803 -7.41388446 -7.41377975 -7.41367399
 -7.41356722 -7.41345952 -7.41335095 -7.41324157 -7.41313143 -7.41302058
 -7.41290908 -7.41279697 -7.41268431 -7.41257113 -7.41025585 -7.40487135
 -7.40077775 -7.396087   -7.39409832 -7.3970554  -7.40817747 -7.40848765
 -7.4087803  -7.40905612 -7.40931577 -7.40955991 -7.40978917 -7.41000416
 -7.41020546 -7.41039366 -7.41056928 -7.41073287 -7.41088493 -7.41102595
 -7.41115639 -7.41127672 -7.41138735 -7.41148871 -7.41158119 -7.41166517
 -7.41174102 -7.4118091  -7.41186972 -7.41192321 -7.41196989 -7.41201004
 -7.41204393 -7.41207185 -7.41209405 -7.41211076 -7.41212223 -7.41212868
 -7.41213032 -7.41212736 -7.41211998 -7.41210839 -7.41209276 -7.41207326
 -7.41205005 -7.41202329 -7.41199313 -7.41195972 -7.41192318 -7.41188366
 -7.41184129 -7.41179617 -7.41174843 -7.41169818 -7.41164552 -7.41159056
 -7.4115334  -7.41147414 -7.41141285 -7.41134964 -7.41128458 -7.41121775
 -7.41114924 -7.41107912 -7.41100746 -7.41093432 -7.41085979 -7.40915938
 -7.40450992 -7.40065892 -7.39607438 -7.39409703]
params_e0 (3.205851528745701, 6.58829358365566, 1.2353377130749428, 1.5284992897633088e-05, 37.53053318289256, 15.499947230967209, 0.7954443, 28076.221930823198, 0.002269489260749126)
reconstructed_params [3.20585153e+00 6.58829358e+00 1.23533771e+00 1.52849929e-05
 3.75305332e+01 1.54999472e+01 7.95444300e-01 3.68144000e+00
 2.80762219e+04 2.26948926e-03]
saving params.txt: (3.205851528745701, 6.58829358365566, 1.2353377130749428, 1.5284992897633088e-05, 37.53053318289256, 15.499947230967209, 0.7954443, 3.68144, 28076.221930823198, 0.002269489260749126)
saving energy.txt: [-7.41545875 -7.4194722  -7.41951318 -7.41954365 -7.4195641  -7.41957504
 -7.41957695 -7.41957027 -7.41955546 -7.41953292 -7.41950307 -7.41946628
 -7.41942293 -7.41937336 -7.41931791 -7.41925691 -7.41919065 -7.41911943
 -7.41904352 -7.41896319 -7.4188787  -7.41879027 -7.41869814 -7.41860252
 -7.41850363 -7.41840165 -7.41829677 -7.41818917 -7.41807902 -7.41796647
 -7.41785168 -7.41773479 -7.41761594 -7.41749525 -7.41737286 -7.41724887
 -7.41712339 -7.41699654 -7.41686842 -7.41673911 -7.41660871 -7.4164773
 -7.41634497 -7.41621179 -7.41607783 -7.41594318 -7.41580788 -7.41567201
 -7.41553563 -7.41539879 -7.41526155 -7.41512395 -7.41498606 -7.41484791
 -7.41470956 -7.41457103 -7.41443238 -7.41429365 -7.41415486 -7.41401606
 -7.41387728 -7.41373854 -7.41101308 -7.40512684 -7.40086314 -7.39609625
 -7.39409928 -7.41421671 -7.41875474 -7.4188122  -7.41885853 -7.41889431
 -7.41892005 -7.41893626 -7.41894344 -7.41894203 -7.4189325  -7.41891527
 -7.41889074 -7.41885929 -7.41882131 -7.41877714 -7.41872712 -7.41867156
 -7.41861078 -7.41854506 -7.41847467 -7.41839989 -7.41832095 -7.4182381
 -7.41815156 -7.41806154 -7.41796825 -7.41787187 -7.41777259 -7.41767059
 -7.41756603 -7.41745906 -7.41734984 -7.4172385  -7.41712517 -7.41700999
 -7.41689308 -7.41677455 -7.4166545  -7.41653305 -7.41641028 -7.4162863
 -7.41616119 -7.41603503 -7.41590791 -7.4157799  -7.41565107 -7.4155215
 -7.41539124 -7.41526036 -7.41512892 -7.41499698 -7.41486458 -7.41473179
 -7.41459864 -7.41446519 -7.41433148 -7.41419756 -7.41406346 -7.41392921
 -7.41379487 -7.41366046 -7.41352602 -7.41087109 -7.40507631 -7.40084565
 -7.39609427 -7.39409907 -7.40811181 -7.41501497 -7.41516167 -7.4152949
 -7.41541529 -7.41552341 -7.41561984 -7.41570513 -7.4157798  -7.41584436
 -7.41589928 -7.41594503 -7.41598205 -7.41601076 -7.41603157 -7.41604486
 -7.41605101 -7.41605037 -7.41604326 -7.41603001 -7.41601094 -7.41598632
 -7.41595643 -7.41592155 -7.41588191 -7.41583777 -7.41578935 -7.41573686
 -7.41568051 -7.4156205  -7.41555702 -7.41549024 -7.41542034 -7.41534747
 -7.4152718  -7.41519346 -7.41511259 -7.41502934 -7.41494382 -7.41485615
 -7.41476646 -7.41467485 -7.41458142 -7.41448628 -7.41438952 -7.41429123
 -7.4141915  -7.4140904  -7.41398803 -7.41388446 -7.41377975 -7.41367399
 -7.41356722 -7.41345952 -7.41335095 -7.41324157 -7.41313143 -7.41302058
 -7.41290908 -7.41279697 -7.41268431 -7.41257113 -7.41025585 -7.40487135
 -7.40077775 -7.396087   -7.39409832 -7.3970554  -7.40817747 -7.40848765
 -7.40878031 -7.40905612 -7.40931577 -7.40955991 -7.40978917 -7.41000416
 -7.41020546 -7.41039366 -7.41056928 -7.41073287 -7.41088493 -7.41102595
 -7.4111564  -7.41127672 -7.41138735 -7.41148871 -7.41158119 -7.41166517
 -7.41174103 -7.4118091  -7.41186972 -7.41192322 -7.41196989 -7.41201004
 -7.41204394 -7.41207185 -7.41209405 -7.41211076 -7.41212223 -7.41212868
 -7.41213032 -7.41212736 -7.41211998 -7.41210839 -7.41209276 -7.41207326
 -7.41205005 -7.41202329 -7.41199313 -7.41195972 -7.41192318 -7.41188366
 -7.41184129 -7.41179617 -7.41174843 -7.41169818 -7.41164552 -7.41159056
 -7.4115334  -7.41147414 -7.41141285 -7.41134964 -7.41128458 -7.41121775
 -7.41114924 -7.41107912 -7.41100746 -7.41093433 -7.41085979 -7.40915938
 -7.40450992 -7.40065892 -7.39607438 -7.39409703]
params_e0 (3.205851528745701, 6.58829358365566, 1.2353377130749428, 1.5284992897633088e-05, 37.53053318289256, 15.499947, 0.7954443149011612, 28076.221930823198, 0.002269489260749126)
reconstructed_params [3.20585153e+00 6.58829358e+00 1.23533771e+00 1.52849929e-05
 3.75305332e+01 1.54999470e+01 7.95444315e-01 3.68144000e+00
 2.80762219e+04 2.26948926e-03]
saving params.txt: (3.205851528745701, 6.58829358365566, 1.2353377130749428, 1.5284992897633088e-05, 37.53053318289256, 15.499947, 0.7954443149011612, 3.68144, 28076.221930823198, 0.002269489260749126)
saving energy.txt: [-7.41545875 -7.4194722  -7.41951318 -7.41954365 -7.4195641  -7.41957504
 -7.41957695 -7.41957027 -7.41955546 -7.41953292 -7.41950307 -7.41946628
 -7.41942293 -7.41937336 -7.41931791 -7.41925691 -7.41919065 -7.41911943
 -7.41904352 -7.41896319 -7.4188787  -7.41879027 -7.41869814 -7.41860252
 -7.41850363 -7.41840165 -7.41829677 -7.41818917 -7.41807902 -7.41796647
 -7.41785168 -7.41773479 -7.41761594 -7.41749525 -7.41737286 -7.41724887
 -7.41712339 -7.41699654 -7.41686842 -7.41673911 -7.41660871 -7.4164773
 -7.41634497 -7.41621179 -7.41607783 -7.41594318 -7.41580788 -7.41567201
 -7.41553563 -7.41539879 -7.41526155 -7.41512395 -7.41498606 -7.41484791
 -7.41470956 -7.41457103 -7.41443238 -7.41429365 -7.41415486 -7.41401606
 -7.41387728 -7.41373854 -7.41101308 -7.40512684 -7.40086314 -7.39609625
 -7.39409928 -7.41421671 -7.41875474 -7.41881219 -7.41885853 -7.41889431
 -7.41892005 -7.41893626 -7.41894344 -7.41894203 -7.4189325  -7.41891527
 -7.41889074 -7.41885929 -7.41882131 -7.41877714 -7.41872712 -7.41867156
 -7.41861078 -7.41854506 -7.41847467 -7.41839989 -7.41832095 -7.4182381
 -7.41815156 -7.41806154 -7.41796825 -7.41787187 -7.41777259 -7.41767059
 -7.41756603 -7.41745906 -7.41734984 -7.4172385  -7.41712517 -7.41700999
 -7.41689308 -7.41677455 -7.4166545  -7.41653305 -7.41641028 -7.4162863
 -7.41616119 -7.41603503 -7.41590791 -7.4157799  -7.41565107 -7.4155215
 -7.41539124 -7.41526036 -7.41512892 -7.41499698 -7.41486458 -7.41473179
 -7.41459864 -7.41446519 -7.41433148 -7.41419756 -7.41406346 -7.41392921
 -7.41379487 -7.41366046 -7.41352602 -7.41087109 -7.40507631 -7.40084565
 -7.39609427 -7.39409907 -7.40811181 -7.41501497 -7.41516167 -7.4152949
 -7.41541529 -7.41552341 -7.41561984 -7.41570513 -7.4157798  -7.41584436
 -7.41589928 -7.41594503 -7.41598205 -7.41601076 -7.41603157 -7.41604486
 -7.41605101 -7.41605036 -7.41604326 -7.41603001 -7.41601094 -7.41598632
 -7.41595643 -7.41592155 -7.41588191 -7.41583777 -7.41578935 -7.41573686
 -7.41568051 -7.4156205  -7.41555702 -7.41549024 -7.41542034 -7.41534747
 -7.4152718  -7.41519346 -7.41511259 -7.41502934 -7.41494382 -7.41485615
 -7.41476646 -7.41467485 -7.41458142 -7.41448628 -7.41438952 -7.41429123
 -7.4141915  -7.4140904  -7.41398803 -7.41388446 -7.41377975 -7.41367399
 -7.41356722 -7.41345952 -7.41335095 -7.41324157 -7.41313143 -7.41302058
 -7.41290908 -7.41279697 -7.41268431 -7.41257113 -7.41025585 -7.40487135
 -7.40077775 -7.396087   -7.39409832 -7.3970554  -7.40817747 -7.40848765
 -7.4087803  -7.40905612 -7.40931577 -7.40955991 -7.40978917 -7.41000416
 -7.41020546 -7.41039366 -7.41056928 -7.41073287 -7.41088493 -7.41102595
 -7.41115639 -7.41127672 -7.41138735 -7.41148871 -7.41158119 -7.41166517
 -7.41174103 -7.4118091  -7.41186972 -7.41192322 -7.41196989 -7.41201004
 -7.41204394 -7.41207185 -7.41209405 -7.41211076 -7.41212223 -7.41212868
 -7.41213032 -7.41212736 -7.41211998 -7.41210839 -7.41209276 -7.41207326
 -7.41205005 -7.41202329 -7.41199313 -7.41195972 -7.41192318 -7.41188366
 -7.41184129 -7.41179617 -7.41174843 -7.41169818 -7.41164552 -7.41159056
 -7.4115334  -7.41147414 -7.41141285 -7.41134964 -7.41128458 -7.41121775
 -7.41114924 -7.41107912 -7.41100746 -7.41093433 -7.41085979 -7.40915938
 -7.40450992 -7.40065892 -7.39607438 -7.39409703]
params_e0 (3.205851528745701, 6.58829358365566, 1.2353377130749428, 1.5284992897633088e-05, 37.53053318289256, 15.499947, 0.7954443, 28076.222349191507, 0.002269489260749126)
reconstructed_params [3.20585153e+00 6.58829358e+00 1.23533771e+00 1.52849929e-05
 3.75305332e+01 1.54999470e+01 7.95444300e-01 3.68144000e+00
 2.80762223e+04 2.26948926e-03]
saving params.txt: (3.205851528745701, 6.58829358365566, 1.2353377130749428, 1.5284992897633088e-05, 37.53053318289256, 15.499947, 0.7954443, 3.68144, 28076.222349191507, 0.002269489260749126)
saving energy.txt: [-7.41545875 -7.4194722  -7.41951319 -7.41954365 -7.4195641  -7.41957504
 -7.41957695 -7.41957027 -7.41955546 -7.41953292 -7.41950307 -7.41946628
 -7.41942293 -7.41937336 -7.41931791 -7.41925691 -7.41919065 -7.41911943
 -7.41904352 -7.41896319 -7.4188787  -7.41879027 -7.41869814 -7.41860253
 -7.41850363 -7.41840165 -7.41829677 -7.41818918 -7.41807902 -7.41796647
 -7.41785168 -7.41773479 -7.41761594 -7.41749525 -7.41737286 -7.41724887
 -7.4171234  -7.41699655 -7.41686842 -7.41673911 -7.41660871 -7.4164773
 -7.41634497 -7.41621179 -7.41607783 -7.41594318 -7.41580788 -7.41567201
 -7.41553563 -7.41539879 -7.41526155 -7.41512396 -7.41498606 -7.41484791
 -7.41470956 -7.41457103 -7.41443238 -7.41429365 -7.41415486 -7.41401606
 -7.41387728 -7.41373854 -7.41101308 -7.40512684 -7.40086314 -7.39609626
 -7.39409928 -7.41421671 -7.41875474 -7.4188122  -7.41885853 -7.41889431
 -7.41892005 -7.41893626 -7.41894344 -7.41894204 -7.4189325  -7.41891527
 -7.41889074 -7.41885929 -7.41882131 -7.41877714 -7.41872712 -7.41867156
 -7.41861078 -7.41854506 -7.41847468 -7.41839989 -7.41832095 -7.4182381
 -7.41815156 -7.41806154 -7.41796825 -7.41787187 -7.41777259 -7.41767059
 -7.41756603 -7.41745906 -7.41734984 -7.4172385  -7.41712517 -7.41701
 -7.41689308 -7.41677455 -7.4166545  -7.41653305 -7.41641028 -7.4162863
 -7.41616119 -7.41603503 -7.41590791 -7.4157799  -7.41565107 -7.4155215
 -7.41539124 -7.41526036 -7.41512892 -7.41499698 -7.41486458 -7.41473179
 -7.41459864 -7.41446519 -7.41433148 -7.41419756 -7.41406346 -7.41392922
 -7.41379487 -7.41366047 -7.41352602 -7.41087109 -7.40507631 -7.40084565
 -7.39609427 -7.39409907 -7.40811181 -7.41501497 -7.41516167 -7.4152949
 -7.41541529 -7.41552341 -7.41561985 -7.41570513 -7.41577981 -7.41584436
 -7.41589928 -7.41594503 -7.41598205 -7.41601076 -7.41603157 -7.41604487
 -7.41605101 -7.41605037 -7.41604326 -7.41603002 -7.41601094 -7.41598632
 -7.41595643 -7.41592155 -7.41588192 -7.41583777 -7.41578935 -7.41573686
 -7.41568051 -7.4156205  -7.41555702 -7.41549024 -7.41542034 -7.41534747
 -7.4152718  -7.41519346 -7.41511259 -7.41502934 -7.41494382 -7.41485615
 -7.41476646 -7.41467485 -7.41458142 -7.41448628 -7.41438952 -7.41429123
 -7.4141915  -7.41409041 -7.41398804 -7.41388446 -7.41377976 -7.41367399
 -7.41356722 -7.41345952 -7.41335095 -7.41324157 -7.41313143 -7.41302058
 -7.41290908 -7.41279697 -7.41268431 -7.41257113 -7.41025585 -7.40487135
 -7.40077775 -7.396087   -7.39409832 -7.3970554  -7.40817747 -7.40848766
 -7.40878031 -7.40905612 -7.40931577 -7.40955991 -7.40978917 -7.41000416
 -7.41020546 -7.41039366 -7.41056928 -7.41073287 -7.41088493 -7.41102595
 -7.4111564  -7.41127672 -7.41138735 -7.41148871 -7.41158119 -7.41166517
 -7.41174103 -7.4118091  -7.41186972 -7.41192322 -7.41196989 -7.41201004
 -7.41204394 -7.41207185 -7.41209405 -7.41211076 -7.41212223 -7.41212868
 -7.41213032 -7.41212736 -7.41211999 -7.41210839 -7.41209276 -7.41207326
 -7.41205005 -7.41202329 -7.41199313 -7.41195972 -7.41192318 -7.41188367
 -7.41184129 -7.41179617 -7.41174843 -7.41169818 -7.41164552 -7.41159056
 -7.41153341 -7.41147414 -7.41141285 -7.41134964 -7.41128458 -7.41121775
 -7.41114924 -7.41107912 -7.41100746 -7.41093433 -7.41085979 -7.40915938
 -7.40450992 -7.40065892 -7.39607438 -7.39409703]
params_e0 (3.205851528745701, 6.58829358365566, 1.2353377130749428, 1.5284992897633088e-05, 37.53053318289256, 15.499947, 0.7954443, 28076.221930823198, 0.0022695041619103197)
reconstructed_params [3.20585153e+00 6.58829358e+00 1.23533771e+00 1.52849929e-05
 3.75305332e+01 1.54999470e+01 7.95444300e-01 3.68144000e+00
 2.80762219e+04 2.26950416e-03]
saving params.txt: (3.205851528745701, 6.58829358365566, 1.2353377130749428, 1.5284992897633088e-05, 37.53053318289256, 15.499947, 0.7954443, 3.68144, 28076.221930823198, 0.0022695041619103197)
saving energy.txt: [-7.41545873 -7.41947218 -7.41951317 -7.41954363 -7.41956409 -7.41957503
 -7.41957693 -7.41957026 -7.41955544 -7.41953291 -7.41950305 -7.41946627
 -7.41942291 -7.41937335 -7.4193179  -7.41925689 -7.41919063 -7.41911941
 -7.4190435  -7.41896318 -7.41887868 -7.41879025 -7.41869812 -7.41860251
 -7.41850361 -7.41840164 -7.41829676 -7.41818916 -7.41807901 -7.41796646
 -7.41785167 -7.41773478 -7.41761593 -7.41749524 -7.41737284 -7.41724885
 -7.41712338 -7.41699653 -7.4168684  -7.41673909 -7.41660869 -7.41647728
 -7.41634495 -7.41621177 -7.41607782 -7.41594316 -7.41580787 -7.415672
 -7.41553561 -7.41539877 -7.41526153 -7.41512394 -7.41498605 -7.4148479
 -7.41470954 -7.41457102 -7.41443237 -7.41429363 -7.41415485 -7.41401604
 -7.41387726 -7.41373853 -7.41101307 -7.40512682 -7.40086313 -7.39609624
 -7.39409927 -7.4142167  -7.41875473 -7.41881218 -7.41885852 -7.41889429
 -7.41892003 -7.41893625 -7.41894342 -7.41894202 -7.41893249 -7.41891525
 -7.41889072 -7.41885928 -7.4188213  -7.41877713 -7.4187271  -7.41867155
 -7.41861076 -7.41854504 -7.41847466 -7.41839988 -7.41832094 -7.41823809
 -7.41815154 -7.41806153 -7.41796823 -7.41787185 -7.41777258 -7.41767058
 -7.41756601 -7.41745905 -7.41734982 -7.41723848 -7.41712516 -7.41700998
 -7.41689307 -7.41677453 -7.41665449 -7.41653303 -7.41641027 -7.41628629
 -7.41616118 -7.41603502 -7.4159079  -7.41577989 -7.41565106 -7.41552148
 -7.41539122 -7.41526035 -7.41512891 -7.41499696 -7.41486457 -7.41473177
 -7.41459863 -7.41446518 -7.41433147 -7.41419754 -7.41406344 -7.4139292
 -7.41379486 -7.41366045 -7.41352601 -7.41087108 -7.4050763  -7.40084563
 -7.39609426 -7.39409906 -7.40811179 -7.41501496 -7.41516166 -7.41529489
 -7.41541527 -7.4155234  -7.41561983 -7.41570512 -7.41577979 -7.41584434
 -7.41589926 -7.41594501 -7.41598203 -7.41601074 -7.41603155 -7.41604485
 -7.416051   -7.41605035 -7.41604324 -7.41603    -7.41601092 -7.4159863
 -7.41595642 -7.41592153 -7.4158819  -7.41583776 -7.41578933 -7.41573684
 -7.41568049 -7.41562049 -7.41555701 -7.41549023 -7.41542033 -7.41534746
 -7.41527178 -7.41519344 -7.41511258 -7.41502932 -7.4149438  -7.41485614
 -7.41476644 -7.41467483 -7.4145814  -7.41448626 -7.4143895  -7.41429121
 -7.41419148 -7.41409039 -7.41398802 -7.41388445 -7.41377974 -7.41367397
 -7.41356721 -7.41345951 -7.41335094 -7.41324155 -7.41313141 -7.41302056
 -7.41290906 -7.41279696 -7.41268429 -7.41257111 -7.41025584 -7.40487134
 -7.40077774 -7.39608698 -7.39409831 -7.39705539 -7.40817746 -7.40848764
 -7.40878029 -7.40905611 -7.40931576 -7.4095599  -7.40978915 -7.41000414
 -7.41020545 -7.41039364 -7.41056927 -7.41073286 -7.41088492 -7.41102594
 -7.41115638 -7.4112767  -7.41138734 -7.41148869 -7.41158117 -7.41166516
 -7.41174101 -7.41180908 -7.4118697  -7.4119232  -7.41196988 -7.41201002
 -7.41204392 -7.41207184 -7.41209403 -7.41211075 -7.41212222 -7.41212866
 -7.4121303  -7.41212734 -7.41211997 -7.41210838 -7.41209275 -7.41207324
 -7.41205003 -7.41202327 -7.41199312 -7.4119597  -7.41192317 -7.41188365
 -7.41184127 -7.41179615 -7.41174841 -7.41169816 -7.41164551 -7.41159055
 -7.41153339 -7.41147412 -7.41141284 -7.41134962 -7.41128456 -7.41121774
 -7.41114923 -7.4110791  -7.41100744 -7.41093431 -7.41085978 -7.40915936
 -7.40450991 -7.4006589  -7.39607436 -7.39409702]
params_e0 (3.2471262198129045, 5.003575364723232, 1.2517841005079795, 1.5252039961293261e-05, 38.02521073364719, 15.55952923760765, 0.8606446935439471, 31340.64427124032, -0.0011893519498721236)
reconstructed_params [ 3.24712622e+00  5.00357536e+00  1.25178410e+00  1.52520400e-05
  3.80252107e+01  1.55595292e+01  8.60644694e-01  3.68144000e+00
  3.13406443e+04 -1.18935195e-03]
saving params.txt: (3.2471262198129045, 5.003575364723232, 1.2517841005079795, 1.5252039961293261e-05, 38.02521073364719, 15.55952923760765, 0.8606446935439471, 3.68144, 31340.64427124032, -0.0011893519498721236)
saving energy.txt: [-7.40875005 -7.4157589  -7.41591595 -7.41605855 -7.41618722 -7.41630249
 -7.41640486 -7.41649484 -7.41657293 -7.41663962 -7.41669539 -7.41674071
 -7.41677605 -7.41680184 -7.41681855 -7.41682658 -7.41682636 -7.4168183
 -7.4168028  -7.41678024 -7.41675098 -7.4167154  -7.41667383 -7.41662663
 -7.41657411 -7.41651658 -7.41645436 -7.41638772 -7.41631696 -7.41624233
 -7.4161641  -7.4160825  -7.41599778 -7.41591016 -7.41581986 -7.41572707
 -7.415632   -7.41553482 -7.41543572 -7.41533487 -7.41523241 -7.41512851
 -7.4150233  -7.41491691 -7.41480948 -7.41470113 -7.41459196 -7.41448209
 -7.41437161 -7.41426062 -7.41414921 -7.41403746 -7.41392544 -7.41381323
 -7.4137009  -7.41358851 -7.41347612 -7.41336379 -7.41325156 -7.41313949
 -7.41302762 -7.41291598 -7.41077463 -7.40643776 -7.4033133  -7.39947457
 -7.39762084 -7.40730246 -7.4147287  -7.41490915 -7.41507476 -7.415226
 -7.41536338 -7.41548738 -7.41559847 -7.41569714 -7.41578387 -7.41585913
 -7.41592339 -7.41597711 -7.41602074 -7.41605473 -7.41607952 -7.41609554
 -7.4161032  -7.41610292 -7.4160951  -7.41608012 -7.41605836 -7.41603018
 -7.41599595 -7.415956   -7.41591065 -7.41586024 -7.41580507 -7.41574543
 -7.4156816  -7.41561385 -7.41554246 -7.41546765 -7.41538968 -7.41530877
 -7.41522513 -7.41513897 -7.41505049 -7.41495987 -7.41486729 -7.41477291
 -7.4146769  -7.4145794  -7.41448056 -7.4143805  -7.41427937 -7.41417727
 -7.41407431 -7.41397061 -7.41386626 -7.41376136 -7.41365598 -7.41355023
 -7.41344416 -7.41333785 -7.41323137 -7.41312479 -7.41301815 -7.41291152
 -7.41280494 -7.41269847 -7.41259214 -7.41054001 -7.40633316 -7.40326732
 -7.39946603 -7.39761934 -7.40211331 -7.41099031 -7.41123893 -7.41147192
 -7.41168971 -7.41189276 -7.41208152 -7.41225643 -7.41241797 -7.41256658
 -7.41270271 -7.41282682 -7.41293935 -7.41304075 -7.41313146 -7.41321192
 -7.41328255 -7.41334376 -7.41339599 -7.41343962 -7.41347505 -7.41350268
 -7.41352287 -7.413536   -7.41354242 -7.41354247 -7.41353649 -7.4135248
 -7.41350771 -7.41348553 -7.41345854 -7.41342702 -7.41339125 -7.41335146
 -7.41330793 -7.41326086 -7.4132105  -7.41315706 -7.41310073 -7.41304172
 -7.41298021 -7.41291638 -7.4128504  -7.41278241 -7.41271258 -7.41264105
 -7.41256795 -7.41249341 -7.41241755 -7.41234049 -7.41226232 -7.41218316
 -7.41210309 -7.41202222 -7.41194061 -7.41185836 -7.41177553 -7.41169219
 -7.41160841 -7.41152426 -7.41143979 -7.41135504 -7.40966108 -7.40595504
 -7.40310508 -7.39943682 -7.39761428 -7.39304941 -7.40452557 -7.40488804
 -7.40523345 -7.40556223 -7.40587481 -7.40617165 -7.40645318 -7.40671985
 -7.40697208 -7.40721032 -7.40743502 -7.4076466  -7.40784549 -7.40803214
 -7.40820695 -7.40837036 -7.40852278 -7.40866462 -7.40879629 -7.40891817
 -7.40903067 -7.40913416 -7.40922902 -7.40931561 -7.4093943  -7.40946542
 -7.40952933 -7.40958635 -7.40963679 -7.40968097 -7.40971919 -7.40975174
 -7.4097789  -7.40980093 -7.4098181  -7.40983066 -7.40983885 -7.4098429
 -7.40984302 -7.40983944 -7.40983235 -7.40982195 -7.40980842 -7.40979194
 -7.40977268 -7.40975079 -7.40972644 -7.40969975 -7.40967088 -7.40963996
 -7.4096071  -7.40957242 -7.40953604 -7.40949807 -7.40945859 -7.40941771
 -7.40937552 -7.4093321  -7.40928753 -7.40924188 -7.40919524 -7.40813187
 -7.4053014  -7.40282587 -7.39938682 -7.39760566]
params_e0 (3.2094873355706035, 5.214388117909722, 1.2369532327290689, 1.5043117178990267e-05, 37.56289548626298, 15.567496019893698, 0.861150384011425, 28892.32644742057, -0.0017583736054121906)
reconstructed_params [ 3.20948734e+00  5.21438812e+00  1.23695323e+00  1.50431172e-05
  3.75628955e+01  1.55674960e+01  8.61150384e-01  3.68144000e+00
  2.88923264e+04 -1.75837361e-03]
saving params.txt: (3.2094873355706035, 5.214388117909722, 1.2369532327290689, 1.5043117178990267e-05, 37.56289548626298, 15.567496019893698, 0.861150384011425, 3.68144, 28892.32644742057, -0.0017583736054121906)
saving energy.txt: [-7.40871057 -7.4158586  -7.41602602 -7.41617917 -7.41631856 -7.41644468
 -7.41655803 -7.4166591  -7.41674837 -7.4168263  -7.41689337 -7.41695002
 -7.41699669 -7.41703383 -7.41706185 -7.41708117 -7.4170922  -7.41709532
 -7.41709092 -7.41707937 -7.41706103 -7.41703625 -7.41700537 -7.41696871
 -7.41692659 -7.41687932 -7.41682718 -7.41677046 -7.41670944 -7.41664437
 -7.4165755  -7.41650308 -7.41642733 -7.41634848 -7.41626673 -7.41618229
 -7.41609535 -7.4160061  -7.41591469 -7.41582131 -7.41572611 -7.41562924
 -7.41553084 -7.41543104 -7.41532997 -7.41522776 -7.41512452 -7.41502035
 -7.41491535 -7.41480963 -7.41470327 -7.41459636 -7.41448897 -7.41438119
 -7.41427308 -7.41416471 -7.41405614 -7.41394743 -7.41383864 -7.41372981
 -7.413621   -7.41351224 -7.41139613 -7.4069873  -7.40378046 -7.39991308
 -7.39810737 -7.40736989 -7.41490719 -7.41509651 -7.41527122 -7.41543176
 -7.41557861 -7.41571225 -7.41583312 -7.4159417  -7.41603845 -7.41612381
 -7.41619825 -7.41626219 -7.41631609 -7.41636037 -7.41639545 -7.41642174
 -7.41643965 -7.41644957 -7.41645189 -7.41644698 -7.41643521 -7.41641693
 -7.41639247 -7.41636218 -7.41632637 -7.41628535 -7.41623941 -7.41618885
 -7.41613394 -7.41607494 -7.4160121  -7.41594568 -7.41587589 -7.41580297
 -7.41572713 -7.41564856 -7.41556746 -7.41548401 -7.4153984  -7.41531077
 -7.4152213  -7.41513012 -7.41503739 -7.41494323 -7.41484777 -7.41475114
 -7.41465343 -7.41455477 -7.41445525 -7.41435497 -7.41425401 -7.41415247
 -7.41405041 -7.41394791 -7.41384505 -7.41374188 -7.41363847 -7.41353488
 -7.41343116 -7.41332736 -7.41322353 -7.41118976 -7.40689848 -7.40374283
 -7.39990662 -7.39810632 -7.40226379 -7.41128042 -7.41153809 -7.41178028
 -7.41200741 -7.41221993 -7.41241827 -7.41260287 -7.41277418 -7.41293262
 -7.41307865 -7.4132127  -7.41333521 -7.41344659 -7.41354728 -7.41363771
 -7.41371827 -7.41378938 -7.41385144 -7.41390484 -7.41394996 -7.41398718
 -7.41401686 -7.41403936 -7.41405502 -7.41406418 -7.41406716 -7.41406427
 -7.41405583 -7.41404212 -7.41402342 -7.41400001 -7.41397216 -7.4139401
 -7.41390409 -7.41386434 -7.4138211  -7.41377456 -7.41372492 -7.41367239
 -7.41361714 -7.41355934 -7.41349918 -7.4134368  -7.41337235 -7.41330598
 -7.41323783 -7.41316801 -7.41309666 -7.41302389 -7.41294981 -7.41287452
 -7.41279812 -7.4127207  -7.41264235 -7.41256314 -7.41248317 -7.4124025
 -7.41232119 -7.41223932 -7.41215694 -7.41207411 -7.41038634 -7.40656672
 -7.40360622 -7.39988397 -7.39810271 -7.39324994 -7.40495116 -7.40532477
 -7.4056813  -7.4060212  -7.40634488 -7.4066528  -7.40694538 -7.40722305
 -7.40748625 -7.40773541 -7.40797097 -7.40819334 -7.40840295 -7.40860022
 -7.40878557 -7.40895941 -7.40912215 -7.40927419 -7.40941592 -7.40954773
 -7.40967001 -7.40978313 -7.40988746 -7.40998335 -7.41007115 -7.41015121
 -7.41022385 -7.41028941 -7.41034819 -7.41040051 -7.41044664 -7.41048689
 -7.41052152 -7.41055081 -7.410575   -7.41059435 -7.4106091  -7.41061947
 -7.41062568 -7.41062794 -7.41062646 -7.41062143 -7.41061303 -7.41060144
 -7.41058683 -7.41056937 -7.41054919 -7.41052646 -7.41050131 -7.41047387
 -7.41044427 -7.41041263 -7.41037907 -7.41034369 -7.4103066  -7.4102679
 -7.41022767 -7.410186   -7.41014299 -7.41009871 -7.41005323 -7.40897916
 -7.4059899  -7.4033699  -7.39984505 -7.39809654]
params_e0 (3.200077580752186, 5.26709290028555, 1.2332454996680562, 1.4990886236668196e-05, 37.447316121613554, 15.569487715490839, 0.8612767402328484, 28280.244035895248, -0.001900625385645823)
reconstructed_params [ 3.20007758e+00  5.26709290e+00  1.23324550e+00  1.49908862e-05
  3.74473161e+01  1.55694877e+01  8.61276740e-01  3.68144000e+00
  2.82802440e+04 -1.90062539e-03]
saving params.txt: (3.200077580752186, 5.26709290028555, 1.2332454996680562, 1.4990886236668196e-05, 37.447316121613554, 15.569487715490839, 0.8612767402328484, 3.68144, 28280.244035895248, -0.001900625385645823)
saving energy.txt: [-7.40868204 -7.4158484  -7.4160178  -7.41617299 -7.41631447 -7.41644274
 -7.41655829 -7.4166616  -7.41675315 -7.4168334  -7.4169028  -7.41696182
 -7.41701088 -7.41705042 -7.41708085 -7.4171026  -7.41711605 -7.4171216
 -7.41711962 -7.41711048 -7.41709454 -7.41707215 -7.41704364 -7.41700933
 -7.41696954 -7.41692457 -7.41687471 -7.41682024 -7.41676143 -7.41669854
 -7.41663182 -7.41656151 -7.41648783 -7.41641101 -7.41633125 -7.41624876
 -7.41616373 -7.41607633 -7.41598675 -7.41589514 -7.41580166 -7.41570647
 -7.4156097  -7.41551149 -7.41541197 -7.41531125 -7.41520945 -7.41510668
 -7.41500304 -7.41489863 -7.41479354 -7.41468784 -7.41458163 -7.41447498
 -7.41436796 -7.41426063 -7.41415306 -7.41404531 -7.41393744 -7.41382949
 -7.41372151 -7.41361355 -7.41150638 -7.4070908  -7.40387493 -7.40001508
 -7.39822689 -7.40737023 -7.41491805 -7.41510894 -7.41528528 -7.41544753
 -7.41559616 -7.41573162 -7.41585437 -7.41596489 -7.41606361 -7.41615099
 -7.41622747 -7.4162935  -7.4163495  -7.4163959  -7.41643312 -7.41646157
 -7.41648165 -7.41649374 -7.41649823 -7.41649548 -7.41648587 -7.41646974
 -7.41644742 -7.41641925 -7.41638553 -7.41634659 -7.41630271 -7.41625418
 -7.41620127 -7.41614424 -7.41608334 -7.41601882 -7.4159509  -7.41587981
 -7.41580575 -7.41572894 -7.41564955 -7.41556777 -7.41548378 -7.41539774
 -7.41530981 -7.41522013 -7.41512885 -7.4150361  -7.41494201 -7.41484669
 -7.41475026 -7.41465283 -7.4145545  -7.41445536 -7.41435551 -7.41425501
 -7.41415397 -7.41405245 -7.41395051 -7.41384823 -7.41374568 -7.41364289
 -7.41353994 -7.41343687 -7.41333373 -7.41130703 -7.40700574 -7.40383924
 -7.40000907 -7.39822593 -7.402291   -7.41132345 -7.41158265 -7.41182642
 -7.41205519 -7.41226939 -7.41246946 -7.41265584 -7.41282896 -7.41298926
 -7.41313717 -7.41327314 -7.41339758 -7.41351092 -7.41361359 -7.413706
 -7.41378856 -7.41386168 -7.41392575 -7.41398115 -7.41402827 -7.41406749
 -7.41409915 -7.41412361 -7.41414122 -7.41415231 -7.4141572  -7.4141562
 -7.41414962 -7.41413773 -7.41412084 -7.4140992  -7.41407307 -7.41404271
 -7.41400835 -7.41397023 -7.41392856 -7.41388356 -7.41383542 -7.41378434
 -7.4137305  -7.41367408 -7.41361523 -7.41355413 -7.41349092 -7.41342574
 -7.41335873 -7.41329002 -7.41321972 -7.41314797 -7.41307485 -7.41300048
 -7.41292496 -7.41284838 -7.41277082 -7.41269237 -7.41261311 -7.4125331
 -7.41245243 -7.41237115 -7.41228932 -7.41220701 -7.41052273 -7.40668523
 -7.40370862 -7.39998786 -7.39822262 -7.39329962 -7.40503514 -7.40541066
 -7.40576912 -7.40611096 -7.40643662 -7.40674651 -7.40704108 -7.40732075
 -7.40758597 -7.40783715 -7.40807472 -7.40829911 -7.40851075 -7.40871004
 -7.4088974  -7.40907325 -7.40923799 -7.40939201 -7.40953571 -7.40966948
 -7.40979369 -7.40990872 -7.41001493 -7.41011268 -7.41020231 -7.41028417
 -7.41035859 -7.41042588 -7.41048636 -7.41054033 -7.41058809 -7.41062992
 -7.4106661  -7.41069688 -7.41072253 -7.41074329 -7.4107594  -7.41077109
 -7.41077857 -7.41078206 -7.41078176 -7.41077786 -7.41077055 -7.41075999
 -7.41074637 -7.41072984 -7.41071056 -7.41068867 -7.41066432 -7.41063763
 -7.41060873 -7.41057775 -7.4105448  -7.41050999 -7.41047342 -7.41043519
 -7.4103954  -7.41035413 -7.41031146 -7.41026749 -7.41022228 -7.40914656
 -7.40612707 -7.40348236 -7.39995138 -7.39821696]
params_e0 (3.1977250069989904, 5.280275474683819, 1.2323185019260872, 1.4977827513906151e-05, 37.418419068791366, 15.569985639483756, 0.8613080635928853, 28127.2116083195, -0.0019361737893065804)
reconstructed_params [ 3.19772501e+00  5.28027547e+00  1.23231850e+00  1.49778275e-05
  3.74184191e+01  1.55699856e+01  8.61308064e-01  3.68144000e+00
  2.81272116e+04 -1.93617379e-03]
saving params.txt: (3.1977250069989904, 5.280275474683819, 1.2323185019260872, 1.4977827513906151e-05, 37.418419068791366, 15.569985639483756, 0.8613080635928853, 3.68144, 28127.2116083195, -0.0019361737893065804)
saving energy.txt: [-7.40867358 -7.41584356 -7.41601341 -7.41616907 -7.41631104 -7.41643982
 -7.41655589 -7.41665973 -7.41675182 -7.41683261 -7.41690258 -7.41696216
 -7.41701179 -7.41705191 -7.41708292 -7.41710525 -7.41711929 -7.41712542
 -7.41712403 -7.41711547 -7.41710012 -7.41707831 -7.41705037 -7.41701664
 -7.41697742 -7.41693301 -7.4168837  -7.41682978 -7.41677151 -7.41670916
 -7.41664297 -7.41657317 -7.4165     -7.41642368 -7.41634442 -7.41626241
 -7.41617784 -7.41609091 -7.41600177 -7.4159106  -7.41581756 -7.41572278
 -7.41562642 -7.4155286  -7.41542947 -7.41532912 -7.41522769 -7.41512527
 -7.41502197 -7.41491789 -7.41481311 -7.41470772 -7.41460181 -7.41449544
 -7.41438869 -7.41428163 -7.41417432 -7.41406682 -7.41395917 -7.41385145
 -7.41374369 -7.41363593 -7.41153119 -7.40711465 -7.40389724 -7.40004014
 -7.39825664 -7.40736911 -7.41491855 -7.4151098  -7.41528651 -7.41544915
 -7.41559818 -7.41573406 -7.41585726 -7.41596822 -7.4160674  -7.41615526
 -7.41623223 -7.41629875 -7.41635525 -7.41640216 -7.41643989 -7.41646885
 -7.41648945 -7.41650206 -7.41650707 -7.41650485 -7.41649576 -7.41648014
 -7.41645834 -7.41643069 -7.41639749 -7.41635905 -7.41631567 -7.41626763
 -7.41621521 -7.41615866 -7.41609824 -7.41603418 -7.41596672 -7.41589608
 -7.41582246 -7.41574608 -7.41566711 -7.41558575 -7.41550216 -7.41541651
 -7.41532896 -7.41523965 -7.41514873 -7.41505633 -7.41496258 -7.41486759
 -7.41477149 -7.41467436 -7.41457633 -7.41447748 -7.4143779  -7.41427767
 -7.41417688 -7.41407561 -7.41397391 -7.41387186 -7.41376952 -7.41366694
 -7.41356419 -7.4134613  -7.41335834 -7.4113336  -7.40703053 -7.40386203
 -7.40003424 -7.3982557  -7.40229699 -7.41133225 -7.41159178 -7.4118359
 -7.41206504 -7.41227962 -7.41248009 -7.41266687 -7.41284041 -7.41300114
 -7.41314949 -7.4132859  -7.41341079 -7.4135246  -7.41362773 -7.41372061
 -7.41380364 -7.41387723 -7.41394178 -7.41399766 -7.41404526 -7.41408495
 -7.41411708 -7.41414202 -7.4141601  -7.41417165 -7.414177   -7.41417645
 -7.41417032 -7.41415888 -7.41414241 -7.4141212  -7.41409549 -7.41406554
 -7.41403159 -7.41399386 -7.41395258 -7.41390795 -7.41386018 -7.41380945
 -7.41375596 -7.41369987 -7.41364135 -7.41358057 -7.41351766 -7.41345277
 -7.41338605 -7.41331761 -7.41324757 -7.41317607 -7.41310319 -7.41302906
 -7.41295376 -7.41287738 -7.41280002 -7.41272176 -7.41264268 -7.41256285
 -7.41248233 -7.4124012  -7.41231951 -7.41223733 -7.41055408 -7.40671281
 -7.40373289 -7.40001338 -7.39825247 -7.39331183 -7.40505461 -7.40543055
 -7.40578944 -7.40613172 -7.40645782 -7.40676816 -7.40706318 -7.40734331
 -7.40760899 -7.40786063 -7.40809867 -7.40832353 -7.40853563 -7.40873539
 -7.40892322 -7.40909953 -7.40926474 -7.40941922 -7.40956338 -7.40969761
 -7.40982227 -7.40993775 -7.41004441 -7.41014259 -7.41023266 -7.41031495
 -7.41038978 -7.41045748 -7.41051837 -7.41057274 -7.41062088 -7.41066309
 -7.41069963 -7.41073077 -7.41075677 -7.41077787 -7.4107943  -7.41080631
 -7.4108141  -7.41081788 -7.41081786 -7.41081423 -7.41080718 -7.41079687
 -7.41078349 -7.41076719 -7.41074812 -7.41072644 -7.41070227 -7.41067577
 -7.41064704 -7.41061622 -7.41058342 -7.41054875 -7.41051231 -7.4104742
 -7.41043451 -7.41039334 -7.41035076 -7.41030687 -7.41026172 -7.4091857
 -7.40615928 -7.40350909 -7.39997749 -7.39824693]
params_e0 (3.1971363221744125, 5.283596795986061, 1.2320864938019453, 1.4974558871295678e-05, 37.41118592899021, 15.570110120312599, 0.8613148242542894, 28088.906040872946, -0.001945002283092312)
reconstructed_params [ 3.19713632e+00  5.28359680e+00  1.23208649e+00  1.49745589e-05
  3.74111859e+01  1.55701101e+01  8.61314824e-01  3.68144000e+00
  2.80889060e+04 -1.94500228e-03]
saving params.txt: (3.1971363221744125, 5.283596795986061, 1.2320864938019453, 1.4974558871295678e-05, 37.41118592899021, 15.570110120312599, 0.8613148242542894, 3.68144, 28088.906040872946, -0.001945002283092312)
saving energy.txt: [-7.40867154 -7.4158423  -7.41601226 -7.41616804 -7.41631013 -7.41643903
 -7.41655522 -7.41665919 -7.41675141 -7.41683234 -7.41690244 -7.41696216
 -7.41701193 -7.41705218 -7.41708334 -7.41710581 -7.41711999 -7.41712627
 -7.41712502 -7.41711661 -7.4171014  -7.41707973 -7.41705194 -7.41701834
 -7.41697926 -7.41693499 -7.41688582 -7.41683203 -7.4167739  -7.41671168
 -7.41664561 -7.41657595 -7.41650291 -7.41642671 -7.41634757 -7.41626567
 -7.41618123 -7.4160944  -7.41600538 -7.41591432 -7.41582138 -7.41572671
 -7.41563045 -7.41553273 -7.41543369 -7.41533343 -7.41523209 -7.41512976
 -7.41502654 -7.41492254 -7.41481784 -7.41471253 -7.41460669 -7.4145004
 -7.41439372 -7.41428672 -7.41417947 -7.41407203 -7.41396445 -7.41385678
 -7.41374907 -7.41364137 -7.41153724 -7.40712048 -7.40390271 -7.40004633
 -7.39826401 -7.40736891 -7.41491864 -7.41510997 -7.41528677 -7.4154495
 -7.41559863 -7.41573461 -7.41585791 -7.41596898 -7.41606828 -7.41615625
 -7.41623333 -7.41629997 -7.4163566  -7.41640363 -7.41644149 -7.41647058
 -7.4164913  -7.41650404 -7.41650917 -7.41650708 -7.41649812 -7.41648263
 -7.41646096 -7.41643342 -7.41640035 -7.41636204 -7.41631878 -7.41627086
 -7.41621856 -7.41616213 -7.41610182 -7.41603788 -7.41597054 -7.41590001
 -7.4158265  -7.41575022 -7.41567136 -7.4155901  -7.41550661 -7.41542105
 -7.4153336  -7.41524438 -7.41515355 -7.41506124 -7.41496757 -7.41487267
 -7.41477664 -7.41467959 -7.41458163 -7.41448285 -7.41438334 -7.41428318
 -7.41418246 -7.41408124 -7.4139796  -7.41387761 -7.41377532 -7.41367279
 -7.41357009 -7.41346726 -7.41336434 -7.41134008 -7.40703659 -7.40386761
 -7.40004045 -7.39826308 -7.40229855 -7.41133442 -7.41159404 -7.41183824
 -7.41206747 -7.41228214 -7.4124827  -7.41266958 -7.41284322 -7.41300405
 -7.41315251 -7.41328903 -7.41341403 -7.41352794 -7.41363119 -7.41372418
 -7.41380733 -7.41388104 -7.41394569 -7.41400169 -7.41404941 -7.41408921
 -7.41412146 -7.41414652 -7.41416471 -7.41417638 -7.41418184 -7.4141814
 -7.41417537 -7.41416404 -7.41414769 -7.41412658 -7.41410097 -7.41407113
 -7.41403727 -7.41399964 -7.41395845 -7.41391391 -7.41386623 -7.4138156
 -7.41376219 -7.41370618 -7.41364775 -7.41358704 -7.4135242  -7.41345939
 -7.41339273 -7.41332436 -7.41325439 -7.41318295 -7.41311013 -7.41303605
 -7.41296081 -7.41288448 -7.41280718 -7.41272896 -7.41264992 -7.41257013
 -7.41248966 -7.41240856 -7.41232691 -7.41224476 -7.41056177 -7.40671957
 -7.40373884 -7.40001968 -7.39825987 -7.39331496 -7.40505947 -7.40543551
 -7.40579451 -7.4061369  -7.4064631  -7.40677355 -7.40706868 -7.40734892
 -7.4076147  -7.40786646 -7.40810461 -7.40832958 -7.40854179 -7.40874167
 -7.40892961 -7.40910604 -7.40927135 -7.40942595 -7.40957023 -7.40970456
 -7.40982934 -7.40994493 -7.41005169 -7.41014998 -7.41024016 -7.41032254
 -7.41039748 -7.41046528 -7.41052627 -7.41058073 -7.41062897 -7.41067127
 -7.4107079  -7.41073913 -7.41076521 -7.4107864  -7.41080291 -7.41081499
 -7.41082286 -7.41082671 -7.41082676 -7.4108232  -7.41081621 -7.41080597
 -7.41079264 -7.4107764  -7.41075738 -7.41073575 -7.41071163 -7.41068517
 -7.41065649 -7.41062571 -7.41059294 -7.4105583  -7.41052189 -7.41048381
 -7.41044415 -7.410403   -7.41036045 -7.41031657 -7.41027145 -7.40919534
 -7.4061672  -7.40351566 -7.39998394 -7.39825435]
params_e0 (3.196986910719497, 5.2845426442250245, 1.2320274044392256, 1.4973725136663623e-05, 37.409340098380255, 15.570141151984473, 0.8613116443654236, 28079.12834984485, -0.0019469395072811485)
reconstructed_params [ 3.19698691e+00  5.28454264e+00  1.23202740e+00  1.49737251e-05
  3.74093401e+01  1.55701412e+01  8.61311644e-01  3.68144000e+00
  2.80791283e+04 -1.94693951e-03]
saving params.txt: (3.196986910719497, 5.2845426442250245, 1.2320274044392256, 1.4973725136663623e-05, 37.409340098380255, 15.570141151984473, 0.8613116443654236, 3.68144, 28079.12834984485, -0.0019469395072811485)
saving energy.txt: [-7.40867174 -7.41584244 -7.41601242 -7.41616821 -7.41631032 -7.41643923
 -7.41655545 -7.41665944 -7.41675167 -7.41683263 -7.41690275 -7.41696249
 -7.41701229 -7.41705257 -7.41708376 -7.41710625 -7.41712046 -7.41712676
 -7.41712554 -7.41711716 -7.41710198 -7.41708034 -7.41705257 -7.417019
 -7.41697995 -7.41693571 -7.41688657 -7.41683281 -7.4167747  -7.41671251
 -7.41664647 -7.41657683 -7.41650382 -7.41642765 -7.41634853 -7.41626666
 -7.41618224 -7.41609544 -7.41600644 -7.4159154  -7.41582249 -7.41572784
 -7.4156316  -7.4155339  -7.41543488 -7.41533465 -7.41523332 -7.41513101
 -7.41502781 -7.41492383 -7.41481915 -7.41471385 -7.41460803 -7.41450175
 -7.41439508 -7.4142881  -7.41418087 -7.41407344 -7.41396587 -7.41385821
 -7.41375051 -7.41364282 -7.41153879 -7.40712186 -7.40390391 -7.40004762
 -7.39826559 -7.40736953 -7.41491913 -7.41511047 -7.41528728 -7.41545002
 -7.41559916 -7.41573516 -7.41585848 -7.41596956 -7.41606888 -7.41615686
 -7.41623397 -7.41630063 -7.41635727 -7.41640432 -7.4164422  -7.41647132
 -7.41649206 -7.41650482 -7.41650998 -7.41650791 -7.41649897 -7.41648351
 -7.41646186 -7.41643435 -7.4164013  -7.41636302 -7.41631978 -7.41627189
 -7.41621961 -7.41616321 -7.41610292 -7.41603901 -7.41597168 -7.41590118
 -7.41582769 -7.41575143 -7.41567259 -7.41559135 -7.41550788 -7.41542235
 -7.41533492 -7.41524572 -7.41515491 -7.41506261 -7.41496896 -7.41487408
 -7.41477806 -7.41468104 -7.41458309 -7.41448432 -7.41438483 -7.41428468
 -7.41418397 -7.41408277 -7.41398114 -7.41387916 -7.41377688 -7.41367437
 -7.41357167 -7.41346884 -7.41336594 -7.41134176 -7.40703804 -7.40386884
 -7.40004175 -7.39826466 -7.40229953 -7.41133543 -7.41159505 -7.41183927
 -7.4120685  -7.41228319 -7.41248376 -7.41267066 -7.41284431 -7.41300516
 -7.41315364 -7.41329017 -7.41341519 -7.41352912 -7.41363239 -7.4137254
 -7.41380857 -7.4138823  -7.41394698 -7.414003   -7.41405073 -7.41409056
 -7.41412283 -7.41414791 -7.41416612 -7.41417781 -7.41418329 -7.41418288
 -7.41417688 -7.41416557 -7.41414923 -7.41412814 -7.41410256 -7.41407273
 -7.4140389  -7.41400129 -7.41396012 -7.4139156  -7.41386794 -7.41381732
 -7.41376393 -7.41370794 -7.41364952 -7.41358882 -7.41352601 -7.41346121
 -7.41339457 -7.41332621 -7.41325625 -7.41318482 -7.41311202 -7.41303795
 -7.41296271 -7.4128864  -7.4128091  -7.4127309  -7.41265187 -7.41257208
 -7.41249161 -7.41241053 -7.41232888 -7.41224674 -7.41056376 -7.4067212
 -7.40374017 -7.40002101 -7.39826144 -7.39331617 -7.4050611  -7.40543716
 -7.40579618 -7.40613859 -7.40646481 -7.40677528 -7.40707043 -7.40735069
 -7.4076165  -7.40786828 -7.40810645 -7.40833144 -7.40854368 -7.40874357
 -7.40893154 -7.40910799 -7.40927333 -7.40942795 -7.40957225 -7.4097066
 -7.4098314  -7.40994701 -7.4100538  -7.41015211 -7.4102423  -7.41032471
 -7.41039967 -7.4104675  -7.4105285  -7.41058298 -7.41063124 -7.41067356
 -7.41071021 -7.41074146 -7.41076756 -7.41078875 -7.41080529 -7.41081738
 -7.41082526 -7.41082913 -7.4108292  -7.41082565 -7.41081867 -7.41080844
 -7.41079513 -7.41077889 -7.41075989 -7.41073826 -7.41071416 -7.4106877
 -7.41065903 -7.41062826 -7.4105955  -7.41056086 -7.41052446 -7.41048638
 -7.41044672 -7.41040558 -7.41036303 -7.41031915 -7.41027403 -7.40919785
 -7.40616915 -7.40351716 -7.3999853  -7.39825594]
params_e0 (3.201371722872469, 5.79780610790988, 1.2326777134448397, 1.497890758279307e-05, 37.4135166588544, 15.562756507942314, 0.835638405003848, 28076.222322930826, -0.0002918892235565123)
reconstructed_params [ 3.20137172e+00  5.79780611e+00  1.23267771e+00  1.49789076e-05
  3.74135167e+01  1.55627565e+01  8.35638405e-01  3.68144000e+00
  2.80762223e+04 -2.91889224e-04]
saving params.txt: (3.201371722872469, 5.79780610790988, 1.2326777134448397, 1.497890758279307e-05, 37.4135166588544, 15.562756507942314, 0.835638405003848, 3.68144, 28076.222322930826, -0.0002918892235565123)
saving energy.txt: [-7.41209226 -7.41788412 -7.41799102 -7.41808503 -7.41816671 -7.41823658
 -7.41829517 -7.41834299 -7.41838052 -7.41840824 -7.41842662 -7.41843612
 -7.41843715 -7.41843015 -7.41841553 -7.41839367 -7.41836496 -7.41832976
 -7.41828843 -7.41824129 -7.41818868 -7.4181309  -7.41806826 -7.41800105
 -7.41792952 -7.41785396 -7.4177746  -7.41769168 -7.41760544 -7.41751609
 -7.41742384 -7.41732888 -7.4172314  -7.41713158 -7.41702959 -7.41692558
 -7.41681971 -7.41671213 -7.41660296 -7.41649234 -7.41638039 -7.41626723
 -7.41615296 -7.41603769 -7.41592152 -7.41580453 -7.41568682 -7.41556846
 -7.41544953 -7.41533011 -7.41521026 -7.41509005 -7.41496953 -7.41484877
 -7.41472782 -7.41460673 -7.41448554 -7.41436431 -7.41424307 -7.41412185
 -7.41400071 -7.41387967 -7.41151825 -7.40649516 -7.40282005 -7.39853371
 -7.39663952 -7.41067319 -7.41703513 -7.41716383 -7.4172789  -7.41738088
 -7.41747035 -7.41754783 -7.41761385 -7.41766894 -7.4177136  -7.41774831
 -7.41777354 -7.41778977 -7.41779743 -7.41779695 -7.41778877 -7.41777327
 -7.41775084 -7.41772186 -7.41768668 -7.41764566 -7.41759912 -7.41754737
 -7.41749072 -7.41742947 -7.41736387 -7.41729422 -7.41722074 -7.41714369
 -7.41706328 -7.41697975 -7.41689329 -7.41680411 -7.41671239 -7.4166183
 -7.41652202 -7.4164237  -7.41632349 -7.41622154 -7.41611798 -7.41601294
 -7.41590655 -7.4157989  -7.41569012 -7.4155803  -7.41546954 -7.41535793
 -7.41524556 -7.4151325  -7.41501883 -7.41490463 -7.41478995 -7.41467487
 -7.41455944 -7.41444372 -7.41432776 -7.41421161 -7.41409532 -7.41397893
 -7.41386248 -7.41374601 -7.41362957 -7.41134454 -7.40642628 -7.40279331
 -7.39852988 -7.396639   -7.405091   -7.41335705 -7.41356534 -7.41375835
 -7.41393665 -7.41410081 -7.41425138 -7.41438889 -7.41451388 -7.41462687
 -7.41472836 -7.41481885 -7.41489883 -7.41496877 -7.41502912 -7.41508033
 -7.41512283 -7.41515703 -7.41518334 -7.41520215 -7.41521382 -7.41521873
 -7.41521721 -7.4152096  -7.41519623 -7.41517738 -7.41515337 -7.41512447
 -7.41509094 -7.41505305 -7.41501104 -7.41496515 -7.41491558 -7.41486257
 -7.41480631 -7.41474698 -7.41468479 -7.41461989 -7.41455245 -7.41448263
 -7.41441058 -7.41433644 -7.41426034 -7.41418241 -7.41410277 -7.41402153
 -7.4139388  -7.41385468 -7.41376927 -7.41368266 -7.41359494 -7.41350619
 -7.41341648 -7.41332589 -7.41323449 -7.41314235 -7.41304952 -7.41295606
 -7.41286203 -7.41276749 -7.41267248 -7.41257705 -7.41063397 -7.40615879
 -7.40269304 -7.39851611 -7.39663718 -7.39526131 -7.40681086 -7.40715655
 -7.40748445 -7.40779513 -7.40808917 -7.40836711 -7.40862951 -7.4088769
 -7.40910983 -7.4093288  -7.40953435 -7.40972697 -7.40990716 -7.4100754
 -7.41023216 -7.41037791 -7.4105131  -7.41063815 -7.4107535  -7.41085955
 -7.41095671 -7.41104535 -7.41112586 -7.41119859 -7.4112639  -7.41132211
 -7.41137355 -7.41141853 -7.41145735 -7.4114903  -7.41151765 -7.41153966
 -7.41155659 -7.41156867 -7.41157615 -7.41157925 -7.41157816 -7.41157311
 -7.41156427 -7.41155184 -7.41153598 -7.41151688 -7.41149468 -7.41146954
 -7.41144161 -7.41141102 -7.41137791 -7.41134239 -7.4113046  -7.41126464
 -7.41122262 -7.41117865 -7.41113282 -7.41108523 -7.41103596 -7.41098511
 -7.41093274 -7.41087895 -7.41082379 -7.41076735 -7.41070968 -7.40937911
 -7.40569051 -7.40251859 -7.39849235 -7.39663406]
params_e0 (3.2061156961296273, 6.394484012168533, 1.233310064168192, 1.5031139506332426e-05, 37.449005141672565, 15.530145701427216, 0.8056778929770166, 28076.221966740955, 0.0016419169725997058)
reconstructed_params [3.20611570e+00 6.39448401e+00 1.23331006e+00 1.50311395e-05
 3.74490051e+01 1.55301457e+01 8.05677893e-01 3.68144000e+00
 2.80762220e+04 1.64191697e-03]
saving params.txt: (3.2061156961296273, 6.394484012168533, 1.233310064168192, 1.5031139506332426e-05, 37.449005141672565, 15.530145701427216, 0.8056778929770166, 3.68144, 28076.221966740955, 0.0016419169725997058)
saving energy.txt: [-7.41485818 -7.41923918 -7.41929221 -7.41933416 -7.41936557 -7.41938696
 -7.41939881 -7.4194016  -7.4193958  -7.41938184 -7.41936015 -7.41933114
 -7.41929518 -7.41925266 -7.41920392 -7.41914932 -7.41908918 -7.4190238
 -7.41895348 -7.41887851 -7.41879916 -7.41871568 -7.41862832 -7.4185373
 -7.41844286 -7.41834519 -7.41824451 -7.418141   -7.41803484 -7.4179262
 -7.41781524 -7.41770212 -7.41758698 -7.41746997 -7.41735121 -7.41723083
 -7.41710895 -7.41698567 -7.41686111 -7.41673536 -7.41660853 -7.41648069
 -7.41635194 -7.41622235 -7.41609201 -7.41596099 -7.41582935 -7.41569716
 -7.41556448 -7.41543137 -7.41529789 -7.41516409 -7.41503002 -7.41489573
 -7.41476126 -7.41462665 -7.41449195 -7.41435719 -7.41422242 -7.41408766
 -7.41395295 -7.41381831 -7.41117925 -7.405497   -7.40136615 -7.39670068
 -7.3947233  -7.41354708 -7.41849233 -7.41856326 -7.41862242 -7.4186704
 -7.41870775 -7.41873499 -7.41875264 -7.41876118 -7.41876109 -7.41875281
 -7.41873678 -7.41871341 -7.4186831  -7.41864621 -7.41860312 -7.41855417
 -7.41849967 -7.41843996 -7.41837531 -7.41830602 -7.41823235 -7.41815456
 -7.41807289 -7.41798757 -7.41789883 -7.41780687 -7.41771188 -7.41761406
 -7.41751358 -7.41741061 -7.41730531 -7.41719783 -7.41708832 -7.41697691
 -7.41686373 -7.4167489  -7.41663254 -7.41651476 -7.41639566 -7.41627535
 -7.4161539  -7.41603142 -7.41590799 -7.41578368 -7.41565857 -7.41553273
 -7.41540624 -7.41527915 -7.41515153 -7.41502342 -7.4148949  -7.41476601
 -7.4146368  -7.41450731 -7.4143776  -7.4142477  -7.41411766 -7.4139875
 -7.41385728 -7.41372702 -7.41359676 -7.41102974 -7.40544233 -7.40134667
 -7.39669834 -7.39472303 -7.40752693 -7.41475367 -7.41491227 -7.41505688
 -7.41518811 -7.41530658 -7.41541287 -7.41550753 -7.41559111 -7.41566413
 -7.41572709 -7.41578047 -7.41582473 -7.41586033 -7.41588768 -7.41590719
 -7.41591926 -7.41592425 -7.41592252 -7.41591441 -7.41590024 -7.41588033
 -7.41585497 -7.41582444 -7.41578902 -7.41574894 -7.41570447 -7.41565582
 -7.41560323 -7.41554689 -7.41548701 -7.41542378 -7.41535738 -7.41528798
 -7.41521574 -7.41514082 -7.41506336 -7.4149835  -7.41490139 -7.41481713
 -7.41473086 -7.41464269 -7.41455273 -7.41446108 -7.41436783 -7.41427309
 -7.41417694 -7.41407947 -7.41398076 -7.41388088 -7.41377992 -7.41367793
 -7.41357499 -7.41347115 -7.41336649 -7.41326106 -7.41315491 -7.41304809
 -7.41294067 -7.41283268 -7.41272417 -7.41261518 -7.4103898  -7.40522252
 -7.40127157 -7.39668978 -7.39472209 -7.3967233  -7.4079565  -7.40827349
 -7.40857277 -7.408855   -7.40912085 -7.40937097 -7.40960599 -7.4098265
 -7.4100331  -7.41022636 -7.41040683 -7.41057504 -7.41073152 -7.41087675
 -7.41101122 -7.41113538 -7.41124969 -7.41135457 -7.41145042 -7.41153764
 -7.41161662 -7.4116877  -7.41175124 -7.41180757 -7.41185701 -7.41189986
 -7.41193641 -7.41196695 -7.41199173 -7.41201102 -7.41202505 -7.41203406
 -7.41203826 -7.41203788 -7.41203312 -7.41202416 -7.41201119 -7.41199439
 -7.41197393 -7.41194997 -7.41192266 -7.41189215 -7.41185858 -7.41182209
 -7.4117828  -7.41174083 -7.41169631 -7.41164934 -7.41160004 -7.4115485
 -7.41149483 -7.41143912 -7.41138147 -7.41132194 -7.41126064 -7.41119765
 -7.41113303 -7.41106686 -7.41099921 -7.41093016 -7.41085976 -7.40925145
 -7.40483547 -7.40114029 -7.39667495 -7.39472048]
params_e0 (3.2068098659771853, 6.540802586883255, 1.233374521838248, 1.513949163078527e-05, 37.495234875728585, 15.509414171242458, 0.798249196881394, 28076.221938229923, 0.0021221068472649656)
reconstructed_params [3.20680987e+00 6.54080259e+00 1.23337452e+00 1.51394916e-05
 3.74952349e+01 1.55094142e+01 7.98249197e-01 3.68144000e+00
 2.80762219e+04 2.12210685e-03]
saving params.txt: (3.2068098659771853, 6.540802586883255, 1.233374521838248, 1.513949163078527e-05, 37.495234875728585, 15.509414171242458, 0.798249196881394, 3.68144, 28076.221938229923, 0.0021221068472649656)
saving energy.txt: [-7.41530325 -7.4194156  -7.41945965 -7.41949303 -7.41951624 -7.41952979
 -7.41953418 -7.41952985 -7.41951725 -7.41949681 -7.41946894 -7.41943403
 -7.41939245 -7.41934456 -7.41929071 -7.41923121 -7.41916638 -7.41909651
 -7.4190219  -7.4189428  -7.41885948 -7.41877217 -7.41868111 -7.41858653
 -7.41848863 -7.41838761 -7.41828366 -7.41817696 -7.41806768 -7.41795599
 -7.41784203 -7.41772597 -7.41760792 -7.41748804 -7.41736643 -7.41724323
 -7.41711854 -7.41699247 -7.41686512 -7.41673659 -7.41660697 -7.41647634
 -7.4163448  -7.41621241 -7.41607926 -7.41594541 -7.41581093 -7.41567588
 -7.41554032 -7.41540432 -7.41526793 -7.41513119 -7.41499416 -7.41485689
 -7.41471941 -7.41458178 -7.41444404 -7.41430621 -7.41416835 -7.41403047
 -7.41389263 -7.41375484 -7.41104968 -7.40521242 -7.40098078 -7.3962382
 -7.39424585 -7.41404324 -7.41869121 -7.41875208 -7.41880165 -7.41884049
 -7.41886912 -7.41888807 -7.41889782 -7.41889885 -7.41889162 -7.41887655
 -7.41885406 -7.41882455 -7.41878838 -7.41874593 -7.41869753 -7.41864351
 -7.41858418 -7.41851984 -7.41845076 -7.41837723 -7.41829948 -7.41821776
 -7.4181323  -7.41804333 -7.41795104 -7.41785563 -7.4177573  -7.41765621
 -7.41755254 -7.41744644 -7.41733807 -7.41722756 -7.41711507 -7.4170007
 -7.4168846  -7.41676687 -7.41664763 -7.41652697 -7.41640501 -7.41628183
 -7.41615752 -7.41603217 -7.41590586 -7.41577867 -7.41565066 -7.41552192
 -7.4153925  -7.41526247 -7.41513188 -7.4150008  -7.41486928 -7.41473737
 -7.41460511 -7.41447257 -7.41433977 -7.41420676 -7.41407359 -7.41394029
 -7.41380689 -7.41367344 -7.41353997 -7.4109057  -7.4051608  -7.40096277
 -7.39623613 -7.39424562 -7.40793954 -7.41493908 -7.41508908 -7.41522546
 -7.41534883 -7.4154598  -7.41555892 -7.41564677 -7.41572385 -7.4157907
 -7.41584778 -7.41589558 -7.41593454 -7.41596508 -7.41598763 -7.41600257
 -7.41601028 -7.41601111 -7.41600542 -7.41599351 -7.41597571 -7.41595231
 -7.4159236  -7.41588984 -7.41585129 -7.41580819 -7.41576077 -7.41570926
 -7.41565387 -7.41559479 -7.41553222 -7.41546634 -7.41539732 -7.41532533
 -7.41525051 -7.41517303 -7.41509302 -7.41501062 -7.41492595 -7.41483914
 -7.4147503  -7.41465955 -7.41456698 -7.41447271 -7.41437683 -7.41427942
 -7.41418059 -7.4140804  -7.41397894 -7.41387629 -7.41377251 -7.41366768
 -7.41356187 -7.41345514 -7.41334754 -7.41323914 -7.41312999 -7.41302015
 -7.41290966 -7.41279858 -7.41268695 -7.41257482 -7.41028194 -7.40495134
 -7.40089283 -7.39622851 -7.39424483 -7.39690644 -7.40808511 -7.40839792
 -7.4086931  -7.40897136 -7.40923337 -7.40947978 -7.40971121 -7.40992828
 -7.41013159 -7.41032169 -7.41049915 -7.41066449 -7.41081822 -7.41096084
 -7.41109282 -7.4112146  -7.41132664 -7.41142935 -7.41152312 -7.41160835
 -7.4116854  -7.41175463 -7.41181637 -7.41187095 -7.41191869 -7.41195986
 -7.41199477 -7.41202368 -7.41204684 -7.41206451 -7.41207693 -7.41208431
 -7.41208689 -7.41208485 -7.4120784  -7.41206774 -7.41205303 -7.41203446
 -7.41201219 -7.41198637 -7.41195716 -7.41192471 -7.41188914 -7.4118506
 -7.41180921 -7.41176509 -7.41171836 -7.41166913 -7.41161751 -7.41156361
 -7.41150751 -7.41144932 -7.41138912 -7.41132701 -7.41126306 -7.41119736
 -7.41112999 -7.41106102 -7.41099052 -7.41091856 -7.41084522 -7.40917029
 -7.40458195 -7.4007704  -7.39621531 -7.39424345]
params_e0 (3.206678330247222, 6.576640619879531, 1.2336012917044792, 1.5232014139465526e-05, 37.51983773016471, 15.502440893458475, 0.7963964199470713, 28076.22193258181, 0.002241917612190277)
reconstructed_params [3.20667833e+00 6.57664062e+00 1.23360129e+00 1.52320141e-05
 3.75198377e+01 1.55024409e+01 7.96396420e-01 3.68144000e+00
 2.80762219e+04 2.24191761e-03]
saving params.txt: (3.206678330247222, 6.576640619879531, 1.2336012917044792, 1.5232014139465526e-05, 37.51983773016471, 15.502440893458475, 0.7963964199470713, 3.68144, 28076.22193258181, 0.002241917612190277)
saving energy.txt: [-7.41539912 -7.41945068 -7.41949278 -7.41952429 -7.41954573 -7.4195576
 -7.41956038 -7.41955452 -7.41954047 -7.41951865 -7.41948946 -7.4194533
 -7.41941053 -7.41936151 -7.41930656 -7.41924603 -7.41918021 -7.41910939
 -7.41903387 -7.41895389 -7.41886972 -7.4187816  -7.41868976 -7.41859441
 -7.41849576 -7.41839401 -7.41828935 -7.41818196 -7.418072   -7.41795963
 -7.41784501 -7.41772829 -7.41760959 -7.41748906 -7.41736681 -7.41724296
 -7.41711762 -7.41699091 -7.41686291 -7.41673373 -7.41660346 -7.41647218
 -7.41633998 -7.41620693 -7.4160731  -7.41593857 -7.41580341 -7.41566767
 -7.41553143 -7.41539472 -7.41525762 -7.41512017 -7.41498242 -7.41484442
 -7.41470621 -7.41456784 -7.41442935 -7.41429077 -7.41415214 -7.4140135
 -7.41387489 -7.41373632 -7.41101479 -7.40513939 -7.40088335 -7.39612246
 -7.39412665 -7.41415232 -7.41873158 -7.41879024 -7.41883772 -7.41887456
 -7.4189013  -7.41891845 -7.4189265  -7.41892591 -7.41891715 -7.41890063
 -7.41887676 -7.41884593 -7.41880852 -7.41876488 -7.41871536 -7.41866026
 -7.4185999  -7.41853458 -7.41846456 -7.41839012 -7.4183115  -7.41822894
 -7.41814267 -7.41805291 -7.41795985 -7.4178637  -7.41776463 -7.41766282
 -7.41755844 -7.41745165 -7.41734259 -7.41723141 -7.41711824 -7.41700321
 -7.41688644 -7.41676804 -7.41664813 -7.41652681 -7.41640418 -7.41628033
 -7.41615534 -7.41602932 -7.41590232 -7.41577444 -7.41564575 -7.4155163
 -7.41538618 -7.41525544 -7.41512414 -7.41499233 -7.41486008 -7.41472743
 -7.41459444 -7.41446114 -7.41432758 -7.41419382 -7.41405987 -7.4139258
 -7.41379162 -7.41365738 -7.41352312 -7.41087219 -7.40508852 -7.40086569
 -7.39612045 -7.39412643 -7.40803206 -7.414978   -7.41512611 -7.41526067
 -7.41538232 -7.41549164 -7.41558921 -7.41567558 -7.41575126 -7.41581678
 -7.4158726  -7.4159192  -7.41595703 -7.4159865  -7.41600802 -7.41602199
 -7.41602877 -7.41602872 -7.41602218 -7.41600947 -7.41599089 -7.41596675
 -7.41593731 -7.41590285 -7.41586362 -7.41581986 -7.4157718  -7.41571966
 -7.41566365 -7.41560396 -7.41554079 -7.41547431 -7.41540469 -7.4153321
 -7.4152567  -7.41517862 -7.41509801 -7.41501501 -7.41492974 -7.41484232
 -7.41475286 -7.41466149 -7.4145683  -7.4144734  -7.41437687 -7.41427881
 -7.41417932 -7.41407846 -7.41397632 -7.41387298 -7.41376852 -7.41366298
 -7.41355646 -7.413449   -7.41334067 -7.41323153 -7.41312164 -7.41301104
 -7.41289978 -7.41278793 -7.41267552 -7.41256259 -7.41025278 -7.4048817
 -7.40079702 -7.39611305 -7.39412567 -7.39694935 -7.4081142  -7.40842607
 -7.40872035 -7.40899774 -7.4092589  -7.40950449 -7.40973515 -7.40995148
 -7.41015408 -7.41034351 -7.41052033 -7.41068506 -7.41083821 -7.41098028
 -7.41111173 -7.41123301 -7.41134457 -7.41144681 -7.41154015 -7.41162495
 -7.41170159 -7.41177041 -7.41183176 -7.41188596 -7.41193331 -7.41197412
 -7.41200865 -7.41203718 -7.41205997 -7.41207726 -7.41208929 -7.41209629
 -7.41209846 -7.41209602 -7.41208916 -7.41207807 -7.41206293 -7.41204391
 -7.41202118 -7.41199489 -7.41196519 -7.41193224 -7.41189616 -7.41185709
 -7.41181515 -7.41177048 -7.41172317 -7.41167336 -7.41162113 -7.41156661
 -7.41150988 -7.41145104 -7.41139018 -7.41132739 -7.41126276 -7.41119636
 -7.41112827 -7.41105857 -7.41098733 -7.41091462 -7.41084051 -7.40914843
 -7.40451684 -7.40067678 -7.39610023 -7.39412435]
params_e0 (3.2062669852235812, 6.585559671371622, 1.2342349376766935, 1.5270759490807045e-05, 37.5278175751667, 15.500545982118153, 0.7959037920383604, 28076.221931238364, 0.002273607524482157)
reconstructed_params [3.20626699e+00 6.58555967e+00 1.23423494e+00 1.52707595e-05
 3.75278176e+01 1.55005460e+01 7.95903792e-01 3.68144000e+00
 2.80762219e+04 2.27360752e-03]
saving params.txt: (3.2062669852235812, 6.585559671371622, 1.2342349376766935, 1.5270759490807045e-05, 37.5278175751667, 15.500545982118153, 0.7959037920383604, 3.68144, 28076.221931238364, 0.002273607524482157)
saving energy.txt: [-7.4154253  -7.4194605  -7.41950207 -7.41953309 -7.41955405 -7.41956547
 -7.41956781 -7.41956155 -7.41954711 -7.41952492 -7.41949538 -7.41945888
 -7.41941579 -7.41936646 -7.41931122 -7.41925041 -7.41918432 -7.41911325
 -7.41903748 -7.41895726 -7.41887287 -7.41878452 -7.41869247 -7.41859691
 -7.41849806 -7.41839611 -7.41829126 -7.41818368 -7.41807353 -7.41796098
 -7.41784618 -7.41772928 -7.4176104  -7.41748969 -7.41736726 -7.41724324
 -7.41711773 -7.41699083 -7.41686266 -7.4167333  -7.41660285 -7.4164714
 -7.41633901 -7.41620578 -7.41607177 -7.41593706 -7.41580171 -7.41566579
 -7.41552935 -7.41539245 -7.41525516 -7.41511751 -7.41497957 -7.41484137
 -7.41470296 -7.41456439 -7.41442569 -7.41428691 -7.41414808 -7.41400923
 -7.4138704  -7.41373163 -7.41100568 -7.40512009 -7.40085756 -7.39609183
 -7.39409512 -7.41418158 -7.41874265 -7.41880073 -7.41884766 -7.41888397
 -7.41891022 -7.4189269  -7.4189345  -7.41893349 -7.41892432 -7.41890742
 -7.41888319 -7.41885202 -7.41881428 -7.41877033 -7.41872051 -7.41866513
 -7.4186045  -7.41853892 -7.41846865 -7.41839397 -7.41831512 -7.41823233
 -7.41814585 -7.41805587 -7.41796261 -7.41786626 -7.417767   -7.417665
 -7.41756043 -7.41745345 -7.41734421 -7.41723284 -7.41711949 -7.41700428
 -7.41688733 -7.41676875 -7.41664866 -7.41652716 -7.41640435 -7.41628031
 -7.41615515 -7.41602893 -7.41590176 -7.41577369 -7.41564481 -7.41551517
 -7.41538486 -7.41525392 -7.41512243 -7.41499043 -7.41485798 -7.41472513
 -7.41459193 -7.41445843 -7.41432467 -7.4141907  -7.41405654 -7.41392226
 -7.41378787 -7.41365342 -7.41351894 -7.41086352 -7.40506945 -7.40084001
 -7.39608984 -7.3940949  -7.40806496 -7.41499401 -7.4151415  -7.41527549
 -7.41539658 -7.41550538 -7.41560244 -7.41568832 -7.41576354 -7.41582862
 -7.41588402 -7.41593022 -7.41596766 -7.41599676 -7.41601793 -7.41603156
 -7.41603802 -7.41603766 -7.41603082 -7.41601781 -7.41599896 -7.41597454
 -7.41594485 -7.41591013 -7.41587065 -7.41582665 -7.41577835 -7.41572598
 -7.41566974 -7.41560982 -7.41554643 -7.41547973 -7.41540989 -7.41533708
 -7.41526146 -7.41518317 -7.41510235 -7.41501913 -7.41493364 -7.414846
 -7.41475633 -7.41466474 -7.41457133 -7.41447621 -7.41437946 -7.41428118
 -7.41418146 -7.41408038 -7.41397802 -7.41387445 -7.41376976 -7.41366399
 -7.41355723 -7.41344954 -7.41334098 -7.4132316  -7.41312146 -7.41301062
 -7.41289913 -7.41278703 -7.41267437 -7.4125612  -7.41024629 -7.40486369
 -7.40077181 -7.39608252 -7.39409415 -7.39698617 -7.40813875 -7.40845003
 -7.40874374 -7.40902057 -7.4092812  -7.40952627 -7.40975642 -7.40997226
 -7.41017438 -7.41036335 -7.41053971 -7.41070401 -7.41085674 -7.4109984
 -7.41112945 -7.41125035 -7.41136153 -7.41146341 -7.41155639 -7.41164084
 -7.41171714 -7.41178564 -7.41184667 -7.41190055 -7.41194759 -7.41198808
 -7.41202231 -7.41205054 -7.41207304 -7.41209004 -7.41210178 -7.41210849
 -7.41211038 -7.41210765 -7.41210051 -7.41208913 -7.41207371 -7.41205441
 -7.41203139 -7.41200482 -7.41197484 -7.4119416  -7.41190523 -7.41186588
 -7.41182365 -7.41177869 -7.4117311  -7.41168099 -7.41162848 -7.41157366
 -7.41151663 -7.4114575  -7.41139634 -7.41133325 -7.41126832 -7.41120161
 -7.41113322 -7.41106322 -7.41099167 -7.41091866 -7.41084424 -7.40914592
 -7.40450074 -7.40065239 -7.39606983 -7.39409285]
params_e0 (3.205843807480296, 6.58773346753991, 1.234927958430849, 1.528187938957222e-05, 37.52993491065344, 15.500073064284543, 0.7957462304757481, 28076.221930912736, 0.0022822770381886147)
reconstructed_params [3.20584381e+00 6.58773347e+00 1.23492796e+00 1.52818794e-05
 3.75299349e+01 1.55000731e+01 7.95746230e-01 3.68144000e+00
 2.80762219e+04 2.28227704e-03]
saving params.txt: (3.205843807480296, 6.58773346753991, 1.234927958430849, 1.528187938957222e-05, 37.52993491065344, 15.500073064284543, 0.7957462304757481, 3.68144, 28076.221930912736, 0.0022822770381886147)
saving energy.txt: [-7.41543548 -7.41946465 -7.41950604 -7.41953687 -7.41955766 -7.41956892
 -7.41957111 -7.41956469 -7.41955011 -7.41952778 -7.41949812 -7.4194615
 -7.41941829 -7.41936885 -7.41931351 -7.4192526  -7.41918641 -7.41911525
 -7.41903939 -7.41895909 -7.41887462 -7.4187862  -7.41869406 -7.41859843
 -7.41849951 -7.4183975  -7.41829258 -7.41818494 -7.41807473 -7.41796212
 -7.41784726 -7.41773029 -7.41761136 -7.41749059 -7.41736811 -7.41724402
 -7.41711846 -7.41699151 -7.41686328 -7.41673387 -7.41660336 -7.41647185
 -7.41633941 -7.41620612 -7.41607206 -7.41593729 -7.41580188 -7.4156659
 -7.41552941 -7.41539246 -7.4152551  -7.4151174  -7.41497939 -7.41484114
 -7.41470267 -7.41456404 -7.41442528 -7.41428644 -7.41414754 -7.41400864
 -7.41386975 -7.41373091 -7.41100367 -7.40511509 -7.40085064 -7.39608348
 -7.39408649 -7.41419234 -7.41874707 -7.41880496 -7.41885169 -7.41888783
 -7.4189139  -7.41893042 -7.41893787 -7.41893672 -7.41892741 -7.41891037
 -7.41888602 -7.41885473 -7.41881689 -7.41877283 -7.4187229  -7.41866743
 -7.41860671 -7.41854104 -7.41847069 -7.41839593 -7.418317   -7.41823414
 -7.41814759 -7.41805754 -7.41796421 -7.4178678  -7.41776847 -7.41766641
 -7.41756178 -7.41745474 -7.41734544 -7.41723402 -7.41712061 -7.41700534
 -7.41688834 -7.41676971 -7.41664956 -7.416528   -7.41640513 -7.41628104
 -7.41615582 -7.41602956 -7.41590232 -7.4157742  -7.41564526 -7.41551557
 -7.4153852  -7.41525421 -7.41512265 -7.41499059 -7.41485809 -7.41472518
 -7.41459192 -7.41445836 -7.41432454 -7.4141905  -7.41405629 -7.41392194
 -7.41378749 -7.41365298 -7.41351843 -7.41086169 -7.40506455 -7.40083314
 -7.3960815  -7.39408628 -7.40808373 -7.41500453 -7.41515173 -7.41528542
 -7.41540624 -7.41551476 -7.41561157 -7.4156972  -7.41577218 -7.41583702
 -7.41589221 -7.41593819 -7.41597542 -7.41600433 -7.41602531 -7.41603875
 -7.41604503 -7.4160445  -7.41603749 -7.41602433 -7.41600531 -7.41598075
 -7.4159509  -7.41591604 -7.41587642 -7.41583228 -7.41578385 -7.41573135
 -7.41567498 -7.41561494 -7.41555142 -7.4154846  -7.41541464 -7.41534172
 -7.41526598 -7.41518757 -7.41510664 -7.41502331 -7.41493771 -7.41484996
 -7.41476019 -7.41466849 -7.41457497 -7.41447974 -7.41438289 -7.4142845
 -7.41418468 -7.41408349 -7.41398103 -7.41387736 -7.41377255 -7.41366669
 -7.41355983 -7.41345203 -7.41334337 -7.41323389 -7.41312365 -7.4130127
 -7.41290111 -7.41278891 -7.41267615 -7.41256288 -7.41024601 -7.40485942
 -7.40076518 -7.39607421 -7.39408553 -7.39702088 -7.40816152 -7.4084723
 -7.40876553 -7.40904188 -7.40930204 -7.40954666 -7.40977637 -7.40999178
 -7.41019348 -7.41038205 -7.41055802 -7.41072193 -7.41087428 -7.41101557
 -7.41114627 -7.41126682 -7.41137766 -7.41147921 -7.41157186 -7.411656
 -7.41173199 -7.41180019 -7.41186092 -7.41191451 -7.41196127 -7.41200149
 -7.41203544 -7.41206341 -7.41208564 -7.41210239 -7.41211388 -7.41212034
 -7.41212198 -7.41211902 -7.41211164 -7.41210003 -7.41208438 -7.41206485
 -7.41204161 -7.41201482 -7.41198463 -7.41195117 -7.41191459 -7.41187503
 -7.4118326  -7.41178743 -7.41173964 -7.41168933 -7.41163662 -7.4115816
 -7.41152438 -7.41146505 -7.41140371 -7.41134043 -7.41127531 -7.41120842
 -7.41113985 -7.41106966 -7.41099794 -7.41092474 -7.41085014 -7.40914859
 -7.40449764 -7.40064622 -7.39606158 -7.39408424]
params_e0 (3.205733676143163, 6.5882556797604845, 1.235277892609653, 1.528472077530571e-05, 37.53047435889913, 15.499957296682195, 0.7955956712140875, 28076.221930832056, 0.0022786315207624372)
reconstructed_params [3.20573368e+00 6.58825568e+00 1.23527789e+00 1.52847208e-05
 3.75304744e+01 1.54999573e+01 7.95595671e-01 3.68144000e+00
 2.80762219e+04 2.27863152e-03]
saving params.txt: (3.205733676143163, 6.5882556797604845, 1.235277892609653, 1.528472077530571e-05, 37.53047435889913, 15.499957296682195, 0.7955956712140875, 3.68144, 28076.221930832056, 0.0022786315207624372)
saving energy.txt: [-7.41544712 -7.41946862 -7.4195098  -7.41954044 -7.41956106 -7.41957215
 -7.41957419 -7.41956764 -7.41955293 -7.41953049 -7.41950072 -7.419464
 -7.41942071 -7.41937119 -7.41931578 -7.41925481 -7.41918857 -7.41911737
 -7.41904147 -7.41896114 -7.41887663 -7.41878819 -7.41869604 -7.4186004
 -7.41850148 -7.41839947 -7.41829455 -7.41818691 -7.4180767  -7.41796411
 -7.41784926 -7.41773231 -7.4176134  -7.41749265 -7.41737019 -7.41724613
 -7.41712059 -7.41699367 -7.41686547 -7.41673609 -7.41660562 -7.41647413
 -7.41634172 -7.41620847 -7.41607444 -7.4159397  -7.41580433 -7.41566838
 -7.41553192 -7.41539501 -7.41525769 -7.41512002 -7.41498205 -7.41484382
 -7.41470539 -7.41456679 -7.41442806 -7.41428925 -7.41415039 -7.41401151
 -7.41387266 -7.41373385 -7.4110071  -7.40511894 -7.40085447 -7.39608718
 -7.39409015 -7.41420449 -7.41875112 -7.41880879 -7.41885532 -7.41889127
 -7.41891718 -7.41893354 -7.41894084 -7.41893956 -7.41893013 -7.41891298
 -7.41888853 -7.41885715 -7.41881923 -7.4187751  -7.41872511 -7.41866958
 -7.41860882 -7.41854311 -7.41847273 -7.41839794 -7.41831899 -7.41823612
 -7.41814955 -7.4180595  -7.41796617 -7.41786975 -7.41777043 -7.41766839
 -7.41756377 -7.41745675 -7.41734746 -7.41723606 -7.41712268 -7.41700743
 -7.41689045 -7.41677185 -7.41665173 -7.4165302  -7.41640737 -7.41628331
 -7.41615812 -7.41603189 -7.41590469 -7.4157766  -7.41564769 -7.41551804
 -7.4153877  -7.41525674 -7.41512522 -7.4149932  -7.41486073 -7.41472785
 -7.41459463 -7.4144611  -7.41432732 -7.41419331 -7.41405913 -7.41392482
 -7.4137904  -7.41365592 -7.4135214  -7.41086515 -7.40506843 -7.40083698
 -7.3960852  -7.39408994 -7.40809968 -7.41501137 -7.41515829 -7.41529173
 -7.4154123  -7.4155206  -7.41561719 -7.41570262 -7.41577742 -7.41584209
 -7.41589711 -7.41594294 -7.41598004 -7.41600881 -7.41602968 -7.41604301
 -7.41604919 -7.41604857 -7.41604148 -7.41602824 -7.41600917 -7.41598454
 -7.41595464 -7.41591973 -7.41588007 -7.4158359  -7.41578743 -7.4157349
 -7.41567851 -7.41561845 -7.41555491 -7.41548808 -7.41541812 -7.41534519
 -7.41526944 -7.41519104 -7.4151101  -7.41502677 -7.41494118 -7.41485344
 -7.41476367 -7.41467198 -7.41457847 -7.41448325 -7.41438641 -7.41428804
 -7.41418823 -7.41408706 -7.41398461 -7.41388095 -7.41377616 -7.41367031
 -7.41356347 -7.41345569 -7.41334704 -7.41323758 -7.41312735 -7.41301643
 -7.41290485 -7.41279266 -7.41267992 -7.41256667 -7.41025003 -7.40486351
 -7.4007691  -7.39607792 -7.39408919 -7.39704413 -7.40817397 -7.40848438
 -7.40877724 -7.40905325 -7.40931308 -7.40955738 -7.40978679 -7.41000191
 -7.41020334 -7.41039165 -7.41056737 -7.41073105 -7.41088318 -7.41102426
 -7.41115476 -7.41127512 -7.41138579 -7.41148717 -7.41157966 -7.41166365
 -7.4117395  -7.41180757 -7.41186818 -7.41192165 -7.4119683  -7.41200841
 -7.41204227 -7.41207015 -7.41209229 -7.41210896 -7.41212037 -7.41212676
 -7.41212834 -7.41212531 -7.41211787 -7.41210621 -7.4120905  -7.41207093
 -7.41204764 -7.41202081 -7.41199057 -7.41195707 -7.41192046 -7.41188086
 -7.4118384  -7.4117932  -7.41174537 -7.41169504 -7.4116423  -7.41158726
 -7.41153001 -7.41147066 -7.41140929 -7.41134599 -7.41128085 -7.41121394
 -7.41114535 -7.41107515 -7.4110034  -7.41093019 -7.41085557 -7.40915373
 -7.40450216 -7.4006503  -7.39606531 -7.3940879 ]
