/projects/qmchamm/shared/mick/ilp_fitting
    basis method  registry  distance    energy  energy_err     d     a
767    c2    QMC   0.00000      3.00 -7.402388    0.000328  3.00  2.46
768    c2    QMC   0.00000      3.20 -7.412796    0.000278  3.20  2.46
769    c2    QMC   0.00000      3.35 -7.416119    0.000264  3.35  2.46
770    c2    QMC   0.00000      3.50 -7.416772    0.000282  3.50  2.46
771    c2    QMC   0.00000      3.65 -7.415003    0.000374  3.65  2.46
772    c2    QMC   0.00000      3.80 -7.412760    0.000230  3.80  2.46
773    c2    QMC   0.00000      4.00 -7.410565    0.000278  4.00  2.46
774    c2    QMC   0.00000      4.50 -7.404000    0.000256  4.50  2.46
775    c2    QMC   0.00000      5.00 -7.400149    0.000235  5.00  2.46
776    c2    QMC   0.00000      6.00 -7.397333    0.000217  6.00  2.46
777    c2    QMC   0.00000      7.00 -7.396415    0.000221  7.00  2.46
778    c2    QMC   0.16667      3.00 -7.399188    0.000145  3.00  2.46
779    c2    QMC   0.16667      3.20 -7.411959    0.000175  3.20  2.46
780    c2    QMC   0.16667      3.35 -7.415276    0.000147  3.35  2.46
781    c2    QMC   0.16667      3.50 -7.416259    0.000164  3.50  2.46
782    c2    QMC   0.16667      3.65 -7.415209    0.000194  3.65  2.46
783    c2    QMC   0.16667      3.80 -7.412987    0.000262  3.80  2.46
784    c2    QMC   0.16667      4.00 -7.410067    0.000152  4.00  2.46
785    c2    QMC   0.16667      4.50 -7.403974    0.000197  4.50  2.46
786    c2    QMC   0.16667      5.00 -7.399793    0.000181  5.00  2.46
787    c2    QMC   0.16667      6.00 -7.397039    0.000171  6.00  2.46
788    c2    QMC   0.16667      7.00 -7.395969    0.000152  7.00  2.46
789    c2    QMC   0.50000      3.00 -7.390987    0.000284  3.00  2.46
790    c2    QMC   0.50000      3.20 -7.406952    0.000212  3.20  2.46
791    c2    QMC   0.50000      3.35 -7.411909    0.000274  3.35  2.46
792    c2    QMC   0.50000      3.50 -7.413657    0.000271  3.50  2.46
793    c2    QMC   0.50000      3.65 -7.413999    0.000274  3.65  2.46
794    c2    QMC   0.50000      3.80 -7.412379    0.000217  3.80  2.46
795    c2    QMC   0.50000      4.00 -7.409976    0.000229  4.00  2.46
796    c2    QMC   0.50000      4.50 -7.403725    0.000239  4.50  2.46
797    c2    QMC   0.50000      5.00 -7.400076    0.000332  5.00  2.46
798    c2    QMC   0.50000      6.00 -7.397094    0.000206  6.00  2.46
799    c2    QMC   0.50000      7.00 -7.396256    0.000215  7.00  2.46
800    c2    QMC   0.66667      3.00 -7.374165    0.000203  3.00  2.46
801    c2    QMC   0.66667      3.20 -7.398436    0.000406  3.20  2.46
802    c2    QMC   0.66667      3.35 -7.407410    0.000244  3.35  2.46
803    c2    QMC   0.66667      3.50 -7.411002    0.000288  3.50  2.46
804    c2    QMC   0.66667      3.65 -7.412222    0.000304  3.65  2.46
805    c2    QMC   0.66667      3.80 -7.411072    0.000225  3.80  2.46
806    c2    QMC   0.66667      4.00 -7.409340    0.000371  4.00  2.46
807    c2    QMC   0.66667      4.50 -7.404098    0.000251  4.50  2.46
808    c2    QMC   0.66667      5.00 -7.399931    0.000278  5.00  2.46
809    c2    QMC   0.66667      6.00 -7.397270    0.000237  6.00  2.46
810    c2    QMC   0.66667      7.00 -7.395750    0.000319  7.00  2.46
[5, 6, 7]
mask [ True  True  True  True  True  True  True  True  True  True]
exclude_idxs [5, 6, 7]
[3.2058430e+00 7.5111260e+00 1.2353340e+00 1.5283380e-05 3.7530428e+01
 1.5499947e+01 7.9544430e-01 3.6814400e+00 2.5714535e+04 0.0000000e+00]
[3.2058430e+00 7.5111260e+00 1.2353340e+00 1.5283380e-05 3.7530428e+01
 2.5714535e+04 0.0000000e+00]
params_e0 (3.205843, 7.511126, 1.235334, 1.528338e-05, 37.530428, 25714.535, 0.0)
reconstructed_params [3.2058430e+00 7.5111260e+00 1.2353340e+00 1.5283380e-05 3.7530428e+01
 1.5499947e+01 7.9544430e-01 3.6814400e+00 2.5714535e+04 0.0000000e+00]
saving params.txt: (3.205843, 7.511126, 1.235334, 1.528338e-05, 37.530428, 15.499947, 0.7954443, 3.68144, 25714.535, 0.0)
saving energy.txt: [-7.41004898 -7.41791759 -7.41928875 -7.41880902 -7.41742254 -7.4156257
 -7.41303401 -7.40711189 -7.40280603 -7.39814203 -7.39626143 -7.40890783
 -7.4172709  -7.41883184 -7.41847956 -7.41718491 -7.41545509 -7.4129252
 -7.40707771 -7.40279566 -7.39814113 -7.39626136 -7.4022055  -7.41335342
 -7.4161927  -7.4166839  -7.41595506 -7.41460987 -7.41241151 -7.40692976
 -7.40275327 -7.39813774 -7.3962611  -7.38978163 -7.40605954 -7.41130312
 -7.41337991 -7.41370704 -7.41307393 -7.4114843  -7.40666616 -7.40267846
 -7.39813181 -7.39626065]
params_e0 (3.2058430477707835, 7.511126, 1.235334, 1.528338e-05, 37.530428, 25714.535, 0.0)
reconstructed_params [3.20584305e+00 7.51112600e+00 1.23533400e+00 1.52833800e-05
 3.75304280e+01 1.54999470e+01 7.95444300e-01 3.68144000e+00
 2.57145350e+04 0.00000000e+00]
saving params.txt: (3.2058430477707835, 7.511126, 1.235334, 1.528338e-05, 37.530428, 15.499947, 0.7954443, 3.68144, 25714.535, 0.0)
saving energy.txt: [-7.41004897 -7.41791759 -7.41928874 -7.41880902 -7.41742254 -7.41562569
 -7.41303401 -7.40711189 -7.40280603 -7.39814203 -7.39626143 -7.40890782
 -7.4172709  -7.41883184 -7.41847956 -7.41718491 -7.41545509 -7.4129252
 -7.40707771 -7.40279566 -7.39814113 -7.39626136 -7.40220549 -7.41335341
 -7.4161927  -7.4166839  -7.41595506 -7.41460987 -7.41241151 -7.40692976
 -7.40275327 -7.39813774 -7.3962611  -7.38978162 -7.40605953 -7.41130312
 -7.4133799  -7.41370704 -7.41307393 -7.4114843  -7.40666616 -7.40267846
 -7.39813181 -7.39626065]
params_e0 (3.205843, 7.511126111924499, 1.235334, 1.528338e-05, 37.530428, 25714.535, 0.0)
reconstructed_params [3.20584300e+00 7.51112611e+00 1.23533400e+00 1.52833800e-05
 3.75304280e+01 1.54999470e+01 7.95444300e-01 3.68144000e+00
 2.57145350e+04 0.00000000e+00]
saving params.txt: (3.205843, 7.511126111924499, 1.235334, 1.528338e-05, 37.530428, 15.499947, 0.7954443, 3.68144, 25714.535, 0.0)
saving energy.txt: [-7.41004898 -7.41791759 -7.41928875 -7.41880902 -7.41742255 -7.4156257
 -7.41303401 -7.40711189 -7.40280603 -7.39814203 -7.39626143 -7.40890783
 -7.4172709  -7.41883184 -7.41847956 -7.41718491 -7.41545509 -7.4129252
 -7.40707771 -7.40279566 -7.39814113 -7.39626136 -7.4022055  -7.41335342
 -7.4161927  -7.4166839  -7.41595506 -7.41460987 -7.41241151 -7.40692976
 -7.40275327 -7.39813774 -7.3962611  -7.38978163 -7.40605954 -7.41130313
 -7.41337991 -7.41370704 -7.41307393 -7.4114843  -7.40666616 -7.40267846
 -7.39813181 -7.39626065]
params_e0 (3.205843, 7.511126, 1.235334018407911, 1.528338e-05, 37.530428, 25714.535, 0.0)
reconstructed_params [3.20584300e+00 7.51112600e+00 1.23533402e+00 1.52833800e-05
 3.75304280e+01 1.54999470e+01 7.95444300e-01 3.68144000e+00
 2.57145350e+04 0.00000000e+00]
saving params.txt: (3.205843, 7.511126, 1.235334018407911, 1.528338e-05, 37.530428, 15.499947, 0.7954443, 3.68144, 25714.535, 0.0)
saving energy.txt: [-7.41004897 -7.41791759 -7.41928875 -7.41880902 -7.41742254 -7.4156257
 -7.41303401 -7.40711189 -7.40280603 -7.39814203 -7.39626143 -7.40890783
 -7.4172709  -7.41883184 -7.41847956 -7.41718491 -7.41545509 -7.4129252
 -7.40707771 -7.40279566 -7.39814113 -7.39626136 -7.4022055  -7.41335342
 -7.4161927  -7.4166839  -7.41595506 -7.41460987 -7.41241151 -7.40692976
 -7.40275327 -7.39813774 -7.3962611  -7.38978163 -7.40605954 -7.41130312
 -7.41337991 -7.41370704 -7.41307393 -7.4114843  -7.40666616 -7.40267846
 -7.39813181 -7.39626065]
params_e0 (3.205843, 7.511126, 1.235334, 1.5298281161193846e-05, 37.530428, 25714.535, 0.0)
reconstructed_params [3.20584300e+00 7.51112600e+00 1.23533400e+00 1.52982812e-05
 3.75304280e+01 1.54999470e+01 7.95444300e-01 3.68144000e+00
 2.57145350e+04 0.00000000e+00]
saving params.txt: (3.205843, 7.511126, 1.235334, 1.5298281161193846e-05, 37.530428, 15.499947, 0.7954443, 3.68144, 25714.535, 0.0)
saving energy.txt: [-7.41004898 -7.41791759 -7.41928875 -7.41880902 -7.41742254 -7.4156257
 -7.41303401 -7.40711189 -7.40280603 -7.39814203 -7.39626143 -7.40890783
 -7.4172709  -7.41883184 -7.41847956 -7.41718491 -7.41545509 -7.4129252
 -7.40707771 -7.40279566 -7.39814113 -7.39626136 -7.4022055  -7.41335342
 -7.4161927  -7.4166839  -7.41595506 -7.41460987 -7.41241151 -7.40692976
 -7.40275327 -7.39813774 -7.3962611  -7.38978163 -7.40605954 -7.41130312
 -7.41337991 -7.41370704 -7.41307393 -7.4114843  -7.40666616 -7.40267846
 -7.39813181 -7.39626065]
params_e0 (3.205843, 7.511126, 1.235334, 1.528338e-05, 37.53042855924696, 25714.535, 0.0)
reconstructed_params [3.20584300e+00 7.51112600e+00 1.23533400e+00 1.52833800e-05
 3.75304286e+01 1.54999470e+01 7.95444300e-01 3.68144000e+00
 2.57145350e+04 0.00000000e+00]
saving params.txt: (3.205843, 7.511126, 1.235334, 1.528338e-05, 37.53042855924696, 15.499947, 0.7954443, 3.68144, 25714.535, 0.0)
saving energy.txt: [-7.41004897 -7.41791759 -7.41928875 -7.41880902 -7.41742254 -7.4156257
 -7.41303401 -7.40711189 -7.40280603 -7.39814203 -7.39626143 -7.40890783
 -7.4172709  -7.41883184 -7.41847956 -7.41718491 -7.41545509 -7.4129252
 -7.40707771 -7.40279566 -7.39814113 -7.39626136 -7.4022055  -7.41335342
 -7.4161927  -7.4166839  -7.41595506 -7.41460987 -7.41241151 -7.40692976
 -7.40275327 -7.39813774 -7.3962611  -7.38978163 -7.40605954 -7.41130312
 -7.41337991 -7.41370704 -7.41307393 -7.4114843  -7.40666616 -7.40267846
 -7.39813181 -7.39626065]
params_e0 (3.205843, 7.511126, 1.235334, 1.528338e-05, 37.530428, 25714.53538317643, 0.0)
reconstructed_params [3.20584300e+00 7.51112600e+00 1.23533400e+00 1.52833800e-05
 3.75304280e+01 1.54999470e+01 7.95444300e-01 3.68144000e+00
 2.57145354e+04 0.00000000e+00]
saving params.txt: (3.205843, 7.511126, 1.235334, 1.528338e-05, 37.530428, 15.499947, 0.7954443, 3.68144, 25714.53538317643, 0.0)
saving energy.txt: [-7.41004898 -7.41791759 -7.41928875 -7.41880902 -7.41742255 -7.4156257
 -7.41303401 -7.40711189 -7.40280603 -7.39814203 -7.39626143 -7.40890783
 -7.4172709  -7.41883184 -7.41847956 -7.41718492 -7.41545509 -7.4129252
 -7.40707771 -7.40279566 -7.39814113 -7.39626136 -7.4022055  -7.41335342
 -7.4161927  -7.4166839  -7.41595506 -7.41460987 -7.41241151 -7.40692976
 -7.40275327 -7.39813774 -7.3962611  -7.38978163 -7.40605954 -7.41130313
 -7.41337991 -7.41370704 -7.41307393 -7.4114843  -7.40666616 -7.40267846
 -7.39813181 -7.39626065]
params_e0 (3.205843, 7.511126, 1.235334, 1.528338e-05, 37.530428, 25714.535, 1.4901161193847656e-08)
reconstructed_params [3.20584300e+00 7.51112600e+00 1.23533400e+00 1.52833800e-05
 3.75304280e+01 1.54999470e+01 7.95444300e-01 3.68144000e+00
 2.57145350e+04 1.49011612e-08]
saving params.txt: (3.205843, 7.511126, 1.235334, 1.528338e-05, 37.530428, 15.499947, 0.7954443, 3.68144, 25714.535, 1.4901161193847656e-08)
saving energy.txt: [-7.41004896 -7.41791758 -7.41928873 -7.41880901 -7.41742253 -7.41562568
 -7.41303399 -7.40711188 -7.40280602 -7.39814201 -7.39626142 -7.40890781
 -7.41727089 -7.41883182 -7.41847955 -7.4171849  -7.41545507 -7.41292519
 -7.40707769 -7.40279564 -7.39814112 -7.39626134 -7.40220548 -7.4133534
 -7.41619269 -7.41668389 -7.41595505 -7.41460985 -7.41241149 -7.40692974
 -7.40275326 -7.39813772 -7.39626108 -7.38978162 -7.40605952 -7.41130311
 -7.41337989 -7.41370702 -7.41307392 -7.41148429 -7.40666615 -7.40267844
 -7.39813179 -7.39626063]
params_e0 (3.1398630765498377, 7.511125995033001, 1.2518772699417624, 0.7925295174136714, 44.69923414996552, 25714.534458390845, 0.0005263866892238937)
reconstructed_params [3.13986308e+00 7.51112600e+00 1.25187727e+00 7.92529517e-01
 4.46992341e+01 1.54999470e+01 7.95444300e-01 3.68144000e+00
 2.57145345e+04 5.26386689e-04]
saving params.txt: (3.1398630765498377, 7.511125995033001, 1.2518772699417624, 0.7925295174136714, 44.69923414996552, 15.499947, 0.7954443, 3.68144, 25714.534458390845, 0.0005263866892238937)
saving energy.txt: [-7.40529398 -7.41505493 -7.41729013 -7.41737152 -7.41634519 -7.41477633
 -7.41236037 -7.40658285 -7.4022918  -7.39761897 -7.3957355  -7.40410377
 -7.4143839  -7.41682004 -7.41703577 -7.41610534 -7.41460575 -7.41225291
 -7.40655007 -7.40228213 -7.39761819 -7.39573544 -7.39728405 -7.41043798
 -7.4141832  -7.41525659 -7.41489697 -7.41378221 -7.4117579  -7.40641134
 -7.40224344 -7.39761524 -7.39573523 -7.38467799 -7.40311518 -7.40931444
 -7.4119942  -7.41269589 -7.41229089 -7.41086754 -7.40616501 -7.40217538
 -7.39761013 -7.39573486]
params_e0 (3.1398631233374434, 7.511125995033001, 1.2518772699417624, 0.7925295174136714, 44.69923414996552, 25714.534458390845, 0.0005263866892238937)
reconstructed_params [3.13986312e+00 7.51112600e+00 1.25187727e+00 7.92529517e-01
 4.46992341e+01 1.54999470e+01 7.95444300e-01 3.68144000e+00
 2.57145345e+04 5.26386689e-04]
saving params.txt: (3.1398631233374434, 7.511125995033001, 1.2518772699417624, 0.7925295174136714, 44.69923414996552, 15.499947, 0.7954443, 3.68144, 25714.534458390845, 0.0005263866892238937)
saving energy.txt: [-7.40529397 -7.41505493 -7.41729013 -7.41737151 -7.41634519 -7.41477633
 -7.41236037 -7.40658285 -7.4022918  -7.39761897 -7.3957355  -7.40410377
 -7.4143839  -7.41682004 -7.41703577 -7.41610534 -7.41460575 -7.41225291
 -7.40655007 -7.40228213 -7.39761819 -7.39573544 -7.39728404 -7.41043797
 -7.4141832  -7.41525659 -7.41489697 -7.41378221 -7.4117579  -7.40641134
 -7.40224344 -7.39761524 -7.39573523 -7.38467798 -7.40311517 -7.40931444
 -7.41199419 -7.41269588 -7.41229089 -7.41086754 -7.40616501 -7.40217537
 -7.39761013 -7.39573486]
params_e0 (3.1398630765498377, 7.5111261069575, 1.2518772699417624, 0.7925295174136714, 44.69923414996552, 25714.534458390845, 0.0005263866892238937)
reconstructed_params [3.13986308e+00 7.51112611e+00 1.25187727e+00 7.92529517e-01
 4.46992341e+01 1.54999470e+01 7.95444300e-01 3.68144000e+00
 2.57145345e+04 5.26386689e-04]
saving params.txt: (3.1398630765498377, 7.5111261069575, 1.2518772699417624, 0.7925295174136714, 44.69923414996552, 15.499947, 0.7954443, 3.68144, 25714.534458390845, 0.0005263866892238937)
saving energy.txt: [-7.40529398 -7.41505493 -7.41729014 -7.41737152 -7.41634519 -7.41477633
 -7.41236037 -7.40658285 -7.4022918  -7.39761897 -7.3957355  -7.40410377
 -7.4143839  -7.41682004 -7.41703577 -7.41610534 -7.41460575 -7.41225291
 -7.40655007 -7.40228213 -7.39761819 -7.39573544 -7.39728405 -7.41043798
 -7.4141832  -7.41525659 -7.41489697 -7.41378221 -7.4117579  -7.40641134
 -7.40224344 -7.39761524 -7.39573523 -7.38467799 -7.40311518 -7.40931444
 -7.4119942  -7.41269589 -7.4122909  -7.41086754 -7.40616501 -7.40217538
 -7.39761013 -7.39573486]
params_e0 (3.1398630765498377, 7.511125995033001, 1.2518772885961873, 0.7925295174136714, 44.69923414996552, 25714.534458390845, 0.0005263866892238937)
reconstructed_params [3.13986308e+00 7.51112600e+00 1.25187729e+00 7.92529517e-01
 4.46992341e+01 1.54999470e+01 7.95444300e-01 3.68144000e+00
 2.57145345e+04 5.26386689e-04]
saving params.txt: (3.1398630765498377, 7.511125995033001, 1.2518772885961873, 0.7925295174136714, 44.69923414996552, 15.499947, 0.7954443, 3.68144, 25714.534458390845, 0.0005263866892238937)
saving energy.txt: [-7.40529398 -7.41505493 -7.41729013 -7.41737152 -7.41634519 -7.41477633
 -7.41236037 -7.40658285 -7.4022918  -7.39761897 -7.3957355  -7.40410377
 -7.4143839  -7.41682004 -7.41703577 -7.41610534 -7.41460575 -7.41225291
 -7.40655007 -7.40228213 -7.39761819 -7.39573544 -7.39728405 -7.41043798
 -7.4141832  -7.41525659 -7.41489697 -7.41378221 -7.4117579  -7.40641134
 -7.40224344 -7.39761524 -7.39573523 -7.38467799 -7.40311518 -7.40931444
 -7.4119942  -7.41269589 -7.41229089 -7.41086754 -7.40616501 -7.40217538
 -7.39761013 -7.39573486]
params_e0 (3.1398630765498377, 7.511125995033001, 1.2518772699417624, 0.7925295323148326, 44.69923414996552, 25714.534458390845, 0.0005263866892238937)
reconstructed_params [3.13986308e+00 7.51112600e+00 1.25187727e+00 7.92529532e-01
 4.46992341e+01 1.54999470e+01 7.95444300e-01 3.68144000e+00
 2.57145345e+04 5.26386689e-04]
saving params.txt: (3.1398630765498377, 7.511125995033001, 1.2518772699417624, 0.7925295323148326, 44.69923414996552, 15.499947, 0.7954443, 3.68144, 25714.534458390845, 0.0005263866892238937)
saving energy.txt: [-7.40529398 -7.41505493 -7.41729013 -7.41737152 -7.41634519 -7.41477633
 -7.41236037 -7.40658285 -7.4022918  -7.39761897 -7.3957355  -7.40410377
 -7.4143839  -7.41682004 -7.41703577 -7.41610534 -7.41460575 -7.41225291
 -7.40655007 -7.40228213 -7.39761819 -7.39573544 -7.39728405 -7.41043798
 -7.4141832  -7.41525659 -7.41489697 -7.41378221 -7.4117579  -7.40641134
 -7.40224344 -7.39761524 -7.39573523 -7.38467799 -7.40311518 -7.40931444
 -7.4119942  -7.41269589 -7.41229089 -7.41086754 -7.40616501 -7.40217538
 -7.39761013 -7.39573486]
params_e0 (3.1398630765498377, 7.511125995033001, 1.2518772699417624, 0.7925295174136714, 44.69923481603601, 25714.534458390845, 0.0005263866892238937)
reconstructed_params [3.13986308e+00 7.51112600e+00 1.25187727e+00 7.92529517e-01
 4.46992348e+01 1.54999470e+01 7.95444300e-01 3.68144000e+00
 2.57145345e+04 5.26386689e-04]
saving params.txt: (3.1398630765498377, 7.511125995033001, 1.2518772699417624, 0.7925295174136714, 44.69923481603601, 15.499947, 0.7954443, 3.68144, 25714.534458390845, 0.0005263866892238937)
saving energy.txt: [-7.40529398 -7.41505493 -7.41729013 -7.41737152 -7.41634519 -7.41477633
 -7.41236037 -7.40658285 -7.4022918  -7.39761897 -7.3957355  -7.40410377
 -7.4143839  -7.41682004 -7.41703577 -7.41610534 -7.41460575 -7.41225291
 -7.40655007 -7.40228213 -7.39761819 -7.39573544 -7.39728405 -7.41043798
 -7.4141832  -7.41525659 -7.41489697 -7.41378221 -7.4117579  -7.40641134
 -7.40224344 -7.39761524 -7.39573523 -7.38467799 -7.40311518 -7.40931444
 -7.4119942  -7.41269589 -7.41229089 -7.41086754 -7.40616501 -7.40217538
 -7.39761013 -7.39573486]
params_e0 (3.1398630765498377, 7.511125995033001, 1.2518772699417624, 0.7925295174136714, 44.69923414996552, 25714.534841567267, 0.0005263866892238937)
reconstructed_params [3.13986308e+00 7.51112600e+00 1.25187727e+00 7.92529517e-01
 4.46992341e+01 1.54999470e+01 7.95444300e-01 3.68144000e+00
 2.57145348e+04 5.26386689e-04]
saving params.txt: (3.1398630765498377, 7.511125995033001, 1.2518772699417624, 0.7925295174136714, 44.69923414996552, 15.499947, 0.7954443, 3.68144, 25714.534841567267, 0.0005263866892238937)
saving energy.txt: [-7.40529398 -7.41505493 -7.41729014 -7.41737152 -7.41634519 -7.41477633
 -7.41236037 -7.40658285 -7.4022918  -7.39761897 -7.3957355  -7.40410377
 -7.4143839  -7.41682004 -7.41703577 -7.41610534 -7.41460575 -7.41225291
 -7.40655007 -7.40228213 -7.39761819 -7.39573544 -7.39728405 -7.41043798
 -7.4141832  -7.41525659 -7.41489697 -7.41378221 -7.4117579  -7.40641134
 -7.40224344 -7.39761524 -7.39573523 -7.38467799 -7.40311518 -7.40931445
 -7.4119942  -7.41269589 -7.4122909  -7.41086754 -7.40616501 -7.40217538
 -7.39761013 -7.39573486]
params_e0 (3.1398630765498377, 7.511125995033001, 1.2518772699417624, 0.7925295174136714, 44.69923414996552, 25714.534458390845, 0.0005264015903850875)
reconstructed_params [3.13986308e+00 7.51112600e+00 1.25187727e+00 7.92529517e-01
 4.46992341e+01 1.54999470e+01 7.95444300e-01 3.68144000e+00
 2.57145345e+04 5.26401590e-04]
saving params.txt: (3.1398630765498377, 7.511125995033001, 1.2518772699417624, 0.7925295174136714, 44.69923414996552, 15.499947, 0.7954443, 3.68144, 25714.534458390845, 0.0005264015903850875)
saving energy.txt: [-7.40529396 -7.41505492 -7.41729012 -7.4173715  -7.41634517 -7.41477632
 -7.41236036 -7.40658283 -7.40229178 -7.39761896 -7.39573549 -7.40410376
 -7.41438389 -7.41682003 -7.41703576 -7.41610533 -7.41460574 -7.4122529
 -7.40655006 -7.40228211 -7.39761817 -7.39573543 -7.39728404 -7.41043796
 -7.41418319 -7.41525658 -7.41489696 -7.4137822  -7.41175789 -7.40641132
 -7.40224343 -7.39761523 -7.39573521 -7.38467797 -7.40311516 -7.40931443
 -7.41199418 -7.41269587 -7.41229088 -7.41086752 -7.406165   -7.40217536
 -7.39761012 -7.39573484]
params_e0 (3.0873143319014646, 7.51112598554015, 1.2647545011681094, 0.6184730305693382, 50.54192549907713, 25714.53334613488, 0.0008942413525188915)
reconstructed_params [3.08731433e+00 7.51112599e+00 1.26475450e+00 6.18473031e-01
 5.05419255e+01 1.54999470e+01 7.95444300e-01 3.68144000e+00
 2.57145333e+04 8.94241353e-04]
saving params.txt: (3.0873143319014646, 7.51112598554015, 1.2647545011681094, 0.6184730305693382, 50.54192549907713, 15.499947, 0.7954443, 3.68144, 25714.53334613488, 0.0008942413525188915)
saving energy.txt: [-7.40497638 -7.41505126 -7.4173552  -7.41743249 -7.41636596 -7.41474239
 -7.41225099 -7.4063312  -7.40196975 -7.39725685 -7.39536825 -7.40377275
 -7.41437778 -7.41688683 -7.41710048 -7.41613053 -7.41457617 -7.41214728
 -7.4063003  -7.40196084 -7.39725616 -7.3953682  -7.39699389 -7.41049025
 -7.41430706 -7.41537193 -7.41496464 -7.41378699 -7.41167717 -7.40617144
 -7.40192569 -7.3972536  -7.39536802 -7.38448891 -7.40329108 -7.409554
 -7.41220944 -7.41284576 -7.41236119 -7.41083357 -7.40594318 -7.40186398
 -7.39724916 -7.39536771]
params_e0 (2.678527087583768, 7.513069047509733, 2.1054626029326444, 0.0633963852927818, 44.956033487713874, 25719.036008657178, 0.0021356204161525165)
reconstructed_params [2.67852709e+00 7.51306905e+00 2.10546260e+00 6.33963853e-02
 4.49560335e+01 1.54999470e+01 7.95444300e-01 3.68144000e+00
 2.57190360e+04 2.13562042e-03]
saving params.txt: (2.678527087583768, 7.513069047509733, 2.1054626029326444, 0.0633963852927818, 44.956033487713874, 15.499947, 0.7954443, 3.68144, 25719.036008657178, 0.0021356204161525165)
saving energy.txt: [-7.44018721 -7.43773519 -7.43347884 -7.42874716 -7.42417097 -7.41999666
 -7.41516534 -7.40641963 -7.40114178 -7.39605274 -7.39413007 -7.43967263
 -7.43755774 -7.43338517 -7.42869258 -7.4241379  -7.41997632 -7.41515461
 -7.40641744 -7.40114133 -7.39605272 -7.39413007 -7.43820362 -7.43691061
 -7.43303754 -7.42849893 -7.42402578 -7.41990955 -7.41512029 -7.40641063
 -7.40113996 -7.39605266 -7.39413007 -7.43582743 -7.43579589 -7.432434
 -7.42816503 -7.42383412 -7.41979616 -7.41506233 -7.4063992  -7.40113767
 -7.39605257 -7.39413006]
params_e0 (3.0072736734277923, 7.511972859401727, 1.5312711144431752, 0.7697990171950653, 44.699323385416534, 25715.973511227297, 0.0004715061626986378)
reconstructed_params [3.00727367e+00 7.51197286e+00 1.53127111e+00 7.69799017e-01
 4.46993234e+01 1.54999470e+01 7.95444300e-01 3.68144000e+00
 2.57159735e+04 4.71506163e-04]
saving params.txt: (3.0072736734277923, 7.511972859401727, 1.5312711144431752, 0.7697990171950653, 44.699323385416534, 15.499947, 0.7954443, 3.68144, 25715.973511227297, 0.0004715061626986378)
saving energy.txt: [-7.41051909 -7.41895347 -7.42037431 -7.41978688 -7.41822127 -7.41622412
 -7.41337793 -7.40700153 -7.40247664 -7.39768852 -7.39579187 -7.40943367
 -7.41840881 -7.42002071 -7.41955008 -7.41806143 -7.41611615 -7.41331406
 -7.40698457 -7.40247221 -7.39768823 -7.39579185 -7.40543829 -7.41625082
 -7.41864832 -7.41866274 -7.41748056 -7.41573314 -7.41309303 -7.40692823
 -7.40245786 -7.39768731 -7.39579179 -7.39854024 -7.41246338 -7.41624505
 -7.41711803 -7.41647501 -7.4150731  -7.41271394 -7.40683238 -7.40243356
 -7.39768576 -7.3957917 ]
params_e0 (3.1248290465152837, 7.511610632067041, 1.327781839770618, 0.7877766147721309, 44.69929562806581, 25714.869006277204, -9.263299054283432e-05)
reconstructed_params [ 3.12482905e+00  7.51161063e+00  1.32778184e+00  7.87776615e-01
  4.46992956e+01  1.54999470e+01  7.95444300e-01  3.68144000e+00
  2.57148690e+04 -9.26329905e-05]
saving params.txt: (3.1248290465152837, 7.511610632067041, 1.327781839770618, 0.7877766147721309, 44.69929562806581, 15.499947, 0.7954443, 3.68144, 25714.869006277204, -9.263299054283432e-05)
saving energy.txt: [-7.40290365 -7.41380068 -7.41660281 -7.41708317 -7.41633637 -7.41496253
 -7.41271728 -7.40712909 -7.40289141 -7.39823681 -7.39635448 -7.40160242
 -7.41308158 -7.41610899 -7.41673716 -7.41609338 -7.41479233 -7.41261196
 -7.40709812 -7.40288254 -7.39823612 -7.39635443 -7.39546627 -7.40957421
 -7.41378522 -7.41518077 -7.41504311 -7.41408068 -7.41218727 -7.40698104
 -7.40285038 -7.39823374 -7.39635426 -7.38441235 -7.40321633 -7.40959138
 -7.41239005 -7.41317138 -7.41281914 -7.41143888 -7.406777   -7.40279477
 -7.39822967 -7.39635397]
params_e0 (3.124829093078865, 7.511610632067041, 1.327781839770618, 0.7877766147721309, 44.69929562806581, 25714.869006277204, -9.263299054283432e-05)
reconstructed_params [ 3.12482909e+00  7.51161063e+00  1.32778184e+00  7.87776615e-01
  4.46992956e+01  1.54999470e+01  7.95444300e-01  3.68144000e+00
  2.57148690e+04 -9.26329905e-05]
saving params.txt: (3.124829093078865, 7.511610632067041, 1.327781839770618, 0.7877766147721309, 44.69929562806581, 15.499947, 0.7954443, 3.68144, 25714.869006277204, -9.263299054283432e-05)
saving energy.txt: [-7.40290364 -7.41380067 -7.4166028  -7.41708316 -7.41633636 -7.41496253
 -7.41271727 -7.40712909 -7.40289141 -7.39823681 -7.39635448 -7.40160241
 -7.41308158 -7.41610898 -7.41673715 -7.41609338 -7.41479233 -7.41261196
 -7.40709812 -7.40288254 -7.39823612 -7.39635443 -7.39546626 -7.40957421
 -7.41378522 -7.41518077 -7.41504311 -7.41408068 -7.41218726 -7.40698104
 -7.40285038 -7.39823374 -7.39635426 -7.38441234 -7.40321632 -7.40959137
 -7.41239005 -7.41317138 -7.41281914 -7.41143888 -7.406777   -7.40279477
 -7.39822967 -7.39635397]
params_e0 (3.1248290465152837, 7.511610743998761, 1.327781839770618, 0.7877766147721309, 44.69929562806581, 25714.869006277204, -9.263299054283432e-05)
reconstructed_params [ 3.12482905e+00  7.51161074e+00  1.32778184e+00  7.87776615e-01
  4.46992956e+01  1.54999470e+01  7.95444300e-01  3.68144000e+00
  2.57148690e+04 -9.26329905e-05]
saving params.txt: (3.1248290465152837, 7.511610743998761, 1.327781839770618, 0.7877766147721309, 44.69929562806581, 15.499947, 0.7954443, 3.68144, 25714.869006277204, -9.263299054283432e-05)
saving energy.txt: [-7.40290365 -7.41380068 -7.41660281 -7.41708317 -7.41633637 -7.41496253
 -7.41271728 -7.40712909 -7.40289141 -7.39823681 -7.39635448 -7.40160242
 -7.41308159 -7.41610899 -7.41673716 -7.41609338 -7.41479233 -7.41261196
 -7.40709812 -7.40288254 -7.39823612 -7.39635443 -7.39546627 -7.40957421
 -7.41378522 -7.41518077 -7.41504311 -7.41408069 -7.41218727 -7.40698104
 -7.40285038 -7.39823374 -7.39635426 -7.38441235 -7.40321633 -7.40959138
 -7.41239005 -7.41317138 -7.41281914 -7.41143888 -7.406777   -7.40279477
 -7.39822967 -7.39635397]
params_e0 (3.1248290465152837, 7.511610632067041, 1.3277818595561093, 0.7877766147721309, 44.69929562806581, 25714.869006277204, -9.263299054283432e-05)
reconstructed_params [ 3.12482905e+00  7.51161063e+00  1.32778186e+00  7.87776615e-01
  4.46992956e+01  1.54999470e+01  7.95444300e-01  3.68144000e+00
  2.57148690e+04 -9.26329905e-05]
saving params.txt: (3.1248290465152837, 7.511610632067041, 1.3277818595561093, 0.7877766147721309, 44.69929562806581, 15.499947, 0.7954443, 3.68144, 25714.869006277204, -9.263299054283432e-05)
saving energy.txt: [-7.40290365 -7.41380068 -7.41660281 -7.41708317 -7.41633637 -7.41496253
 -7.41271728 -7.40712909 -7.40289141 -7.39823681 -7.39635448 -7.40160242
 -7.41308158 -7.41610899 -7.41673716 -7.41609338 -7.41479233 -7.41261196
 -7.40709812 -7.40288254 -7.39823612 -7.39635443 -7.39546627 -7.40957421
 -7.41378522 -7.41518077 -7.41504311 -7.41408068 -7.41218727 -7.40698104
 -7.40285038 -7.39823374 -7.39635426 -7.38441235 -7.40321633 -7.40959138
 -7.41239005 -7.41317138 -7.41281914 -7.41143888 -7.406777   -7.40279477
 -7.39822967 -7.39635397]
params_e0 (3.1248290465152837, 7.511610632067041, 1.327781839770618, 0.7877766296732921, 44.69929562806581, 25714.869006277204, -9.263299054283432e-05)
reconstructed_params [ 3.12482905e+00  7.51161063e+00  1.32778184e+00  7.87776630e-01
  4.46992956e+01  1.54999470e+01  7.95444300e-01  3.68144000e+00
  2.57148690e+04 -9.26329905e-05]
saving params.txt: (3.1248290465152837, 7.511610632067041, 1.327781839770618, 0.7877766296732921, 44.69929562806581, 15.499947, 0.7954443, 3.68144, 25714.869006277204, -9.263299054283432e-05)
saving energy.txt: [-7.40290365 -7.41380068 -7.41660281 -7.41708317 -7.41633637 -7.41496253
 -7.41271728 -7.40712909 -7.40289141 -7.39823681 -7.39635448 -7.40160242
 -7.41308158 -7.41610899 -7.41673716 -7.41609338 -7.41479233 -7.41261196
 -7.40709812 -7.40288254 -7.39823612 -7.39635443 -7.39546627 -7.40957421
 -7.41378522 -7.41518077 -7.41504311 -7.41408068 -7.41218727 -7.40698104
 -7.40285038 -7.39823374 -7.39635426 -7.38441235 -7.40321633 -7.40959138
 -7.41239005 -7.41317138 -7.41281914 -7.41143888 -7.406777   -7.40279477
 -7.39822967 -7.39635397]
params_e0 (3.1248290465152837, 7.511610632067041, 1.327781839770618, 0.7877766147721309, 44.69929629413722, 25714.869006277204, -9.263299054283432e-05)
reconstructed_params [ 3.12482905e+00  7.51161063e+00  1.32778184e+00  7.87776615e-01
  4.46992963e+01  1.54999470e+01  7.95444300e-01  3.68144000e+00
  2.57148690e+04 -9.26329905e-05]
saving params.txt: (3.1248290465152837, 7.511610632067041, 1.327781839770618, 0.7877766147721309, 44.69929629413722, 15.499947, 0.7954443, 3.68144, 25714.869006277204, -9.263299054283432e-05)
saving energy.txt: [-7.40290365 -7.41380068 -7.41660281 -7.41708317 -7.41633637 -7.41496253
 -7.41271728 -7.40712909 -7.40289141 -7.39823681 -7.39635448 -7.40160242
 -7.41308158 -7.41610899 -7.41673716 -7.41609338 -7.41479233 -7.41261196
 -7.40709812 -7.40288254 -7.39823612 -7.39635443 -7.39546627 -7.40957421
 -7.41378522 -7.41518077 -7.41504311 -7.41408068 -7.41218727 -7.40698104
 -7.40285038 -7.39823374 -7.39635426 -7.38441235 -7.40321633 -7.40959138
 -7.41239005 -7.41317138 -7.41281914 -7.41143888 -7.406777   -7.40279477
 -7.39822967 -7.39635397]
params_e0 (3.1248290465152837, 7.511610632067041, 1.327781839770618, 0.7877766147721309, 44.69929562806581, 25714.86938945861, -9.263299054283432e-05)
reconstructed_params [ 3.12482905e+00  7.51161063e+00  1.32778184e+00  7.87776615e-01
  4.46992956e+01  1.54999470e+01  7.95444300e-01  3.68144000e+00
  2.57148694e+04 -9.26329905e-05]
saving params.txt: (3.1248290465152837, 7.511610632067041, 1.327781839770618, 0.7877766147721309, 44.69929562806581, 15.499947, 0.7954443, 3.68144, 25714.86938945861, -9.263299054283432e-05)
saving energy.txt: [-7.40290365 -7.41380068 -7.41660281 -7.41708317 -7.41633637 -7.41496253
 -7.41271728 -7.40712909 -7.40289141 -7.39823681 -7.39635448 -7.40160242
 -7.41308159 -7.41610899 -7.41673716 -7.41609338 -7.41479233 -7.41261196
 -7.40709812 -7.40288254 -7.39823612 -7.39635443 -7.39546627 -7.40957422
 -7.41378522 -7.41518077 -7.41504311 -7.41408069 -7.41218727 -7.40698104
 -7.40285038 -7.39823374 -7.39635426 -7.38441235 -7.40321633 -7.40959138
 -7.41239005 -7.41317138 -7.41281914 -7.41143888 -7.406777   -7.40279477
 -7.39822967 -7.39635397]
params_e0 (3.1248290465152837, 7.511610632067041, 1.327781839770618, 0.7877766147721309, 44.69929562806581, 25714.869006277204, -9.264789170402817e-05)
reconstructed_params [ 3.12482905e+00  7.51161063e+00  1.32778184e+00  7.87776615e-01
  4.46992956e+01  1.54999470e+01  7.95444300e-01  3.68144000e+00
  2.57148690e+04 -9.26478917e-05]
saving params.txt: (3.1248290465152837, 7.511610632067041, 1.327781839770618, 0.7877766147721309, 44.69929562806581, 15.499947, 0.7954443, 3.68144, 25714.869006277204, -9.264789170402817e-05)
saving energy.txt: [-7.40290367 -7.41380069 -7.41660282 -7.41708318 -7.41633638 -7.41496254
 -7.41271729 -7.40712911 -7.40289143 -7.39823682 -7.3963545  -7.40160244
 -7.4130816  -7.416109   -7.41673717 -7.4160934  -7.41479235 -7.41261198
 -7.40709814 -7.40288255 -7.39823613 -7.39635445 -7.39546629 -7.40957423
 -7.41378524 -7.41518078 -7.41504312 -7.4140807  -7.41218728 -7.40698106
 -7.4028504  -7.39823376 -7.39635428 -7.38441237 -7.40321634 -7.40959139
 -7.41239006 -7.41317139 -7.41281916 -7.41143889 -7.40677702 -7.40279479
 -7.39822968 -7.39635399]
params_e0 (3.163945801638732, 7.514490332419131, 1.2610340850043869, 0.7826731181247066, 44.70003389098771, 25715.082999018985, -0.0002593863986915405)
reconstructed_params [ 3.16394580e+00  7.51449033e+00  1.26103409e+00  7.82673118e-01
  4.47000339e+01  1.54999470e+01  7.95444300e-01  3.68144000e+00
  2.57150830e+04 -2.59386399e-04]
saving params.txt: (3.163945801638732, 7.514490332419131, 1.2610340850043869, 0.7826731181247066, 44.70003389098771, 15.499947, 0.7954443, 3.68144, 25715.082999018985, -0.0002593863986915405)
saving energy.txt: [-7.40134254 -7.41269168 -7.41576656 -7.41646895 -7.41590026 -7.41466749
 -7.41256384 -7.40717338 -7.40301376 -7.39839841 -7.39652072 -7.4000634
 -7.41196383 -7.41525594 -7.41610435 -7.41563988 -7.41448232 -7.41244715
 -7.40713769 -7.40300319 -7.39839754 -7.39652065 -7.39297063 -7.40784275
 -7.41249378 -7.41423565 -7.41436766 -7.41361331 -7.41192328 -7.4069898
 -7.40296164 -7.39839433 -7.39652041 -7.37991051 -7.40022807 -7.40741592
 -7.4108237  -7.41205979 -7.41204586 -7.41098455 -7.4067281  -7.40288876
 -7.39838877 -7.39652   ]
params_e0 (3.163945848785198, 7.514490332419131, 1.2610340850043869, 0.7826731181247066, 44.70003389098771, 25715.082999018985, -0.0002593863986915405)
reconstructed_params [ 3.16394585e+00  7.51449033e+00  1.26103409e+00  7.82673118e-01
  4.47000339e+01  1.54999470e+01  7.95444300e-01  3.68144000e+00
  2.57150830e+04 -2.59386399e-04]
saving params.txt: (3.163945848785198, 7.514490332419131, 1.2610340850043869, 0.7826731181247066, 44.70003389098771, 15.499947, 0.7954443, 3.68144, 25715.082999018985, -0.0002593863986915405)
saving energy.txt: [-7.40134253 -7.41269167 -7.41576655 -7.41646895 -7.41590026 -7.41466749
 -7.41256384 -7.40717338 -7.40301376 -7.39839841 -7.39652072 -7.40006339
 -7.41196383 -7.41525593 -7.41610434 -7.41563988 -7.41448232 -7.41244715
 -7.40713769 -7.40300319 -7.39839754 -7.39652065 -7.39297062 -7.40784274
 -7.41249378 -7.41423564 -7.41436766 -7.41361331 -7.41192328 -7.4069898
 -7.40296164 -7.39839433 -7.39652041 -7.3799105  -7.40022806 -7.40741591
 -7.41082369 -7.41205978 -7.41204586 -7.41098455 -7.4067281  -7.40288876
 -7.39838877 -7.39652   ]
params_e0 (3.163945801638732, 7.514490444393762, 1.2610340850043869, 0.7826731181247066, 44.70003389098771, 25715.082999018985, -0.0002593863986915405)
reconstructed_params [ 3.16394580e+00  7.51449044e+00  1.26103409e+00  7.82673118e-01
  4.47000339e+01  1.54999470e+01  7.95444300e-01  3.68144000e+00
  2.57150830e+04 -2.59386399e-04]
saving params.txt: (3.163945801638732, 7.514490444393762, 1.2610340850043869, 0.7826731181247066, 44.70003389098771, 15.499947, 0.7954443, 3.68144, 25715.082999018985, -0.0002593863986915405)
saving energy.txt: [-7.40134254 -7.41269168 -7.41576656 -7.41646896 -7.41590026 -7.41466749
 -7.41256384 -7.40717338 -7.40301376 -7.39839841 -7.39652072 -7.4000634
 -7.41196383 -7.41525594 -7.41610435 -7.41563988 -7.41448232 -7.41244715
 -7.40713769 -7.40300319 -7.39839754 -7.39652065 -7.39297063 -7.40784275
 -7.41249378 -7.41423565 -7.41436766 -7.41361331 -7.41192328 -7.4069898
 -7.40296164 -7.39839433 -7.39652041 -7.37991051 -7.40022807 -7.40741592
 -7.4108237  -7.41205979 -7.41204586 -7.41098455 -7.4067281  -7.40288876
 -7.39838877 -7.39652   ]
params_e0 (3.163945801638732, 7.514490332419131, 1.261034103795259, 0.7826731181247066, 44.70003389098771, 25715.082999018985, -0.0002593863986915405)
reconstructed_params [ 3.16394580e+00  7.51449033e+00  1.26103410e+00  7.82673118e-01
  4.47000339e+01  1.54999470e+01  7.95444300e-01  3.68144000e+00
  2.57150830e+04 -2.59386399e-04]
saving params.txt: (3.163945801638732, 7.514490332419131, 1.261034103795259, 0.7826731181247066, 44.70003389098771, 15.499947, 0.7954443, 3.68144, 25715.082999018985, -0.0002593863986915405)
saving energy.txt: [-7.40134254 -7.41269168 -7.41576656 -7.41646895 -7.41590026 -7.41466749
 -7.41256384 -7.40717338 -7.40301376 -7.39839841 -7.39652072 -7.4000634
 -7.41196383 -7.41525594 -7.41610435 -7.41563988 -7.41448232 -7.41244715
 -7.40713769 -7.40300319 -7.39839754 -7.39652065 -7.39297063 -7.40784275
 -7.41249378 -7.41423565 -7.41436766 -7.41361331 -7.41192328 -7.4069898
 -7.40296164 -7.39839433 -7.39652041 -7.37991051 -7.40022807 -7.40741592
 -7.4108237  -7.41205979 -7.41204586 -7.41098455 -7.4067281  -7.40288876
 -7.39838877 -7.39652   ]
params_e0 (3.163945801638732, 7.514490332419131, 1.2610340850043869, 0.7826731330258678, 44.70003389098771, 25715.082999018985, -0.0002593863986915405)
reconstructed_params [ 3.16394580e+00  7.51449033e+00  1.26103409e+00  7.82673133e-01
  4.47000339e+01  1.54999470e+01  7.95444300e-01  3.68144000e+00
  2.57150830e+04 -2.59386399e-04]
saving params.txt: (3.163945801638732, 7.514490332419131, 1.2610340850043869, 0.7826731330258678, 44.70003389098771, 15.499947, 0.7954443, 3.68144, 25715.082999018985, -0.0002593863986915405)
saving energy.txt: [-7.40134254 -7.41269168 -7.41576656 -7.41646895 -7.41590026 -7.41466749
 -7.41256384 -7.40717338 -7.40301376 -7.39839841 -7.39652072 -7.4000634
 -7.41196383 -7.41525594 -7.41610435 -7.41563988 -7.41448232 -7.41244715
 -7.40713769 -7.40300319 -7.39839754 -7.39652065 -7.39297063 -7.40784275
 -7.41249378 -7.41423565 -7.41436766 -7.41361331 -7.41192328 -7.4069898
 -7.40296164 -7.39839433 -7.39652041 -7.37991051 -7.40022807 -7.40741592
 -7.4108237  -7.41205979 -7.41204586 -7.41098455 -7.4067281  -7.40288876
 -7.39838877 -7.39652   ]
params_e0 (3.163945801638732, 7.514490332419131, 1.2610340850043869, 0.7826731181247066, 44.70003455707012, 25715.082999018985, -0.0002593863986915405)
reconstructed_params [ 3.16394580e+00  7.51449033e+00  1.26103409e+00  7.82673118e-01
  4.47000346e+01  1.54999470e+01  7.95444300e-01  3.68144000e+00
  2.57150830e+04 -2.59386399e-04]
saving params.txt: (3.163945801638732, 7.514490332419131, 1.2610340850043869, 0.7826731181247066, 44.70003455707012, 15.499947, 0.7954443, 3.68144, 25715.082999018985, -0.0002593863986915405)
saving energy.txt: [-7.40134254 -7.41269168 -7.41576656 -7.41646895 -7.41590026 -7.41466749
 -7.41256384 -7.40717338 -7.40301376 -7.39839841 -7.39652072 -7.4000634
 -7.41196383 -7.41525594 -7.41610435 -7.41563988 -7.41448232 -7.41244715
 -7.40713769 -7.40300319 -7.39839754 -7.39652065 -7.39297063 -7.40784275
 -7.41249378 -7.41423565 -7.41436766 -7.41361331 -7.41192328 -7.4069898
 -7.40296164 -7.39839433 -7.39652041 -7.37991051 -7.40022807 -7.40741592
 -7.4108237  -7.41205979 -7.41204586 -7.41098455 -7.4067281  -7.40288876
 -7.39838877 -7.39652   ]
params_e0 (3.163945801638732, 7.514490332419131, 1.2610340850043869, 0.7826731181247066, 44.70003389098771, 25715.083382203582, -0.0002593863986915405)
reconstructed_params [ 3.16394580e+00  7.51449033e+00  1.26103409e+00  7.82673118e-01
  4.47000339e+01  1.54999470e+01  7.95444300e-01  3.68144000e+00
  2.57150834e+04 -2.59386399e-04]
saving params.txt: (3.163945801638732, 7.514490332419131, 1.2610340850043869, 0.7826731181247066, 44.70003389098771, 15.499947, 0.7954443, 3.68144, 25715.083382203582, -0.0002593863986915405)
saving energy.txt: [-7.40134254 -7.41269168 -7.41576656 -7.41646896 -7.41590026 -7.41466749
 -7.41256384 -7.40717338 -7.40301376 -7.39839841 -7.39652072 -7.4000634
 -7.41196384 -7.41525594 -7.41610435 -7.41563988 -7.41448232 -7.41244715
 -7.40713769 -7.40300319 -7.39839754 -7.39652065 -7.39297063 -7.40784275
 -7.41249378 -7.41423565 -7.41436766 -7.41361331 -7.41192328 -7.4069898
 -7.40296164 -7.39839433 -7.39652041 -7.37991051 -7.40022807 -7.40741592
 -7.4108237  -7.41205979 -7.41204586 -7.41098455 -7.4067281  -7.40288876
 -7.39838877 -7.39652   ]
params_e0 (3.163945801638732, 7.514490332419131, 1.2610340850043869, 0.7826731181247066, 44.70003389098771, 25715.082999018985, -0.00025940129985273436)
reconstructed_params [ 3.16394580e+00  7.51449033e+00  1.26103409e+00  7.82673118e-01
  4.47000339e+01  1.54999470e+01  7.95444300e-01  3.68144000e+00
  2.57150830e+04 -2.59401300e-04]
saving params.txt: (3.163945801638732, 7.514490332419131, 1.2610340850043869, 0.7826731181247066, 44.70003389098771, 15.499947, 0.7954443, 3.68144, 25715.082999018985, -0.00025940129985273436)
saving energy.txt: [-7.40134255 -7.41269169 -7.41576657 -7.41646897 -7.41590027 -7.41466751
 -7.41256385 -7.4071734  -7.40301377 -7.39839843 -7.39652073 -7.40006341
 -7.41196385 -7.41525595 -7.41610436 -7.4156399  -7.41448234 -7.41244717
 -7.40713771 -7.4030032  -7.39839756 -7.39652066 -7.39297064 -7.40784276
 -7.4124938  -7.41423566 -7.41436768 -7.41361333 -7.4119233  -7.40698982
 -7.40296165 -7.39839435 -7.39652043 -7.37991052 -7.40022809 -7.40741593
 -7.41082371 -7.4120598  -7.41204588 -7.41098457 -7.40672811 -7.40288878
 -7.39838879 -7.39652002]
params_e0 (3.16119591625637, 7.59174710619006, 1.2600781542598505, 0.7810209876861877, 44.65804491730967, 25715.08342481734, -3.191791182647759e-05)
reconstructed_params [ 3.16119592e+00  7.59174711e+00  1.26007815e+00  7.81020988e-01
  4.46580449e+01  1.54999470e+01  7.95444300e-01  3.68144000e+00
  2.57150834e+04 -3.19179118e-05]
saving params.txt: (3.16119591625637, 7.59174710619006, 1.2600781542598505, 0.7810209876861877, 44.65804491730967, 15.499947, 0.7954443, 3.68144, 25715.08342481734, -3.191791182647759e-05)
saving energy.txt: [-7.40177782 -7.4131171  -7.41612497 -7.41674276 -7.41608785 -7.41477555
 -7.41258203 -7.40704822 -7.40282517 -7.39817568 -7.39629374 -7.40051881
 -7.4124035  -7.41562557 -7.41638701 -7.41583446 -7.41459585 -7.41246924
 -7.40701409 -7.40281518 -7.39817488 -7.39629368 -7.39341056 -7.40829378
 -7.41288182 -7.41453818 -7.4145808  -7.41374293 -7.41195779 -7.40687161
 -7.40277568 -7.39817191 -7.39629347 -7.38029298 -7.40068489 -7.40782816
 -7.41115638 -7.41230272 -7.41220204 -7.41103997 -7.40661915 -7.40270631
 -7.39816675 -7.3962931 ]
params_e0 (3.16119596336186, 7.59174710619006, 1.2600781542598505, 0.7810209876861877, 44.65804491730967, 25715.08342481734, -3.191791182647759e-05)
reconstructed_params [ 3.16119596e+00  7.59174711e+00  1.26007815e+00  7.81020988e-01
  4.46580449e+01  1.54999470e+01  7.95444300e-01  3.68144000e+00
  2.57150834e+04 -3.19179118e-05]
saving params.txt: (3.16119596336186, 7.59174710619006, 1.2600781542598505, 0.7810209876861877, 44.65804491730967, 15.499947, 0.7954443, 3.68144, 25715.08342481734, -3.191791182647759e-05)
saving energy.txt: [-7.40177782 -7.4131171  -7.41612497 -7.41674275 -7.41608785 -7.41477554
 -7.41258203 -7.40704822 -7.40282517 -7.39817568 -7.39629374 -7.4005188
 -7.41240349 -7.41562557 -7.41638701 -7.41583446 -7.41459585 -7.41246923
 -7.40701409 -7.40281518 -7.39817488 -7.39629368 -7.39341055 -7.40829377
 -7.41288182 -7.41453817 -7.4145808  -7.41374293 -7.41195779 -7.4068716
 -7.40277568 -7.39817191 -7.39629347 -7.38029297 -7.40068489 -7.40782815
 -7.41115638 -7.41230272 -7.41220204 -7.41103996 -7.40661915 -7.40270631
 -7.39816675 -7.3962931 ]
params_e0 (3.16119591625637, 7.5917472193159075, 1.2600781542598505, 0.7810209876861877, 44.65804491730967, 25715.08342481734, -3.191791182647759e-05)
reconstructed_params [ 3.16119592e+00  7.59174722e+00  1.26007815e+00  7.81020988e-01
  4.46580449e+01  1.54999470e+01  7.95444300e-01  3.68144000e+00
  2.57150834e+04 -3.19179118e-05]
saving params.txt: (3.16119591625637, 7.5917472193159075, 1.2600781542598505, 0.7810209876861877, 44.65804491730967, 15.499947, 0.7954443, 3.68144, 25715.08342481734, -3.191791182647759e-05)
saving energy.txt: [-7.40177782 -7.4131171  -7.41612497 -7.41674276 -7.41608785 -7.41477555
 -7.41258203 -7.40704822 -7.40282517 -7.39817568 -7.39629374 -7.40051881
 -7.4124035  -7.41562557 -7.41638701 -7.41583446 -7.41459585 -7.41246924
 -7.40701409 -7.40281518 -7.39817488 -7.39629368 -7.39341056 -7.40829378
 -7.41288182 -7.41453818 -7.4145808  -7.41374293 -7.41195779 -7.40687161
 -7.40277568 -7.39817191 -7.39629347 -7.38029298 -7.40068489 -7.40782816
 -7.41115638 -7.41230272 -7.41220204 -7.41103997 -7.40661915 -7.40270631
 -7.39816675 -7.3962931 ]
params_e0 (3.16119591625637, 7.59174710619006, 1.260078173036478, 0.7810209876861877, 44.65804491730967, 25715.08342481734, -3.191791182647759e-05)
reconstructed_params [ 3.16119592e+00  7.59174711e+00  1.26007817e+00  7.81020988e-01
  4.46580449e+01  1.54999470e+01  7.95444300e-01  3.68144000e+00
  2.57150834e+04 -3.19179118e-05]
saving params.txt: (3.16119591625637, 7.59174710619006, 1.260078173036478, 0.7810209876861877, 44.65804491730967, 15.499947, 0.7954443, 3.68144, 25715.08342481734, -3.191791182647759e-05)
saving energy.txt: [-7.40177782 -7.4131171  -7.41612497 -7.41674275 -7.41608785 -7.41477554
 -7.41258203 -7.40704822 -7.40282517 -7.39817568 -7.39629374 -7.40051881
 -7.4124035  -7.41562557 -7.41638701 -7.41583446 -7.41459585 -7.41246924
 -7.40701409 -7.40281518 -7.39817488 -7.39629368 -7.39341056 -7.40829378
 -7.41288182 -7.41453817 -7.4145808  -7.41374293 -7.41195779 -7.40687161
 -7.40277568 -7.39817191 -7.39629347 -7.38029298 -7.40068489 -7.40782815
 -7.41115638 -7.41230272 -7.41220204 -7.41103997 -7.40661915 -7.40270631
 -7.39816675 -7.3962931 ]
params_e0 (3.16119591625637, 7.59174710619006, 1.2600781542598505, 0.7810210025873489, 44.65804491730967, 25715.08342481734, -3.191791182647759e-05)
reconstructed_params [ 3.16119592e+00  7.59174711e+00  1.26007815e+00  7.81021003e-01
  4.46580449e+01  1.54999470e+01  7.95444300e-01  3.68144000e+00
  2.57150834e+04 -3.19179118e-05]
saving params.txt: (3.16119591625637, 7.59174710619006, 1.2600781542598505, 0.7810210025873489, 44.65804491730967, 15.499947, 0.7954443, 3.68144, 25715.08342481734, -3.191791182647759e-05)
saving energy.txt: [-7.40177782 -7.4131171  -7.41612497 -7.41674276 -7.41608785 -7.41477555
 -7.41258203 -7.40704822 -7.40282517 -7.39817568 -7.39629374 -7.40051881
 -7.4124035  -7.41562557 -7.41638701 -7.41583446 -7.41459585 -7.41246924
 -7.40701409 -7.40281518 -7.39817488 -7.39629368 -7.39341056 -7.40829378
 -7.41288182 -7.41453818 -7.4145808  -7.41374293 -7.41195779 -7.40687161
 -7.40277568 -7.39817191 -7.39629347 -7.38029298 -7.40068489 -7.40782816
 -7.41115638 -7.41230272 -7.41220204 -7.41103997 -7.40661915 -7.40270631
 -7.39816675 -7.3962931 ]
params_e0 (3.16119591625637, 7.59174710619006, 1.2600781542598505, 0.7810209876861877, 44.65804558276639, 25715.08342481734, -3.191791182647759e-05)
reconstructed_params [ 3.16119592e+00  7.59174711e+00  1.26007815e+00  7.81020988e-01
  4.46580456e+01  1.54999470e+01  7.95444300e-01  3.68144000e+00
  2.57150834e+04 -3.19179118e-05]
saving params.txt: (3.16119591625637, 7.59174710619006, 1.2600781542598505, 0.7810209876861877, 44.65804558276639, 15.499947, 0.7954443, 3.68144, 25715.08342481734, -3.191791182647759e-05)
saving energy.txt: [-7.40177782 -7.4131171  -7.41612497 -7.41674275 -7.41608785 -7.41477554
 -7.41258203 -7.40704822 -7.40282517 -7.39817568 -7.39629374 -7.40051881
 -7.4124035  -7.41562557 -7.41638701 -7.41583446 -7.41459585 -7.41246924
 -7.40701409 -7.40281518 -7.39817488 -7.39629368 -7.39341056 -7.40829378
 -7.41288182 -7.41453817 -7.4145808  -7.41374293 -7.41195779 -7.40687161
 -7.40277568 -7.39817191 -7.39629347 -7.38029298 -7.40068489 -7.40782815
 -7.41115638 -7.41230272 -7.41220204 -7.41103997 -7.40661915 -7.40270631
 -7.39816675 -7.3962931 ]
params_e0 (3.16119591625637, 7.59174710619006, 1.2600781542598505, 0.7810209876861877, 44.65804491730967, 25715.083808001946, -3.191791182647759e-05)
reconstructed_params [ 3.16119592e+00  7.59174711e+00  1.26007815e+00  7.81020988e-01
  4.46580449e+01  1.54999470e+01  7.95444300e-01  3.68144000e+00
  2.57150838e+04 -3.19179118e-05]
saving params.txt: (3.16119591625637, 7.59174710619006, 1.2600781542598505, 0.7810209876861877, 44.65804491730967, 15.499947, 0.7954443, 3.68144, 25715.083808001946, -3.191791182647759e-05)
saving energy.txt: [-7.40177782 -7.4131171  -7.41612497 -7.41674276 -7.41608785 -7.41477555
 -7.41258203 -7.40704822 -7.40282517 -7.39817568 -7.39629374 -7.40051881
 -7.4124035  -7.41562557 -7.41638701 -7.41583446 -7.41459585 -7.41246924
 -7.40701409 -7.40281518 -7.39817488 -7.39629368 -7.39341056 -7.40829378
 -7.41288182 -7.41453818 -7.4145808  -7.41374293 -7.41195779 -7.40687161
 -7.40277568 -7.39817191 -7.39629347 -7.38029298 -7.40068489 -7.40782816
 -7.41115638 -7.41230272 -7.41220204 -7.41103997 -7.40661915 -7.40270631
 -7.39816675 -7.3962931 ]
params_e0 (3.16119591625637, 7.59174710619006, 1.2600781542598505, 0.7810209876861877, 44.65804491730967, 25715.08342481734, -3.193281298767144e-05)
reconstructed_params [ 3.16119592e+00  7.59174711e+00  1.26007815e+00  7.81020988e-01
  4.46580449e+01  1.54999470e+01  7.95444300e-01  3.68144000e+00
  2.57150834e+04 -3.19328130e-05]
saving params.txt: (3.16119591625637, 7.59174710619006, 1.2600781542598505, 0.7810209876861877, 44.65804491730967, 15.499947, 0.7954443, 3.68144, 25715.08342481734, -3.193281298767144e-05)
saving energy.txt: [-7.40177784 -7.41311712 -7.41612499 -7.41674277 -7.41608787 -7.41477556
 -7.41258204 -7.40704823 -7.40282519 -7.39817569 -7.39629376 -7.40051882
 -7.41240351 -7.41562559 -7.41638703 -7.41583448 -7.41459586 -7.41246925
 -7.40701411 -7.4028152  -7.39817489 -7.3962937  -7.39341057 -7.40829379
 -7.41288183 -7.41453819 -7.41458082 -7.41374294 -7.4119578  -7.40687162
 -7.40277569 -7.39817192 -7.39629348 -7.380293   -7.40068491 -7.40782817
 -7.4111564  -7.41230274 -7.41220206 -7.41103998 -7.40661917 -7.40270633
 -7.39816677 -7.39629311]
params_e0 (3.084720990880596, 7.624105239793555, 1.3933773278879389, 0.7649487477141292, 44.6578120239014, 25716.16999713182, 0.000477633884506452)
reconstructed_params [3.08472099e+00 7.62410524e+00 1.39337733e+00 7.64948748e-01
 4.46578120e+01 1.54999470e+01 7.95444300e-01 3.68144000e+00
 2.57161700e+04 4.77633885e-04]
saving params.txt: (3.084720990880596, 7.624105239793555, 1.3933773278879389, 0.7649487477141292, 44.6578120239014, 15.499947, 0.7954443, 3.68144, 25716.16999713182, 0.000477633884506452)
saving energy.txt: [-7.40528948 -7.4155929  -7.41796475 -7.4180608  -7.41698593 -7.41534075
 -7.41281364 -7.40681741 -7.40241483 -7.39767727 -7.39578531 -7.40404157
 -7.41492718 -7.41751807 -7.4177541  -7.41677453 -7.41519525 -7.41272559
 -7.40679283 -7.40240812 -7.39767679 -7.39578528 -7.39868153 -7.41193643
 -7.41557173 -7.41647175 -7.41592215 -7.41462585 -7.4123919  -7.40670477
 -7.40238494 -7.39767521 -7.39578518 -7.38916526 -7.4065792  -7.41209865
 -7.41419798 -7.4144198  -7.41362736 -7.41181003 -7.40655278 -7.40234521
 -7.39767253 -7.395785  ]
params_e0 (3.1419556823890424, 7.603115875831994, 1.293245708775225, 0.7772893038943571, 44.657973103138055, 25715.33543340489, 0.00012019387733144788)
reconstructed_params [3.14195568e+00 7.60311588e+00 1.29324571e+00 7.77289304e-01
 4.46579731e+01 1.54999470e+01 7.95444300e-01 3.68144000e+00
 2.57153354e+04 1.20193877e-04]
saving params.txt: (3.1419556823890424, 7.603115875831994, 1.293245708775225, 0.7772893038943571, 44.657973103138055, 15.499947, 0.7954443, 3.68144, 25715.33543340489, 0.00012019387733144788)
saving energy.txt: [-7.40244389 -7.41360455 -7.41649134 -7.41700398 -7.41626074 -7.41487603
 -7.41260769 -7.40696566 -7.40269857 -7.39802656 -7.39614194 -7.40116026
 -7.41288789 -7.41599566 -7.41665463 -7.41601426 -7.41470273 -7.41250003
 -7.40693381 -7.40268942 -7.39802585 -7.39614189 -7.39453528 -7.40909072
 -7.4134763  -7.41496634 -7.41487512 -7.41393126 -7.4120401  -7.40680742
 -7.40265483 -7.39802331 -7.39614171 -7.38244859 -7.40213148 -7.4088813
 -7.4119079  -7.41282467 -7.41255041 -7.41122211 -7.40658534 -7.40259458
 -7.39801894 -7.3961414 ]
params_e0 (3.1562318689221023, 7.595006488401773, 1.2682603740642733, 0.780104188815263, 44.65802490118267, 25715.145324296565, 2.13485184232711e-05)
reconstructed_params [3.15623187e+00 7.59500649e+00 1.26826037e+00 7.80104189e-01
 4.46580249e+01 1.54999470e+01 7.95444300e-01 3.68144000e+00
 2.57151453e+04 2.13485184e-05]
saving params.txt: (3.1562318689221023, 7.595006488401773, 1.2682603740642733, 0.780104188815263, 44.65802490118267, 15.499947, 0.7954443, 3.68144, 25715.145324296565, 2.13485184232711e-05)
saving energy.txt: [-7.40194943 -7.41323879 -7.41621319 -7.41680207 -7.41612299 -7.41479091
 -7.41257702 -7.40701381 -7.40277882 -7.39812323 -7.39624056 -7.40068253
 -7.41252347 -7.41571413 -7.41644756 -7.4158711  -7.41461269 -7.41246545
 -7.40698025 -7.40276904 -7.39812245 -7.3962405  -7.39369929 -7.40849488
 -7.41302875 -7.41464059 -7.41464737 -7.4137811  -7.41196753 -7.40684202
 -7.40273085 -7.39811959 -7.3962403  -7.38085037 -7.4010558  -7.40809524
 -7.41134368 -7.41242917 -7.41228239 -7.41107609 -7.40659764 -7.40266392
 -7.39811465 -7.39623994]
params_e0 (3.1598005306589956, 7.592594260540191, 1.262019798127472, 0.780792297337886, 44.65803822793251, 25715.098823690274, -4.852192433052308e-06)
reconstructed_params [ 3.15980053e+00  7.59259426e+00  1.26201980e+00  7.80792297e-01
  4.46580382e+01  1.54999470e+01  7.95444300e-01  3.68144000e+00
  2.57150988e+04 -4.85219243e-06]
saving params.txt: (3.1598005306589956, 7.592594260540191, 1.262019798127472, 0.780792297337886, 44.65803822793251, 15.499947, 0.7954443, 3.68144, 25715.098823690274, -4.852192433052308e-06)
saving energy.txt: [-7.40184095 -7.41315639 -7.41614988 -7.41675598 -7.41609174 -7.41477208
 -7.41257122 -7.40702727 -7.4028003  -7.39814886 -7.3962667  -7.40058051
 -7.41244271 -7.41565081 -7.41640072 -7.41583885 -7.41459284 -7.41245879
 -7.40699331 -7.40279036 -7.39814807 -7.39626664 -7.39350516 -7.40835434
 -7.41292243 -7.41456291 -7.41459308 -7.41374555 -7.41195091 -7.40685195
 -7.40275121 -7.39814513 -7.39626643 -7.38045746 -7.40078971 -7.40790012
 -7.4112033  -7.41233066 -7.41221571 -7.41104001 -7.40660162 -7.40268249
 -7.39814003 -7.39626606]
params_e0 (3.160719885891451, 7.591948966725104, 1.260440459476251, 0.7809663864934772, 44.658041757294086, 25715.087059294878, -1.2495244445089226e-05)
reconstructed_params [ 3.16071989e+00  7.59194897e+00  1.26044046e+00  7.80966386e-01
  4.46580418e+01  1.54999470e+01  7.95444300e-01  3.68144000e+00
  2.57150871e+04 -1.24952444e-05]
saving params.txt: (3.160719885891451, 7.591948966725104, 1.260440459476251, 0.7809663864934772, 44.658041757294086, 15.499947, 0.7954443, 3.68144, 25715.087059294878, -1.2495244445089226e-05)
saving energy.txt: [-7.40181261 -7.41313515 -7.41613377 -7.41674448 -7.41608419 -7.41476782
 -7.41257042 -7.40703156 -7.40280669 -7.39815636 -7.39627433 -7.40055392
 -7.41242194 -7.41563473 -7.41638905 -7.41583106 -7.41458833 -7.41245777
 -7.40699749 -7.40279672 -7.39815556 -7.39627427 -7.39345486 -7.40831818
 -7.41289527 -7.41454328 -7.4145796  -7.41373698 -7.41194732 -7.40685532
 -7.40275732 -7.3981526  -7.39627405 -7.38035591 -7.40072113 -7.40785002
 -7.41116746 -7.41230574 -7.41219908 -7.41103137 -7.40660345 -7.40268813
 -7.39814746 -7.39627368]
params_e0 (3.161046568822214, 7.591770470099145, 1.2600587846165703, 0.7810142015024533, 44.6580435369673, 25715.08384973488, -2.0159940735435475e-05)
reconstructed_params [ 3.16104657e+00  7.59177047e+00  1.26005878e+00  7.81014202e-01
  4.46580435e+01  1.54999470e+01  7.95444300e-01  3.68144000e+00
  2.57150838e+04 -2.01599407e-05]
saving params.txt: (3.161046568822214, 7.591770470099145, 1.2600587846165703, 0.7810142015024533, 44.6580435369673, 15.499947, 0.7954443, 3.68144, 25715.08384973488, -2.0159940735435475e-05)
saving energy.txt: [-7.4017935  -7.4131237  -7.41612674 -7.41674092 -7.41608335 -7.41476908
 -7.41257373 -7.40703763 -7.4028138  -7.39816396 -7.39628199 -7.40053495
 -7.41241041 -7.41562756 -7.41638534 -7.41583008 -7.41458947 -7.41246099
 -7.40700352 -7.40280381 -7.39816316 -7.39628193 -7.39342868 -7.40830196
 -7.41288472 -7.41453716 -7.41457689 -7.41373688 -7.41194976 -7.4068611
 -7.40276433 -7.39816019 -7.39628171 -7.38031462 -7.40069533 -7.40783268
 -7.41115652 -7.41229963 -7.41219659 -7.4110323  -7.40660876 -7.402695
 -7.39815504 -7.39628134]
params_e0 (3.1610466159254784, 7.591770470099145, 1.2600587846165703, 0.7810142015024533, 44.6580435369673, 25715.08384973488, -2.0159940735435475e-05)
reconstructed_params [ 3.16104662e+00  7.59177047e+00  1.26005878e+00  7.81014202e-01
  4.46580435e+01  1.54999470e+01  7.95444300e-01  3.68144000e+00
  2.57150838e+04 -2.01599407e-05]
saving params.txt: (3.1610466159254784, 7.591770470099145, 1.2600587846165703, 0.7810142015024533, 44.6580435369673, 15.499947, 0.7954443, 3.68144, 25715.08384973488, -2.0159940735435475e-05)
saving energy.txt: [-7.40179349 -7.41312369 -7.41612673 -7.41674092 -7.41608335 -7.41476908
 -7.41257373 -7.40703763 -7.4028138  -7.39816396 -7.39628199 -7.40053494
 -7.4124104  -7.41562756 -7.41638534 -7.41583008 -7.41458947 -7.41246099
 -7.40700352 -7.40280381 -7.39816316 -7.39628193 -7.39342867 -7.40830196
 -7.41288472 -7.41453716 -7.41457689 -7.41373688 -7.41194976 -7.4068611
 -7.40276433 -7.39816019 -7.39628171 -7.38031461 -7.40069533 -7.40783267
 -7.41115652 -7.41229963 -7.41219658 -7.4110323  -7.40660876 -7.402695
 -7.39815504 -7.39628134]
params_e0 (3.161046568822214, 7.59177058322534, 1.2600587846165703, 0.7810142015024533, 44.6580435369673, 25715.08384973488, -2.0159940735435475e-05)
reconstructed_params [ 3.16104657e+00  7.59177058e+00  1.26005878e+00  7.81014202e-01
  4.46580435e+01  1.54999470e+01  7.95444300e-01  3.68144000e+00
  2.57150838e+04 -2.01599407e-05]
saving params.txt: (3.161046568822214, 7.59177058322534, 1.2600587846165703, 0.7810142015024533, 44.6580435369673, 15.499947, 0.7954443, 3.68144, 25715.08384973488, -2.0159940735435475e-05)
saving energy.txt: [-7.4017935  -7.4131237  -7.41612674 -7.41674092 -7.41608335 -7.41476908
 -7.41257373 -7.40703763 -7.4028138  -7.39816396 -7.39628199 -7.40053495
 -7.41241041 -7.41562756 -7.41638534 -7.41583008 -7.41458947 -7.41246099
 -7.40700352 -7.40280381 -7.39816316 -7.39628193 -7.39342868 -7.40830197
 -7.41288472 -7.41453716 -7.41457689 -7.41373689 -7.41194976 -7.4068611
 -7.40276433 -7.39816019 -7.39628171 -7.38031462 -7.40069533 -7.40783268
 -7.41115652 -7.41229963 -7.41219659 -7.41103231 -7.40660877 -7.402695
 -7.39815504 -7.39628134]
params_e0 (3.161046568822214, 7.591770470099145, 1.2600588033929094, 0.7810142015024533, 44.6580435369673, 25715.08384973488, -2.0159940735435475e-05)
reconstructed_params [ 3.16104657e+00  7.59177047e+00  1.26005880e+00  7.81014202e-01
  4.46580435e+01  1.54999470e+01  7.95444300e-01  3.68144000e+00
  2.57150838e+04 -2.01599407e-05]
saving params.txt: (3.161046568822214, 7.591770470099145, 1.2600588033929094, 0.7810142015024533, 44.6580435369673, 15.499947, 0.7954443, 3.68144, 25715.08384973488, -2.0159940735435475e-05)
saving energy.txt: [-7.4017935  -7.4131237  -7.41612673 -7.41674092 -7.41608335 -7.41476908
 -7.41257373 -7.40703763 -7.4028138  -7.39816396 -7.39628199 -7.40053495
 -7.41241041 -7.41562756 -7.41638534 -7.41583008 -7.41458947 -7.41246099
 -7.40700352 -7.40280381 -7.39816316 -7.39628193 -7.39342868 -7.40830196
 -7.41288472 -7.41453716 -7.41457689 -7.41373688 -7.41194976 -7.4068611
 -7.40276433 -7.39816019 -7.39628171 -7.38031462 -7.40069533 -7.40783267
 -7.41115652 -7.41229963 -7.41219658 -7.4110323  -7.40660876 -7.402695
 -7.39815504 -7.39628134]
params_e0 (3.161046568822214, 7.591770470099145, 1.2600587846165703, 0.7810142164036145, 44.6580435369673, 25715.08384973488, -2.0159940735435475e-05)
reconstructed_params [ 3.16104657e+00  7.59177047e+00  1.26005878e+00  7.81014216e-01
  4.46580435e+01  1.54999470e+01  7.95444300e-01  3.68144000e+00
  2.57150838e+04 -2.01599407e-05]
saving params.txt: (3.161046568822214, 7.591770470099145, 1.2600587846165703, 0.7810142164036145, 44.6580435369673, 15.499947, 0.7954443, 3.68144, 25715.08384973488, -2.0159940735435475e-05)
saving energy.txt: [-7.4017935  -7.4131237  -7.41612674 -7.41674092 -7.41608335 -7.41476908
 -7.41257373 -7.40703763 -7.4028138  -7.39816396 -7.39628199 -7.40053495
 -7.41241041 -7.41562756 -7.41638534 -7.41583008 -7.41458947 -7.41246099
 -7.40700352 -7.40280381 -7.39816316 -7.39628193 -7.39342868 -7.40830196
 -7.41288472 -7.41453716 -7.41457689 -7.41373688 -7.41194976 -7.4068611
 -7.40276433 -7.39816019 -7.39628171 -7.38031462 -7.40069533 -7.40783268
 -7.41115652 -7.41229963 -7.41219659 -7.4110323  -7.40660876 -7.402695
 -7.39815504 -7.39628134]
params_e0 (3.161046568822214, 7.591770470099145, 1.2600587846165703, 0.7810142015024533, 44.658044202424, 25715.08384973488, -2.0159940735435475e-05)
reconstructed_params [ 3.16104657e+00  7.59177047e+00  1.26005878e+00  7.81014202e-01
  4.46580442e+01  1.54999470e+01  7.95444300e-01  3.68144000e+00
  2.57150838e+04 -2.01599407e-05]
saving params.txt: (3.161046568822214, 7.591770470099145, 1.2600587846165703, 0.7810142015024533, 44.658044202424, 15.499947, 0.7954443, 3.68144, 25715.08384973488, -2.0159940735435475e-05)
saving energy.txt: [-7.4017935  -7.4131237  -7.41612673 -7.41674092 -7.41608335 -7.41476908
 -7.41257373 -7.40703763 -7.4028138  -7.39816396 -7.39628199 -7.40053495
 -7.41241041 -7.41562756 -7.41638534 -7.41583008 -7.41458947 -7.41246099
 -7.40700352 -7.40280381 -7.39816316 -7.39628193 -7.39342868 -7.40830196
 -7.41288472 -7.41453716 -7.41457689 -7.41373688 -7.41194976 -7.4068611
 -7.40276433 -7.39816019 -7.39628171 -7.38031462 -7.40069533 -7.40783267
 -7.41115652 -7.41229963 -7.41219658 -7.4110323  -7.40660876 -7.402695
 -7.39815504 -7.39628134]
params_e0 (3.161046568822214, 7.591770470099145, 1.2600587846165703, 0.7810142015024533, 44.6580435369673, 25715.08423291949, -2.0159940735435475e-05)
reconstructed_params [ 3.16104657e+00  7.59177047e+00  1.26005878e+00  7.81014202e-01
  4.46580435e+01  1.54999470e+01  7.95444300e-01  3.68144000e+00
  2.57150842e+04 -2.01599407e-05]
saving params.txt: (3.161046568822214, 7.591770470099145, 1.2600587846165703, 0.7810142015024533, 44.6580435369673, 15.499947, 0.7954443, 3.68144, 25715.08423291949, -2.0159940735435475e-05)
saving energy.txt: [-7.4017935  -7.4131237  -7.41612674 -7.41674092 -7.41608335 -7.41476908
 -7.41257373 -7.40703763 -7.4028138  -7.39816396 -7.39628199 -7.40053495
 -7.41241041 -7.41562756 -7.41638534 -7.41583008 -7.41458947 -7.41246099
 -7.40700352 -7.40280381 -7.39816316 -7.39628193 -7.39342868 -7.40830197
 -7.41288473 -7.41453716 -7.41457689 -7.41373689 -7.41194976 -7.4068611
 -7.40276433 -7.39816019 -7.39628171 -7.38031462 -7.40069533 -7.40783268
 -7.41115652 -7.41229963 -7.41219659 -7.41103231 -7.40660877 -7.402695
 -7.39815504 -7.39628134]
params_e0 (3.161046568822214, 7.591770470099145, 1.2600587846165703, 0.7810142015024533, 44.6580435369673, 25715.08384973488, -2.0174841896629322e-05)
reconstructed_params [ 3.16104657e+00  7.59177047e+00  1.26005878e+00  7.81014202e-01
  4.46580435e+01  1.54999470e+01  7.95444300e-01  3.68144000e+00
  2.57150838e+04 -2.01748419e-05]
saving params.txt: (3.161046568822214, 7.591770470099145, 1.2600587846165703, 0.7810142015024533, 44.6580435369673, 15.499947, 0.7954443, 3.68144, 25715.08384973488, -2.0174841896629322e-05)
saving energy.txt: [-7.40179352 -7.41312371 -7.41612675 -7.41674093 -7.41608337 -7.41476909
 -7.41257374 -7.40703764 -7.40281381 -7.39816397 -7.396282   -7.40053497
 -7.41241042 -7.41562758 -7.41638536 -7.4158301  -7.41458949 -7.41246101
 -7.40700354 -7.40280383 -7.39816317 -7.39628194 -7.3934287  -7.40830198
 -7.41288474 -7.41453718 -7.41457691 -7.4137369  -7.41194977 -7.40686112
 -7.40276434 -7.3981602  -7.39628173 -7.38031463 -7.40069535 -7.40783269
 -7.41115654 -7.41229965 -7.4121966  -7.41103232 -7.40660878 -7.40269502
 -7.39815505 -7.39628136]
params_e0 (3.160860057571301, 7.591868546348441, 1.2602884651234647, 0.7809614052242394, 44.658042890408375, 25715.08561082411, -1.2109617467260962e-05)
reconstructed_params [ 3.16086006e+00  7.59186855e+00  1.26028847e+00  7.80961405e-01
  4.46580429e+01  1.54999470e+01  7.95444300e-01  3.68144000e+00
  2.57150856e+04 -1.21096175e-05]
saving params.txt: (3.160860057571301, 7.591868546348441, 1.2602884651234647, 0.7809614052242394, 44.658042890408375, 15.499947, 0.7954443, 3.68144, 25715.08561082411, -1.2109617467260962e-05)
saving energy.txt: [-7.40179986 -7.41312599 -7.41612667 -7.41673898 -7.41607994 -7.41476453
 -7.41256807 -7.40703046 -7.40280606 -7.39815594 -7.39627394 -7.4005412
 -7.41241273 -7.41562756 -7.41638348 -7.41582675 -7.41458499 -7.41245538
 -7.40699637 -7.40279608 -7.39815514 -7.39627388 -7.39343913 -7.40830701
 -7.41288668 -7.4145367  -7.41457456 -7.41373312 -7.4119446  -7.4068541
 -7.40275664 -7.39815218 -7.39627366 -7.38033392 -7.40070599 -7.40783861
 -7.41115888 -7.41229929 -7.41219422 -7.41102803 -7.40660203 -7.40268739
 -7.39814703 -7.3962733 ]
params_e0 (3.1608601046717864, 7.591868546348441, 1.2602884651234647, 0.7809614052242394, 44.658042890408375, 25715.08561082411, -1.2109617467260962e-05)
reconstructed_params [ 3.16086010e+00  7.59186855e+00  1.26028847e+00  7.80961405e-01
  4.46580429e+01  1.54999470e+01  7.95444300e-01  3.68144000e+00
  2.57150856e+04 -1.21096175e-05]
saving params.txt: (3.1608601046717864, 7.591868546348441, 1.2602884651234647, 0.7809614052242394, 44.658042890408375, 15.499947, 0.7954443, 3.68144, 25715.08561082411, -1.2109617467260962e-05)
saving energy.txt: [-7.40179986 -7.41312599 -7.41612666 -7.41673897 -7.41607994 -7.41476453
 -7.41256806 -7.40703046 -7.40280606 -7.39815594 -7.39627394 -7.40054119
 -7.41241272 -7.41562755 -7.41638348 -7.41582675 -7.41458499 -7.41245538
 -7.40699637 -7.40279608 -7.39815514 -7.39627388 -7.39343913 -7.40830701
 -7.41288668 -7.4145367  -7.41457456 -7.41373312 -7.4119446  -7.4068541
 -7.40275664 -7.39815218 -7.39627366 -7.38033391 -7.40070598 -7.4078386
 -7.41115887 -7.41229929 -7.41219422 -7.41102802 -7.40660203 -7.40268739
 -7.39814703 -7.3962733 ]
params_e0 (3.160860057571301, 7.591868659476098, 1.2602884651234647, 0.7809614052242394, 44.658042890408375, 25715.08561082411, -1.2109617467260962e-05)
reconstructed_params [ 3.16086006e+00  7.59186866e+00  1.26028847e+00  7.80961405e-01
  4.46580429e+01  1.54999470e+01  7.95444300e-01  3.68144000e+00
  2.57150856e+04 -1.21096175e-05]
saving params.txt: (3.160860057571301, 7.591868659476098, 1.2602884651234647, 0.7809614052242394, 44.658042890408375, 15.499947, 0.7954443, 3.68144, 25715.08561082411, -1.2109617467260962e-05)
saving energy.txt: [-7.40179986 -7.41312599 -7.41612667 -7.41673898 -7.41607994 -7.41476453
 -7.41256807 -7.40703046 -7.40280606 -7.39815594 -7.39627394 -7.4005412
 -7.41241273 -7.41562756 -7.41638348 -7.41582675 -7.41458499 -7.41245538
 -7.40699637 -7.40279608 -7.39815514 -7.39627388 -7.39343913 -7.40830701
 -7.41288668 -7.4145367  -7.41457456 -7.41373312 -7.4119446  -7.4068541
 -7.40275664 -7.39815218 -7.39627366 -7.38033392 -7.40070599 -7.40783861
 -7.41115888 -7.41229929 -7.41219422 -7.41102803 -7.40660203 -7.40268739
 -7.39814703 -7.3962733 ]
params_e0 (3.160860057571301, 7.591868546348441, 1.2602884839032262, 0.7809614052242394, 44.658042890408375, 25715.08561082411, -1.2109617467260962e-05)
reconstructed_params [ 3.16086006e+00  7.59186855e+00  1.26028848e+00  7.80961405e-01
  4.46580429e+01  1.54999470e+01  7.95444300e-01  3.68144000e+00
  2.57150856e+04 -1.21096175e-05]
saving params.txt: (3.160860057571301, 7.591868546348441, 1.2602884839032262, 0.7809614052242394, 44.658042890408375, 15.499947, 0.7954443, 3.68144, 25715.08561082411, -1.2109617467260962e-05)
saving energy.txt: [-7.40179986 -7.41312599 -7.41612667 -7.41673898 -7.41607994 -7.41476453
 -7.41256807 -7.40703046 -7.40280606 -7.39815594 -7.39627394 -7.4005412
 -7.41241273 -7.41562756 -7.41638348 -7.41582675 -7.41458499 -7.41245538
 -7.40699637 -7.40279608 -7.39815514 -7.39627388 -7.39343913 -7.40830701
 -7.41288668 -7.4145367  -7.41457456 -7.41373312 -7.4119446  -7.4068541
 -7.40275664 -7.39815218 -7.39627366 -7.38033392 -7.40070599 -7.40783861
 -7.41115888 -7.41229929 -7.41219422 -7.41102803 -7.40660203 -7.40268739
 -7.39814703 -7.3962733 ]
params_e0 (3.160860057571301, 7.591868546348441, 1.2602884651234647, 0.7809614201254006, 44.658042890408375, 25715.08561082411, -1.2109617467260962e-05)
reconstructed_params [ 3.16086006e+00  7.59186855e+00  1.26028847e+00  7.80961420e-01
  4.46580429e+01  1.54999470e+01  7.95444300e-01  3.68144000e+00
  2.57150856e+04 -1.21096175e-05]
saving params.txt: (3.160860057571301, 7.591868546348441, 1.2602884651234647, 0.7809614201254006, 44.658042890408375, 15.499947, 0.7954443, 3.68144, 25715.08561082411, -1.2109617467260962e-05)
saving energy.txt: [-7.40179986 -7.41312599 -7.41612667 -7.41673898 -7.41607994 -7.41476453
 -7.41256807 -7.40703046 -7.40280606 -7.39815594 -7.39627394 -7.4005412
 -7.41241273 -7.41562756 -7.41638348 -7.41582675 -7.41458499 -7.41245538
 -7.40699637 -7.40279608 -7.39815514 -7.39627388 -7.39343913 -7.40830701
 -7.41288668 -7.4145367  -7.41457456 -7.41373312 -7.4119446  -7.4068541
 -7.40275664 -7.39815218 -7.39627366 -7.38033392 -7.40070599 -7.40783861
 -7.41115888 -7.41229929 -7.41219422 -7.41102803 -7.40660203 -7.40268739
 -7.39814703 -7.3962733 ]
params_e0 (3.160860057571301, 7.591868546348441, 1.2602884651234647, 0.7809614052242394, 44.65804355586507, 25715.08561082411, -1.2109617467260962e-05)
reconstructed_params [ 3.16086006e+00  7.59186855e+00  1.26028847e+00  7.80961405e-01
  4.46580436e+01  1.54999470e+01  7.95444300e-01  3.68144000e+00
  2.57150856e+04 -1.21096175e-05]
saving params.txt: (3.160860057571301, 7.591868546348441, 1.2602884651234647, 0.7809614052242394, 44.65804355586507, 15.499947, 0.7954443, 3.68144, 25715.08561082411, -1.2109617467260962e-05)
saving energy.txt: [-7.40179986 -7.41312599 -7.41612667 -7.41673898 -7.41607994 -7.41476453
 -7.41256807 -7.40703046 -7.40280606 -7.39815594 -7.39627394 -7.4005412
 -7.41241273 -7.41562756 -7.41638348 -7.41582675 -7.41458499 -7.41245538
 -7.40699637 -7.40279608 -7.39815514 -7.39627388 -7.39343913 -7.40830701
 -7.41288668 -7.4145367  -7.41457456 -7.41373312 -7.4119446  -7.4068541
 -7.40275664 -7.39815218 -7.39627366 -7.38033392 -7.40070599 -7.40783861
 -7.41115888 -7.41229929 -7.41219422 -7.41102803 -7.40660203 -7.40268739
 -7.39814703 -7.3962733 ]
params_e0 (3.160860057571301, 7.591868546348441, 1.2602884651234647, 0.7809614052242394, 44.658042890408375, 25715.085994008747, -1.2109617467260962e-05)
reconstructed_params [ 3.16086006e+00  7.59186855e+00  1.26028847e+00  7.80961405e-01
  4.46580429e+01  1.54999470e+01  7.95444300e-01  3.68144000e+00
  2.57150860e+04 -1.21096175e-05]
saving params.txt: (3.160860057571301, 7.591868546348441, 1.2602884651234647, 0.7809614052242394, 44.658042890408375, 15.499947, 0.7954443, 3.68144, 25715.085994008747, -1.2109617467260962e-05)
saving energy.txt: [-7.40179987 -7.413126   -7.41612667 -7.41673898 -7.41607994 -7.41476453
 -7.41256807 -7.40703046 -7.40280606 -7.39815594 -7.39627394 -7.4005412
 -7.41241273 -7.41562756 -7.41638348 -7.41582675 -7.41458499 -7.41245538
 -7.40699637 -7.40279608 -7.39815514 -7.39627388 -7.39343914 -7.40830701
 -7.41288669 -7.4145367  -7.41457456 -7.41373312 -7.4119446  -7.4068541
 -7.40275664 -7.39815218 -7.39627366 -7.38033392 -7.40070599 -7.40783861
 -7.41115888 -7.41229929 -7.41219422 -7.41102803 -7.40660203 -7.4026874
 -7.39814703 -7.3962733 ]
params_e0 (3.160860057571301, 7.591868546348441, 1.2602884651234647, 0.7809614052242394, 44.658042890408375, 25715.08561082411, -1.212451862845481e-05)
reconstructed_params [ 3.16086006e+00  7.59186855e+00  1.26028847e+00  7.80961405e-01
  4.46580429e+01  1.54999470e+01  7.95444300e-01  3.68144000e+00
  2.57150856e+04 -1.21245186e-05]
saving params.txt: (3.160860057571301, 7.591868546348441, 1.2602884651234647, 0.7809614052242394, 44.658042890408375, 15.499947, 0.7954443, 3.68144, 25715.08561082411, -1.212451862845481e-05)
saving energy.txt: [-7.40179988 -7.41312601 -7.41612668 -7.41673899 -7.41607996 -7.41476455
 -7.41256808 -7.40703047 -7.40280607 -7.39815596 -7.39627395 -7.40054122
 -7.41241274 -7.41562757 -7.41638349 -7.41582676 -7.41458501 -7.41245539
 -7.40699639 -7.4027961  -7.39815516 -7.39627389 -7.39343915 -7.40830703
 -7.4128867  -7.41453672 -7.41457458 -7.41373314 -7.41194462 -7.40685411
 -7.40275666 -7.39815219 -7.39627368 -7.38033393 -7.400706   -7.40783862
 -7.41115889 -7.4122993  -7.41219424 -7.41102804 -7.40660204 -7.40268741
 -7.39814705 -7.39627331]
params_e0 (3.160636008595896, 7.591912961428771, 1.2609458936595972, 0.780892744893166, 44.65815368915163, 25715.085611055452, -9.421284959216476e-06)
reconstructed_params [ 3.16063601e+00  7.59191296e+00  1.26094589e+00  7.80892745e-01
  4.46581537e+01  1.54999470e+01  7.95444300e-01  3.68144000e+00
  2.57150856e+04 -9.42128496e-06]
saving params.txt: (3.160636008595896, 7.591912961428771, 1.2609458936595972, 0.780892744893166, 44.65815368915163, 15.499947, 0.7954443, 3.68144, 25715.085611055452, -9.421284959216476e-06)
saving energy.txt: [-7.40178428 -7.4131161  -7.41611941 -7.41673346 -7.41607554 -7.41476085
 -7.41256493 -7.40702777 -7.40280342 -7.39815327 -7.39627125 -7.40052441
 -7.41240231 -7.41562004 -7.41637784 -7.41582231 -7.41458131 -7.41245227
 -7.40699371 -7.40279345 -7.39815247 -7.39627119 -7.3934301  -7.40830159
 -7.41288275 -7.41453362 -7.41457194 -7.41373073 -7.4119423  -7.40685169
 -7.40275408 -7.39814951 -7.39627098 -7.38034246 -7.40071154 -7.40784237
 -7.41116119 -7.41230045 -7.41219447 -7.41102737 -7.40660011 -7.40268498
 -7.39814438 -7.39627061]
params_e0 (3.1607806854100504, 7.591879571690159, 1.2604489685594311, 0.7809443240982908, 44.658066793432326, 25715.08561088157, -1.035718155858115e-05)
reconstructed_params [ 3.16078069e+00  7.59187957e+00  1.26044897e+00  7.80944324e-01
  4.46580668e+01  1.54999470e+01  7.95444300e-01  3.68144000e+00
  2.57150856e+04 -1.03571816e-05]
saving params.txt: (3.1607806854100504, 7.591879571690159, 1.2604489685594311, 0.7809443240982908, 44.658066793432326, 15.499947, 0.7954443, 3.68144, 25715.08561088157, -1.035718155858115e-05)
saving energy.txt: [-7.40179924 -7.41312534 -7.4161259  -7.41673807 -7.4160789  -7.41476336
 -7.41256674 -7.40702889 -7.40280438 -7.3981542  -7.39627219 -7.40054035
 -7.41241199 -7.41562676 -7.41638257 -7.41582572 -7.41458383 -7.41245407
 -7.40699481 -7.4027944  -7.3981534  -7.39627213 -7.39344053 -7.40830772
 -7.41288692 -7.41453654 -7.41457406 -7.41373234 -7.41194353 -7.40685261
 -7.40275498 -7.39815044 -7.39627191 -7.38034025 -7.40070979 -7.40784102
 -7.41116024 -7.41229985 -7.41219419 -7.41102742 -7.40660068 -7.40268578
 -7.3981453  -7.39627154]
