/projects/qmchamm/shared/mick/ilp_fitting
    basis method  registry  distance    energy  energy_err     d     a
767    c2    QMC   0.00000      3.00 -7.402388    0.000328  3.00  2.46
768    c2    QMC   0.00000      3.20 -7.412796    0.000278  3.20  2.46
769    c2    QMC   0.00000      3.35 -7.416119    0.000264  3.35  2.46
770    c2    QMC   0.00000      3.50 -7.416772    0.000282  3.50  2.46
771    c2    QMC   0.00000      3.65 -7.415003    0.000374  3.65  2.46
772    c2    QMC   0.00000      3.80 -7.412760    0.000230  3.80  2.46
773    c2    QMC   0.00000      4.00 -7.410565    0.000278  4.00  2.46
774    c2    QMC   0.00000      4.50 -7.404000    0.000256  4.50  2.46
775    c2    QMC   0.00000      5.00 -7.400149    0.000235  5.00  2.46
776    c2    QMC   0.00000      6.00 -7.397333    0.000217  6.00  2.46
777    c2    QMC   0.00000      7.00 -7.396415    0.000221  7.00  2.46
778    c2    QMC   0.16667      3.00 -7.399188    0.000145  3.00  2.46
779    c2    QMC   0.16667      3.20 -7.411959    0.000175  3.20  2.46
780    c2    QMC   0.16667      3.35 -7.415276    0.000147  3.35  2.46
781    c2    QMC   0.16667      3.50 -7.416259    0.000164  3.50  2.46
782    c2    QMC   0.16667      3.65 -7.415209    0.000194  3.65  2.46
783    c2    QMC   0.16667      3.80 -7.412987    0.000262  3.80  2.46
784    c2    QMC   0.16667      4.00 -7.410067    0.000152  4.00  2.46
785    c2    QMC   0.16667      4.50 -7.403974    0.000197  4.50  2.46
786    c2    QMC   0.16667      5.00 -7.399793    0.000181  5.00  2.46
787    c2    QMC   0.16667      6.00 -7.397039    0.000171  6.00  2.46
788    c2    QMC   0.16667      7.00 -7.395969    0.000152  7.00  2.46
789    c2    QMC   0.50000      3.00 -7.390987    0.000284  3.00  2.46
790    c2    QMC   0.50000      3.20 -7.406952    0.000212  3.20  2.46
791    c2    QMC   0.50000      3.35 -7.411909    0.000274  3.35  2.46
792    c2    QMC   0.50000      3.50 -7.413657    0.000271  3.50  2.46
793    c2    QMC   0.50000      3.65 -7.413999    0.000274  3.65  2.46
794    c2    QMC   0.50000      3.80 -7.412379    0.000217  3.80  2.46
795    c2    QMC   0.50000      4.00 -7.409976    0.000229  4.00  2.46
796    c2    QMC   0.50000      4.50 -7.403725    0.000239  4.50  2.46
797    c2    QMC   0.50000      5.00 -7.400076    0.000332  5.00  2.46
798    c2    QMC   0.50000      6.00 -7.397094    0.000206  6.00  2.46
799    c2    QMC   0.50000      7.00 -7.396256    0.000215  7.00  2.46
800    c2    QMC   0.66667      3.00 -7.374165    0.000203  3.00  2.46
801    c2    QMC   0.66667      3.20 -7.398436    0.000406  3.20  2.46
802    c2    QMC   0.66667      3.35 -7.407410    0.000244  3.35  2.46
803    c2    QMC   0.66667      3.50 -7.411002    0.000288  3.50  2.46
804    c2    QMC   0.66667      3.65 -7.412222    0.000304  3.65  2.46
805    c2    QMC   0.66667      3.80 -7.411072    0.000225  3.80  2.46
806    c2    QMC   0.66667      4.00 -7.409340    0.000371  4.00  2.46
807    c2    QMC   0.66667      4.50 -7.404098    0.000251  4.50  2.46
808    c2    QMC   0.66667      5.00 -7.399931    0.000278  5.00  2.46
809    c2    QMC   0.66667      6.00 -7.397270    0.000237  6.00  2.46
810    c2    QMC   0.66667      7.00 -7.395750    0.000319  7.00  2.46
[7]
mask [ True  True  True  True  True  True  True  True  True  True]
exclude_idxs [7]
[ 3.16078069e+00  7.59187957e+00  1.26044897e+00  7.80944324e-01
  4.46580668e+01  1.54999470e+01  7.95444300e-01  3.68144000e+00
  2.57150856e+04 -1.03571816e-05]
[ 3.16078069e+00  7.59187957e+00  1.26044897e+00  7.80944324e-01
  4.46580668e+01  1.54999470e+01  7.95444300e-01  2.57150856e+04
 -1.03571816e-05]
params_e0 (3.1607806854100504, 7.591879571690159, 1.2604489685594311, 0.7809443240982908, 44.658066793432326, 15.499947, 0.7954443, 25715.08561088157, -1.035718155858115e-05)
reconstructed_params [ 3.16078069e+00  7.59187957e+00  1.26044897e+00  7.80944324e-01
  4.46580668e+01  1.54999470e+01  7.95444300e-01  3.68144000e+00
  2.57150856e+04 -1.03571816e-05]
saving params.txt: (3.1607806854100504, 7.591879571690159, 1.2604489685594311, 0.7809443240982908, 44.658066793432326, 15.499947, 0.7954443, 3.68144, 25715.08561088157, -1.035718155858115e-05)
saving energy.txt: [-7.40179924 -7.41312534 -7.4161259  -7.41673807 -7.4160789  -7.41476336
 -7.41256674 -7.40702889 -7.40280438 -7.3981542  -7.39627219 -7.40054035
 -7.41241199 -7.41562676 -7.41638257 -7.41582572 -7.41458383 -7.41245407
 -7.40699481 -7.4027944  -7.3981534  -7.39627213 -7.39344053 -7.40830772
 -7.41288692 -7.41453654 -7.41457406 -7.41373234 -7.41194353 -7.40685261
 -7.40275498 -7.39815044 -7.39627191 -7.38034025 -7.40070979 -7.40784102
 -7.41116024 -7.41229985 -7.41219419 -7.41102742 -7.40660068 -7.40268578
 -7.3981453  -7.39627154]
params_e0 (3.160780732509353, 7.591879571690159, 1.2604489685594311, 0.7809443240982908, 44.658066793432326, 15.499947, 0.7954443, 25715.08561088157, -1.035718155858115e-05)
reconstructed_params [ 3.16078073e+00  7.59187957e+00  1.26044897e+00  7.80944324e-01
  4.46580668e+01  1.54999470e+01  7.95444300e-01  3.68144000e+00
  2.57150856e+04 -1.03571816e-05]
saving params.txt: (3.160780732509353, 7.591879571690159, 1.2604489685594311, 0.7809443240982908, 44.658066793432326, 15.499947, 0.7954443, 3.68144, 25715.08561088157, -1.035718155858115e-05)
saving energy.txt: [-7.40179923 -7.41312533 -7.4161259  -7.41673807 -7.4160789  -7.41476336
 -7.41256674 -7.40702889 -7.40280438 -7.3981542  -7.39627219 -7.40054034
 -7.41241199 -7.41562676 -7.41638257 -7.41582571 -7.41458383 -7.41245407
 -7.40699481 -7.4027944  -7.3981534  -7.39627213 -7.39344052 -7.40830772
 -7.41288692 -7.41453654 -7.41457405 -7.41373233 -7.41194352 -7.40685261
 -7.40275498 -7.39815044 -7.39627191 -7.38034024 -7.40070978 -7.40784102
 -7.41116023 -7.41229985 -7.41219418 -7.41102742 -7.40660068 -7.40268578
 -7.3981453  -7.39627154]
params_e0 (3.1607806854100504, 7.59187968481798, 1.2604489685594311, 0.7809443240982908, 44.658066793432326, 15.499947, 0.7954443, 25715.08561088157, -1.035718155858115e-05)
reconstructed_params [ 3.16078069e+00  7.59187968e+00  1.26044897e+00  7.80944324e-01
  4.46580668e+01  1.54999470e+01  7.95444300e-01  3.68144000e+00
  2.57150856e+04 -1.03571816e-05]
saving params.txt: (3.1607806854100504, 7.59187968481798, 1.2604489685594311, 0.7809443240982908, 44.658066793432326, 15.499947, 0.7954443, 3.68144, 25715.08561088157, -1.035718155858115e-05)
saving energy.txt: [-7.40179924 -7.41312534 -7.4161259  -7.41673807 -7.4160789  -7.41476336
 -7.41256674 -7.40702889 -7.40280438 -7.3981542  -7.39627219 -7.40054035
 -7.41241199 -7.41562676 -7.41638257 -7.41582572 -7.41458383 -7.41245407
 -7.40699481 -7.4027944  -7.3981534  -7.39627213 -7.39344053 -7.40830772
 -7.41288693 -7.41453654 -7.41457406 -7.41373234 -7.41194353 -7.40685261
 -7.40275498 -7.39815044 -7.39627191 -7.38034025 -7.40070979 -7.40784102
 -7.41116024 -7.41229985 -7.41219419 -7.41102742 -7.40660068 -7.40268578
 -7.3981453  -7.39627154]
params_e0 (3.1607806854100504, 7.591879571690159, 1.2604489873415843, 0.7809443240982908, 44.658066793432326, 15.499947, 0.7954443, 25715.08561088157, -1.035718155858115e-05)
reconstructed_params [ 3.16078069e+00  7.59187957e+00  1.26044899e+00  7.80944324e-01
  4.46580668e+01  1.54999470e+01  7.95444300e-01  3.68144000e+00
  2.57150856e+04 -1.03571816e-05]
saving params.txt: (3.1607806854100504, 7.591879571690159, 1.2604489873415843, 0.7809443240982908, 44.658066793432326, 15.499947, 0.7954443, 3.68144, 25715.08561088157, -1.035718155858115e-05)
saving energy.txt: [-7.40179924 -7.41312534 -7.4161259  -7.41673807 -7.4160789  -7.41476336
 -7.41256674 -7.40702889 -7.40280438 -7.3981542  -7.39627219 -7.40054035
 -7.41241199 -7.41562676 -7.41638257 -7.41582571 -7.41458383 -7.41245407
 -7.40699481 -7.4027944  -7.3981534  -7.39627213 -7.39344053 -7.40830772
 -7.41288692 -7.41453654 -7.41457406 -7.41373233 -7.41194353 -7.40685261
 -7.40275498 -7.39815044 -7.39627191 -7.38034025 -7.40070979 -7.40784102
 -7.41116024 -7.41229985 -7.41219419 -7.41102742 -7.40660068 -7.40268578
 -7.3981453  -7.39627154]
params_e0 (3.1607806854100504, 7.591879571690159, 1.2604489685594311, 0.780944338999452, 44.658066793432326, 15.499947, 0.7954443, 25715.08561088157, -1.035718155858115e-05)
reconstructed_params [ 3.16078069e+00  7.59187957e+00  1.26044897e+00  7.80944339e-01
  4.46580668e+01  1.54999470e+01  7.95444300e-01  3.68144000e+00
  2.57150856e+04 -1.03571816e-05]
saving params.txt: (3.1607806854100504, 7.591879571690159, 1.2604489685594311, 0.780944338999452, 44.658066793432326, 15.499947, 0.7954443, 3.68144, 25715.08561088157, -1.035718155858115e-05)
saving energy.txt: [-7.40179924 -7.41312534 -7.4161259  -7.41673807 -7.4160789  -7.41476336
 -7.41256674 -7.40702889 -7.40280438 -7.3981542  -7.39627219 -7.40054035
 -7.41241199 -7.41562676 -7.41638257 -7.41582572 -7.41458383 -7.41245407
 -7.40699481 -7.4027944  -7.3981534  -7.39627213 -7.39344053 -7.40830772
 -7.41288692 -7.41453654 -7.41457406 -7.41373234 -7.41194353 -7.40685261
 -7.40275498 -7.39815044 -7.39627191 -7.38034025 -7.40070979 -7.40784102
 -7.41116024 -7.41229985 -7.41219419 -7.41102742 -7.40660068 -7.40268578
 -7.3981453  -7.39627154]
params_e0 (3.1607806854100504, 7.591879571690159, 1.2604489685594311, 0.7809443240982908, 44.65806745888938, 15.499947, 0.7954443, 25715.08561088157, -1.035718155858115e-05)
reconstructed_params [ 3.16078069e+00  7.59187957e+00  1.26044897e+00  7.80944324e-01
  4.46580675e+01  1.54999470e+01  7.95444300e-01  3.68144000e+00
  2.57150856e+04 -1.03571816e-05]
saving params.txt: (3.1607806854100504, 7.591879571690159, 1.2604489685594311, 0.7809443240982908, 44.65806745888938, 15.499947, 0.7954443, 3.68144, 25715.08561088157, -1.035718155858115e-05)
saving energy.txt: [-7.40179924 -7.41312534 -7.4161259  -7.41673807 -7.4160789  -7.41476336
 -7.41256674 -7.40702889 -7.40280438 -7.3981542  -7.39627219 -7.40054035
 -7.41241199 -7.41562676 -7.41638257 -7.41582571 -7.41458383 -7.41245407
 -7.40699481 -7.4027944  -7.3981534  -7.39627213 -7.39344053 -7.40830772
 -7.41288692 -7.41453654 -7.41457406 -7.41373233 -7.41194353 -7.40685261
 -7.40275498 -7.39815044 -7.39627191 -7.38034025 -7.40070979 -7.40784102
 -7.41116024 -7.41229985 -7.41219419 -7.41102742 -7.40660068 -7.40268578
 -7.3981453  -7.39627154]
params_e0 (3.1607806854100504, 7.591879571690159, 1.2604489685594311, 0.7809443240982908, 44.658066793432326, 15.499947230967209, 0.7954443, 25715.08561088157, -1.035718155858115e-05)
reconstructed_params [ 3.16078069e+00  7.59187957e+00  1.26044897e+00  7.80944324e-01
  4.46580668e+01  1.54999472e+01  7.95444300e-01  3.68144000e+00
  2.57150856e+04 -1.03571816e-05]
saving params.txt: (3.1607806854100504, 7.591879571690159, 1.2604489685594311, 0.7809443240982908, 44.658066793432326, 15.499947230967209, 0.7954443, 3.68144, 25715.08561088157, -1.035718155858115e-05)
saving energy.txt: [-7.40179924 -7.41312534 -7.4161259  -7.41673807 -7.4160789  -7.41476336
 -7.41256674 -7.40702889 -7.40280438 -7.3981542  -7.39627219 -7.40054035
 -7.41241199 -7.41562676 -7.41638257 -7.41582572 -7.41458383 -7.41245407
 -7.40699481 -7.4027944  -7.3981534  -7.39627213 -7.39344053 -7.40830772
 -7.41288692 -7.41453654 -7.41457406 -7.41373234 -7.41194353 -7.40685261
 -7.40275498 -7.39815044 -7.39627191 -7.38034025 -7.40070979 -7.40784102
 -7.41116024 -7.41229985 -7.41219419 -7.41102742 -7.40660068 -7.40268578
 -7.3981453  -7.39627154]
params_e0 (3.1607806854100504, 7.591879571690159, 1.2604489685594311, 0.7809443240982908, 44.658066793432326, 15.499947, 0.7954443149011612, 25715.08561088157, -1.035718155858115e-05)
reconstructed_params [ 3.16078069e+00  7.59187957e+00  1.26044897e+00  7.80944324e-01
  4.46580668e+01  1.54999470e+01  7.95444315e-01  3.68144000e+00
  2.57150856e+04 -1.03571816e-05]
saving params.txt: (3.1607806854100504, 7.591879571690159, 1.2604489685594311, 0.7809443240982908, 44.658066793432326, 15.499947, 0.7954443149011612, 3.68144, 25715.08561088157, -1.035718155858115e-05)
saving energy.txt: [-7.40179924 -7.41312534 -7.4161259  -7.41673807 -7.4160789  -7.41476336
 -7.41256674 -7.40702889 -7.40280438 -7.3981542  -7.39627219 -7.40054035
 -7.41241199 -7.41562676 -7.41638257 -7.41582572 -7.41458383 -7.41245407
 -7.40699481 -7.4027944  -7.3981534  -7.39627213 -7.39344053 -7.40830772
 -7.41288692 -7.41453654 -7.41457406 -7.41373234 -7.41194353 -7.40685261
 -7.40275498 -7.39815044 -7.39627191 -7.38034025 -7.40070979 -7.40784102
 -7.41116024 -7.41229985 -7.41219419 -7.41102742 -7.40660068 -7.40268578
 -7.3981453  -7.39627154]
params_e0 (3.1607806854100504, 7.591879571690159, 1.2604489685594311, 0.7809443240982908, 44.658066793432326, 15.499947, 0.7954443, 25715.08599406621, -1.035718155858115e-05)
reconstructed_params [ 3.16078069e+00  7.59187957e+00  1.26044897e+00  7.80944324e-01
  4.46580668e+01  1.54999470e+01  7.95444300e-01  3.68144000e+00
  2.57150860e+04 -1.03571816e-05]
saving params.txt: (3.1607806854100504, 7.591879571690159, 1.2604489685594311, 0.7809443240982908, 44.658066793432326, 15.499947, 0.7954443, 3.68144, 25715.08599406621, -1.035718155858115e-05)
saving energy.txt: [-7.40179924 -7.41312534 -7.4161259  -7.41673808 -7.4160789  -7.41476336
 -7.41256674 -7.40702889 -7.40280438 -7.3981542  -7.39627219 -7.40054035
 -7.41241199 -7.41562676 -7.41638257 -7.41582572 -7.41458383 -7.41245407
 -7.40699481 -7.4027944  -7.3981534  -7.39627213 -7.39344053 -7.40830772
 -7.41288693 -7.41453654 -7.41457406 -7.41373234 -7.41194353 -7.40685261
 -7.40275498 -7.39815044 -7.39627191 -7.38034025 -7.40070979 -7.40784102
 -7.41116024 -7.41229985 -7.41219419 -7.41102742 -7.40660068 -7.40268578
 -7.3981453  -7.39627154]
params_e0 (3.1607806854100504, 7.591879571690159, 1.2604489685594311, 0.7809443240982908, 44.658066793432326, 15.499947, 0.7954443, 25715.08561088157, -1.0372082719774998e-05)
reconstructed_params [ 3.16078069e+00  7.59187957e+00  1.26044897e+00  7.80944324e-01
  4.46580668e+01  1.54999470e+01  7.95444300e-01  3.68144000e+00
  2.57150856e+04 -1.03720827e-05]
saving params.txt: (3.1607806854100504, 7.591879571690159, 1.2604489685594311, 0.7809443240982908, 44.658066793432326, 15.499947, 0.7954443, 3.68144, 25715.08561088157, -1.0372082719774998e-05)
saving energy.txt: [-7.40179925 -7.41312535 -7.41612592 -7.41673809 -7.41607892 -7.41476337
 -7.41256676 -7.4070289  -7.40280439 -7.39815422 -7.3962722  -7.40054036
 -7.41241201 -7.41562678 -7.41638259 -7.41582573 -7.41458385 -7.41245408
 -7.40699483 -7.40279442 -7.39815341 -7.39627214 -7.39344054 -7.40830774
 -7.41288694 -7.41453655 -7.41457407 -7.41373235 -7.41194354 -7.40685262
 -7.402755   -7.39815045 -7.39627193 -7.38034026 -7.4007098  -7.40784104
 -7.41116025 -7.41229987 -7.4121942  -7.41102743 -7.4066007  -7.4026858
 -7.39814531 -7.39627156]
params_e0 (3.1736869448164238, 6.629571039107271, 1.272493619932952, 0.7817875888366219, 44.87490345723966, 15.484196069537496, 0.9999592435325487, 32194.708952087483, 0.005376601168810475)
reconstructed_params [3.17368694e+00 6.62957104e+00 1.27249362e+00 7.81787589e-01
 4.48749035e+01 1.54841961e+01 9.99959244e-01 3.68144000e+00
 3.21947090e+04 5.37660117e-03]
saving params.txt: (3.1736869448164238, 6.629571039107271, 1.272493619932952, 0.7817875888366219, 44.87490345723966, 15.484196069537496, 0.9999592435325487, 3.68144, 32194.708952087483, 0.005376601168810475)
saving energy.txt: [-7.36360629 -7.38655409 -7.39771576 -7.40472878 -7.40840228 -7.40962597
 -7.40894495 -7.40369543 -7.39894534 -7.39348757 -7.39119432 -7.36251499
 -7.3859757  -7.39724927 -7.40430364 -7.40804678 -7.40935962 -7.40877631
 -7.40364087 -7.39892715 -7.39348561 -7.39119412 -7.35692156 -7.38238738
 -7.39460038 -7.40232094 -7.40657859 -7.40829911 -7.40810801 -7.4034316
 -7.39885992 -7.3934787  -7.39119343 -7.34678861 -7.37576613 -7.38971954
 -7.39873783 -7.40397429 -7.40643253 -7.4069338  -7.403066   -7.39874323
 -7.39346682 -7.39119226]
params_e0 (3.0982499944867223, 6.2506780729870695, 1.2424317916599104, 0.7469230127204824, 43.66938462479203, 15.509693557359949, 0.9999667282371708, 26297.57224172849, -0.0005984126136317652)
reconstructed_params [ 3.09824999e+00  6.25067807e+00  1.24243179e+00  7.46923013e-01
  4.36693846e+01  1.55096936e+01  9.99966728e-01  3.68144000e+00
  2.62975722e+04 -5.98412614e-04]
saving params.txt: (3.0982499944867223, 6.2506780729870695, 1.2424317916599104, 0.7469230127204824, 43.66938462479203, 15.509693557359949, 0.9999667282371708, 3.68144, 26297.57224172849, -0.0005984126136317652)
saving energy.txt: [-7.37501012 -7.3929959  -7.40183679 -7.4074388  -7.41040329 -7.41141857
 -7.41092373 -7.40682761 -7.4030831  -7.39873031 -7.39687739 -7.37413054
 -7.39252014 -7.40144603 -7.40707865 -7.41009942 -7.41118837 -7.41077529
 -7.40677726 -7.40306558 -7.39872826 -7.39687716 -7.36939258 -7.3894268
 -7.39913668 -7.40533349 -7.40879498 -7.41023601 -7.41016507 -7.40657761
 -7.40299876 -7.39872084 -7.39687637 -7.36075311 -7.38368841 -7.39486158
 -7.40216347 -7.4064674  -7.40854933 -7.40908643 -7.40622686 -7.40288217
 -7.39870801 -7.396875  ]
params_e0 (3.0914177531689164, 6.216382326155562, 1.2397092355640524, 0.743764906075222, 43.56020223663961, 15.51200295424314, 0.9999707581041772, 25763.39154095812, -0.0011396180564401043)
reconstructed_params [ 3.09141775e+00  6.21638233e+00  1.23970924e+00  7.43764906e-01
  4.35602022e+01  1.55120030e+01  9.99970758e-01  3.68144000e+00
  2.57633915e+04 -1.13961806e-03]
saving params.txt: (3.0914177531689164, 6.216382326155562, 1.2397092355640524, 0.743764906075222, 43.56020223663961, 15.51200295424314, 0.9999707581041772, 3.68144, 25763.39154095812, -0.0011396180564401043)
saving energy.txt: [-7.37587117 -7.3934736  -7.40213676 -7.40763359 -7.41054962 -7.41155696
 -7.4110885  -7.40710725 -7.40345672 -7.39920506 -7.39739213 -7.37500839
 -7.39300569 -7.40175191 -7.40727871 -7.41025002 -7.41132977 -7.41094173
 -7.40705725 -7.40343925 -7.399203   -7.3973919  -7.37033772 -7.38995142
 -7.39946955 -7.40555262 -7.4089588  -7.41038614 -7.41033616 -7.4068583
 -7.40337241 -7.39919552 -7.39739109 -7.36181532 -7.3842828  -7.3952427
 -7.4024157  -7.40665347 -7.40871389 -7.40926509 -7.40650859 -7.40325573
 -7.39918259 -7.39738971]
params_e0 (3.0908465407433647, 6.213558826933657, 1.2394845361183577, 0.7434937576175877, 43.5510778555153, 15.512195131679407, 0.9999711198736141, 25718.810070122156, -0.0011846510670541505)
reconstructed_params [ 3.09084654e+00  6.21355883e+00  1.23948454e+00  7.43493758e-01
  4.35510779e+01  1.55121951e+01  9.99971120e-01  3.68144000e+00
  2.57188101e+04 -1.18465107e-03]
saving params.txt: (3.0908465407433647, 6.213558826933657, 1.2394845361183577, 0.7434937576175877, 43.5510778555153, 15.512195131679407, 0.9999711198736141, 3.68144, 25718.810070122156, -0.0011846510670541505)
saving energy.txt: [-7.37594178 -7.39351276 -7.40216132 -7.40764953 -7.41056161 -7.41156835
 -7.41110214 -7.40713049 -7.40348779 -7.39924455 -7.39743495 -7.37508039
 -7.39304549 -7.40177696 -7.40729509 -7.41026237 -7.41134141 -7.41095551
 -7.40708052 -7.40347032 -7.39924249 -7.39743472 -7.37041528 -7.38999446
 -7.39949684 -7.40557058 -7.40897226 -7.41039851 -7.41035032 -7.40688163
 -7.40340349 -7.39923501 -7.39743392 -7.36190255 -7.38433162 -7.395274
 -7.40243643 -7.40666878 -7.40872747 -7.4092799  -7.40653201 -7.40328679
 -7.39922207 -7.39743253]
params_e0 (3.072196425537518, 6.78804685984352, 1.276609010992676, 0.6591021869081465, 43.648462484369176, 15.50654395973667, 0.999984583073702, 25715.086267741146, 0.0008390075754879666)
reconstructed_params [3.07219643e+00 6.78804686e+00 1.27660901e+00 6.59102187e-01
 4.36484625e+01 1.55065440e+01 9.99984583e-01 3.68144000e+00
 2.57150863e+04 8.39007575e-04]
saving params.txt: (3.072196425537518, 6.78804685984352, 1.276609010992676, 0.6591021869081465, 43.648462484369176, 15.50654395973667, 0.999984583073702, 3.68144, 25715.086267741146, 0.0008390075754879666)
saving energy.txt: [-7.37509776 -7.39376422 -7.40263661 -7.40806958 -7.41077792 -7.41151431
 -7.41066613 -7.40591424 -7.40182898 -7.39728179 -7.39541977 -7.37426182
 -7.39333671 -7.40229531 -7.40775732 -7.41051743 -7.41132145 -7.41054691
 -7.40587804 -7.40181761 -7.3972807  -7.39541967 -7.36973358 -7.39050712
 -7.40024487 -7.40624771 -7.40941691 -7.41053959 -7.41006619 -7.40573702
 -7.40177507 -7.39727683 -7.39541934 -7.36147083 -7.38525211 -7.3964431
 -7.40350533 -7.40745725 -7.40915916 -7.40921906 -7.40549    -7.40170107
 -7.39727018 -7.39541876]
params_e0 (3.087032660848139, 7.459754508486903, 1.2950249817246735, 0.72503574269746, 44.42999471458412, 15.500690713303959, 0.9251852212265311, 25715.085716076006, 0.0018930102131151005)
reconstructed_params [3.08703266e+00 7.45975451e+00 1.29502498e+00 7.25035743e-01
 4.44299947e+01 1.55006907e+01 9.25185221e-01 3.68144000e+00
 2.57150857e+04 1.89301021e-03]
saving params.txt: (3.087032660848139, 7.459754508486903, 1.2950249817246735, 0.72503574269746, 44.42999471458412, 15.500690713303959, 0.9251852212265311, 3.68144, 25715.085716076006, 0.0018930102131151005)
saving energy.txt: [-7.38421745 -7.40345979 -7.41082244 -7.41399891 -7.41453015 -7.41360358
 -7.41139043 -7.40542492 -7.40099725 -7.39625958 -7.39436956 -7.38362859
 -7.40282927 -7.41029685 -7.41362946 -7.41428547 -7.41344066 -7.41129322
 -7.40539694 -7.40098923 -7.39625896 -7.39436951 -7.37847382 -7.39954741
 -7.40798151 -7.41204473 -7.41322563 -7.41273654 -7.41088254 -7.40528635
 -7.40095902 -7.39625674 -7.39436935 -7.368573   -7.39349775 -7.40382493
 -7.40922145 -7.41133662 -7.41148207 -7.41015345 -7.40509214 -7.40090641
 -7.39625291 -7.39436908]
params_e0 (3.1328637571421774, 7.589649434147085, 1.2754814955103007, 0.777146859700983, 44.65084621329542, 15.499804143710305, 0.8396131819534319, 25715.085616812223, 0.0007955247230745813)
reconstructed_params [3.13286376e+00 7.58964943e+00 1.27548150e+00 7.77146860e-01
 4.46508462e+01 1.54998041e+01 8.39613182e-01 3.68144000e+00
 2.57150856e+04 7.95524723e-04]
saving params.txt: (3.1328637571421774, 7.589649434147085, 1.2754814955103007, 0.777146859700983, 44.65084621329542, 15.499804143710305, 0.8396131819534319, 3.68144, 25715.085616812223, 0.0007955247230745813)
saving energy.txt: [-7.39730488 -7.41166678 -7.41569648 -7.41664918 -7.41599735 -7.41457056
 -7.41220017 -7.40638182 -7.40205154 -7.39735371 -7.3954668  -7.39594436
 -7.41088332 -7.41518615 -7.41630255 -7.41575644 -7.41440205 -7.41209564
 -7.40635079 -7.40204259 -7.39735301 -7.39546675 -7.38932015 -7.40696019
 -7.41258853 -7.41457818 -7.41460256 -7.41362472 -7.41163382 -7.40622408
 -7.4020079  -7.39735047 -7.39546657 -7.37725166 -7.39982372 -7.40785248
 -7.41144278 -7.41251519 -7.41222608 -7.41080825 -7.4060004  -7.4019472
 -7.39734606 -7.39546626]
params_e0 (3.1537320716414574, 7.591932796343902, 1.2643019815677412, 0.7802908760833971, 44.65735381216883, 15.499905571675797, 0.8064899283911426, 25715.08561194465, 0.00019252505341963607)
reconstructed_params [3.15373207e+00 7.59193280e+00 1.26430198e+00 7.80290876e-01
 4.46573538e+01 1.54999056e+01 8.06489928e-01 3.68144000e+00
 2.57150856e+04 1.92525053e-04]
saving params.txt: (3.1537320716414574, 7.591932796343902, 1.2643019815677412, 0.7802908760833971, 44.65735381216883, 15.499905571675797, 0.8064899283911426, 3.68144, 25715.08561194465, 0.00019252505341963607)
saving energy.txt: [-7.40093374 -7.4129339  -7.41611851 -7.41676686 -7.41608336 -7.41472736
 -7.4124801  -7.40686745 -7.40261539 -7.39795275 -7.39606944 -7.39962171
 -7.41220717 -7.41561946 -7.41641465 -7.41583364 -7.41455077 -7.41236955
 -7.40683416 -7.40260568 -7.39795197 -7.39606938 -7.39260976 -7.4081477
 -7.41291968 -7.41460266 -7.41460866 -7.41371918 -7.41187194 -7.40669607
 -7.40256753 -7.39794912 -7.39606918 -7.37974816 -7.40066057 -7.40795696
 -7.41129267 -7.41238529 -7.41221849 -7.41097993 -7.40645165 -7.40250059
 -7.39794418 -7.39606882]
params_e0 (3.159017759556176, 7.591918638504725, 1.2614172845162364, 0.7807937625600382, 44.657935282280384, 15.499936403715155, 0.7982050716178241, 25715.08561112954, 3.93920819887996e-05)
reconstructed_params [3.15901776e+00 7.59191864e+00 1.26141728e+00 7.80793763e-01
 4.46579353e+01 1.54999364e+01 7.98205072e-01 3.68144000e+00
 2.57150856e+04 3.93920820e-05]
saving params.txt: (3.159017759556176, 7.591918638504725, 1.2614172845162364, 0.7807937625600382, 44.657935282280384, 15.499936403715155, 0.7982050716178241, 3.68144, 25715.08561112954, 3.93920819887996e-05)
saving energy.txt: [-7.40160045 -7.41308814 -7.41613018 -7.41674873 -7.41608216 -7.41475591
 -7.41254632 -7.40698957 -7.40275813 -7.39810481 -7.39622247 -7.40032759
 -7.41237182 -7.41563122 -7.4163941  -7.41582986 -7.41457713 -7.41243418
 -7.4069557  -7.40274822 -7.39810402 -7.39622241 -7.39324818 -7.40827896
 -7.41290171 -7.41455678 -7.41458499 -7.41373068 -7.41192691 -7.40681453
 -7.40270912 -7.39810108 -7.3962222  -7.38020588 -7.40070873 -7.40787706
 -7.41119743 -7.41232373 -7.41220204 -7.41101691 -7.40656451 -7.4026405
 -7.39809599 -7.39622184]
params_e0 (3.1603417897566874, 7.591890818255097, 1.260691780037637, 0.7809074319699093, 44.65803688918516, 15.499944335682317, 0.7961346648152248, 25715.08561094253, 1.034293220369081e-06)
reconstructed_params [3.16034179e+00 7.59189082e+00 1.26069178e+00 7.80907432e-01
 4.46580369e+01 1.54999443e+01 7.96134665e-01 3.68144000e+00
 2.57150856e+04 1.03429322e-06]
saving params.txt: (3.1603417897566874, 7.591890818255097, 1.260691780037637, 0.7809074319699093, 44.65803688918516, 15.499944335682317, 0.7961346648152248, 3.68144, 25715.08561094253, 1.034293220369081e-06)
saving energy.txt: [-7.40175124 -7.41311742 -7.41612814 -7.4167418  -7.41608074 -7.41476251
 -7.41256265 -7.40702009 -7.40279386 -7.3981429  -7.3962608  -7.40048882
 -7.41240335 -7.41562906 -7.41638652 -7.41582777 -7.41458317 -7.41245011
 -7.40698607 -7.4027839  -7.3981421  -7.39626074 -7.39339399 -7.40830194
 -7.41289181 -7.41454267 -7.41457781 -7.41373293 -7.41194039 -7.40684412
 -7.40274456 -7.39813914 -7.39626053 -7.38030806 -7.4007109  -7.40785123
 -7.41117061 -7.41230685 -7.41219716 -7.41102581 -7.40659267 -7.4026755
 -7.39813402 -7.39626016]
params_e0 (3.16034183684945, 7.591890818255097, 1.260691780037637, 0.7809074319699093, 44.65803688918516, 15.499944335682317, 0.7961346648152248, 25715.08561094253, 1.034293220369081e-06)
reconstructed_params [3.16034184e+00 7.59189082e+00 1.26069178e+00 7.80907432e-01
 4.46580369e+01 1.54999443e+01 7.96134665e-01 3.68144000e+00
 2.57150856e+04 1.03429322e-06]
saving params.txt: (3.16034183684945, 7.591890818255097, 1.260691780037637, 0.7809074319699093, 44.65803688918516, 15.499944335682317, 0.7961346648152248, 3.68144, 25715.08561094253, 1.034293220369081e-06)
saving energy.txt: [-7.40175123 -7.41311742 -7.41612814 -7.4167418  -7.41608073 -7.41476251
 -7.41256265 -7.40702009 -7.40279386 -7.3981429  -7.3962608  -7.40048881
 -7.41240335 -7.41562905 -7.41638651 -7.41582777 -7.41458316 -7.41245011
 -7.40698607 -7.4027839  -7.3981421  -7.39626074 -7.39339398 -7.40830193
 -7.41289181 -7.41454266 -7.41457781 -7.41373293 -7.41194039 -7.40684412
 -7.40274456 -7.39813914 -7.39626053 -7.38030805 -7.4007109  -7.40785122
 -7.41117061 -7.41230684 -7.41219716 -7.41102581 -7.40659267 -7.4026755
 -7.39813402 -7.39626016]
params_e0 (3.1603417897566874, 7.591890931383086, 1.260691780037637, 0.7809074319699093, 44.65803688918516, 15.499944335682317, 0.7961346648152248, 25715.08561094253, 1.034293220369081e-06)
reconstructed_params [3.16034179e+00 7.59189093e+00 1.26069178e+00 7.80907432e-01
 4.46580369e+01 1.54999443e+01 7.96134665e-01 3.68144000e+00
 2.57150856e+04 1.03429322e-06]
saving params.txt: (3.1603417897566874, 7.591890931383086, 1.260691780037637, 0.7809074319699093, 44.65803688918516, 15.499944335682317, 0.7961346648152248, 3.68144, 25715.08561094253, 1.034293220369081e-06)
saving energy.txt: [-7.40175124 -7.41311742 -7.41612815 -7.4167418  -7.41608074 -7.41476251
 -7.41256265 -7.40702009 -7.40279386 -7.3981429  -7.3962608  -7.40048882
 -7.41240335 -7.41562906 -7.41638652 -7.41582777 -7.41458317 -7.41245011
 -7.40698607 -7.4027839  -7.3981421  -7.39626074 -7.39339399 -7.40830194
 -7.41289181 -7.41454267 -7.41457781 -7.41373293 -7.41194039 -7.40684412
 -7.40274456 -7.39813914 -7.39626053 -7.38030806 -7.4007109  -7.40785123
 -7.41117061 -7.41230685 -7.41219716 -7.41102581 -7.40659267 -7.4026755
 -7.39813402 -7.39626016]
params_e0 (3.1603417897566874, 7.591890818255097, 1.2606917988234083, 0.7809074319699093, 44.65803688918516, 15.499944335682317, 0.7961346648152248, 25715.08561094253, 1.034293220369081e-06)
reconstructed_params [3.16034179e+00 7.59189082e+00 1.26069180e+00 7.80907432e-01
 4.46580369e+01 1.54999443e+01 7.96134665e-01 3.68144000e+00
 2.57150856e+04 1.03429322e-06]
saving params.txt: (3.1603417897566874, 7.591890818255097, 1.2606917988234083, 0.7809074319699093, 44.65803688918516, 15.499944335682317, 0.7961346648152248, 3.68144, 25715.08561094253, 1.034293220369081e-06)
saving energy.txt: [-7.40175124 -7.41311742 -7.41612814 -7.4167418  -7.41608074 -7.41476251
 -7.41256265 -7.40702009 -7.40279386 -7.3981429  -7.3962608  -7.40048882
 -7.41240335 -7.41562906 -7.41638652 -7.41582777 -7.41458317 -7.41245011
 -7.40698607 -7.4027839  -7.3981421  -7.39626074 -7.39339399 -7.40830193
 -7.41289181 -7.41454267 -7.41457781 -7.41373293 -7.41194039 -7.40684412
 -7.40274456 -7.39813914 -7.39626053 -7.38030806 -7.4007109  -7.40785123
 -7.41117061 -7.41230685 -7.41219716 -7.41102581 -7.40659267 -7.4026755
 -7.39813402 -7.39626016]
params_e0 (3.1603417897566874, 7.591890818255097, 1.260691780037637, 0.7809074468710705, 44.65803688918516, 15.499944335682317, 0.7961346648152248, 25715.08561094253, 1.034293220369081e-06)
reconstructed_params [3.16034179e+00 7.59189082e+00 1.26069178e+00 7.80907447e-01
 4.46580369e+01 1.54999443e+01 7.96134665e-01 3.68144000e+00
 2.57150856e+04 1.03429322e-06]
saving params.txt: (3.1603417897566874, 7.591890818255097, 1.260691780037637, 0.7809074468710705, 44.65803688918516, 15.499944335682317, 0.7961346648152248, 3.68144, 25715.08561094253, 1.034293220369081e-06)
saving energy.txt: [-7.40175124 -7.41311742 -7.41612814 -7.4167418  -7.41608074 -7.41476251
 -7.41256265 -7.40702009 -7.40279386 -7.3981429  -7.3962608  -7.40048882
 -7.41240335 -7.41562906 -7.41638652 -7.41582777 -7.41458317 -7.41245011
 -7.40698607 -7.4027839  -7.3981421  -7.39626074 -7.39339399 -7.40830194
 -7.41289181 -7.41454267 -7.41457781 -7.41373293 -7.41194039 -7.40684412
 -7.40274456 -7.39813914 -7.39626053 -7.38030806 -7.4007109  -7.40785123
 -7.41117061 -7.41230685 -7.41219716 -7.41102581 -7.40659267 -7.4026755
 -7.39813402 -7.39626016]
params_e0 (3.1603417897566874, 7.591890818255097, 1.260691780037637, 0.7809074319699093, 44.658037554641766, 15.499944335682317, 0.7961346648152248, 25715.08561094253, 1.034293220369081e-06)
reconstructed_params [3.16034179e+00 7.59189082e+00 1.26069178e+00 7.80907432e-01
 4.46580376e+01 1.54999443e+01 7.96134665e-01 3.68144000e+00
 2.57150856e+04 1.03429322e-06]
saving params.txt: (3.1603417897566874, 7.591890818255097, 1.260691780037637, 0.7809074319699093, 44.658037554641766, 15.499944335682317, 0.7961346648152248, 3.68144, 25715.08561094253, 1.034293220369081e-06)
saving energy.txt: [-7.40175124 -7.41311742 -7.41612814 -7.4167418  -7.41608074 -7.41476251
 -7.41256265 -7.40702009 -7.40279386 -7.3981429  -7.3962608  -7.40048882
 -7.41240335 -7.41562906 -7.41638652 -7.41582777 -7.41458317 -7.41245011
 -7.40698607 -7.4027839  -7.3981421  -7.39626074 -7.39339399 -7.40830193
 -7.41289181 -7.41454267 -7.41457781 -7.41373293 -7.41194039 -7.40684412
 -7.40274456 -7.39813914 -7.39626053 -7.38030806 -7.4007109  -7.40785123
 -7.41117061 -7.41230685 -7.41219716 -7.41102581 -7.40659267 -7.4026755
 -7.39813402 -7.39626016]
params_e0 (3.1603417897566874, 7.591890818255097, 1.260691780037637, 0.7809074319699093, 44.65803688918516, 15.499944566649486, 0.7961346648152248, 25715.08561094253, 1.034293220369081e-06)
reconstructed_params [3.16034179e+00 7.59189082e+00 1.26069178e+00 7.80907432e-01
 4.46580369e+01 1.54999446e+01 7.96134665e-01 3.68144000e+00
 2.57150856e+04 1.03429322e-06]
saving params.txt: (3.1603417897566874, 7.591890818255097, 1.260691780037637, 0.7809074319699093, 44.65803688918516, 15.499944566649486, 0.7961346648152248, 3.68144, 25715.08561094253, 1.034293220369081e-06)
saving energy.txt: [-7.40175124 -7.41311742 -7.41612814 -7.4167418  -7.41608074 -7.41476251
 -7.41256265 -7.40702009 -7.40279386 -7.3981429  -7.3962608  -7.40048882
 -7.41240335 -7.41562906 -7.41638652 -7.41582777 -7.41458317 -7.41245011
 -7.40698607 -7.4027839  -7.3981421  -7.39626074 -7.39339399 -7.40830194
 -7.41289181 -7.41454267 -7.41457781 -7.41373293 -7.41194039 -7.40684412
 -7.40274456 -7.39813914 -7.39626053 -7.38030806 -7.4007109  -7.40785123
 -7.41117061 -7.41230685 -7.41219716 -7.41102581 -7.40659267 -7.4026755
 -7.39813402 -7.39626016]
params_e0 (3.1603417897566874, 7.591890818255097, 1.260691780037637, 0.7809074319699093, 44.65803688918516, 15.499944335682317, 0.796134679716386, 25715.08561094253, 1.034293220369081e-06)
reconstructed_params [3.16034179e+00 7.59189082e+00 1.26069178e+00 7.80907432e-01
 4.46580369e+01 1.54999443e+01 7.96134680e-01 3.68144000e+00
 2.57150856e+04 1.03429322e-06]
saving params.txt: (3.1603417897566874, 7.591890818255097, 1.260691780037637, 0.7809074319699093, 44.65803688918516, 15.499944335682317, 0.796134679716386, 3.68144, 25715.08561094253, 1.034293220369081e-06)
saving energy.txt: [-7.40175124 -7.41311742 -7.41612814 -7.4167418  -7.41608074 -7.41476251
 -7.41256265 -7.40702009 -7.40279386 -7.3981429  -7.3962608  -7.40048882
 -7.41240335 -7.41562906 -7.41638652 -7.41582777 -7.41458317 -7.41245011
 -7.40698607 -7.4027839  -7.3981421  -7.39626074 -7.39339399 -7.40830193
 -7.41289181 -7.41454267 -7.41457781 -7.41373293 -7.41194039 -7.40684412
 -7.40274456 -7.39813914 -7.39626053 -7.38030806 -7.4007109  -7.40785123
 -7.41117061 -7.41230685 -7.41219716 -7.41102581 -7.40659267 -7.4026755
 -7.39813402 -7.39626016]
params_e0 (3.1603417897566874, 7.591890818255097, 1.260691780037637, 0.7809074319699093, 44.65803688918516, 15.499944335682317, 0.7961346648152248, 25715.085994127166, 1.034293220369081e-06)
reconstructed_params [3.16034179e+00 7.59189082e+00 1.26069178e+00 7.80907432e-01
 4.46580369e+01 1.54999443e+01 7.96134665e-01 3.68144000e+00
 2.57150860e+04 1.03429322e-06]
saving params.txt: (3.1603417897566874, 7.591890818255097, 1.260691780037637, 0.7809074319699093, 44.65803688918516, 15.499944335682317, 0.7961346648152248, 3.68144, 25715.085994127166, 1.034293220369081e-06)
saving energy.txt: [-7.40175124 -7.41311742 -7.41612815 -7.4167418  -7.41608074 -7.41476251
 -7.41256265 -7.40702009 -7.40279386 -7.3981429  -7.3962608  -7.40048882
 -7.41240335 -7.41562906 -7.41638652 -7.41582777 -7.41458317 -7.41245011
 -7.40698607 -7.4027839  -7.3981421  -7.39626074 -7.39339399 -7.40830194
 -7.41289181 -7.41454267 -7.41457781 -7.41373293 -7.41194039 -7.40684412
 -7.40274456 -7.39813914 -7.39626053 -7.38030806 -7.4007109  -7.40785123
 -7.41117061 -7.41230685 -7.41219716 -7.41102581 -7.40659267 -7.4026755
 -7.39813402 -7.39626016]
params_e0 (3.1603417897566874, 7.591890818255097, 1.260691780037637, 0.7809074319699093, 44.65803688918516, 15.499944335682317, 0.7961346648152248, 25715.08561094253, 1.0491943815629287e-06)
reconstructed_params [3.16034179e+00 7.59189082e+00 1.26069178e+00 7.80907432e-01
 4.46580369e+01 1.54999443e+01 7.96134665e-01 3.68144000e+00
 2.57150856e+04 1.04919438e-06]
saving params.txt: (3.1603417897566874, 7.591890818255097, 1.260691780037637, 0.7809074319699093, 44.65803688918516, 15.499944335682317, 0.7961346648152248, 3.68144, 25715.08561094253, 1.0491943815629287e-06)
saving energy.txt: [-7.40175122 -7.41311741 -7.41612813 -7.41674179 -7.41608072 -7.4147625
 -7.41256264 -7.40702008 -7.40279384 -7.39814288 -7.39626079 -7.40048881
 -7.41240334 -7.41562904 -7.4163865  -7.41582776 -7.41458315 -7.4124501
 -7.40698605 -7.40278388 -7.39814208 -7.39626073 -7.39339398 -7.40830192
 -7.4128918  -7.41454265 -7.4145778  -7.41373292 -7.41194037 -7.40684411
 -7.40274455 -7.39813913 -7.39626052 -7.38030805 -7.40071089 -7.40785122
 -7.4111706  -7.41230683 -7.41219715 -7.41102579 -7.40659266 -7.40267549
 -7.398134   -7.39626015]
params_e0 (3.1596979950566633, 7.592055154026918, 1.26096063687464, 0.7808042392413557, 44.65803309501672, 15.49992962378954, 0.7968243443393723, 25715.088994642516, 3.122432989269933e-05)
reconstructed_params [3.15969800e+00 7.59205515e+00 1.26096064e+00 7.80804239e-01
 4.46580331e+01 1.54999296e+01 7.96824344e-01 3.68144000e+00
 2.57150890e+04 3.12243299e-05]
saving params.txt: (3.1596979950566633, 7.592055154026918, 1.26096063687464, 0.7808042392413557, 44.65803309501672, 15.49992962378954, 0.7968243443393723, 3.68144, 25715.088994642516, 3.122432989269933e-05)
saving energy.txt: [-7.40171745 -7.41311327 -7.4161285  -7.41673934 -7.41607312 -7.41474976
 -7.41254433 -7.40699409 -7.40276507 -7.39811285 -7.39623063 -7.40045204
 -7.41239882 -7.41562973 -7.41638448 -7.41582053 -7.41457071 -7.412432
 -7.40696014 -7.40275514 -7.39811206 -7.39623057 -7.39336524 -7.40830221
 -7.41289649 -7.41454383 -7.41457301 -7.41372227 -7.41192344 -7.40681856
 -7.40271592 -7.39810911 -7.39623036 -7.38029928 -7.40072169 -7.40786382
 -7.41117788 -7.41230662 -7.41218984 -7.41101099 -7.40656778 -7.40264706
 -7.398104   -7.39622999]
params_e0 (3.1596980421398326, 7.592055154026918, 1.26096063687464, 0.7808042392413557, 44.65803309501672, 15.49992962378954, 0.7968243443393723, 25715.088994642516, 3.122432989269933e-05)
reconstructed_params [3.15969804e+00 7.59205515e+00 1.26096064e+00 7.80804239e-01
 4.46580331e+01 1.54999296e+01 7.96824344e-01 3.68144000e+00
 2.57150890e+04 3.12243299e-05]
saving params.txt: (3.1596980421398326, 7.592055154026918, 1.26096063687464, 0.7808042392413557, 44.65803309501672, 15.49992962378954, 0.7968243443393723, 3.68144, 25715.088994642516, 3.122432989269933e-05)
saving energy.txt: [-7.40171744 -7.41311327 -7.4161285  -7.41673934 -7.41607312 -7.41474976
 -7.41254433 -7.40699409 -7.40276507 -7.39811285 -7.39623063 -7.40045203
 -7.41239882 -7.41562973 -7.41638448 -7.41582053 -7.41457071 -7.412432
 -7.40696014 -7.40275514 -7.39811206 -7.39623057 -7.39336523 -7.40830221
 -7.41289649 -7.41454383 -7.41457301 -7.41372227 -7.41192343 -7.40681856
 -7.40271592 -7.39810911 -7.39623036 -7.38029928 -7.40072169 -7.40786381
 -7.41117788 -7.41230661 -7.41218983 -7.41101099 -7.40656778 -7.40264706
 -7.398104   -7.39622999]
params_e0 (3.1596979950566633, 7.592055267157355, 1.26096063687464, 0.7808042392413557, 44.65803309501672, 15.49992962378954, 0.7968243443393723, 25715.088994642516, 3.122432989269933e-05)
reconstructed_params [3.15969800e+00 7.59205527e+00 1.26096064e+00 7.80804239e-01
 4.46580331e+01 1.54999296e+01 7.96824344e-01 3.68144000e+00
 2.57150890e+04 3.12243299e-05]
saving params.txt: (3.1596979950566633, 7.592055267157355, 1.26096063687464, 0.7808042392413557, 44.65803309501672, 15.49992962378954, 0.7968243443393723, 3.68144, 25715.088994642516, 3.122432989269933e-05)
saving energy.txt: [-7.40171745 -7.41311327 -7.4161285  -7.41673934 -7.41607313 -7.41474976
 -7.41254433 -7.40699409 -7.40276507 -7.39811285 -7.39623063 -7.40045204
 -7.41239882 -7.41562973 -7.41638448 -7.41582053 -7.41457071 -7.412432
 -7.40696014 -7.40275514 -7.39811206 -7.39623057 -7.39336524 -7.40830221
 -7.41289649 -7.41454383 -7.41457301 -7.41372227 -7.41192344 -7.40681856
 -7.40271592 -7.39810911 -7.39623036 -7.38029928 -7.4007217  -7.40786382
 -7.41117788 -7.41230662 -7.41218984 -7.41101099 -7.40656778 -7.40264706
 -7.398104   -7.39622999]
params_e0 (3.1596979950566633, 7.592055154026918, 1.2609606556644177, 0.7808042392413557, 44.65803309501672, 15.49992962378954, 0.7968243443393723, 25715.088994642516, 3.122432989269933e-05)
reconstructed_params [3.15969800e+00 7.59205515e+00 1.26096066e+00 7.80804239e-01
 4.46580331e+01 1.54999296e+01 7.96824344e-01 3.68144000e+00
 2.57150890e+04 3.12243299e-05]
saving params.txt: (3.1596979950566633, 7.592055154026918, 1.2609606556644177, 0.7808042392413557, 44.65803309501672, 15.49992962378954, 0.7968243443393723, 3.68144, 25715.088994642516, 3.122432989269933e-05)
saving energy.txt: [-7.40171745 -7.41311327 -7.4161285  -7.41673934 -7.41607312 -7.41474976
 -7.41254433 -7.40699409 -7.40276507 -7.39811285 -7.39623063 -7.40045203
 -7.41239882 -7.41562973 -7.41638448 -7.41582053 -7.41457071 -7.412432
 -7.40696014 -7.40275514 -7.39811206 -7.39623057 -7.39336524 -7.40830221
 -7.41289649 -7.41454383 -7.41457301 -7.41372227 -7.41192344 -7.40681856
 -7.40271592 -7.39810911 -7.39623036 -7.38029928 -7.40072169 -7.40786382
 -7.41117788 -7.41230662 -7.41218984 -7.41101099 -7.40656778 -7.40264706
 -7.398104   -7.39622999]
params_e0 (3.1596979950566633, 7.592055154026918, 1.26096063687464, 0.7808042541425169, 44.65803309501672, 15.49992962378954, 0.7968243443393723, 25715.088994642516, 3.122432989269933e-05)
reconstructed_params [3.15969800e+00 7.59205515e+00 1.26096064e+00 7.80804254e-01
 4.46580331e+01 1.54999296e+01 7.96824344e-01 3.68144000e+00
 2.57150890e+04 3.12243299e-05]
saving params.txt: (3.1596979950566633, 7.592055154026918, 1.26096063687464, 0.7808042541425169, 44.65803309501672, 15.49992962378954, 0.7968243443393723, 3.68144, 25715.088994642516, 3.122432989269933e-05)
saving energy.txt: [-7.40171745 -7.41311327 -7.4161285  -7.41673934 -7.41607312 -7.41474976
 -7.41254433 -7.40699409 -7.40276507 -7.39811285 -7.39623063 -7.40045204
 -7.41239882 -7.41562973 -7.41638448 -7.41582053 -7.41457071 -7.412432
 -7.40696014 -7.40275514 -7.39811206 -7.39623057 -7.39336524 -7.40830221
 -7.41289649 -7.41454383 -7.41457301 -7.41372227 -7.41192344 -7.40681856
 -7.40271592 -7.39810911 -7.39623036 -7.38029928 -7.40072169 -7.40786382
 -7.41117788 -7.41230662 -7.41218984 -7.41101099 -7.40656778 -7.40264706
 -7.398104   -7.39622999]
params_e0 (3.1596979950566633, 7.592055154026918, 1.26096063687464, 0.7808042392413557, 44.658033760473266, 15.49992962378954, 0.7968243443393723, 25715.088994642516, 3.122432989269933e-05)
reconstructed_params [3.15969800e+00 7.59205515e+00 1.26096064e+00 7.80804239e-01
 4.46580338e+01 1.54999296e+01 7.96824344e-01 3.68144000e+00
 2.57150890e+04 3.12243299e-05]
saving params.txt: (3.1596979950566633, 7.592055154026918, 1.26096063687464, 0.7808042392413557, 44.658033760473266, 15.49992962378954, 0.7968243443393723, 3.68144, 25715.088994642516, 3.122432989269933e-05)
saving energy.txt: [-7.40171745 -7.41311327 -7.4161285  -7.41673934 -7.41607312 -7.41474976
 -7.41254433 -7.40699409 -7.40276507 -7.39811285 -7.39623063 -7.40045203
 -7.41239882 -7.41562973 -7.41638448 -7.41582053 -7.41457071 -7.412432
 -7.40696014 -7.40275514 -7.39811206 -7.39623057 -7.39336524 -7.40830221
 -7.41289649 -7.41454383 -7.41457301 -7.41372227 -7.41192344 -7.40681856
 -7.40271592 -7.39810911 -7.39623036 -7.38029928 -7.40072169 -7.40786382
 -7.41117788 -7.41230662 -7.41218984 -7.41101099 -7.40656778 -7.40264706
 -7.398104   -7.39622999]
params_e0 (3.1596979950566633, 7.592055154026918, 1.26096063687464, 0.7808042392413557, 44.65803309501672, 15.499929854756491, 0.7968243443393723, 25715.088994642516, 3.122432989269933e-05)
reconstructed_params [3.15969800e+00 7.59205515e+00 1.26096064e+00 7.80804239e-01
 4.46580331e+01 1.54999299e+01 7.96824344e-01 3.68144000e+00
 2.57150890e+04 3.12243299e-05]
saving params.txt: (3.1596979950566633, 7.592055154026918, 1.26096063687464, 0.7808042392413557, 44.65803309501672, 15.499929854756491, 0.7968243443393723, 3.68144, 25715.088994642516, 3.122432989269933e-05)
saving energy.txt: [-7.40171745 -7.41311327 -7.4161285  -7.41673934 -7.41607312 -7.41474976
 -7.41254433 -7.40699409 -7.40276507 -7.39811285 -7.39623063 -7.40045204
 -7.41239882 -7.41562973 -7.41638448 -7.41582053 -7.41457071 -7.412432
 -7.40696014 -7.40275514 -7.39811206 -7.39623057 -7.39336524 -7.40830221
 -7.41289649 -7.41454383 -7.41457301 -7.41372227 -7.41192344 -7.40681856
 -7.40271592 -7.39810911 -7.39623036 -7.38029928 -7.4007217  -7.40786382
 -7.41117788 -7.41230662 -7.41218984 -7.41101099 -7.40656778 -7.40264706
 -7.398104   -7.39622999]
params_e0 (3.1596979950566633, 7.592055154026918, 1.26096063687464, 0.7808042392413557, 44.65803309501672, 15.49992962378954, 0.7968243592405335, 25715.088994642516, 3.122432989269933e-05)
reconstructed_params [3.15969800e+00 7.59205515e+00 1.26096064e+00 7.80804239e-01
 4.46580331e+01 1.54999296e+01 7.96824359e-01 3.68144000e+00
 2.57150890e+04 3.12243299e-05]
saving params.txt: (3.1596979950566633, 7.592055154026918, 1.26096063687464, 0.7808042392413557, 44.65803309501672, 15.49992962378954, 0.7968243592405335, 3.68144, 25715.088994642516, 3.122432989269933e-05)
saving energy.txt: [-7.40171745 -7.41311327 -7.4161285  -7.41673934 -7.41607312 -7.41474976
 -7.41254433 -7.40699409 -7.40276507 -7.39811285 -7.39623063 -7.40045203
 -7.41239882 -7.41562973 -7.41638448 -7.41582053 -7.41457071 -7.412432
 -7.40696014 -7.40275514 -7.39811206 -7.39623057 -7.39336524 -7.40830221
 -7.41289649 -7.41454383 -7.41457301 -7.41372227 -7.41192344 -7.40681856
 -7.40271592 -7.39810911 -7.39623036 -7.38029928 -7.40072169 -7.40786382
 -7.41117788 -7.41230662 -7.41218984 -7.41101099 -7.40656778 -7.40264706
 -7.398104   -7.39622999]
params_e0 (3.1596979950566633, 7.592055154026918, 1.26096063687464, 0.7808042392413557, 44.65803309501672, 15.49992962378954, 0.7968243443393723, 25715.089377827204, 3.122432989269933e-05)
reconstructed_params [3.15969800e+00 7.59205515e+00 1.26096064e+00 7.80804239e-01
 4.46580331e+01 1.54999296e+01 7.96824344e-01 3.68144000e+00
 2.57150894e+04 3.12243299e-05]
saving params.txt: (3.1596979950566633, 7.592055154026918, 1.26096063687464, 0.7808042392413557, 44.65803309501672, 15.49992962378954, 0.7968243443393723, 3.68144, 25715.089377827204, 3.122432989269933e-05)
saving energy.txt: [-7.40171745 -7.41311328 -7.4161285  -7.41673934 -7.41607313 -7.41474976
 -7.41254433 -7.40699409 -7.40276507 -7.39811285 -7.39623063 -7.40045204
 -7.41239882 -7.41562973 -7.41638448 -7.41582053 -7.41457071 -7.412432
 -7.40696014 -7.40275514 -7.39811206 -7.39623057 -7.39336524 -7.40830221
 -7.41289649 -7.41454383 -7.41457301 -7.41372227 -7.41192344 -7.40681856
 -7.40271592 -7.39810911 -7.39623036 -7.38029929 -7.4007217  -7.40786382
 -7.41117788 -7.41230662 -7.41218984 -7.41101099 -7.40656778 -7.40264706
 -7.398104   -7.39622999]
params_e0 (3.1596979950566633, 7.592055154026918, 1.26096063687464, 0.7808042392413557, 44.65803309501672, 15.49992962378954, 0.7968243443393723, 25715.088994642516, 3.123923105389318e-05)
reconstructed_params [3.15969800e+00 7.59205515e+00 1.26096064e+00 7.80804239e-01
 4.46580331e+01 1.54999296e+01 7.96824344e-01 3.68144000e+00
 2.57150890e+04 3.12392311e-05]
saving params.txt: (3.1596979950566633, 7.592055154026918, 1.26096063687464, 0.7808042392413557, 44.65803309501672, 15.49992962378954, 0.7968243443393723, 3.68144, 25715.088994642516, 3.123923105389318e-05)
saving energy.txt: [-7.40171743 -7.41311326 -7.41612849 -7.41673932 -7.41607311 -7.41474975
 -7.41254432 -7.40699407 -7.40276506 -7.39811284 -7.39623061 -7.40045202
 -7.41239881 -7.41562972 -7.41638446 -7.41582052 -7.4145707  -7.41243199
 -7.40696012 -7.40275512 -7.39811204 -7.39623055 -7.39336523 -7.4083022
 -7.41289647 -7.41454382 -7.41457299 -7.41372226 -7.41192342 -7.40681855
 -7.4027159  -7.3981091  -7.39623034 -7.38029927 -7.40072168 -7.4078638
 -7.41117787 -7.4123066  -7.41218982 -7.41101097 -7.40656777 -7.40264705
 -7.39810399 -7.39622997]
params_e0 (3.1583583942904934, 7.5923752922768735, 1.261357592425436, 0.7807168823834791, 44.658022235864834, 15.499901988421243, 0.798203720460472, 25715.08899492314, 7.585498740385511e-05)
reconstructed_params [3.15835839e+00 7.59237529e+00 1.26135759e+00 7.80716882e-01
 4.46580222e+01 1.54999020e+01 7.98203720e-01 3.68144000e+00
 2.57150890e+04 7.58549874e-05]
saving params.txt: (3.1583583942904934, 7.5923752922768735, 1.261357592425436, 0.7807168823834791, 44.658022235864834, 15.499901988421243, 0.798203720460472, 3.68144, 25715.08899492314, 7.585498740385511e-05)
saving energy.txt: [-7.40168309 -7.4131323  -7.41615358 -7.41675652 -7.41607829 -7.41474337
 -7.4125256  -7.40695852 -7.40272347 -7.39806853 -7.39618603 -7.40041226
 -7.41241734 -7.41565561 -7.41640262 -7.41582653 -7.41456497 -7.41241372
 -7.40692472 -7.40271359 -7.39806774 -7.39618597 -7.39334147 -7.40833014
 -7.41293021 -7.41456828 -7.4145838  -7.41372007 -7.41190744 -7.40678388
 -7.40267459 -7.39806482 -7.39618576 -7.38031449 -7.40076993 -7.40791282
 -7.41121416 -7.4123263  -7.41219413 -7.41099916 -7.40653441 -7.40260614
 -7.39805974 -7.39618539]
params_e0 (3.1594247460627836, 7.5921465651081625, 1.2610876356185132, 0.7807835072182903, 44.6580310460982, 15.49992232254144, 0.7971782287946956, 25715.08899470985, 3.8285337331549504e-05)
reconstructed_params [3.15942475e+00 7.59214657e+00 1.26108764e+00 7.80783507e-01
 4.46580310e+01 1.54999223e+01 7.97178229e-01 3.68144000e+00
 2.57150890e+04 3.82853373e-05]
saving params.txt: (3.1594247460627836, 7.5921465651081625, 1.2610876356185132, 0.7807835072182903, 44.6580310460982, 15.49992232254144, 0.7971782287946956, 3.68144, 25715.08899470985, 3.8285337331549504e-05)
saving energy.txt: [-7.40169916 -7.41311334 -7.41613256 -7.41674318 -7.41607523 -7.41474989
 -7.41254221 -7.40698878 -7.4027586  -7.39810585 -7.39622357 -7.40043209
 -7.41239859 -7.41563388 -7.41638849 -7.41582279 -7.41457096 -7.41242997
 -7.40695487 -7.40274868 -7.39810506 -7.39622351 -7.39334855 -7.40830387
 -7.41290228 -7.41454919 -7.41457631 -7.4137233  -7.41192191 -7.40681345
 -7.40270951 -7.39810212 -7.3962233  -7.38029117 -7.40072768 -7.4078729
 -7.41118583 -7.41231188 -7.4121923  -7.41101038 -7.40656296 -7.40264074
 -7.39809702 -7.39622294]
params_e0 (3.159668874891382, 7.592076777882117, 1.2610112109010507, 0.7807996281214133, 44.65803298705281, 15.499927609020448, 0.7969154019846257, 25715.088994657857, 3.0417952454600487e-05)
reconstructed_params [3.15966887e+00 7.59207678e+00 1.26101121e+00 7.80799628e-01
 4.46580330e+01 1.54999276e+01 7.96915402e-01 3.68144000e+00
 2.57150890e+04 3.04179525e-05]
saving params.txt: (3.159668874891382, 7.592076777882117, 1.2610112109010507, 0.7807996281214133, 44.65803298705281, 15.499927609020448, 0.7969154019846257, 3.68144, 25715.088994657857, 3.0417952454600487e-05)
saving energy.txt: [-7.40170685 -7.41311025 -7.41612802 -7.41673992 -7.41607408 -7.41475081
 -7.41254537 -7.406995   -7.40276592 -7.39811367 -7.39623144 -7.40044085
 -7.41239563 -7.4156292  -7.41638505 -7.41582149 -7.41457177 -7.41243304
 -7.40696105 -7.40275599 -7.39811287 -7.39623138 -7.39335443 -7.40829921
 -7.41289617 -7.4145446  -7.41457413 -7.41372345 -7.41192456 -7.4068195
 -7.40271677 -7.39810992 -7.39623116 -7.38028993 -7.40071932 -7.407864
 -7.41117906 -7.41230806 -7.41219126 -7.41101227 -7.40656877 -7.40264793
 -7.39810482 -7.3962308 ]
params_e0 (3.159668921974117, 7.592076777882117, 1.2610112109010507, 0.7807996281214133, 44.65803298705281, 15.499927609020448, 0.7969154019846257, 25715.088994657857, 3.0417952454600487e-05)
reconstructed_params [3.15966892e+00 7.59207678e+00 1.26101121e+00 7.80799628e-01
 4.46580330e+01 1.54999276e+01 7.96915402e-01 3.68144000e+00
 2.57150890e+04 3.04179525e-05]
saving params.txt: (3.159668921974117, 7.592076777882117, 1.2610112109010507, 0.7807996281214133, 44.65803298705281, 15.499927609020448, 0.7969154019846257, 3.68144, 25715.088994657857, 3.0417952454600487e-05)
saving energy.txt: [-7.40170684 -7.41311025 -7.41612802 -7.41673992 -7.41607408 -7.41475081
 -7.41254536 -7.406995   -7.40276592 -7.39811367 -7.39623144 -7.40044084
 -7.41239562 -7.4156292  -7.41638505 -7.41582149 -7.41457177 -7.41243304
 -7.40696105 -7.40275599 -7.39811287 -7.39623138 -7.39335442 -7.4082992
 -7.41289616 -7.4145446  -7.41457412 -7.41372345 -7.41192456 -7.4068195
 -7.40271677 -7.39810992 -7.39623116 -7.38028992 -7.40071931 -7.40786399
 -7.41117906 -7.41230806 -7.41219126 -7.41101227 -7.40656877 -7.40264793
 -7.39810482 -7.3962308 ]
params_e0 (3.159668874891382, 7.592076891012877, 1.2610112109010507, 0.7807996281214133, 44.65803298705281, 15.499927609020448, 0.7969154019846257, 25715.088994657857, 3.0417952454600487e-05)
reconstructed_params [3.15966887e+00 7.59207689e+00 1.26101121e+00 7.80799628e-01
 4.46580330e+01 1.54999276e+01 7.96915402e-01 3.68144000e+00
 2.57150890e+04 3.04179525e-05]
saving params.txt: (3.159668874891382, 7.592076891012877, 1.2610112109010507, 0.7807996281214133, 44.65803298705281, 15.499927609020448, 0.7969154019846257, 3.68144, 25715.088994657857, 3.0417952454600487e-05)
saving energy.txt: [-7.40170685 -7.41311025 -7.41612802 -7.41673992 -7.41607408 -7.41475081
 -7.41254537 -7.406995   -7.40276592 -7.39811367 -7.39623144 -7.40044085
 -7.41239563 -7.4156292  -7.41638505 -7.41582149 -7.41457177 -7.41243304
 -7.40696105 -7.40275599 -7.39811287 -7.39623138 -7.39335443 -7.40829921
 -7.41289617 -7.4145446  -7.41457413 -7.41372345 -7.41192456 -7.4068195
 -7.40271677 -7.39810992 -7.39623116 -7.38028993 -7.40071932 -7.407864
 -7.41117906 -7.41230806 -7.41219126 -7.41101227 -7.40656877 -7.40264793
 -7.39810482 -7.3962308 ]
params_e0 (3.159668874891382, 7.592076777882117, 1.261011229691582, 0.7807996281214133, 44.65803298705281, 15.499927609020448, 0.7969154019846257, 25715.088994657857, 3.0417952454600487e-05)
reconstructed_params [3.15966887e+00 7.59207678e+00 1.26101123e+00 7.80799628e-01
 4.46580330e+01 1.54999276e+01 7.96915402e-01 3.68144000e+00
 2.57150890e+04 3.04179525e-05]
saving params.txt: (3.159668874891382, 7.592076777882117, 1.261011229691582, 0.7807996281214133, 44.65803298705281, 15.499927609020448, 0.7969154019846257, 3.68144, 25715.088994657857, 3.0417952454600487e-05)
saving energy.txt: [-7.40170685 -7.41311025 -7.41612802 -7.41673992 -7.41607408 -7.41475081
 -7.41254537 -7.406995   -7.40276592 -7.39811367 -7.39623144 -7.40044085
 -7.41239563 -7.4156292  -7.41638505 -7.41582149 -7.41457177 -7.41243304
 -7.40696105 -7.40275599 -7.39811287 -7.39623138 -7.39335443 -7.40829921
 -7.41289617 -7.4145446  -7.41457413 -7.41372345 -7.41192456 -7.4068195
 -7.40271677 -7.39810992 -7.39623116 -7.38028993 -7.40071932 -7.407864
 -7.41117906 -7.41230806 -7.41219126 -7.41101227 -7.40656877 -7.40264793
 -7.39810482 -7.3962308 ]
params_e0 (3.159668874891382, 7.592076777882117, 1.2610112109010507, 0.7807996430225745, 44.65803298705281, 15.499927609020448, 0.7969154019846257, 25715.088994657857, 3.0417952454600487e-05)
reconstructed_params [3.15966887e+00 7.59207678e+00 1.26101121e+00 7.80799643e-01
 4.46580330e+01 1.54999276e+01 7.96915402e-01 3.68144000e+00
 2.57150890e+04 3.04179525e-05]
saving params.txt: (3.159668874891382, 7.592076777882117, 1.2610112109010507, 0.7807996430225745, 44.65803298705281, 15.499927609020448, 0.7969154019846257, 3.68144, 25715.088994657857, 3.0417952454600487e-05)
saving energy.txt: [-7.40170685 -7.41311025 -7.41612802 -7.41673992 -7.41607408 -7.41475081
 -7.41254537 -7.406995   -7.40276592 -7.39811367 -7.39623144 -7.40044085
 -7.41239563 -7.4156292  -7.41638505 -7.41582149 -7.41457177 -7.41243304
 -7.40696105 -7.40275599 -7.39811287 -7.39623138 -7.39335443 -7.40829921
 -7.41289617 -7.4145446  -7.41457413 -7.41372345 -7.41192456 -7.4068195
 -7.40271677 -7.39810992 -7.39623116 -7.38028993 -7.40071932 -7.407864
 -7.41117906 -7.41230806 -7.41219126 -7.41101227 -7.40656877 -7.40264793
 -7.39810482 -7.3962308 ]
params_e0 (3.159668874891382, 7.592076777882117, 1.2610112109010507, 0.7807996281214133, 44.65803365250936, 15.499927609020448, 0.7969154019846257, 25715.088994657857, 3.0417952454600487e-05)
reconstructed_params [3.15966887e+00 7.59207678e+00 1.26101121e+00 7.80799628e-01
 4.46580337e+01 1.54999276e+01 7.96915402e-01 3.68144000e+00
 2.57150890e+04 3.04179525e-05]
saving params.txt: (3.159668874891382, 7.592076777882117, 1.2610112109010507, 0.7807996281214133, 44.65803365250936, 15.499927609020448, 0.7969154019846257, 3.68144, 25715.088994657857, 3.0417952454600487e-05)
saving energy.txt: [-7.40170685 -7.41311025 -7.41612802 -7.41673992 -7.41607408 -7.41475081
 -7.41254537 -7.406995   -7.40276592 -7.39811367 -7.39623144 -7.40044085
 -7.41239563 -7.4156292  -7.41638505 -7.41582149 -7.41457177 -7.41243304
 -7.40696105 -7.40275599 -7.39811287 -7.39623138 -7.39335443 -7.40829921
 -7.41289617 -7.4145446  -7.41457413 -7.41372345 -7.41192456 -7.4068195
 -7.40271677 -7.39810992 -7.39623116 -7.38028993 -7.40071932 -7.407864
 -7.41117906 -7.41230806 -7.41219126 -7.41101227 -7.40656877 -7.40264793
 -7.39810482 -7.3962308 ]
params_e0 (3.159668874891382, 7.592076777882117, 1.2610112109010507, 0.7807996281214133, 44.65803298705281, 15.499927839987368, 0.7969154019846257, 25715.088994657857, 3.0417952454600487e-05)
reconstructed_params [3.15966887e+00 7.59207678e+00 1.26101121e+00 7.80799628e-01
 4.46580330e+01 1.54999278e+01 7.96915402e-01 3.68144000e+00
 2.57150890e+04 3.04179525e-05]
saving params.txt: (3.159668874891382, 7.592076777882117, 1.2610112109010507, 0.7807996281214133, 44.65803298705281, 15.499927839987368, 0.7969154019846257, 3.68144, 25715.088994657857, 3.0417952454600487e-05)
saving energy.txt: [-7.40170685 -7.41311025 -7.41612802 -7.41673992 -7.41607408 -7.41475081
 -7.41254537 -7.406995   -7.40276592 -7.39811367 -7.39623144 -7.40044085
 -7.41239563 -7.4156292  -7.41638505 -7.41582149 -7.41457177 -7.41243304
 -7.40696105 -7.40275599 -7.39811287 -7.39623138 -7.39335443 -7.40829921
 -7.41289617 -7.4145446  -7.41457413 -7.41372345 -7.41192456 -7.4068195
 -7.40271677 -7.39810992 -7.39623116 -7.38028993 -7.40071932 -7.407864
 -7.41117906 -7.41230806 -7.41219126 -7.41101227 -7.40656877 -7.40264793
 -7.39810482 -7.3962308 ]
params_e0 (3.159668874891382, 7.592076777882117, 1.2610112109010507, 0.7807996281214133, 44.65803298705281, 15.499927609020448, 0.7969154168857869, 25715.088994657857, 3.0417952454600487e-05)
reconstructed_params [3.15966887e+00 7.59207678e+00 1.26101121e+00 7.80799628e-01
 4.46580330e+01 1.54999276e+01 7.96915417e-01 3.68144000e+00
 2.57150890e+04 3.04179525e-05]
saving params.txt: (3.159668874891382, 7.592076777882117, 1.2610112109010507, 0.7807996281214133, 44.65803298705281, 15.499927609020448, 0.7969154168857869, 3.68144, 25715.088994657857, 3.0417952454600487e-05)
saving energy.txt: [-7.40170685 -7.41311025 -7.41612802 -7.41673992 -7.41607408 -7.41475081
 -7.41254537 -7.406995   -7.40276592 -7.39811367 -7.39623144 -7.40044085
 -7.41239563 -7.4156292  -7.41638505 -7.41582149 -7.41457177 -7.41243304
 -7.40696105 -7.40275599 -7.39811287 -7.39623138 -7.39335443 -7.40829921
 -7.41289617 -7.4145446  -7.41457413 -7.41372345 -7.41192456 -7.4068195
 -7.40271677 -7.39810992 -7.39623116 -7.38028993 -7.40071932 -7.407864
 -7.41117906 -7.41230806 -7.41219126 -7.41101227 -7.40656877 -7.40264793
 -7.39810482 -7.3962308 ]
params_e0 (3.159668874891382, 7.592076777882117, 1.2610112109010507, 0.7807996281214133, 44.65803298705281, 15.499927609020448, 0.7969154019846257, 25715.089377842545, 3.0417952454600487e-05)
reconstructed_params [3.15966887e+00 7.59207678e+00 1.26101121e+00 7.80799628e-01
 4.46580330e+01 1.54999276e+01 7.96915402e-01 3.68144000e+00
 2.57150894e+04 3.04179525e-05]
saving params.txt: (3.159668874891382, 7.592076777882117, 1.2610112109010507, 0.7807996281214133, 44.65803298705281, 15.499927609020448, 0.7969154019846257, 3.68144, 25715.089377842545, 3.0417952454600487e-05)
saving energy.txt: [-7.40170685 -7.41311026 -7.41612802 -7.41673992 -7.41607408 -7.41475081
 -7.41254537 -7.406995   -7.40276592 -7.39811367 -7.39623144 -7.40044085
 -7.41239563 -7.4156292  -7.41638505 -7.41582149 -7.41457177 -7.41243304
 -7.40696105 -7.40275599 -7.39811287 -7.39623138 -7.39335443 -7.40829921
 -7.41289617 -7.4145446  -7.41457413 -7.41372345 -7.41192456 -7.4068195
 -7.40271677 -7.39810992 -7.39623116 -7.38028993 -7.40071932 -7.407864
 -7.41117907 -7.41230806 -7.41219126 -7.41101227 -7.40656877 -7.40264793
 -7.39810482 -7.3962308 ]
params_e0 (3.159668874891382, 7.592076777882117, 1.2610112109010507, 0.7807996281214133, 44.65803298705281, 15.499927609020448, 0.7969154019846257, 25715.088994657857, 3.0432853615794334e-05)
reconstructed_params [3.15966887e+00 7.59207678e+00 1.26101121e+00 7.80799628e-01
 4.46580330e+01 1.54999276e+01 7.96915402e-01 3.68144000e+00
 2.57150890e+04 3.04328536e-05]
saving params.txt: (3.159668874891382, 7.592076777882117, 1.2610112109010507, 0.7807996281214133, 44.65803298705281, 15.499927609020448, 0.7969154019846257, 3.68144, 25715.088994657857, 3.0432853615794334e-05)
saving energy.txt: [-7.40170684 -7.41311024 -7.41612801 -7.4167399  -7.41607406 -7.4147508
 -7.41254535 -7.40699498 -7.4027659  -7.39811365 -7.39623142 -7.40044084
 -7.41239561 -7.41562919 -7.41638503 -7.41582148 -7.41457176 -7.41243303
 -7.40696104 -7.40275597 -7.39811285 -7.39623136 -7.39335442 -7.40829919
 -7.41289615 -7.41454458 -7.41457411 -7.41372344 -7.41192454 -7.40681949
 -7.40271676 -7.39810991 -7.39623115 -7.38028992 -7.4007193  -7.40786398
 -7.41117905 -7.41230805 -7.41219124 -7.41101225 -7.40656875 -7.40264792
 -7.3981048  -7.39623078]
