/projects/qmchamm/shared/mick/ilp_fitting
    basis method  registry  distance    energy  energy_err     d     a
767    c2    QMC   0.00000      3.00 -7.402388    0.000328  3.00  2.46
768    c2    QMC   0.00000      3.20 -7.412796    0.000278  3.20  2.46
769    c2    QMC   0.00000      3.35 -7.416119    0.000264  3.35  2.46
770    c2    QMC   0.00000      3.50 -7.416772    0.000282  3.50  2.46
771    c2    QMC   0.00000      3.65 -7.415003    0.000374  3.65  2.46
772    c2    QMC   0.00000      3.80 -7.412760    0.000230  3.80  2.46
773    c2    QMC   0.00000      4.00 -7.410565    0.000278  4.00  2.46
774    c2    QMC   0.00000      4.50 -7.404000    0.000256  4.50  2.46
775    c2    QMC   0.00000      5.00 -7.400149    0.000235  5.00  2.46
776    c2    QMC   0.00000      6.00 -7.397333    0.000217  6.00  2.46
777    c2    QMC   0.00000      7.00 -7.396415    0.000221  7.00  2.46
778    c2    QMC   0.16667      3.00 -7.399188    0.000145  3.00  2.46
779    c2    QMC   0.16667      3.20 -7.411959    0.000175  3.20  2.46
780    c2    QMC   0.16667      3.35 -7.415276    0.000147  3.35  2.46
781    c2    QMC   0.16667      3.50 -7.416259    0.000164  3.50  2.46
782    c2    QMC   0.16667      3.65 -7.415209    0.000194  3.65  2.46
783    c2    QMC   0.16667      3.80 -7.412987    0.000262  3.80  2.46
784    c2    QMC   0.16667      4.00 -7.410067    0.000152  4.00  2.46
785    c2    QMC   0.16667      4.50 -7.403974    0.000197  4.50  2.46
786    c2    QMC   0.16667      5.00 -7.399793    0.000181  5.00  2.46
787    c2    QMC   0.16667      6.00 -7.397039    0.000171  6.00  2.46
788    c2    QMC   0.16667      7.00 -7.395969    0.000152  7.00  2.46
789    c2    QMC   0.50000      3.00 -7.390987    0.000284  3.00  2.46
790    c2    QMC   0.50000      3.20 -7.406952    0.000212  3.20  2.46
791    c2    QMC   0.50000      3.35 -7.411909    0.000274  3.35  2.46
792    c2    QMC   0.50000      3.50 -7.413657    0.000271  3.50  2.46
793    c2    QMC   0.50000      3.65 -7.413999    0.000274  3.65  2.46
794    c2    QMC   0.50000      3.80 -7.412379    0.000217  3.80  2.46
795    c2    QMC   0.50000      4.00 -7.409976    0.000229  4.00  2.46
796    c2    QMC   0.50000      4.50 -7.403725    0.000239  4.50  2.46
797    c2    QMC   0.50000      5.00 -7.400076    0.000332  5.00  2.46
798    c2    QMC   0.50000      6.00 -7.397094    0.000206  6.00  2.46
799    c2    QMC   0.50000      7.00 -7.396256    0.000215  7.00  2.46
800    c2    QMC   0.66667      3.00 -7.374165    0.000203  3.00  2.46
801    c2    QMC   0.66667      3.20 -7.398436    0.000406  3.20  2.46
802    c2    QMC   0.66667      3.35 -7.407410    0.000244  3.35  2.46
803    c2    QMC   0.66667      3.50 -7.411002    0.000288  3.50  2.46
804    c2    QMC   0.66667      3.65 -7.412222    0.000304  3.65  2.46
805    c2    QMC   0.66667      3.80 -7.411072    0.000225  3.80  2.46
806    c2    QMC   0.66667      4.00 -7.409340    0.000371  4.00  2.46
807    c2    QMC   0.66667      4.50 -7.404098    0.000251  4.50  2.46
808    c2    QMC   0.66667      5.00 -7.399931    0.000278  5.00  2.46
809    c2    QMC   0.66667      6.00 -7.397270    0.000237  6.00  2.46
810    c2    QMC   0.66667      7.00 -7.395750    0.000319  7.00  2.46
[7]
mask [ True  True  True  True  True  True  True  True  True  True]
exclude_idxs [7]
[3.18158251e+00 8.68034853e+00 1.21014396e+00 7.13629214e-04
 4.16281317e+01 1.54999470e+01 7.95444300e-01 3.68144000e+00
 2.37521444e+04 2.34314795e-03]
[3.18158251e+00 8.68034853e+00 1.21014396e+00 7.13629214e-04
 4.16281317e+01 1.54999470e+01 7.95444300e-01 2.37521444e+04
 2.34314795e-03]
params_e0 (3.181582508781741, 8.680348525100552, 1.2101439574748203, 0.0007136292139026553, 41.62813168728704, 15.499947, 0.7954443, 23752.144368862126, 0.0023431479518918105)
reconstructed_params [3.18158251e+00 8.68034853e+00 1.21014396e+00 7.13629214e-04
 4.16281317e+01 1.54999470e+01 7.95444300e-01 3.68144000e+00
 2.37521444e+04 2.34314795e-03]
saving params.txt: (3.181582508781741, 8.680348525100552, 1.2101439574748203, 0.0007136292139026553, 41.62813168728704, 15.499947, 0.7954443, 3.68144, 23752.144368862126, 0.0023431479518918105)
saving energy.txt: [-7.40022381 -7.41279891 -7.41586006 -7.41619821 -7.41513821 -7.41340992
 -7.41073708 -7.4045249  -7.40013511 -7.39559079 -7.3938249  -7.39939087
 -7.41232571 -7.41552614 -7.41595987 -7.41496962 -7.41329208 -7.41066517
 -7.40450518 -7.40013    -7.39559048 -7.39382488 -7.39138402 -7.4079326
 -7.41271544 -7.41414929 -7.41379747 -7.41253116 -7.41023669 -7.40440323
 -7.40010587 -7.39558916 -7.39382481 -7.37585326 -7.39943149 -7.40731537
 -7.41070045 -7.41158307 -7.41110432 -7.40944026 -7.40421696 -7.40006234
 -7.39558682 -7.39382469]
params_e0 (3.1815825561910147, 8.680348525100552, 1.2101439574748203, 0.0007136292139026553, 41.62813168728704, 15.499947, 0.7954443, 23752.144368862126, 0.0023431479518918105)
reconstructed_params [3.18158256e+00 8.68034853e+00 1.21014396e+00 7.13629214e-04
 4.16281317e+01 1.54999470e+01 7.95444300e-01 3.68144000e+00
 2.37521444e+04 2.34314795e-03]
saving params.txt: (3.1815825561910147, 8.680348525100552, 1.2101439574748203, 0.0007136292139026553, 41.62813168728704, 15.499947, 0.7954443, 3.68144, 23752.144368862126, 0.0023431479518918105)
saving energy.txt: [-7.4002238  -7.4127989  -7.41586005 -7.4161982  -7.41513821 -7.41340992
 -7.41073708 -7.4045249  -7.40013511 -7.39559079 -7.3938249  -7.39939086
 -7.4123257  -7.41552614 -7.41595987 -7.41496962 -7.41329208 -7.41066517
 -7.40450518 -7.40013    -7.39559048 -7.39382488 -7.39138401 -7.40793259
 -7.41271544 -7.41414928 -7.41379747 -7.41253116 -7.41023669 -7.40440323
 -7.40010587 -7.39558916 -7.39382481 -7.37585325 -7.39943148 -7.40731537
 -7.41070044 -7.41158307 -7.41110432 -7.40944025 -7.40421696 -7.40006234
 -7.39558682 -7.39382469]
params_e0 (3.181582508781741, 8.680348654447824, 1.2101439574748203, 0.0007136292139026553, 41.62813168728704, 15.499947, 0.7954443, 23752.144368862126, 0.0023431479518918105)
reconstructed_params [3.18158251e+00 8.68034865e+00 1.21014396e+00 7.13629214e-04
 4.16281317e+01 1.54999470e+01 7.95444300e-01 3.68144000e+00
 2.37521444e+04 2.34314795e-03]
saving params.txt: (3.181582508781741, 8.680348654447824, 1.2101439574748203, 0.0007136292139026553, 41.62813168728704, 15.499947, 0.7954443, 3.68144, 23752.144368862126, 0.0023431479518918105)
saving energy.txt: [-7.40022381 -7.41279891 -7.41586006 -7.41619821 -7.41513821 -7.41340992
 -7.41073708 -7.4045249  -7.40013511 -7.39559079 -7.3938249  -7.39939087
 -7.41232571 -7.41552614 -7.41595987 -7.41496962 -7.41329208 -7.41066517
 -7.40450518 -7.40013    -7.39559048 -7.39382488 -7.39138402 -7.4079326
 -7.41271544 -7.41414929 -7.41379747 -7.41253116 -7.41023669 -7.40440323
 -7.40010587 -7.39558916 -7.39382481 -7.37585326 -7.39943149 -7.40731537
 -7.41070045 -7.41158307 -7.41110432 -7.40944026 -7.40421696 -7.40006234
 -7.39558682 -7.39382469]
params_e0 (3.181582508781741, 8.680348525100552, 1.2101439755073704, 0.0007136292139026553, 41.62813168728704, 15.499947, 0.7954443, 23752.144368862126, 0.0023431479518918105)
reconstructed_params [3.18158251e+00 8.68034853e+00 1.21014398e+00 7.13629214e-04
 4.16281317e+01 1.54999470e+01 7.95444300e-01 3.68144000e+00
 2.37521444e+04 2.34314795e-03]
saving params.txt: (3.181582508781741, 8.680348525100552, 1.2101439755073704, 0.0007136292139026553, 41.62813168728704, 15.499947, 0.7954443, 3.68144, 23752.144368862126, 0.0023431479518918105)
saving energy.txt: [-7.40022381 -7.41279891 -7.41586006 -7.41619821 -7.41513821 -7.41340992
 -7.41073708 -7.4045249  -7.40013511 -7.39559079 -7.3938249  -7.39939087
 -7.41232571 -7.41552614 -7.41595987 -7.41496962 -7.41329208 -7.41066517
 -7.40450518 -7.40013    -7.39559048 -7.39382488 -7.39138402 -7.4079326
 -7.41271544 -7.41414929 -7.41379747 -7.41253116 -7.41023669 -7.40440323
 -7.40010587 -7.39558916 -7.39382481 -7.37585326 -7.39943149 -7.40731537
 -7.41070045 -7.41158307 -7.41110432 -7.40944026 -7.40421696 -7.40006234
 -7.39558682 -7.39382469]
params_e0 (3.181582508781741, 8.680348525100552, 1.2101439574748203, 0.0007136441150638491, 41.62813168728704, 15.499947, 0.7954443, 23752.144368862126, 0.0023431479518918105)
reconstructed_params [3.18158251e+00 8.68034853e+00 1.21014396e+00 7.13644115e-04
 4.16281317e+01 1.54999470e+01 7.95444300e-01 3.68144000e+00
 2.37521444e+04 2.34314795e-03]
saving params.txt: (3.181582508781741, 8.680348525100552, 1.2101439574748203, 0.0007136441150638491, 41.62813168728704, 15.499947, 0.7954443, 3.68144, 23752.144368862126, 0.0023431479518918105)
saving energy.txt: [-7.40022381 -7.41279891 -7.41586006 -7.41619821 -7.41513821 -7.41340992
 -7.41073708 -7.4045249  -7.40013511 -7.39559079 -7.3938249  -7.39939087
 -7.41232571 -7.41552614 -7.41595987 -7.41496962 -7.41329208 -7.41066517
 -7.40450518 -7.40013    -7.39559048 -7.39382488 -7.39138402 -7.4079326
 -7.41271544 -7.41414929 -7.41379747 -7.41253116 -7.41023669 -7.40440323
 -7.40010587 -7.39558916 -7.39382481 -7.37585326 -7.39943149 -7.40731537
 -7.41070045 -7.41158307 -7.41110432 -7.40944026 -7.40421696 -7.40006234
 -7.39558682 -7.39382469]
params_e0 (3.181582508781741, 8.680348525100552, 1.2101439574748203, 0.0007136292139026553, 41.62813230759454, 15.499947, 0.7954443, 23752.144368862126, 0.0023431479518918105)
reconstructed_params [3.18158251e+00 8.68034853e+00 1.21014396e+00 7.13629214e-04
 4.16281323e+01 1.54999470e+01 7.95444300e-01 3.68144000e+00
 2.37521444e+04 2.34314795e-03]
saving params.txt: (3.181582508781741, 8.680348525100552, 1.2101439574748203, 0.0007136292139026553, 41.62813230759454, 15.499947, 0.7954443, 3.68144, 23752.144368862126, 0.0023431479518918105)
saving energy.txt: [-7.40022381 -7.41279891 -7.41586006 -7.41619821 -7.41513821 -7.41340992
 -7.41073708 -7.4045249  -7.40013511 -7.39559079 -7.3938249  -7.39939087
 -7.41232571 -7.41552614 -7.41595987 -7.41496962 -7.41329208 -7.41066517
 -7.40450518 -7.40013    -7.39559048 -7.39382488 -7.39138402 -7.4079326
 -7.41271544 -7.41414929 -7.41379747 -7.41253116 -7.41023669 -7.40440323
 -7.40010587 -7.39558916 -7.39382481 -7.37585326 -7.39943149 -7.40731537
 -7.41070045 -7.41158307 -7.41110432 -7.40944026 -7.40421696 -7.40006234
 -7.39558682 -7.39382469]
params_e0 (3.181582508781741, 8.680348525100552, 1.2101439574748203, 0.0007136292139026553, 41.62813168728704, 15.499947230967209, 0.7954443, 23752.144368862126, 0.0023431479518918105)
reconstructed_params [3.18158251e+00 8.68034853e+00 1.21014396e+00 7.13629214e-04
 4.16281317e+01 1.54999472e+01 7.95444300e-01 3.68144000e+00
 2.37521444e+04 2.34314795e-03]
saving params.txt: (3.181582508781741, 8.680348525100552, 1.2101439574748203, 0.0007136292139026553, 41.62813168728704, 15.499947230967209, 0.7954443, 3.68144, 23752.144368862126, 0.0023431479518918105)
saving energy.txt: [-7.40022381 -7.41279891 -7.41586006 -7.41619821 -7.41513821 -7.41340992
 -7.41073708 -7.4045249  -7.40013511 -7.39559079 -7.3938249  -7.39939087
 -7.41232571 -7.41552614 -7.41595987 -7.41496962 -7.41329208 -7.41066517
 -7.40450518 -7.40013    -7.39559048 -7.39382488 -7.39138402 -7.4079326
 -7.41271544 -7.41414929 -7.41379747 -7.41253116 -7.41023669 -7.40440323
 -7.40010587 -7.39558916 -7.39382481 -7.37585326 -7.39943149 -7.40731537
 -7.41070045 -7.41158307 -7.41110432 -7.40944026 -7.40421696 -7.40006234
 -7.39558682 -7.39382469]
params_e0 (3.181582508781741, 8.680348525100552, 1.2101439574748203, 0.0007136292139026553, 41.62813168728704, 15.499947, 0.7954443149011612, 23752.144368862126, 0.0023431479518918105)
reconstructed_params [3.18158251e+00 8.68034853e+00 1.21014396e+00 7.13629214e-04
 4.16281317e+01 1.54999470e+01 7.95444315e-01 3.68144000e+00
 2.37521444e+04 2.34314795e-03]
saving params.txt: (3.181582508781741, 8.680348525100552, 1.2101439574748203, 0.0007136292139026553, 41.62813168728704, 15.499947, 0.7954443149011612, 3.68144, 23752.144368862126, 0.0023431479518918105)
saving energy.txt: [-7.40022381 -7.41279891 -7.41586006 -7.41619821 -7.41513821 -7.41340992
 -7.41073708 -7.4045249  -7.40013511 -7.39559079 -7.3938249  -7.39939087
 -7.41232571 -7.41552614 -7.41595987 -7.41496962 -7.41329208 -7.41066517
 -7.40450518 -7.40013    -7.39559048 -7.39382488 -7.39138402 -7.4079326
 -7.41271544 -7.41414929 -7.41379747 -7.41253116 -7.41023669 -7.40440323
 -7.40010587 -7.39558916 -7.39382481 -7.37585326 -7.39943149 -7.40731537
 -7.41070045 -7.41158307 -7.41110432 -7.40944026 -7.40421696 -7.40006234
 -7.39558682 -7.39382469]
params_e0 (3.181582508781741, 8.680348525100552, 1.2101439574748203, 0.0007136292139026553, 41.62813168728704, 15.499947, 0.7954443, 23752.144722796656, 0.0023431479518918105)
reconstructed_params [3.18158251e+00 8.68034853e+00 1.21014396e+00 7.13629214e-04
 4.16281317e+01 1.54999470e+01 7.95444300e-01 3.68144000e+00
 2.37521447e+04 2.34314795e-03]
saving params.txt: (3.181582508781741, 8.680348525100552, 1.2101439574748203, 0.0007136292139026553, 41.62813168728704, 15.499947, 0.7954443, 3.68144, 23752.144722796656, 0.0023431479518918105)
saving energy.txt: [-7.40022381 -7.41279891 -7.41586006 -7.41619821 -7.41513821 -7.41340992
 -7.41073708 -7.4045249  -7.40013511 -7.39559079 -7.3938249  -7.39939087
 -7.41232571 -7.41552614 -7.41595987 -7.41496962 -7.41329208 -7.41066517
 -7.40450518 -7.40013    -7.39559048 -7.39382488 -7.39138402 -7.4079326
 -7.41271544 -7.41414929 -7.41379747 -7.41253116 -7.41023669 -7.40440323
 -7.40010587 -7.39558916 -7.39382481 -7.37585326 -7.39943149 -7.40731537
 -7.41070045 -7.41158307 -7.41110432 -7.40944026 -7.40421696 -7.40006234
 -7.39558682 -7.39382469]
params_e0 (3.181582508781741, 8.680348525100552, 1.2101439574748203, 0.0007136292139026553, 41.62813168728704, 15.499947, 0.7954443, 23752.144368862126, 0.0023431628530530043)
reconstructed_params [3.18158251e+00 8.68034853e+00 1.21014396e+00 7.13629214e-04
 4.16281317e+01 1.54999470e+01 7.95444300e-01 3.68144000e+00
 2.37521444e+04 2.34316285e-03]
saving params.txt: (3.181582508781741, 8.680348525100552, 1.2101439574748203, 0.0007136292139026553, 41.62813168728704, 15.499947, 0.7954443, 3.68144, 23752.144368862126, 0.0023431628530530043)
saving energy.txt: [-7.40022379 -7.41279889 -7.41586004 -7.41619819 -7.4151382  -7.41340991
 -7.41073707 -7.40452488 -7.4001351  -7.39559078 -7.39382489 -7.39939086
 -7.41232569 -7.41552612 -7.41595986 -7.41496961 -7.41329207 -7.41066516
 -7.40450517 -7.40012999 -7.39559047 -7.39382487 -7.39138401 -7.40793258
 -7.41271543 -7.41414927 -7.41379746 -7.41253114 -7.41023667 -7.40440321
 -7.40010586 -7.39558915 -7.3938248  -7.37585325 -7.39943147 -7.40731536
 -7.41070043 -7.41158306 -7.41110431 -7.40944024 -7.40421695 -7.40006233
 -7.39558681 -7.39382468]
params_e0 (2.9530530823562993, 8.524969435603962, 1.1808050130017764, 0.00047450583725757475, 68.25044944251584, 14.189868677327283, 0.7736957370187548, 22086.005570404228, 0.0018156154927483465)
reconstructed_params [2.95305308e+00 8.52496944e+00 1.18080501e+00 4.74505837e-04
 6.82504494e+01 1.41898687e+01 7.73695737e-01 3.68144000e+00
 2.20860056e+04 1.81561549e-03]
saving params.txt: (2.9530530823562993, 8.524969435603962, 1.1808050130017764, 0.00047450583725757475, 68.25044944251584, 14.189868677327283, 0.7736957370187548, 3.68144, 22086.005570404228, 0.0018156154927483465)
saving energy.txt: [-7.40864509 -7.41741304 -7.41878945 -7.41803651 -7.41625896 -7.41406051
 -7.41101621 -7.40454248 -7.40023356 -7.39591964 -7.39427077 -7.40829912
 -7.41717409 -7.41860414 -7.41789701 -7.41615728 -7.4139883  -7.41097179
 -7.4045305  -7.40023058 -7.39591948 -7.39427076 -7.40113164 -7.41333725
 -7.41619184 -7.41637284 -7.415191   -7.41337457 -7.41063634 -7.40445649
 -7.40021435 -7.39591872 -7.39427073 -7.38670133 -7.405684   -7.41142632
 -7.41339137 -7.41331817 -7.41219499 -7.40999799 -7.40431841 -7.40018451
 -7.39591735 -7.39427067]
params_e0 (3.1759620777481854, 9.001227852238939, 1.1893000616820657, 0.00038200305496307024, 41.646934951153675, 14.250924255980564, 0.7828965998349785, 22655.603616818033, 0.001988171268108337)
reconstructed_params [3.17596208e+00 9.00122785e+00 1.18930006e+00 3.82003055e-04
 4.16469350e+01 1.42509243e+01 7.82896600e-01 3.68144000e+00
 2.26556036e+04 1.98817127e-03]
saving params.txt: (3.1759620777481854, 9.001227852238939, 1.1893000616820657, 0.00038200305496307024, 41.646934951153675, 14.250924255980564, 0.7828965998349785, 3.68144, 22655.603616818033, 0.001988171268108337)
saving energy.txt: [-7.40022882 -7.41273107 -7.41579594 -7.41613602 -7.41506627 -7.41332477
 -7.41064349 -7.40448267 -7.40019505 -7.39581461 -7.39412613 -7.39969567
 -7.41238793 -7.41554115 -7.41594913 -7.41493208 -7.41323027 -7.41058567
 -7.40446704 -7.40019112 -7.39581438 -7.39412612 -7.39154193 -7.40797042
 -7.41274317 -7.41416872 -7.41379528 -7.41250299 -7.41018424 -7.40437624
 -7.40017069 -7.39581338 -7.39412607 -7.37530706 -7.39924786 -7.40726742
 -7.41071677 -7.41161053 -7.41111646 -7.4094262  -7.40420799 -7.40013337
 -7.39581157 -7.39412599]
params_e0 (3.1759621250737085, 9.001227852238939, 1.1893000616820657, 0.00038200305496307024, 41.646934951153675, 14.250924255980564, 0.7828965998349785, 22655.603616818033, 0.001988171268108337)
reconstructed_params [3.17596213e+00 9.00122785e+00 1.18930006e+00 3.82003055e-04
 4.16469350e+01 1.42509243e+01 7.82896600e-01 3.68144000e+00
 2.26556036e+04 1.98817127e-03]
saving params.txt: (3.1759621250737085, 9.001227852238939, 1.1893000616820657, 0.00038200305496307024, 41.646934951153675, 14.250924255980564, 0.7828965998349785, 3.68144, 22655.603616818033, 0.001988171268108337)
saving energy.txt: [-7.40022881 -7.41273106 -7.41579594 -7.41613602 -7.41506627 -7.41332477
 -7.41064349 -7.40448267 -7.40019505 -7.39581461 -7.39412613 -7.39969566
 -7.41238793 -7.41554115 -7.41594913 -7.41493208 -7.41323027 -7.41058567
 -7.40446704 -7.40019112 -7.39581438 -7.39412612 -7.39154192 -7.40797042
 -7.41274317 -7.41416872 -7.41379527 -7.41250298 -7.41018424 -7.40437624
 -7.40017069 -7.39581338 -7.39412607 -7.37530705 -7.39924786 -7.40726741
 -7.41071677 -7.41161053 -7.41111646 -7.4094262  -7.40420799 -7.40013337
 -7.39581157 -7.39412599]
params_e0 (3.1759620777481854, 9.001227986367686, 1.1893000616820657, 0.00038200305496307024, 41.646934951153675, 14.250924255980564, 0.7828965998349785, 22655.603616818033, 0.001988171268108337)
reconstructed_params [3.17596208e+00 9.00122799e+00 1.18930006e+00 3.82003055e-04
 4.16469350e+01 1.42509243e+01 7.82896600e-01 3.68144000e+00
 2.26556036e+04 1.98817127e-03]
saving params.txt: (3.1759620777481854, 9.001227986367686, 1.1893000616820657, 0.00038200305496307024, 41.646934951153675, 14.250924255980564, 0.7828965998349785, 3.68144, 22655.603616818033, 0.001988171268108337)
saving energy.txt: [-7.40022882 -7.41273107 -7.41579594 -7.41613602 -7.41506627 -7.41332477
 -7.41064349 -7.40448267 -7.40019505 -7.39581461 -7.39412613 -7.39969567
 -7.41238793 -7.41554115 -7.41594913 -7.41493208 -7.41323027 -7.41058567
 -7.40446704 -7.40019112 -7.39581438 -7.39412612 -7.39154193 -7.40797042
 -7.41274317 -7.41416872 -7.41379528 -7.41250299 -7.41018424 -7.40437624
 -7.40017069 -7.39581338 -7.39412607 -7.37530706 -7.39924786 -7.40726742
 -7.41071677 -7.41161053 -7.41111646 -7.4094262  -7.40420799 -7.40013337
 -7.39581157 -7.39412599]
params_e0 (3.1759620777481854, 9.001227852238939, 1.1893000794040176, 0.00038200305496307024, 41.646934951153675, 14.250924255980564, 0.7828965998349785, 22655.603616818033, 0.001988171268108337)
reconstructed_params [3.17596208e+00 9.00122785e+00 1.18930008e+00 3.82003055e-04
 4.16469350e+01 1.42509243e+01 7.82896600e-01 3.68144000e+00
 2.26556036e+04 1.98817127e-03]
saving params.txt: (3.1759620777481854, 9.001227852238939, 1.1893000794040176, 0.00038200305496307024, 41.646934951153675, 14.250924255980564, 0.7828965998349785, 3.68144, 22655.603616818033, 0.001988171268108337)
saving energy.txt: [-7.40022882 -7.41273107 -7.41579594 -7.41613602 -7.41506627 -7.41332477
 -7.41064349 -7.40448267 -7.40019505 -7.39581461 -7.39412613 -7.39969566
 -7.41238793 -7.41554115 -7.41594913 -7.41493208 -7.41323027 -7.41058567
 -7.40446704 -7.40019112 -7.39581438 -7.39412612 -7.39154193 -7.40797042
 -7.41274317 -7.41416872 -7.41379528 -7.41250298 -7.41018424 -7.40437624
 -7.40017069 -7.39581338 -7.39412607 -7.37530706 -7.39924786 -7.40726741
 -7.41071677 -7.41161053 -7.41111646 -7.4094262  -7.40420799 -7.40013337
 -7.39581157 -7.39412599]
params_e0 (3.1759620777481854, 9.001227852238939, 1.1893000616820657, 0.0003820179561242641, 41.646934951153675, 14.250924255980564, 0.7828965998349785, 22655.603616818033, 0.001988171268108337)
reconstructed_params [3.17596208e+00 9.00122785e+00 1.18930006e+00 3.82017956e-04
 4.16469350e+01 1.42509243e+01 7.82896600e-01 3.68144000e+00
 2.26556036e+04 1.98817127e-03]
saving params.txt: (3.1759620777481854, 9.001227852238939, 1.1893000616820657, 0.0003820179561242641, 41.646934951153675, 14.250924255980564, 0.7828965998349785, 3.68144, 22655.603616818033, 0.001988171268108337)
saving energy.txt: [-7.40022882 -7.41273107 -7.41579594 -7.41613602 -7.41506627 -7.41332477
 -7.41064349 -7.40448267 -7.40019505 -7.39581461 -7.39412613 -7.39969567
 -7.41238793 -7.41554115 -7.41594913 -7.41493208 -7.41323027 -7.41058567
 -7.40446704 -7.40019112 -7.39581438 -7.39412612 -7.39154193 -7.40797042
 -7.41274317 -7.41416872 -7.41379528 -7.41250299 -7.41018424 -7.40437624
 -7.40017069 -7.39581338 -7.39412607 -7.37530706 -7.39924786 -7.40726742
 -7.41071677 -7.41161053 -7.41111646 -7.4094262  -7.40420799 -7.40013337
 -7.39581157 -7.39412599]
params_e0 (3.1759620777481854, 9.001227852238939, 1.1893000616820657, 0.00038200305496307024, 41.646935571741366, 14.250924255980564, 0.7828965998349785, 22655.603616818033, 0.001988171268108337)
reconstructed_params [3.17596208e+00 9.00122785e+00 1.18930006e+00 3.82003055e-04
 4.16469356e+01 1.42509243e+01 7.82896600e-01 3.68144000e+00
 2.26556036e+04 1.98817127e-03]
saving params.txt: (3.1759620777481854, 9.001227852238939, 1.1893000616820657, 0.00038200305496307024, 41.646935571741366, 14.250924255980564, 0.7828965998349785, 3.68144, 22655.603616818033, 0.001988171268108337)
saving energy.txt: [-7.40022882 -7.41273107 -7.41579594 -7.41613602 -7.41506627 -7.41332477
 -7.41064349 -7.40448267 -7.40019505 -7.39581461 -7.39412613 -7.39969567
 -7.41238793 -7.41554115 -7.41594913 -7.41493208 -7.41323027 -7.41058567
 -7.40446704 -7.40019112 -7.39581438 -7.39412612 -7.39154193 -7.40797042
 -7.41274317 -7.41416872 -7.41379528 -7.41250299 -7.41018424 -7.40437624
 -7.40017069 -7.39581338 -7.39412607 -7.37530706 -7.39924786 -7.40726741
 -7.41071677 -7.41161053 -7.41111646 -7.4094262  -7.40420799 -7.40013337
 -7.39581157 -7.39412599]
params_e0 (3.1759620777481854, 9.001227852238939, 1.1893000616820657, 0.00038200305496307024, 41.646934951153675, 14.250924468335883, 0.7828965998349785, 22655.603616818033, 0.001988171268108337)
reconstructed_params [3.17596208e+00 9.00122785e+00 1.18930006e+00 3.82003055e-04
 4.16469350e+01 1.42509245e+01 7.82896600e-01 3.68144000e+00
 2.26556036e+04 1.98817127e-03]
saving params.txt: (3.1759620777481854, 9.001227852238939, 1.1893000616820657, 0.00038200305496307024, 41.646934951153675, 14.250924468335883, 0.7828965998349785, 3.68144, 22655.603616818033, 0.001988171268108337)
saving energy.txt: [-7.40022882 -7.41273107 -7.41579594 -7.41613602 -7.41506627 -7.41332477
 -7.41064349 -7.40448267 -7.40019505 -7.39581461 -7.39412613 -7.39969567
 -7.41238793 -7.41554115 -7.41594913 -7.41493208 -7.41323027 -7.41058567
 -7.40446704 -7.40019112 -7.39581438 -7.39412612 -7.39154193 -7.40797042
 -7.41274317 -7.41416872 -7.41379528 -7.41250299 -7.41018424 -7.40437624
 -7.40017069 -7.39581338 -7.39412607 -7.37530706 -7.39924786 -7.40726742
 -7.41071677 -7.41161053 -7.41111646 -7.4094262  -7.40420799 -7.40013337
 -7.39581157 -7.39412599]
params_e0 (3.1759620777481854, 9.001227852238939, 1.1893000616820657, 0.00038200305496307024, 41.646934951153675, 14.250924255980564, 0.7828966147361397, 22655.603616818033, 0.001988171268108337)
reconstructed_params [3.17596208e+00 9.00122785e+00 1.18930006e+00 3.82003055e-04
 4.16469350e+01 1.42509243e+01 7.82896615e-01 3.68144000e+00
 2.26556036e+04 1.98817127e-03]
saving params.txt: (3.1759620777481854, 9.001227852238939, 1.1893000616820657, 0.00038200305496307024, 41.646934951153675, 14.250924255980564, 0.7828966147361397, 3.68144, 22655.603616818033, 0.001988171268108337)
saving energy.txt: [-7.40022882 -7.41273107 -7.41579594 -7.41613602 -7.41506627 -7.41332477
 -7.41064349 -7.40448267 -7.40019505 -7.39581461 -7.39412613 -7.39969567
 -7.41238793 -7.41554115 -7.41594913 -7.41493208 -7.41323027 -7.41058567
 -7.40446704 -7.40019112 -7.39581438 -7.39412612 -7.39154193 -7.40797042
 -7.41274317 -7.41416872 -7.41379528 -7.41250299 -7.41018424 -7.40437624
 -7.40017069 -7.39581338 -7.39412607 -7.37530706 -7.39924786 -7.40726742
 -7.41071677 -7.41161053 -7.41111646 -7.4094262  -7.40420799 -7.40013337
 -7.39581157 -7.39412599]
params_e0 (3.1759620777481854, 9.001227852238939, 1.1893000616820657, 0.00038200305496307024, 41.646934951153675, 14.250924255980564, 0.7828965998349785, 22655.603954412833, 0.001988171268108337)
reconstructed_params [3.17596208e+00 9.00122785e+00 1.18930006e+00 3.82003055e-04
 4.16469350e+01 1.42509243e+01 7.82896600e-01 3.68144000e+00
 2.26556040e+04 1.98817127e-03]
saving params.txt: (3.1759620777481854, 9.001227852238939, 1.1893000616820657, 0.00038200305496307024, 41.646934951153675, 14.250924255980564, 0.7828965998349785, 3.68144, 22655.603954412833, 0.001988171268108337)
saving energy.txt: [-7.40022882 -7.41273107 -7.41579594 -7.41613602 -7.41506627 -7.41332477
 -7.41064349 -7.40448267 -7.40019505 -7.39581461 -7.39412613 -7.39969567
 -7.41238793 -7.41554115 -7.41594913 -7.41493208 -7.41323027 -7.41058567
 -7.40446704 -7.40019112 -7.39581438 -7.39412612 -7.39154193 -7.40797042
 -7.41274317 -7.41416872 -7.41379528 -7.41250299 -7.41018424 -7.40437624
 -7.40017069 -7.39581338 -7.39412607 -7.37530706 -7.39924787 -7.40726742
 -7.41071677 -7.41161053 -7.41111646 -7.4094262  -7.40420799 -7.40013337
 -7.39581157 -7.39412599]
params_e0 (3.1759620777481854, 9.001227852238939, 1.1893000616820657, 0.00038200305496307024, 41.646934951153675, 14.250924255980564, 0.7828965998349785, 22655.603616818033, 0.001988186169269531)
reconstructed_params [3.17596208e+00 9.00122785e+00 1.18930006e+00 3.82003055e-04
 4.16469350e+01 1.42509243e+01 7.82896600e-01 3.68144000e+00
 2.26556036e+04 1.98818617e-03]
saving params.txt: (3.1759620777481854, 9.001227852238939, 1.1893000616820657, 0.00038200305496307024, 41.646934951153675, 14.250924255980564, 0.7828965998349785, 3.68144, 22655.603616818033, 0.001988186169269531)
saving energy.txt: [-7.40022881 -7.41273105 -7.41579593 -7.41613601 -7.41506625 -7.41332475
 -7.41064348 -7.40448266 -7.40019504 -7.39581459 -7.39412612 -7.39969565
 -7.41238792 -7.41554113 -7.41594912 -7.41493207 -7.41323025 -7.41058565
 -7.40446703 -7.4001911  -7.39581437 -7.3941261  -7.39154192 -7.40797041
 -7.41274316 -7.4141687  -7.41379526 -7.41250297 -7.41018423 -7.40437623
 -7.40017068 -7.39581336 -7.39412606 -7.37530704 -7.39924785 -7.4072674
 -7.41071676 -7.41161051 -7.41111645 -7.40942618 -7.40420797 -7.40013336
 -7.39581155 -7.39412597]
params_e0 (3.1759594390538854, 9.001227901965288, 1.1892997381478483, 0.00038200304894303247, 41.64693472154645, 14.250924256023714, 0.7828965776899492, 22655.60361681806, 0.0019656742127136793)
reconstructed_params [3.17595944e+00 9.00122790e+00 1.18929974e+00 3.82003049e-04
 4.16469347e+01 1.42509243e+01 7.82896578e-01 3.68144000e+00
 2.26556036e+04 1.96567421e-03]
saving params.txt: (3.1759594390538854, 9.001227901965288, 1.1892997381478483, 0.00038200304894303247, 41.64693472154645, 14.250924256023714, 0.7828965776899492, 3.68144, 22655.60361681806, 0.0019656742127136793)
saving energy.txt: [-7.40025181 -7.41275386 -7.41581864 -7.41615866 -7.41508886 -7.41334733
 -7.41066603 -7.40450518 -7.40021755 -7.3958371  -7.39414863 -7.39971866
 -7.41241073 -7.41556386 -7.41597177 -7.41495468 -7.41325283 -7.41060821
 -7.40448955 -7.40021362 -7.39583688 -7.39414862 -7.39156498 -7.40799325
 -7.4127659  -7.41419137 -7.41381788 -7.41252556 -7.41020678 -7.40439875
 -7.40019319 -7.39583587 -7.39414857 -7.3753302  -7.39927075 -7.40729018
 -7.41073945 -7.41163315 -7.41113905 -7.40944875 -7.4042305  -7.40015588
 -7.39583407 -7.39414848]
params_e0 (3.175959486379369, 9.001227901965288, 1.1892997381478483, 0.00038200304894303247, 41.64693472154645, 14.250924256023714, 0.7828965776899492, 22655.60361681806, 0.0019656742127136793)
reconstructed_params [3.17595949e+00 9.00122790e+00 1.18929974e+00 3.82003049e-04
 4.16469347e+01 1.42509243e+01 7.82896578e-01 3.68144000e+00
 2.26556036e+04 1.96567421e-03]
saving params.txt: (3.175959486379369, 9.001227901965288, 1.1892997381478483, 0.00038200304894303247, 41.64693472154645, 14.250924256023714, 0.7828965776899492, 3.68144, 22655.60361681806, 0.0019656742127136793)
saving energy.txt: [-7.4002518  -7.41275386 -7.41581864 -7.41615866 -7.41508886 -7.41334733
 -7.41066603 -7.40450518 -7.40021755 -7.3958371  -7.39414863 -7.39971865
 -7.41241073 -7.41556385 -7.41597177 -7.41495468 -7.41325283 -7.41060821
 -7.40448955 -7.40021362 -7.39583688 -7.39414862 -7.39156497 -7.40799325
 -7.41276589 -7.41419137 -7.41381788 -7.41252555 -7.41020678 -7.40439875
 -7.40019319 -7.39583587 -7.39414857 -7.37533019 -7.39927075 -7.40729018
 -7.41073945 -7.41163315 -7.41113904 -7.40944875 -7.4042305  -7.40015588
 -7.39583407 -7.39414848]
params_e0 (3.1759594390538854, 9.001228036094036, 1.1892997381478483, 0.00038200304894303247, 41.64693472154645, 14.250924256023714, 0.7828965776899492, 22655.60361681806, 0.0019656742127136793)
reconstructed_params [3.17595944e+00 9.00122804e+00 1.18929974e+00 3.82003049e-04
 4.16469347e+01 1.42509243e+01 7.82896578e-01 3.68144000e+00
 2.26556036e+04 1.96567421e-03]
saving params.txt: (3.1759594390538854, 9.001228036094036, 1.1892997381478483, 0.00038200304894303247, 41.64693472154645, 14.250924256023714, 0.7828965776899492, 3.68144, 22655.60361681806, 0.0019656742127136793)
saving energy.txt: [-7.40025181 -7.41275386 -7.41581864 -7.41615866 -7.41508886 -7.41334733
 -7.41066603 -7.40450518 -7.40021755 -7.3958371  -7.39414863 -7.39971866
 -7.41241073 -7.41556386 -7.41597177 -7.41495468 -7.41325283 -7.41060821
 -7.40448955 -7.40021362 -7.39583688 -7.39414862 -7.39156498 -7.40799325
 -7.4127659  -7.41419137 -7.41381788 -7.41252556 -7.41020678 -7.40439875
 -7.40019319 -7.39583587 -7.39414857 -7.3753302  -7.39927075 -7.40729018
 -7.41073945 -7.41163315 -7.41113905 -7.40944875 -7.4042305  -7.40015588
 -7.39583407 -7.39414848]
params_e0 (3.1759594390538854, 9.001227901965288, 1.1892997558697953, 0.00038200304894303247, 41.64693472154645, 14.250924256023714, 0.7828965776899492, 22655.60361681806, 0.0019656742127136793)
reconstructed_params [3.17595944e+00 9.00122790e+00 1.18929976e+00 3.82003049e-04
 4.16469347e+01 1.42509243e+01 7.82896578e-01 3.68144000e+00
 2.26556036e+04 1.96567421e-03]
saving params.txt: (3.1759594390538854, 9.001227901965288, 1.1892997558697953, 0.00038200304894303247, 41.64693472154645, 14.250924256023714, 0.7828965776899492, 3.68144, 22655.60361681806, 0.0019656742127136793)
saving energy.txt: [-7.40025181 -7.41275386 -7.41581864 -7.41615866 -7.41508886 -7.41334733
 -7.41066603 -7.40450518 -7.40021755 -7.3958371  -7.39414863 -7.39971866
 -7.41241073 -7.41556385 -7.41597177 -7.41495468 -7.41325283 -7.41060821
 -7.40448955 -7.40021362 -7.39583688 -7.39414862 -7.39156498 -7.40799325
 -7.4127659  -7.41419137 -7.41381788 -7.41252556 -7.41020678 -7.40439875
 -7.40019319 -7.39583587 -7.39414857 -7.3753302  -7.39927075 -7.40729018
 -7.41073945 -7.41163315 -7.41113904 -7.40944875 -7.4042305  -7.40015588
 -7.39583407 -7.39414848]
params_e0 (3.1759594390538854, 9.001227901965288, 1.1892997381478483, 0.0003820179501042263, 41.64693472154645, 14.250924256023714, 0.7828965776899492, 22655.60361681806, 0.0019656742127136793)
reconstructed_params [3.17595944e+00 9.00122790e+00 1.18929974e+00 3.82017950e-04
 4.16469347e+01 1.42509243e+01 7.82896578e-01 3.68144000e+00
 2.26556036e+04 1.96567421e-03]
saving params.txt: (3.1759594390538854, 9.001227901965288, 1.1892997381478483, 0.0003820179501042263, 41.64693472154645, 14.250924256023714, 0.7828965776899492, 3.68144, 22655.60361681806, 0.0019656742127136793)
saving energy.txt: [-7.40025181 -7.41275386 -7.41581864 -7.41615866 -7.41508886 -7.41334733
 -7.41066603 -7.40450518 -7.40021755 -7.3958371  -7.39414863 -7.39971866
 -7.41241073 -7.41556386 -7.41597177 -7.41495468 -7.41325283 -7.41060821
 -7.40448955 -7.40021362 -7.39583688 -7.39414862 -7.39156498 -7.40799325
 -7.4127659  -7.41419137 -7.41381788 -7.41252556 -7.41020678 -7.40439875
 -7.40019319 -7.39583587 -7.39414857 -7.3753302  -7.39927075 -7.40729018
 -7.41073945 -7.41163315 -7.41113905 -7.40944875 -7.4042305  -7.40015588
 -7.39583407 -7.39414848]
params_e0 (3.1759594390538854, 9.001227901965288, 1.1892997381478483, 0.00038200304894303247, 41.646935342134135, 14.250924256023714, 0.7828965776899492, 22655.60361681806, 0.0019656742127136793)
reconstructed_params [3.17595944e+00 9.00122790e+00 1.18929974e+00 3.82003049e-04
 4.16469353e+01 1.42509243e+01 7.82896578e-01 3.68144000e+00
 2.26556036e+04 1.96567421e-03]
saving params.txt: (3.1759594390538854, 9.001227901965288, 1.1892997381478483, 0.00038200304894303247, 41.646935342134135, 14.250924256023714, 0.7828965776899492, 3.68144, 22655.60361681806, 0.0019656742127136793)
saving energy.txt: [-7.40025181 -7.41275386 -7.41581864 -7.41615866 -7.41508886 -7.41334733
 -7.41066603 -7.40450518 -7.40021755 -7.3958371  -7.39414863 -7.39971866
 -7.41241073 -7.41556386 -7.41597177 -7.41495468 -7.41325283 -7.41060821
 -7.40448955 -7.40021362 -7.39583688 -7.39414862 -7.39156498 -7.40799325
 -7.4127659  -7.41419137 -7.41381788 -7.41252556 -7.41020678 -7.40439875
 -7.40019319 -7.39583587 -7.39414857 -7.3753302  -7.39927075 -7.40729018
 -7.41073945 -7.41163315 -7.41113904 -7.40944875 -7.4042305  -7.40015588
 -7.39583407 -7.39414848]
params_e0 (3.1759594390538854, 9.001227901965288, 1.1892997381478483, 0.00038200304894303247, 41.64693472154645, 14.250924468379033, 0.7828965776899492, 22655.60361681806, 0.0019656742127136793)
reconstructed_params [3.17595944e+00 9.00122790e+00 1.18929974e+00 3.82003049e-04
 4.16469347e+01 1.42509245e+01 7.82896578e-01 3.68144000e+00
 2.26556036e+04 1.96567421e-03]
saving params.txt: (3.1759594390538854, 9.001227901965288, 1.1892997381478483, 0.00038200304894303247, 41.64693472154645, 14.250924468379033, 0.7828965776899492, 3.68144, 22655.60361681806, 0.0019656742127136793)
saving energy.txt: [-7.40025181 -7.41275386 -7.41581864 -7.41615866 -7.41508886 -7.41334733
 -7.41066603 -7.40450518 -7.40021755 -7.3958371  -7.39414863 -7.39971866
 -7.41241073 -7.41556386 -7.41597177 -7.41495468 -7.41325283 -7.41060821
 -7.40448955 -7.40021362 -7.39583688 -7.39414862 -7.39156498 -7.40799325
 -7.4127659  -7.41419137 -7.41381788 -7.41252556 -7.41020678 -7.40439875
 -7.40019319 -7.39583587 -7.39414857 -7.3753302  -7.39927075 -7.40729018
 -7.41073945 -7.41163315 -7.41113905 -7.40944875 -7.4042305  -7.40015588
 -7.39583407 -7.39414848]
params_e0 (3.1759594390538854, 9.001227901965288, 1.1892997381478483, 0.00038200304894303247, 41.64693472154645, 14.250924256023714, 0.7828965925911104, 22655.60361681806, 0.0019656742127136793)
reconstructed_params [3.17595944e+00 9.00122790e+00 1.18929974e+00 3.82003049e-04
 4.16469347e+01 1.42509243e+01 7.82896593e-01 3.68144000e+00
 2.26556036e+04 1.96567421e-03]
saving params.txt: (3.1759594390538854, 9.001227901965288, 1.1892997381478483, 0.00038200304894303247, 41.64693472154645, 14.250924256023714, 0.7828965925911104, 3.68144, 22655.60361681806, 0.0019656742127136793)
saving energy.txt: [-7.40025181 -7.41275386 -7.41581864 -7.41615866 -7.41508886 -7.41334733
 -7.41066603 -7.40450518 -7.40021755 -7.3958371  -7.39414863 -7.39971866
 -7.41241073 -7.41556386 -7.41597177 -7.41495468 -7.41325283 -7.41060821
 -7.40448955 -7.40021362 -7.39583688 -7.39414862 -7.39156498 -7.40799325
 -7.4127659  -7.41419137 -7.41381788 -7.41252556 -7.41020678 -7.40439875
 -7.40019319 -7.39583587 -7.39414857 -7.3753302  -7.39927075 -7.40729018
 -7.41073945 -7.41163315 -7.41113905 -7.40944875 -7.4042305  -7.40015588
 -7.39583407 -7.39414848]
params_e0 (3.1759594390538854, 9.001227901965288, 1.1892997381478483, 0.00038200304894303247, 41.64693472154645, 14.250924256023714, 0.7828965776899492, 22655.60395441286, 0.0019656742127136793)
reconstructed_params [3.17595944e+00 9.00122790e+00 1.18929974e+00 3.82003049e-04
 4.16469347e+01 1.42509243e+01 7.82896578e-01 3.68144000e+00
 2.26556040e+04 1.96567421e-03]
saving params.txt: (3.1759594390538854, 9.001227901965288, 1.1892997381478483, 0.00038200304894303247, 41.64693472154645, 14.250924256023714, 0.7828965776899492, 3.68144, 22655.60395441286, 0.0019656742127136793)
saving energy.txt: [-7.40025181 -7.41275386 -7.41581865 -7.41615866 -7.41508886 -7.41334733
 -7.41066603 -7.40450518 -7.40021755 -7.3958371  -7.39414863 -7.39971866
 -7.41241073 -7.41556386 -7.41597178 -7.41495468 -7.41325283 -7.41060821
 -7.40448955 -7.40021362 -7.39583688 -7.39414862 -7.39156498 -7.40799325
 -7.4127659  -7.41419137 -7.41381788 -7.41252556 -7.41020678 -7.40439875
 -7.40019319 -7.39583587 -7.39414857 -7.3753302  -7.39927075 -7.40729018
 -7.41073945 -7.41163315 -7.41113905 -7.40944875 -7.4042305  -7.40015588
 -7.39583407 -7.39414848]
params_e0 (3.1759594390538854, 9.001227901965288, 1.1892997381478483, 0.00038200304894303247, 41.64693472154645, 14.250924256023714, 0.7828965776899492, 22655.60361681806, 0.001965689113874873)
reconstructed_params [3.17595944e+00 9.00122790e+00 1.18929974e+00 3.82003049e-04
 4.16469347e+01 1.42509243e+01 7.82896578e-01 3.68144000e+00
 2.26556036e+04 1.96568911e-03]
saving params.txt: (3.1759594390538854, 9.001227901965288, 1.1892997381478483, 0.00038200304894303247, 41.64693472154645, 14.250924256023714, 0.7828965776899492, 3.68144, 22655.60361681806, 0.001965689113874873)
saving energy.txt: [-7.40025179 -7.41275385 -7.41581863 -7.41615865 -7.41508885 -7.41334732
 -7.41066601 -7.40450516 -7.40021754 -7.39583709 -7.39414861 -7.39971865
 -7.41241072 -7.41556384 -7.41597176 -7.41495466 -7.41325282 -7.41060819
 -7.40448954 -7.4002136  -7.39583687 -7.3941486  -7.39156496 -7.40799324
 -7.41276588 -7.41419136 -7.41381787 -7.41252554 -7.41020677 -7.40439874
 -7.40019318 -7.39583586 -7.39414855 -7.37533019 -7.39927074 -7.40729017
 -7.41073944 -7.41163313 -7.41113903 -7.40944873 -7.40423049 -7.40015586
 -7.39583405 -7.39414847]
